[0.024s] Invoking command in '/home/ub2004/ros2_ws/build/canopen_fake_slaves': CMAKE_PREFIX_PATH=/home/ub2004/ros2_ws/install/lely_core_libraries:/home/ub2004/ros2_ws/install/canopen_tests:/home/ub2004/ros2_ws/install/canopen_ros2_controllers:/home/ub2004/ros2_ws/install/canopen_ros2_control:/home/ub2004/ros2_ws/install/canopen:/home/ub2004/ros2_ws/install/canopen_402_driver:/home/ub2004/ros2_ws/install/canopen_proxy_driver:/home/ub2004/ros2_ws/install/canopen_master_driver:/home/ub2004/ros2_ws/install/canopen_fake_slaves:/home/ub2004/ros2_ws/install/canopen_base_driver:/home/ub2004/ros2_ws/install/canopen_core:/home/ub2004/ros2_ws/install/canopen_interfaces:/home/ub2004/ros2_ws/install/urdf_tutorial:/home/ub2004/ros2_ws/install/test_py:/home/ub2004/ros2_ws/install/canopen_utils:/home/ub2004/ros2_ws/install/can_comm:/home/ub2004/ros2_ws/install/agv_pak:/opt/ros/humble LD_LIBRARY_PATH=/home/ub2004/ros2_ws/install/lely_core_libraries/lib:/home/ub2004/ros2_ws/install/canopen_ros2_controllers/lib:/home/ub2004/ros2_ws/install/canopen_ros2_control/lib:/home/ub2004/ros2_ws/install/canopen_402_driver/lib:/home/ub2004/ros2_ws/install/canopen_proxy_driver/lib:/home/ub2004/ros2_ws/install/canopen_master_driver/lib:/home/ub2004/ros2_ws/install/canopen_base_driver/lib:/home/ub2004/ros2_ws/install/canopen_core/lib:/home/ub2004/ros2_ws/install/canopen_interfaces/lib:/opt/ros/humble/opt/rviz_ogre_vendor/lib:/opt/ros/humble/lib/x86_64-linux-gnu:/opt/ros/humble/lib PYTHONPATH=/home/ub2004/ros2_ws/install/lely_core_libraries/lib/python3.10/site-packages:/home/ub2004/ros2_ws/install/urdf_tutorial/lib/python3.10/site-packages:/home/ub2004/ros2_ws/install/test_py/lib/python3.10/site-packages:/home/ub2004/ros2_ws/install/lely_core_libraries/local/lib/python3.10/dist-packages:/home/ub2004/ros2_ws/install/canopen_utils/lib/python3.10/site-packages:/home/ub2004/ros2_ws/install/canopen_interfaces/local/lib/python3.10/dist-packages:/home/ub2004/ros2_ws/install/can_comm/lib/python3.10/site-packages:/home/ub2004/ros2_ws/install/agv_pak/lib/python3.10/site-packages:/opt/ros/humble/lib/python3.10/site-packages:/opt/ros/humble/local/lib/python3.10/dist-packages /usr/bin/cmake --build /home/ub2004/ros2_ws/build/canopen_fake_slaves -- -j8 -l8
[0.095s] [35m[1mConsolidate compiler generated dependencies of target basic_slave_node[0m
[0.097s] [35m[1mConsolidate compiler generated dependencies of target cia402_slave_node[0m
[0.124s] [ 20%] [32mBuilding CXX object CMakeFiles/basic_slave_node.dir/src/basic_slave.cpp.o[0m
[0.124s] [ 40%] [32mBuilding CXX object CMakeFiles/cia402_slave_node.dir/src/cia402_slave.cpp.o[0m
[7.396s] [ 60%] [32m[1mLinking CXX executable basic_slave_node[0m
[7.787s] [ 60%] Built target basic_slave_node
[7.861s] [ 80%] [32m[1mLinking CXX executable cia402_slave_node[0m
[8.262s] [100%] Built target cia402_slave_node
[8.288s] Invoked command in '/home/ub2004/ros2_ws/build/canopen_fake_slaves' returned '0': CMAKE_PREFIX_PATH=/home/ub2004/ros2_ws/install/lely_core_libraries:/home/ub2004/ros2_ws/install/canopen_tests:/home/ub2004/ros2_ws/install/canopen_ros2_controllers:/home/ub2004/ros2_ws/install/canopen_ros2_control:/home/ub2004/ros2_ws/install/canopen:/home/ub2004/ros2_ws/install/canopen_402_driver:/home/ub2004/ros2_ws/install/canopen_proxy_driver:/home/ub2004/ros2_ws/install/canopen_master_driver:/home/ub2004/ros2_ws/install/canopen_fake_slaves:/home/ub2004/ros2_ws/install/canopen_base_driver:/home/ub2004/ros2_ws/install/canopen_core:/home/ub2004/ros2_ws/install/canopen_interfaces:/home/ub2004/ros2_ws/install/urdf_tutorial:/home/ub2004/ros2_ws/install/test_py:/home/ub2004/ros2_ws/install/canopen_utils:/home/ub2004/ros2_ws/install/can_comm:/home/ub2004/ros2_ws/install/agv_pak:/opt/ros/humble LD_LIBRARY_PATH=/home/ub2004/ros2_ws/install/lely_core_libraries/lib:/home/ub2004/ros2_ws/install/canopen_ros2_controllers/lib:/home/ub2004/ros2_ws/install/canopen_ros2_control/lib:/home/ub2004/ros2_ws/install/canopen_402_driver/lib:/home/ub2004/ros2_ws/install/canopen_proxy_driver/lib:/home/ub2004/ros2_ws/install/canopen_master_driver/lib:/home/ub2004/ros2_ws/install/canopen_base_driver/lib:/home/ub2004/ros2_ws/install/canopen_core/lib:/home/ub2004/ros2_ws/install/canopen_interfaces/lib:/opt/ros/humble/opt/rviz_ogre_vendor/lib:/opt/ros/humble/lib/x86_64-linux-gnu:/opt/ros/humble/lib PYTHONPATH=/home/ub2004/ros2_ws/install/lely_core_libraries/lib/python3.10/site-packages:/home/ub2004/ros2_ws/install/urdf_tutorial/lib/python3.10/site-packages:/home/ub2004/ros2_ws/install/test_py/lib/python3.10/site-packages:/home/ub2004/ros2_ws/install/lely_core_libraries/local/lib/python3.10/dist-packages:/home/ub2004/ros2_ws/install/canopen_utils/lib/python3.10/site-packages:/home/ub2004/ros2_ws/install/canopen_interfaces/local/lib/python3.10/dist-packages:/home/ub2004/ros2_ws/install/can_comm/lib/python3.10/site-packages:/home/ub2004/ros2_ws/install/agv_pak/lib/python3.10/site-packages:/opt/ros/humble/lib/python3.10/site-packages:/opt/ros/humble/local/lib/python3.10/dist-packages /usr/bin/cmake --build /home/ub2004/ros2_ws/build/canopen_fake_slaves -- -j8 -l8
[8.289s] Invoking command in '/home/ub2004/ros2_ws/build/canopen_fake_slaves': CMAKE_PREFIX_PATH=/home/ub2004/ros2_ws/install/lely_core_libraries:/home/ub2004/ros2_ws/install/canopen_tests:/home/ub2004/ros2_ws/install/canopen_ros2_controllers:/home/ub2004/ros2_ws/install/canopen_ros2_control:/home/ub2004/ros2_ws/install/canopen:/home/ub2004/ros2_ws/install/canopen_402_driver:/home/ub2004/ros2_ws/install/canopen_proxy_driver:/home/ub2004/ros2_ws/install/canopen_master_driver:/home/ub2004/ros2_ws/install/canopen_fake_slaves:/home/ub2004/ros2_ws/install/canopen_base_driver:/home/ub2004/ros2_ws/install/canopen_core:/home/ub2004/ros2_ws/install/canopen_interfaces:/home/ub2004/ros2_ws/install/urdf_tutorial:/home/ub2004/ros2_ws/install/test_py:/home/ub2004/ros2_ws/install/canopen_utils:/home/ub2004/ros2_ws/install/can_comm:/home/ub2004/ros2_ws/install/agv_pak:/opt/ros/humble LD_LIBRARY_PATH=/home/ub2004/ros2_ws/install/lely_core_libraries/lib:/home/ub2004/ros2_ws/install/canopen_ros2_controllers/lib:/home/ub2004/ros2_ws/install/canopen_ros2_control/lib:/home/ub2004/ros2_ws/install/canopen_402_driver/lib:/home/ub2004/ros2_ws/install/canopen_proxy_driver/lib:/home/ub2004/ros2_ws/install/canopen_master_driver/lib:/home/ub2004/ros2_ws/install/canopen_base_driver/lib:/home/ub2004/ros2_ws/install/canopen_core/lib:/home/ub2004/ros2_ws/install/canopen_interfaces/lib:/opt/ros/humble/opt/rviz_ogre_vendor/lib:/opt/ros/humble/lib/x86_64-linux-gnu:/opt/ros/humble/lib PYTHONPATH=/home/ub2004/ros2_ws/install/lely_core_libraries/lib/python3.10/site-packages:/home/ub2004/ros2_ws/install/urdf_tutorial/lib/python3.10/site-packages:/home/ub2004/ros2_ws/install/test_py/lib/python3.10/site-packages:/home/ub2004/ros2_ws/install/lely_core_libraries/local/lib/python3.10/dist-packages:/home/ub2004/ros2_ws/install/canopen_utils/lib/python3.10/site-packages:/home/ub2004/ros2_ws/install/canopen_interfaces/local/lib/python3.10/dist-packages:/home/ub2004/ros2_ws/install/can_comm/lib/python3.10/site-packages:/home/ub2004/ros2_ws/install/agv_pak/lib/python3.10/site-packages:/opt/ros/humble/lib/python3.10/site-packages:/opt/ros/humble/local/lib/python3.10/dist-packages /usr/bin/cmake --install /home/ub2004/ros2_ws/build/canopen_fake_slaves
[8.301s] -- Install configuration: ""
[8.302s] -- Installing: /home/ub2004/ros2_ws/install/canopen_fake_slaves/lib/canopen_fake_slaves/basic_slave_node
[8.303s] -- Set runtime path of "/home/ub2004/ros2_ws/install/canopen_fake_slaves/lib/canopen_fake_slaves/basic_slave_node" to ""
[8.303s] -- Installing: /home/ub2004/ros2_ws/install/canopen_fake_slaves/lib/canopen_fake_slaves/cia402_slave_node
[8.304s] -- Set runtime path of "/home/ub2004/ros2_ws/install/canopen_fake_slaves/lib/canopen_fake_slaves/cia402_slave_node" to ""
[8.304s] -- Up-to-date: /home/ub2004/ros2_ws/install/canopen_fake_slaves/share/canopen_fake_slaves/launch/
[8.305s] -- Up-to-date: /home/ub2004/ros2_ws/install/canopen_fake_slaves/share/canopen_fake_slaves/launch//cia402_slave.launch.py
[8.305s] -- Up-to-date: /home/ub2004/ros2_ws/install/canopen_fake_slaves/share/canopen_fake_slaves/launch//basic_slave.launch.py
[8.305s] -- Up-to-date: /home/ub2004/ros2_ws/install/canopen_fake_slaves/share/canopen_fake_slaves/config/
[8.305s] -- Up-to-date: /home/ub2004/ros2_ws/install/canopen_fake_slaves/share/canopen_fake_slaves/config//cia402_slave.eds
[8.305s] -- Up-to-date: /home/ub2004/ros2_ws/install/canopen_fake_slaves/share/canopen_fake_slaves/config//simple_slave.eds
[8.305s] -- Up-to-date: /home/ub2004/ros2_ws/install/canopen_fake_slaves/include
[8.305s] -- Up-to-date: /home/ub2004/ros2_ws/install/canopen_fake_slaves/include/canopen_fake_slaves
[8.306s] -- Up-to-date: /home/ub2004/ros2_ws/install/canopen_fake_slaves/include/canopen_fake_slaves/cia402_slave.hpp
[8.306s] -- Up-to-date: /home/ub2004/ros2_ws/install/canopen_fake_slaves/include/canopen_fake_slaves/base_slave.hpp
[8.306s] -- Up-to-date: /home/ub2004/ros2_ws/install/canopen_fake_slaves/include/canopen_fake_slaves/basic_slave.hpp
[8.306s] -- Up-to-date: /home/ub2004/ros2_ws/install/canopen_fake_slaves/include/canopen_fake_slaves/motion_generator.hpp
[8.306s] -- Up-to-date: /home/ub2004/ros2_ws/install/canopen_fake_slaves/share/ament_index/resource_index/package_run_dependencies/canopen_fake_slaves
[8.306s] -- Up-to-date: /home/ub2004/ros2_ws/install/canopen_fake_slaves/share/ament_index/resource_index/parent_prefix_path/canopen_fake_slaves
[8.306s] -- Up-to-date: /home/ub2004/ros2_ws/install/canopen_fake_slaves/share/canopen_fake_slaves/environment/ament_prefix_path.sh
[8.306s] -- Up-to-date: /home/ub2004/ros2_ws/install/canopen_fake_slaves/share/canopen_fake_slaves/environment/ament_prefix_path.dsv
[8.307s] -- Up-to-date: /home/ub2004/ros2_ws/install/canopen_fake_slaves/share/canopen_fake_slaves/environment/path.sh
[8.307s] -- Up-to-date: /home/ub2004/ros2_ws/install/canopen_fake_slaves/share/canopen_fake_slaves/environment/path.dsv
[8.307s] -- Up-to-date: /home/ub2004/ros2_ws/install/canopen_fake_slaves/share/canopen_fake_slaves/local_setup.bash
[8.307s] -- Up-to-date: /home/ub2004/ros2_ws/install/canopen_fake_slaves/share/canopen_fake_slaves/local_setup.sh
[8.307s] -- Up-to-date: /home/ub2004/ros2_ws/install/canopen_fake_slaves/share/canopen_fake_slaves/local_setup.zsh
[8.307s] -- Up-to-date: /home/ub2004/ros2_ws/install/canopen_fake_slaves/share/canopen_fake_slaves/local_setup.dsv
[8.308s] -- Installing: /home/ub2004/ros2_ws/install/canopen_fake_slaves/share/canopen_fake_slaves/package.dsv
[8.308s] -- Up-to-date: /home/ub2004/ros2_ws/install/canopen_fake_slaves/share/ament_index/resource_index/packages/canopen_fake_slaves
[8.308s] -- Up-to-date: /home/ub2004/ros2_ws/install/canopen_fake_slaves/share/canopen_fake_slaves/cmake/ament_cmake_export_include_directories-extras.cmake
[8.308s] -- Up-to-date: /home/ub2004/ros2_ws/install/canopen_fake_slaves/share/canopen_fake_slaves/cmake/ament_cmake_export_dependencies-extras.cmake
[8.308s] -- Up-to-date: /home/ub2004/ros2_ws/install/canopen_fake_slaves/share/canopen_fake_slaves/cmake/canopen_fake_slavesConfig.cmake
[8.308s] -- Up-to-date: /home/ub2004/ros2_ws/install/canopen_fake_slaves/share/canopen_fake_slaves/cmake/canopen_fake_slavesConfig-version.cmake
[8.308s] -- Up-to-date: /home/ub2004/ros2_ws/install/canopen_fake_slaves/share/canopen_fake_slaves/package.xml
[8.311s] Invoked command in '/home/ub2004/ros2_ws/build/canopen_fake_slaves' returned '0': CMAKE_PREFIX_PATH=/home/ub2004/ros2_ws/install/lely_core_libraries:/home/ub2004/ros2_ws/install/canopen_tests:/home/ub2004/ros2_ws/install/canopen_ros2_controllers:/home/ub2004/ros2_ws/install/canopen_ros2_control:/home/ub2004/ros2_ws/install/canopen:/home/ub2004/ros2_ws/install/canopen_402_driver:/home/ub2004/ros2_ws/install/canopen_proxy_driver:/home/ub2004/ros2_ws/install/canopen_master_driver:/home/ub2004/ros2_ws/install/canopen_fake_slaves:/home/ub2004/ros2_ws/install/canopen_base_driver:/home/ub2004/ros2_ws/install/canopen_core:/home/ub2004/ros2_ws/install/canopen_interfaces:/home/ub2004/ros2_ws/install/urdf_tutorial:/home/ub2004/ros2_ws/install/test_py:/home/ub2004/ros2_ws/install/canopen_utils:/home/ub2004/ros2_ws/install/can_comm:/home/ub2004/ros2_ws/install/agv_pak:/opt/ros/humble LD_LIBRARY_PATH=/home/ub2004/ros2_ws/install/lely_core_libraries/lib:/home/ub2004/ros2_ws/install/canopen_ros2_controllers/lib:/home/ub2004/ros2_ws/install/canopen_ros2_control/lib:/home/ub2004/ros2_ws/install/canopen_402_driver/lib:/home/ub2004/ros2_ws/install/canopen_proxy_driver/lib:/home/ub2004/ros2_ws/install/canopen_master_driver/lib:/home/ub2004/ros2_ws/install/canopen_base_driver/lib:/home/ub2004/ros2_ws/install/canopen_core/lib:/home/ub2004/ros2_ws/install/canopen_interfaces/lib:/opt/ros/humble/opt/rviz_ogre_vendor/lib:/opt/ros/humble/lib/x86_64-linux-gnu:/opt/ros/humble/lib PYTHONPATH=/home/ub2004/ros2_ws/install/lely_core_libraries/lib/python3.10/site-packages:/home/ub2004/ros2_ws/install/urdf_tutorial/lib/python3.10/site-packages:/home/ub2004/ros2_ws/install/test_py/lib/python3.10/site-packages:/home/ub2004/ros2_ws/install/lely_core_libraries/local/lib/python3.10/dist-packages:/home/ub2004/ros2_ws/install/canopen_utils/lib/python3.10/site-packages:/home/ub2004/ros2_ws/install/canopen_interfaces/local/lib/python3.10/dist-packages:/home/ub2004/ros2_ws/install/can_comm/lib/python3.10/site-packages:/home/ub2004/ros2_ws/install/agv_pak/lib/python3.10/site-packages:/opt/ros/humble/lib/python3.10/site-packages:/opt/ros/humble/local/lib/python3.10/dist-packages /usr/bin/cmake --install /home/ub2004/ros2_ws/build/canopen_fake_slaves
