[0.000000] (-) TimerEvent: {}
[0.000187] (-) JobUnselected: {'identifier': 'agv_pak'}
[0.000227] (-) JobUnselected: {'identifier': 'can_comm'}
[0.000245] (-) JobUnselected: {'identifier': 'canopen'}
[0.000261] (-) JobUnselected: {'identifier': 'canopen_402_driver'}
[0.000276] (-) JobUnselected: {'identifier': 'canopen_base_driver'}
[0.000292] (-) JobUnselected: {'identifier': 'canopen_core'}
[0.000306] (-) JobUnselected: {'identifier': 'canopen_fake_slaves'}
[0.000321] (-) JobUnselected: {'identifier': 'canopen_interfaces'}
[0.000335] (-) JobUnselected: {'identifier': 'canopen_master_driver'}
[0.000349] (-) JobUnselected: {'identifier': 'canopen_proxy_driver'}
[0.000364] (-) JobUnselected: {'identifier': 'canopen_ros2_control'}
[0.000378] (-) JobUnselected: {'identifier': 'canopen_ros2_controllers'}
[0.000392] (-) JobUnselected: {'identifier': 'canopen_tests'}
[0.000407] (-) JobUnselected: {'identifier': 'canopen_utils'}
[0.000421] (-) JobUnselected: {'identifier': 'lely_core_libraries'}
[0.000436] (-) JobUnselected: {'identifier': 'urdf_tutorial'}
[0.000452] (test_py) JobQueued: {'identifier': 'test_py', 'dependencies': OrderedDict()}
[0.001130] (test_py) JobStarted: {'identifier': 'test_py'}
[0.099775] (-) TimerEvent: {}
[0.200091] (-) TimerEvent: {}
[0.300379] (-) TimerEvent: {}
[0.318921] (test_py) StderrLine: {'line': b'Traceback (most recent call last):\n  File "/usr/lib/python3/dist-packages/colcon_core/executor/__init__.py", line 91, in __call__\n    rc = await self.task(*args, **kwargs)\n  File "/usr/lib/python3/dist-packages/colcon_core/task/__init__.py", line 93, in __call__\n    return await task_method(*args, **kwargs)\n  File "/usr/lib/python3/dist-packages/colcon_ros/task/ament_python/build.py", line 51, in build\n    setup_py_data = get_setup_data(self.context.pkg, env)\n  File "/usr/lib/python3/dist-packages/colcon_core/task/python/__init__.py", line 20, in get_setup_data\n    return dict(pkg.metadata[key](env))\n  File "/usr/lib/python3/dist-packages/colcon_ros/package_augmentation/ros_ament_python.py", line 57, in getter\n    return get_setup_information(\n  File "/usr/lib/python3/dist-packages/colcon_python_setup_py/package_identification/python_setup_py.py", line 249, in get_setup_information\n    _setup_information_cache[hashable_env] = _get_setup_information(\n  File "/usr/lib/python3/dist-packages/colcon_python_setup_py/package_identification/python_setup_py.py", line 296, in _get_setup_information\n    result = subprocess.run(\n  File "/usr/lib/python3.10/subprocess.py", line 526, in run\n    raise CalledProcessError(retcode, process.args,\nsubprocess.CalledProcessError: Command \'[\'/usr/bin/python3\', \'-c\', \'import sys;from contextlib import suppress;exec("with suppress(ImportError):    from setuptools.extern.packaging.specifiers    import SpecifierSet");exec("with suppress(ImportError):    from packaging.specifiers import SpecifierSet");from distutils.core import run_setup;dist = run_setup(    \\\'setup.py\\\', script_args=(\\\'--dry-run\\\',), stop_after=\\\'config\\\');skip_keys = (\\\'cmdclass\\\', \\\'distclass\\\', \\\'ext_modules\\\', \\\'metadata\\\');data = {    key: value for key, value in dist.__dict__.items()     if (        not key.startswith(\\\'_\\\') and         not callable(value) and         key not in skip_keys and         key not in dist.display_option_names    )};data[\\\'metadata\\\'] = {    k: v for k, v in dist.metadata.__dict__.items()     if k not in (\\\'license_files\\\', \\\'provides_extras\\\')};sys.stdout.buffer.write(repr(data).encode(\\\'utf-8\\\'))\']\' returned non-zero exit status 1.\n'}
[0.319386] (test_py) JobEnded: {'identifier': 'test_py', 'rc': 1}
[0.329349] (-) EventReactorShutdown: {}
