-- Found ament_cmake: 1.3.11 (/opt/ros/humble/share/ament_cmake/cmake)
-- Found canopen_402_driver: 0.2.11 (/home/ub2004/ros2_ws/install/canopen_402_driver/share/canopen_402_driver/cmake)
-- Found rosidl_generator_c: 3.1.6 (/opt/ros/humble/share/rosidl_generator_c/cmake)
-- Found rosidl_adapter: 3.1.6 (/opt/ros/humble/share/rosidl_adapter/cmake)
-- Found rosidl_generator_cpp: 3.1.6 (/opt/ros/humble/share/rosidl_generator_cpp/cmake)
-- Using all available rosidl_typesupport_c: rosidl_typesupport_fastrtps_c;rosidl_typesupport_introspection_c
-- Using all available rosidl_typesupport_cpp: rosidl_typesupport_fastrtps_cpp;rosidl_typesupport_introspection_cpp
-- Found rmw_implementation_cmake: 6.1.2 (/opt/ros/humble/share/rmw_implementation_cmake/cmake)
-- Found rmw_fastrtps_cpp: 6.2.7 (/opt/ros/humble/share/rmw_fastrtps_cpp/cmake)
-- Using RMW implementation 'rmw_fastrtps_cpp' as default
-- Found controller_interface: 2.48.0 (/opt/ros/humble/share/controller_interface/cmake)
-- Found controller_manager: 2.48.0 (/opt/ros/humble/share/controller_manager/cmake)
-- Configuring done
-- Generating done
-- Build files have been written to: /home/ub2004/ros2_ws/build/canopen_ros2_controllers
[35m[1mConsolidate compiler generated dependencies of target canopen_ros2_controllers[0m
[ 33%] [32mBuilding CXX object CMakeFiles/canopen_ros2_controllers.dir/src/cia402_device_controller.cpp.o[0m
[ 66%] [32mBuilding CXX object CMakeFiles/canopen_ros2_controllers.dir/src/canopen_proxy_controller.cpp.o[0m
In file included from [01m[K/home/ub2004/ros2_ws/src/ros2_canopen/canopen_ros2_controllers/include/canopen_ros2_controllers/canopen_proxy_controller.hpp:29[m[K,
                 from [01m[K/home/ub2004/ros2_ws/src/ros2_canopen/canopen_ros2_controllers/include/canopen_ros2_controllers/cia402_device_controller.hpp:19[m[K,
                 from [01m[K/home/ub2004/ros2_ws/src/ros2_canopen/canopen_ros2_controllers/src/cia402_device_controller.cpp:15[m[K:
[01m[K/opt/ros/humble/include/realtime_tools/realtime_tools/realtime_buffer.h:22:100:[m[K [01;36m[Knote: [m[K‘[01m[K#pragma message: This header include is deprecated. Please update your code to use 'realtime_buffer.hpp' header.[m[K’
   22 |   "This header include is deprecated. Please update your code to use 'realtime_buffer.hpp' header."[01;36m[K)[m[K  //NOLINT
      |                                                                                                    [01;36m[K^[m[K
In file included from [01m[K/home/ub2004/ros2_ws/src/ros2_canopen/canopen_ros2_controllers/include/canopen_ros2_controllers/canopen_proxy_controller.hpp:30[m[K,
                 from [01m[K/home/ub2004/ros2_ws/src/ros2_canopen/canopen_ros2_controllers/include/canopen_ros2_controllers/cia402_device_controller.hpp:19[m[K,
                 from [01m[K/home/ub2004/ros2_ws/src/ros2_canopen/canopen_ros2_controllers/src/cia402_device_controller.cpp:15[m[K:
[01m[K/opt/ros/humble/include/realtime_tools/realtime_tools/realtime_publisher.h:22:103:[m[K [01;36m[Knote: [m[K‘[01m[K#pragma message: This header include is deprecated. Please update your code to use 'realtime_publisher.hpp' header.[m[K’
   22 |   "This header include is deprecated. Please update your code to use 'realtime_publisher.hpp' header."[01;36m[K)[m[K  //NOLINT
      |                                                                                                       [01;36m[K^[m[K
In file included from [01m[K/home/ub2004/ros2_ws/src/ros2_canopen/canopen_ros2_controllers/include/canopen_ros2_controllers/canopen_proxy_controller.hpp:29[m[K,
                 from [01m[K/home/ub2004/ros2_ws/src/ros2_canopen/canopen_ros2_controllers/src/canopen_proxy_controller.cpp:15[m[K:
[01m[K/opt/ros/humble/include/realtime_tools/realtime_tools/realtime_buffer.h:22:100:[m[K [01;36m[Knote: [m[K‘[01m[K#pragma message: This header include is deprecated. Please update your code to use 'realtime_buffer.hpp' header.[m[K’
   22 | lease update your code to use 'realtime_buffer.hpp' header."[01;36m[K)[m[K  //NOLINT
      |                                                             [01;36m[K^[m[K

In file included from [01m[K/home/ub2004/ros2_ws/src/ros2_canopen/canopen_ros2_controllers/include/canopen_ros2_controllers/canopen_proxy_controller.hpp:30[m[K,
                 from [01m[K/home/ub2004/ros2_ws/src/ros2_canopen/canopen_ros2_controllers/src/canopen_proxy_controller.cpp:15[m[K:
[01m[K/opt/ros/humble/include/realtime_tools/realtime_tools/realtime_publisher.h:22:103:[m[K [01;36m[Knote: [m[K‘[01m[K#pragma message: This header include is deprecated. Please update your code to use 'realtime_publisher.hpp' header.[m[K’
   22 | se update your code to use 'realtime_publisher.hpp' header."[01;36m[K)[m[K  //NOLINT
      |                                                             [01;36m[K^[m[K

[100%] [32m[1mLinking CXX shared library libcanopen_ros2_controllers.so[0m
[100%] Built target canopen_ros2_controllers
-- Install configuration: ""
-- Up-to-date: /home/ub2004/ros2_ws/install/canopen_ros2_controllers/share/canopen_ros2_controllers/canopen_ros2_controllers.xml
-- Installing: /home/ub2004/ros2_ws/install/canopen_ros2_controllers/lib/libcanopen_ros2_controllers.so
-- Set runtime path of "/home/ub2004/ros2_ws/install/canopen_ros2_controllers/lib/libcanopen_ros2_controllers.so" to ""
-- Up-to-date: /home/ub2004/ros2_ws/install/canopen_ros2_controllers/include
-- Up-to-date: /home/ub2004/ros2_ws/install/canopen_ros2_controllers/include/canopen_ros2_controllers
-- Up-to-date: /home/ub2004/ros2_ws/install/canopen_ros2_controllers/include/canopen_ros2_controllers/cia402_device_controller.hpp
-- Up-to-date: /home/ub2004/ros2_ws/install/canopen_ros2_controllers/include/canopen_ros2_controllers/canopen_proxy_controller.hpp
-- Up-to-date: /home/ub2004/ros2_ws/install/canopen_ros2_controllers/include/canopen_ros2_controllers/visibility_control.h
-- Up-to-date: /home/ub2004/ros2_ws/install/canopen_ros2_controllers/share/canopen_ros2_controllers/environment/library_path.sh
-- Installing: /home/ub2004/ros2_ws/install/canopen_ros2_controllers/share/canopen_ros2_controllers/environment/library_path.dsv
-- Up-to-date: /home/ub2004/ros2_ws/install/canopen_ros2_controllers/share/ament_index/resource_index/package_run_dependencies/canopen_ros2_controllers
-- Installing: /home/ub2004/ros2_ws/install/canopen_ros2_controllers/share/ament_index/resource_index/parent_prefix_path/canopen_ros2_controllers
-- Up-to-date: /home/ub2004/ros2_ws/install/canopen_ros2_controllers/share/canopen_ros2_controllers/environment/ament_prefix_path.sh
-- Installing: /home/ub2004/ros2_ws/install/canopen_ros2_controllers/share/canopen_ros2_controllers/environment/ament_prefix_path.dsv
-- Up-to-date: /home/ub2004/ros2_ws/install/canopen_ros2_controllers/share/canopen_ros2_controllers/environment/path.sh
-- Installing: /home/ub2004/ros2_ws/install/canopen_ros2_controllers/share/canopen_ros2_controllers/environment/path.dsv
-- Up-to-date: /home/ub2004/ros2_ws/install/canopen_ros2_controllers/share/canopen_ros2_controllers/local_setup.bash
-- Up-to-date: /home/ub2004/ros2_ws/install/canopen_ros2_controllers/share/canopen_ros2_controllers/local_setup.sh
-- Up-to-date: /home/ub2004/ros2_ws/install/canopen_ros2_controllers/share/canopen_ros2_controllers/local_setup.zsh
-- Installing: /home/ub2004/ros2_ws/install/canopen_ros2_controllers/share/canopen_ros2_controllers/local_setup.dsv
-- Installing: /home/ub2004/ros2_ws/install/canopen_ros2_controllers/share/canopen_ros2_controllers/package.dsv
-- Up-to-date: /home/ub2004/ros2_ws/install/canopen_ros2_controllers/share/ament_index/resource_index/packages/canopen_ros2_controllers
-- Up-to-date: /home/ub2004/ros2_ws/install/canopen_ros2_controllers/share/ament_index/resource_index/controller_interface__pluginlib__plugin/canopen_ros2_controllers
-- Up-to-date: /home/ub2004/ros2_ws/install/canopen_ros2_controllers/share/canopen_ros2_controllers/cmake/ament_cmake_export_include_directories-extras.cmake
-- Up-to-date: /home/ub2004/ros2_ws/install/canopen_ros2_controllers/share/canopen_ros2_controllers/cmake/ament_cmake_export_libraries-extras.cmake
-- Up-to-date: /home/ub2004/ros2_ws/install/canopen_ros2_controllers/share/canopen_ros2_controllers/cmake/ament_cmake_export_dependencies-extras.cmake
-- Up-to-date: /home/ub2004/ros2_ws/install/canopen_ros2_controllers/share/canopen_ros2_controllers/cmake/canopen_ros2_controllersConfig.cmake
-- Up-to-date: /home/ub2004/ros2_ws/install/canopen_ros2_controllers/share/canopen_ros2_controllers/cmake/canopen_ros2_controllersConfig-version.cmake
-- Up-to-date: /home/ub2004/ros2_ws/install/canopen_ros2_controllers/share/canopen_ros2_controllers/package.xml
