[ 12%] [34m[1mPerforming update step for 'upstr_lely_core_libraries'[0m
HEADì˜ í˜„ì¬ ìœ„ì¹˜ëŠ” b63a0b6fì…ë‹ˆë‹¤ co: fix co_time_of_day_set() to actually store the result
[ 12%] Built target ament_cmake_python_copy_cogen
[ 12%] Built target ament_cmake_python_copy_cogen_setup
[ 25%] [34m[1mNo patch step for 'upstr_lely_core_libraries'[0m
[ 37%] [34m[1mPerforming configure step for 'upstr_lely_core_libraries'[0m
running egg_info
writing cogen.egg-info/PKG-INFO
writing dependency_links to cogen.egg-info/dependency_links.txt
writing entry points to cogen.egg-info/entry_points.txt
writing top-level names to cogen.egg-info/top_level.txt
reading manifest file 'cogen.egg-info/SOURCES.txt'
writing manifest file 'cogen.egg-info/SOURCES.txt'
running install_scripts
running egg_info
writing cogen.egg-info/PKG-INFO
writing dependency_links to cogen.egg-info/dependency_links.txt
writing entry points to cogen.egg-info/entry_points.txt
writing top-level names to cogen.egg-info/top_level.txt
reading manifest file 'cogen.egg-info/SOURCES.txt'
writing manifest file 'cogen.egg-info/SOURCES.txt'
[ 37%] Built target ament_cmake_python_build_cogen_egg
Installing cogen script to scripts
[ 37%] Built target ament_cmake_python_build_cogen_scripts
