[  1%] Built target canopen_interfaces__cpp
[ 12%] Built target canopen_interfaces__rosidl_generator_c
[ 12%] Built target ament_cmake_python_symlink_canopen_interfaces
[ 24%] Built target canopen_interfaces__rosidl_typesupport_c
[ 40%] Built target canopen_interfaces__rosidl_typesupport_introspection_c
[ 47%] Built target canopen_interfaces__rosidl_typesupport_introspection_cpp
[ 58%] Built target canopen_interfaces__rosidl_typesupport_fastrtps_cpp
[ 70%] Built target canopen_interfaces__rosidl_typesupport_cpp
[ 82%] Built target canopen_interfaces__rosidl_typesupport_fastrtps_c
[ 82%] Built target canopen_interfaces
[ 83%] Built target canopen_interfaces__py
[ 93%] Built target canopen_interfaces__rosidl_generator_py
[ 95%] Built target canopen_interfaces__rosidl_typesupport_introspection_c__pyext
[ 97%] Built target canopen_interfaces__rosidl_typesupport_fastrtps_c__pyext
[100%] Built target canopen_interfaces__rosidl_typesupport_c__pyext
running egg_info
writing canopen_interfaces.egg-info/PKG-INFO
writing dependency_links to canopen_interfaces.egg-info/dependency_links.txt
writing top-level names to canopen_interfaces.egg-info/top_level.txt
reading manifest file 'canopen_interfaces.egg-info/SOURCES.txt'
writing manifest file 'canopen_interfaces.egg-info/SOURCES.txt'
[100%] Built target ament_cmake_python_build_canopen_interfaces_egg
-- Install configuration: ""
-- Execute custom install script
-- Up-to-date symlink: /home/ub2004/ros2_ws/install/canopen_interfaces/share/ament_index/resource_index/rosidl_interfaces/canopen_interfaces
-- Up-to-date symlink: /home/ub2004/ros2_ws/install/canopen_interfaces/include/canopen_interfaces/canopen_interfaces/msg/co_data.h
-- Up-to-date symlink: /home/ub2004/ros2_ws/install/canopen_interfaces/include/canopen_interfaces/canopen_interfaces/msg/detail/co_data__functions.h
-- Up-to-date symlink: /home/ub2004/ros2_ws/install/canopen_interfaces/include/canopen_interfaces/canopen_interfaces/msg/detail/co_data__struct.h
-- Up-to-date symlink: /home/ub2004/ros2_ws/install/canopen_interfaces/include/canopen_interfaces/canopen_interfaces/msg/detail/co_data__type_support.h
-- Up-to-date symlink: /home/ub2004/ros2_ws/install/canopen_interfaces/include/canopen_interfaces/canopen_interfaces/msg/rosidl_generator_c__visibility_control.h
-- Up-to-date symlink: /home/ub2004/ros2_ws/install/canopen_interfaces/include/canopen_interfaces/canopen_interfaces/srv/co_heartbeat_id.h
-- Up-to-date symlink: /home/ub2004/ros2_ws/install/canopen_interfaces/include/canopen_interfaces/canopen_interfaces/srv/co_nmt_id.h
-- Up-to-date symlink: /home/ub2004/ros2_ws/install/canopen_interfaces/include/canopen_interfaces/canopen_interfaces/srv/co_node.h
-- Up-to-date symlink: /home/ub2004/ros2_ws/install/canopen_interfaces/include/canopen_interfaces/canopen_interfaces/srv/co_read.h
-- Up-to-date symlink: /home/ub2004/ros2_ws/install/canopen_interfaces/include/canopen_interfaces/canopen_interfaces/srv/co_read_id.h
-- Up-to-date symlink: /home/ub2004/ros2_ws/install/canopen_interfaces/include/canopen_interfaces/canopen_interfaces/srv/co_target_double.h
-- Up-to-date symlink: /home/ub2004/ros2_ws/install/canopen_interfaces/include/canopen_interfaces/canopen_interfaces/srv/co_write.h
-- Up-to-date symlink: /home/ub2004/ros2_ws/install/canopen_interfaces/include/canopen_interfaces/canopen_interfaces/srv/co_write_id.h
-- Up-to-date symlink: /home/ub2004/ros2_ws/install/canopen_interfaces/include/canopen_interfaces/canopen_interfaces/srv/detail/co_heartbeat_id__functions.h
-- Up-to-date symlink: /home/ub2004/ros2_ws/install/canopen_interfaces/include/canopen_interfaces/canopen_interfaces/srv/detail/co_heartbeat_id__struct.h
-- Up-to-date symlink: /home/ub2004/ros2_ws/install/canopen_interfaces/include/canopen_interfaces/canopen_interfaces/srv/detail/co_heartbeat_id__type_support.h
-- Up-to-date symlink: /home/ub2004/ros2_ws/install/canopen_interfaces/include/canopen_interfaces/canopen_interfaces/srv/detail/co_nmt_id__functions.h
-- Up-to-date symlink: /home/ub2004/ros2_ws/install/canopen_interfaces/include/canopen_interfaces/canopen_interfaces/srv/detail/co_nmt_id__struct.h
-- Up-to-date symlink: /home/ub2004/ros2_ws/install/canopen_interfaces/include/canopen_interfaces/canopen_interfaces/srv/detail/co_nmt_id__type_support.h
-- Up-to-date symlink: /home/ub2004/ros2_ws/install/canopen_interfaces/include/canopen_interfaces/canopen_interfaces/srv/detail/co_node__functions.h
-- Up-to-date symlink: /home/ub2004/ros2_ws/install/canopen_interfaces/include/canopen_interfaces/canopen_interfaces/srv/detail/co_node__struct.h
-- Up-to-date symlink: /home/ub2004/ros2_ws/install/canopen_interfaces/include/canopen_interfaces/canopen_interfaces/srv/detail/co_node__type_support.h
-- Up-to-date symlink: /home/ub2004/ros2_ws/install/canopen_interfaces/include/canopen_interfaces/canopen_interfaces/srv/detail/co_read__functions.h
-- Up-to-date symlink: /home/ub2004/ros2_ws/install/canopen_interfaces/include/canopen_interfaces/canopen_interfaces/srv/detail/co_read__struct.h
-- Up-to-date symlink: /home/ub2004/ros2_ws/install/canopen_interfaces/include/canopen_interfaces/canopen_interfaces/srv/detail/co_read__type_support.h
-- Up-to-date symlink: /home/ub2004/ros2_ws/install/canopen_interfaces/include/canopen_interfaces/canopen_interfaces/srv/detail/co_read_id__functions.h
-- Up-to-date symlink: /home/ub2004/ros2_ws/install/canopen_interfaces/include/canopen_interfaces/canopen_interfaces/srv/detail/co_read_id__struct.h
-- Up-to-date symlink: /home/ub2004/ros2_ws/install/canopen_interfaces/include/canopen_interfaces/canopen_interfaces/srv/detail/co_read_id__type_support.h
-- Up-to-date symlink: /home/ub2004/ros2_ws/install/canopen_interfaces/include/canopen_interfaces/canopen_interfaces/srv/detail/co_target_double__functions.h
-- Up-to-date symlink: /home/ub2004/ros2_ws/install/canopen_interfaces/include/canopen_interfaces/canopen_interfaces/srv/detail/co_target_double__struct.h
-- Up-to-date symlink: /home/ub2004/ros2_ws/install/canopen_interfaces/include/canopen_interfaces/canopen_interfaces/srv/detail/co_target_double__type_support.h
-- Up-to-date symlink: /home/ub2004/ros2_ws/install/canopen_interfaces/include/canopen_interfaces/canopen_interfaces/srv/detail/co_write__functions.h
-- Up-to-date symlink: /home/ub2004/ros2_ws/install/canopen_interfaces/include/canopen_interfaces/canopen_interfaces/srv/detail/co_write__struct.h
-- Up-to-date symlink: /home/ub2004/ros2_ws/install/canopen_interfaces/include/canopen_interfaces/canopen_interfaces/srv/detail/co_write__type_support.h
-- Up-to-date symlink: /home/ub2004/ros2_ws/install/canopen_interfaces/include/canopen_interfaces/canopen_interfaces/srv/detail/co_write_id__functions.h
-- Up-to-date symlink: /home/ub2004/ros2_ws/install/canopen_interfaces/include/canopen_interfaces/canopen_interfaces/srv/detail/co_write_id__struct.h
-- Up-to-date symlink: /home/ub2004/ros2_ws/install/canopen_interfaces/include/canopen_interfaces/canopen_interfaces/srv/detail/co_write_id__type_support.h
-- Up-to-date symlink: /home/ub2004/ros2_ws/install/canopen_interfaces/share/canopen_interfaces/environment/library_path.sh
-- Up-to-date symlink: /home/ub2004/ros2_ws/install/canopen_interfaces/share/canopen_interfaces/environment/library_path.dsv
-- Up-to-date symlink: /home/ub2004/ros2_ws/install/canopen_interfaces/include/canopen_interfaces/canopen_interfaces/msg/detail/co_data__rosidl_typesupport_fastrtps_c.h
-- Up-to-date symlink: /home/ub2004/ros2_ws/install/canopen_interfaces/include/canopen_interfaces/canopen_interfaces/msg/rosidl_typesupport_fastrtps_c__visibility_control.h
-- Up-to-date symlink: /home/ub2004/ros2_ws/install/canopen_interfaces/include/canopen_interfaces/canopen_interfaces/srv/detail/co_heartbeat_id__rosidl_typesupport_fastrtps_c.h
-- Up-to-date symlink: /home/ub2004/ros2_ws/install/canopen_interfaces/include/canopen_interfaces/canopen_interfaces/srv/detail/co_nmt_id__rosidl_typesupport_fastrtps_c.h
-- Up-to-date symlink: /home/ub2004/ros2_ws/install/canopen_interfaces/include/canopen_interfaces/canopen_interfaces/srv/detail/co_node__rosidl_typesupport_fastrtps_c.h
-- Up-to-date symlink: /home/ub2004/ros2_ws/install/canopen_interfaces/include/canopen_interfaces/canopen_interfaces/srv/detail/co_read__rosidl_typesupport_fastrtps_c.h
-- Up-to-date symlink: /home/ub2004/ros2_ws/install/canopen_interfaces/include/canopen_interfaces/canopen_interfaces/srv/detail/co_read_id__rosidl_typesupport_fastrtps_c.h
-- Up-to-date symlink: /home/ub2004/ros2_ws/install/canopen_interfaces/include/canopen_interfaces/canopen_interfaces/srv/detail/co_target_double__rosidl_typesupport_fastrtps_c.h
-- Up-to-date symlink: /home/ub2004/ros2_ws/install/canopen_interfaces/include/canopen_interfaces/canopen_interfaces/srv/detail/co_write__rosidl_typesupport_fastrtps_c.h
-- Up-to-date symlink: /home/ub2004/ros2_ws/install/canopen_interfaces/include/canopen_interfaces/canopen_interfaces/srv/detail/co_write_id__rosidl_typesupport_fastrtps_c.h
-- Up-to-date symlink: /home/ub2004/ros2_ws/install/canopen_interfaces/include/canopen_interfaces/canopen_interfaces/msg/detail/co_data__rosidl_typesupport_introspection_c.h
-- Up-to-date symlink: /home/ub2004/ros2_ws/install/canopen_interfaces/include/canopen_interfaces/canopen_interfaces/msg/rosidl_typesupport_introspection_c__visibility_control.h
-- Up-to-date symlink: /home/ub2004/ros2_ws/install/canopen_interfaces/include/canopen_interfaces/canopen_interfaces/srv/detail/co_heartbeat_id__rosidl_typesupport_introspection_c.h
-- Up-to-date symlink: /home/ub2004/ros2_ws/install/canopen_interfaces/include/canopen_interfaces/canopen_interfaces/srv/detail/co_nmt_id__rosidl_typesupport_introspection_c.h
-- Up-to-date symlink: /home/ub2004/ros2_ws/install/canopen_interfaces/include/canopen_interfaces/canopen_interfaces/srv/detail/co_node__rosidl_typesupport_introspection_c.h
-- Up-to-date symlink: /home/ub2004/ros2_ws/install/canopen_interfaces/include/canopen_interfaces/canopen_interfaces/srv/detail/co_read__rosidl_typesupport_introspection_c.h
-- Up-to-date symlink: /home/ub2004/ros2_ws/install/canopen_interfaces/include/canopen_interfaces/canopen_interfaces/srv/detail/co_read_id__rosidl_typesupport_introspection_c.h
-- Up-to-date symlink: /home/ub2004/ros2_ws/install/canopen_interfaces/include/canopen_interfaces/canopen_interfaces/srv/detail/co_target_double__rosidl_typesupport_introspection_c.h
-- Up-to-date symlink: /home/ub2004/ros2_ws/install/canopen_interfaces/include/canopen_interfaces/canopen_interfaces/srv/detail/co_write__rosidl_typesupport_introspection_c.h
-- Up-to-date symlink: /home/ub2004/ros2_ws/install/canopen_interfaces/include/canopen_interfaces/canopen_interfaces/srv/detail/co_write_id__rosidl_typesupport_introspection_c.h
-- Up-to-date symlink: /home/ub2004/ros2_ws/install/canopen_interfaces/include/canopen_interfaces/canopen_interfaces/msg/co_data.hpp
-- Up-to-date symlink: /home/ub2004/ros2_ws/install/canopen_interfaces/include/canopen_interfaces/canopen_interfaces/msg/detail/co_data__builder.hpp
-- Up-to-date symlink: /home/ub2004/ros2_ws/install/canopen_interfaces/include/canopen_interfaces/canopen_interfaces/msg/detail/co_data__struct.hpp
-- Up-to-date symlink: /home/ub2004/ros2_ws/install/canopen_interfaces/include/canopen_interfaces/canopen_interfaces/msg/detail/co_data__traits.hpp
-- Up-to-date symlink: /home/ub2004/ros2_ws/install/canopen_interfaces/include/canopen_interfaces/canopen_interfaces/msg/detail/co_data__type_support.hpp
-- Up-to-date symlink: /home/ub2004/ros2_ws/install/canopen_interfaces/include/canopen_interfaces/canopen_interfaces/msg/rosidl_generator_cpp__visibility_control.hpp
-- Up-to-date symlink: /home/ub2004/ros2_ws/install/canopen_interfaces/include/canopen_interfaces/canopen_interfaces/srv/co_heartbeat_id.hpp
-- Up-to-date symlink: /home/ub2004/ros2_ws/install/canopen_interfaces/include/canopen_interfaces/canopen_interfaces/srv/co_nmt_id.hpp
-- Up-to-date symlink: /home/ub2004/ros2_ws/install/canopen_interfaces/include/canopen_interfaces/canopen_interfaces/srv/co_node.hpp
-- Up-to-date symlink: /home/ub2004/ros2_ws/install/canopen_interfaces/include/canopen_interfaces/canopen_interfaces/srv/co_read.hpp
-- Up-to-date symlink: /home/ub2004/ros2_ws/install/canopen_interfaces/include/canopen_interfaces/canopen_interfaces/srv/co_read_id.hpp
-- Up-to-date symlink: /home/ub2004/ros2_ws/install/canopen_interfaces/include/canopen_interfaces/canopen_interfaces/srv/co_target_double.hpp
-- Up-to-date symlink: /home/ub2004/ros2_ws/install/canopen_interfaces/include/canopen_interfaces/canopen_interfaces/srv/co_write.hpp
-- Up-to-date symlink: /home/ub2004/ros2_ws/install/canopen_interfaces/include/canopen_interfaces/canopen_interfaces/srv/co_write_id.hpp
-- Up-to-date symlink: /home/ub2004/ros2_ws/install/canopen_interfaces/include/canopen_interfaces/canopen_interfaces/srv/detail/co_heartbeat_id__builder.hpp
-- Up-to-date symlink: /home/ub2004/ros2_ws/install/canopen_interfaces/include/canopen_interfaces/canopen_interfaces/srv/detail/co_heartbeat_id__struct.hpp
-- Up-to-date symlink: /home/ub2004/ros2_ws/install/canopen_interfaces/include/canopen_interfaces/canopen_interfaces/srv/detail/co_heartbeat_id__traits.hpp
-- Up-to-date symlink: /home/ub2004/ros2_ws/install/canopen_interfaces/include/canopen_interfaces/canopen_interfaces/srv/detail/co_heartbeat_id__type_support.hpp
-- Up-to-date symlink: /home/ub2004/ros2_ws/install/canopen_interfaces/include/canopen_interfaces/canopen_interfaces/srv/detail/co_nmt_id__builder.hpp
-- Up-to-date symlink: /home/ub2004/ros2_ws/install/canopen_interfaces/include/canopen_interfaces/canopen_interfaces/srv/detail/co_nmt_id__struct.hpp
-- Up-to-date symlink: /home/ub2004/ros2_ws/install/canopen_interfaces/include/canopen_interfaces/canopen_interfaces/srv/detail/co_nmt_id__traits.hpp
-- Up-to-date symlink: /home/ub2004/ros2_ws/install/canopen_interfaces/include/canopen_interfaces/canopen_interfaces/srv/detail/co_nmt_id__type_support.hpp
-- Up-to-date symlink: /home/ub2004/ros2_ws/install/canopen_interfaces/include/canopen_interfaces/canopen_interfaces/srv/detail/co_node__builder.hpp
-- Up-to-date symlink: /home/ub2004/ros2_ws/install/canopen_interfaces/include/canopen_interfaces/canopen_interfaces/srv/detail/co_node__struct.hpp
-- Up-to-date symlink: /home/ub2004/ros2_ws/install/canopen_interfaces/include/canopen_interfaces/canopen_interfaces/srv/detail/co_node__traits.hpp
-- Up-to-date symlink: /home/ub2004/ros2_ws/install/canopen_interfaces/include/canopen_interfaces/canopen_interfaces/srv/detail/co_node__type_support.hpp
-- Up-to-date symlink: /home/ub2004/ros2_ws/install/canopen_interfaces/include/canopen_interfaces/canopen_interfaces/srv/detail/co_read__builder.hpp
-- Up-to-date symlink: /home/ub2004/ros2_ws/install/canopen_interfaces/include/canopen_interfaces/canopen_interfaces/srv/detail/co_read__struct.hpp
-- Up-to-date symlink: /home/ub2004/ros2_ws/install/canopen_interfaces/include/canopen_interfaces/canopen_interfaces/srv/detail/co_read__traits.hpp
-- Up-to-date symlink: /home/ub2004/ros2_ws/install/canopen_interfaces/include/canopen_interfaces/canopen_interfaces/srv/detail/co_read__type_support.hpp
-- Up-to-date symlink: /home/ub2004/ros2_ws/install/canopen_interfaces/include/canopen_interfaces/canopen_interfaces/srv/detail/co_read_id__builder.hpp
-- Up-to-date symlink: /home/ub2004/ros2_ws/install/canopen_interfaces/include/canopen_interfaces/canopen_interfaces/srv/detail/co_read_id__struct.hpp
-- Up-to-date symlink: /home/ub2004/ros2_ws/install/canopen_interfaces/include/canopen_interfaces/canopen_interfaces/srv/detail/co_read_id__traits.hpp
-- Up-to-date symlink: /home/ub2004/ros2_ws/install/canopen_interfaces/include/canopen_interfaces/canopen_interfaces/srv/detail/co_read_id__type_support.hpp
-- Up-to-date symlink: /home/ub2004/ros2_ws/install/canopen_interfaces/include/canopen_interfaces/canopen_interfaces/srv/detail/co_target_double__builder.hpp
-- Up-to-date symlink: /home/ub2004/ros2_ws/install/canopen_interfaces/include/canopen_interfaces/canopen_interfaces/srv/detail/co_target_double__struct.hpp
-- Up-to-date symlink: /home/ub2004/ros2_ws/install/canopen_interfaces/include/canopen_interfaces/canopen_interfaces/srv/detail/co_target_double__traits.hpp
-- Up-to-date symlink: /home/ub2004/ros2_ws/install/canopen_interfaces/include/canopen_interfaces/canopen_interfaces/srv/detail/co_target_double__type_support.hpp
-- Up-to-date symlink: /home/ub2004/ros2_ws/install/canopen_interfaces/include/canopen_interfaces/canopen_interfaces/srv/detail/co_write__builder.hpp
-- Up-to-date symlink: /home/ub2004/ros2_ws/install/canopen_interfaces/include/canopen_interfaces/canopen_interfaces/srv/detail/co_write__struct.hpp
-- Up-to-date symlink: /home/ub2004/ros2_ws/install/canopen_interfaces/include/canopen_interfaces/canopen_interfaces/srv/detail/co_write__traits.hpp
-- Up-to-date symlink: /home/ub2004/ros2_ws/install/canopen_interfaces/include/canopen_interfaces/canopen_interfaces/srv/detail/co_write__type_support.hpp
-- Up-to-date symlink: /home/ub2004/ros2_ws/install/canopen_interfaces/include/canopen_interfaces/canopen_interfaces/srv/detail/co_write_id__builder.hpp
-- Up-to-date symlink: /home/ub2004/ros2_ws/install/canopen_interfaces/include/canopen_interfaces/canopen_interfaces/srv/detail/co_write_id__struct.hpp
-- Up-to-date symlink: /home/ub2004/ros2_ws/install/canopen_interfaces/include/canopen_interfaces/canopen_interfaces/srv/detail/co_write_id__traits.hpp
-- Up-to-date symlink: /home/ub2004/ros2_ws/install/canopen_interfaces/include/canopen_interfaces/canopen_interfaces/srv/detail/co_write_id__type_support.hpp
-- Up-to-date symlink: /home/ub2004/ros2_ws/install/canopen_interfaces/include/canopen_interfaces/canopen_interfaces/msg/detail/co_data__rosidl_typesupport_fastrtps_cpp.hpp
-- Up-to-date symlink: /home/ub2004/ros2_ws/install/canopen_interfaces/include/canopen_interfaces/canopen_interfaces/msg/rosidl_typesupport_fastrtps_cpp__visibility_control.h
-- Up-to-date symlink: /home/ub2004/ros2_ws/install/canopen_interfaces/include/canopen_interfaces/canopen_interfaces/srv/detail/co_heartbeat_id__rosidl_typesupport_fastrtps_cpp.hpp
-- Up-to-date symlink: /home/ub2004/ros2_ws/install/canopen_interfaces/include/canopen_interfaces/canopen_interfaces/srv/detail/co_nmt_id__rosidl_typesupport_fastrtps_cpp.hpp
-- Up-to-date symlink: /home/ub2004/ros2_ws/install/canopen_interfaces/include/canopen_interfaces/canopen_interfaces/srv/detail/co_node__rosidl_typesupport_fastrtps_cpp.hpp
