[0.041s] Invoking command in '/home/ub2004/ros2_ws/build/canopen_interfaces': CMAKE_PREFIX_PATH=${CMAKE_PREFIX_PATH}:/home/ub2004/ros2_ws/install/urdf_tutorial:/home/ub2004/ros2_ws/install/test_py:/home/ub2004/ros2_ws/install/canopen_utils:/home/ub2004/ros2_ws/install/can_comm:/home/ub2004/ros2_ws/install/agv_pak:/opt/ros/humble /usr/bin/cmake --build /home/ub2004/ros2_ws/build/canopen_interfaces -- -j8 -l8
[0.898s] [  1%] Built target canopen_interfaces__cpp
[0.899s] [ 12%] Built target canopen_interfaces__rosidl_generator_c
[0.900s] [ 12%] Built target ament_cmake_python_symlink_canopen_interfaces
[0.900s] [ 24%] Built target canopen_interfaces__rosidl_typesupport_c
[0.900s] [ 40%] Built target canopen_interfaces__rosidl_typesupport_introspection_c
[0.900s] [ 47%] Built target canopen_interfaces__rosidl_typesupport_introspection_cpp
[0.900s] [ 58%] Built target canopen_interfaces__rosidl_typesupport_fastrtps_cpp
[0.900s] [ 70%] Built target canopen_interfaces__rosidl_typesupport_cpp
[0.900s] [ 82%] Built target canopen_interfaces__rosidl_typesupport_fastrtps_c
[0.900s] [ 82%] Built target canopen_interfaces
[0.900s] [ 83%] Built target canopen_interfaces__py
[0.901s] [ 93%] Built target canopen_interfaces__rosidl_generator_py
[0.901s] [ 95%] Built target canopen_interfaces__rosidl_typesupport_introspection_c__pyext
[0.901s] [ 97%] Built target canopen_interfaces__rosidl_typesupport_fastrtps_c__pyext
[0.901s] [100%] Built target canopen_interfaces__rosidl_typesupport_c__pyext
[0.901s] running egg_info
[0.901s] writing canopen_interfaces.egg-info/PKG-INFO
[0.901s] writing dependency_links to canopen_interfaces.egg-info/dependency_links.txt
[0.902s] writing top-level names to canopen_interfaces.egg-info/top_level.txt
[0.902s] reading manifest file 'canopen_interfaces.egg-info/SOURCES.txt'
[0.902s] writing manifest file 'canopen_interfaces.egg-info/SOURCES.txt'
[0.902s] [100%] Built target ament_cmake_python_build_canopen_interfaces_egg
[0.904s] Invoked command in '/home/ub2004/ros2_ws/build/canopen_interfaces' returned '0': CMAKE_PREFIX_PATH=${CMAKE_PREFIX_PATH}:/home/ub2004/ros2_ws/install/urdf_tutorial:/home/ub2004/ros2_ws/install/test_py:/home/ub2004/ros2_ws/install/canopen_utils:/home/ub2004/ros2_ws/install/can_comm:/home/ub2004/ros2_ws/install/agv_pak:/opt/ros/humble /usr/bin/cmake --build /home/ub2004/ros2_ws/build/canopen_interfaces -- -j8 -l8
[0.912s] Invoking command in '/home/ub2004/ros2_ws/build/canopen_interfaces': CMAKE_PREFIX_PATH=${CMAKE_PREFIX_PATH}:/home/ub2004/ros2_ws/install/urdf_tutorial:/home/ub2004/ros2_ws/install/test_py:/home/ub2004/ros2_ws/install/canopen_utils:/home/ub2004/ros2_ws/install/can_comm:/home/ub2004/ros2_ws/install/agv_pak:/opt/ros/humble /usr/bin/cmake --install /home/ub2004/ros2_ws/build/canopen_interfaces
[1.021s] -- Install configuration: ""
[1.021s] -- Execute custom install script
[1.021s] -- Up-to-date symlink: /home/ub2004/ros2_ws/install/canopen_interfaces/share/ament_index/resource_index/rosidl_interfaces/canopen_interfaces
[1.021s] -- Up-to-date symlink: /home/ub2004/ros2_ws/install/canopen_interfaces/include/canopen_interfaces/canopen_interfaces/msg/co_data.h
[1.021s] -- Up-to-date symlink: /home/ub2004/ros2_ws/install/canopen_interfaces/include/canopen_interfaces/canopen_interfaces/msg/detail/co_data__functions.h
[1.021s] -- Up-to-date symlink: /home/ub2004/ros2_ws/install/canopen_interfaces/include/canopen_interfaces/canopen_interfaces/msg/detail/co_data__struct.h
[1.021s] -- Up-to-date symlink: /home/ub2004/ros2_ws/install/canopen_interfaces/include/canopen_interfaces/canopen_interfaces/msg/detail/co_data__type_support.h
[1.021s] -- Up-to-date symlink: /home/ub2004/ros2_ws/install/canopen_interfaces/include/canopen_interfaces/canopen_interfaces/msg/rosidl_generator_c__visibility_control.h
[1.021s] -- Up-to-date symlink: /home/ub2004/ros2_ws/install/canopen_interfaces/include/canopen_interfaces/canopen_interfaces/srv/co_heartbeat_id.h
[1.021s] -- Up-to-date symlink: /home/ub2004/ros2_ws/install/canopen_interfaces/include/canopen_interfaces/canopen_interfaces/srv/co_nmt_id.h
[1.021s] -- Up-to-date symlink: /home/ub2004/ros2_ws/install/canopen_interfaces/include/canopen_interfaces/canopen_interfaces/srv/co_node.h
[1.021s] -- Up-to-date symlink: /home/ub2004/ros2_ws/install/canopen_interfaces/include/canopen_interfaces/canopen_interfaces/srv/co_read.h
[1.021s] -- Up-to-date symlink: /home/ub2004/ros2_ws/install/canopen_interfaces/include/canopen_interfaces/canopen_interfaces/srv/co_read_id.h
[1.022s] -- Up-to-date symlink: /home/ub2004/ros2_ws/install/canopen_interfaces/include/canopen_interfaces/canopen_interfaces/srv/co_target_double.h
[1.022s] -- Up-to-date symlink: /home/ub2004/ros2_ws/install/canopen_interfaces/include/canopen_interfaces/canopen_interfaces/srv/co_write.h
[1.022s] -- Up-to-date symlink: /home/ub2004/ros2_ws/install/canopen_interfaces/include/canopen_interfaces/canopen_interfaces/srv/co_write_id.h
[1.022s] -- Up-to-date symlink: /home/ub2004/ros2_ws/install/canopen_interfaces/include/canopen_interfaces/canopen_interfaces/srv/detail/co_heartbeat_id__functions.h
[1.022s] -- Up-to-date symlink: /home/ub2004/ros2_ws/install/canopen_interfaces/include/canopen_interfaces/canopen_interfaces/srv/detail/co_heartbeat_id__struct.h
[1.022s] -- Up-to-date symlink: /home/ub2004/ros2_ws/install/canopen_interfaces/include/canopen_interfaces/canopen_interfaces/srv/detail/co_heartbeat_id__type_support.h
[1.022s] -- Up-to-date symlink: /home/ub2004/ros2_ws/install/canopen_interfaces/include/canopen_interfaces/canopen_interfaces/srv/detail/co_nmt_id__functions.h
[1.022s] -- Up-to-date symlink: /home/ub2004/ros2_ws/install/canopen_interfaces/include/canopen_interfaces/canopen_interfaces/srv/detail/co_nmt_id__struct.h
[1.022s] -- Up-to-date symlink: /home/ub2004/ros2_ws/install/canopen_interfaces/include/canopen_interfaces/canopen_interfaces/srv/detail/co_nmt_id__type_support.h
[1.022s] -- Up-to-date symlink: /home/ub2004/ros2_ws/install/canopen_interfaces/include/canopen_interfaces/canopen_interfaces/srv/detail/co_node__functions.h
[1.022s] -- Up-to-date symlink: /home/ub2004/ros2_ws/install/canopen_interfaces/include/canopen_interfaces/canopen_interfaces/srv/detail/co_node__struct.h
[1.022s] -- Up-to-date symlink: /home/ub2004/ros2_ws/install/canopen_interfaces/include/canopen_interfaces/canopen_interfaces/srv/detail/co_node__type_support.h
[1.022s] -- Up-to-date symlink: /home/ub2004/ros2_ws/install/canopen_interfaces/include/canopen_interfaces/canopen_interfaces/srv/detail/co_read__functions.h
[1.022s] -- Up-to-date symlink: /home/ub2004/ros2_ws/install/canopen_interfaces/include/canopen_interfaces/canopen_interfaces/srv/detail/co_read__struct.h
[1.022s] -- Up-to-date symlink: /home/ub2004/ros2_ws/install/canopen_interfaces/include/canopen_interfaces/canopen_interfaces/srv/detail/co_read__type_support.h
[1.022s] -- Up-to-date symlink: /home/ub2004/ros2_ws/install/canopen_interfaces/include/canopen_interfaces/canopen_interfaces/srv/detail/co_read_id__functions.h
[1.023s] -- Up-to-date symlink: /home/ub2004/ros2_ws/install/canopen_interfaces/include/canopen_interfaces/canopen_interfaces/srv/detail/co_read_id__struct.h
[1.023s] -- Up-to-date symlink: /home/ub2004/ros2_ws/install/canopen_interfaces/include/canopen_interfaces/canopen_interfaces/srv/detail/co_read_id__type_support.h
[1.023s] -- Up-to-date symlink: /home/ub2004/ros2_ws/install/canopen_interfaces/include/canopen_interfaces/canopen_interfaces/srv/detail/co_target_double__functions.h
[1.023s] -- Up-to-date symlink: /home/ub2004/ros2_ws/install/canopen_interfaces/include/canopen_interfaces/canopen_interfaces/srv/detail/co_target_double__struct.h
[1.023s] -- Up-to-date symlink: /home/ub2004/ros2_ws/install/canopen_interfaces/include/canopen_interfaces/canopen_interfaces/srv/detail/co_target_double__type_support.h
[1.023s] -- Up-to-date symlink: /home/ub2004/ros2_ws/install/canopen_interfaces/include/canopen_interfaces/canopen_interfaces/srv/detail/co_write__functions.h
[1.023s] -- Up-to-date symlink: /home/ub2004/ros2_ws/install/canopen_interfaces/include/canopen_interfaces/canopen_interfaces/srv/detail/co_write__struct.h
[1.023s] -- Up-to-date symlink: /home/ub2004/ros2_ws/install/canopen_interfaces/include/canopen_interfaces/canopen_interfaces/srv/detail/co_write__type_support.h
[1.023s] -- Up-to-date symlink: /home/ub2004/ros2_ws/install/canopen_interfaces/include/canopen_interfaces/canopen_interfaces/srv/detail/co_write_id__functions.h
[1.023s] -- Up-to-date symlink: /home/ub2004/ros2_ws/install/canopen_interfaces/include/canopen_interfaces/canopen_interfaces/srv/detail/co_write_id__struct.h
[1.023s] -- Up-to-date symlink: /home/ub2004/ros2_ws/install/canopen_interfaces/include/canopen_interfaces/canopen_interfaces/srv/detail/co_write_id__type_support.h
[1.023s] -- Up-to-date symlink: /home/ub2004/ros2_ws/install/canopen_interfaces/share/canopen_interfaces/environment/library_path.sh
[1.023s] -- Up-to-date symlink: /home/ub2004/ros2_ws/install/canopen_interfaces/share/canopen_interfaces/environment/library_path.dsv
[1.023s] -- Up-to-date symlink: /home/ub2004/ros2_ws/install/canopen_interfaces/include/canopen_interfaces/canopen_interfaces/msg/detail/co_data__rosidl_typesupport_fastrtps_c.h
[1.023s] -- Up-to-date symlink: /home/ub2004/ros2_ws/install/canopen_interfaces/include/canopen_interfaces/canopen_interfaces/msg/rosidl_typesupport_fastrtps_c__visibility_control.h
[1.023s] -- Up-to-date symlink: /home/ub2004/ros2_ws/install/canopen_interfaces/include/canopen_interfaces/canopen_interfaces/srv/detail/co_heartbeat_id__rosidl_typesupport_fastrtps_c.h
[1.023s] -- Up-to-date symlink: /home/ub2004/ros2_ws/install/canopen_interfaces/include/canopen_interfaces/canopen_interfaces/srv/detail/co_nmt_id__rosidl_typesupport_fastrtps_c.h
[1.024s] -- Up-to-date symlink: /home/ub2004/ros2_ws/install/canopen_interfaces/include/canopen_interfaces/canopen_interfaces/srv/detail/co_node__rosidl_typesupport_fastrtps_c.h
[1.024s] -- Up-to-date symlink: /home/ub2004/ros2_ws/install/canopen_interfaces/include/canopen_interfaces/canopen_interfaces/srv/detail/co_read__rosidl_typesupport_fastrtps_c.h
[1.024s] -- Up-to-date symlink: /home/ub2004/ros2_ws/install/canopen_interfaces/include/canopen_interfaces/canopen_interfaces/srv/detail/co_read_id__rosidl_typesupport_fastrtps_c.h
[1.024s] -- Up-to-date symlink: /home/ub2004/ros2_ws/install/canopen_interfaces/include/canopen_interfaces/canopen_interfaces/srv/detail/co_target_double__rosidl_typesupport_fastrtps_c.h
[1.024s] -- Up-to-date symlink: /home/ub2004/ros2_ws/install/canopen_interfaces/include/canopen_interfaces/canopen_interfaces/srv/detail/co_write__rosidl_typesupport_fastrtps_c.h
[1.024s] -- Up-to-date symlink: /home/ub2004/ros2_ws/install/canopen_interfaces/include/canopen_interfaces/canopen_interfaces/srv/detail/co_write_id__rosidl_typesupport_fastrtps_c.h
[1.024s] -- Up-to-date symlink: /home/ub2004/ros2_ws/install/canopen_interfaces/include/canopen_interfaces/canopen_interfaces/msg/detail/co_data__rosidl_typesupport_introspection_c.h
[1.024s] -- Up-to-date symlink: /home/ub2004/ros2_ws/install/canopen_interfaces/include/canopen_interfaces/canopen_interfaces/msg/rosidl_typesupport_introspection_c__visibility_control.h
[1.024s] -- Up-to-date symlink: /home/ub2004/ros2_ws/install/canopen_interfaces/include/canopen_interfaces/canopen_interfaces/srv/detail/co_heartbeat_id__rosidl_typesupport_introspection_c.h
[1.024s] -- Up-to-date symlink: /home/ub2004/ros2_ws/install/canopen_interfaces/include/canopen_interfaces/canopen_interfaces/srv/detail/co_nmt_id__rosidl_typesupport_introspection_c.h
[1.024s] -- Up-to-date symlink: /home/ub2004/ros2_ws/install/canopen_interfaces/include/canopen_interfaces/canopen_interfaces/srv/detail/co_node__rosidl_typesupport_introspection_c.h
[1.024s] -- Up-to-date symlink: /home/ub2004/ros2_ws/install/canopen_interfaces/include/canopen_interfaces/canopen_interfaces/srv/detail/co_read__rosidl_typesupport_introspection_c.h
[1.024s] -- Up-to-date symlink: /home/ub2004/ros2_ws/install/canopen_interfaces/include/canopen_interfaces/canopen_interfaces/srv/detail/co_read_id__rosidl_typesupport_introspection_c.h
[1.024s] -- Up-to-date symlink: /home/ub2004/ros2_ws/install/canopen_interfaces/include/canopen_interfaces/canopen_interfaces/srv/detail/co_target_double__rosidl_typesupport_introspection_c.h
[1.024s] -- Up-to-date symlink: /home/ub2004/ros2_ws/install/canopen_interfaces/include/canopen_interfaces/canopen_interfaces/srv/detail/co_write__rosidl_typesupport_introspection_c.h
[1.024s] -- Up-to-date symlink: /home/ub2004/ros2_ws/install/canopen_interfaces/include/canopen_interfaces/canopen_interfaces/srv/detail/co_write_id__rosidl_typesupport_introspection_c.h
[1.024s] -- Up-to-date symlink: /home/ub2004/ros2_ws/install/canopen_interfaces/include/canopen_interfaces/canopen_interfaces/msg/co_data.hpp
[1.025s] -- Up-to-date symlink: /home/ub2004/ros2_ws/install/canopen_interfaces/include/canopen_interfaces/canopen_interfaces/msg/detail/co_data__builder.hpp
[1.025s] -- Up-to-date symlink: /home/ub2004/ros2_ws/install/canopen_interfaces/include/canopen_interfaces/canopen_interfaces/msg/detail/co_data__struct.hpp
[1.025s] -- Up-to-date symlink: /home/ub2004/ros2_ws/install/canopen_interfaces/include/canopen_interfaces/canopen_interfaces/msg/detail/co_data__traits.hpp
[1.025s] -- Up-to-date symlink: /home/ub2004/ros2_ws/install/canopen_interfaces/include/canopen_interfaces/canopen_interfaces/msg/detail/co_data__type_support.hpp
[1.025s] -- Up-to-date symlink: /home/ub2004/ros2_ws/install/canopen_interfaces/include/canopen_interfaces/canopen_interfaces/msg/rosidl_generator_cpp__visibility_control.hpp
[1.025s] -- Up-to-date symlink: /home/ub2004/ros2_ws/install/canopen_interfaces/include/canopen_interfaces/canopen_interfaces/srv/co_heartbeat_id.hpp
[1.025s] -- Up-to-date symlink: /home/ub2004/ros2_ws/install/canopen_interfaces/include/canopen_interfaces/canopen_interfaces/srv/co_nmt_id.hpp
[1.025s] -- Up-to-date symlink: /home/ub2004/ros2_ws/install/canopen_interfaces/include/canopen_interfaces/canopen_interfaces/srv/co_node.hpp
[1.025s] -- Up-to-date symlink: /home/ub2004/ros2_ws/install/canopen_interfaces/include/canopen_interfaces/canopen_interfaces/srv/co_read.hpp
[1.025s] -- Up-to-date symlink: /home/ub2004/ros2_ws/install/canopen_interfaces/include/canopen_interfaces/canopen_interfaces/srv/co_read_id.hpp
[1.025s] -- Up-to-date symlink: /home/ub2004/ros2_ws/install/canopen_interfaces/include/canopen_interfaces/canopen_interfaces/srv/co_target_double.hpp
[1.025s] -- Up-to-date symlink: /home/ub2004/ros2_ws/install/canopen_interfaces/include/canopen_interfaces/canopen_interfaces/srv/co_write.hpp
[1.025s] -- Up-to-date symlink: /home/ub2004/ros2_ws/install/canopen_interfaces/include/canopen_interfaces/canopen_interfaces/srv/co_write_id.hpp
[1.025s] -- Up-to-date symlink: /home/ub2004/ros2_ws/install/canopen_interfaces/include/canopen_interfaces/canopen_interfaces/srv/detail/co_heartbeat_id__builder.hpp
[1.025s] -- Up-to-date symlink: /home/ub2004/ros2_ws/install/canopen_interfaces/include/canopen_interfaces/canopen_interfaces/srv/detail/co_heartbeat_id__struct.hpp
[1.025s] -- Up-to-date symlink: /home/ub2004/ros2_ws/install/canopen_interfaces/include/canopen_interfaces/canopen_interfaces/srv/detail/co_heartbeat_id__traits.hpp
[1.025s] -- Up-to-date symlink: /home/ub2004/ros2_ws/install/canopen_interfaces/include/canopen_interfaces/canopen_interfaces/srv/detail/co_heartbeat_id__type_support.hpp
[1.026s] -- Up-to-date symlink: /home/ub2004/ros2_ws/install/canopen_interfaces/include/canopen_interfaces/canopen_interfaces/srv/detail/co_nmt_id__builder.hpp
[1.026s] -- Up-to-date symlink: /home/ub2004/ros2_ws/install/canopen_interfaces/include/canopen_interfaces/canopen_interfaces/srv/detail/co_nmt_id__struct.hpp
[1.026s] -- Up-to-date symlink: /home/ub2004/ros2_ws/install/canopen_interfaces/include/canopen_interfaces/canopen_interfaces/srv/detail/co_nmt_id__traits.hpp
[1.026s] -- Up-to-date symlink: /home/ub2004/ros2_ws/install/canopen_interfaces/include/canopen_interfaces/canopen_interfaces/srv/detail/co_nmt_id__type_support.hpp
[1.026s] -- Up-to-date symlink: /home/ub2004/ros2_ws/install/canopen_interfaces/include/canopen_interfaces/canopen_interfaces/srv/detail/co_node__builder.hpp
[1.026s] -- Up-to-date symlink: /home/ub2004/ros2_ws/install/canopen_interfaces/include/canopen_interfaces/canopen_interfaces/srv/detail/co_node__struct.hpp
[1.026s] -- Up-to-date symlink: /home/ub2004/ros2_ws/install/canopen_interfaces/include/canopen_interfaces/canopen_interfaces/srv/detail/co_node__traits.hpp
[1.026s] -- Up-to-date symlink: /home/ub2004/ros2_ws/install/canopen_interfaces/include/canopen_interfaces/canopen_interfaces/srv/detail/co_node__type_support.hpp
[1.026s] -- Up-to-date symlink: /home/ub2004/ros2_ws/install/canopen_interfaces/include/canopen_interfaces/canopen_interfaces/srv/detail/co_read__builder.hpp
[1.026s] -- Up-to-date symlink: /home/ub2004/ros2_ws/install/canopen_interfaces/include/canopen_interfaces/canopen_interfaces/srv/detail/co_read__struct.hpp
[1.026s] -- Up-to-date symlink: /home/ub2004/ros2_ws/install/canopen_interfaces/include/canopen_interfaces/canopen_interfaces/srv/detail/co_read__traits.hpp
[1.026s] -- Up-to-date symlink: /home/ub2004/ros2_ws/install/canopen_interfaces/include/canopen_interfaces/canopen_interfaces/srv/detail/co_read__type_support.hpp
[1.026s] -- Up-to-date symlink: /home/ub2004/ros2_ws/install/canopen_interfaces/include/canopen_interfaces/canopen_interfaces/srv/detail/co_read_id__builder.hpp
[1.026s] -- Up-to-date symlink: /home/ub2004/ros2_ws/install/canopen_interfaces/include/canopen_interfaces/canopen_interfaces/srv/detail/co_read_id__struct.hpp
[1.026s] -- Up-to-date symlink: /home/ub2004/ros2_ws/install/canopen_interfaces/include/canopen_interfaces/canopen_interfaces/srv/detail/co_read_id__traits.hpp
[1.026s] -- Up-to-date symlink: /home/ub2004/ros2_ws/install/canopen_interfaces/include/canopen_interfaces/canopen_interfaces/srv/detail/co_read_id__type_support.hpp
[1.026s] -- Up-to-date symlink: /home/ub2004/ros2_ws/install/canopen_interfaces/include/canopen_interfaces/canopen_interfaces/srv/detail/co_target_double__builder.hpp
[1.026s] -- Up-to-date symlink: /home/ub2004/ros2_ws/install/canopen_interfaces/include/canopen_interfaces/canopen_interfaces/srv/detail/co_target_double__struct.hpp
[1.027s] -- Up-to-date symlink: /home/ub2004/ros2_ws/install/canopen_interfaces/include/canopen_interfaces/canopen_interfaces/srv/detail/co_target_double__traits.hpp
[1.027s] -- Up-to-date symlink: /home/ub2004/ros2_ws/install/canopen_interfaces/include/canopen_interfaces/canopen_interfaces/srv/detail/co_target_double__type_support.hpp
[1.027s] -- Up-to-date symlink: /home/ub2004/ros2_ws/install/canopen_interfaces/include/canopen_interfaces/canopen_interfaces/srv/detail/co_write__builder.hpp
[1.027s] -- Up-to-date symlink: /home/ub2004/ros2_ws/install/canopen_interfaces/include/canopen_interfaces/canopen_interfaces/srv/detail/co_write__struct.hpp
[1.027s] -- Up-to-date symlink: /home/ub2004/ros2_ws/install/canopen_interfaces/include/canopen_interfaces/canopen_interfaces/srv/detail/co_write__traits.hpp
[1.027s] -- Up-to-date symlink: /home/ub2004/ros2_ws/install/canopen_interfaces/include/canopen_interfaces/canopen_interfaces/srv/detail/co_write__type_support.hpp
[1.027s] -- Up-to-date symlink: /home/ub2004/ros2_ws/install/canopen_interfaces/include/canopen_interfaces/canopen_interfaces/srv/detail/co_write_id__builder.hpp
[1.027s] -- Up-to-date symlink: /home/ub2004/ros2_ws/install/canopen_interfaces/include/canopen_interfaces/canopen_interfaces/srv/detail/co_write_id__struct.hpp
[1.027s] -- Up-to-date symlink: /home/ub2004/ros2_ws/install/canopen_interfaces/include/canopen_interfaces/canopen_interfaces/srv/detail/co_write_id__traits.hpp
[1.027s] -- Up-to-date symlink: /home/ub2004/ros2_ws/install/canopen_interfaces/include/canopen_interfaces/canopen_interfaces/srv/detail/co_write_id__type_support.hpp
[1.027s] -- Up-to-date symlink: /home/ub2004/ros2_ws/install/canopen_interfaces/include/canopen_interfaces/canopen_interfaces/msg/detail/co_data__rosidl_typesupport_fastrtps_cpp.hpp
[1.027s] -- Up-to-date symlink: /home/ub2004/ros2_ws/install/canopen_interfaces/include/canopen_interfaces/canopen_interfaces/msg/rosidl_typesupport_fastrtps_cpp__visibility_control.h
[1.027s] -- Up-to-date symlink: /home/ub2004/ros2_ws/install/canopen_interfaces/include/canopen_interfaces/canopen_interfaces/srv/detail/co_heartbeat_id__rosidl_typesupport_fastrtps_cpp.hpp
[1.027s] -- Up-to-date symlink: /home/ub2004/ros2_ws/install/canopen_interfaces/include/canopen_interfaces/canopen_interfaces/srv/detail/co_nmt_id__rosidl_typesupport_fastrtps_cpp.hpp
[1.027s] -- Up-to-date symlink: /home/ub2004/ros2_ws/install/canopen_interfaces/include/canopen_interfaces/canopen_interfaces/srv/detail/co_node__rosidl_typesupport_fastrtps_cpp.hpp
