[0.031s] Invoking command in '/home/ub2004/ros2_ws/build/lely_core_libraries': CMAKE_PREFIX_PATH=${CMAKE_PREFIX_PATH}:/home/ub2004/ros2_ws/install/urdf_tutorial:/home/ub2004/ros2_ws/install/canopen_utils:/home/ub2004/ros2_ws/install/agv_pak:/opt/ros/humble /usr/bin/cmake /home/ub2004/ros2_ws/src/ros2_canopen/lely_core_libraries -DCMAKE_INSTALL_PREFIX=/home/ub2004/ros2_ws/install/lely_core_libraries
[0.372s] -- The C compiler identification is GNU 11.4.0
[0.372s] -- The CXX compiler identification is GNU 11.4.0
[0.372s] -- Detecting C compiler ABI info
[0.373s] -- Detecting C compiler ABI info - done
[0.373s] -- Check for working C compiler: /usr/bin/cc - skipped
[0.373s] -- Detecting C compile features
[0.373s] -- Detecting C compile features - done
[0.374s] -- Detecting CXX compiler ABI info
[0.374s] -- Detecting CXX compiler ABI info - done
[0.374s] -- Check for working CXX compiler: /usr/bin/c++ - skipped
[0.374s] -- Detecting CXX compile features
[0.374s] -- Detecting CXX compile features - done
[0.374s] -- Found ament_cmake: 1.3.11 (/opt/ros/humble/share/ament_cmake/cmake)
[0.552s] -- Found Python3: /usr/bin/python3 (found version "3.10.12") found components: Interpreter 
[0.893s] -- Configuring done
[0.901s] -- Generating done
[0.904s] -- Build files have been written to: /home/ub2004/ros2_ws/build/lely_core_libraries
[0.909s] Invoked command in '/home/ub2004/ros2_ws/build/lely_core_libraries' returned '0': CMAKE_PREFIX_PATH=${CMAKE_PREFIX_PATH}:/home/ub2004/ros2_ws/install/urdf_tutorial:/home/ub2004/ros2_ws/install/canopen_utils:/home/ub2004/ros2_ws/install/agv_pak:/opt/ros/humble /usr/bin/cmake /home/ub2004/ros2_ws/src/ros2_canopen/lely_core_libraries -DCMAKE_INSTALL_PREFIX=/home/ub2004/ros2_ws/install/lely_core_libraries
[0.912s] Invoking command in '/home/ub2004/ros2_ws/build/lely_core_libraries': CMAKE_PREFIX_PATH=${CMAKE_PREFIX_PATH}:/home/ub2004/ros2_ws/install/urdf_tutorial:/home/ub2004/ros2_ws/install/canopen_utils:/home/ub2004/ros2_ws/install/agv_pak:/opt/ros/humble /usr/bin/cmake --build /home/ub2004/ros2_ws/build/lely_core_libraries -- -j8 -l8
[0.971s] [ 12%] [34m[1mCreating directories for 'upstr_lely_core_libraries'[0m
[0.991s] [ 12%] Built target ament_cmake_python_copy_cogen
[0.995s] [ 12%] Built target ament_cmake_python_copy_cogen_setup
[1.088s] [ 25%] [34m[1mPerforming download step (git clone) for 'upstr_lely_core_libraries'[0m
[1.112s] 'upstream'에 복제합니다...
[1.471s] running egg_info
[1.472s] creating cogen.egg-info
[1.473s] writing cogen.egg-info/PKG-INFO
[1.473s] writing dependency_links to cogen.egg-info/dependency_links.txt
[1.473s] writing entry points to cogen.egg-info/entry_points.txt
[1.473s] writing top-level names to cogen.egg-info/top_level.txt
[1.473s] writing manifest file 'cogen.egg-info/SOURCES.txt'
[1.477s] reading manifest file 'cogen.egg-info/SOURCES.txt'
[1.478s] writing manifest file 'cogen.egg-info/SOURCES.txt'
[1.485s] running install_scripts
[1.489s] /usr/lib/python3/dist-packages/setuptools/command/install.py:34: SetuptoolsDeprecationWarning: setup.py install is deprecated. Use build and pip and other standards-based tools.
[1.489s]   warnings.warn(
[1.528s] [ 25%] Built target ament_cmake_python_build_cogen_egg
[1.531s] running egg_info
[1.538s] writing cogen.egg-info/PKG-INFO
[1.538s] writing dependency_links to cogen.egg-info/dependency_links.txt
[1.538s] writing entry points to cogen.egg-info/entry_points.txt
[1.538s] writing top-level names to cogen.egg-info/top_level.txt
[1.539s] reading manifest file 'cogen.egg-info/SOURCES.txt'
[1.540s] writing manifest file 'cogen.egg-info/SOURCES.txt'
[1.543s] Installing cogen script to scripts
[1.603s] [ 25%] Built target ament_cmake_python_build_cogen_scripts
[6.200s] HEAD의 현재 위치는 b63a0b6f co: fix co_time_of_day_set() to actually store the result
[6.262s] [ 37%] [34m[1mPerforming update step for 'upstr_lely_core_libraries'[0m
[6.308s] HEAD의 현재 위치는 b63a0b6f입니다 co: fix co_time_of_day_set() to actually store the result
[6.311s] configure.ac 패치를 확인하는 중입니다...
[6.311s] 패치 1번 부분 577번 줄에서 성공 (오프셋 8번 줄)
[6.311s] python/dcf-tools/Makefile.am 패치를 확인하는 중입니다...
[6.311s] configure.ac 패치 깔끔하게 적용.
[6.311s] python/dcf-tools/Makefile.am 패치 깔끔하게 적용.
[6.321s] [ 50%] [34m[1mNo patch step for 'upstr_lely_core_libraries'[0m
[6.351s] [ 62%] [34m[1mPerforming configure step for 'upstr_lely_core_libraries'[0m
[9.224s] libtoolize: putting auxiliary files in '.'.
[9.224s] libtoolize: copying file './ltmain.sh'
[9.250s] libtoolize: putting macros in AC_CONFIG_MACRO_DIRS, 'm4'.
[9.251s] libtoolize: copying file 'm4/libtool.m4'
[9.290s] libtoolize: copying file 'm4/ltoptions.m4'
[9.328s] libtoolize: copying file 'm4/ltsugar.m4'
[9.369s] libtoolize: copying file 'm4/ltversion.m4'
[9.407s] libtoolize: copying file 'm4/lt~obsolete.m4'
[11.052s] configure.ac:17: warning: The macro `AC_PROG_CC_STDC' is obsolete.
[11.052s] configure.ac:17: You should run autoupdate.
[11.053s] ./lib/autoconf/c.m4:1666: AC_PROG_CC_STDC is expanded from...
[11.053s] configure.ac:17: the top level
[11.053s] configure.ac:442: warning: AC_CHECK_HEADERS($ixxat_header): you should use literals
[11.053s] ./lib/autoconf/headers.m4:217: AC_CHECK_HEADERS is expanded from...
[11.053s] lib/m4sugar/m4sh.m4:699: AS_IF is expanded from...
[11.053s] lib/m4sugar/m4sh.m4:699: AS_IF is expanded from...
[11.053s] configure.ac:442: the top level
[12.065s] configure.ac:17: installing './compile'
[12.068s] configure.ac:6: installing './config.guess'
[12.071s] configure.ac:6: installing './config.sub'
[12.073s] configure.ac:7: installing './install-sh'
[12.076s] configure.ac:7: installing './missing'
[12.078s] configure.ac:610: installing './tap-driver.sh'
[12.323s] src/can/Makefile.am: installing './depcomp'
[12.902s] parallel-tests: installing './test-driver'
[13.119s] checking build system type... x86_64-pc-linux-gnu
[13.119s] checking host system type... x86_64-pc-linux-gnu
[13.119s] checking target system type... x86_64-pc-linux-gnu
[13.129s] checking for a BSD-compatible install... /usr/bin/install -c
[13.133s] checking whether build environment is sane... yes
[13.144s] checking for a race-free mkdir -p... /usr/bin/mkdir -p
[13.144s] checking for gawk... no
[13.145s] checking for mawk... mawk
[13.155s] checking whether make sets $(MAKE)... yes
[13.164s] checking whether make supports nested variables... yes
[13.171s] checking whether to enable maintainer-specific portions of Makefiles... yes
[13.171s] checking whether make supports nested variables... (cached) yes
[13.176s] checking for a sed that does not truncate output... /usr/bin/sed
[13.178s] checking whether to build with code coverage support... no
[13.179s] checking for valgrind... no
[13.190s] checking whether make supports the include directive... yes (GNU style)
[13.190s] checking for gcc... gcc
[13.261s] checking whether the C compiler works... yes
[13.261s] checking for C compiler default output file name... a.out
[13.298s] checking for suffix of executables... 
[13.341s] checking whether we are cross compiling... no
[13.365s] checking for suffix of object files... o
[13.386s] checking whether the compiler supports GNU C... yes
[13.406s] checking whether gcc accepts -g... yes
[13.454s] checking for gcc option to enable C11 features... none needed
[13.491s] checking whether gcc understands -c and -o together... yes
[13.528s] checking dependency style of gcc... gcc3
[13.549s] checking for stdio.h... yes
[13.577s] checking for stdlib.h... yes
[13.605s] checking for string.h... yes
[13.633s] checking for inttypes.h... yes
[13.662s] checking for stdint.h... yes
[13.693s] checking for strings.h... yes
[13.721s] checking for sys/stat.h... yes
[13.749s] checking for sys/types.h... yes
[13.785s] checking for unistd.h... yes
[13.822s] checking for wchar.h... yes
[13.859s] checking for minix/config.h... no
[13.900s] checking whether it is safe to define __EXTENSIONS__... yes
[13.927s] checking whether _XOPEN_SOURCE should be defined... no
[13.928s] checking for g++... g++
[13.978s] checking whether the compiler supports GNU C++... yes
[13.998s] checking whether g++ accepts -g... yes
[14.074s] checking for g++ option to enable C++11 features... none needed
[14.112s] checking dependency style of g++... gcc3
[14.156s] checking whether g++ supports C++11 features with -std=gnu++11... yes
[14.184s] checking how to print strings... printf
[14.184s] checking for a sed that does not truncate output... (cached) /usr/bin/sed
[14.188s] checking for grep that handles long lines and -e... /usr/bin/grep
[14.190s] checking for egrep... /usr/bin/grep -E
[14.193s] checking for fgrep... /usr/bin/grep -F
[14.198s] checking for ld used by gcc... /usr/bin/ld
[14.201s] checking if the linker (/usr/bin/ld) is GNU ld... yes
[14.204s] checking for BSD- or MS-compatible name lister (nm)... /usr/bin/nm -B
[14.228s] checking the name lister (/usr/bin/nm -B) interface... BSD nm
[14.228s] checking whether ln -s works... yes
[14.234s] checking the maximum length of command line arguments... 1572864
[14.237s] checking how to convert x86_64-pc-linux-gnu file names to x86_64-pc-linux-gnu format... func_convert_file_noop
[14.237s] checking how to convert x86_64-pc-linux-gnu file names to toolchain format... func_convert_file_noop
[14.238s] checking for /usr/bin/ld option to reload object files... -r
[14.238s] checking for objdump... objdump
[14.238s] checking how to recognize dependent libraries... pass_all
[14.239s] checking for dlltool... no
[14.239s] checking how to associate runtime and link libraries... printf %s\n
[14.239s] checking for ar... ar
[14.272s] checking for archiver @FILE support... @
[14.273s] checking for strip... strip
[14.273s] checking for ranlib... ranlib
[14.358s] checking command to parse /usr/bin/nm -B output from gcc object... ok
[14.361s] checking for sysroot... no
[14.368s] checking for a working dd... /usr/bin/dd
[14.374s] checking how to truncate binary pipes... /usr/bin/dd bs=4096 count=1
[14.391s] checking for mt... mt
[14.396s] checking if mt is a manifest tool... no
[14.450s] checking for dlfcn.h... yes
[14.456s] checking for objdir... .libs
[14.542s] checking if gcc supports -fno-rtti -fno-exceptions... no
[14.542s] checking for gcc option to produce PIC... -fPIC -DPIC
[14.563s] checking if gcc PIC flag -fPIC -DPIC works... yes
[14.647s] checking if gcc static flag -static works... yes
[14.682s] checking if gcc supports -c -o file.o... yes
[14.682s] checking if gcc supports -c -o file.o... (cached) yes
[14.693s] checking whether the gcc linker (/usr/bin/ld -m elf_x86_64) supports shared libraries... yes
[14.722s] checking whether -lc should be explicitly linked in... no
[14.784s] checking dynamic linker characteristics... GNU/Linux ld.so
[14.784s] checking how to hardcode library paths into programs... immediate
[14.787s] checking whether stripping libraries is possible... yes
[14.787s] checking if libtool supports shared libraries... yes
[14.787s] checking whether to build shared libraries... yes
[14.787s] checking whether to build static libraries... no
[14.820s] checking how to run the C++ preprocessor... g++ -std=gnu++11 -E
[14.926s] checking for ld used by g++ -std=gnu++11... /usr/bin/ld -m elf_x86_64
[14.929s] checking if the linker (/usr/bin/ld -m elf_x86_64) is GNU ld... yes
[14.938s] checking whether the g++ -std=gnu++11 linker (/usr/bin/ld -m elf_x86_64) supports shared libraries... yes
[15.022s] checking for g++ -std=gnu++11 option to produce PIC... -fPIC -DPIC
[15.046s] checking if g++ -std=gnu++11 PIC flag -fPIC -DPIC works... yes
[15.135s] checking if g++ -std=gnu++11 static flag -static works... yes
[15.170s] checking if g++ -std=gnu++11 supports -c -o file.o... yes
[15.170s] checking if g++ -std=gnu++11 supports -c -o file.o... (cached) yes
[15.170s] checking whether the g++ -std=gnu++11 linker (/usr/bin/ld -m elf_x86_64) supports shared libraries... yes
[15.178s] checking dynamic linker characteristics... (cached) GNU/Linux ld.so
[15.178s] checking how to hardcode library paths into programs... immediate
[15.179s] checking for windres... no
[15.251s] checking for timer_create in -lrt... yes
[15.283s] checking how to run the C preprocessor... gcc -E
[15.323s] checking whether gcc is Clang... no
[15.382s] checking whether pthreads work with "-pthread" and "-lpthread"... yes
[15.425s] checking for joinable pthread attribute... PTHREAD_CREATE_JOINABLE
[15.425s] checking whether more special flags are required for pthreads... no
[15.470s] checking for PTHREAD_PRIO_INHERIT... yes
[15.472s] checking for pkg-config... /usr/bin/pkg-config
[15.475s] checking pkg-config is at least version 0.9.0... yes
[15.481s] checking for cpputest >= 4... no
[15.524s] checking for valgrind/valgrind.h... no
[15.579s] checking for linux/can.h... yes
[15.631s] checking for linux/can/error.h... yes
[15.650s] checking for bluetooth/bluetooth.h... no
[15.672s] checking for bluetooth/rfcomm.h... no
[15.781s] checking for library containing str2ba... no
[15.835s] checking for ifaddrs.h... yes
[15.891s] checking for linux/can/netlink.h... yes
[15.942s] checking for linux/can/raw.h... yes
[16.012s] checking for linux/rtnetlink.h... yes
[16.063s] checking for sys/epoll.h... yes
[16.117s] checking for sys/ioctl.h... yes
[16.142s] checking for a Python interpreter with version >= 3.3... python3
[16.142s] checking for python3... /usr/bin/python3
[16.164s] checking for python3 version... 3.10
[16.187s] checking for python3 platform... linux
[16.187s] checking for GNU default python3 prefix... ${prefix}
[16.187s] checking for GNU default python3 exec_prefix... ${exec_prefix}
[16.224s] checking for python3 script directory (pythondir)... ${PYTHON_PREFIX}/lib/python3.10/site-packages
[16.264s] checking for python3 extension module directory (pyexecdir)... ${PYTHON_EXEC_PREFIX}/lib/python3.10/site-packages
[16.264s] checking for gawk... (cached) mawk
[16.296s] checking that generated files are newer than configure... done
[16.297s] configure: creating ./config.status
[17.298s] config.status: creating doc/Doxyfile
[17.323s] config.status: creating doc/Makefile
[17.344s] config.status: creating include/Makefile
[17.366s] config.status: creating pkgconfig/liblely-can.pc
[17.391s] config.status: creating pkgconfig/liblely-co.pc
[17.413s] config.status: creating pkgconfig/liblely-coapp.pc
[17.434s] config.status: creating pkgconfig/liblely-ev.pc
[17.455s] config.status: creating pkgconfig/liblely-io.pc
[17.478s] config.status: creating pkgconfig/liblely-io2.pc
[17.503s] config.status: creating pkgconfig/liblely-libc.pc
[17.527s] config.status: creating pkgconfig/liblely-libc_rt.pc
[17.552s] config.status: creating pkgconfig/liblely-tap.pc
[17.580s] config.status: creating pkgconfig/liblely-util.pc
[17.603s] config.status: creating pkgconfig/Makefile
[17.625s] config.status: creating python/can/Makefile
[17.651s] config.status: creating python/dcf-tools/Makefile
[17.678s] config.status: creating python/io/Makefile
[17.705s] config.status: creating python/Makefile
[17.727s] config.status: creating src/can/Makefile
[17.754s] config.status: creating src/co/Makefile
[17.784s] config.status: creating src/co/version.rc
[17.812s] config.status: creating src/coapp/Makefile
[17.840s] config.status: creating src/coapp/version.rc
[17.866s] config.status: creating src/ev/Makefile
[17.894s] config.status: creating src/ev/version.rc
[17.917s] config.status: creating src/io/Makefile
[17.940s] config.status: creating src/io2/Makefile
[17.964s] config.status: creating src/io2/version.rc
[17.989s] config.status: creating src/libc/Makefile
[18.010s] config.status: creating src/libc/version.rc
[18.031s] config.status: creating src/tap/Makefile
[18.053s] config.status: creating src/tap/version.rc
[18.075s] config.status: creating src/util/Makefile
[18.098s] config.status: creating src/util/version.rc
[18.118s] config.status: creating src/Makefile
[18.140s] config.status: creating tools/Makefile
[18.162s] config.status: creating tools/version.dcf2c.rc
[18.185s] config.status: creating test/co-nmt-master.dcf
[18.212s] config.status: creating test/Makefile
[18.234s] config.status: creating unit-tests/Makefile
[18.261s] config.status: creating exec-wrapper.sh
[18.279s] config.status: creating lcov-wrapper.sh
[18.299s] config.status: creating Makefile
[18.319s] config.status: creating config.h
[18.334s] config.status: executing depfiles commands
[19.756s] config.status: executing libtool commands
[19.839s] [ 75%] [34m[1mPerforming build step for 'upstr_lely_core_libraries'[0m
[19.859s] Making all in doc
[19.862s] Making all in include
[19.869s] Making all in src
[19.880s] Making all in libc
[19.885s]   CC       liblely_libc_la-clock.lo
[19.885s]   CC       liblely_libc_la-getopt.lo
[19.885s]   CC       liblely_libc_la-stdatomic.lo
[19.887s]   CC       liblely_libc_la-stdio.lo
[19.887s]   CC       liblely_libc_la-stdlib.lo
[19.890s]   CC       liblely_libc_la-string.lo
[19.891s]   CC       liblely_libc_la-strings.lo
[19.891s]   CC       liblely_libc_la-sleep.lo
[19.987s]   CC       liblely_libc_la-threads-pthread.lo
[19.991s]   CC       liblely_libc_la-time.lo
[20.059s]   CCLD     liblely-libc.la
[20.162s] Making all in tap
[20.166s]   CC       liblely_tap_la-tap.lo
[20.274s]   CCLD     liblely-tap.la
[20.410s] Making all in util
[20.415s]   CC       liblely_util_la-bimap.lo
[20.415s]   CC       liblely_util_la-mkjmp.lo
[20.416s]   CC       liblely_util_la-sllist.lo
[20.416s]   CC       liblely_util_la-spscring.lo
[20.417s]   CC       liblely_util_la-bits.lo
[20.417s]   CC       liblely_util_la-bitset.lo
[20.418s]   CC       liblely_util_la-cmp.lo
[20.421s]   CC       liblely_util_la-config.lo
[20.568s]   CC       liblely_util_la-config_ini.lo
[20.590s]   CC       liblely_util_la-daemon.lo
[20.631s]   CC       liblely_util_la-diag.lo
[20.647s]   CC       liblely_util_la-dllist.lo
[20.665s]   CC       liblely_util_la-endian.lo
[20.701s]   CC       liblely_util_la-errnum.lo
[20.732s]   CXX      liblely_util_la-exception.lo
[20.734s]   CC       liblely_util_la-fiber.lo
[20.830s]   CC       liblely_util_la-frbuf.lo
[20.840s]   CC       liblely_util_la-fwbuf.lo
[20.858s]   CC       liblely_util_la-lex.lo
[20.902s]   CC       liblely_util_la-membuf.lo
[20.907s]   CC       liblely_util_la-pheap.lo
[20.962s]   CC       liblely_util_la-print.lo
[21.019s]   CC       liblely_util_la-rbtree.lo
[21.098s]   CC       liblely_util_la-stop.lo
[21.129s]   CC       liblely_util_la-time.lo
[21.156s]   CC       liblely_util_la-ustring.lo
[21.473s]   CXXLD    liblely-util.la
[21.695s] Making all in can
[21.700s]   CC       liblely_can_la-buf.lo
[21.700s]   CC       liblely_can_la-msg.lo
[21.701s]   CC       liblely_can_la-net.lo
[21.701s]   CC       liblely_can_la-socket.lo
[22.032s]   CCLD     liblely-can.la
[22.204s] Making all in co
[22.210s]   CC       liblely_co_la-crc.lo
[22.210s]   CC       liblely_co_la-csdo.lo
[22.210s]   CC       liblely_co_la-dcf.lo
[22.215s]   CC       liblely_co_la-dev.lo
[22.215s]   CC       liblely_co_la-emcy.lo
[22.215s]   CC       liblely_co_la-gw.lo
[22.215s]   CC       liblely_co_la-gw_txt.lo
[22.216s]   CC       liblely_co_la-lss.lo
[22.336s]   CC       liblely_co_la-nmt.lo
[22.676s]   CC       liblely_co_la-nmt_boot.lo
[22.976s]   CC       liblely_co_la-nmt_cfg.lo
[23.036s]   CC       liblely_co_la-nmt_hb.lo
[23.144s]   CC       liblely_co_la-nmt_srv.lo
[23.245s]   CC       liblely_co_la-obj.lo
[23.325s]   CC       liblely_co_la-pdo.lo
[23.367s]   CC       liblely_co_la-rpdo.lo
[23.409s]   CC       liblely_co_la-sdev.lo
[23.470s]   CC       liblely_co_la-sdo.lo
[23.486s]   CC       liblely_co_la-ssdo.lo
[23.529s]   CC       liblely_co_la-sync.lo
[23.728s]   CC       liblely_co_la-time.lo
[23.747s]   CC       liblely_co_la-tpdo.lo
[23.823s]   CC       liblely_co_la-type.lo
[23.830s]   CC       liblely_co_la-val.lo
[23.880s]   CC       liblely_co_la-wtm.lo
[24.578s]   CCLD     liblely-co.la
[24.783s] Making all in io
[24.789s]   CC       liblely_io_la-addr.lo
[24.789s]   CC       liblely_io_la-attr.lo
[24.789s]   CC       liblely_io_la-can.lo
[24.792s]   CC       liblely_io_la-file.lo
[24.792s]   CC       liblely_io_la-handle.lo
[24.792s]   CC       liblely_io_la-if.lo
[24.792s]   CC       liblely_io_la-io.lo
[24.793s]   CC       liblely_io_la-pipe.lo
[24.976s]   CC       liblely_io_la-poll.lo
[24.979s]   CC       liblely_io_la-rtnl.lo
[24.988s]   CC       liblely_io_la-serial.lo
[24.994s]   CC       liblely_io_la-sock.lo
[25.460s]   CCLD     liblely-io.la
[25.636s] Making all in ev
[25.640s]   CC       liblely_ev_la-exec.lo
[25.641s]   CC       liblely_ev_la-fiber_exec.lo
[25.641s]   CC       liblely_ev_la-future.lo
[25.643s]   CC       liblely_ev_la-loop.lo
[25.646s]   CC       liblely_ev_la-poll.lo
[25.646s]   CC       liblely_ev_la-std_exec.lo
[25.646s]   CC       liblely_ev_la-task.lo
[25.646s]   CC       liblely_ev_la-strand.lo
[25.753s]   CC       liblely_ev_la-thrd_loop.lo
[26.072s]   CCLD     liblely-ev.la
[26.227s] Making all in io2
[26.241s]   CC       liblely_io2_la-can.lo
[26.241s]   CC       liblely_io2_la-can_net.lo
[26.242s]   CC       liblely_io2_la-can_rt.lo
[26.242s]   CC       liblely_io2_la-clock.lo
[26.242s]   CC       liblely_io2_la-ctx.lo
[26.242s]   CC       liblely_io2_la-dev.lo
[26.247s]   CC       liblely_io2_la-sigset.lo
[26.248s]   CC       liblely_io2_la-timer.lo
[26.352s]   CC       liblely_io2_la-tqueue.lo
[26.352s]   CC       liblely_io2_la-vcan.lo
[26.391s]   CC       can/liblely_io2_la-msg.lo
[26.398s]   CC       linux/liblely_io2_la-can_chan.lo
[26.409s]   CC       linux/liblely_io2_la-can_ctrl.lo
[26.436s]   CC       linux/liblely_io2_la-poll.lo
[26.508s]   CC       linux/liblely_io2_la-timer.lo
[26.732s]   CC       posix/liblely_io2_la-fd.lo
[26.735s]   CC       posix/liblely_io2_la-io.lo
[26.741s]   CC       posix/liblely_io2_la-sigset.lo
[26.786s]   CC       sys/liblely_io2_la-clock.lo
[26.866s]   CC       sys/liblely_io2_la-io.lo
[26.910s]   CC       user/liblely_io2_la-can.lo
[26.915s]   CC       user/liblely_io2_la-timer.lo
[27.339s]   CCLD     liblely-io2.la
[27.555s] Making all in coapp
[27.560s]   CXX      liblely_coapp_la-device.lo
[27.560s]   CXX      liblely_coapp_la-driver.lo
[27.561s]   CXX      liblely_coapp_la-fiber_driver.lo
[27.561s]   CXX      liblely_coapp_la-logical_driver.lo
[27.562s]   CXX      liblely_coapp_la-loop_driver.lo
[27.563s]   CXX      liblely_coapp_la-lss_master.lo
[27.566s]   CXX      liblely_coapp_la-master.lo
[27.566s]   CXX      liblely_coapp_la-node.lo
[28.695s]   CXX      liblely_coapp_la-sdo.lo
[28.993s]   CXX      liblely_coapp_la-sdo_error.lo
[29.552s]   CXX      liblely_coapp_la-slave.lo
[29.594s]   CXX      liblely_coapp_la-type_traits.lo
[34.026s]   CXXLD    liblely-coapp.la
[34.448s] Making all in python
[34.458s] Making all in dcf-tools
[34.466s] Making all in pkgconfig
[34.497s] [ 87%] [34m[1mNo install step for 'upstr_lely_core_libraries'[0m
[34.530s] [100%] [34m[1mCompleted 'upstr_lely_core_libraries'[0m
[34.571s] [100%] Built target upstr_lely_core_libraries
[34.584s] Invoked command in '/home/ub2004/ros2_ws/build/lely_core_libraries' returned '0': CMAKE_PREFIX_PATH=${CMAKE_PREFIX_PATH}:/home/ub2004/ros2_ws/install/urdf_tutorial:/home/ub2004/ros2_ws/install/canopen_utils:/home/ub2004/ros2_ws/install/agv_pak:/opt/ros/humble /usr/bin/cmake --build /home/ub2004/ros2_ws/build/lely_core_libraries -- -j8 -l8
[34.585s] Invoking command in '/home/ub2004/ros2_ws/build/lely_core_libraries': CMAKE_PREFIX_PATH=${CMAKE_PREFIX_PATH}:/home/ub2004/ros2_ws/install/urdf_tutorial:/home/ub2004/ros2_ws/install/canopen_utils:/home/ub2004/ros2_ws/install/agv_pak:/opt/ros/humble /usr/bin/cmake --install /home/ub2004/ros2_ws/build/lely_core_libraries
[34.594s] -- Install configuration: ""
[34.602s] Making install in doc
[34.604s] gmake[1]: 디렉터리 '/home/ub2004/ros2_ws/build/lely_core_libraries/build/doc' 들어감
[34.607s] gmake[2]: 디렉터리 '/home/ub2004/ros2_ws/build/lely_core_libraries/build/doc' 들어감
[34.607s] gmake[2]: 'install-exec-am'을(를) 위해 할 일이 없습니다.
[34.607s] gmake[2]: 'install-data-am'을(를) 위해 할 일이 없습니다.
[34.608s] gmake[2]: 디렉터리 '/home/ub2004/ros2_ws/build/lely_core_libraries/build/doc' 나감
[34.608s] gmake[1]: 디렉터리 '/home/ub2004/ros2_ws/build/lely_core_libraries/build/doc' 나감
[34.608s] Making install in include
[34.614s] gmake[1]: 디렉터리 '/home/ub2004/ros2_ws/build/lely_core_libraries/build/include' 들어감
[34.618s] gmake[2]: 디렉터리 '/home/ub2004/ros2_ws/build/lely_core_libraries/build/include' 들어감
[34.618s] gmake[2]: 'install-exec-am'을(를) 위해 할 일이 없습니다.
[34.623s]  /usr/bin/mkdir -p '/home/ub2004/ros2_ws/install/lely_core_libraries/include'
[34.632s]  /usr/bin/mkdir -p '/home/ub2004/ros2_ws/install/lely_core_libraries/include/lely/co'
[34.633s]  /usr/bin/install -c -m 644  /home/ub2004/ros2_ws/build/lely_core_libraries/upstream/include/lely/co/co.h /home/ub2004/ros2_ws/build/lely_core_libraries/upstream/include/lely/co/crc.h /home/ub2004/ros2_ws/build/lely_core_libraries/upstream/include/lely/co/csdo.h /home/ub2004/ros2_ws/build/lely_core_libraries/upstream/include/lely/co/csdo.hpp /home/ub2004/ros2_ws/build/lely_core_libraries/upstream/include/lely/co/dcf.h /home/ub2004/ros2_ws/build/lely_core_libraries/upstream/include/lely/co/dcf.hpp /home/ub2004/ros2_ws/build/lely_core_libraries/upstream/include/lely/co/dev.h /home/ub2004/ros2_ws/build/lely_core_libraries/upstream/include/lely/co/dev.hpp /home/ub2004/ros2_ws/build/lely_core_libraries/upstream/include/lely/co/emcy.h /home/ub2004/ros2_ws/build/lely_core_libraries/upstream/include/lely/co/emcy.hpp /home/ub2004/ros2_ws/build/lely_core_libraries/upstream/include/lely/co/gw.h /home/ub2004/ros2_ws/build/lely_core_libraries/upstream/include/lely/co/gw.hpp /home/ub2004/ros2_ws/build/lely_core_libraries/upstream/include/lely/co/gw_txt.h /home/ub2004/ros2_ws/build/lely_core_libraries/upstream/include/lely/co/gw_txt.hpp /home/ub2004/ros2_ws/build/lely_core_libraries/upstream/include/lely/co/lss.h /home/ub2004/ros2_ws/build/lely_core_libraries/upstream/include/lely/co/lss.hpp /home/ub2004/ros2_ws/build/lely_core_libraries/upstream/include/lely/co/nmt.h /home/ub2004/ros2_ws/build/lely_core_libraries/upstream/include/lely/co/nmt.hpp /home/ub2004/ros2_ws/build/lely_core_libraries/upstream/include/lely/co/obj.h /home/ub2004/ros2_ws/build/lely_core_libraries/upstream/include/lely/co/obj.hpp /home/ub2004/ros2_ws/build/lely_core_libraries/upstream/include/lely/co/pdo.h /home/ub2004/ros2_ws/build/lely_core_libraries/upstream/include/lely/co/rpdo.h /home/ub2004/ros2_ws/build/lely_core_libraries/upstream/include/lely/co/rpdo.hpp /home/ub2004/ros2_ws/build/lely_core_libraries/upstream/include/lely/co/sdev.h /home/ub2004/ros2_ws/build/lely_core_libraries/upstream/include/lely/co/sdev.hpp /home/ub2004/ros2_ws/build/lely_core_libraries/upstream/include/lely/co/sdo.h /home/ub2004/ros2_ws/build/lely_core_libraries/upstream/include/lely/co/ssdo.h /home/ub2004/ros2_ws/build/lely_core_libraries/upstream/include/lely/co/ssdo.hpp /home/ub2004/ros2_ws/build/lely_core_libraries/upstream/include/lely/co/sync.h /home/ub2004/ros2_ws/build/lely_core_libraries/upstream/include/lely/co/sync.hpp /home/ub2004/ros2_ws/build/lely_core_libraries/upstream/include/lely/co/time.h /home/ub2004/ros2_ws/build/lely_core_libraries/upstream/include/lely/co/time.hpp /home/ub2004/ros2_ws/build/lely_core_libraries/upstream/include/lely/co/tpdo.h /home/ub2004/ros2_ws/build/lely_core_libraries/upstream/include/lely/co/tpdo.hpp /home/ub2004/ros2_ws/build/lely_core_libraries/upstream/include/lely/co/type.h /home/ub2004/ros2_ws/build/lely_core_libraries/upstream/include/lely/co/type.hpp /home/ub2004/ros2_ws/build/lely_core_libraries/upstream/include/lely/co/val.h /home/ub2004/ros2_ws/build/lely_core_libraries/upstream/include/lely/co/val.hpp /home/ub2004/ros2_ws/build/lely_core_libraries/upstream/include/lely/co/wtm.h /home/ub2004/ros2_ws/build/lely_core_libraries/upstream/include/lely/co/wtm.hpp '/home/ub2004/ros2_ws/install/lely_core_libraries/include/lely/co'
[34.638s]  /usr/bin/mkdir -p '/home/ub2004/ros2_ws/install/lely_core_libraries/include/lely/io2/posix'
[34.639s]  /usr/bin/install -c -m 644  /home/ub2004/ros2_ws/build/lely_core_libraries/upstream/include/lely/io2/posix/poll.h /home/ub2004/ros2_ws/build/lely_core_libraries/upstream/include/lely/io2/posix/poll.hpp '/home/ub2004/ros2_ws/install/lely_core_libraries/include/lely/io2/posix'
[34.641s]  /usr/bin/mkdir -p '/home/ub2004/ros2_ws/install/lely_core_libraries/include/lely/can'
[34.643s]  /usr/bin/install -c -m 644  /home/ub2004/ros2_ws/build/lely_core_libraries/upstream/include/lely/can/buf.h /home/ub2004/ros2_ws/build/lely_core_libraries/upstream/include/lely/can/buf.hpp /home/ub2004/ros2_ws/build/lely_core_libraries/upstream/include/lely/can/err.h /home/ub2004/ros2_ws/build/lely_core_libraries/upstream/include/lely/can/msg.h /home/ub2004/ros2_ws/build/lely_core_libraries/upstream/include/lely/can/net.h /home/ub2004/ros2_ws/build/lely_core_libraries/upstream/include/lely/can/net.hpp /home/ub2004/ros2_ws/build/lely_core_libraries/upstream/include/lely/can/socket.h '/home/ub2004/ros2_ws/install/lely_core_libraries/include/lely/can'
[34.646s]  /usr/bin/mkdir -p '/home/ub2004/ros2_ws/install/lely_core_libraries/include/lely/ev'
[34.648s]  /usr/bin/install -c -m 644  /home/ub2004/ros2_ws/build/lely_core_libraries/upstream/include/lely/ev/co_task.hpp /home/ub2004/ros2_ws/build/lely_core_libraries/upstream/include/lely/ev/ev.h /home/ub2004/ros2_ws/build/lely_core_libraries/upstream/include/lely/ev/exec.h /home/ub2004/ros2_ws/build/lely_core_libraries/upstream/include/lely/ev/exec.hpp /home/ub2004/ros2_ws/build/lely_core_libraries/upstream/include/lely/ev/fiber_exec.h /home/ub2004/ros2_ws/build/lely_core_libraries/upstream/include/lely/ev/fiber_exec.hpp /home/ub2004/ros2_ws/build/lely_core_libraries/upstream/include/lely/ev/future.h /home/ub2004/ros2_ws/build/lely_core_libraries/upstream/include/lely/ev/future.hpp /home/ub2004/ros2_ws/build/lely_core_libraries/upstream/include/lely/ev/loop.h /home/ub2004/ros2_ws/build/lely_core_libraries/upstream/include/lely/ev/loop.hpp /home/ub2004/ros2_ws/build/lely_core_libraries/upstream/include/lely/ev/poll.h /home/ub2004/ros2_ws/build/lely_core_libraries/upstream/include/lely/ev/poll.hpp /home/ub2004/ros2_ws/build/lely_core_libraries/upstream/include/lely/ev/std_exec.h /home/ub2004/ros2_ws/build/lely_core_libraries/upstream/include/lely/ev/strand.h /home/ub2004/ros2_ws/build/lely_core_libraries/upstream/include/lely/ev/strand.hpp /home/ub2004/ros2_ws/build/lely_core_libraries/upstream/include/lely/ev/task.h /home/ub2004/ros2_ws/build/lely_core_libraries/upstream/include/lely/ev/task.hpp /home/ub2004/ros2_ws/build/lely_core_libraries/upstream/include/lely/ev/thrd_loop.h /home/ub2004/ros2_ws/build/lely_core_libraries/upstream/include/lely/ev/thrd_loop.hpp '/home/ub2004/ros2_ws/install/lely_core_libraries/include/lely/ev'
[34.651s]  /usr/bin/mkdir -p '/home/ub2004/ros2_ws/install/lely_core_libraries/include/lely/co/def'
[34.653s]  /usr/bin/install -c -m 644  /home/ub2004/ros2_ws/build/lely_core_libraries/upstream/include/lely/co/def/array.def /home/ub2004/ros2_ws/build/lely_core_libraries/upstream/include/lely/co/def/basic.def /home/ub2004/ros2_ws/build/lely_core_libraries/upstream/include/lely/co/def/cxx.def /home/ub2004/ros2_ws/build/lely_core_libraries/upstream/include/lely/co/def/time.def /home/ub2004/ros2_ws/build/lely_core_libraries/upstream/include/lely/co/def/type.def '/home/ub2004/ros2_ws/install/lely_core_libraries/include/lely/co/def'
[34.656s]  /usr/bin/mkdir -p '/home/ub2004/ros2_ws/install/lely_core_libraries/include/lely'
[34.658s]  /usr/bin/install -c -m 644  /home/ub2004/ros2_ws/build/lely_core_libraries/upstream/include/lely/features.h '/home/ub2004/ros2_ws/install/lely_core_libraries/include/lely'
[34.661s]  /usr/bin/mkdir -p '/home/ub2004/ros2_ws/install/lely_core_libraries/include/lely/io'
[34.662s]  /usr/bin/install -c -m 644  /home/ub2004/ros2_ws/build/lely_core_libraries/upstream/include/lely/io/addr.h /home/ub2004/ros2_ws/build/lely_core_libraries/upstream/include/lely/io/attr.h /home/ub2004/ros2_ws/build/lely_core_libraries/upstream/include/lely/io/can.h /home/ub2004/ros2_ws/build/lely_core_libraries/upstream/include/lely/io/can.hpp /home/ub2004/ros2_ws/build/lely_core_libraries/upstream/include/lely/io/file.h /home/ub2004/ros2_ws/build/lely_core_libraries/upstream/include/lely/io/file.hpp /home/ub2004/ros2_ws/build/lely_core_libraries/upstream/include/lely/io/if.h /home/ub2004/ros2_ws/build/lely_core_libraries/upstream/include/lely/io/io.h /home/ub2004/ros2_ws/build/lely_core_libraries/upstream/include/lely/io/io.hpp /home/ub2004/ros2_ws/build/lely_core_libraries/upstream/include/lely/io/pipe.h /home/ub2004/ros2_ws/build/lely_core_libraries/upstream/include/lely/io/pipe.hpp /home/ub2004/ros2_ws/build/lely_core_libraries/upstream/include/lely/io/poll.h /home/ub2004/ros2_ws/build/lely_core_libraries/upstream/include/lely/io/poll.hpp /home/ub2004/ros2_ws/build/lely_core_libraries/upstream/include/lely/io/serial.h /home/ub2004/ros2_ws/build/lely_core_libraries/upstream/include/lely/io/serial.hpp /home/ub2004/ros2_ws/build/lely_core_libraries/upstream/include/lely/io/sock.h /home/ub2004/ros2_ws/build/lely_core_libraries/upstream/include/lely/io/sock.hpp '/home/ub2004/ros2_ws/install/lely_core_libraries/include/lely/io'
[34.665s]  /usr/bin/mkdir -p '/home/ub2004/ros2_ws/install/lely_core_libraries/include/lely/util/def'
[34.667s]  /usr/bin/install -c -m 644  /home/ub2004/ros2_ws/build/lely_core_libraries/upstream/include/lely/util/def/type.def '/home/ub2004/ros2_ws/install/lely_core_libraries/include/lely/util/def'
[34.668s]  /usr/bin/mkdir -p '/home/ub2004/ros2_ws/install/lely_core_libraries/include/lely/co/detail'
[34.670s]  /usr/bin/install -c -m 644  /home/ub2004/ros2_ws/build/lely_core_libraries/upstream/include/lely/co/detail/dev.h /home/ub2004/ros2_ws/build/lely_core_libraries/upstream/include/lely/co/detail/obj.h '/home/ub2004/ros2_ws/install/lely_core_libraries/include/lely/co/detail'
[34.672s]  /usr/bin/mkdir -p '/home/ub2004/ros2_ws/install/lely_core_libraries/include/lely/io2/can'
[34.674s]  /usr/bin/install -c -m 644  /home/ub2004/ros2_ws/build/lely_core_libraries/upstream/include/lely/io2/can/err.h /home/ub2004/ros2_ws/build/lely_core_libraries/upstream/include/lely/io2/can/err.hpp /home/ub2004/ros2_ws/build/lely_core_libraries/upstream/include/lely/io2/can/msg.h /home/ub2004/ros2_ws/build/lely_core_libraries/upstream/include/lely/io2/can/msg.hpp '/home/ub2004/ros2_ws/install/lely_core_libraries/include/lely/io2/can'
[34.676s]  /usr/bin/mkdir -p '/home/ub2004/ros2_ws/install/lely_core_libraries/include/lely/coapp'
[34.678s]  /usr/bin/install -c -m 644  /home/ub2004/ros2_ws/build/lely_core_libraries/upstream/include/lely/coapp/type_traits.hpp /home/ub2004/ros2_ws/build/lely_core_libraries/upstream/include/lely/coapp/device.hpp /home/ub2004/ros2_ws/build/lely_core_libraries/upstream/include/lely/coapp/driver.hpp /home/ub2004/ros2_ws/build/lely_core_libraries/upstream/include/lely/coapp/fiber_driver.hpp /home/ub2004/ros2_ws/build/lely_core_libraries/upstream/include/lely/coapp/logical_driver.hpp /home/ub2004/ros2_ws/build/lely_core_libraries/upstream/include/lely/coapp/loop_driver.hpp /home/ub2004/ros2_ws/build/lely_core_libraries/upstream/include/lely/coapp/lss_master.hpp /home/ub2004/ros2_ws/build/lely_core_libraries/upstream/include/lely/coapp/master.hpp /home/ub2004/ros2_ws/build/lely_core_libraries/upstream/include/lely/coapp/node.hpp /home/ub2004/ros2_ws/build/lely_core_libraries/upstream/include/lely/coapp/sdo.hpp /home/ub2004/ros2_ws/build/lely_core_libraries/upstream/include/lely/coapp/sdo_error.hpp /home/ub2004/ros2_ws/build/lely_core_libraries/upstream/include/lely/coapp/slave.hpp '/home/ub2004/ros2_ws/install/lely_core_libraries/include/lely/coapp'
[34.682s]  /usr/bin/mkdir -p '/home/ub2004/ros2_ws/install/lely_core_libraries/include/lely/io2'
[34.683s]  /usr/bin/install -c -m 644  /home/ub2004/ros2_ws/build/lely_core_libraries/upstream/include/lely/io2/can.h /home/ub2004/ros2_ws/build/lely_core_libraries/upstream/include/lely/io2/can.hpp /home/ub2004/ros2_ws/build/lely_core_libraries/upstream/include/lely/io2/can_net.h /home/ub2004/ros2_ws/build/lely_core_libraries/upstream/include/lely/io2/can_net.hpp /home/ub2004/ros2_ws/build/lely_core_libraries/upstream/include/lely/io2/can_rt.h /home/ub2004/ros2_ws/build/lely_core_libraries/upstream/include/lely/io2/can_rt.hpp /home/ub2004/ros2_ws/build/lely_core_libraries/upstream/include/lely/io2/clock.h /home/ub2004/ros2_ws/build/lely_core_libraries/upstream/include/lely/io2/clock.hpp /home/ub2004/ros2_ws/build/lely_core_libraries/upstream/include/lely/io2/co_can.hpp /home/ub2004/ros2_ws/build/lely_core_libraries/upstream/include/lely/io2/co_can_rt.hpp /home/ub2004/ros2_ws/build/lely_core_libraries/upstream/include/lely/io2/co_sigset.hpp /home/ub2004/ros2_ws/build/lely_core_libraries/upstream/include/lely/io2/co_timer.hpp /home/ub2004/ros2_ws/build/lely_core_libraries/upstream/include/lely/io2/co_tqueue.hpp /home/ub2004/ros2_ws/build/lely_core_libraries/upstream/include/lely/io2/ctx.h /home/ub2004/ros2_ws/build/lely_core_libraries/upstream/include/lely/io2/ctx.hpp /home/ub2004/ros2_ws/build/lely_core_libraries/upstream/include/lely/io2/dev.h /home/ub2004/ros2_ws/build/lely_core_libraries/upstream/include/lely/io2/dev.hpp /home/ub2004/ros2_ws/build/lely_core_libraries/upstream/include/lely/io2/event.h /home/ub2004/ros2_ws/build/lely_core_libraries/upstream/include/lely/io2/event.hpp /home/ub2004/ros2_ws/build/lely_core_libraries/upstream/include/lely/io2/io2.h /home/ub2004/ros2_ws/build/lely_core_libraries/upstream/include/lely/io2/sigset.h /home/ub2004/ros2_ws/build/lely_core_libraries/upstream/include/lely/io2/sigset.hpp /home/ub2004/ros2_ws/build/lely_core_libraries/upstream/include/lely/io2/timer.h /home/ub2004/ros2_ws/build/lely_core_libraries/upstream/include/lely/io2/timer.hpp /home/ub2004/ros2_ws/build/lely_core_libraries/upstream/include/lely/io2/tqueue.h /home/ub2004/ros2_ws/build/lely_core_libraries/upstream/include/lely/io2/tqueue.hpp /home/ub2004/ros2_ws/build/lely_core_libraries/upstream/include/lely/io2/vcan.h /home/ub2004/ros2_ws/build/lely_core_libraries/upstream/include/lely/io2/vcan.hpp '/home/ub2004/ros2_ws/install/lely_core_libraries/include/lely/io2'
[34.687s]  /usr/bin/mkdir -p '/home/ub2004/ros2_ws/install/lely_core_libraries/include/lely/io2/linux'
[34.688s]  /usr/bin/install -c -m 644  /home/ub2004/ros2_ws/build/lely_core_libraries/upstream/include/lely/io2/linux/can.h /home/ub2004/ros2_ws/build/lely_core_libraries/upstream/include/lely/io2/linux/can.hpp '/home/ub2004/ros2_ws/install/lely_core_libraries/include/lely/io2/linux'
[34.690s]  /usr/bin/mkdir -p '/home/ub2004/ros2_ws/install/lely_core_libraries/include/lely/libc/sys'
[34.692s]  /usr/bin/install -c -m 644  /home/ub2004/ros2_ws/build/lely_core_libraries/upstream/include/lely/libc/sys/types.h '/home/ub2004/ros2_ws/install/lely_core_libraries/include/lely/libc/sys'
[34.694s]  /usr/bin/mkdir -p '/home/ub2004/ros2_ws/install/lely_core_libraries/include/lely/io2/user'
[34.695s]  /usr/bin/install -c -m 644  /home/ub2004/ros2_ws/build/lely_core_libraries/upstream/include/lely/io2/user/can.h /home/ub2004/ros2_ws/build/lely_core_libraries/upstream/include/lely/io2/user/can.hpp /home/ub2004/ros2_ws/build/lely_core_libraries/upstream/include/lely/io2/user/timer.h /home/ub2004/ros2_ws/build/lely_core_libraries/upstream/include/lely/io2/user/timer.hpp '/home/ub2004/ros2_ws/install/lely_core_libraries/include/lely/io2/user'
[34.698s]  /usr/bin/mkdir -p '/home/ub2004/ros2_ws/install/lely_core_libraries/include/lely/io2/sys'
[34.700s]  /usr/bin/install -c -m 644  /home/ub2004/ros2_ws/build/lely_core_libraries/upstream/include/lely/io2/sys/clock.h /home/ub2004/ros2_ws/build/lely_core_libraries/upstream/include/lely/io2/sys/clock.hpp /home/ub2004/ros2_ws/build/lely_core_libraries/upstream/include/lely/io2/sys/io.h /home/ub2004/ros2_ws/build/lely_core_libraries/upstream/include/lely/io2/sys/io.hpp /home/ub2004/ros2_ws/build/lely_core_libraries/upstream/include/lely/io2/sys/sigset.h /home/ub2004/ros2_ws/build/lely_core_libraries/upstream/include/lely/io2/sys/sigset.hpp /home/ub2004/ros2_ws/build/lely_core_libraries/upstream/include/lely/io2/sys/timer.h /home/ub2004/ros2_ws/build/lely_core_libraries/upstream/include/lely/io2/sys/timer.hpp '/home/ub2004/ros2_ws/install/lely_core_libraries/include/lely/io2/sys'
[34.702s]  /usr/bin/mkdir -p '/home/ub2004/ros2_ws/install/lely_core_libraries/include/lely/tap'
[34.703s]  /usr/bin/install -c -m 644  /home/ub2004/ros2_ws/build/lely_core_libraries/upstream/include/lely/tap/tap.h '/home/ub2004/ros2_ws/install/lely_core_libraries/include/lely/tap'
[34.707s]  /usr/bin/mkdir -p '/home/ub2004/ros2_ws/install/lely_core_libraries/include/lely/util'
[34.708s]  /usr/bin/install -c -m 644  /home/ub2004/ros2_ws/build/lely_core_libraries/upstream/include/lely/util/bimap.h /home/ub2004/ros2_ws/build/lely_core_libraries/upstream/include/lely/util/coroutine.h /home/ub2004/ros2_ws/build/lely_core_libraries/upstream/include/lely/util/coroutine.hpp /home/ub2004/ros2_ws/build/lely_core_libraries/upstream/include/lely/util/mkjmp.h /home/ub2004/ros2_ws/build/lely_core_libraries/upstream/include/lely/util/sllist.h /home/ub2004/ros2_ws/build/lely_core_libraries/upstream/include/lely/util/spscring.h /home/ub2004/ros2_ws/build/lely_core_libraries/upstream/include/lely/util/bits.h /home/ub2004/ros2_ws/build/lely_core_libraries/upstream/include/lely/util/bitset.h /home/ub2004/ros2_ws/build/lely_core_libraries/upstream/include/lely/util/c_call.hpp /home/ub2004/ros2_ws/build/lely_core_libraries/upstream/include/lely/util/c_type.hpp /home/ub2004/ros2_ws/build/lely_core_libraries/upstream/include/lely/util/chrono.hpp /home/ub2004/ros2_ws/build/lely_core_libraries/upstream/include/lely/util/cmp.h /home/ub2004/ros2_ws/build/lely_core_libraries/upstream/include/lely/util/config.h /home/ub2004/ros2_ws/build/lely_core_libraries/upstream/include/lely/util/daemon.h /home/ub2004/ros2_ws/build/lely_core_libraries/upstream/include/lely/util/diag.h /home/ub2004/ros2_ws/build/lely_core_libraries/upstream/include/lely/util/dllist.h /home/ub2004/ros2_ws/build/lely_core_libraries/upstream/include/lely/util/endian.h /home/ub2004/ros2_ws/build/lely_core_libraries/upstream/include/lely/util/errnum.h /home/ub2004/ros2_ws/build/lely_core_libraries/upstream/include/lely/util/error.hpp /home/ub2004/ros2_ws/build/lely_core_libraries/upstream/include/lely/util/exception.hpp /home/ub2004/ros2_ws/build/lely_core_libraries/upstream/include/lely/util/fiber.h /home/ub2004/ros2_ws/build/lely_core_libraries/upstream/include/lely/util/fiber.hpp /home/ub2004/ros2_ws/build/lely_core_libraries/upstream/include/lely/util/float.h /home/ub2004/ros2_ws/build/lely_core_libraries/upstream/include/lely/util/frbuf.h /home/ub2004/ros2_ws/build/lely_core_libraries/upstream/include/lely/util/fwbuf.h /home/ub2004/ros2_ws/build/lely_core_libraries/upstream/include/lely/util/invoker.hpp /home/ub2004/ros2_ws/build/lely_core_libraries/upstream/include/lely/util/lex.h /home/ub2004/ros2_ws/build/lely_core_libraries/upstream/include/lely/util/membuf.h /home/ub2004/ros2_ws/build/lely_core_libraries/upstream/include/lely/util/mutex.hpp /home/ub2004/ros2_ws/build/lely_core_libraries/upstream/include/lely/util/pheap.h /home/ub2004/ros2_ws/build/lely_core_libraries/upstream/include/lely/util/print.h /home/ub2004/ros2_ws/build/lely_core_libraries/upstream/include/lely/util/rbtree.h /home/ub2004/ros2_ws/build/lely_core_libraries/upstream/include/lely/util/result.hpp /home/ub2004/ros2_ws/build/lely_core_libraries/upstream/include/lely/util/stop.h /home/ub2004/ros2_ws/build/lely_core_libraries/upstream/include/lely/util/stop.hpp /home/ub2004/ros2_ws/build/lely_core_libraries/upstream/include/lely/util/time.h /home/ub2004/ros2_ws/build/lely_core_libraries/upstream/include/lely/util/ustring.h /home/ub2004/ros2_ws/build/lely_core_libraries/upstream/include/lely/util/util.h '/home/ub2004/ros2_ws/install/lely_core_libraries/include/lely/util'
[34.713s]  /usr/bin/mkdir -p '/home/ub2004/ros2_ws/install/lely_core_libraries/include/lely/libc'
[34.714s]  /usr/bin/install -c -m 644  /home/ub2004/ros2_ws/build/lely_core_libraries/upstream/include/lely/libc/chrono.hpp /home/ub2004/ros2_ws/build/lely_core_libraries/upstream/include/lely/libc/functional.hpp /home/ub2004/ros2_ws/build/lely_core_libraries/upstream/include/lely/libc/stdatomic.h /home/ub2004/ros2_ws/build/lely_core_libraries/upstream/include/lely/libc/stddef.h /home/ub2004/ros2_ws/build/lely_core_libraries/upstream/include/lely/libc/stdint.h /home/ub2004/ros2_ws/build/lely_core_libraries/upstream/include/lely/libc/stdio.h /home/ub2004/ros2_ws/build/lely_core_libraries/upstream/include/lely/libc/stdlib.h /home/ub2004/ros2_ws/build/lely_core_libraries/upstream/include/lely/libc/string.h /home/ub2004/ros2_ws/build/lely_core_libraries/upstream/include/lely/libc/strings.h /home/ub2004/ros2_ws/build/lely_core_libraries/upstream/include/lely/libc/threads.h /home/ub2004/ros2_ws/build/lely_core_libraries/upstream/include/lely/libc/time.h /home/ub2004/ros2_ws/build/lely_core_libraries/upstream/include/lely/libc/type_traits.hpp /home/ub2004/ros2_ws/build/lely_core_libraries/upstream/include/lely/libc/uchar.h /home/ub2004/ros2_ws/build/lely_core_libraries/upstream/include/lely/libc/unistd.h /home/ub2004/ros2_ws/build/lely_core_libraries/upstream/include/lely/libc/utility.hpp '/home/ub2004/ros2_ws/install/lely_core_libraries/include/lely/libc'
[34.717s] gmake[2]: 디렉터리 '/home/ub2004/ros2_ws/build/lely_core_libraries/build/include' 나감
[34.717s] gmake[1]: 디렉터리 '/home/ub2004/ros2_ws/build/lely_core_libraries/build/include' 나감
[34.718s] Making install in src
[34.720s] gmake[1]: 디렉터리 '/home/ub2004/ros2_ws/build/lely_core_libraries/build/src' 들어감
[34.725s] Making install in libc
[34.734s] gmake[2]: 디렉터리 '/home/ub2004/ros2_ws/build/lely_core_libraries/build/src/libc' 들어감
[34.743s] gmake[3]: 디렉터리 '/home/ub2004/ros2_ws/build/lely_core_libraries/build/src/libc' 들어감
[34.745s]  /usr/bin/mkdir -p '/home/ub2004/ros2_ws/install/lely_core_libraries/lib'
[34.747s]  /bin/bash ../../libtool   --mode=install /usr/bin/install -c   liblely-libc.la '/home/ub2004/ros2_ws/install/lely_core_libraries/lib'
[34.768s] libtool: install: /usr/bin/install -c .libs/liblely-libc.so.2.4.0 /home/ub2004/ros2_ws/install/lely_core_libraries/lib/liblely-libc.so.2.4.0
[34.770s] libtool: install: (cd /home/ub2004/ros2_ws/install/lely_core_libraries/lib && { ln -s -f liblely-libc.so.2.4.0 liblely-libc.so.2 || { rm -f liblely-libc.so.2 && ln -s liblely-libc.so.2.4.0 liblely-libc.so.2; }; })
[34.772s] libtool: install: (cd /home/ub2004/ros2_ws/install/lely_core_libraries/lib && { ln -s -f liblely-libc.so.2.4.0 liblely-libc.so || { rm -f liblely-libc.so && ln -s liblely-libc.so.2.4.0 liblely-libc.so; }; })
[34.774s] libtool: install: /usr/bin/install -c .libs/liblely-libc.lai /home/ub2004/ros2_ws/install/lely_core_libraries/lib/liblely-libc.la
[34.803s] libtool: finish: PATH="/home/ub2004/ros2_ws/install/lely_core_libraries/bin:/opt/ros/humble/bin:/home/ub2004/.local/bin:/usr/local/sbin:/usr/local/bin:/usr/sbin:/usr/bin:/sbin:/bin:/usr/games:/usr/local/games:/snap/bin:/snap/bin:/sbin" ldconfig -n /home/ub2004/ros2_ws/install/lely_core_libraries/lib
[34.815s] ----------------------------------------------------------------------
[34.815s] Libraries have been installed in:
[34.815s]    /home/ub2004/ros2_ws/install/lely_core_libraries/lib
[34.815s] 
[34.815s] If you ever happen to want to link against installed libraries
[34.815s] in a given directory, LIBDIR, you must either use libtool, and
[34.816s] specify the full pathname of the library, or use the '-LLIBDIR'
[34.816s] flag during linking and do at least one of the following:
[34.816s]    - add LIBDIR to the 'LD_LIBRARY_PATH' environment variable
[34.816s]      during execution
[34.816s]    - add LIBDIR to the 'LD_RUN_PATH' environment variable
[34.816s]      during linking
[34.816s]    - use the '-Wl,-rpath -Wl,LIBDIR' linker flag
[34.816s]    - have your system administrator add LIBDIR to '/etc/ld.so.conf'
[34.816s] 
[34.816s] See any operating system documentation about shared libraries for
[34.816s] more information, such as the ld(1) and ld.so(8) manual pages.
[34.816s] ----------------------------------------------------------------------
[34.820s] gmake[3]: 디렉터리 '/home/ub2004/ros2_ws/build/lely_core_libraries/build/src/libc' 나감
[34.820s] gmake[2]: 디렉터리 '/home/ub2004/ros2_ws/build/lely_core_libraries/build/src/libc' 나감
[34.820s] Making install in tap
[34.826s] gmake[2]: 디렉터리 '/home/ub2004/ros2_ws/build/lely_core_libraries/build/src/tap' 들어감
[34.834s] gmake[3]: 디렉터리 '/home/ub2004/ros2_ws/build/lely_core_libraries/build/src/tap' 들어감
[34.835s]  /usr/bin/mkdir -p '/home/ub2004/ros2_ws/install/lely_core_libraries/lib'
[34.837s]  /bin/bash ../../libtool   --mode=install /usr/bin/install -c   liblely-tap.la '/home/ub2004/ros2_ws/install/lely_core_libraries/lib'
[34.866s] libtool: warning: relinking 'liblely-tap.la'
[34.869s] libtool: install: (cd /home/ub2004/ros2_ws/build/lely_core_libraries/build/src/tap; /bin/bash "/home/ub2004/ros2_ws/build/lely_core_libraries/build/libtool"  --silent --tag CC --mode=relink gcc -Wall -Wextra -pedantic -Werror -Wno-static-in-inline -pthread -g -O2 -no-undefined -version-number 2:4:0 -Wl,--as-needed -o liblely-tap.la -rpath /home/ub2004/ros2_ws/install/lely_core_libraries/lib liblely_tap_la-tap.lo ../../src/libc/liblely-libc.la -lpthread )
[34.967s] libtool: install: /usr/bin/install -c .libs/liblely-tap.so.2.4.0T /home/ub2004/ros2_ws/install/lely_core_libraries/lib/liblely-tap.so.2.4.0
[34.969s] libtool: install: (cd /home/ub2004/ros2_ws/install/lely_core_libraries/lib && { ln -s -f liblely-tap.so.2.4.0 liblely-tap.so.2 || { rm -f liblely-tap.so.2 && ln -s liblely-tap.so.2.4.0 liblely-tap.so.2; }; })
[34.971s] libtool: install: (cd /home/ub2004/ros2_ws/install/lely_core_libraries/lib && { ln -s -f liblely-tap.so.2.4.0 liblely-tap.so || { rm -f liblely-tap.so && ln -s liblely-tap.so.2.4.0 liblely-tap.so; }; })
[34.973s] libtool: install: /usr/bin/install -c .libs/liblely-tap.lai /home/ub2004/ros2_ws/install/lely_core_libraries/lib/liblely-tap.la
[35.002s] libtool: finish: PATH="/home/ub2004/ros2_ws/install/lely_core_libraries/bin:/opt/ros/humble/bin:/home/ub2004/.local/bin:/usr/local/sbin:/usr/local/bin:/usr/sbin:/usr/bin:/sbin:/bin:/usr/games:/usr/local/games:/snap/bin:/snap/bin:/sbin" ldconfig -n /home/ub2004/ros2_ws/install/lely_core_libraries/lib
[35.004s] ----------------------------------------------------------------------
[35.004s] Libraries have been installed in:
[35.004s]    /home/ub2004/ros2_ws/install/lely_core_libraries/lib
[35.004s] 
[35.004s] If you ever happen to want to link against installed libraries
[35.005s] in a given directory, LIBDIR, you must either use libtool, and
[35.005s] specify the full pathname of the library, or use the '-LLIBDIR'
[35.005s] flag during linking and do at least one of the following:
[35.005s]    - add LIBDIR to the 'LD_LIBRARY_PATH' environment variable
[35.005s]      during execution
[35.005s]    - add LIBDIR to the 'LD_RUN_PATH' environment variable
[35.005s]      during linking
[35.005s]    - use the '-Wl,-rpath -Wl,LIBDIR' linker flag
[35.005s]    - have your system administrator add LIBDIR to '/etc/ld.so.conf'
[35.005s] 
[35.005s] See any operating system documentation about shared libraries for
[35.005s] more information, such as the ld(1) and ld.so(8) manual pages.
[35.005s] ----------------------------------------------------------------------
[35.009s] gmake[3]: 디렉터리 '/home/ub2004/ros2_ws/build/lely_core_libraries/build/src/tap' 나감
[35.009s] gmake[2]: 디렉터리 '/home/ub2004/ros2_ws/build/lely_core_libraries/build/src/tap' 나감
[35.009s] Making install in util
[35.034s] gmake[2]: 디렉터리 '/home/ub2004/ros2_ws/build/lely_core_libraries/build/src/util' 들어감
[35.062s] gmake[3]: 디렉터리 '/home/ub2004/ros2_ws/build/lely_core_libraries/build/src/util' 들어감
[35.064s]  /usr/bin/mkdir -p '/home/ub2004/ros2_ws/install/lely_core_libraries/lib'
[35.065s]  /bin/bash ../../libtool   --mode=install /usr/bin/install -c   liblely-util.la '/home/ub2004/ros2_ws/install/lely_core_libraries/lib'
[35.092s] libtool: warning: relinking 'liblely-util.la'
[35.095s] libtool: install: (cd /home/ub2004/ros2_ws/build/lely_core_libraries/build/src/util; /bin/bash "/home/ub2004/ros2_ws/build/lely_core_libraries/build/libtool"  --silent --tag CXX --mode=relink g++ -std=gnu++11 -Wall -Wextra -pedantic -Werror -g -O2 -no-undefined -version-number 2:4:0 -Wl,--as-needed -o liblely-util.la -rpath /home/ub2004/ros2_ws/install/lely_core_libraries/lib liblely_util_la-bimap.lo liblely_util_la-mkjmp.lo liblely_util_la-sllist.lo liblely_util_la-spscring.lo liblely_util_la-bits.lo liblely_util_la-bitset.lo liblely_util_la-cmp.lo liblely_util_la-config.lo liblely_util_la-config_ini.lo liblely_util_la-daemon.lo liblely_util_la-diag.lo liblely_util_la-dllist.lo liblely_util_la-endian.lo liblely_util_la-errnum.lo liblely_util_la-exception.lo liblely_util_la-fiber.lo liblely_util_la-frbuf.lo liblely_util_la-fwbuf.lo liblely_util_la-lex.lo liblely_util_la-membuf.lo liblely_util_la-pheap.lo liblely_util_la-print.lo liblely_util_la-rbtree.lo liblely_util_la-stop.lo liblely_util_la-time.lo liblely_util_la-ustring.lo ../../src/libc/liblely-libc.la -lm -lpthread )
[35.258s] libtool: install: /usr/bin/install -c .libs/liblely-util.so.2.4.0T /home/ub2004/ros2_ws/install/lely_core_libraries/lib/liblely-util.so.2.4.0
[35.261s] libtool: install: (cd /home/ub2004/ros2_ws/install/lely_core_libraries/lib && { ln -s -f liblely-util.so.2.4.0 liblely-util.so.2 || { rm -f liblely-util.so.2 && ln -s liblely-util.so.2.4.0 liblely-util.so.2; }; })
[35.263s] libtool: install: (cd /home/ub2004/ros2_ws/install/lely_core_libraries/lib && { ln -s -f liblely-util.so.2.4.0 liblely-util.so || { rm -f liblely-util.so && ln -s liblely-util.so.2.4.0 liblely-util.so; }; })
[35.266s] libtool: install: /usr/bin/install -c .libs/liblely-util.lai /home/ub2004/ros2_ws/install/lely_core_libraries/lib/liblely-util.la
[35.294s] libtool: finish: PATH="/home/ub2004/ros2_ws/install/lely_core_libraries/bin:/opt/ros/humble/bin:/home/ub2004/.local/bin:/usr/local/sbin:/usr/local/bin:/usr/sbin:/usr/bin:/sbin:/bin:/usr/games:/usr/local/games:/snap/bin:/snap/bin:/sbin" ldconfig -n /home/ub2004/ros2_ws/install/lely_core_libraries/lib
[35.296s] ----------------------------------------------------------------------
[35.297s] Libraries have been installed in:
[35.297s]    /home/ub2004/ros2_ws/install/lely_core_libraries/lib
[35.297s] 
[35.297s] If you ever happen to want to link against installed libraries
[35.297s] in a given directory, LIBDIR, you must either use libtool, and
[35.297s] specify the full pathname of the library, or use the '-LLIBDIR'
[35.297s] flag during linking and do at least one of the following:
[35.297s]    - add LIBDIR to the 'LD_LIBRARY_PATH' environment variable
[35.297s]      during execution
[35.297s]    - add LIBDIR to the 'LD_RUN_PATH' environment variable
[35.297s]      during linking
[35.297s]    - use the '-Wl,-rpath -Wl,LIBDIR' linker flag
[35.297s]    - have your system administrator add LIBDIR to '/etc/ld.so.conf'
[35.297s] 
[35.297s] See any operating system documentation about shared libraries for
[35.297s] more information, such as the ld(1) and ld.so(8) manual pages.
[35.297s] ----------------------------------------------------------------------
[35.301s] gmake[3]: 디렉터리 '/home/ub2004/ros2_ws/build/lely_core_libraries/build/src/util' 나감
[35.301s] gmake[2]: 디렉터리 '/home/ub2004/ros2_ws/build/lely_core_libraries/build/src/util' 나감
[35.302s] Making install in can
[35.311s] gmake[2]: 디렉터리 '/home/ub2004/ros2_ws/build/lely_core_libraries/build/src/can' 들어감
[35.322s] gmake[3]: 디렉터리 '/home/ub2004/ros2_ws/build/lely_core_libraries/build/src/can' 들어감
[35.323s]  /usr/bin/mkdir -p '/home/ub2004/ros2_ws/install/lely_core_libraries/lib'
[35.325s]  /bin/bash ../../libtool   --mode=install /usr/bin/install -c   liblely-can.la '/home/ub2004/ros2_ws/install/lely_core_libraries/lib'
[35.353s] libtool: warning: relinking 'liblely-can.la'
[35.356s] libtool: install: (cd /home/ub2004/ros2_ws/build/lely_core_libraries/build/src/can; /bin/bash "/home/ub2004/ros2_ws/build/lely_core_libraries/build/libtool"  --silent --tag CC --mode=relink gcc -Wall -Wextra -pedantic -Werror -Wno-static-in-inline -pthread -g -O2 -no-undefined -version-number 1:9:2 -Wl,--as-needed -o liblely-can.la -rpath /home/ub2004/ros2_ws/install/lely_core_libraries/lib liblely_can_la-buf.lo liblely_can_la-msg.lo liblely_can_la-net.lo liblely_can_la-socket.lo ../../src/libc/liblely-libc.la ../../src/util/liblely-util.la -lpthread )
[35.467s] libtool: install: /usr/bin/install -c .libs/liblely-can.so.1.9.2T /home/ub2004/ros2_ws/install/lely_core_libraries/lib/liblely-can.so.1.9.2
[35.469s] libtool: install: (cd /home/ub2004/ros2_ws/install/lely_core_libraries/lib && { ln -s -f liblely-can.so.1.9.2 liblely-can.so.1 || { rm -f liblely-can.so.1 && ln -s liblely-can.so.1.9.2 liblely-can.so.1; }; })
[35.472s] libtool: install: (cd /home/ub2004/ros2_ws/install/lely_core_libraries/lib && { ln -s -f liblely-can.so.1.9.2 liblely-can.so || { rm -f liblely-can.so && ln -s liblely-can.so.1.9.2 liblely-can.so; }; })
[35.474s] libtool: install: /usr/bin/install -c .libs/liblely-can.lai /home/ub2004/ros2_ws/install/lely_core_libraries/lib/liblely-can.la
[35.502s] libtool: finish: PATH="/home/ub2004/ros2_ws/install/lely_core_libraries/bin:/opt/ros/humble/bin:/home/ub2004/.local/bin:/usr/local/sbin:/usr/local/bin:/usr/sbin:/usr/bin:/sbin:/bin:/usr/games:/usr/local/games:/snap/bin:/snap/bin:/sbin" ldconfig -n /home/ub2004/ros2_ws/install/lely_core_libraries/lib
[35.504s] ----------------------------------------------------------------------
[35.504s] Libraries have been installed in:
[35.504s]    /home/ub2004/ros2_ws/install/lely_core_libraries/lib
[35.504s] 
[35.504s] If you ever happen to want to link against installed libraries
[35.504s] in a given directory, LIBDIR, you must either use libtool, and
[35.504s] specify the full pathname of the library, or use the '-LLIBDIR'
[35.504s] flag during linking and do at least one of the following:
[35.504s]    - add LIBDIR to the 'LD_LIBRARY_PATH' environment variable
[35.504s]      during execution
[35.504s]    - add LIBDIR to the 'LD_RUN_PATH' environment variable
[35.504s]      during linking
[35.504s]    - use the '-Wl,-rpath -Wl,LIBDIR' linker flag
[35.504s]    - have your system administrator add LIBDIR to '/etc/ld.so.conf'
[35.505s] 
[35.505s] See any operating system documentation about shared libraries for
[35.505s] more information, such as the ld(1) and ld.so(8) manual pages.
[35.505s] ----------------------------------------------------------------------
[35.508s] gmake[3]: 디렉터리 '/home/ub2004/ros2_ws/build/lely_core_libraries/build/src/can' 나감
[35.508s] gmake[2]: 디렉터리 '/home/ub2004/ros2_ws/build/lely_core_libraries/build/src/can' 나감
[35.509s] Making install in co
[35.526s] gmake[2]: 디렉터리 '/home/ub2004/ros2_ws/build/lely_core_libraries/build/src/co' 들어감
[35.545s] gmake[3]: 디렉터리 '/home/ub2004/ros2_ws/build/lely_core_libraries/build/src/co' 들어감
[35.547s]  /usr/bin/mkdir -p '/home/ub2004/ros2_ws/install/lely_core_libraries/lib'
[35.549s]  /bin/bash ../../libtool   --mode=install /usr/bin/install -c   liblely-co.la '/home/ub2004/ros2_ws/install/lely_core_libraries/lib'
[35.576s] libtool: warning: relinking 'liblely-co.la'
[35.579s] libtool: install: (cd /home/ub2004/ros2_ws/build/lely_core_libraries/build/src/co; /bin/bash "/home/ub2004/ros2_ws/build/lely_core_libraries/build/libtool"  --silent --tag CC --mode=relink gcc -Wall -Wextra -pedantic -Werror -Wno-static-in-inline -pthread -g -O2 -no-undefined -version-number 2:4:0 -Wl,--as-needed -o liblely-co.la -rpath /home/ub2004/ros2_ws/install/lely_core_libraries/lib liblely_co_la-crc.lo liblely_co_la-csdo.lo liblely_co_la-dcf.lo liblely_co_la-dev.lo liblely_co_la-emcy.lo liblely_co_la-gw.lo liblely_co_la-gw_txt.lo liblely_co_la-lss.lo liblely_co_la-nmt.lo liblely_co_la-nmt_boot.lo liblely_co_la-nmt_cfg.lo liblely_co_la-nmt_hb.lo liblely_co_la-nmt_srv.lo liblely_co_la-obj.lo liblely_co_la-pdo.lo liblely_co_la-rpdo.lo liblely_co_la-sdev.lo liblely_co_la-sdo.lo liblely_co_la-ssdo.lo liblely_co_la-sync.lo liblely_co_la-time.lo liblely_co_la-tpdo.lo liblely_co_la-type.lo liblely_co_la-val.lo liblely_co_la-wtm.lo ../../src/libc/liblely-libc.la ../../src/util/liblely-util.la ../../src/can/liblely-can.la -lpthread )
[35.736s] libtool: install: /usr/bin/install -c .libs/liblely-co.so.2.4.0T /home/ub2004/ros2_ws/install/lely_core_libraries/lib/liblely-co.so.2.4.0
[35.739s] libtool: install: (cd /home/ub2004/ros2_ws/install/lely_core_libraries/lib && { ln -s -f liblely-co.so.2.4.0 liblely-co.so.2 || { rm -f liblely-co.so.2 && ln -s liblely-co.so.2.4.0 liblely-co.so.2; }; })
[35.741s] libtool: install: (cd /home/ub2004/ros2_ws/install/lely_core_libraries/lib && { ln -s -f liblely-co.so.2.4.0 liblely-co.so || { rm -f liblely-co.so && ln -s liblely-co.so.2.4.0 liblely-co.so; }; })
[35.743s] libtool: install: /usr/bin/install -c .libs/liblely-co.lai /home/ub2004/ros2_ws/install/lely_core_libraries/lib/liblely-co.la
[35.774s] libtool: finish: PATH="/home/ub2004/ros2_ws/install/lely_core_libraries/bin:/opt/ros/humble/bin:/home/ub2004/.local/bin:/usr/local/sbin:/usr/local/bin:/usr/sbin:/usr/bin:/sbin:/bin:/usr/games:/usr/local/games:/snap/bin:/snap/bin:/sbin" ldconfig -n /home/ub2004/ros2_ws/install/lely_core_libraries/lib
[35.777s] ----------------------------------------------------------------------
[35.777s] Libraries have been installed in:
[35.777s]    /home/ub2004/ros2_ws/install/lely_core_libraries/lib
[35.777s] 
[35.777s] If you ever happen to want to link against installed libraries
[35.777s] in a given directory, LIBDIR, you must either use libtool, and
[35.777s] specify the full pathname of the library, or use the '-LLIBDIR'
[35.777s] flag during linking and do at least one of the following:
[35.777s]    - add LIBDIR to the 'LD_LIBRARY_PATH' environment variable
[35.777s]      during execution
[35.777s]    - add LIBDIR to the 'LD_RUN_PATH' environment variable
[35.777s]      during linking
[35.777s]    - use the '-Wl,-rpath -Wl,LIBDIR' linker flag
[35.777s]    - have your system administrator add LIBDIR to '/etc/ld.so.conf'
[35.778s] 
[35.778s] See any operating system documentation about shared libraries for
[35.778s] more information, such as the ld(1) and ld.so(8) manual pages.
[35.778s] ----------------------------------------------------------------------
[35.781s] gmake[3]: 디렉터리 '/home/ub2004/ros2_ws/build/lely_core_libraries/build/src/co' 나감
[35.781s] gmake[2]: 디렉터리 '/home/ub2004/ros2_ws/build/lely_core_libraries/build/src/co' 나감
[35.782s] Making install in io
[35.797s] gmake[2]: 디렉터리 '/home/ub2004/ros2_ws/build/lely_core_libraries/build/src/io' 들어감
[35.814s] gmake[3]: 디렉터리 '/home/ub2004/ros2_ws/build/lely_core_libraries/build/src/io' 들어감
[35.816s]  /usr/bin/mkdir -p '/home/ub2004/ros2_ws/install/lely_core_libraries/lib'
[35.817s]  /bin/bash ../../libtool   --mode=install /usr/bin/install -c   liblely-io.la '/home/ub2004/ros2_ws/install/lely_core_libraries/lib'
[35.843s] libtool: warning: relinking 'liblely-io.la'
[35.847s] libtool: install: (cd /home/ub2004/ros2_ws/build/lely_core_libraries/build/src/io; /bin/bash "/home/ub2004/ros2_ws/build/lely_core_libraries/build/libtool"  --silent --tag CC --mode=relink gcc -Wall -Wextra -pedantic -Werror -Wno-static-in-inline -pthread -g -O2 -no-undefined -version-number 1:9:2 -Wl,--as-needed -o liblely-io.la -rpath /home/ub2004/ros2_ws/install/lely_core_libraries/lib liblely_io_la-addr.lo liblely_io_la-attr.lo liblely_io_la-can.lo liblely_io_la-file.lo liblely_io_la-handle.lo liblely_io_la-if.lo liblely_io_la-io.lo liblely_io_la-pipe.lo liblely_io_la-poll.lo liblely_io_la-rtnl.lo liblely_io_la-serial.lo liblely_io_la-sock.lo ../../src/libc/liblely-libc.la ../../src/util/liblely-util.la ../../src/can/liblely-can.la -lpthread )
[35.988s] libtool: install: /usr/bin/install -c .libs/liblely-io.so.1.9.2T /home/ub2004/ros2_ws/install/lely_core_libraries/lib/liblely-io.so.1.9.2
[35.990s] libtool: install: (cd /home/ub2004/ros2_ws/install/lely_core_libraries/lib && { ln -s -f liblely-io.so.1.9.2 liblely-io.so.1 || { rm -f liblely-io.so.1 && ln -s liblely-io.so.1.9.2 liblely-io.so.1; }; })
[35.993s] libtool: install: (cd /home/ub2004/ros2_ws/install/lely_core_libraries/lib && { ln -s -f liblely-io.so.1.9.2 liblely-io.so || { rm -f liblely-io.so && ln -s liblely-io.so.1.9.2 liblely-io.so; }; })
[35.995s] libtool: install: /usr/bin/install -c .libs/liblely-io.lai /home/ub2004/ros2_ws/install/lely_core_libraries/lib/liblely-io.la
[36.023s] libtool: finish: PATH="/home/ub2004/ros2_ws/install/lely_core_libraries/bin:/opt/ros/humble/bin:/home/ub2004/.local/bin:/usr/local/sbin:/usr/local/bin:/usr/sbin:/usr/bin:/sbin:/bin:/usr/games:/usr/local/games:/snap/bin:/snap/bin:/sbin" ldconfig -n /home/ub2004/ros2_ws/install/lely_core_libraries/lib
[36.026s] ----------------------------------------------------------------------
[36.026s] Libraries have been installed in:
[36.026s]    /home/ub2004/ros2_ws/install/lely_core_libraries/lib
[36.026s] 
[36.026s] If you ever happen to want to link against installed libraries
[36.026s] in a given directory, LIBDIR, you must either use libtool, and
[36.026s] specify the full pathname of the library, or use the '-LLIBDIR'
[36.026s] flag during linking and do at least one of the following:
[36.026s]    - add LIBDIR to the 'LD_LIBRARY_PATH' environment variable
[36.026s]      during execution
[36.026s]    - add LIBDIR to the 'LD_RUN_PATH' environment variable
[36.026s]      during linking
[36.026s]    - use the '-Wl,-rpath -Wl,LIBDIR' linker flag
[36.026s]    - have your system administrator add LIBDIR to '/etc/ld.so.conf'
[36.027s] 
[36.027s] See any operating system documentation about shared libraries for
[36.027s] more information, such as the ld(1) and ld.so(8) manual pages.
[36.027s] ----------------------------------------------------------------------
[36.030s] gmake[3]: 디렉터리 '/home/ub2004/ros2_ws/build/lely_core_libraries/build/src/io' 나감
[36.030s] gmake[2]: 디렉터리 '/home/ub2004/ros2_ws/build/lely_core_libraries/build/src/io' 나감
[36.031s] Making install in ev
[36.041s] gmake[2]: 디렉터리 '/home/ub2004/ros2_ws/build/lely_core_libraries/build/src/ev' 들어감
[36.052s] gmake[3]: 디렉터리 '/home/ub2004/ros2_ws/build/lely_core_libraries/build/src/ev' 들어감
[36.054s]  /usr/bin/mkdir -p '/home/ub2004/ros2_ws/install/lely_core_libraries/lib'
[36.058s]  /bin/bash ../../libtool   --mode=install /usr/bin/install -c   liblely-ev.la '/home/ub2004/ros2_ws/install/lely_core_libraries/lib'
[36.084s] libtool: warning: relinking 'liblely-ev.la'
[36.087s] libtool: install: (cd /home/ub2004/ros2_ws/build/lely_core_libraries/build/src/ev; /bin/bash "/home/ub2004/ros2_ws/build/lely_core_libraries/build/libtool"  --silent --tag CC --mode=relink gcc -Wall -Wextra -pedantic -Werror -Wno-static-in-inline -pthread -g -O2 -no-undefined -version-number 2:4:0 -Wl,--as-needed -o liblely-ev.la -rpath /home/ub2004/ros2_ws/install/lely_core_libraries/lib liblely_ev_la-exec.lo liblely_ev_la-fiber_exec.lo liblely_ev_la-future.lo liblely_ev_la-loop.lo liblely_ev_la-poll.lo liblely_ev_la-std_exec.lo liblely_ev_la-strand.lo liblely_ev_la-task.lo liblely_ev_la-thrd_loop.lo ../../src/libc/liblely-libc.la ../../src/util/liblely-util.la -lpthread )
[36.204s] libtool: install: /usr/bin/install -c .libs/liblely-ev.so.2.4.0T /home/ub2004/ros2_ws/install/lely_core_libraries/lib/liblely-ev.so.2.4.0
[36.206s] libtool: install: (cd /home/ub2004/ros2_ws/install/lely_core_libraries/lib && { ln -s -f liblely-ev.so.2.4.0 liblely-ev.so.2 || { rm -f liblely-ev.so.2 && ln -s liblely-ev.so.2.4.0 liblely-ev.so.2; }; })
[36.209s] libtool: install: (cd /home/ub2004/ros2_ws/install/lely_core_libraries/lib && { ln -s -f liblely-ev.so.2.4.0 liblely-ev.so || { rm -f liblely-ev.so && ln -s liblely-ev.so.2.4.0 liblely-ev.so; }; })
[36.211s] libtool: install: /usr/bin/install -c .libs/liblely-ev.lai /home/ub2004/ros2_ws/install/lely_core_libraries/lib/liblely-ev.la
[36.239s] libtool: finish: PATH="/home/ub2004/ros2_ws/install/lely_core_libraries/bin:/opt/ros/humble/bin:/home/ub2004/.local/bin:/usr/local/sbin:/usr/local/bin:/usr/sbin:/usr/bin:/sbin:/bin:/usr/games:/usr/local/games:/snap/bin:/snap/bin:/sbin" ldconfig -n /home/ub2004/ros2_ws/install/lely_core_libraries/lib
[36.242s] ----------------------------------------------------------------------
[36.242s] Libraries have been installed in:
[36.242s]    /home/ub2004/ros2_ws/install/lely_core_libraries/lib
[36.242s] 
[36.242s] If you ever happen to want to link against installed libraries
[36.242s] in a given directory, LIBDIR, you must either use libtool, and
[36.242s] specify the full pathname of the library, or use the '-LLIBDIR'
[36.242s] flag during linking and do at least one of the following:
[36.242s]    - add LIBDIR to the 'LD_LIBRARY_PATH' environment variable
[36.243s]      during execution
[36.243s]    - add LIBDIR to the 'LD_RUN_PATH' environment variable
[36.243s]      during linking
[36.243s]    - use the '-Wl,-rpath -Wl,LIBDIR' linker flag
[36.243s]    - have your system administrator add LIBDIR to '/etc/ld.so.conf'
[36.243s] 
[36.243s] See any operating system documentation about shared libraries for
[36.243s] more information, such as the ld(1) and ld.so(8) manual pages.
[36.243s] ----------------------------------------------------------------------
[36.247s] gmake[3]: 디렉터리 '/home/ub2004/ros2_ws/build/lely_core_libraries/build/src/ev' 나감
[36.247s] gmake[2]: 디렉터리 '/home/ub2004/ros2_ws/build/lely_core_libraries/build/src/ev' 나감
[36.247s] Making install in io2
[36.269s] gmake[2]: 디렉터리 '/home/ub2004/ros2_ws/build/lely_core_libraries/build/src/io2' 들어감
[36.290s] gmake[3]: 디렉터리 '/home/ub2004/ros2_ws/build/lely_core_libraries/build/src/io2' 들어감
[36.292s]  /usr/bin/mkdir -p '/home/ub2004/ros2_ws/install/lely_core_libraries/lib'
[36.293s]  /bin/bash ../../libtool   --mode=install /usr/bin/install -c   liblely-io2.la '/home/ub2004/ros2_ws/install/lely_core_libraries/lib'
[36.320s] libtool: warning: relinking 'liblely-io2.la'
[36.323s] libtool: install: (cd /home/ub2004/ros2_ws/build/lely_core_libraries/build/src/io2; /bin/bash "/home/ub2004/ros2_ws/build/lely_core_libraries/build/libtool"  --silent --tag CC --mode=relink gcc -Wall -Wextra -pedantic -Werror -Wno-static-in-inline -pthread -g -O2 -no-undefined -version-number 2:4:0 -Wl,--as-needed -o liblely-io2.la -rpath /home/ub2004/ros2_ws/install/lely_core_libraries/lib can/liblely_io2_la-msg.lo linux/liblely_io2_la-can_chan.lo linux/liblely_io2_la-can_ctrl.lo linux/liblely_io2_la-poll.lo linux/liblely_io2_la-timer.lo posix/liblely_io2_la-fd.lo posix/liblely_io2_la-io.lo posix/liblely_io2_la-sigset.lo sys/liblely_io2_la-clock.lo sys/liblely_io2_la-io.lo user/liblely_io2_la-can.lo user/liblely_io2_la-timer.lo liblely_io2_la-can.lo liblely_io2_la-can_net.lo liblely_io2_la-can_rt.lo liblely_io2_la-clock.lo liblely_io2_la-ctx.lo liblely_io2_la-dev.lo liblely_io2_la-sigset.lo liblely_io2_la-timer.lo liblely_io2_la-tqueue.lo liblely_io2_la-vcan.lo ../../src/libc/liblely-libc.la ../../src/util/liblely-util.la ../../src/can/liblely-can.la ../../src/ev/liblely-ev.la -lrt -lpthread )
[36.497s] libtool: install: /usr/bin/install -c .libs/liblely-io2.so.2.4.0T /home/ub2004/ros2_ws/install/lely_core_libraries/lib/liblely-io2.so.2.4.0
[36.499s] libtool: install: (cd /home/ub2004/ros2_ws/install/lely_core_libraries/lib && { ln -s -f liblely-io2.so.2.4.0 liblely-io2.so.2 || { rm -f liblely-io2.so.2 && ln -s liblely-io2.so.2.4.0 liblely-io2.so.2; }; })
[36.501s] libtool: install: (cd /home/ub2004/ros2_ws/install/lely_core_libraries/lib && { ln -s -f liblely-io2.so.2.4.0 liblely-io2.so || { rm -f liblely-io2.so && ln -s liblely-io2.so.2.4.0 liblely-io2.so; }; })
[36.503s] libtool: install: /usr/bin/install -c .libs/liblely-io2.lai /home/ub2004/ros2_ws/install/lely_core_libraries/lib/liblely-io2.la
[36.532s] libtool: finish: PATH="/home/ub2004/ros2_ws/install/lely_core_libraries/bin:/opt/ros/humble/bin:/home/ub2004/.local/bin:/usr/local/sbin:/usr/local/bin:/usr/sbin:/usr/bin:/sbin:/bin:/usr/games:/usr/local/games:/snap/bin:/snap/bin:/sbin" ldconfig -n /home/ub2004/ros2_ws/install/lely_core_libraries/lib
[36.535s] ----------------------------------------------------------------------
[36.535s] Libraries have been installed in:
[36.535s]    /home/ub2004/ros2_ws/install/lely_core_libraries/lib
[36.535s] 
[36.535s] If you ever happen to want to link against installed libraries
[36.535s] in a given directory, LIBDIR, you must either use libtool, and
[36.535s] specify the full pathname of the library, or use the '-LLIBDIR'
[36.535s] flag during linking and do at least one of the following:
[36.535s]    - add LIBDIR to the 'LD_LIBRARY_PATH' environment variable
[36.535s]      during execution
[36.535s]    - add LIBDIR to the 'LD_RUN_PATH' environment variable
[36.536s]      during linking
[36.536s]    - use the '-Wl,-rpath -Wl,LIBDIR' linker flag
[36.536s]    - have your system administrator add LIBDIR to '/etc/ld.so.conf'
[36.536s] 
[36.536s] See any operating system documentation about shared libraries for
[36.536s] more information, such as the ld(1) and ld.so(8) manual pages.
[36.536s] ----------------------------------------------------------------------
[36.540s] gmake[3]: 디렉터리 '/home/ub2004/ros2_ws/build/lely_core_libraries/build/src/io2' 나감
[36.540s] gmake[2]: 디렉터리 '/home/ub2004/ros2_ws/build/lely_core_libraries/build/src/io2' 나감
[36.540s] Making install in coapp
[36.564s] gmake[2]: 디렉터리 '/home/ub2004/ros2_ws/build/lely_core_libraries/build/src/coapp' 들어감
[36.588s] gmake[3]: 디렉터리 '/home/ub2004/ros2_ws/build/lely_core_libraries/build/src/coapp' 들어감
[36.590s]  /usr/bin/mkdir -p '/home/ub2004/ros2_ws/install/lely_core_libraries/lib'
[36.591s]  /bin/bash ../../libtool   --mode=install /usr/bin/install -c   liblely-coapp.la '/home/ub2004/ros2_ws/install/lely_core_libraries/lib'
[36.618s] libtool: warning: relinking 'liblely-coapp.la'
[36.621s] libtool: install: (cd /home/ub2004/ros2_ws/build/lely_core_libraries/build/src/coapp; /bin/bash "/home/ub2004/ros2_ws/build/lely_core_libraries/build/libtool"  --silent --tag CXX --mode=relink g++ -std=gnu++11 -Wall -Wextra -pedantic -Werror -g -O2 -no-undefined -version-number 2:4:0 -Wl,--as-needed -o liblely-coapp.la -rpath /home/ub2004/ros2_ws/install/lely_core_libraries/lib liblely_coapp_la-device.lo liblely_coapp_la-driver.lo liblely_coapp_la-fiber_driver.lo liblely_coapp_la-logical_driver.lo liblely_coapp_la-loop_driver.lo liblely_coapp_la-lss_master.lo liblely_coapp_la-master.lo liblely_coapp_la-node.lo liblely_coapp_la-sdo.lo liblely_coapp_la-sdo_error.lo liblely_coapp_la-slave.lo liblely_coapp_la-type_traits.lo ../../src/libc/liblely-libc.la ../../src/util/liblely-util.la ../../src/can/liblely-can.la ../../src/ev/liblely-ev.la ../../src/io2/liblely-io2.la ../../src/co/liblely-co.la -lpthread )
[36.974s] libtool: install: /usr/bin/install -c .libs/liblely-coapp.so.2.4.0T /home/ub2004/ros2_ws/install/lely_core_libraries/lib/liblely-coapp.so.2.4.0
[36.980s] libtool: install: (cd /home/ub2004/ros2_ws/install/lely_core_libraries/lib && { ln -s -f liblely-coapp.so.2.4.0 liblely-coapp.so.2 || { rm -f liblely-coapp.so.2 && ln -s liblely-coapp.so.2.4.0 liblely-coapp.so.2; }; })
[36.982s] libtool: install: (cd /home/ub2004/ros2_ws/install/lely_core_libraries/lib && { ln -s -f liblely-coapp.so.2.4.0 liblely-coapp.so || { rm -f liblely-coapp.so && ln -s liblely-coapp.so.2.4.0 liblely-coapp.so; }; })
[36.984s] libtool: install: /usr/bin/install -c .libs/liblely-coapp.lai /home/ub2004/ros2_ws/install/lely_core_libraries/lib/liblely-coapp.la
[37.014s] libtool: finish: PATH="/home/ub2004/ros2_ws/install/lely_core_libraries/bin:/opt/ros/humble/bin:/home/ub2004/.local/bin:/usr/local/sbin:/usr/local/bin:/usr/sbin:/usr/bin:/sbin:/bin:/usr/games:/usr/local/games:/snap/bin:/snap/bin:/sbin" ldconfig -n /home/ub2004/ros2_ws/install/lely_core_libraries/lib
[37.017s] ----------------------------------------------------------------------
[37.017s] Libraries have been installed in:
[37.017s]    /home/ub2004/ros2_ws/install/lely_core_libraries/lib
[37.017s] 
[37.017s] If you ever happen to want to link against installed libraries
[37.017s] in a given directory, LIBDIR, you must either use libtool, and
[37.017s] specify the full pathname of the library, or use the '-LLIBDIR'
[37.017s] flag during linking and do at least one of the following:
[37.017s]    - add LIBDIR to the 'LD_LIBRARY_PATH' environment variable
[37.017s]      during execution
[37.017s]    - add LIBDIR to the 'LD_RUN_PATH' environment variable
[37.017s]      during linking
[37.017s]    - use the '-Wl,-rpath -Wl,LIBDIR' linker flag
[37.017s]    - have your system administrator add LIBDIR to '/etc/ld.so.conf'
[37.017s] 
[37.018s] See any operating system documentation about shared libraries for
[37.018s] more information, such as the ld(1) and ld.so(8) manual pages.
[37.018s] ----------------------------------------------------------------------
[37.021s] gmake[3]: 디렉터리 '/home/ub2004/ros2_ws/build/lely_core_libraries/build/src/coapp' 나감
[37.022s] gmake[2]: 디렉터리 '/home/ub2004/ros2_ws/build/lely_core_libraries/build/src/coapp' 나감
[37.024s] gmake[2]: 디렉터리 '/home/ub2004/ros2_ws/build/lely_core_libraries/build/src' 들어감
[37.028s] gmake[3]: 디렉터리 '/home/ub2004/ros2_ws/build/lely_core_libraries/build/src' 들어감
[37.028s] gmake[3]: 'install-exec-am'을(를) 위해 할 일이 없습니다.
[37.028s] gmake[3]: 'install-data-am'을(를) 위해 할 일이 없습니다.
[37.028s] gmake[3]: 디렉터리 '/home/ub2004/ros2_ws/build/lely_core_libraries/build/src' 나감
[37.028s] gmake[2]: 디렉터리 '/home/ub2004/ros2_ws/build/lely_core_libraries/build/src' 나감
[37.029s] gmake[1]: 디렉터리 '/home/ub2004/ros2_ws/build/lely_core_libraries/build/src' 나감
[37.029s] Making install in python
[37.032s] gmake[1]: 디렉터리 '/home/ub2004/ros2_ws/build/lely_core_libraries/build/python' 들어감
[37.037s] Making install in dcf-tools
[37.039s] gmake[2]: 디렉터리 '/home/ub2004/ros2_ws/build/lely_core_libraries/build/python/dcf-tools' 들어감
[37.043s] gmake[3]: 디렉터리 '/home/ub2004/ros2_ws/build/lely_core_libraries/build/python/dcf-tools' 들어감
[37.311s] running egg_info
[37.311s] creating dcf_tools.egg-info
[37.311s] writing dcf_tools.egg-info/PKG-INFO
[37.312s] writing dependency_links to dcf_tools.egg-info/dependency_links.txt
[37.312s] writing entry points to dcf_tools.egg-info/entry_points.txt
[37.312s] writing requirements to dcf_tools.egg-info/requires.txt
[37.312s] writing top-level names to dcf_tools.egg-info/top_level.txt
[37.312s] writing manifest file 'dcf_tools.egg-info/SOURCES.txt'
[37.314s] reading manifest file 'dcf_tools.egg-info/SOURCES.txt'
[37.315s] writing manifest file 'dcf_tools.egg-info/SOURCES.txt'
[37.315s] running build
[37.316s] running build_py
[37.316s] creating build
[37.316s] creating build/lib
[37.316s] creating build/lib/dcf2dev
[37.316s] copying dcf2dev/cdevice.py -> build/lib/dcf2dev
[37.317s] copying dcf2dev/cli.py -> build/lib/dcf2dev
[37.317s] copying dcf2dev/__init__.py -> build/lib/dcf2dev
[37.317s] creating build/lib/dcfgen
[37.317s] copying dcfgen/cli.py -> build/lib/dcfgen
[37.317s] copying dcfgen/__init__.py -> build/lib/dcfgen
[37.317s] creating build/lib/dcf
[37.318s] copying dcf/device.py -> build/lib/dcf
[37.318s] copying dcf/print.py -> build/lib/dcf
[37.318s] copying dcf/parse.py -> build/lib/dcf
[37.318s] copying dcf/lint.py -> build/lib/dcf
[37.318s] copying dcf/cli.py -> build/lib/dcf
[37.318s] copying dcf/__init__.py -> build/lib/dcf
[37.318s] creating build/lib/dcf2dev/data
[37.319s] copying dcf2dev/data/dev.c.em -> build/lib/dcf2dev/data
[37.319s] copying dcf2dev/data/dev.h.em -> build/lib/dcf2dev/data
[37.319s] creating build/lib/dcfgen/data
[37.319s] copying dcfgen/data/master.dcf.em -> build/lib/dcfgen/data
[37.319s] running install
[37.319s] /usr/lib/python3/dist-packages/setuptools/command/install.py:34: SetuptoolsDeprecationWarning: setup.py install is deprecated. Use build and pip and other standards-based tools.
[37.320s]   warnings.warn(
[37.320s] running install_lib
[37.321s] creating /home/ub2004/ros2_ws/install/lely_core_libraries/lib/python3.10
[37.321s] creating /home/ub2004/ros2_ws/install/lely_core_libraries/lib/python3.10/site-packages
[37.321s] creating /home/ub2004/ros2_ws/install/lely_core_libraries/lib/python3.10/site-packages/dcf2dev
[37.321s] creating /home/ub2004/ros2_ws/install/lely_core_libraries/lib/python3.10/site-packages/dcf2dev/data
[37.321s] copying build/lib/dcf2dev/data/dev.c.em -> /home/ub2004/ros2_ws/install/lely_core_libraries/lib/python3.10/site-packages/dcf2dev/data
[37.321s] copying build/lib/dcf2dev/data/dev.h.em -> /home/ub2004/ros2_ws/install/lely_core_libraries/lib/python3.10/site-packages/dcf2dev/data
[37.321s] copying build/lib/dcf2dev/cdevice.py -> /home/ub2004/ros2_ws/install/lely_core_libraries/lib/python3.10/site-packages/dcf2dev
[37.322s] copying build/lib/dcf2dev/cli.py -> /home/ub2004/ros2_ws/install/lely_core_libraries/lib/python3.10/site-packages/dcf2dev
[37.322s] copying build/lib/dcf2dev/__init__.py -> /home/ub2004/ros2_ws/install/lely_core_libraries/lib/python3.10/site-packages/dcf2dev
[37.322s] creating /home/ub2004/ros2_ws/install/lely_core_libraries/lib/python3.10/site-packages/dcfgen
[37.322s] creating /home/ub2004/ros2_ws/install/lely_core_libraries/lib/python3.10/site-packages/dcfgen/data
[37.322s] copying build/lib/dcfgen/data/master.dcf.em -> /home/ub2004/ros2_ws/install/lely_core_libraries/lib/python3.10/site-packages/dcfgen/data
[37.322s] copying build/lib/dcfgen/cli.py -> /home/ub2004/ros2_ws/install/lely_core_libraries/lib/python3.10/site-packages/dcfgen
[37.322s] copying build/lib/dcfgen/__init__.py -> /home/ub2004/ros2_ws/install/lely_core_libraries/lib/python3.10/site-packages/dcfgen
[37.323s] creating /home/ub2004/ros2_ws/install/lely_core_libraries/lib/python3.10/site-packages/dcf
[37.323s] copying build/lib/dcf/device.py -> /home/ub2004/ros2_ws/install/lely_core_libraries/lib/python3.10/site-packages/dcf
[37.323s] copying build/lib/dcf/print.py -> /home/ub2004/ros2_ws/install/lely_core_libraries/lib/python3.10/site-packages/dcf
[37.323s] copying build/lib/dcf/parse.py -> /home/ub2004/ros2_ws/install/lely_core_libraries/lib/python3.10/site-packages/dcf
[37.323s] copying build/lib/dcf/lint.py -> /home/ub2004/ros2_ws/install/lely_core_libraries/lib/python3.10/site-packages/dcf
[37.323s] copying build/lib/dcf/cli.py -> /home/ub2004/ros2_ws/install/lely_core_libraries/lib/python3.10/site-packages/dcf
[37.323s] copying build/lib/dcf/__init__.py -> /home/ub2004/ros2_ws/install/lely_core_libraries/lib/python3.10/site-packages/dcf
[37.323s] byte-compiling /home/ub2004/ros2_ws/install/lely_core_libraries/lib/python3.10/site-packages/dcf2dev/cdevice.py to cdevice.cpython-310.pyc
[37.326s] byte-compiling /home/ub2004/ros2_ws/install/lely_core_libraries/lib/python3.10/site-packages/dcf2dev/cli.py to cli.cpython-310.pyc
[37.326s] byte-compiling /home/ub2004/ros2_ws/install/lely_core_libraries/lib/python3.10/site-packages/dcf2dev/__init__.py to __init__.cpython-310.pyc
[37.327s] byte-compiling /home/ub2004/ros2_ws/install/lely_core_libraries/lib/python3.10/site-packages/dcfgen/cli.py to cli.cpython-310.pyc
[37.331s] byte-compiling /home/ub2004/ros2_ws/install/lely_core_libraries/lib/python3.10/site-packages/dcfgen/__init__.py to __init__.cpython-310.pyc
[37.331s] byte-compiling /home/ub2004/ros2_ws/install/lely_core_libraries/lib/python3.10/site-packages/dcf/device.py to device.cpython-310.pyc
[37.335s] byte-compiling /home/ub2004/ros2_ws/install/lely_core_libraries/lib/python3.10/site-packages/dcf/print.py to print.cpython-310.pyc
[37.335s] byte-compiling /home/ub2004/ros2_ws/install/lely_core_libraries/lib/python3.10/site-packages/dcf/parse.py to parse.cpython-310.pyc
[37.337s] byte-compiling /home/ub2004/ros2_ws/install/lely_core_libraries/lib/python3.10/site-packages/dcf/lint.py to lint.cpython-310.pyc
[37.341s] byte-compiling /home/ub2004/ros2_ws/install/lely_core_libraries/lib/python3.10/site-packages/dcf/cli.py to cli.cpython-310.pyc
[37.341s] byte-compiling /home/ub2004/ros2_ws/install/lely_core_libraries/lib/python3.10/site-packages/dcf/__init__.py to __init__.cpython-310.pyc
[37.342s] running install_egg_info
[37.343s] Copying dcf_tools.egg-info to /home/ub2004/ros2_ws/install/lely_core_libraries/lib/python3.10/site-packages/dcf_tools-2.4.0.egg-info
[37.344s] running install_scripts
[37.368s] Installing dcf2dev script to /home/ub2004/ros2_ws/install/lely_core_libraries/bin/
[37.368s] Installing dcfchk script to /home/ub2004/ros2_ws/install/lely_core_libraries/bin/
[37.368s] Installing dcfgen script to /home/ub2004/ros2_ws/install/lely_core_libraries/bin/
[37.369s] writing list of installed files to 'install.log'
[37.391s] gmake[3]: 'install-data-am'을(를) 위해 할 일이 없습니다.
[37.392s] gmake[3]: 디렉터리 '/home/ub2004/ros2_ws/build/lely_core_libraries/build/python/dcf-tools' 나감
[37.392s] gmake[2]: 디렉터리 '/home/ub2004/ros2_ws/build/lely_core_libraries/build/python/dcf-tools' 나감
[37.394s] gmake[2]: 디렉터리 '/home/ub2004/ros2_ws/build/lely_core_libraries/build/python' 들어감
[37.398s] gmake[3]: 디렉터리 '/home/ub2004/ros2_ws/build/lely_core_libraries/build/python' 들어감
[37.398s] gmake[3]: 'install-exec-am'을(를) 위해 할 일이 없습니다.
[37.398s] gmake[3]: 'install-data-am'을(를) 위해 할 일이 없습니다.
[37.398s] gmake[3]: 디렉터리 '/home/ub2004/ros2_ws/build/lely_core_libraries/build/python' 나감
[37.398s] gmake[2]: 디렉터리 '/home/ub2004/ros2_ws/build/lely_core_libraries/build/python' 나감
[37.398s] gmake[1]: 디렉터리 '/home/ub2004/ros2_ws/build/lely_core_libraries/build/python' 나감
[37.399s] Making install in pkgconfig
[37.402s] gmake[1]: 디렉터리 '/home/ub2004/ros2_ws/build/lely_core_libraries/build/pkgconfig' 들어감
[37.405s] gmake[2]: 디렉터리 '/home/ub2004/ros2_ws/build/lely_core_libraries/build/pkgconfig' 들어감
[37.405s] gmake[2]: 'install-exec-am'을(를) 위해 할 일이 없습니다.
[37.407s]  /usr/bin/mkdir -p '/home/ub2004/ros2_ws/install/lely_core_libraries/lib/pkgconfig'
[37.411s]  /usr/bin/install -c -m 644 liblely-can.pc liblely-co.pc liblely-coapp.pc liblely-ev.pc liblely-io.pc liblely-io2.pc liblely-libc.pc liblely-libc_rt.pc liblely-tap.pc liblely-util.pc '/home/ub2004/ros2_ws/install/lely_core_libraries/lib/pkgconfig'
[37.413s] gmake[2]: 디렉터리 '/home/ub2004/ros2_ws/build/lely_core_libraries/build/pkgconfig' 나감
[37.413s] gmake[1]: 디렉터리 '/home/ub2004/ros2_ws/build/lely_core_libraries/build/pkgconfig' 나감
[37.416s] gmake[1]: 디렉터리 '/home/ub2004/ros2_ws/build/lely_core_libraries/build' 들어감
[37.423s] gmake[2]: 디렉터리 '/home/ub2004/ros2_ws/build/lely_core_libraries/build' 들어감
[37.424s] gmake[2]: 'install-exec-am'을(를) 위해 할 일이 없습니다.
[37.424s] gmake[2]: 'install-data-am'을(를) 위해 할 일이 없습니다.
[37.424s] gmake[2]: 디렉터리 '/home/ub2004/ros2_ws/build/lely_core_libraries/build' 나감
[37.424s] gmake[1]: 디렉터리 '/home/ub2004/ros2_ws/build/lely_core_libraries/build' 나감
[37.424s] -- Installing: /home/ub2004/ros2_ws/install/lely_core_libraries/share/lely_core_libraries/cmake
[37.424s] -- Installing: /home/ub2004/ros2_ws/install/lely_core_libraries/share/lely_core_libraries/cmake/lely_core_libraries-extras.cmake
[37.425s] -- Installing: /home/ub2004/ros2_ws/install/lely_core_libraries/share/lely_core_libraries/environment/pythonpath.sh
[37.425s] -- Installing: /home/ub2004/ros2_ws/install/lely_core_libraries/share/lely_core_libraries/environment/pythonpath.dsv
[37.425s] -- Installing: /home/ub2004/ros2_ws/install/lely_core_libraries/local/lib/python3.10/dist-packages/cogen-0.2.11-py3.10.egg-info
[37.425s] -- Installing: /home/ub2004/ros2_ws/install/lely_core_libraries/local/lib/python3.10/dist-packages/cogen-0.2.11-py3.10.egg-info/PKG-INFO
[37.425s] -- Installing: /home/ub2004/ros2_ws/install/lely_core_libraries/local/lib/python3.10/dist-packages/cogen-0.2.11-py3.10.egg-info/dependency_links.txt
[37.426s] -- Installing: /home/ub2004/ros2_ws/install/lely_core_libraries/local/lib/python3.10/dist-packages/cogen-0.2.11-py3.10.egg-info/SOURCES.txt
[37.426s] -- Installing: /home/ub2004/ros2_ws/install/lely_core_libraries/local/lib/python3.10/dist-packages/cogen-0.2.11-py3.10.egg-info/entry_points.txt
[37.426s] -- Installing: /home/ub2004/ros2_ws/install/lely_core_libraries/local/lib/python3.10/dist-packages/cogen-0.2.11-py3.10.egg-info/top_level.txt
[37.426s] -- Installing: /home/ub2004/ros2_ws/install/lely_core_libraries/lib/cogen/
[37.426s] -- Installing: /home/ub2004/ros2_ws/install/lely_core_libraries/lib/cogen//cogen
[37.426s] -- Installing: /home/ub2004/ros2_ws/install/lely_core_libraries/local/lib/python3.10/dist-packages/cogen
[37.426s] -- Installing: /home/ub2004/ros2_ws/install/lely_core_libraries/local/lib/python3.10/dist-packages/cogen/cogen.py
[37.426s] -- Installing: /home/ub2004/ros2_ws/install/lely_core_libraries/local/lib/python3.10/dist-packages/cogen/__init__.py
[37.469s] Listing '/home/ub2004/ros2_ws/install/lely_core_libraries/local/lib/python3.10/dist-packages/cogen'...
[37.469s] Compiling '/home/ub2004/ros2_ws/install/lely_core_libraries/local/lib/python3.10/dist-packages/cogen/__init__.py'...
[37.469s] Compiling '/home/ub2004/ros2_ws/install/lely_core_libraries/local/lib/python3.10/dist-packages/cogen/cogen.py'...
[37.474s] -- Up-to-date: /home/ub2004/ros2_ws/install/lely_core_libraries/bin/
[37.474s] -- Installing: /home/ub2004/ros2_ws/install/lely_core_libraries/bin//cogen
[37.475s] -- Installing: /home/ub2004/ros2_ws/install/lely_core_libraries/share/lely_core_libraries/environment/library_path.sh
[37.475s] -- Installing: /home/ub2004/ros2_ws/install/lely_core_libraries/share/lely_core_libraries/environment/library_path.dsv
[37.475s] -- Installing: /home/ub2004/ros2_ws/install/lely_core_libraries/share/ament_index/resource_index/package_run_dependencies/lely_core_libraries
[37.475s] -- Installing: /home/ub2004/ros2_ws/install/lely_core_libraries/share/ament_index/resource_index/parent_prefix_path/lely_core_libraries
[37.475s] -- Installing: /home/ub2004/ros2_ws/install/lely_core_libraries/share/lely_core_libraries/environment/ament_prefix_path.sh
[37.475s] -- Installing: /home/ub2004/ros2_ws/install/lely_core_libraries/share/lely_core_libraries/environment/ament_prefix_path.dsv
[37.476s] -- Installing: /home/ub2004/ros2_ws/install/lely_core_libraries/share/lely_core_libraries/environment/path.sh
[37.476s] -- Installing: /home/ub2004/ros2_ws/install/lely_core_libraries/share/lely_core_libraries/environment/path.dsv
[37.476s] -- Installing: /home/ub2004/ros2_ws/install/lely_core_libraries/share/lely_core_libraries/local_setup.bash
[37.476s] -- Installing: /home/ub2004/ros2_ws/install/lely_core_libraries/share/lely_core_libraries/local_setup.sh
[37.476s] -- Installing: /home/ub2004/ros2_ws/install/lely_core_libraries/share/lely_core_libraries/local_setup.zsh
[37.476s] -- Installing: /home/ub2004/ros2_ws/install/lely_core_libraries/share/lely_core_libraries/local_setup.dsv
[37.477s] -- Installing: /home/ub2004/ros2_ws/install/lely_core_libraries/share/lely_core_libraries/package.dsv
[37.477s] -- Installing: /home/ub2004/ros2_ws/install/lely_core_libraries/share/ament_index/resource_index/packages/lely_core_libraries
[37.477s] -- Up-to-date: /home/ub2004/ros2_ws/install/lely_core_libraries/share/lely_core_libraries/cmake/lely_core_libraries-extras.cmake
[37.477s] -- Installing: /home/ub2004/ros2_ws/install/lely_core_libraries/share/lely_core_libraries/cmake/ament_cmake_export_include_directories-extras.cmake
[37.477s] -- Installing: /home/ub2004/ros2_ws/install/lely_core_libraries/share/lely_core_libraries/cmake/ament_cmake_export_libraries-extras.cmake
[37.478s] -- Installing: /home/ub2004/ros2_ws/install/lely_core_libraries/share/lely_core_libraries/cmake/lely_core_librariesConfig.cmake
[37.478s] -- Installing: /home/ub2004/ros2_ws/install/lely_core_libraries/share/lely_core_libraries/cmake/lely_core_librariesConfig-version.cmake
[37.478s] -- Installing: /home/ub2004/ros2_ws/install/lely_core_libraries/share/lely_core_libraries/package.xml
[37.480s] Invoked command in '/home/ub2004/ros2_ws/build/lely_core_libraries' returned '0': CMAKE_PREFIX_PATH=${CMAKE_PREFIX_PATH}:/home/ub2004/ros2_ws/install/urdf_tutorial:/home/ub2004/ros2_ws/install/canopen_utils:/home/ub2004/ros2_ws/install/agv_pak:/opt/ros/humble /usr/bin/cmake --install /home/ub2004/ros2_ws/build/lely_core_libraries
