[0.050s] Invoking command in '/home/ub2004/ros2_ws/build/slam_gmapping': AMENT_PREFIX_PATH=/home/ub2004/ros2_ws/install/openslam_gmapping:${AMENT_PREFIX_PATH} CMAKE_PREFIX_PATH=/home/ub2004/ros2_ws/install/openslam_gmapping:/home/ub2004/ros2_ws/install/canopen_tests:/home/ub2004/ros2_ws/install/canopen_ros2_controllers:/home/ub2004/ros2_ws/install/canopen_ros2_control:/home/ub2004/ros2_ws/install/canopen:/home/ub2004/ros2_ws/install/canopen_402_driver:/home/ub2004/ros2_ws/install/canopen_proxy_driver:/home/ub2004/ros2_ws/install/canopen_master_driver:/home/ub2004/ros2_ws/install/canopen_fake_slaves:/home/ub2004/ros2_ws/install/canopen_base_driver:/home/ub2004/ros2_ws/install/canopen_core:/home/ub2004/ros2_ws/install/lely_core_libraries:/home/ub2004/ros2_ws/install/canopen_interfaces:/home/ub2004/ros2_ws/install/urdf_tutorial:/home/ub2004/ros2_ws/install/test_py:/home/ub2004/ros2_ws/install/canopen_utils:/home/ub2004/ros2_ws/install/can_comm:/home/ub2004/ros2_ws/install/agv_pak:/opt/ros/humble LD_LIBRARY_PATH=/home/ub2004/ros2_ws/install/openslam_gmapping/lib:${LD_LIBRARY_PATH} /usr/bin/cmake /home/ub2004/ros2_ws/src/slam_gmapping_Humble/slam_gmapping -DCMAKE_INSTALL_PREFIX=/home/ub2004/ros2_ws/install/slam_gmapping
[0.287s] -- The C compiler identification is GNU 11.4.0
[0.491s] -- The CXX compiler identification is GNU 11.4.0
[0.517s] -- Detecting C compiler ABI info
[0.744s] -- Detecting C compiler ABI info - done
[0.763s] -- Check for working C compiler: /usr/bin/cc - skipped
[0.765s] -- Detecting C compile features
[0.768s] -- Detecting C compile features - done
[0.778s] -- Detecting CXX compiler ABI info
[1.027s] -- Detecting CXX compiler ABI info - done
[1.067s] -- Check for working CXX compiler: /usr/bin/c++ - skipped
[1.067s] -- Detecting CXX compile features
[1.068s] -- Detecting CXX compile features - done
[1.071s] [0m -fuse-ld=lld -Wl,--disable-new-dtags[0m
[1.075s] -- Found ament_cmake: 1.3.11 (/opt/ros/humble/share/ament_cmake/cmake)
[1.464s] -- Found Python3: /usr/bin/python3 (found version "3.10.12") found components: Interpreter 
[1.796s] -- Found std_msgs: 4.2.4 (/opt/ros/humble/share/std_msgs/cmake)
[1.909s] -- Found rosidl_generator_c: 3.1.6 (/opt/ros/humble/share/rosidl_generator_c/cmake)
[1.917s] -- Found rosidl_adapter: 3.1.6 (/opt/ros/humble/share/rosidl_adapter/cmake)
[1.935s] -- Found rosidl_generator_cpp: 3.1.6 (/opt/ros/humble/share/rosidl_generator_cpp/cmake)
[1.965s] -- Using all available rosidl_typesupport_c: rosidl_typesupport_fastrtps_c;rosidl_typesupport_introspection_c
[2.007s] -- Using all available rosidl_typesupport_cpp: rosidl_typesupport_fastrtps_cpp;rosidl_typesupport_introspection_cpp
[2.068s] -- Found nav_msgs: 4.2.4 (/opt/ros/humble/share/nav_msgs/cmake)
[2.161s] -- Found tf2: 0.25.12 (/opt/ros/humble/share/tf2/cmake)
[2.206s] -- Found tf2_ros: 0.25.12 (/opt/ros/humble/share/tf2_ros/cmake)
[2.400s] -- Found rmw_implementation_cmake: 6.1.2 (/opt/ros/humble/share/rmw_implementation_cmake/cmake)
[2.414s] -- Found rmw_fastrtps_cpp: 6.2.7 (/opt/ros/humble/share/rmw_fastrtps_cpp/cmake)
[2.738s] -- Found OpenSSL: /usr/lib/x86_64-linux-gnu/libcrypto.so (found version "3.0.2")  
[2.842s] -- Found FastRTPS: /opt/ros/humble/include  
[2.935s] -- Using RMW implementation 'rmw_fastrtps_cpp' as default
[2.955s] -- Looking for pthread.h
[3.159s] -- Looking for pthread.h - found
[3.160s] -- Performing Test CMAKE_HAVE_LIBC_PTHREAD
[3.439s] -- Performing Test CMAKE_HAVE_LIBC_PTHREAD - Success
[3.445s] -- Found Threads: TRUE  
[3.699s] -- Found tf2_geometry_msgs: 0.25.12 (/opt/ros/humble/share/tf2_geometry_msgs/cmake)
[3.727s] -- Found eigen3_cmake_module: 0.1.1 (/opt/ros/humble/share/eigen3_cmake_module/cmake)
[3.730s] -- Found Eigen3: TRUE (found version "3.4.0") 
[3.730s] -- Ensuring Eigen3 include directory is part of orocos-kdl CMake target
[3.737s] -- Found sensor_msgs: 4.2.4 (/opt/ros/humble/share/sensor_msgs/cmake)
[3.775s] -- Found visualization_msgs: 4.2.4 (/opt/ros/humble/share/visualization_msgs/cmake)
[3.817s] -- Found openslam_gmapping: 0.1.2 (/home/ub2004/ros2_ws/install/openslam_gmapping/share/openslam_gmapping/cmake)
[3.824s] -- Found ament_lint_auto: 0.12.11 (/opt/ros/humble/share/ament_lint_auto/cmake)
[3.940s] -- Added test 'cppcheck' to perform static code analysis on C / C++ code
[3.941s] -- Configured cppcheck include dirs: /home/ub2004/ros2_ws/src/slam_gmapping_Humble/slam_gmapping/include
[3.941s] -- Configured cppcheck exclude dirs and/or files: 
[3.942s] -- Added test 'flake8' to check Python code syntax and style conventions
[3.944s] -- Added test 'lint_cmake' to check CMake code style
[3.945s] -- Added test 'pep257' to check Python code against some of the docstring style conventions in PEP 257
[3.947s] -- Added test 'uncrustify' to check C / C++ code style
[3.947s] -- Configured uncrustify additional arguments: 
[3.949s] -- Added test 'xmllint' to check XML markup files
[3.952s] -- Configuring done
[3.970s] -- Generating done
[3.977s] -- Build files have been written to: /home/ub2004/ros2_ws/build/slam_gmapping
[3.993s] Invoked command in '/home/ub2004/ros2_ws/build/slam_gmapping' returned '0': AMENT_PREFIX_PATH=/home/ub2004/ros2_ws/install/openslam_gmapping:${AMENT_PREFIX_PATH} CMAKE_PREFIX_PATH=/home/ub2004/ros2_ws/install/openslam_gmapping:/home/ub2004/ros2_ws/install/canopen_tests:/home/ub2004/ros2_ws/install/canopen_ros2_controllers:/home/ub2004/ros2_ws/install/canopen_ros2_control:/home/ub2004/ros2_ws/install/canopen:/home/ub2004/ros2_ws/install/canopen_402_driver:/home/ub2004/ros2_ws/install/canopen_proxy_driver:/home/ub2004/ros2_ws/install/canopen_master_driver:/home/ub2004/ros2_ws/install/canopen_fake_slaves:/home/ub2004/ros2_ws/install/canopen_base_driver:/home/ub2004/ros2_ws/install/canopen_core:/home/ub2004/ros2_ws/install/lely_core_libraries:/home/ub2004/ros2_ws/install/canopen_interfaces:/home/ub2004/ros2_ws/install/urdf_tutorial:/home/ub2004/ros2_ws/install/test_py:/home/ub2004/ros2_ws/install/canopen_utils:/home/ub2004/ros2_ws/install/can_comm:/home/ub2004/ros2_ws/install/agv_pak:/opt/ros/humble LD_LIBRARY_PATH=/home/ub2004/ros2_ws/install/openslam_gmapping/lib:${LD_LIBRARY_PATH} /usr/bin/cmake /home/ub2004/ros2_ws/src/slam_gmapping_Humble/slam_gmapping -DCMAKE_INSTALL_PREFIX=/home/ub2004/ros2_ws/install/slam_gmapping
[3.995s] Invoking command in '/home/ub2004/ros2_ws/build/slam_gmapping': AMENT_PREFIX_PATH=/home/ub2004/ros2_ws/install/openslam_gmapping:${AMENT_PREFIX_PATH} CMAKE_PREFIX_PATH=/home/ub2004/ros2_ws/install/openslam_gmapping:/home/ub2004/ros2_ws/install/canopen_tests:/home/ub2004/ros2_ws/install/canopen_ros2_controllers:/home/ub2004/ros2_ws/install/canopen_ros2_control:/home/ub2004/ros2_ws/install/canopen:/home/ub2004/ros2_ws/install/canopen_402_driver:/home/ub2004/ros2_ws/install/canopen_proxy_driver:/home/ub2004/ros2_ws/install/canopen_master_driver:/home/ub2004/ros2_ws/install/canopen_fake_slaves:/home/ub2004/ros2_ws/install/canopen_base_driver:/home/ub2004/ros2_ws/install/canopen_core:/home/ub2004/ros2_ws/install/lely_core_libraries:/home/ub2004/ros2_ws/install/canopen_interfaces:/home/ub2004/ros2_ws/install/urdf_tutorial:/home/ub2004/ros2_ws/install/test_py:/home/ub2004/ros2_ws/install/canopen_utils:/home/ub2004/ros2_ws/install/can_comm:/home/ub2004/ros2_ws/install/agv_pak:/opt/ros/humble LD_LIBRARY_PATH=/home/ub2004/ros2_ws/install/openslam_gmapping/lib:${LD_LIBRARY_PATH} /usr/bin/cmake --build /home/ub2004/ros2_ws/build/slam_gmapping -- -j8 -l8
[4.066s] [ 50%] [32mBuilding CXX object CMakeFiles/slam_gmapping.dir/src/slam_gmapping.cpp.o[0m
[4.448s] In file included from [01m[K/home/ub2004/ros2_ws/src/slam_gmapping_Humble/slam_gmapping/include/slam_gmapping/slam_gmapping.h:38[m[K,
[4.448s]                  from [01m[K/home/ub2004/ros2_ws/src/slam_gmapping_Humble/slam_gmapping/src/slam_gmapping.cpp:24[m[K:
[4.448s] [01m[K/opt/ros/humble/include/tf2_geometry_msgs/tf2_geometry_msgs/tf2_geometry_msgs.h:35:2:[m[K [01;35m[Kwarning: [m[K#warning This header is obsolete, please include tf2_geometry_msgs/tf2_geometry_msgs.hpp instead [[01;35m[K]8;;https://gcc.gnu.org/onlinedocs/gcc/Warning-Options.html#index-Wcpp-Wcpp]8;;[m[K]
[4.448s]    35 | #[01;35m[Kwarning[m[K This header is obsolete, please include tf2_geometry_msgs/tf2_geometry_msgs.hpp instead
[4.449s]       |  [01;35m[K^~~~~~~[m[K
[7.544s] In file included from [01m[K/home/ub2004/ros2_ws/install/openslam_gmapping/include/gmapping/gridfastslam/gridslamprocessor.h:9[m[K,
[7.544s]                  from [01m[K/home/ub2004/ros2_ws/src/slam_gmapping_Humble/slam_gmapping/include/slam_gmapping/slam_gmapping.h:45[m[K,
[7.544s]                  from [01m[K/home/ub2004/ros2_ws/src/slam_gmapping_Humble/slam_gmapping/src/slam_gmapping.cpp:24[m[K:
[7.544s] [01m[K/home/ub2004/ros2_ws/install/openslam_gmapping/include/gmapping/particlefilter/particlefilter.h:[m[K In function ‘[01m[Kvoid rle(OutputIterator&, const Iterator&, const Iterator&)[m[K’:
[7.544s] [01m[K/home/ub2004/ros2_ws/install/openslam_gmapping/include/gmapping/particlefilter/particlefilter.h:140:9:[m[K [01;35m[Kwarning: [m[Kthis ‘[01m[Kif[m[K’ clause does not guard... [[01;35m[K]8;;https://gcc.gnu.org/onlinedocs/gcc/Warning-Options.html#index-Wmisleading-indentation-Wmisleading-indentation]8;;[m[K]
[7.544s]   140 |         [01;35m[Kif[m[K (count>0)
[7.544s]       |         [01;35m[K^~[m[K
[7.544s] [01m[K/home/ub2004/ros2_ws/install/openslam_gmapping/include/gmapping/particlefilter/particlefilter.h:142:17:[m[K [01;36m[Knote: [m[K...this statement, but the latter is misleadingly indented as if it were guarded by the ‘[01m[Kif[m[K’
[7.545s]   142 |                 [01;36m[Kout[m[K++;
[7.545s]       |                 [01;36m[K^~~[m[K
[19.679s] [100%] [32m[1mLinking CXX executable slam_gmapping[0m
[20.856s] [100%] Built target slam_gmapping
[20.903s] Invoked command in '/home/ub2004/ros2_ws/build/slam_gmapping' returned '0': AMENT_PREFIX_PATH=/home/ub2004/ros2_ws/install/openslam_gmapping:${AMENT_PREFIX_PATH} CMAKE_PREFIX_PATH=/home/ub2004/ros2_ws/install/openslam_gmapping:/home/ub2004/ros2_ws/install/canopen_tests:/home/ub2004/ros2_ws/install/canopen_ros2_controllers:/home/ub2004/ros2_ws/install/canopen_ros2_control:/home/ub2004/ros2_ws/install/canopen:/home/ub2004/ros2_ws/install/canopen_402_driver:/home/ub2004/ros2_ws/install/canopen_proxy_driver:/home/ub2004/ros2_ws/install/canopen_master_driver:/home/ub2004/ros2_ws/install/canopen_fake_slaves:/home/ub2004/ros2_ws/install/canopen_base_driver:/home/ub2004/ros2_ws/install/canopen_core:/home/ub2004/ros2_ws/install/lely_core_libraries:/home/ub2004/ros2_ws/install/canopen_interfaces:/home/ub2004/ros2_ws/install/urdf_tutorial:/home/ub2004/ros2_ws/install/test_py:/home/ub2004/ros2_ws/install/canopen_utils:/home/ub2004/ros2_ws/install/can_comm:/home/ub2004/ros2_ws/install/agv_pak:/opt/ros/humble LD_LIBRARY_PATH=/home/ub2004/ros2_ws/install/openslam_gmapping/lib:${LD_LIBRARY_PATH} /usr/bin/cmake --build /home/ub2004/ros2_ws/build/slam_gmapping -- -j8 -l8
[20.904s] Invoking command in '/home/ub2004/ros2_ws/build/slam_gmapping': AMENT_PREFIX_PATH=/home/ub2004/ros2_ws/install/openslam_gmapping:${AMENT_PREFIX_PATH} CMAKE_PREFIX_PATH=/home/ub2004/ros2_ws/install/openslam_gmapping:/home/ub2004/ros2_ws/install/canopen_tests:/home/ub2004/ros2_ws/install/canopen_ros2_controllers:/home/ub2004/ros2_ws/install/canopen_ros2_control:/home/ub2004/ros2_ws/install/canopen:/home/ub2004/ros2_ws/install/canopen_402_driver:/home/ub2004/ros2_ws/install/canopen_proxy_driver:/home/ub2004/ros2_ws/install/canopen_master_driver:/home/ub2004/ros2_ws/install/canopen_fake_slaves:/home/ub2004/ros2_ws/install/canopen_base_driver:/home/ub2004/ros2_ws/install/canopen_core:/home/ub2004/ros2_ws/install/lely_core_libraries:/home/ub2004/ros2_ws/install/canopen_interfaces:/home/ub2004/ros2_ws/install/urdf_tutorial:/home/ub2004/ros2_ws/install/test_py:/home/ub2004/ros2_ws/install/canopen_utils:/home/ub2004/ros2_ws/install/can_comm:/home/ub2004/ros2_ws/install/agv_pak:/opt/ros/humble LD_LIBRARY_PATH=/home/ub2004/ros2_ws/install/openslam_gmapping/lib:${LD_LIBRARY_PATH} /usr/bin/cmake --install /home/ub2004/ros2_ws/build/slam_gmapping
[20.915s] -- Install configuration: ""
[20.915s] -- Installing: /home/ub2004/ros2_ws/install/slam_gmapping/lib/slam_gmapping/slam_gmapping
[20.924s] -- Set runtime path of "/home/ub2004/ros2_ws/install/slam_gmapping/lib/slam_gmapping/slam_gmapping" to ""
[20.924s] -- Installing: /home/ub2004/ros2_ws/install/slam_gmapping/share/slam_gmapping/launch
[20.925s] -- Installing: /home/ub2004/ros2_ws/install/slam_gmapping/share/slam_gmapping/launch/slam_gmapping.launch.py
[20.925s] -- Installing: /home/ub2004/ros2_ws/install/slam_gmapping/share/ament_index/resource_index/package_run_dependencies/slam_gmapping
[20.926s] -- Installing: /home/ub2004/ros2_ws/install/slam_gmapping/share/ament_index/resource_index/parent_prefix_path/slam_gmapping
[20.927s] -- Installing: /home/ub2004/ros2_ws/install/slam_gmapping/share/slam_gmapping/environment/ament_prefix_path.sh
[20.928s] -- Installing: /home/ub2004/ros2_ws/install/slam_gmapping/share/slam_gmapping/environment/ament_prefix_path.dsv
[20.928s] -- Installing: /home/ub2004/ros2_ws/install/slam_gmapping/share/slam_gmapping/environment/path.sh
[20.929s] -- Installing: /home/ub2004/ros2_ws/install/slam_gmapping/share/slam_gmapping/environment/path.dsv
[20.929s] -- Installing: /home/ub2004/ros2_ws/install/slam_gmapping/share/slam_gmapping/local_setup.bash
[20.930s] -- Installing: /home/ub2004/ros2_ws/install/slam_gmapping/share/slam_gmapping/local_setup.sh
[20.930s] -- Installing: /home/ub2004/ros2_ws/install/slam_gmapping/share/slam_gmapping/local_setup.zsh
[20.931s] -- Installing: /home/ub2004/ros2_ws/install/slam_gmapping/share/slam_gmapping/local_setup.dsv
[20.934s] -- Installing: /home/ub2004/ros2_ws/install/slam_gmapping/share/slam_gmapping/package.dsv
[20.934s] -- Installing: /home/ub2004/ros2_ws/install/slam_gmapping/share/ament_index/resource_index/packages/slam_gmapping
[20.934s] -- Installing: /home/ub2004/ros2_ws/install/slam_gmapping/share/slam_gmapping/cmake/slam_gmappingConfig.cmake
[20.935s] -- Installing: /home/ub2004/ros2_ws/install/slam_gmapping/share/slam_gmapping/cmake/slam_gmappingConfig-version.cmake
[20.935s] -- Installing: /home/ub2004/ros2_ws/install/slam_gmapping/share/slam_gmapping/package.xml
[20.937s] Invoked command in '/home/ub2004/ros2_ws/build/slam_gmapping' returned '0': AMENT_PREFIX_PATH=/home/ub2004/ros2_ws/install/openslam_gmapping:${AMENT_PREFIX_PATH} CMAKE_PREFIX_PATH=/home/ub2004/ros2_ws/install/openslam_gmapping:/home/ub2004/ros2_ws/install/canopen_tests:/home/ub2004/ros2_ws/install/canopen_ros2_controllers:/home/ub2004/ros2_ws/install/canopen_ros2_control:/home/ub2004/ros2_ws/install/canopen:/home/ub2004/ros2_ws/install/canopen_402_driver:/home/ub2004/ros2_ws/install/canopen_proxy_driver:/home/ub2004/ros2_ws/install/canopen_master_driver:/home/ub2004/ros2_ws/install/canopen_fake_slaves:/home/ub2004/ros2_ws/install/canopen_base_driver:/home/ub2004/ros2_ws/install/canopen_core:/home/ub2004/ros2_ws/install/lely_core_libraries:/home/ub2004/ros2_ws/install/canopen_interfaces:/home/ub2004/ros2_ws/install/urdf_tutorial:/home/ub2004/ros2_ws/install/test_py:/home/ub2004/ros2_ws/install/canopen_utils:/home/ub2004/ros2_ws/install/can_comm:/home/ub2004/ros2_ws/install/agv_pak:/opt/ros/humble LD_LIBRARY_PATH=/home/ub2004/ros2_ws/install/openslam_gmapping/lib:${LD_LIBRARY_PATH} /usr/bin/cmake --install /home/ub2004/ros2_ws/build/slam_gmapping
