[1.110s] Invoking command in '/home/ub2004/ros2_ws/src/urdf_tutorial': PYTHONPATH=/home/ub2004/ros2_ws/build/urdf_tutorial/prefix_override:/usr/lib/python3/dist-packages/colcon_core/task/python/colcon_distutils_commands:/home/ub2004/ros2_ws/install/urdf_tutorial/lib/python3.10/site-packages:${PYTHONPATH} /usr/bin/python3 -W ignore:setup.py install is deprecated -W ignore:easy_install command is deprecated setup.py egg_info --egg-base ../../build/urdf_tutorial build --build-base /home/ub2004/ros2_ws/build/urdf_tutorial/build install --record /home/ub2004/ros2_ws/build/urdf_tutorial/install.log --single-version-externally-managed install_data
[1.402s] running egg_info
[1.403s] creating ../../build/urdf_tutorial/urdf_tutorial.egg-info
[1.403s] writing ../../build/urdf_tutorial/urdf_tutorial.egg-info/PKG-INFO
[1.403s] writing dependency_links to ../../build/urdf_tutorial/urdf_tutorial.egg-info/dependency_links.txt
[1.403s] writing entry points to ../../build/urdf_tutorial/urdf_tutorial.egg-info/entry_points.txt
[1.403s] writing requirements to ../../build/urdf_tutorial/urdf_tutorial.egg-info/requires.txt
[1.404s] writing top-level names to ../../build/urdf_tutorial/urdf_tutorial.egg-info/top_level.txt
[1.404s] writing manifest file '../../build/urdf_tutorial/urdf_tutorial.egg-info/SOURCES.txt'
[1.405s] reading manifest file '../../build/urdf_tutorial/urdf_tutorial.egg-info/SOURCES.txt'
[1.406s] writing manifest file '../../build/urdf_tutorial/urdf_tutorial.egg-info/SOURCES.txt'
[1.406s] running build
[1.406s] running build_py
[1.407s] creating /home/ub2004/ros2_ws/build/urdf_tutorial/build
[1.407s] creating /home/ub2004/ros2_ws/build/urdf_tutorial/build/lib
[1.407s] creating /home/ub2004/ros2_ws/build/urdf_tutorial/build/lib/urdf_tutorial
[1.407s] copying urdf_tutorial/__init__.py -> /home/ub2004/ros2_ws/build/urdf_tutorial/build/lib/urdf_tutorial
[1.407s] running install
[1.407s] running install_lib
[1.408s] creating /home/ub2004/ros2_ws/install/urdf_tutorial/lib/python3.10/site-packages/urdf_tutorial
[1.408s] copying /home/ub2004/ros2_ws/build/urdf_tutorial/build/lib/urdf_tutorial/__init__.py -> /home/ub2004/ros2_ws/install/urdf_tutorial/lib/python3.10/site-packages/urdf_tutorial
[1.408s] byte-compiling /home/ub2004/ros2_ws/install/urdf_tutorial/lib/python3.10/site-packages/urdf_tutorial/__init__.py to __init__.cpython-310.pyc
[1.409s] running install_data
[1.409s] creating /home/ub2004/ros2_ws/install/urdf_tutorial/share/ament_index
[1.409s] creating /home/ub2004/ros2_ws/install/urdf_tutorial/share/ament_index/resource_index
[1.409s] creating /home/ub2004/ros2_ws/install/urdf_tutorial/share/ament_index/resource_index/packages
[1.409s] copying resource/urdf_tutorial -> /home/ub2004/ros2_ws/install/urdf_tutorial/share/ament_index/resource_index/packages
[1.410s] copying package.xml -> /home/ub2004/ros2_ws/install/urdf_tutorial/share/urdf_tutorial
[1.410s] creating /home/ub2004/ros2_ws/install/urdf_tutorial/share/urdf_tutorial/launch
[1.410s] copying launch/robot.launch.py -> /home/ub2004/ros2_ws/install/urdf_tutorial/share/urdf_tutorial/launch
[1.410s] creating /home/ub2004/ros2_ws/install/urdf_tutorial/share/urdf_tutorial/urdf
[1.410s] copying urdf/robot.xacro -> /home/ub2004/ros2_ws/install/urdf_tutorial/share/urdf_tutorial/urdf
[1.410s] running install_egg_info
[1.414s] Copying ../../build/urdf_tutorial/urdf_tutorial.egg-info to /home/ub2004/ros2_ws/install/urdf_tutorial/lib/python3.10/site-packages/urdf_tutorial-0.0.0-py3.10.egg-info
[1.415s] running install_scripts
[1.443s] writing list of installed files to '/home/ub2004/ros2_ws/build/urdf_tutorial/install.log'
[1.475s] Invoked command in '/home/ub2004/ros2_ws/src/urdf_tutorial' returned '0': PYTHONPATH=/home/ub2004/ros2_ws/build/urdf_tutorial/prefix_override:/usr/lib/python3/dist-packages/colcon_core/task/python/colcon_distutils_commands:/home/ub2004/ros2_ws/install/urdf_tutorial/lib/python3.10/site-packages:${PYTHONPATH} /usr/bin/python3 -W ignore:setup.py install is deprecated -W ignore:easy_install command is deprecated setup.py egg_info --egg-base ../../build/urdf_tutorial build --build-base /home/ub2004/ros2_ws/build/urdf_tutorial/build install --record /home/ub2004/ros2_ws/build/urdf_tutorial/install.log --single-version-externally-managed install_data
