[0.023s] Invoking command in '/home/ub2004/ros2_ws/build/canopen_402_driver': CMAKE_PREFIX_PATH=/home/ub2004/ros2_ws/install/canopen_proxy_driver:/home/ub2004/ros2_ws/install/canopen_base_driver:/home/ub2004/ros2_ws/install/canopen_core:/home/ub2004/ros2_ws/install/lely_core_libraries:/home/ub2004/ros2_ws/install/canopen_interfaces:/path/to/ydlidar_sdk:/home/ub2004/ros2_ws/install/canopen_tests:/home/ub2004/ros2_ws/install/canopen_ros2_controllers:/home/ub2004/ros2_ws/install/canopen_ros2_control:/home/ub2004/ros2_ws/install/canopen:/home/ub2004/ros2_ws/install/canopen_402_driver:/home/ub2004/ros2_ws/install/canopen_master_driver:/home/ub2004/ros2_ws/install/canopen_fake_slaves:/home/ub2004/ros2_ws/install/urdf_tutorial:/home/ub2004/ros2_ws/install/test_py:/home/ub2004/ros2_ws/install/canopen_utils:/home/ub2004/ros2_ws/install/can_comm:/home/ub2004/ros2_ws/install/agv_pak:/opt/ros/humble LD_LIBRARY_PATH=/home/ub2004/ros2_ws/install/canopen_proxy_driver/lib:/home/ub2004/ros2_ws/install/canopen_base_driver/lib:/home/ub2004/ros2_ws/install/canopen_core/lib:/home/ub2004/ros2_ws/install/lely_core_libraries/lib:/home/ub2004/ros2_ws/install/canopen_interfaces/lib:/home/ub2004/ros2_ws/install/canopen_ros2_controllers/lib:/home/ub2004/ros2_ws/install/canopen_ros2_control/lib:/home/ub2004/ros2_ws/install/canopen_402_driver/lib:/home/ub2004/ros2_ws/install/canopen_master_driver/lib:/opt/ros/humble/opt/rviz_ogre_vendor/lib:/opt/ros/humble/lib/x86_64-linux-gnu:/opt/ros/humble/lib PYTHONPATH=/home/ub2004/ros2_ws/install/lely_core_libraries/lib/python3.10/site-packages:/home/ub2004/ros2_ws/install/urdf_tutorial/lib/python3.10/site-packages:/home/ub2004/ros2_ws/install/test_py/lib/python3.10/site-packages:/home/ub2004/ros2_ws/install/lely_core_libraries/local/lib/python3.10/dist-packages:/home/ub2004/ros2_ws/install/canopen_utils/lib/python3.10/site-packages:/home/ub2004/ros2_ws/install/canopen_interfaces/local/lib/python3.10/dist-packages:/home/ub2004/ros2_ws/install/can_comm/lib/python3.10/site-packages:/home/ub2004/ros2_ws/install/agv_pak/lib/python3.10/site-packages:/opt/ros/humble/lib/python3.10/site-packages:/opt/ros/humble/local/lib/python3.10/dist-packages /usr/bin/cmake /home/ub2004/ros2_ws/src/ros2_canopen/canopen_402_driver -DAMENT_CMAKE_SYMLINK_INSTALL=1 -DCMAKE_INSTALL_PREFIX=/home/ub2004/ros2_ws/install/canopen_402_driver
[0.086s] -- The C compiler identification is GNU 11.4.0
[0.150s] -- The CXX compiler identification is GNU 11.4.0
[0.158s] -- Detecting C compiler ABI info
[0.255s] -- Detecting C compiler ABI info - done
[0.264s] -- Check for working C compiler: /usr/bin/cc - skipped
[0.264s] -- Detecting C compile features
[0.264s] -- Detecting C compile features - done
[0.268s] -- Detecting CXX compiler ABI info
[0.356s] -- Detecting CXX compiler ABI info - done
[0.365s] -- Check for working CXX compiler: /usr/bin/c++ - skipped
[0.365s] -- Detecting CXX compile features
[0.366s] -- Detecting CXX compile features - done
[0.370s] -- Found ament_cmake: 1.3.11 (/opt/ros/humble/share/ament_cmake/cmake)
[0.553s] -- Found Python3: /usr/bin/python3 (found version "3.10.12") found components: Interpreter 
[0.622s] -- Override CMake install command with custom implementation using symlinks instead of copying resources
[0.664s] -- Found ament_cmake_ros: 0.10.0 (/opt/ros/humble/share/ament_cmake_ros/cmake)
[0.675s] -- Found canopen_base_driver: 0.2.11 (/home/ub2004/ros2_ws/install/canopen_base_driver/share/canopen_base_driver/cmake)
[0.869s] -- Found Boost: /usr/lib/x86_64-linux-gnu/cmake/Boost-1.74.0/BoostConfig.cmake (found version "1.74.0") found components: system thread 
[0.917s] -- Found rosidl_generator_c: 3.1.6 (/opt/ros/humble/share/rosidl_generator_c/cmake)
[0.930s] -- Found rosidl_adapter: 3.1.6 (/opt/ros/humble/share/rosidl_adapter/cmake)
[0.945s] -- Found rosidl_generator_cpp: 3.1.6 (/opt/ros/humble/share/rosidl_generator_cpp/cmake)
[0.962s] -- Using all available rosidl_typesupport_c: rosidl_typesupport_fastrtps_c;rosidl_typesupport_introspection_c
[0.985s] -- Using all available rosidl_typesupport_cpp: rosidl_typesupport_fastrtps_cpp;rosidl_typesupport_introspection_cpp
[1.093s] -- Found rmw_implementation_cmake: 6.1.2 (/opt/ros/humble/share/rmw_implementation_cmake/cmake)
[1.098s] -- Found rmw_fastrtps_cpp: 6.2.7 (/opt/ros/humble/share/rmw_fastrtps_cpp/cmake)
[1.205s] -- Found OpenSSL: /usr/lib/x86_64-linux-gnu/libcrypto.so (found version "3.0.2")  
[1.237s] -- Found FastRTPS: /opt/ros/humble/include  
[1.284s] -- Using RMW implementation 'rmw_fastrtps_cpp' as default
[1.296s] -- Found Threads: TRUE  
[1.458s] -- Found canopen_proxy_driver: 0.2.11 (/home/ub2004/ros2_ws/install/canopen_proxy_driver/share/canopen_proxy_driver/cmake)
[1.474s] -- Found sensor_msgs: 4.2.4 (/opt/ros/humble/share/sensor_msgs/cmake)
[1.547s] -- Found gtest sources under '/opt/ros/humble/src/gtest_vendor': C++ tests using 'Google Test' will be built
[1.636s] -- Configuring done
[1.702s] -- Generating done
[1.719s] -- Build files have been written to: /home/ub2004/ros2_ws/build/canopen_402_driver
[1.735s] Invoked command in '/home/ub2004/ros2_ws/build/canopen_402_driver' returned '0': CMAKE_PREFIX_PATH=/home/ub2004/ros2_ws/install/canopen_proxy_driver:/home/ub2004/ros2_ws/install/canopen_base_driver:/home/ub2004/ros2_ws/install/canopen_core:/home/ub2004/ros2_ws/install/lely_core_libraries:/home/ub2004/ros2_ws/install/canopen_interfaces:/path/to/ydlidar_sdk:/home/ub2004/ros2_ws/install/canopen_tests:/home/ub2004/ros2_ws/install/canopen_ros2_controllers:/home/ub2004/ros2_ws/install/canopen_ros2_control:/home/ub2004/ros2_ws/install/canopen:/home/ub2004/ros2_ws/install/canopen_402_driver:/home/ub2004/ros2_ws/install/canopen_master_driver:/home/ub2004/ros2_ws/install/canopen_fake_slaves:/home/ub2004/ros2_ws/install/urdf_tutorial:/home/ub2004/ros2_ws/install/test_py:/home/ub2004/ros2_ws/install/canopen_utils:/home/ub2004/ros2_ws/install/can_comm:/home/ub2004/ros2_ws/install/agv_pak:/opt/ros/humble LD_LIBRARY_PATH=/home/ub2004/ros2_ws/install/canopen_proxy_driver/lib:/home/ub2004/ros2_ws/install/canopen_base_driver/lib:/home/ub2004/ros2_ws/install/canopen_core/lib:/home/ub2004/ros2_ws/install/lely_core_libraries/lib:/home/ub2004/ros2_ws/install/canopen_interfaces/lib:/home/ub2004/ros2_ws/install/canopen_ros2_controllers/lib:/home/ub2004/ros2_ws/install/canopen_ros2_control/lib:/home/ub2004/ros2_ws/install/canopen_402_driver/lib:/home/ub2004/ros2_ws/install/canopen_master_driver/lib:/opt/ros/humble/opt/rviz_ogre_vendor/lib:/opt/ros/humble/lib/x86_64-linux-gnu:/opt/ros/humble/lib PYTHONPATH=/home/ub2004/ros2_ws/install/lely_core_libraries/lib/python3.10/site-packages:/home/ub2004/ros2_ws/install/urdf_tutorial/lib/python3.10/site-packages:/home/ub2004/ros2_ws/install/test_py/lib/python3.10/site-packages:/home/ub2004/ros2_ws/install/lely_core_libraries/local/lib/python3.10/dist-packages:/home/ub2004/ros2_ws/install/canopen_utils/lib/python3.10/site-packages:/home/ub2004/ros2_ws/install/canopen_interfaces/local/lib/python3.10/dist-packages:/home/ub2004/ros2_ws/install/can_comm/lib/python3.10/site-packages:/home/ub2004/ros2_ws/install/agv_pak/lib/python3.10/site-packages:/opt/ros/humble/lib/python3.10/site-packages:/opt/ros/humble/local/lib/python3.10/dist-packages /usr/bin/cmake /home/ub2004/ros2_ws/src/ros2_canopen/canopen_402_driver -DAMENT_CMAKE_SYMLINK_INSTALL=1 -DCMAKE_INSTALL_PREFIX=/home/ub2004/ros2_ws/install/canopen_402_driver
[1.736s] Invoking command in '/home/ub2004/ros2_ws/build/canopen_402_driver': CMAKE_PREFIX_PATH=/home/ub2004/ros2_ws/install/canopen_proxy_driver:/home/ub2004/ros2_ws/install/canopen_base_driver:/home/ub2004/ros2_ws/install/canopen_core:/home/ub2004/ros2_ws/install/lely_core_libraries:/home/ub2004/ros2_ws/install/canopen_interfaces:/path/to/ydlidar_sdk:/home/ub2004/ros2_ws/install/canopen_tests:/home/ub2004/ros2_ws/install/canopen_ros2_controllers:/home/ub2004/ros2_ws/install/canopen_ros2_control:/home/ub2004/ros2_ws/install/canopen:/home/ub2004/ros2_ws/install/canopen_402_driver:/home/ub2004/ros2_ws/install/canopen_master_driver:/home/ub2004/ros2_ws/install/canopen_fake_slaves:/home/ub2004/ros2_ws/install/urdf_tutorial:/home/ub2004/ros2_ws/install/test_py:/home/ub2004/ros2_ws/install/canopen_utils:/home/ub2004/ros2_ws/install/can_comm:/home/ub2004/ros2_ws/install/agv_pak:/opt/ros/humble LD_LIBRARY_PATH=/home/ub2004/ros2_ws/install/canopen_proxy_driver/lib:/home/ub2004/ros2_ws/install/canopen_base_driver/lib:/home/ub2004/ros2_ws/install/canopen_core/lib:/home/ub2004/ros2_ws/install/lely_core_libraries/lib:/home/ub2004/ros2_ws/install/canopen_interfaces/lib:/home/ub2004/ros2_ws/install/canopen_ros2_controllers/lib:/home/ub2004/ros2_ws/install/canopen_ros2_control/lib:/home/ub2004/ros2_ws/install/canopen_402_driver/lib:/home/ub2004/ros2_ws/install/canopen_master_driver/lib:/opt/ros/humble/opt/rviz_ogre_vendor/lib:/opt/ros/humble/lib/x86_64-linux-gnu:/opt/ros/humble/lib PYTHONPATH=/home/ub2004/ros2_ws/install/lely_core_libraries/lib/python3.10/site-packages:/home/ub2004/ros2_ws/install/urdf_tutorial/lib/python3.10/site-packages:/home/ub2004/ros2_ws/install/test_py/lib/python3.10/site-packages:/home/ub2004/ros2_ws/install/lely_core_libraries/local/lib/python3.10/dist-packages:/home/ub2004/ros2_ws/install/canopen_utils/lib/python3.10/site-packages:/home/ub2004/ros2_ws/install/canopen_interfaces/local/lib/python3.10/dist-packages:/home/ub2004/ros2_ws/install/can_comm/lib/python3.10/site-packages:/home/ub2004/ros2_ws/install/agv_pak/lib/python3.10/site-packages:/opt/ros/humble/lib/python3.10/site-packages:/opt/ros/humble/local/lib/python3.10/dist-packages /usr/bin/cmake --build /home/ub2004/ros2_ws/build/canopen_402_driver -- -j8 -l8
[1.799s] [ 11%] [32mBuilding CXX object CMakeFiles/lely_motion_controller_bridge.dir/src/motor.cpp.o[0m
[1.799s] [ 11%] [32mBuilding CXX object CMakeFiles/lely_motion_controller_bridge.dir/src/command.cpp.o[0m
[1.801s] [ 17%] [32mBuilding CXX object gtest/CMakeFiles/gtest_main.dir/src/gtest_main.cc.o[0m
[1.802s] [ 23%] [32mBuilding CXX object gtest/CMakeFiles/gtest.dir/src/gtest-all.cc.o[0m
[1.802s] [ 29%] [32mBuilding CXX object CMakeFiles/lely_motion_controller_bridge.dir/src/state.cpp.o[0m
[1.804s] [ 35%] [32mBuilding CXX object CMakeFiles/lely_motion_controller_bridge.dir/src/default_homing_mode.cpp.o[0m
[3.315s] [ 41%] [32m[1mLinking CXX static library libgtest_main.a[0m
[3.356s] [ 41%] Built target gtest_main
[5.929s] [ 47%] [32m[1mLinking CXX static library libgtest.a[0m
[6.002s] [ 47%] Built target gtest
[6.028s] [ 52%] [32mBuilding CXX object test/CMakeFiles/test_driver_component.dir/test_driver_component.cpp.o[0m
[10.765s] [ 58%] [32m[1mLinking CXX shared library liblely_motion_controller_bridge.so[0m
[11.141s] [ 58%] Built target lely_motion_controller_bridge
[11.168s] [ 64%] [32mBuilding CXX object CMakeFiles/node_canopen_cia402_driver.dir/src/node_interfaces/node_canopen_402_driver.cpp.o[0m
[13.781s] [ 70%] [32m[1mLinking CXX executable test_driver_component[0m
[14.103s] [ 70%] Built target test_driver_component
[22.622s] [ 76%] [32m[1mLinking CXX shared library libnode_canopen_cia402_driver.so[0m
[23.479s] [ 76%] Built target node_canopen_cia402_driver
[23.507s] [ 88%] [32mBuilding CXX object CMakeFiles/lifecycle_cia402_driver.dir/src/lifecycle_cia402_driver.cpp.o[0m
[23.507s] [ 88%] [32mBuilding CXX object CMakeFiles/cia402_driver.dir/src/cia402_driver.cpp.o[0m
[31.572s] [ 94%] [32m[1mLinking CXX shared library liblifecycle_cia402_driver.so[0m
[31.642s] [100%] [32m[1mLinking CXX shared library libcia402_driver.so[0m
[32.033s] [100%] Built target lifecycle_cia402_driver
[32.108s] [100%] Built target cia402_driver
[32.121s] Invoked command in '/home/ub2004/ros2_ws/build/canopen_402_driver' returned '0': CMAKE_PREFIX_PATH=/home/ub2004/ros2_ws/install/canopen_proxy_driver:/home/ub2004/ros2_ws/install/canopen_base_driver:/home/ub2004/ros2_ws/install/canopen_core:/home/ub2004/ros2_ws/install/lely_core_libraries:/home/ub2004/ros2_ws/install/canopen_interfaces:/path/to/ydlidar_sdk:/home/ub2004/ros2_ws/install/canopen_tests:/home/ub2004/ros2_ws/install/canopen_ros2_controllers:/home/ub2004/ros2_ws/install/canopen_ros2_control:/home/ub2004/ros2_ws/install/canopen:/home/ub2004/ros2_ws/install/canopen_402_driver:/home/ub2004/ros2_ws/install/canopen_master_driver:/home/ub2004/ros2_ws/install/canopen_fake_slaves:/home/ub2004/ros2_ws/install/urdf_tutorial:/home/ub2004/ros2_ws/install/test_py:/home/ub2004/ros2_ws/install/canopen_utils:/home/ub2004/ros2_ws/install/can_comm:/home/ub2004/ros2_ws/install/agv_pak:/opt/ros/humble LD_LIBRARY_PATH=/home/ub2004/ros2_ws/install/canopen_proxy_driver/lib:/home/ub2004/ros2_ws/install/canopen_base_driver/lib:/home/ub2004/ros2_ws/install/canopen_core/lib:/home/ub2004/ros2_ws/install/lely_core_libraries/lib:/home/ub2004/ros2_ws/install/canopen_interfaces/lib:/home/ub2004/ros2_ws/install/canopen_ros2_controllers/lib:/home/ub2004/ros2_ws/install/canopen_ros2_control/lib:/home/ub2004/ros2_ws/install/canopen_402_driver/lib:/home/ub2004/ros2_ws/install/canopen_master_driver/lib:/opt/ros/humble/opt/rviz_ogre_vendor/lib:/opt/ros/humble/lib/x86_64-linux-gnu:/opt/ros/humble/lib PYTHONPATH=/home/ub2004/ros2_ws/install/lely_core_libraries/lib/python3.10/site-packages:/home/ub2004/ros2_ws/install/urdf_tutorial/lib/python3.10/site-packages:/home/ub2004/ros2_ws/install/test_py/lib/python3.10/site-packages:/home/ub2004/ros2_ws/install/lely_core_libraries/local/lib/python3.10/dist-packages:/home/ub2004/ros2_ws/install/canopen_utils/lib/python3.10/site-packages:/home/ub2004/ros2_ws/install/canopen_interfaces/local/lib/python3.10/dist-packages:/home/ub2004/ros2_ws/install/can_comm/lib/python3.10/site-packages:/home/ub2004/ros2_ws/install/agv_pak/lib/python3.10/site-packages:/opt/ros/humble/lib/python3.10/site-packages:/opt/ros/humble/local/lib/python3.10/dist-packages /usr/bin/cmake --build /home/ub2004/ros2_ws/build/canopen_402_driver -- -j8 -l8
[32.123s] Invoking command in '/home/ub2004/ros2_ws/build/canopen_402_driver': CMAKE_PREFIX_PATH=/home/ub2004/ros2_ws/install/canopen_proxy_driver:/home/ub2004/ros2_ws/install/canopen_base_driver:/home/ub2004/ros2_ws/install/canopen_core:/home/ub2004/ros2_ws/install/lely_core_libraries:/home/ub2004/ros2_ws/install/canopen_interfaces:/path/to/ydlidar_sdk:/home/ub2004/ros2_ws/install/canopen_tests:/home/ub2004/ros2_ws/install/canopen_ros2_controllers:/home/ub2004/ros2_ws/install/canopen_ros2_control:/home/ub2004/ros2_ws/install/canopen:/home/ub2004/ros2_ws/install/canopen_402_driver:/home/ub2004/ros2_ws/install/canopen_master_driver:/home/ub2004/ros2_ws/install/canopen_fake_slaves:/home/ub2004/ros2_ws/install/urdf_tutorial:/home/ub2004/ros2_ws/install/test_py:/home/ub2004/ros2_ws/install/canopen_utils:/home/ub2004/ros2_ws/install/can_comm:/home/ub2004/ros2_ws/install/agv_pak:/opt/ros/humble LD_LIBRARY_PATH=/home/ub2004/ros2_ws/install/canopen_proxy_driver/lib:/home/ub2004/ros2_ws/install/canopen_base_driver/lib:/home/ub2004/ros2_ws/install/canopen_core/lib:/home/ub2004/ros2_ws/install/lely_core_libraries/lib:/home/ub2004/ros2_ws/install/canopen_interfaces/lib:/home/ub2004/ros2_ws/install/canopen_ros2_controllers/lib:/home/ub2004/ros2_ws/install/canopen_ros2_control/lib:/home/ub2004/ros2_ws/install/canopen_402_driver/lib:/home/ub2004/ros2_ws/install/canopen_master_driver/lib:/opt/ros/humble/opt/rviz_ogre_vendor/lib:/opt/ros/humble/lib/x86_64-linux-gnu:/opt/ros/humble/lib PYTHONPATH=/home/ub2004/ros2_ws/install/lely_core_libraries/lib/python3.10/site-packages:/home/ub2004/ros2_ws/install/urdf_tutorial/lib/python3.10/site-packages:/home/ub2004/ros2_ws/install/test_py/lib/python3.10/site-packages:/home/ub2004/ros2_ws/install/lely_core_libraries/local/lib/python3.10/dist-packages:/home/ub2004/ros2_ws/install/canopen_utils/lib/python3.10/site-packages:/home/ub2004/ros2_ws/install/canopen_interfaces/local/lib/python3.10/dist-packages:/home/ub2004/ros2_ws/install/can_comm/lib/python3.10/site-packages:/home/ub2004/ros2_ws/install/agv_pak/lib/python3.10/site-packages:/opt/ros/humble/lib/python3.10/site-packages:/opt/ros/humble/local/lib/python3.10/dist-packages /usr/bin/cmake --install /home/ub2004/ros2_ws/build/canopen_402_driver
[32.133s] -- Install configuration: ""
[32.133s] -- Execute custom install script
[32.134s] -- Symlinking: /home/ub2004/ros2_ws/install/canopen_402_driver/include/canopen_402_driver/base.hpp
[32.145s] -- Symlinking: /home/ub2004/ros2_ws/install/canopen_402_driver/include/canopen_402_driver/cia402_driver.hpp
[32.154s] -- Symlinking: /home/ub2004/ros2_ws/install/canopen_402_driver/include/canopen_402_driver/command.hpp
[32.164s] -- Symlinking: /home/ub2004/ros2_ws/install/canopen_402_driver/include/canopen_402_driver/default_homing_mode.hpp
[32.174s] -- Symlinking: /home/ub2004/ros2_ws/install/canopen_402_driver/include/canopen_402_driver/homing_mode.hpp
[32.183s] -- Symlinking: /home/ub2004/ros2_ws/install/canopen_402_driver/include/canopen_402_driver/lifecycle_cia402_driver.hpp
[32.193s] -- Symlinking: /home/ub2004/ros2_ws/install/canopen_402_driver/include/canopen_402_driver/mode.hpp
[32.202s] -- Symlinking: /home/ub2004/ros2_ws/install/canopen_402_driver/include/canopen_402_driver/mode_forward_helper.hpp
[32.215s] -- Symlinking: /home/ub2004/ros2_ws/install/canopen_402_driver/include/canopen_402_driver/mode_target_helper.hpp
[32.225s] -- Symlinking: /home/ub2004/ros2_ws/install/canopen_402_driver/include/canopen_402_driver/motor.hpp
[32.234s] -- Symlinking: /home/ub2004/ros2_ws/install/canopen_402_driver/include/canopen_402_driver/node_interfaces/node_canopen_402_driver.hpp
[32.243s] -- Symlinking: /home/ub2004/ros2_ws/install/canopen_402_driver/include/canopen_402_driver/node_interfaces/node_canopen_402_driver_impl.hpp
[32.253s] -- Symlinking: /home/ub2004/ros2_ws/install/canopen_402_driver/include/canopen_402_driver/profiled_position_mode.hpp
[32.262s] -- Symlinking: /home/ub2004/ros2_ws/install/canopen_402_driver/include/canopen_402_driver/state.hpp
[32.271s] -- Symlinking: /home/ub2004/ros2_ws/install/canopen_402_driver/include/canopen_402_driver/visibility_control.h
[32.280s] -- Symlinking: /home/ub2004/ros2_ws/install/canopen_402_driver/include/canopen_402_driver/word_accessor.hpp
[32.290s] -- Symlinking: /home/ub2004/ros2_ws/install/canopen_402_driver/share/canopen_402_driver/environment/library_path.sh
[32.300s] -- Symlinking: /home/ub2004/ros2_ws/install/canopen_402_driver/share/canopen_402_driver/environment/library_path.dsv
[32.312s] -- Symlinking: /home/ub2004/ros2_ws/install/canopen_402_driver/share/ament_index/resource_index/package_run_dependencies/canopen_402_driver
[32.323s] -- Symlinking: /home/ub2004/ros2_ws/install/canopen_402_driver/share/ament_index/resource_index/parent_prefix_path/canopen_402_driver
[32.332s] -- Symlinking: /home/ub2004/ros2_ws/install/canopen_402_driver/share/canopen_402_driver/environment/ament_prefix_path.sh
[32.341s] -- Symlinking: /home/ub2004/ros2_ws/install/canopen_402_driver/share/canopen_402_driver/environment/ament_prefix_path.dsv
[32.351s] -- Symlinking: /home/ub2004/ros2_ws/install/canopen_402_driver/share/canopen_402_driver/environment/path.sh
[32.360s] -- Symlinking: /home/ub2004/ros2_ws/install/canopen_402_driver/share/canopen_402_driver/environment/path.dsv
[32.369s] -- Symlinking: /home/ub2004/ros2_ws/install/canopen_402_driver/share/canopen_402_driver/local_setup.bash
[32.379s] -- Symlinking: /home/ub2004/ros2_ws/install/canopen_402_driver/share/canopen_402_driver/local_setup.sh
[32.388s] -- Symlinking: /home/ub2004/ros2_ws/install/canopen_402_driver/share/canopen_402_driver/local_setup.zsh
[32.397s] -- Symlinking: /home/ub2004/ros2_ws/install/canopen_402_driver/share/canopen_402_driver/local_setup.dsv
[32.409s] -- Symlinking: /home/ub2004/ros2_ws/install/canopen_402_driver/share/canopen_402_driver/package.dsv
[32.420s] -- Symlinking: /home/ub2004/ros2_ws/install/canopen_402_driver/share/ament_index/resource_index/packages/canopen_402_driver
[32.430s] -- Symlinking: /home/ub2004/ros2_ws/install/canopen_402_driver/share/ament_index/resource_index/rclcpp_components/canopen_402_driver
[32.439s] -- Symlinking: /home/ub2004/ros2_ws/install/canopen_402_driver/share/canopen_402_driver/cmake/ament_cmake_export_include_directories-extras.cmake
[32.449s] -- Symlinking: /home/ub2004/ros2_ws/install/canopen_402_driver/share/canopen_402_driver/cmake/ament_cmake_export_libraries-extras.cmake
[32.461s] -- Symlinking: /home/ub2004/ros2_ws/install/canopen_402_driver/share/canopen_402_driver/cmake/ament_cmake_export_targets-extras.cmake
[32.471s] -- Symlinking: /home/ub2004/ros2_ws/install/canopen_402_driver/share/canopen_402_driver/cmake/ament_cmake_export_dependencies-extras.cmake
[32.480s] -- Symlinking: /home/ub2004/ros2_ws/install/canopen_402_driver/share/canopen_402_driver/cmake/canopen_402_driverConfig.cmake
[32.490s] -- Symlinking: /home/ub2004/ros2_ws/install/canopen_402_driver/share/canopen_402_driver/cmake/canopen_402_driverConfig-version.cmake
[32.500s] -- Symlinking: /home/ub2004/ros2_ws/install/canopen_402_driver/share/canopen_402_driver/package.xml
[32.511s] -- Installing: /home/ub2004/ros2_ws/install/canopen_402_driver/lib/liblifecycle_cia402_driver.so
[32.513s] -- Set runtime path of "/home/ub2004/ros2_ws/install/canopen_402_driver/lib/liblifecycle_cia402_driver.so" to ""
[32.514s] -- Installing: /home/ub2004/ros2_ws/install/canopen_402_driver/lib/libcia402_driver.so
[32.516s] -- Set runtime path of "/home/ub2004/ros2_ws/install/canopen_402_driver/lib/libcia402_driver.so" to ""
[32.516s] -- Installing: /home/ub2004/ros2_ws/install/canopen_402_driver/lib/libnode_canopen_cia402_driver.so
[32.522s] -- Set runtime path of "/home/ub2004/ros2_ws/install/canopen_402_driver/lib/libnode_canopen_cia402_driver.so" to ""
[32.522s] -- Installing: /home/ub2004/ros2_ws/install/canopen_402_driver/lib/liblely_motion_controller_bridge.so
[32.524s] -- Set runtime path of "/home/ub2004/ros2_ws/install/canopen_402_driver/lib/liblely_motion_controller_bridge.so" to ""
[32.525s] -- Installing: /home/ub2004/ros2_ws/install/canopen_402_driver/share/canopen_402_driver/cmake/export_canopen_402_driverExport.cmake
[32.525s] -- Installing: /home/ub2004/ros2_ws/install/canopen_402_driver/share/canopen_402_driver/cmake/export_canopen_402_driverExport-noconfig.cmake
[32.528s] Invoked command in '/home/ub2004/ros2_ws/build/canopen_402_driver' returned '0': CMAKE_PREFIX_PATH=/home/ub2004/ros2_ws/install/canopen_proxy_driver:/home/ub2004/ros2_ws/install/canopen_base_driver:/home/ub2004/ros2_ws/install/canopen_core:/home/ub2004/ros2_ws/install/lely_core_libraries:/home/ub2004/ros2_ws/install/canopen_interfaces:/path/to/ydlidar_sdk:/home/ub2004/ros2_ws/install/canopen_tests:/home/ub2004/ros2_ws/install/canopen_ros2_controllers:/home/ub2004/ros2_ws/install/canopen_ros2_control:/home/ub2004/ros2_ws/install/canopen:/home/ub2004/ros2_ws/install/canopen_402_driver:/home/ub2004/ros2_ws/install/canopen_master_driver:/home/ub2004/ros2_ws/install/canopen_fake_slaves:/home/ub2004/ros2_ws/install/urdf_tutorial:/home/ub2004/ros2_ws/install/test_py:/home/ub2004/ros2_ws/install/canopen_utils:/home/ub2004/ros2_ws/install/can_comm:/home/ub2004/ros2_ws/install/agv_pak:/opt/ros/humble LD_LIBRARY_PATH=/home/ub2004/ros2_ws/install/canopen_proxy_driver/lib:/home/ub2004/ros2_ws/install/canopen_base_driver/lib:/home/ub2004/ros2_ws/install/canopen_core/lib:/home/ub2004/ros2_ws/install/lely_core_libraries/lib:/home/ub2004/ros2_ws/install/canopen_interfaces/lib:/home/ub2004/ros2_ws/install/canopen_ros2_controllers/lib:/home/ub2004/ros2_ws/install/canopen_ros2_control/lib:/home/ub2004/ros2_ws/install/canopen_402_driver/lib:/home/ub2004/ros2_ws/install/canopen_master_driver/lib:/opt/ros/humble/opt/rviz_ogre_vendor/lib:/opt/ros/humble/lib/x86_64-linux-gnu:/opt/ros/humble/lib PYTHONPATH=/home/ub2004/ros2_ws/install/lely_core_libraries/lib/python3.10/site-packages:/home/ub2004/ros2_ws/install/urdf_tutorial/lib/python3.10/site-packages:/home/ub2004/ros2_ws/install/test_py/lib/python3.10/site-packages:/home/ub2004/ros2_ws/install/lely_core_libraries/local/lib/python3.10/dist-packages:/home/ub2004/ros2_ws/install/canopen_utils/lib/python3.10/site-packages:/home/ub2004/ros2_ws/install/canopen_interfaces/local/lib/python3.10/dist-packages:/home/ub2004/ros2_ws/install/can_comm/lib/python3.10/site-packages:/home/ub2004/ros2_ws/install/agv_pak/lib/python3.10/site-packages:/opt/ros/humble/lib/python3.10/site-packages:/opt/ros/humble/local/lib/python3.10/dist-packages /usr/bin/cmake --install /home/ub2004/ros2_ws/build/canopen_402_driver
