/home/ub2004/ros2_ws/install/can_comm/lib/python3.10/site-packages/can_comm/agv_odometry_sub.py
/home/ub2004/ros2_ws/install/can_comm/lib/python3.10/site-packages/can_comm/can_velocity_node.py
/home/ub2004/ros2_ws/install/can_comm/lib/python3.10/site-packages/can_comm/agv_odometry_pub.py
/home/ub2004/ros2_ws/install/can_comm/lib/python3.10/site-packages/can_comm/auto_drive.py
/home/ub2004/ros2_ws/install/can_comm/lib/python3.10/site-packages/can_comm/joystick_node.py
/home/ub2004/ros2_ws/install/can_comm/lib/python3.10/site-packages/can_comm/__init__.py
/home/ub2004/ros2_ws/install/can_comm/lib/python3.10/site-packages/can_comm/__pycache__/agv_odometry_sub.cpython-310.pyc
/home/ub2004/ros2_ws/install/can_comm/lib/python3.10/site-packages/can_comm/__pycache__/can_velocity_node.cpython-310.pyc
/home/ub2004/ros2_ws/install/can_comm/lib/python3.10/site-packages/can_comm/__pycache__/agv_odometry_pub.cpython-310.pyc
/home/ub2004/ros2_ws/install/can_comm/lib/python3.10/site-packages/can_comm/__pycache__/auto_drive.cpython-310.pyc
/home/ub2004/ros2_ws/install/can_comm/lib/python3.10/site-packages/can_comm/__pycache__/joystick_node.cpython-310.pyc
/home/ub2004/ros2_ws/install/can_comm/lib/python3.10/site-packages/can_comm/__pycache__/__init__.cpython-310.pyc
/home/ub2004/ros2_ws/install/can_comm/share/ament_index/resource_index/packages/can_comm
/home/ub2004/ros2_ws/install/can_comm/share/can_comm/package.xml
/home/ub2004/ros2_ws/install/can_comm/share/can_comm/launch/agv.launch.py
/home/ub2004/ros2_ws/install/can_comm/lib/python3.10/site-packages/can_comm-0.0.0-py3.10.egg-info/PKG-INFO
/home/ub2004/ros2_ws/install/can_comm/lib/python3.10/site-packages/can_comm-0.0.0-py3.10.egg-info/requires.txt
/home/ub2004/ros2_ws/install/can_comm/lib/python3.10/site-packages/can_comm-0.0.0-py3.10.egg-info/dependency_links.txt
/home/ub2004/ros2_ws/install/can_comm/lib/python3.10/site-packages/can_comm-0.0.0-py3.10.egg-info/SOURCES.txt
/home/ub2004/ros2_ws/install/can_comm/lib/python3.10/site-packages/can_comm-0.0.0-py3.10.egg-info/entry_points.txt
/home/ub2004/ros2_ws/install/can_comm/lib/python3.10/site-packages/can_comm-0.0.0-py3.10.egg-info/top_level.txt
/home/ub2004/ros2_ws/install/can_comm/lib/python3.10/site-packages/can_comm-0.0.0-py3.10.egg-info/zip-safe
/home/ub2004/ros2_ws/install/can_comm/lib/can_comm/agv_odometry_pub
/home/ub2004/ros2_ws/install/can_comm/lib/can_comm/agv_odometry_sub
/home/ub2004/ros2_ws/install/can_comm/lib/can_comm/auto_drive
/home/ub2004/ros2_ws/install/can_comm/lib/can_comm/can_velocity
/home/ub2004/ros2_ws/install/can_comm/lib/can_comm/joystick_node
