[0.044s] Invoking command in '/home/ub2004/ros2_ws/src/build/lely_core_libraries': CMAKE_PREFIX_PATH=${CMAKE_PREFIX_PATH}:/home/ub2004/ros2_ws/install/urdf_tutorial:/home/ub2004/ros2_ws/install/test_py:/home/ub2004/ros2_ws/install/canopen_utils:/home/ub2004/ros2_ws/install/can_comm:/home/ub2004/ros2_ws/install/agv_pak:/opt/ros/humble /usr/bin/cmake /home/ub2004/ros2_ws/src/ros2_canopen/lely_core_libraries -DCMAKE_INSTALL_PREFIX=/home/ub2004/ros2_ws/src/install/lely_core_libraries
[0.777s] -- The C compiler identification is GNU 11.4.0
[0.777s] -- The CXX compiler identification is GNU 11.4.0
[0.777s] -- Detecting C compiler ABI info
[0.777s] -- Detecting C compiler ABI info - done
[0.777s] -- Check for working C compiler: /usr/bin/cc - skipped
[0.777s] -- Detecting C compile features
[0.777s] -- Detecting C compile features - done
[0.777s] -- Detecting CXX compiler ABI info
[0.778s] -- Detecting CXX compiler ABI info - done
[0.778s] -- Check for working CXX compiler: /usr/bin/c++ - skipped
[0.778s] -- Detecting CXX compile features
[0.778s] -- Detecting CXX compile features - done
[0.778s] -- Found ament_cmake: 1.3.11 (/opt/ros/humble/share/ament_cmake/cmake)
[0.778s] -- Found Python3: /usr/bin/python3 (found version "3.10.12") found components: Interpreter 
[0.970s] -- Configuring done
[0.976s] -- Generating done
[0.980s] -- Build files have been written to: /home/ub2004/ros2_ws/src/build/lely_core_libraries
[1.141s] Invoked command in '/home/ub2004/ros2_ws/src/build/lely_core_libraries' returned '0': CMAKE_PREFIX_PATH=${CMAKE_PREFIX_PATH}:/home/ub2004/ros2_ws/install/urdf_tutorial:/home/ub2004/ros2_ws/install/test_py:/home/ub2004/ros2_ws/install/canopen_utils:/home/ub2004/ros2_ws/install/can_comm:/home/ub2004/ros2_ws/install/agv_pak:/opt/ros/humble /usr/bin/cmake /home/ub2004/ros2_ws/src/ros2_canopen/lely_core_libraries -DCMAKE_INSTALL_PREFIX=/home/ub2004/ros2_ws/src/install/lely_core_libraries
[1.143s] Invoking command in '/home/ub2004/ros2_ws/src/build/lely_core_libraries': CMAKE_PREFIX_PATH=${CMAKE_PREFIX_PATH}:/home/ub2004/ros2_ws/install/urdf_tutorial:/home/ub2004/ros2_ws/install/test_py:/home/ub2004/ros2_ws/install/canopen_utils:/home/ub2004/ros2_ws/install/can_comm:/home/ub2004/ros2_ws/install/agv_pak:/opt/ros/humble /usr/bin/cmake --build /home/ub2004/ros2_ws/src/build/lely_core_libraries -- -j8 -l8
[1.252s] [ 12%] [34m[1mCreating directories for 'upstr_lely_core_libraries'[0m
[1.265s] [ 12%] Built target ament_cmake_python_copy_cogen_setup
[1.291s] [ 12%] Built target ament_cmake_python_copy_cogen
[1.515s] [ 25%] [34m[1mPerforming download step (git clone) for 'upstr_lely_core_libraries'[0m
[1.589s] 'upstream'에 복제합니다...
[1.991s] running install_scripts
[1.995s] /usr/lib/python3/dist-packages/setuptools/command/install.py:34: SetuptoolsDeprecationWarning: setup.py install is deprecated. Use build and pip and other standards-based tools.
[1.995s]   warnings.warn(
[2.050s] running egg_info
[2.054s] creating cogen.egg-info
[2.057s] writing cogen.egg-info/PKG-INFO
[2.057s] writing dependency_links to cogen.egg-info/dependency_links.txt
[2.057s] writing entry points to cogen.egg-info/entry_points.txt
[2.058s] writing top-level names to cogen.egg-info/top_level.txt
[2.058s] writing manifest file 'cogen.egg-info/SOURCES.txt'
[2.061s] reading manifest file 'cogen.egg-info/SOURCES.txt'
[2.062s] writing manifest file 'cogen.egg-info/SOURCES.txt'
[2.065s] Installing cogen script to scripts
[2.146s] [ 25%] Built target ament_cmake_python_build_cogen_scripts
[2.301s] running egg_info
[2.303s] writing cogen.egg-info/PKG-INFO
[2.308s] writing dependency_links to cogen.egg-info/dependency_links.txt
[2.308s] writing entry points to cogen.egg-info/entry_points.txt
[2.308s] writing top-level names to cogen.egg-info/top_level.txt
[2.315s] reading manifest file 'cogen.egg-info/SOURCES.txt'
[2.316s] writing manifest file 'cogen.egg-info/SOURCES.txt'
[2.417s] [ 25%] Built target ament_cmake_python_build_cogen_egg
[4.715s] HEAD의 현재 위치는 b63a0b6f co: fix co_time_of_day_set() to actually store the result
[4.917s] [ 37%] [34m[1mPerforming update step for 'upstr_lely_core_libraries'[0m
[5.040s] HEAD의 현재 위치는 b63a0b6f입니다 co: fix co_time_of_day_set() to actually store the result
[5.049s] configure.ac 패치를 확인하는 중입니다...
[5.049s] 패치 1번 부분 577번 줄에서 성공 (오프셋 8번 줄)
[5.049s] python/dcf-tools/Makefile.am 패치를 확인하는 중입니다...
[5.049s] configure.ac 패치 깔끔하게 적용.
[5.050s] python/dcf-tools/Makefile.am 패치 깔끔하게 적용.
[5.074s] [ 50%] [34m[1mNo patch step for 'upstr_lely_core_libraries'[0m
[5.178s] [ 62%] [34m[1mPerforming configure step for 'upstr_lely_core_libraries'[0m
[11.083s] libtoolize: putting auxiliary files in '.'.
[11.083s] libtoolize: copying file './ltmain.sh'
[11.121s] libtoolize: putting macros in AC_CONFIG_MACRO_DIRS, 'm4'.
[11.121s] libtoolize: copying file 'm4/libtool.m4'
[11.165s] libtoolize: copying file 'm4/ltoptions.m4'
[11.210s] libtoolize: copying file 'm4/ltsugar.m4'
[11.254s] libtoolize: copying file 'm4/ltversion.m4'
[11.302s] libtoolize: copying file 'm4/lt~obsolete.m4'
[13.101s] configure.ac:17: warning: The macro `AC_PROG_CC_STDC' is obsolete.
[13.101s] configure.ac:17: You should run autoupdate.
[13.101s] ./lib/autoconf/c.m4:1666: AC_PROG_CC_STDC is expanded from...
[13.101s] configure.ac:17: the top level
[13.101s] configure.ac:442: warning: AC_CHECK_HEADERS($ixxat_header): you should use literals
[13.101s] ./lib/autoconf/headers.m4:217: AC_CHECK_HEADERS is expanded from...
[13.101s] lib/m4sugar/m4sh.m4:699: AS_IF is expanded from...
[13.101s] lib/m4sugar/m4sh.m4:699: AS_IF is expanded from...
[13.101s] configure.ac:442: the top level
[14.517s] configure.ac:17: installing './compile'
[14.521s] configure.ac:6: installing './config.guess'
[14.524s] configure.ac:6: installing './config.sub'
[14.528s] configure.ac:7: installing './install-sh'
[14.531s] configure.ac:7: installing './missing'
[14.534s] configure.ac:610: installing './tap-driver.sh'
[14.838s] src/can/Makefile.am: installing './depcomp'
[15.524s] parallel-tests: installing './test-driver'
[15.773s] checking build system type... x86_64-pc-linux-gnu
[15.773s] checking host system type... x86_64-pc-linux-gnu
[15.774s] checking target system type... x86_64-pc-linux-gnu
[15.785s] checking for a BSD-compatible install... /usr/bin/install -c
[15.789s] checking whether build environment is sane... yes
[15.801s] checking for a race-free mkdir -p... /usr/bin/mkdir -p
[15.802s] checking for gawk... no
[15.802s] checking for mawk... mawk
[15.816s] checking whether make sets $(MAKE)... yes
[15.827s] checking whether make supports nested variables... yes
[15.834s] checking whether to enable maintainer-specific portions of Makefiles... yes
[15.834s] checking whether make supports nested variables... (cached) yes
[15.840s] checking for a sed that does not truncate output... /usr/bin/sed
[15.842s] checking whether to build with code coverage support... no
[15.844s] checking for valgrind... no
[15.858s] checking whether make supports the include directive... yes (GNU style)
[15.859s] checking for gcc... gcc
[15.946s] checking whether the C compiler works... yes
[15.946s] checking for C compiler default output file name... a.out
[15.984s] checking for suffix of executables... 
[16.030s] checking whether we are cross compiling... no
[16.054s] checking for suffix of object files... o
[16.075s] checking whether the compiler supports GNU C... yes
[16.096s] checking whether gcc accepts -g... yes
[16.150s] checking for gcc option to enable C11 features... none needed
[16.186s] checking whether gcc understands -c and -o together... yes
[16.232s] checking dependency style of gcc... gcc3
[16.256s] checking for stdio.h... yes
[16.285s] checking for stdlib.h... yes
[16.317s] checking for string.h... yes
[16.354s] checking for inttypes.h... yes
[16.386s] checking for stdint.h... yes
[16.417s] checking for strings.h... yes
[16.463s] checking for sys/stat.h... yes
[16.495s] checking for sys/types.h... yes
[16.534s] checking for unistd.h... yes
[16.573s] checking for wchar.h... yes
[16.612s] checking for minix/config.h... no
[16.676s] checking whether it is safe to define __EXTENSIONS__... yes
[16.713s] checking whether _XOPEN_SOURCE should be defined... no
[16.714s] checking for g++... g++
[16.769s] checking whether the compiler supports GNU C++... yes
[16.791s] checking whether g++ accepts -g... yes
[16.873s] checking for g++ option to enable C++11 features... none needed
[16.915s] checking dependency style of g++... gcc3
[16.965s] checking whether g++ supports C++11 features with -std=gnu++11... yes
[16.994s] checking how to print strings... printf
[16.994s] checking for a sed that does not truncate output... (cached) /usr/bin/sed
[16.998s] checking for grep that handles long lines and -e... /usr/bin/grep
[17.001s] checking for egrep... /usr/bin/grep -E
[17.003s] checking for fgrep... /usr/bin/grep -F
[17.010s] checking for ld used by gcc... /usr/bin/ld
[17.014s] checking if the linker (/usr/bin/ld) is GNU ld... yes
[17.018s] checking for BSD- or MS-compatible name lister (nm)... /usr/bin/nm -B
[17.046s] checking the name lister (/usr/bin/nm -B) interface... BSD nm
[17.046s] checking whether ln -s works... yes
[17.052s] checking the maximum length of command line arguments... 1572864
[17.056s] checking how to convert x86_64-pc-linux-gnu file names to x86_64-pc-linux-gnu format... func_convert_file_noop
[17.056s] checking how to convert x86_64-pc-linux-gnu file names to toolchain format... func_convert_file_noop
[17.057s] checking for /usr/bin/ld option to reload object files... -r
[17.057s] checking for objdump... objdump
[17.058s] checking how to recognize dependent libraries... pass_all
[17.059s] checking for dlltool... no
[17.059s] checking how to associate runtime and link libraries... printf %s\n
[17.060s] checking for ar... ar
[17.093s] checking for archiver @FILE support... @
[17.094s] checking for strip... strip
[17.094s] checking for ranlib... ranlib
[17.192s] checking command to parse /usr/bin/nm -B output from gcc object... ok
[17.195s] checking for sysroot... no
[17.202s] checking for a working dd... /usr/bin/dd
[17.209s] checking how to truncate binary pipes... /usr/bin/dd bs=4096 count=1
[17.230s] checking for mt... mt
[17.237s] checking if mt is a manifest tool... no
[17.294s] checking for dlfcn.h... yes
[17.300s] checking for objdir... .libs
[17.391s] checking if gcc supports -fno-rtti -fno-exceptions... no
[17.391s] checking for gcc option to produce PIC... -fPIC -DPIC
[17.415s] checking if gcc PIC flag -fPIC -DPIC works... yes
[17.510s] checking if gcc static flag -static works... yes
[17.551s] checking if gcc supports -c -o file.o... yes
[17.551s] checking if gcc supports -c -o file.o... (cached) yes
[17.565s] checking whether the gcc linker (/usr/bin/ld -m elf_x86_64) supports shared libraries... yes
[17.599s] checking whether -lc should be explicitly linked in... no
[17.667s] checking dynamic linker characteristics... GNU/Linux ld.so
[17.667s] checking how to hardcode library paths into programs... immediate
[17.670s] checking whether stripping libraries is possible... yes
[17.670s] checking if libtool supports shared libraries... yes
[17.670s] checking whether to build shared libraries... yes
[17.670s] checking whether to build static libraries... no
[17.707s] checking how to run the C++ preprocessor... g++ -std=gnu++11 -E
[17.825s] checking for ld used by g++ -std=gnu++11... /usr/bin/ld -m elf_x86_64
[17.829s] checking if the linker (/usr/bin/ld -m elf_x86_64) is GNU ld... yes
[17.838s] checking whether the g++ -std=gnu++11 linker (/usr/bin/ld -m elf_x86_64) supports shared libraries... yes
[17.931s] checking for g++ -std=gnu++11 option to produce PIC... -fPIC -DPIC
[17.956s] checking if g++ -std=gnu++11 PIC flag -fPIC -DPIC works... yes
[18.053s] checking if g++ -std=gnu++11 static flag -static works... yes
[18.091s] checking if g++ -std=gnu++11 supports -c -o file.o... yes
[18.091s] checking if g++ -std=gnu++11 supports -c -o file.o... (cached) yes
[18.091s] checking whether the g++ -std=gnu++11 linker (/usr/bin/ld -m elf_x86_64) supports shared libraries... yes
[18.097s] checking dynamic linker characteristics... (cached) GNU/Linux ld.so
[18.097s] checking how to hardcode library paths into programs... immediate
[18.098s] checking for windres... no
[18.183s] checking for timer_create in -lrt... yes
[18.217s] checking how to run the C preprocessor... gcc -E
[18.264s] checking whether gcc is Clang... no
[18.328s] checking whether pthreads work with "-pthread" and "-lpthread"... yes
[18.376s] checking for joinable pthread attribute... PTHREAD_CREATE_JOINABLE
[18.376s] checking whether more special flags are required for pthreads... no
[18.430s] checking for PTHREAD_PRIO_INHERIT... yes
[18.432s] checking for pkg-config... /usr/bin/pkg-config
[18.435s] checking pkg-config is at least version 0.9.0... yes
[18.441s] checking for cpputest >= 4... no
[18.487s] checking for valgrind/valgrind.h... no
[18.545s] checking for linux/can.h... yes
[18.601s] checking for linux/can/error.h... yes
[18.627s] checking for bluetooth/bluetooth.h... no
[18.650s] checking for bluetooth/rfcomm.h... no
[18.771s] checking for library containing str2ba... no
[18.835s] checking for ifaddrs.h... yes
[18.892s] checking for linux/can/netlink.h... yes
[18.951s] checking for linux/can/raw.h... yes
[19.027s] checking for linux/rtnetlink.h... yes
[19.084s] checking for sys/epoll.h... yes
[19.142s] checking for sys/ioctl.h... yes
[19.169s] checking for a Python interpreter with version >= 3.3... python3
[19.170s] checking for python3... /usr/bin/python3
[19.195s] checking for python3 version... 3.10
[19.220s] checking for python3 platform... linux
[19.221s] checking for GNU default python3 prefix... ${prefix}
[19.221s] checking for GNU default python3 exec_prefix... ${exec_prefix}
[19.264s] checking for python3 script directory (pythondir)... ${PYTHON_PREFIX}/lib/python3.10/site-packages
[19.305s] checking for python3 extension module directory (pyexecdir)... ${PYTHON_EXEC_PREFIX}/lib/python3.10/site-packages
[19.306s] checking for gawk... (cached) mawk
[19.341s] checking that generated files are newer than configure... done
[19.343s] configure: creating ./config.status
[20.434s] config.status: creating doc/Doxyfile
[20.461s] config.status: creating doc/Makefile
[20.482s] config.status: creating include/Makefile
[20.506s] config.status: creating pkgconfig/liblely-can.pc
[20.535s] config.status: creating pkgconfig/liblely-co.pc
[20.560s] config.status: creating pkgconfig/liblely-coapp.pc
[20.583s] config.status: creating pkgconfig/liblely-ev.pc
[20.605s] config.status: creating pkgconfig/liblely-io.pc
[20.631s] config.status: creating pkgconfig/liblely-io2.pc
[20.654s] config.status: creating pkgconfig/liblely-libc.pc
[20.677s] config.status: creating pkgconfig/liblely-libc_rt.pc
[20.699s] config.status: creating pkgconfig/liblely-tap.pc
[20.723s] config.status: creating pkgconfig/liblely-util.pc
[20.748s] config.status: creating pkgconfig/Makefile
[20.769s] config.status: creating python/can/Makefile
[20.793s] config.status: creating python/dcf-tools/Makefile
[20.817s] config.status: creating python/io/Makefile
[20.843s] config.status: creating python/Makefile
[20.865s] config.status: creating src/can/Makefile
[20.888s] config.status: creating src/co/Makefile
[20.912s] config.status: creating src/co/version.rc
[20.939s] config.status: creating src/coapp/Makefile
[20.962s] config.status: creating src/coapp/version.rc
[20.985s] config.status: creating src/ev/Makefile
[21.009s] config.status: creating src/ev/version.rc
[21.035s] config.status: creating src/io/Makefile
[21.058s] config.status: creating src/io2/Makefile
[21.082s] config.status: creating src/io2/version.rc
[21.105s] config.status: creating src/libc/Makefile
[21.130s] config.status: creating src/libc/version.rc
[21.156s] config.status: creating src/tap/Makefile
[21.181s] config.status: creating src/tap/version.rc
[21.205s] config.status: creating src/util/Makefile
[21.230s] config.status: creating src/util/version.rc
[21.254s] config.status: creating src/Makefile
[21.276s] config.status: creating tools/Makefile
[21.300s] config.status: creating tools/version.dcf2c.rc
[21.323s] config.status: creating test/co-nmt-master.dcf
[21.350s] config.status: creating test/Makefile
[21.373s] config.status: creating unit-tests/Makefile
[21.399s] config.status: creating exec-wrapper.sh
[21.416s] config.status: creating lcov-wrapper.sh
[21.437s] config.status: creating Makefile
[21.453s] config.status: creating config.h
[21.466s] config.status: executing depfiles commands
[23.030s] config.status: executing libtool commands
[23.121s] [ 75%] [34m[1mPerforming build step for 'upstr_lely_core_libraries'[0m
[23.143s] Making all in doc
[23.146s] Making all in include
[23.152s] Making all in src
[23.162s] Making all in libc
[23.168s]   CC       liblely_libc_la-clock.lo
[23.168s]   CC       liblely_libc_la-getopt.lo
[23.169s]   CC       liblely_libc_la-stdatomic.lo
[23.169s]   CC       liblely_libc_la-stdio.lo
[23.169s]   CC       liblely_libc_la-stdlib.lo
[23.170s]   CC       liblely_libc_la-string.lo
[23.170s]   CC       liblely_libc_la-strings.lo
[23.173s]   CC       liblely_libc_la-sleep.lo
[23.276s]   CC       liblely_libc_la-threads-pthread.lo
[23.276s]   CC       liblely_libc_la-time.lo
[23.352s]   CCLD     liblely-libc.la
[23.468s] Making all in tap
[23.472s]   CC       liblely_tap_la-tap.lo
[23.586s]   CCLD     liblely-tap.la
[23.717s] Making all in util
[23.723s]   CC       liblely_util_la-bimap.lo
[23.723s]   CC       liblely_util_la-mkjmp.lo
[23.724s]   CC       liblely_util_la-sllist.lo
[23.725s]   CC       liblely_util_la-spscring.lo
[23.728s]   CC       liblely_util_la-bits.lo
[23.728s]   CC       liblely_util_la-bitset.lo
[23.728s]   CC       liblely_util_la-cmp.lo
[23.732s]   CC       liblely_util_la-config.lo
[23.927s]   CC       liblely_util_la-config_ini.lo
[23.947s]   CC       liblely_util_la-daemon.lo
[23.962s]   CC       liblely_util_la-diag.lo
[23.962s]   CC       liblely_util_la-dllist.lo
[23.987s]   CC       liblely_util_la-endian.lo
[24.081s]   CC       liblely_util_la-errnum.lo
[24.088s]   CXX      liblely_util_la-exception.lo
[24.101s]   CC       liblely_util_la-fiber.lo
[24.236s]   CC       liblely_util_la-frbuf.lo
[24.242s]   CC       liblely_util_la-fwbuf.lo
[24.249s]   CC       liblely_util_la-lex.lo
[24.317s]   CC       liblely_util_la-membuf.lo
[24.334s]   CC       liblely_util_la-print.lo
[24.334s]   CC       liblely_util_la-pheap.lo
[24.407s]   CC       liblely_util_la-rbtree.lo
[24.552s]   CC       liblely_util_la-stop.lo
[24.557s]   CC       liblely_util_la-time.lo
[24.562s]   CC       liblely_util_la-ustring.lo
[24.847s]   CXXLD    liblely-util.la
[25.050s] Making all in can
[25.055s]   CC       liblely_can_la-buf.lo
[25.056s]   CC       liblely_can_la-msg.lo
[25.056s]   CC       liblely_can_la-net.lo
[25.057s]   CC       liblely_can_la-socket.lo
[25.355s]   CCLD     liblely-can.la
[25.511s] Making all in co
[25.517s]   CC       liblely_co_la-crc.lo
[25.517s]   CC       liblely_co_la-csdo.lo
[25.518s]   CC       liblely_co_la-dcf.lo
[25.520s]   CC       liblely_co_la-dev.lo
[25.520s]   CC       liblely_co_la-emcy.lo
[25.520s]   CC       liblely_co_la-gw.lo
[25.521s]   CC       liblely_co_la-gw_txt.lo
[25.523s]   CC       liblely_co_la-lss.lo
[25.664s]   CC       liblely_co_la-nmt.lo
[26.056s]   CC       liblely_co_la-nmt_boot.lo
[26.429s]   CC       liblely_co_la-nmt_cfg.lo
[26.448s]   CC       liblely_co_la-nmt_hb.lo
[26.590s]   CC       liblely_co_la-nmt_srv.lo
[26.690s]   CC       liblely_co_la-obj.lo
[26.752s]   CC       liblely_co_la-pdo.lo
[26.819s]   CC       liblely_co_la-rpdo.lo
[26.834s]   CC       liblely_co_la-sdev.lo
[26.879s]   CC       liblely_co_la-sdo.lo
[26.956s]   CC       liblely_co_la-ssdo.lo
[27.059s]   CC       liblely_co_la-sync.lo
[27.227s]   CC       liblely_co_la-time.lo
[27.232s]   CC       liblely_co_la-tpdo.lo
[27.242s]   CC       liblely_co_la-type.lo
[27.324s]   CC       liblely_co_la-val.lo
[27.445s]   CC       liblely_co_la-wtm.lo
[28.092s]   CCLD     liblely-co.la
[28.295s] Making all in io
[28.300s]   CC       liblely_io_la-addr.lo
[28.301s]   CC       liblely_io_la-attr.lo
[28.304s]   CC       liblely_io_la-can.lo
[28.305s]   CC       liblely_io_la-file.lo
[28.305s]   CC       liblely_io_la-handle.lo
[28.305s]   CC       liblely_io_la-if.lo
[28.306s]   CC       liblely_io_la-io.lo
[28.308s]   CC       liblely_io_la-pipe.lo
[28.515s]   CC       liblely_io_la-poll.lo
[28.519s]   CC       liblely_io_la-rtnl.lo
[28.541s]   CC       liblely_io_la-serial.lo
[28.567s]   CC       liblely_io_la-sock.lo
[29.034s]   CCLD     liblely-io.la
[29.207s] Making all in ev
[29.212s]   CC       liblely_ev_la-exec.lo
[29.212s]   CC       liblely_ev_la-fiber_exec.lo
[29.212s]   CC       liblely_ev_la-future.lo
[29.216s]   CC       liblely_ev_la-loop.lo
[29.216s]   CC       liblely_ev_la-poll.lo
[29.216s]   CC       liblely_ev_la-std_exec.lo
[29.216s]   CC       liblely_ev_la-strand.lo
[29.216s]   CC       liblely_ev_la-task.lo
[29.327s]   CC       liblely_ev_la-thrd_loop.lo
[29.642s]   CCLD     liblely-ev.la
[29.793s] Making all in io2
[29.807s]   CC       liblely_io2_la-can.lo
[29.807s]   CC       liblely_io2_la-can_net.lo
[29.808s]   CC       liblely_io2_la-can_rt.lo
[29.810s]   CC       liblely_io2_la-clock.lo
[29.810s]   CC       liblely_io2_la-dev.lo
[29.811s]   CC       liblely_io2_la-ctx.lo
[29.813s]   CC       liblely_io2_la-sigset.lo
[29.814s]   CC       liblely_io2_la-timer.lo
[29.918s]   CC       liblely_io2_la-tqueue.lo
[29.922s]   CC       liblely_io2_la-vcan.lo
[29.949s]   CC       can/liblely_io2_la-msg.lo
[29.958s]   CC       linux/liblely_io2_la-can_chan.lo
[29.984s]   CC       linux/liblely_io2_la-can_ctrl.lo
[30.005s]   CC       linux/liblely_io2_la-poll.lo
[30.088s]   CC       linux/liblely_io2_la-timer.lo
[30.290s]   CC       posix/liblely_io2_la-fd.lo
[30.316s]   CC       posix/liblely_io2_la-io.lo
[30.336s]   CC       posix/liblely_io2_la-sigset.lo
[30.360s]   CC       sys/liblely_io2_la-clock.lo
[30.428s]   CC       sys/liblely_io2_la-io.lo
[30.475s]   CC       user/liblely_io2_la-can.lo
[30.496s]   CC       user/liblely_io2_la-timer.lo
[30.935s]   CCLD     liblely-io2.la
[31.137s] Making all in coapp
[31.141s]   CXX      liblely_coapp_la-device.lo
[31.141s]   CXX      liblely_coapp_la-driver.lo
[31.142s]   CXX      liblely_coapp_la-fiber_driver.lo
[31.146s]   CXX      liblely_coapp_la-logical_driver.lo
[31.146s]   CXX      liblely_coapp_la-loop_driver.lo
[31.147s]   CXX      liblely_coapp_la-lss_master.lo
[31.147s]   CXX      liblely_coapp_la-master.lo
[31.147s]   CXX      liblely_coapp_la-node.lo
[32.335s]   CXX      liblely_coapp_la-sdo.lo
[32.539s]   CXX      liblely_coapp_la-sdo_error.lo
[33.147s]   CXX      liblely_coapp_la-slave.lo
[33.233s]   CXX      liblely_coapp_la-type_traits.lo
[37.484s]   CXXLD    liblely-coapp.la
[37.872s] Making all in python
[37.882s] Making all in dcf-tools
[37.887s] Making all in pkgconfig
[37.916s] [ 87%] [34m[1mNo install step for 'upstr_lely_core_libraries'[0m
[37.948s] [100%] [34m[1mCompleted 'upstr_lely_core_libraries'[0m
[37.989s] [100%] Built target upstr_lely_core_libraries
[38.004s] Invoked command in '/home/ub2004/ros2_ws/src/build/lely_core_libraries' returned '0': CMAKE_PREFIX_PATH=${CMAKE_PREFIX_PATH}:/home/ub2004/ros2_ws/install/urdf_tutorial:/home/ub2004/ros2_ws/install/test_py:/home/ub2004/ros2_ws/install/canopen_utils:/home/ub2004/ros2_ws/install/can_comm:/home/ub2004/ros2_ws/install/agv_pak:/opt/ros/humble /usr/bin/cmake --build /home/ub2004/ros2_ws/src/build/lely_core_libraries -- -j8 -l8
[38.005s] Invoking command in '/home/ub2004/ros2_ws/src/build/lely_core_libraries': CMAKE_PREFIX_PATH=${CMAKE_PREFIX_PATH}:/home/ub2004/ros2_ws/install/urdf_tutorial:/home/ub2004/ros2_ws/install/test_py:/home/ub2004/ros2_ws/install/canopen_utils:/home/ub2004/ros2_ws/install/can_comm:/home/ub2004/ros2_ws/install/agv_pak:/opt/ros/humble /usr/bin/cmake --install /home/ub2004/ros2_ws/src/build/lely_core_libraries
[38.016s] -- Install configuration: ""
[38.024s] Making install in doc
[38.026s] gmake[1]: 디렉터리 '/home/ub2004/ros2_ws/src/build/lely_core_libraries/build/doc' 들어감
[38.029s] gmake[2]: 디렉터리 '/home/ub2004/ros2_ws/src/build/lely_core_libraries/build/doc' 들어감
[38.029s] gmake[2]: 'install-exec-am'을(를) 위해 할 일이 없습니다.
[38.030s] gmake[2]: 'install-data-am'을(를) 위해 할 일이 없습니다.
[38.030s] gmake[2]: 디렉터리 '/home/ub2004/ros2_ws/src/build/lely_core_libraries/build/doc' 나감
[38.030s] gmake[1]: 디렉터리 '/home/ub2004/ros2_ws/src/build/lely_core_libraries/build/doc' 나감
[38.030s] Making install in include
[38.036s] gmake[1]: 디렉터리 '/home/ub2004/ros2_ws/src/build/lely_core_libraries/build/include' 들어감
[38.040s] gmake[2]: 디렉터리 '/home/ub2004/ros2_ws/src/build/lely_core_libraries/build/include' 들어감
[38.040s] gmake[2]: 'install-exec-am'을(를) 위해 할 일이 없습니다.
[38.045s]  /usr/bin/mkdir -p '/home/ub2004/ros2_ws/src/install/lely_core_libraries/include'
[38.054s]  /usr/bin/mkdir -p '/home/ub2004/ros2_ws/src/install/lely_core_libraries/include/lely/co'
[38.055s]  /usr/bin/install -c -m 644  /home/ub2004/ros2_ws/src/build/lely_core_libraries/upstream/include/lely/co/co.h /home/ub2004/ros2_ws/src/build/lely_core_libraries/upstream/include/lely/co/crc.h /home/ub2004/ros2_ws/src/build/lely_core_libraries/upstream/include/lely/co/csdo.h /home/ub2004/ros2_ws/src/build/lely_core_libraries/upstream/include/lely/co/csdo.hpp /home/ub2004/ros2_ws/src/build/lely_core_libraries/upstream/include/lely/co/dcf.h /home/ub2004/ros2_ws/src/build/lely_core_libraries/upstream/include/lely/co/dcf.hpp /home/ub2004/ros2_ws/src/build/lely_core_libraries/upstream/include/lely/co/dev.h /home/ub2004/ros2_ws/src/build/lely_core_libraries/upstream/include/lely/co/dev.hpp /home/ub2004/ros2_ws/src/build/lely_core_libraries/upstream/include/lely/co/emcy.h /home/ub2004/ros2_ws/src/build/lely_core_libraries/upstream/include/lely/co/emcy.hpp /home/ub2004/ros2_ws/src/build/lely_core_libraries/upstream/include/lely/co/gw.h /home/ub2004/ros2_ws/src/build/lely_core_libraries/upstream/include/lely/co/gw.hpp /home/ub2004/ros2_ws/src/build/lely_core_libraries/upstream/include/lely/co/gw_txt.h /home/ub2004/ros2_ws/src/build/lely_core_libraries/upstream/include/lely/co/gw_txt.hpp /home/ub2004/ros2_ws/src/build/lely_core_libraries/upstream/include/lely/co/lss.h /home/ub2004/ros2_ws/src/build/lely_core_libraries/upstream/include/lely/co/lss.hpp /home/ub2004/ros2_ws/src/build/lely_core_libraries/upstream/include/lely/co/nmt.h /home/ub2004/ros2_ws/src/build/lely_core_libraries/upstream/include/lely/co/nmt.hpp /home/ub2004/ros2_ws/src/build/lely_core_libraries/upstream/include/lely/co/obj.h /home/ub2004/ros2_ws/src/build/lely_core_libraries/upstream/include/lely/co/obj.hpp /home/ub2004/ros2_ws/src/build/lely_core_libraries/upstream/include/lely/co/pdo.h /home/ub2004/ros2_ws/src/build/lely_core_libraries/upstream/include/lely/co/rpdo.h /home/ub2004/ros2_ws/src/build/lely_core_libraries/upstream/include/lely/co/rpdo.hpp /home/ub2004/ros2_ws/src/build/lely_core_libraries/upstream/include/lely/co/sdev.h /home/ub2004/ros2_ws/src/build/lely_core_libraries/upstream/include/lely/co/sdev.hpp /home/ub2004/ros2_ws/src/build/lely_core_libraries/upstream/include/lely/co/sdo.h /home/ub2004/ros2_ws/src/build/lely_core_libraries/upstream/include/lely/co/ssdo.h /home/ub2004/ros2_ws/src/build/lely_core_libraries/upstream/include/lely/co/ssdo.hpp /home/ub2004/ros2_ws/src/build/lely_core_libraries/upstream/include/lely/co/sync.h /home/ub2004/ros2_ws/src/build/lely_core_libraries/upstream/include/lely/co/sync.hpp /home/ub2004/ros2_ws/src/build/lely_core_libraries/upstream/include/lely/co/time.h /home/ub2004/ros2_ws/src/build/lely_core_libraries/upstream/include/lely/co/time.hpp /home/ub2004/ros2_ws/src/build/lely_core_libraries/upstream/include/lely/co/tpdo.h /home/ub2004/ros2_ws/src/build/lely_core_libraries/upstream/include/lely/co/tpdo.hpp /home/ub2004/ros2_ws/src/build/lely_core_libraries/upstream/include/lely/co/type.h /home/ub2004/ros2_ws/src/build/lely_core_libraries/upstream/include/lely/co/type.hpp /home/ub2004/ros2_ws/src/build/lely_core_libraries/upstream/include/lely/co/val.h /home/ub2004/ros2_ws/src/build/lely_core_libraries/upstream/include/lely/co/val.hpp /home/ub2004/ros2_ws/src/build/lely_core_libraries/upstream/include/lely/co/wtm.h /home/ub2004/ros2_ws/src/build/lely_core_libraries/upstream/include/lely/co/wtm.hpp '/home/ub2004/ros2_ws/src/install/lely_core_libraries/include/lely/co'
[38.059s]  /usr/bin/mkdir -p '/home/ub2004/ros2_ws/src/install/lely_core_libraries/include/lely/io2/posix'
[38.061s]  /usr/bin/install -c -m 644  /home/ub2004/ros2_ws/src/build/lely_core_libraries/upstream/include/lely/io2/posix/poll.h /home/ub2004/ros2_ws/src/build/lely_core_libraries/upstream/include/lely/io2/posix/poll.hpp '/home/ub2004/ros2_ws/src/install/lely_core_libraries/include/lely/io2/posix'
[38.063s]  /usr/bin/mkdir -p '/home/ub2004/ros2_ws/src/install/lely_core_libraries/include/lely/can'
[38.064s]  /usr/bin/install -c -m 644  /home/ub2004/ros2_ws/src/build/lely_core_libraries/upstream/include/lely/can/buf.h /home/ub2004/ros2_ws/src/build/lely_core_libraries/upstream/include/lely/can/buf.hpp /home/ub2004/ros2_ws/src/build/lely_core_libraries/upstream/include/lely/can/err.h /home/ub2004/ros2_ws/src/build/lely_core_libraries/upstream/include/lely/can/msg.h /home/ub2004/ros2_ws/src/build/lely_core_libraries/upstream/include/lely/can/net.h /home/ub2004/ros2_ws/src/build/lely_core_libraries/upstream/include/lely/can/net.hpp /home/ub2004/ros2_ws/src/build/lely_core_libraries/upstream/include/lely/can/socket.h '/home/ub2004/ros2_ws/src/install/lely_core_libraries/include/lely/can'
[38.067s]  /usr/bin/mkdir -p '/home/ub2004/ros2_ws/src/install/lely_core_libraries/include/lely/ev'
[38.069s]  /usr/bin/install -c -m 644  /home/ub2004/ros2_ws/src/build/lely_core_libraries/upstream/include/lely/ev/co_task.hpp /home/ub2004/ros2_ws/src/build/lely_core_libraries/upstream/include/lely/ev/ev.h /home/ub2004/ros2_ws/src/build/lely_core_libraries/upstream/include/lely/ev/exec.h /home/ub2004/ros2_ws/src/build/lely_core_libraries/upstream/include/lely/ev/exec.hpp /home/ub2004/ros2_ws/src/build/lely_core_libraries/upstream/include/lely/ev/fiber_exec.h /home/ub2004/ros2_ws/src/build/lely_core_libraries/upstream/include/lely/ev/fiber_exec.hpp /home/ub2004/ros2_ws/src/build/lely_core_libraries/upstream/include/lely/ev/future.h /home/ub2004/ros2_ws/src/build/lely_core_libraries/upstream/include/lely/ev/future.hpp /home/ub2004/ros2_ws/src/build/lely_core_libraries/upstream/include/lely/ev/loop.h /home/ub2004/ros2_ws/src/build/lely_core_libraries/upstream/include/lely/ev/loop.hpp /home/ub2004/ros2_ws/src/build/lely_core_libraries/upstream/include/lely/ev/poll.h /home/ub2004/ros2_ws/src/build/lely_core_libraries/upstream/include/lely/ev/poll.hpp /home/ub2004/ros2_ws/src/build/lely_core_libraries/upstream/include/lely/ev/std_exec.h /home/ub2004/ros2_ws/src/build/lely_core_libraries/upstream/include/lely/ev/strand.h /home/ub2004/ros2_ws/src/build/lely_core_libraries/upstream/include/lely/ev/strand.hpp /home/ub2004/ros2_ws/src/build/lely_core_libraries/upstream/include/lely/ev/task.h /home/ub2004/ros2_ws/src/build/lely_core_libraries/upstream/include/lely/ev/task.hpp /home/ub2004/ros2_ws/src/build/lely_core_libraries/upstream/include/lely/ev/thrd_loop.h /home/ub2004/ros2_ws/src/build/lely_core_libraries/upstream/include/lely/ev/thrd_loop.hpp '/home/ub2004/ros2_ws/src/install/lely_core_libraries/include/lely/ev'
[38.073s]  /usr/bin/mkdir -p '/home/ub2004/ros2_ws/src/install/lely_core_libraries/include/lely/co/def'
[38.074s]  /usr/bin/install -c -m 644  /home/ub2004/ros2_ws/src/build/lely_core_libraries/upstream/include/lely/co/def/array.def /home/ub2004/ros2_ws/src/build/lely_core_libraries/upstream/include/lely/co/def/basic.def /home/ub2004/ros2_ws/src/build/lely_core_libraries/upstream/include/lely/co/def/cxx.def /home/ub2004/ros2_ws/src/build/lely_core_libraries/upstream/include/lely/co/def/time.def /home/ub2004/ros2_ws/src/build/lely_core_libraries/upstream/include/lely/co/def/type.def '/home/ub2004/ros2_ws/src/install/lely_core_libraries/include/lely/co/def'
[38.076s]  /usr/bin/mkdir -p '/home/ub2004/ros2_ws/src/install/lely_core_libraries/include/lely'
[38.078s]  /usr/bin/install -c -m 644  /home/ub2004/ros2_ws/src/build/lely_core_libraries/upstream/include/lely/features.h '/home/ub2004/ros2_ws/src/install/lely_core_libraries/include/lely'
[38.080s]  /usr/bin/mkdir -p '/home/ub2004/ros2_ws/src/install/lely_core_libraries/include/lely/io'
[38.082s]  /usr/bin/install -c -m 644  /home/ub2004/ros2_ws/src/build/lely_core_libraries/upstream/include/lely/io/addr.h /home/ub2004/ros2_ws/src/build/lely_core_libraries/upstream/include/lely/io/attr.h /home/ub2004/ros2_ws/src/build/lely_core_libraries/upstream/include/lely/io/can.h /home/ub2004/ros2_ws/src/build/lely_core_libraries/upstream/include/lely/io/can.hpp /home/ub2004/ros2_ws/src/build/lely_core_libraries/upstream/include/lely/io/file.h /home/ub2004/ros2_ws/src/build/lely_core_libraries/upstream/include/lely/io/file.hpp /home/ub2004/ros2_ws/src/build/lely_core_libraries/upstream/include/lely/io/if.h /home/ub2004/ros2_ws/src/build/lely_core_libraries/upstream/include/lely/io/io.h /home/ub2004/ros2_ws/src/build/lely_core_libraries/upstream/include/lely/io/io.hpp /home/ub2004/ros2_ws/src/build/lely_core_libraries/upstream/include/lely/io/pipe.h /home/ub2004/ros2_ws/src/build/lely_core_libraries/upstream/include/lely/io/pipe.hpp /home/ub2004/ros2_ws/src/build/lely_core_libraries/upstream/include/lely/io/poll.h /home/ub2004/ros2_ws/src/build/lely_core_libraries/upstream/include/lely/io/poll.hpp /home/ub2004/ros2_ws/src/build/lely_core_libraries/upstream/include/lely/io/serial.h /home/ub2004/ros2_ws/src/build/lely_core_libraries/upstream/include/lely/io/serial.hpp /home/ub2004/ros2_ws/src/build/lely_core_libraries/upstream/include/lely/io/sock.h /home/ub2004/ros2_ws/src/build/lely_core_libraries/upstream/include/lely/io/sock.hpp '/home/ub2004/ros2_ws/src/install/lely_core_libraries/include/lely/io'
[38.085s]  /usr/bin/mkdir -p '/home/ub2004/ros2_ws/src/install/lely_core_libraries/include/lely/util/def'
[38.086s]  /usr/bin/install -c -m 644  /home/ub2004/ros2_ws/src/build/lely_core_libraries/upstream/include/lely/util/def/type.def '/home/ub2004/ros2_ws/src/install/lely_core_libraries/include/lely/util/def'
[38.088s]  /usr/bin/mkdir -p '/home/ub2004/ros2_ws/src/install/lely_core_libraries/include/lely/co/detail'
[38.090s]  /usr/bin/install -c -m 644  /home/ub2004/ros2_ws/src/build/lely_core_libraries/upstream/include/lely/co/detail/dev.h /home/ub2004/ros2_ws/src/build/lely_core_libraries/upstream/include/lely/co/detail/obj.h '/home/ub2004/ros2_ws/src/install/lely_core_libraries/include/lely/co/detail'
[38.092s]  /usr/bin/mkdir -p '/home/ub2004/ros2_ws/src/install/lely_core_libraries/include/lely/io2/can'
[38.093s]  /usr/bin/install -c -m 644  /home/ub2004/ros2_ws/src/build/lely_core_libraries/upstream/include/lely/io2/can/err.h /home/ub2004/ros2_ws/src/build/lely_core_libraries/upstream/include/lely/io2/can/err.hpp /home/ub2004/ros2_ws/src/build/lely_core_libraries/upstream/include/lely/io2/can/msg.h /home/ub2004/ros2_ws/src/build/lely_core_libraries/upstream/include/lely/io2/can/msg.hpp '/home/ub2004/ros2_ws/src/install/lely_core_libraries/include/lely/io2/can'
[38.097s]  /usr/bin/mkdir -p '/home/ub2004/ros2_ws/src/install/lely_core_libraries/include/lely/coapp'
[38.098s]  /usr/bin/install -c -m 644  /home/ub2004/ros2_ws/src/build/lely_core_libraries/upstream/include/lely/coapp/type_traits.hpp /home/ub2004/ros2_ws/src/build/lely_core_libraries/upstream/include/lely/coapp/device.hpp /home/ub2004/ros2_ws/src/build/lely_core_libraries/upstream/include/lely/coapp/driver.hpp /home/ub2004/ros2_ws/src/build/lely_core_libraries/upstream/include/lely/coapp/fiber_driver.hpp /home/ub2004/ros2_ws/src/build/lely_core_libraries/upstream/include/lely/coapp/logical_driver.hpp /home/ub2004/ros2_ws/src/build/lely_core_libraries/upstream/include/lely/coapp/loop_driver.hpp /home/ub2004/ros2_ws/src/build/lely_core_libraries/upstream/include/lely/coapp/lss_master.hpp /home/ub2004/ros2_ws/src/build/lely_core_libraries/upstream/include/lely/coapp/master.hpp /home/ub2004/ros2_ws/src/build/lely_core_libraries/upstream/include/lely/coapp/node.hpp /home/ub2004/ros2_ws/src/build/lely_core_libraries/upstream/include/lely/coapp/sdo.hpp /home/ub2004/ros2_ws/src/build/lely_core_libraries/upstream/include/lely/coapp/sdo_error.hpp /home/ub2004/ros2_ws/src/build/lely_core_libraries/upstream/include/lely/coapp/slave.hpp '/home/ub2004/ros2_ws/src/install/lely_core_libraries/include/lely/coapp'
[38.102s]  /usr/bin/mkdir -p '/home/ub2004/ros2_ws/src/install/lely_core_libraries/include/lely/io2'
[38.104s]  /usr/bin/install -c -m 644  /home/ub2004/ros2_ws/src/build/lely_core_libraries/upstream/include/lely/io2/can.h /home/ub2004/ros2_ws/src/build/lely_core_libraries/upstream/include/lely/io2/can.hpp /home/ub2004/ros2_ws/src/build/lely_core_libraries/upstream/include/lely/io2/can_net.h /home/ub2004/ros2_ws/src/build/lely_core_libraries/upstream/include/lely/io2/can_net.hpp /home/ub2004/ros2_ws/src/build/lely_core_libraries/upstream/include/lely/io2/can_rt.h /home/ub2004/ros2_ws/src/build/lely_core_libraries/upstream/include/lely/io2/can_rt.hpp /home/ub2004/ros2_ws/src/build/lely_core_libraries/upstream/include/lely/io2/clock.h /home/ub2004/ros2_ws/src/build/lely_core_libraries/upstream/include/lely/io2/clock.hpp /home/ub2004/ros2_ws/src/build/lely_core_libraries/upstream/include/lely/io2/co_can.hpp /home/ub2004/ros2_ws/src/build/lely_core_libraries/upstream/include/lely/io2/co_can_rt.hpp /home/ub2004/ros2_ws/src/build/lely_core_libraries/upstream/include/lely/io2/co_sigset.hpp /home/ub2004/ros2_ws/src/build/lely_core_libraries/upstream/include/lely/io2/co_timer.hpp /home/ub2004/ros2_ws/src/build/lely_core_libraries/upstream/include/lely/io2/co_tqueue.hpp /home/ub2004/ros2_ws/src/build/lely_core_libraries/upstream/include/lely/io2/ctx.h /home/ub2004/ros2_ws/src/build/lely_core_libraries/upstream/include/lely/io2/ctx.hpp /home/ub2004/ros2_ws/src/build/lely_core_libraries/upstream/include/lely/io2/dev.h /home/ub2004/ros2_ws/src/build/lely_core_libraries/upstream/include/lely/io2/dev.hpp /home/ub2004/ros2_ws/src/build/lely_core_libraries/upstream/include/lely/io2/event.h /home/ub2004/ros2_ws/src/build/lely_core_libraries/upstream/include/lely/io2/event.hpp /home/ub2004/ros2_ws/src/build/lely_core_libraries/upstream/include/lely/io2/io2.h /home/ub2004/ros2_ws/src/build/lely_core_libraries/upstream/include/lely/io2/sigset.h /home/ub2004/ros2_ws/src/build/lely_core_libraries/upstream/include/lely/io2/sigset.hpp /home/ub2004/ros2_ws/src/build/lely_core_libraries/upstream/include/lely/io2/timer.h /home/ub2004/ros2_ws/src/build/lely_core_libraries/upstream/include/lely/io2/timer.hpp /home/ub2004/ros2_ws/src/build/lely_core_libraries/upstream/include/lely/io2/tqueue.h /home/ub2004/ros2_ws/src/build/lely_core_libraries/upstream/include/lely/io2/tqueue.hpp /home/ub2004/ros2_ws/src/build/lely_core_libraries/upstream/include/lely/io2/vcan.h /home/ub2004/ros2_ws/src/build/lely_core_libraries/upstream/include/lely/io2/vcan.hpp '/home/ub2004/ros2_ws/src/install/lely_core_libraries/include/lely/io2'
[38.107s]  /usr/bin/mkdir -p '/home/ub2004/ros2_ws/src/install/lely_core_libraries/include/lely/io2/linux'
[38.109s]  /usr/bin/install -c -m 644  /home/ub2004/ros2_ws/src/build/lely_core_libraries/upstream/include/lely/io2/linux/can.h /home/ub2004/ros2_ws/src/build/lely_core_libraries/upstream/include/lely/io2/linux/can.hpp '/home/ub2004/ros2_ws/src/install/lely_core_libraries/include/lely/io2/linux'
[38.111s]  /usr/bin/mkdir -p '/home/ub2004/ros2_ws/src/install/lely_core_libraries/include/lely/libc/sys'
[38.113s]  /usr/bin/install -c -m 644  /home/ub2004/ros2_ws/src/build/lely_core_libraries/upstream/include/lely/libc/sys/types.h '/home/ub2004/ros2_ws/src/install/lely_core_libraries/include/lely/libc/sys'
[38.116s]  /usr/bin/mkdir -p '/home/ub2004/ros2_ws/src/install/lely_core_libraries/include/lely/io2/user'
[38.119s]  /usr/bin/install -c -m 644  /home/ub2004/ros2_ws/src/build/lely_core_libraries/upstream/include/lely/io2/user/can.h /home/ub2004/ros2_ws/src/build/lely_core_libraries/upstream/include/lely/io2/user/can.hpp /home/ub2004/ros2_ws/src/build/lely_core_libraries/upstream/include/lely/io2/user/timer.h /home/ub2004/ros2_ws/src/build/lely_core_libraries/upstream/include/lely/io2/user/timer.hpp '/home/ub2004/ros2_ws/src/install/lely_core_libraries/include/lely/io2/user'
[38.121s]  /usr/bin/mkdir -p '/home/ub2004/ros2_ws/src/install/lely_core_libraries/include/lely/io2/sys'
[38.123s]  /usr/bin/install -c -m 644  /home/ub2004/ros2_ws/src/build/lely_core_libraries/upstream/include/lely/io2/sys/clock.h /home/ub2004/ros2_ws/src/build/lely_core_libraries/upstream/include/lely/io2/sys/clock.hpp /home/ub2004/ros2_ws/src/build/lely_core_libraries/upstream/include/lely/io2/sys/io.h /home/ub2004/ros2_ws/src/build/lely_core_libraries/upstream/include/lely/io2/sys/io.hpp /home/ub2004/ros2_ws/src/build/lely_core_libraries/upstream/include/lely/io2/sys/sigset.h /home/ub2004/ros2_ws/src/build/lely_core_libraries/upstream/include/lely/io2/sys/sigset.hpp /home/ub2004/ros2_ws/src/build/lely_core_libraries/upstream/include/lely/io2/sys/timer.h /home/ub2004/ros2_ws/src/build/lely_core_libraries/upstream/include/lely/io2/sys/timer.hpp '/home/ub2004/ros2_ws/src/install/lely_core_libraries/include/lely/io2/sys'
[38.125s]  /usr/bin/mkdir -p '/home/ub2004/ros2_ws/src/install/lely_core_libraries/include/lely/tap'
[38.127s]  /usr/bin/install -c -m 644  /home/ub2004/ros2_ws/src/build/lely_core_libraries/upstream/include/lely/tap/tap.h '/home/ub2004/ros2_ws/src/install/lely_core_libraries/include/lely/tap'
[38.130s]  /usr/bin/mkdir -p '/home/ub2004/ros2_ws/src/install/lely_core_libraries/include/lely/util'
[38.132s]  /usr/bin/install -c -m 644  /home/ub2004/ros2_ws/src/build/lely_core_libraries/upstream/include/lely/util/bimap.h /home/ub2004/ros2_ws/src/build/lely_core_libraries/upstream/include/lely/util/coroutine.h /home/ub2004/ros2_ws/src/build/lely_core_libraries/upstream/include/lely/util/coroutine.hpp /home/ub2004/ros2_ws/src/build/lely_core_libraries/upstream/include/lely/util/mkjmp.h /home/ub2004/ros2_ws/src/build/lely_core_libraries/upstream/include/lely/util/sllist.h /home/ub2004/ros2_ws/src/build/lely_core_libraries/upstream/include/lely/util/spscring.h /home/ub2004/ros2_ws/src/build/lely_core_libraries/upstream/include/lely/util/bits.h /home/ub2004/ros2_ws/src/build/lely_core_libraries/upstream/include/lely/util/bitset.h /home/ub2004/ros2_ws/src/build/lely_core_libraries/upstream/include/lely/util/c_call.hpp /home/ub2004/ros2_ws/src/build/lely_core_libraries/upstream/include/lely/util/c_type.hpp /home/ub2004/ros2_ws/src/build/lely_core_libraries/upstream/include/lely/util/chrono.hpp /home/ub2004/ros2_ws/src/build/lely_core_libraries/upstream/include/lely/util/cmp.h /home/ub2004/ros2_ws/src/build/lely_core_libraries/upstream/include/lely/util/config.h /home/ub2004/ros2_ws/src/build/lely_core_libraries/upstream/include/lely/util/daemon.h /home/ub2004/ros2_ws/src/build/lely_core_libraries/upstream/include/lely/util/diag.h /home/ub2004/ros2_ws/src/build/lely_core_libraries/upstream/include/lely/util/dllist.h /home/ub2004/ros2_ws/src/build/lely_core_libraries/upstream/include/lely/util/endian.h /home/ub2004/ros2_ws/src/build/lely_core_libraries/upstream/include/lely/util/errnum.h /home/ub2004/ros2_ws/src/build/lely_core_libraries/upstream/include/lely/util/error.hpp /home/ub2004/ros2_ws/src/build/lely_core_libraries/upstream/include/lely/util/exception.hpp /home/ub2004/ros2_ws/src/build/lely_core_libraries/upstream/include/lely/util/fiber.h /home/ub2004/ros2_ws/src/build/lely_core_libraries/upstream/include/lely/util/fiber.hpp /home/ub2004/ros2_ws/src/build/lely_core_libraries/upstream/include/lely/util/float.h /home/ub2004/ros2_ws/src/build/lely_core_libraries/upstream/include/lely/util/frbuf.h /home/ub2004/ros2_ws/src/build/lely_core_libraries/upstream/include/lely/util/fwbuf.h /home/ub2004/ros2_ws/src/build/lely_core_libraries/upstream/include/lely/util/invoker.hpp /home/ub2004/ros2_ws/src/build/lely_core_libraries/upstream/include/lely/util/lex.h /home/ub2004/ros2_ws/src/build/lely_core_libraries/upstream/include/lely/util/membuf.h /home/ub2004/ros2_ws/src/build/lely_core_libraries/upstream/include/lely/util/mutex.hpp /home/ub2004/ros2_ws/src/build/lely_core_libraries/upstream/include/lely/util/pheap.h /home/ub2004/ros2_ws/src/build/lely_core_libraries/upstream/include/lely/util/print.h /home/ub2004/ros2_ws/src/build/lely_core_libraries/upstream/include/lely/util/rbtree.h /home/ub2004/ros2_ws/src/build/lely_core_libraries/upstream/include/lely/util/result.hpp /home/ub2004/ros2_ws/src/build/lely_core_libraries/upstream/include/lely/util/stop.h /home/ub2004/ros2_ws/src/build/lely_core_libraries/upstream/include/lely/util/stop.hpp /home/ub2004/ros2_ws/src/build/lely_core_libraries/upstream/include/lely/util/time.h /home/ub2004/ros2_ws/src/build/lely_core_libraries/upstream/include/lely/util/ustring.h /home/ub2004/ros2_ws/src/build/lely_core_libraries/upstream/include/lely/util/util.h '/home/ub2004/ros2_ws/src/install/lely_core_libraries/include/lely/util'
[38.136s]  /usr/bin/mkdir -p '/home/ub2004/ros2_ws/src/install/lely_core_libraries/include/lely/libc'
[38.138s]  /usr/bin/install -c -m 644  /home/ub2004/ros2_ws/src/build/lely_core_libraries/upstream/include/lely/libc/chrono.hpp /home/ub2004/ros2_ws/src/build/lely_core_libraries/upstream/include/lely/libc/functional.hpp /home/ub2004/ros2_ws/src/build/lely_core_libraries/upstream/include/lely/libc/stdatomic.h /home/ub2004/ros2_ws/src/build/lely_core_libraries/upstream/include/lely/libc/stddef.h /home/ub2004/ros2_ws/src/build/lely_core_libraries/upstream/include/lely/libc/stdint.h /home/ub2004/ros2_ws/src/build/lely_core_libraries/upstream/include/lely/libc/stdio.h /home/ub2004/ros2_ws/src/build/lely_core_libraries/upstream/include/lely/libc/stdlib.h /home/ub2004/ros2_ws/src/build/lely_core_libraries/upstream/include/lely/libc/string.h /home/ub2004/ros2_ws/src/build/lely_core_libraries/upstream/include/lely/libc/strings.h /home/ub2004/ros2_ws/src/build/lely_core_libraries/upstream/include/lely/libc/threads.h /home/ub2004/ros2_ws/src/build/lely_core_libraries/upstream/include/lely/libc/time.h /home/ub2004/ros2_ws/src/build/lely_core_libraries/upstream/include/lely/libc/type_traits.hpp /home/ub2004/ros2_ws/src/build/lely_core_libraries/upstream/include/lely/libc/uchar.h /home/ub2004/ros2_ws/src/build/lely_core_libraries/upstream/include/lely/libc/unistd.h /home/ub2004/ros2_ws/src/build/lely_core_libraries/upstream/include/lely/libc/utility.hpp '/home/ub2004/ros2_ws/src/install/lely_core_libraries/include/lely/libc'
[38.140s] gmake[2]: 디렉터리 '/home/ub2004/ros2_ws/src/build/lely_core_libraries/build/include' 나감
[38.141s] gmake[1]: 디렉터리 '/home/ub2004/ros2_ws/src/build/lely_core_libraries/build/include' 나감
[38.141s] Making install in src
[38.144s] gmake[1]: 디렉터리 '/home/ub2004/ros2_ws/src/build/lely_core_libraries/build/src' 들어감
[38.149s] Making install in libc
[38.157s] gmake[2]: 디렉터리 '/home/ub2004/ros2_ws/src/build/lely_core_libraries/build/src/libc' 들어감
[38.167s] gmake[3]: 디렉터리 '/home/ub2004/ros2_ws/src/build/lely_core_libraries/build/src/libc' 들어감
[38.169s]  /usr/bin/mkdir -p '/home/ub2004/ros2_ws/src/install/lely_core_libraries/lib'
[38.170s]  /bin/bash ../../libtool   --mode=install /usr/bin/install -c   liblely-libc.la '/home/ub2004/ros2_ws/src/install/lely_core_libraries/lib'
[38.188s] libtool: install: /usr/bin/install -c .libs/liblely-libc.so.2.4.0 /home/ub2004/ros2_ws/src/install/lely_core_libraries/lib/liblely-libc.so.2.4.0
[38.190s] libtool: install: (cd /home/ub2004/ros2_ws/src/install/lely_core_libraries/lib && { ln -s -f liblely-libc.so.2.4.0 liblely-libc.so.2 || { rm -f liblely-libc.so.2 && ln -s liblely-libc.so.2.4.0 liblely-libc.so.2; }; })
[38.193s] libtool: install: (cd /home/ub2004/ros2_ws/src/install/lely_core_libraries/lib && { ln -s -f liblely-libc.so.2.4.0 liblely-libc.so || { rm -f liblely-libc.so && ln -s liblely-libc.so.2.4.0 liblely-libc.so; }; })
[38.195s] libtool: install: /usr/bin/install -c .libs/liblely-libc.lai /home/ub2004/ros2_ws/src/install/lely_core_libraries/lib/liblely-libc.la
[38.226s] libtool: finish: PATH="/home/ub2004/ros2_ws/install/lely_core_libraries/bin:/opt/ros/humble/bin:/home/ub2004/.local/bin:/usr/local/sbin:/usr/local/bin:/usr/sbin:/usr/bin:/sbin:/bin:/usr/games:/usr/local/games:/snap/bin:/snap/bin:/sbin" ldconfig -n /home/ub2004/ros2_ws/src/install/lely_core_libraries/lib
[38.232s] ----------------------------------------------------------------------
[38.232s] Libraries have been installed in:
[38.232s]    /home/ub2004/ros2_ws/src/install/lely_core_libraries/lib
[38.232s] 
[38.232s] If you ever happen to want to link against installed libraries
[38.232s] in a given directory, LIBDIR, you must either use libtool, and
[38.232s] specify the full pathname of the library, or use the '-LLIBDIR'
[38.232s] flag during linking and do at least one of the following:
[38.232s]    - add LIBDIR to the 'LD_LIBRARY_PATH' environment variable
[38.232s]      during execution
[38.233s]    - add LIBDIR to the 'LD_RUN_PATH' environment variable
[38.233s]      during linking
[38.233s]    - use the '-Wl,-rpath -Wl,LIBDIR' linker flag
[38.233s]    - have your system administrator add LIBDIR to '/etc/ld.so.conf'
[38.233s] 
[38.233s] See any operating system documentation about shared libraries for
[38.233s] more information, such as the ld(1) and ld.so(8) manual pages.
[38.233s] ----------------------------------------------------------------------
[38.236s] gmake[3]: 디렉터리 '/home/ub2004/ros2_ws/src/build/lely_core_libraries/build/src/libc' 나감
[38.237s] gmake[2]: 디렉터리 '/home/ub2004/ros2_ws/src/build/lely_core_libraries/build/src/libc' 나감
[38.237s] Making install in tap
[38.243s] gmake[2]: 디렉터리 '/home/ub2004/ros2_ws/src/build/lely_core_libraries/build/src/tap' 들어감
[38.250s] gmake[3]: 디렉터리 '/home/ub2004/ros2_ws/src/build/lely_core_libraries/build/src/tap' 들어감
[38.252s]  /usr/bin/mkdir -p '/home/ub2004/ros2_ws/src/install/lely_core_libraries/lib'
[38.254s]  /bin/bash ../../libtool   --mode=install /usr/bin/install -c   liblely-tap.la '/home/ub2004/ros2_ws/src/install/lely_core_libraries/lib'
[38.281s] libtool: warning: relinking 'liblely-tap.la'
[38.284s] libtool: install: (cd /home/ub2004/ros2_ws/src/build/lely_core_libraries/build/src/tap; /bin/bash "/home/ub2004/ros2_ws/src/build/lely_core_libraries/build/libtool"  --silent --tag CC --mode=relink gcc -Wall -Wextra -pedantic -Werror -Wno-static-in-inline -pthread -g -O2 -no-undefined -version-number 2:4:0 -Wl,--as-needed -o liblely-tap.la -rpath /home/ub2004/ros2_ws/src/install/lely_core_libraries/lib liblely_tap_la-tap.lo ../../src/libc/liblely-libc.la -lpthread )
[38.381s] libtool: install: /usr/bin/install -c .libs/liblely-tap.so.2.4.0T /home/ub2004/ros2_ws/src/install/lely_core_libraries/lib/liblely-tap.so.2.4.0
[38.383s] libtool: install: (cd /home/ub2004/ros2_ws/src/install/lely_core_libraries/lib && { ln -s -f liblely-tap.so.2.4.0 liblely-tap.so.2 || { rm -f liblely-tap.so.2 && ln -s liblely-tap.so.2.4.0 liblely-tap.so.2; }; })
[38.386s] libtool: install: (cd /home/ub2004/ros2_ws/src/install/lely_core_libraries/lib && { ln -s -f liblely-tap.so.2.4.0 liblely-tap.so || { rm -f liblely-tap.so && ln -s liblely-tap.so.2.4.0 liblely-tap.so; }; })
[38.388s] libtool: install: /usr/bin/install -c .libs/liblely-tap.lai /home/ub2004/ros2_ws/src/install/lely_core_libraries/lib/liblely-tap.la
[38.419s] libtool: finish: PATH="/home/ub2004/ros2_ws/install/lely_core_libraries/bin:/opt/ros/humble/bin:/home/ub2004/.local/bin:/usr/local/sbin:/usr/local/bin:/usr/sbin:/usr/bin:/sbin:/bin:/usr/games:/usr/local/games:/snap/bin:/snap/bin:/sbin" ldconfig -n /home/ub2004/ros2_ws/src/install/lely_core_libraries/lib
[38.422s] ----------------------------------------------------------------------
[38.422s] Libraries have been installed in:
[38.422s]    /home/ub2004/ros2_ws/src/install/lely_core_libraries/lib
[38.422s] 
[38.422s] If you ever happen to want to link against installed libraries
[38.422s] in a given directory, LIBDIR, you must either use libtool, and
[38.422s] specify the full pathname of the library, or use the '-LLIBDIR'
[38.422s] flag during linking and do at least one of the following:
[38.422s]    - add LIBDIR to the 'LD_LIBRARY_PATH' environment variable
[38.422s]      during execution
[38.422s]    - add LIBDIR to the 'LD_RUN_PATH' environment variable
[38.422s]      during linking
[38.423s]    - use the '-Wl,-rpath -Wl,LIBDIR' linker flag
[38.423s]    - have your system administrator add LIBDIR to '/etc/ld.so.conf'
[38.423s] 
[38.423s] See any operating system documentation about shared libraries for
[38.423s] more information, such as the ld(1) and ld.so(8) manual pages.
[38.423s] ----------------------------------------------------------------------
[38.427s] gmake[3]: 디렉터리 '/home/ub2004/ros2_ws/src/build/lely_core_libraries/build/src/tap' 나감
[38.427s] gmake[2]: 디렉터리 '/home/ub2004/ros2_ws/src/build/lely_core_libraries/build/src/tap' 나감
[38.427s] Making install in util
[38.451s] gmake[2]: 디렉터리 '/home/ub2004/ros2_ws/src/build/lely_core_libraries/build/src/util' 들어감
[38.476s] gmake[3]: 디렉터리 '/home/ub2004/ros2_ws/src/build/lely_core_libraries/build/src/util' 들어감
[38.477s]  /usr/bin/mkdir -p '/home/ub2004/ros2_ws/src/install/lely_core_libraries/lib'
[38.479s]  /bin/bash ../../libtool   --mode=install /usr/bin/install -c   liblely-util.la '/home/ub2004/ros2_ws/src/install/lely_core_libraries/lib'
[38.505s] libtool: warning: relinking 'liblely-util.la'
[38.509s] libtool: install: (cd /home/ub2004/ros2_ws/src/build/lely_core_libraries/build/src/util; /bin/bash "/home/ub2004/ros2_ws/src/build/lely_core_libraries/build/libtool"  --silent --tag CXX --mode=relink g++ -std=gnu++11 -Wall -Wextra -pedantic -Werror -g -O2 -no-undefined -version-number 2:4:0 -Wl,--as-needed -o liblely-util.la -rpath /home/ub2004/ros2_ws/src/install/lely_core_libraries/lib liblely_util_la-bimap.lo liblely_util_la-mkjmp.lo liblely_util_la-sllist.lo liblely_util_la-spscring.lo liblely_util_la-bits.lo liblely_util_la-bitset.lo liblely_util_la-cmp.lo liblely_util_la-config.lo liblely_util_la-config_ini.lo liblely_util_la-daemon.lo liblely_util_la-diag.lo liblely_util_la-dllist.lo liblely_util_la-endian.lo liblely_util_la-errnum.lo liblely_util_la-exception.lo liblely_util_la-fiber.lo liblely_util_la-frbuf.lo liblely_util_la-fwbuf.lo liblely_util_la-lex.lo liblely_util_la-membuf.lo liblely_util_la-pheap.lo liblely_util_la-print.lo liblely_util_la-rbtree.lo liblely_util_la-stop.lo liblely_util_la-time.lo liblely_util_la-ustring.lo ../../src/libc/liblely-libc.la -lm -lpthread )
[38.673s] libtool: install: /usr/bin/install -c .libs/liblely-util.so.2.4.0T /home/ub2004/ros2_ws/src/install/lely_core_libraries/lib/liblely-util.so.2.4.0
[38.675s] libtool: install: (cd /home/ub2004/ros2_ws/src/install/lely_core_libraries/lib && { ln -s -f liblely-util.so.2.4.0 liblely-util.so.2 || { rm -f liblely-util.so.2 && ln -s liblely-util.so.2.4.0 liblely-util.so.2; }; })
[38.678s] libtool: install: (cd /home/ub2004/ros2_ws/src/install/lely_core_libraries/lib && { ln -s -f liblely-util.so.2.4.0 liblely-util.so || { rm -f liblely-util.so && ln -s liblely-util.so.2.4.0 liblely-util.so; }; })
[38.680s] libtool: install: /usr/bin/install -c .libs/liblely-util.lai /home/ub2004/ros2_ws/src/install/lely_core_libraries/lib/liblely-util.la
[38.709s] libtool: finish: PATH="/home/ub2004/ros2_ws/install/lely_core_libraries/bin:/opt/ros/humble/bin:/home/ub2004/.local/bin:/usr/local/sbin:/usr/local/bin:/usr/sbin:/usr/bin:/sbin:/bin:/usr/games:/usr/local/games:/snap/bin:/snap/bin:/sbin" ldconfig -n /home/ub2004/ros2_ws/src/install/lely_core_libraries/lib
[38.711s] ----------------------------------------------------------------------
[38.711s] Libraries have been installed in:
[38.711s]    /home/ub2004/ros2_ws/src/install/lely_core_libraries/lib
[38.712s] 
[38.712s] If you ever happen to want to link against installed libraries
[38.712s] in a given directory, LIBDIR, you must either use libtool, and
[38.712s] specify the full pathname of the library, or use the '-LLIBDIR'
[38.712s] flag during linking and do at least one of the following:
[38.712s]    - add LIBDIR to the 'LD_LIBRARY_PATH' environment variable
[38.712s]      during execution
[38.712s]    - add LIBDIR to the 'LD_RUN_PATH' environment variable
[38.712s]      during linking
[38.712s]    - use the '-Wl,-rpath -Wl,LIBDIR' linker flag
[38.712s]    - have your system administrator add LIBDIR to '/etc/ld.so.conf'
[38.713s] 
[38.713s] See any operating system documentation about shared libraries for
[38.713s] more information, such as the ld(1) and ld.so(8) manual pages.
[38.713s] ----------------------------------------------------------------------
[38.718s] gmake[3]: 디렉터리 '/home/ub2004/ros2_ws/src/build/lely_core_libraries/build/src/util' 나감
[38.718s] gmake[2]: 디렉터리 '/home/ub2004/ros2_ws/src/build/lely_core_libraries/build/src/util' 나감
[38.719s] Making install in can
[38.729s] gmake[2]: 디렉터리 '/home/ub2004/ros2_ws/src/build/lely_core_libraries/build/src/can' 들어감
[38.739s] gmake[3]: 디렉터리 '/home/ub2004/ros2_ws/src/build/lely_core_libraries/build/src/can' 들어감
[38.741s]  /usr/bin/mkdir -p '/home/ub2004/ros2_ws/src/install/lely_core_libraries/lib'
[38.742s]  /bin/bash ../../libtool   --mode=install /usr/bin/install -c   liblely-can.la '/home/ub2004/ros2_ws/src/install/lely_core_libraries/lib'
[38.768s] libtool: warning: relinking 'liblely-can.la'
[38.771s] libtool: install: (cd /home/ub2004/ros2_ws/src/build/lely_core_libraries/build/src/can; /bin/bash "/home/ub2004/ros2_ws/src/build/lely_core_libraries/build/libtool"  --silent --tag CC --mode=relink gcc -Wall -Wextra -pedantic -Werror -Wno-static-in-inline -pthread -g -O2 -no-undefined -version-number 1:9:2 -Wl,--as-needed -o liblely-can.la -rpath /home/ub2004/ros2_ws/src/install/lely_core_libraries/lib liblely_can_la-buf.lo liblely_can_la-msg.lo liblely_can_la-net.lo liblely_can_la-socket.lo ../../src/libc/liblely-libc.la ../../src/util/liblely-util.la -lpthread )
[38.886s] libtool: install: /usr/bin/install -c .libs/liblely-can.so.1.9.2T /home/ub2004/ros2_ws/src/install/lely_core_libraries/lib/liblely-can.so.1.9.2
[38.888s] libtool: install: (cd /home/ub2004/ros2_ws/src/install/lely_core_libraries/lib && { ln -s -f liblely-can.so.1.9.2 liblely-can.so.1 || { rm -f liblely-can.so.1 && ln -s liblely-can.so.1.9.2 liblely-can.so.1; }; })
[38.890s] libtool: install: (cd /home/ub2004/ros2_ws/src/install/lely_core_libraries/lib && { ln -s -f liblely-can.so.1.9.2 liblely-can.so || { rm -f liblely-can.so && ln -s liblely-can.so.1.9.2 liblely-can.so; }; })
[38.892s] libtool: install: /usr/bin/install -c .libs/liblely-can.lai /home/ub2004/ros2_ws/src/install/lely_core_libraries/lib/liblely-can.la
[38.930s] libtool: finish: PATH="/home/ub2004/ros2_ws/install/lely_core_libraries/bin:/opt/ros/humble/bin:/home/ub2004/.local/bin:/usr/local/sbin:/usr/local/bin:/usr/sbin:/usr/bin:/sbin:/bin:/usr/games:/usr/local/games:/snap/bin:/snap/bin:/sbin" ldconfig -n /home/ub2004/ros2_ws/src/install/lely_core_libraries/lib
[38.932s] ----------------------------------------------------------------------
[38.932s] Libraries have been installed in:
[38.933s]    /home/ub2004/ros2_ws/src/install/lely_core_libraries/lib
[38.933s] 
[38.933s] If you ever happen to want to link against installed libraries
[38.933s] in a given directory, LIBDIR, you must either use libtool, and
[38.933s] specify the full pathname of the library, or use the '-LLIBDIR'
[38.933s] flag during linking and do at least one of the following:
[38.933s]    - add LIBDIR to the 'LD_LIBRARY_PATH' environment variable
[38.933s]      during execution
[38.933s]    - add LIBDIR to the 'LD_RUN_PATH' environment variable
[38.933s]      during linking
[38.933s]    - use the '-Wl,-rpath -Wl,LIBDIR' linker flag
[38.933s]    - have your system administrator add LIBDIR to '/etc/ld.so.conf'
[38.933s] 
[38.933s] See any operating system documentation about shared libraries for
[38.933s] more information, such as the ld(1) and ld.so(8) manual pages.
[38.933s] ----------------------------------------------------------------------
[38.937s] gmake[3]: 디렉터리 '/home/ub2004/ros2_ws/src/build/lely_core_libraries/build/src/can' 나감
[38.937s] gmake[2]: 디렉터리 '/home/ub2004/ros2_ws/src/build/lely_core_libraries/build/src/can' 나감
[38.938s] Making install in co
[38.956s] gmake[2]: 디렉터리 '/home/ub2004/ros2_ws/src/build/lely_core_libraries/build/src/co' 들어감
[38.976s] gmake[3]: 디렉터리 '/home/ub2004/ros2_ws/src/build/lely_core_libraries/build/src/co' 들어감
[38.978s]  /usr/bin/mkdir -p '/home/ub2004/ros2_ws/src/install/lely_core_libraries/lib'
[38.980s]  /bin/bash ../../libtool   --mode=install /usr/bin/install -c   liblely-co.la '/home/ub2004/ros2_ws/src/install/lely_core_libraries/lib'
[39.009s] libtool: warning: relinking 'liblely-co.la'
[39.013s] libtool: install: (cd /home/ub2004/ros2_ws/src/build/lely_core_libraries/build/src/co; /bin/bash "/home/ub2004/ros2_ws/src/build/lely_core_libraries/build/libtool"  --silent --tag CC --mode=relink gcc -Wall -Wextra -pedantic -Werror -Wno-static-in-inline -pthread -g -O2 -no-undefined -version-number 2:4:0 -Wl,--as-needed -o liblely-co.la -rpath /home/ub2004/ros2_ws/src/install/lely_core_libraries/lib liblely_co_la-crc.lo liblely_co_la-csdo.lo liblely_co_la-dcf.lo liblely_co_la-dev.lo liblely_co_la-emcy.lo liblely_co_la-gw.lo liblely_co_la-gw_txt.lo liblely_co_la-lss.lo liblely_co_la-nmt.lo liblely_co_la-nmt_boot.lo liblely_co_la-nmt_cfg.lo liblely_co_la-nmt_hb.lo liblely_co_la-nmt_srv.lo liblely_co_la-obj.lo liblely_co_la-pdo.lo liblely_co_la-rpdo.lo liblely_co_la-sdev.lo liblely_co_la-sdo.lo liblely_co_la-ssdo.lo liblely_co_la-sync.lo liblely_co_la-time.lo liblely_co_la-tpdo.lo liblely_co_la-type.lo liblely_co_la-val.lo liblely_co_la-wtm.lo ../../src/libc/liblely-libc.la ../../src/util/liblely-util.la ../../src/can/liblely-can.la -lpthread )
[39.177s] libtool: install: /usr/bin/install -c .libs/liblely-co.so.2.4.0T /home/ub2004/ros2_ws/src/install/lely_core_libraries/lib/liblely-co.so.2.4.0
[39.180s] libtool: install: (cd /home/ub2004/ros2_ws/src/install/lely_core_libraries/lib && { ln -s -f liblely-co.so.2.4.0 liblely-co.so.2 || { rm -f liblely-co.so.2 && ln -s liblely-co.so.2.4.0 liblely-co.so.2; }; })
[39.183s] libtool: install: (cd /home/ub2004/ros2_ws/src/install/lely_core_libraries/lib && { ln -s -f liblely-co.so.2.4.0 liblely-co.so || { rm -f liblely-co.so && ln -s liblely-co.so.2.4.0 liblely-co.so; }; })
[39.185s] libtool: install: /usr/bin/install -c .libs/liblely-co.lai /home/ub2004/ros2_ws/src/install/lely_core_libraries/lib/liblely-co.la
[39.216s] libtool: finish: PATH="/home/ub2004/ros2_ws/install/lely_core_libraries/bin:/opt/ros/humble/bin:/home/ub2004/.local/bin:/usr/local/sbin:/usr/local/bin:/usr/sbin:/usr/bin:/sbin:/bin:/usr/games:/usr/local/games:/snap/bin:/snap/bin:/sbin" ldconfig -n /home/ub2004/ros2_ws/src/install/lely_core_libraries/lib
[39.218s] ----------------------------------------------------------------------
[39.218s] Libraries have been installed in:
[39.218s]    /home/ub2004/ros2_ws/src/install/lely_core_libraries/lib
[39.218s] 
[39.219s] If you ever happen to want to link against installed libraries
[39.219s] in a given directory, LIBDIR, you must either use libtool, and
[39.219s] specify the full pathname of the library, or use the '-LLIBDIR'
[39.219s] flag during linking and do at least one of the following:
[39.219s]    - add LIBDIR to the 'LD_LIBRARY_PATH' environment variable
[39.219s]      during execution
[39.219s]    - add LIBDIR to the 'LD_RUN_PATH' environment variable
[39.219s]      during linking
[39.219s]    - use the '-Wl,-rpath -Wl,LIBDIR' linker flag
[39.219s]    - have your system administrator add LIBDIR to '/etc/ld.so.conf'
[39.219s] 
[39.219s] See any operating system documentation about shared libraries for
[39.219s] more information, such as the ld(1) and ld.so(8) manual pages.
[39.219s] ----------------------------------------------------------------------
[39.223s] gmake[3]: 디렉터리 '/home/ub2004/ros2_ws/src/build/lely_core_libraries/build/src/co' 나감
[39.223s] gmake[2]: 디렉터리 '/home/ub2004/ros2_ws/src/build/lely_core_libraries/build/src/co' 나감
[39.223s] Making install in io
[39.239s] gmake[2]: 디렉터리 '/home/ub2004/ros2_ws/src/build/lely_core_libraries/build/src/io' 들어감
[39.255s] gmake[3]: 디렉터리 '/home/ub2004/ros2_ws/src/build/lely_core_libraries/build/src/io' 들어감
[39.257s]  /usr/bin/mkdir -p '/home/ub2004/ros2_ws/src/install/lely_core_libraries/lib'
[39.259s]  /bin/bash ../../libtool   --mode=install /usr/bin/install -c   liblely-io.la '/home/ub2004/ros2_ws/src/install/lely_core_libraries/lib'
[39.285s] libtool: warning: relinking 'liblely-io.la'
[39.288s] libtool: install: (cd /home/ub2004/ros2_ws/src/build/lely_core_libraries/build/src/io; /bin/bash "/home/ub2004/ros2_ws/src/build/lely_core_libraries/build/libtool"  --silent --tag CC --mode=relink gcc -Wall -Wextra -pedantic -Werror -Wno-static-in-inline -pthread -g -O2 -no-undefined -version-number 1:9:2 -Wl,--as-needed -o liblely-io.la -rpath /home/ub2004/ros2_ws/src/install/lely_core_libraries/lib liblely_io_la-addr.lo liblely_io_la-attr.lo liblely_io_la-can.lo liblely_io_la-file.lo liblely_io_la-handle.lo liblely_io_la-if.lo liblely_io_la-io.lo liblely_io_la-pipe.lo liblely_io_la-poll.lo liblely_io_la-rtnl.lo liblely_io_la-serial.lo liblely_io_la-sock.lo ../../src/libc/liblely-libc.la ../../src/util/liblely-util.la ../../src/can/liblely-can.la -lpthread )
[39.427s] libtool: install: /usr/bin/install -c .libs/liblely-io.so.1.9.2T /home/ub2004/ros2_ws/src/install/lely_core_libraries/lib/liblely-io.so.1.9.2
[39.429s] libtool: install: (cd /home/ub2004/ros2_ws/src/install/lely_core_libraries/lib && { ln -s -f liblely-io.so.1.9.2 liblely-io.so.1 || { rm -f liblely-io.so.1 && ln -s liblely-io.so.1.9.2 liblely-io.so.1; }; })
[39.431s] libtool: install: (cd /home/ub2004/ros2_ws/src/install/lely_core_libraries/lib && { ln -s -f liblely-io.so.1.9.2 liblely-io.so || { rm -f liblely-io.so && ln -s liblely-io.so.1.9.2 liblely-io.so; }; })
[39.433s] libtool: install: /usr/bin/install -c .libs/liblely-io.lai /home/ub2004/ros2_ws/src/install/lely_core_libraries/lib/liblely-io.la
[39.461s] libtool: finish: PATH="/home/ub2004/ros2_ws/install/lely_core_libraries/bin:/opt/ros/humble/bin:/home/ub2004/.local/bin:/usr/local/sbin:/usr/local/bin:/usr/sbin:/usr/bin:/sbin:/bin:/usr/games:/usr/local/games:/snap/bin:/snap/bin:/sbin" ldconfig -n /home/ub2004/ros2_ws/src/install/lely_core_libraries/lib
[39.464s] ----------------------------------------------------------------------
[39.464s] Libraries have been installed in:
[39.464s]    /home/ub2004/ros2_ws/src/install/lely_core_libraries/lib
[39.464s] 
[39.464s] If you ever happen to want to link against installed libraries
[39.465s] in a given directory, LIBDIR, you must either use libtool, and
[39.465s] specify the full pathname of the library, or use the '-LLIBDIR'
[39.465s] flag during linking and do at least one of the following:
[39.465s]    - add LIBDIR to the 'LD_LIBRARY_PATH' environment variable
[39.465s]      during execution
[39.465s]    - add LIBDIR to the 'LD_RUN_PATH' environment variable
[39.465s]      during linking
[39.465s]    - use the '-Wl,-rpath -Wl,LIBDIR' linker flag
[39.465s]    - have your system administrator add LIBDIR to '/etc/ld.so.conf'
[39.465s] 
[39.465s] See any operating system documentation about shared libraries for
[39.465s] more information, such as the ld(1) and ld.so(8) manual pages.
[39.466s] ----------------------------------------------------------------------
[39.468s] gmake[3]: 디렉터리 '/home/ub2004/ros2_ws/src/build/lely_core_libraries/build/src/io' 나감
[39.469s] gmake[2]: 디렉터리 '/home/ub2004/ros2_ws/src/build/lely_core_libraries/build/src/io' 나감
[39.469s] Making install in ev
[39.479s] gmake[2]: 디렉터리 '/home/ub2004/ros2_ws/src/build/lely_core_libraries/build/src/ev' 들어감
[39.489s] gmake[3]: 디렉터리 '/home/ub2004/ros2_ws/src/build/lely_core_libraries/build/src/ev' 들어감
[39.491s]  /usr/bin/mkdir -p '/home/ub2004/ros2_ws/src/install/lely_core_libraries/lib'
[39.492s]  /bin/bash ../../libtool   --mode=install /usr/bin/install -c   liblely-ev.la '/home/ub2004/ros2_ws/src/install/lely_core_libraries/lib'
[39.521s] libtool: warning: relinking 'liblely-ev.la'
[39.524s] libtool: install: (cd /home/ub2004/ros2_ws/src/build/lely_core_libraries/build/src/ev; /bin/bash "/home/ub2004/ros2_ws/src/build/lely_core_libraries/build/libtool"  --silent --tag CC --mode=relink gcc -Wall -Wextra -pedantic -Werror -Wno-static-in-inline -pthread -g -O2 -no-undefined -version-number 2:4:0 -Wl,--as-needed -o liblely-ev.la -rpath /home/ub2004/ros2_ws/src/install/lely_core_libraries/lib liblely_ev_la-exec.lo liblely_ev_la-fiber_exec.lo liblely_ev_la-future.lo liblely_ev_la-loop.lo liblely_ev_la-poll.lo liblely_ev_la-std_exec.lo liblely_ev_la-strand.lo liblely_ev_la-task.lo liblely_ev_la-thrd_loop.lo ../../src/libc/liblely-libc.la ../../src/util/liblely-util.la -lpthread )
[39.645s] libtool: install: /usr/bin/install -c .libs/liblely-ev.so.2.4.0T /home/ub2004/ros2_ws/src/install/lely_core_libraries/lib/liblely-ev.so.2.4.0
[39.648s] libtool: install: (cd /home/ub2004/ros2_ws/src/install/lely_core_libraries/lib && { ln -s -f liblely-ev.so.2.4.0 liblely-ev.so.2 || { rm -f liblely-ev.so.2 && ln -s liblely-ev.so.2.4.0 liblely-ev.so.2; }; })
[39.650s] libtool: install: (cd /home/ub2004/ros2_ws/src/install/lely_core_libraries/lib && { ln -s -f liblely-ev.so.2.4.0 liblely-ev.so || { rm -f liblely-ev.so && ln -s liblely-ev.so.2.4.0 liblely-ev.so; }; })
[39.652s] libtool: install: /usr/bin/install -c .libs/liblely-ev.lai /home/ub2004/ros2_ws/src/install/lely_core_libraries/lib/liblely-ev.la
[39.681s] libtool: finish: PATH="/home/ub2004/ros2_ws/install/lely_core_libraries/bin:/opt/ros/humble/bin:/home/ub2004/.local/bin:/usr/local/sbin:/usr/local/bin:/usr/sbin:/usr/bin:/sbin:/bin:/usr/games:/usr/local/games:/snap/bin:/snap/bin:/sbin" ldconfig -n /home/ub2004/ros2_ws/src/install/lely_core_libraries/lib
[39.683s] ----------------------------------------------------------------------
[39.683s] Libraries have been installed in:
[39.683s]    /home/ub2004/ros2_ws/src/install/lely_core_libraries/lib
[39.683s] 
[39.683s] If you ever happen to want to link against installed libraries
[39.683s] in a given directory, LIBDIR, you must either use libtool, and
[39.684s] specify the full pathname of the library, or use the '-LLIBDIR'
[39.684s] flag during linking and do at least one of the following:
[39.684s]    - add LIBDIR to the 'LD_LIBRARY_PATH' environment variable
[39.684s]      during execution
[39.684s]    - add LIBDIR to the 'LD_RUN_PATH' environment variable
[39.684s]      during linking
[39.684s]    - use the '-Wl,-rpath -Wl,LIBDIR' linker flag
[39.684s]    - have your system administrator add LIBDIR to '/etc/ld.so.conf'
[39.684s] 
[39.684s] See any operating system documentation about shared libraries for
[39.684s] more information, such as the ld(1) and ld.so(8) manual pages.
[39.684s] ----------------------------------------------------------------------
[39.688s] gmake[3]: 디렉터리 '/home/ub2004/ros2_ws/src/build/lely_core_libraries/build/src/ev' 나감
[39.688s] gmake[2]: 디렉터리 '/home/ub2004/ros2_ws/src/build/lely_core_libraries/build/src/ev' 나감
[39.688s] Making install in io2
[39.709s] gmake[2]: 디렉터리 '/home/ub2004/ros2_ws/src/build/lely_core_libraries/build/src/io2' 들어감
[39.731s] gmake[3]: 디렉터리 '/home/ub2004/ros2_ws/src/build/lely_core_libraries/build/src/io2' 들어감
[39.732s]  /usr/bin/mkdir -p '/home/ub2004/ros2_ws/src/install/lely_core_libraries/lib'
[39.734s]  /bin/bash ../../libtool   --mode=install /usr/bin/install -c   liblely-io2.la '/home/ub2004/ros2_ws/src/install/lely_core_libraries/lib'
[39.763s] libtool: warning: relinking 'liblely-io2.la'
[39.766s] libtool: install: (cd /home/ub2004/ros2_ws/src/build/lely_core_libraries/build/src/io2; /bin/bash "/home/ub2004/ros2_ws/src/build/lely_core_libraries/build/libtool"  --silent --tag CC --mode=relink gcc -Wall -Wextra -pedantic -Werror -Wno-static-in-inline -pthread -g -O2 -no-undefined -version-number 2:4:0 -Wl,--as-needed -o liblely-io2.la -rpath /home/ub2004/ros2_ws/src/install/lely_core_libraries/lib can/liblely_io2_la-msg.lo linux/liblely_io2_la-can_chan.lo linux/liblely_io2_la-can_ctrl.lo linux/liblely_io2_la-poll.lo linux/liblely_io2_la-timer.lo posix/liblely_io2_la-fd.lo posix/liblely_io2_la-io.lo posix/liblely_io2_la-sigset.lo sys/liblely_io2_la-clock.lo sys/liblely_io2_la-io.lo user/liblely_io2_la-can.lo user/liblely_io2_la-timer.lo liblely_io2_la-can.lo liblely_io2_la-can_net.lo liblely_io2_la-can_rt.lo liblely_io2_la-clock.lo liblely_io2_la-ctx.lo liblely_io2_la-dev.lo liblely_io2_la-sigset.lo liblely_io2_la-timer.lo liblely_io2_la-tqueue.lo liblely_io2_la-vcan.lo ../../src/libc/liblely-libc.la ../../src/util/liblely-util.la ../../src/can/liblely-can.la ../../src/ev/liblely-ev.la -lrt -lpthread )
[39.950s] libtool: install: /usr/bin/install -c .libs/liblely-io2.so.2.4.0T /home/ub2004/ros2_ws/src/install/lely_core_libraries/lib/liblely-io2.so.2.4.0
[39.953s] libtool: install: (cd /home/ub2004/ros2_ws/src/install/lely_core_libraries/lib && { ln -s -f liblely-io2.so.2.4.0 liblely-io2.so.2 || { rm -f liblely-io2.so.2 && ln -s liblely-io2.so.2.4.0 liblely-io2.so.2; }; })
[39.955s] libtool: install: (cd /home/ub2004/ros2_ws/src/install/lely_core_libraries/lib && { ln -s -f liblely-io2.so.2.4.0 liblely-io2.so || { rm -f liblely-io2.so && ln -s liblely-io2.so.2.4.0 liblely-io2.so; }; })
[39.957s] libtool: install: /usr/bin/install -c .libs/liblely-io2.lai /home/ub2004/ros2_ws/src/install/lely_core_libraries/lib/liblely-io2.la
[39.987s] libtool: finish: PATH="/home/ub2004/ros2_ws/install/lely_core_libraries/bin:/opt/ros/humble/bin:/home/ub2004/.local/bin:/usr/local/sbin:/usr/local/bin:/usr/sbin:/usr/bin:/sbin:/bin:/usr/games:/usr/local/games:/snap/bin:/snap/bin:/sbin" ldconfig -n /home/ub2004/ros2_ws/src/install/lely_core_libraries/lib
[39.990s] ----------------------------------------------------------------------
[39.990s] Libraries have been installed in:
[39.990s]    /home/ub2004/ros2_ws/src/install/lely_core_libraries/lib
[39.990s] 
[39.990s] If you ever happen to want to link against installed libraries
[39.990s] in a given directory, LIBDIR, you must either use libtool, and
[39.990s] specify the full pathname of the library, or use the '-LLIBDIR'
[39.991s] flag during linking and do at least one of the following:
[39.991s]    - add LIBDIR to the 'LD_LIBRARY_PATH' environment variable
[39.991s]      during execution
[39.991s]    - add LIBDIR to the 'LD_RUN_PATH' environment variable
[39.991s]      during linking
[39.991s]    - use the '-Wl,-rpath -Wl,LIBDIR' linker flag
[39.991s]    - have your system administrator add LIBDIR to '/etc/ld.so.conf'
[39.991s] 
[39.991s] See any operating system documentation about shared libraries for
[39.991s] more information, such as the ld(1) and ld.so(8) manual pages.
[39.991s] ----------------------------------------------------------------------
[39.994s] gmake[3]: 디렉터리 '/home/ub2004/ros2_ws/src/build/lely_core_libraries/build/src/io2' 나감
[39.995s] gmake[2]: 디렉터리 '/home/ub2004/ros2_ws/src/build/lely_core_libraries/build/src/io2' 나감
[39.995s] Making install in coapp
[40.018s] gmake[2]: 디렉터리 '/home/ub2004/ros2_ws/src/build/lely_core_libraries/build/src/coapp' 들어감
[40.042s] gmake[3]: 디렉터리 '/home/ub2004/ros2_ws/src/build/lely_core_libraries/build/src/coapp' 들어감
[40.043s]  /usr/bin/mkdir -p '/home/ub2004/ros2_ws/src/install/lely_core_libraries/lib'
[40.045s]  /bin/bash ../../libtool   --mode=install /usr/bin/install -c   liblely-coapp.la '/home/ub2004/ros2_ws/src/install/lely_core_libraries/lib'
[40.072s] libtool: warning: relinking 'liblely-coapp.la'
[40.075s] libtool: install: (cd /home/ub2004/ros2_ws/src/build/lely_core_libraries/build/src/coapp; /bin/bash "/home/ub2004/ros2_ws/src/build/lely_core_libraries/build/libtool"  --silent --tag CXX --mode=relink g++ -std=gnu++11 -Wall -Wextra -pedantic -Werror -g -O2 -no-undefined -version-number 2:4:0 -Wl,--as-needed -o liblely-coapp.la -rpath /home/ub2004/ros2_ws/src/install/lely_core_libraries/lib liblely_coapp_la-device.lo liblely_coapp_la-driver.lo liblely_coapp_la-fiber_driver.lo liblely_coapp_la-logical_driver.lo liblely_coapp_la-loop_driver.lo liblely_coapp_la-lss_master.lo liblely_coapp_la-master.lo liblely_coapp_la-node.lo liblely_coapp_la-sdo.lo liblely_coapp_la-sdo_error.lo liblely_coapp_la-slave.lo liblely_coapp_la-type_traits.lo ../../src/libc/liblely-libc.la ../../src/util/liblely-util.la ../../src/can/liblely-can.la ../../src/ev/liblely-ev.la ../../src/io2/liblely-io2.la ../../src/co/liblely-co.la -lpthread )
[40.453s] libtool: install: /usr/bin/install -c .libs/liblely-coapp.so.2.4.0T /home/ub2004/ros2_ws/src/install/lely_core_libraries/lib/liblely-coapp.so.2.4.0
[40.461s] libtool: install: (cd /home/ub2004/ros2_ws/src/install/lely_core_libraries/lib && { ln -s -f liblely-coapp.so.2.4.0 liblely-coapp.so.2 || { rm -f liblely-coapp.so.2 && ln -s liblely-coapp.so.2.4.0 liblely-coapp.so.2; }; })
[40.463s] libtool: install: (cd /home/ub2004/ros2_ws/src/install/lely_core_libraries/lib && { ln -s -f liblely-coapp.so.2.4.0 liblely-coapp.so || { rm -f liblely-coapp.so && ln -s liblely-coapp.so.2.4.0 liblely-coapp.so; }; })
[40.466s] libtool: install: /usr/bin/install -c .libs/liblely-coapp.lai /home/ub2004/ros2_ws/src/install/lely_core_libraries/lib/liblely-coapp.la
[40.501s] libtool: finish: PATH="/home/ub2004/ros2_ws/install/lely_core_libraries/bin:/opt/ros/humble/bin:/home/ub2004/.local/bin:/usr/local/sbin:/usr/local/bin:/usr/sbin:/usr/bin:/sbin:/bin:/usr/games:/usr/local/games:/snap/bin:/snap/bin:/sbin" ldconfig -n /home/ub2004/ros2_ws/src/install/lely_core_libraries/lib
[40.503s] ----------------------------------------------------------------------
[40.504s] Libraries have been installed in:
[40.504s]    /home/ub2004/ros2_ws/src/install/lely_core_libraries/lib
[40.504s] 
[40.504s] If you ever happen to want to link against installed libraries
[40.504s] in a given directory, LIBDIR, you must either use libtool, and
[40.504s] specify the full pathname of the library, or use the '-LLIBDIR'
[40.504s] flag during linking and do at least one of the following:
[40.504s]    - add LIBDIR to the 'LD_LIBRARY_PATH' environment variable
[40.504s]      during execution
[40.504s]    - add LIBDIR to the 'LD_RUN_PATH' environment variable
[40.504s]      during linking
[40.504s]    - use the '-Wl,-rpath -Wl,LIBDIR' linker flag
[40.504s]    - have your system administrator add LIBDIR to '/etc/ld.so.conf'
[40.504s] 
[40.504s] See any operating system documentation about shared libraries for
[40.504s] more information, such as the ld(1) and ld.so(8) manual pages.
[40.504s] ----------------------------------------------------------------------
[40.509s] gmake[3]: 디렉터리 '/home/ub2004/ros2_ws/src/build/lely_core_libraries/build/src/coapp' 나감
[40.509s] gmake[2]: 디렉터리 '/home/ub2004/ros2_ws/src/build/lely_core_libraries/build/src/coapp' 나감
[40.512s] gmake[2]: 디렉터리 '/home/ub2004/ros2_ws/src/build/lely_core_libraries/build/src' 들어감
[40.516s] gmake[3]: 디렉터리 '/home/ub2004/ros2_ws/src/build/lely_core_libraries/build/src' 들어감
[40.517s] gmake[3]: 'install-exec-am'을(를) 위해 할 일이 없습니다.
[40.517s] gmake[3]: 'install-data-am'을(를) 위해 할 일이 없습니다.
[40.517s] gmake[3]: 디렉터리 '/home/ub2004/ros2_ws/src/build/lely_core_libraries/build/src' 나감
[40.517s] gmake[2]: 디렉터리 '/home/ub2004/ros2_ws/src/build/lely_core_libraries/build/src' 나감
[40.518s] gmake[1]: 디렉터리 '/home/ub2004/ros2_ws/src/build/lely_core_libraries/build/src' 나감
[40.518s] Making install in python
[40.521s] gmake[1]: 디렉터리 '/home/ub2004/ros2_ws/src/build/lely_core_libraries/build/python' 들어감
[40.526s] Making install in dcf-tools
[40.528s] gmake[2]: 디렉터리 '/home/ub2004/ros2_ws/src/build/lely_core_libraries/build/python/dcf-tools' 들어감
[40.532s] gmake[3]: 디렉터리 '/home/ub2004/ros2_ws/src/build/lely_core_libraries/build/python/dcf-tools' 들어감
[40.800s] running egg_info
[40.801s] creating dcf_tools.egg-info
[40.801s] writing dcf_tools.egg-info/PKG-INFO
[40.802s] writing dependency_links to dcf_tools.egg-info/dependency_links.txt
[40.802s] writing entry points to dcf_tools.egg-info/entry_points.txt
[40.802s] writing requirements to dcf_tools.egg-info/requires.txt
[40.802s] writing top-level names to dcf_tools.egg-info/top_level.txt
[40.802s] writing manifest file 'dcf_tools.egg-info/SOURCES.txt'
[40.804s] reading manifest file 'dcf_tools.egg-info/SOURCES.txt'
[40.805s] writing manifest file 'dcf_tools.egg-info/SOURCES.txt'
[40.805s] running build
[40.806s] running build_py
[40.806s] creating build
[40.806s] creating build/lib
[40.806s] creating build/lib/dcf2dev
[40.806s] copying dcf2dev/cdevice.py -> build/lib/dcf2dev
[40.806s] copying dcf2dev/cli.py -> build/lib/dcf2dev
[40.806s] copying dcf2dev/__init__.py -> build/lib/dcf2dev
[40.807s] creating build/lib/dcfgen
[40.807s] copying dcfgen/cli.py -> build/lib/dcfgen
[40.807s] copying dcfgen/__init__.py -> build/lib/dcfgen
[40.807s] creating build/lib/dcf
[40.807s] copying dcf/device.py -> build/lib/dcf
[40.807s] copying dcf/print.py -> build/lib/dcf
[40.808s] copying dcf/parse.py -> build/lib/dcf
[40.808s] copying dcf/lint.py -> build/lib/dcf
[40.808s] copying dcf/cli.py -> build/lib/dcf
[40.808s] copying dcf/__init__.py -> build/lib/dcf
[40.808s] creating build/lib/dcf2dev/data
[40.808s] copying dcf2dev/data/dev.c.em -> build/lib/dcf2dev/data
[40.808s] copying dcf2dev/data/dev.h.em -> build/lib/dcf2dev/data
[40.809s] creating build/lib/dcfgen/data
[40.809s] copying dcfgen/data/master.dcf.em -> build/lib/dcfgen/data
[40.809s] running install
[40.809s] /usr/lib/python3/dist-packages/setuptools/command/install.py:34: SetuptoolsDeprecationWarning: setup.py install is deprecated. Use build and pip and other standards-based tools.
[40.809s]   warnings.warn(
[40.810s] running install_lib
[40.811s] creating /home/ub2004/ros2_ws/src/install/lely_core_libraries/lib/python3.10
[40.811s] creating /home/ub2004/ros2_ws/src/install/lely_core_libraries/lib/python3.10/site-packages
[40.811s] creating /home/ub2004/ros2_ws/src/install/lely_core_libraries/lib/python3.10/site-packages/dcf2dev
[40.811s] creating /home/ub2004/ros2_ws/src/install/lely_core_libraries/lib/python3.10/site-packages/dcf2dev/data
[40.811s] copying build/lib/dcf2dev/data/dev.c.em -> /home/ub2004/ros2_ws/src/install/lely_core_libraries/lib/python3.10/site-packages/dcf2dev/data
[40.811s] copying build/lib/dcf2dev/data/dev.h.em -> /home/ub2004/ros2_ws/src/install/lely_core_libraries/lib/python3.10/site-packages/dcf2dev/data
[40.812s] copying build/lib/dcf2dev/cdevice.py -> /home/ub2004/ros2_ws/src/install/lely_core_libraries/lib/python3.10/site-packages/dcf2dev
[40.812s] copying build/lib/dcf2dev/cli.py -> /home/ub2004/ros2_ws/src/install/lely_core_libraries/lib/python3.10/site-packages/dcf2dev
[40.812s] copying build/lib/dcf2dev/__init__.py -> /home/ub2004/ros2_ws/src/install/lely_core_libraries/lib/python3.10/site-packages/dcf2dev
[40.812s] creating /home/ub2004/ros2_ws/src/install/lely_core_libraries/lib/python3.10/site-packages/dcfgen
[40.812s] creating /home/ub2004/ros2_ws/src/install/lely_core_libraries/lib/python3.10/site-packages/dcfgen/data
[40.812s] copying build/lib/dcfgen/data/master.dcf.em -> /home/ub2004/ros2_ws/src/install/lely_core_libraries/lib/python3.10/site-packages/dcfgen/data
[40.812s] copying build/lib/dcfgen/cli.py -> /home/ub2004/ros2_ws/src/install/lely_core_libraries/lib/python3.10/site-packages/dcfgen
[40.813s] copying build/lib/dcfgen/__init__.py -> /home/ub2004/ros2_ws/src/install/lely_core_libraries/lib/python3.10/site-packages/dcfgen
[40.813s] creating /home/ub2004/ros2_ws/src/install/lely_core_libraries/lib/python3.10/site-packages/dcf
[40.813s] copying build/lib/dcf/device.py -> /home/ub2004/ros2_ws/src/install/lely_core_libraries/lib/python3.10/site-packages/dcf
[40.813s] copying build/lib/dcf/print.py -> /home/ub2004/ros2_ws/src/install/lely_core_libraries/lib/python3.10/site-packages/dcf
[40.813s] copying build/lib/dcf/parse.py -> /home/ub2004/ros2_ws/src/install/lely_core_libraries/lib/python3.10/site-packages/dcf
[40.813s] copying build/lib/dcf/lint.py -> /home/ub2004/ros2_ws/src/install/lely_core_libraries/lib/python3.10/site-packages/dcf
[40.813s] copying build/lib/dcf/cli.py -> /home/ub2004/ros2_ws/src/install/lely_core_libraries/lib/python3.10/site-packages/dcf
[40.814s] copying build/lib/dcf/__init__.py -> /home/ub2004/ros2_ws/src/install/lely_core_libraries/lib/python3.10/site-packages/dcf
[40.814s] byte-compiling /home/ub2004/ros2_ws/src/install/lely_core_libraries/lib/python3.10/site-packages/dcf2dev/cdevice.py to cdevice.cpython-310.pyc
[40.819s] byte-compiling /home/ub2004/ros2_ws/src/install/lely_core_libraries/lib/python3.10/site-packages/dcf2dev/cli.py to cli.cpython-310.pyc
[40.819s] byte-compiling /home/ub2004/ros2_ws/src/install/lely_core_libraries/lib/python3.10/site-packages/dcf2dev/__init__.py to __init__.cpython-310.pyc
[40.819s] byte-compiling /home/ub2004/ros2_ws/src/install/lely_core_libraries/lib/python3.10/site-packages/dcfgen/cli.py to cli.cpython-310.pyc
[40.823s] byte-compiling /home/ub2004/ros2_ws/src/install/lely_core_libraries/lib/python3.10/site-packages/dcfgen/__init__.py to __init__.cpython-310.pyc
[40.823s] byte-compiling /home/ub2004/ros2_ws/src/install/lely_core_libraries/lib/python3.10/site-packages/dcf/device.py to device.cpython-310.pyc
[40.827s] byte-compiling /home/ub2004/ros2_ws/src/install/lely_core_libraries/lib/python3.10/site-packages/dcf/print.py to print.cpython-310.pyc
[40.827s] byte-compiling /home/ub2004/ros2_ws/src/install/lely_core_libraries/lib/python3.10/site-packages/dcf/parse.py to parse.cpython-310.pyc
[40.829s] byte-compiling /home/ub2004/ros2_ws/src/install/lely_core_libraries/lib/python3.10/site-packages/dcf/lint.py to lint.cpython-310.pyc
[40.832s] byte-compiling /home/ub2004/ros2_ws/src/install/lely_core_libraries/lib/python3.10/site-packages/dcf/cli.py to cli.cpython-310.pyc
[40.833s] byte-compiling /home/ub2004/ros2_ws/src/install/lely_core_libraries/lib/python3.10/site-packages/dcf/__init__.py to __init__.cpython-310.pyc
[40.833s] running install_egg_info
[40.835s] Copying dcf_tools.egg-info to /home/ub2004/ros2_ws/src/install/lely_core_libraries/lib/python3.10/site-packages/dcf_tools-2.4.0.egg-info
[40.835s] running install_scripts
[40.855s] Installing dcf2dev script to /home/ub2004/ros2_ws/src/install/lely_core_libraries/bin/
[40.856s] Installing dcfchk script to /home/ub2004/ros2_ws/src/install/lely_core_libraries/bin/
[40.856s] Installing dcfgen script to /home/ub2004/ros2_ws/src/install/lely_core_libraries/bin/
[40.856s] writing list of installed files to 'install.log'
[40.878s] gmake[3]: 'install-data-am'을(를) 위해 할 일이 없습니다.
[40.878s] gmake[3]: 디렉터리 '/home/ub2004/ros2_ws/src/build/lely_core_libraries/build/python/dcf-tools' 나감
[40.878s] gmake[2]: 디렉터리 '/home/ub2004/ros2_ws/src/build/lely_core_libraries/build/python/dcf-tools' 나감
[40.880s] gmake[2]: 디렉터리 '/home/ub2004/ros2_ws/src/build/lely_core_libraries/build/python' 들어감
[40.884s] gmake[3]: 디렉터리 '/home/ub2004/ros2_ws/src/build/lely_core_libraries/build/python' 들어감
[40.884s] gmake[3]: 'install-exec-am'을(를) 위해 할 일이 없습니다.
[40.884s] gmake[3]: 'install-data-am'을(를) 위해 할 일이 없습니다.
[40.884s] gmake[3]: 디렉터리 '/home/ub2004/ros2_ws/src/build/lely_core_libraries/build/python' 나감
[40.884s] gmake[2]: 디렉터리 '/home/ub2004/ros2_ws/src/build/lely_core_libraries/build/python' 나감
[40.885s] gmake[1]: 디렉터리 '/home/ub2004/ros2_ws/src/build/lely_core_libraries/build/python' 나감
[40.885s] Making install in pkgconfig
[40.887s] gmake[1]: 디렉터리 '/home/ub2004/ros2_ws/src/build/lely_core_libraries/build/pkgconfig' 들어감
[40.891s] gmake[2]: 디렉터리 '/home/ub2004/ros2_ws/src/build/lely_core_libraries/build/pkgconfig' 들어감
[40.891s] gmake[2]: 'install-exec-am'을(를) 위해 할 일이 없습니다.
[40.892s]  /usr/bin/mkdir -p '/home/ub2004/ros2_ws/src/install/lely_core_libraries/lib/pkgconfig'
[40.896s]  /usr/bin/install -c -m 644 liblely-can.pc liblely-co.pc liblely-coapp.pc liblely-ev.pc liblely-io.pc liblely-io2.pc liblely-libc.pc liblely-libc_rt.pc liblely-tap.pc liblely-util.pc '/home/ub2004/ros2_ws/src/install/lely_core_libraries/lib/pkgconfig'
[40.899s] gmake[2]: 디렉터리 '/home/ub2004/ros2_ws/src/build/lely_core_libraries/build/pkgconfig' 나감
[40.899s] gmake[1]: 디렉터리 '/home/ub2004/ros2_ws/src/build/lely_core_libraries/build/pkgconfig' 나감
[40.902s] gmake[1]: 디렉터리 '/home/ub2004/ros2_ws/src/build/lely_core_libraries/build' 들어감
[40.909s] gmake[2]: 디렉터리 '/home/ub2004/ros2_ws/src/build/lely_core_libraries/build' 들어감
[40.909s] gmake[2]: 'install-exec-am'을(를) 위해 할 일이 없습니다.
[40.909s] gmake[2]: 'install-data-am'을(를) 위해 할 일이 없습니다.
[40.910s] gmake[2]: 디렉터리 '/home/ub2004/ros2_ws/src/build/lely_core_libraries/build' 나감
[40.910s] gmake[1]: 디렉터리 '/home/ub2004/ros2_ws/src/build/lely_core_libraries/build' 나감
[40.910s] -- Installing: /home/ub2004/ros2_ws/src/install/lely_core_libraries/share/lely_core_libraries/cmake
[40.910s] -- Installing: /home/ub2004/ros2_ws/src/install/lely_core_libraries/share/lely_core_libraries/cmake/lely_core_libraries-extras.cmake
[40.911s] -- Installing: /home/ub2004/ros2_ws/src/install/lely_core_libraries/share/lely_core_libraries/environment/pythonpath.sh
[40.911s] -- Installing: /home/ub2004/ros2_ws/src/install/lely_core_libraries/share/lely_core_libraries/environment/pythonpath.dsv
[40.911s] -- Installing: /home/ub2004/ros2_ws/src/install/lely_core_libraries/local/lib/python3.10/dist-packages/cogen-0.2.11-py3.10.egg-info
[40.911s] -- Installing: /home/ub2004/ros2_ws/src/install/lely_core_libraries/local/lib/python3.10/dist-packages/cogen-0.2.11-py3.10.egg-info/PKG-INFO
[40.912s] -- Installing: /home/ub2004/ros2_ws/src/install/lely_core_libraries/local/lib/python3.10/dist-packages/cogen-0.2.11-py3.10.egg-info/dependency_links.txt
[40.912s] -- Installing: /home/ub2004/ros2_ws/src/install/lely_core_libraries/local/lib/python3.10/dist-packages/cogen-0.2.11-py3.10.egg-info/SOURCES.txt
[40.912s] -- Installing: /home/ub2004/ros2_ws/src/install/lely_core_libraries/local/lib/python3.10/dist-packages/cogen-0.2.11-py3.10.egg-info/entry_points.txt
[40.912s] -- Installing: /home/ub2004/ros2_ws/src/install/lely_core_libraries/local/lib/python3.10/dist-packages/cogen-0.2.11-py3.10.egg-info/top_level.txt
[40.912s] -- Installing: /home/ub2004/ros2_ws/src/install/lely_core_libraries/lib/cogen/
[40.912s] -- Installing: /home/ub2004/ros2_ws/src/install/lely_core_libraries/lib/cogen//cogen
[40.912s] -- Installing: /home/ub2004/ros2_ws/src/install/lely_core_libraries/local/lib/python3.10/dist-packages/cogen
[40.912s] -- Installing: /home/ub2004/ros2_ws/src/install/lely_core_libraries/local/lib/python3.10/dist-packages/cogen/cogen.py
[40.913s] -- Installing: /home/ub2004/ros2_ws/src/install/lely_core_libraries/local/lib/python3.10/dist-packages/cogen/__init__.py
[40.960s] Listing '/home/ub2004/ros2_ws/src/install/lely_core_libraries/local/lib/python3.10/dist-packages/cogen'...
[40.960s] Compiling '/home/ub2004/ros2_ws/src/install/lely_core_libraries/local/lib/python3.10/dist-packages/cogen/__init__.py'...
[40.960s] Compiling '/home/ub2004/ros2_ws/src/install/lely_core_libraries/local/lib/python3.10/dist-packages/cogen/cogen.py'...
[40.969s] -- Up-to-date: /home/ub2004/ros2_ws/src/install/lely_core_libraries/bin/
[40.969s] -- Installing: /home/ub2004/ros2_ws/src/install/lely_core_libraries/bin//cogen
[40.969s] -- Installing: /home/ub2004/ros2_ws/src/install/lely_core_libraries/share/lely_core_libraries/environment/library_path.sh
[40.969s] -- Installing: /home/ub2004/ros2_ws/src/install/lely_core_libraries/share/lely_core_libraries/environment/library_path.dsv
[40.970s] -- Installing: /home/ub2004/ros2_ws/src/install/lely_core_libraries/share/ament_index/resource_index/package_run_dependencies/lely_core_libraries
[40.970s] -- Installing: /home/ub2004/ros2_ws/src/install/lely_core_libraries/share/ament_index/resource_index/parent_prefix_path/lely_core_libraries
[40.970s] -- Installing: /home/ub2004/ros2_ws/src/install/lely_core_libraries/share/lely_core_libraries/environment/ament_prefix_path.sh
[40.970s] -- Installing: /home/ub2004/ros2_ws/src/install/lely_core_libraries/share/lely_core_libraries/environment/ament_prefix_path.dsv
[40.971s] -- Installing: /home/ub2004/ros2_ws/src/install/lely_core_libraries/share/lely_core_libraries/environment/path.sh
[40.971s] -- Installing: /home/ub2004/ros2_ws/src/install/lely_core_libraries/share/lely_core_libraries/environment/path.dsv
[40.971s] -- Installing: /home/ub2004/ros2_ws/src/install/lely_core_libraries/share/lely_core_libraries/local_setup.bash
[40.971s] -- Installing: /home/ub2004/ros2_ws/src/install/lely_core_libraries/share/lely_core_libraries/local_setup.sh
[40.972s] -- Installing: /home/ub2004/ros2_ws/src/install/lely_core_libraries/share/lely_core_libraries/local_setup.zsh
[40.972s] -- Installing: /home/ub2004/ros2_ws/src/install/lely_core_libraries/share/lely_core_libraries/local_setup.dsv
[40.972s] -- Installing: /home/ub2004/ros2_ws/src/install/lely_core_libraries/share/lely_core_libraries/package.dsv
[40.972s] -- Installing: /home/ub2004/ros2_ws/src/install/lely_core_libraries/share/ament_index/resource_index/packages/lely_core_libraries
[40.973s] -- Up-to-date: /home/ub2004/ros2_ws/src/install/lely_core_libraries/share/lely_core_libraries/cmake/lely_core_libraries-extras.cmake
[40.973s] -- Installing: /home/ub2004/ros2_ws/src/install/lely_core_libraries/share/lely_core_libraries/cmake/ament_cmake_export_include_directories-extras.cmake
[40.973s] -- Installing: /home/ub2004/ros2_ws/src/install/lely_core_libraries/share/lely_core_libraries/cmake/ament_cmake_export_libraries-extras.cmake
[40.973s] -- Installing: /home/ub2004/ros2_ws/src/install/lely_core_libraries/share/lely_core_libraries/cmake/lely_core_librariesConfig.cmake
[40.973s] -- Installing: /home/ub2004/ros2_ws/src/install/lely_core_libraries/share/lely_core_libraries/cmake/lely_core_librariesConfig-version.cmake
[40.973s] -- Installing: /home/ub2004/ros2_ws/src/install/lely_core_libraries/share/lely_core_libraries/package.xml
[40.977s] Invoked command in '/home/ub2004/ros2_ws/src/build/lely_core_libraries' returned '0': CMAKE_PREFIX_PATH=${CMAKE_PREFIX_PATH}:/home/ub2004/ros2_ws/install/urdf_tutorial:/home/ub2004/ros2_ws/install/test_py:/home/ub2004/ros2_ws/install/canopen_utils:/home/ub2004/ros2_ws/install/can_comm:/home/ub2004/ros2_ws/install/agv_pak:/opt/ros/humble /usr/bin/cmake --install /home/ub2004/ros2_ws/src/build/lely_core_libraries
