/home/ub2004/ros2_ws/install/agv_pak/lib/python3.10/site-packages/scripts/can_talker.py
/home/ub2004/ros2_ws/install/agv_pak/lib/python3.10/site-packages/scripts/__init__.py
/home/ub2004/ros2_ws/install/agv_pak/lib/python3.10/site-packages/agv_pak/agv_test_node.py
/home/ub2004/ros2_ws/install/agv_pak/lib/python3.10/site-packages/agv_pak/agv_node_2.py
/home/ub2004/ros2_ws/install/agv_pak/lib/python3.10/site-packages/agv_pak/agv_node.py
/home/ub2004/ros2_ws/install/agv_pak/lib/python3.10/site-packages/agv_pak/__init__.py
/home/ub2004/ros2_ws/install/agv_pak/lib/python3.10/site-packages/scripts/__pycache__/can_talker.cpython-310.pyc
/home/ub2004/ros2_ws/install/agv_pak/lib/python3.10/site-packages/scripts/__pycache__/__init__.cpython-310.pyc
/home/ub2004/ros2_ws/install/agv_pak/lib/python3.10/site-packages/agv_pak/__pycache__/agv_test_node.cpython-310.pyc
/home/ub2004/ros2_ws/install/agv_pak/lib/python3.10/site-packages/agv_pak/__pycache__/agv_node_2.cpython-310.pyc
/home/ub2004/ros2_ws/install/agv_pak/lib/python3.10/site-packages/agv_pak/__pycache__/agv_node.cpython-310.pyc
/home/ub2004/ros2_ws/install/agv_pak/lib/python3.10/site-packages/agv_pak/__pycache__/__init__.cpython-310.pyc
/home/ub2004/ros2_ws/install/agv_pak/share/ament_index/resource_index/packages/agv_pak
/home/ub2004/ros2_ws/install/agv_pak/share/agv_pak/package.xml
/home/ub2004/ros2_ws/install/agv_pak/share/agv_pak/scripts/can_talker.py
/home/ub2004/ros2_ws/install/agv_pak/lib/python3.10/site-packages/agv_pak-0.0.0-py3.10.egg-info/PKG-INFO
/home/ub2004/ros2_ws/install/agv_pak/lib/python3.10/site-packages/agv_pak-0.0.0-py3.10.egg-info/requires.txt
/home/ub2004/ros2_ws/install/agv_pak/lib/python3.10/site-packages/agv_pak-0.0.0-py3.10.egg-info/dependency_links.txt
/home/ub2004/ros2_ws/install/agv_pak/lib/python3.10/site-packages/agv_pak-0.0.0-py3.10.egg-info/SOURCES.txt
/home/ub2004/ros2_ws/install/agv_pak/lib/python3.10/site-packages/agv_pak-0.0.0-py3.10.egg-info/entry_points.txt
/home/ub2004/ros2_ws/install/agv_pak/lib/python3.10/site-packages/agv_pak-0.0.0-py3.10.egg-info/top_level.txt
/home/ub2004/ros2_ws/install/agv_pak/lib/python3.10/site-packages/agv_pak-0.0.0-py3.10.egg-info/zip-safe
/home/ub2004/ros2_ws/install/agv_pak/lib/agv_pak/agv_node
/home/ub2004/ros2_ws/install/agv_pak/lib/agv_pak/agv_node_2
/home/ub2004/ros2_ws/install/agv_pak/lib/agv_pak/agv_test_node.py
/home/ub2004/ros2_ws/install/agv_pak/lib/agv_pak/can_talker
