[0.030s] Invoking command in '/home/ub2004/ros2_ws/build/canopen_402_driver': CMAKE_PREFIX_PATH=/home/ub2004/ros2_ws/install/canopen_proxy_driver:/home/ub2004/ros2_ws/install/canopen_base_driver:/home/ub2004/ros2_ws/install/canopen_core:/home/ub2004/ros2_ws/install/lely_core_libraries:/home/ub2004/ros2_ws/install/canopen_interfaces:/home/ub2004/ros2_ws/install/canopen_tests:/home/ub2004/ros2_ws/install/canopen_ros2_controllers:/home/ub2004/ros2_ws/install/canopen_ros2_control:/home/ub2004/ros2_ws/install/canopen:/home/ub2004/ros2_ws/install/canopen_402_driver:/home/ub2004/ros2_ws/install/canopen_master_driver:/home/ub2004/ros2_ws/install/canopen_fake_slaves:/home/ub2004/ros2_ws/install/urdf_tutorial:/home/ub2004/ros2_ws/install/canopen_utils:/home/ub2004/ros2_ws/install/agv_pak:/opt/ros/humble LD_LIBRARY_PATH=/home/ub2004/ros2_ws/install/canopen_proxy_driver/lib:/home/ub2004/ros2_ws/install/canopen_base_driver/lib:/home/ub2004/ros2_ws/install/canopen_core/lib:/home/ub2004/ros2_ws/install/lely_core_libraries/lib:/home/ub2004/ros2_ws/install/canopen_interfaces/lib:/home/ub2004/ros2_ws/install/canopen_ros2_controllers/lib:/home/ub2004/ros2_ws/install/canopen_ros2_control/lib:/home/ub2004/ros2_ws/install/canopen_402_driver/lib:/home/ub2004/ros2_ws/install/canopen_master_driver/lib:/opt/ros/humble/opt/rviz_ogre_vendor/lib:/opt/ros/humble/lib/x86_64-linux-gnu:/opt/ros/humble/lib PYTHONPATH=/home/ub2004/ros2_ws/install/lely_core_libraries/lib/python3.10/site-packages:/home/ub2004/ros2_ws/build/urdf_tutorial:/home/ub2004/ros2_ws/build/canopen_utils:/home/ub2004/ros2_ws/build/agv_pak:/home/ub2004/ros2_ws/install/urdf_tutorial/lib/python3.10/site-packages:/home/ub2004/ros2_ws/install/lely_core_libraries/local/lib/python3.10/dist-packages:/home/ub2004/ros2_ws/install/canopen_utils/lib/python3.10/site-packages:/home/ub2004/ros2_ws/install/canopen_interfaces/local/lib/python3.10/dist-packages:/home/ub2004/ros2_ws/install/agv_pak/lib/python3.10/site-packages:/opt/ros/humble/lib/python3.10/site-packages:/opt/ros/humble/local/lib/python3.10/dist-packages /usr/bin/cmake --build /home/ub2004/ros2_ws/build/canopen_402_driver -- -j8 -l8
[0.075s] -- Found ament_cmake: 1.3.11 (/opt/ros/humble/share/ament_cmake/cmake)
[0.261s] -- Found ament_cmake_ros: 0.10.0 (/opt/ros/humble/share/ament_cmake_ros/cmake)
[0.264s] -- Found canopen_base_driver: 0.2.11 (/home/ub2004/ros2_ws/install/canopen_base_driver/share/canopen_base_driver/cmake)
[0.308s] -- Found rosidl_generator_c: 3.1.6 (/opt/ros/humble/share/rosidl_generator_c/cmake)
[0.311s] -- Found rosidl_adapter: 3.1.6 (/opt/ros/humble/share/rosidl_adapter/cmake)
[0.318s] -- Found rosidl_generator_cpp: 3.1.6 (/opt/ros/humble/share/rosidl_generator_cpp/cmake)
[0.330s] -- Using all available rosidl_typesupport_c: rosidl_typesupport_fastrtps_c;rosidl_typesupport_introspection_c
[0.346s] -- Using all available rosidl_typesupport_cpp: rosidl_typesupport_fastrtps_cpp;rosidl_typesupport_introspection_cpp
[0.423s] -- Found rmw_implementation_cmake: 6.1.2 (/opt/ros/humble/share/rmw_implementation_cmake/cmake)
[0.426s] -- Found rmw_fastrtps_cpp: 6.2.7 (/opt/ros/humble/share/rmw_fastrtps_cpp/cmake)
[0.560s] -- Using RMW implementation 'rmw_fastrtps_cpp' as default
[0.698s] -- Found canopen_proxy_driver: 0.2.11 (/home/ub2004/ros2_ws/install/canopen_proxy_driver/share/canopen_proxy_driver/cmake)
[0.710s] -- Found sensor_msgs: 4.2.4 (/opt/ros/humble/share/sensor_msgs/cmake)
[0.784s] -- Found gtest sources under '/opt/ros/humble/src/gtest_vendor': C++ tests using 'Google Test' will be built
[0.873s] -- Configuring done
[0.957s] -- Generating done
[0.977s] -- Build files have been written to: /home/ub2004/ros2_ws/build/canopen_402_driver
[1.021s] [35m[1mConsolidate compiler generated dependencies of target gtest_main[0m
[1.021s] [35m[1mConsolidate compiler generated dependencies of target gtest[0m
[1.028s] [35m[1mConsolidate compiler generated dependencies of target lely_motion_controller_bridge[0m
[1.041s] [ 11%] Built target gtest_main
[1.041s] [ 23%] Built target gtest
[1.059s] [35m[1mConsolidate compiler generated dependencies of target test_driver_component[0m
[1.080s] [ 29%] [32mBuilding CXX object CMakeFiles/lely_motion_controller_bridge.dir/src/default_homing_mode.cpp.o[0m
[1.081s] [ 35%] [32mBuilding CXX object CMakeFiles/lely_motion_controller_bridge.dir/src/motor.cpp.o[0m
[1.104s] [ 41%] [32mBuilding CXX object test/CMakeFiles/test_driver_component.dir/test_driver_component.cpp.o[0m
[9.461s] [ 47%] [32m[1mLinking CXX executable test_driver_component[0m
[9.877s] [ 47%] Built target test_driver_component
[10.563s] [ 52%] [32m[1mLinking CXX shared library liblely_motion_controller_bridge.so[0m
[11.022s] [ 64%] Built target lely_motion_controller_bridge
[11.037s] [35m[1mConsolidate compiler generated dependencies of target node_canopen_cia402_driver[0m
[11.070s] [ 70%] [32mBuilding CXX object CMakeFiles/node_canopen_cia402_driver.dir/src/node_interfaces/node_canopen_402_driver.cpp.o[0m
[23.034s] [ 76%] [32m[1mLinking CXX shared library libnode_canopen_cia402_driver.so[0m
[23.848s] [ 76%] Built target node_canopen_cia402_driver
[23.864s] [35m[1mConsolidate compiler generated dependencies of target cia402_driver[0m
[23.864s] [35m[1mConsolidate compiler generated dependencies of target lifecycle_cia402_driver[0m
[23.899s] [ 88%] [32mBuilding CXX object CMakeFiles/lifecycle_cia402_driver.dir/src/lifecycle_cia402_driver.cpp.o[0m
[23.899s] [ 88%] [32mBuilding CXX object CMakeFiles/cia402_driver.dir/src/cia402_driver.cpp.o[0m
[32.458s] [ 94%] [32m[1mLinking CXX shared library libcia402_driver.so[0m
[32.491s] [100%] [32m[1mLinking CXX shared library liblifecycle_cia402_driver.so[0m
[32.916s] [100%] Built target cia402_driver
[32.955s] [100%] Built target lifecycle_cia402_driver
[32.967s] Invoked command in '/home/ub2004/ros2_ws/build/canopen_402_driver' returned '0': CMAKE_PREFIX_PATH=/home/ub2004/ros2_ws/install/canopen_proxy_driver:/home/ub2004/ros2_ws/install/canopen_base_driver:/home/ub2004/ros2_ws/install/canopen_core:/home/ub2004/ros2_ws/install/lely_core_libraries:/home/ub2004/ros2_ws/install/canopen_interfaces:/home/ub2004/ros2_ws/install/canopen_tests:/home/ub2004/ros2_ws/install/canopen_ros2_controllers:/home/ub2004/ros2_ws/install/canopen_ros2_control:/home/ub2004/ros2_ws/install/canopen:/home/ub2004/ros2_ws/install/canopen_402_driver:/home/ub2004/ros2_ws/install/canopen_master_driver:/home/ub2004/ros2_ws/install/canopen_fake_slaves:/home/ub2004/ros2_ws/install/urdf_tutorial:/home/ub2004/ros2_ws/install/canopen_utils:/home/ub2004/ros2_ws/install/agv_pak:/opt/ros/humble LD_LIBRARY_PATH=/home/ub2004/ros2_ws/install/canopen_proxy_driver/lib:/home/ub2004/ros2_ws/install/canopen_base_driver/lib:/home/ub2004/ros2_ws/install/canopen_core/lib:/home/ub2004/ros2_ws/install/lely_core_libraries/lib:/home/ub2004/ros2_ws/install/canopen_interfaces/lib:/home/ub2004/ros2_ws/install/canopen_ros2_controllers/lib:/home/ub2004/ros2_ws/install/canopen_ros2_control/lib:/home/ub2004/ros2_ws/install/canopen_402_driver/lib:/home/ub2004/ros2_ws/install/canopen_master_driver/lib:/opt/ros/humble/opt/rviz_ogre_vendor/lib:/opt/ros/humble/lib/x86_64-linux-gnu:/opt/ros/humble/lib PYTHONPATH=/home/ub2004/ros2_ws/install/lely_core_libraries/lib/python3.10/site-packages:/home/ub2004/ros2_ws/build/urdf_tutorial:/home/ub2004/ros2_ws/build/canopen_utils:/home/ub2004/ros2_ws/build/agv_pak:/home/ub2004/ros2_ws/install/urdf_tutorial/lib/python3.10/site-packages:/home/ub2004/ros2_ws/install/lely_core_libraries/local/lib/python3.10/dist-packages:/home/ub2004/ros2_ws/install/canopen_utils/lib/python3.10/site-packages:/home/ub2004/ros2_ws/install/canopen_interfaces/local/lib/python3.10/dist-packages:/home/ub2004/ros2_ws/install/agv_pak/lib/python3.10/site-packages:/opt/ros/humble/lib/python3.10/site-packages:/opt/ros/humble/local/lib/python3.10/dist-packages /usr/bin/cmake --build /home/ub2004/ros2_ws/build/canopen_402_driver -- -j8 -l8
[32.969s] Invoking command in '/home/ub2004/ros2_ws/build/canopen_402_driver': CMAKE_PREFIX_PATH=/home/ub2004/ros2_ws/install/canopen_proxy_driver:/home/ub2004/ros2_ws/install/canopen_base_driver:/home/ub2004/ros2_ws/install/canopen_core:/home/ub2004/ros2_ws/install/lely_core_libraries:/home/ub2004/ros2_ws/install/canopen_interfaces:/home/ub2004/ros2_ws/install/canopen_tests:/home/ub2004/ros2_ws/install/canopen_ros2_controllers:/home/ub2004/ros2_ws/install/canopen_ros2_control:/home/ub2004/ros2_ws/install/canopen:/home/ub2004/ros2_ws/install/canopen_402_driver:/home/ub2004/ros2_ws/install/canopen_master_driver:/home/ub2004/ros2_ws/install/canopen_fake_slaves:/home/ub2004/ros2_ws/install/urdf_tutorial:/home/ub2004/ros2_ws/install/canopen_utils:/home/ub2004/ros2_ws/install/agv_pak:/opt/ros/humble LD_LIBRARY_PATH=/home/ub2004/ros2_ws/install/canopen_proxy_driver/lib:/home/ub2004/ros2_ws/install/canopen_base_driver/lib:/home/ub2004/ros2_ws/install/canopen_core/lib:/home/ub2004/ros2_ws/install/lely_core_libraries/lib:/home/ub2004/ros2_ws/install/canopen_interfaces/lib:/home/ub2004/ros2_ws/install/canopen_ros2_controllers/lib:/home/ub2004/ros2_ws/install/canopen_ros2_control/lib:/home/ub2004/ros2_ws/install/canopen_402_driver/lib:/home/ub2004/ros2_ws/install/canopen_master_driver/lib:/opt/ros/humble/opt/rviz_ogre_vendor/lib:/opt/ros/humble/lib/x86_64-linux-gnu:/opt/ros/humble/lib PYTHONPATH=/home/ub2004/ros2_ws/install/lely_core_libraries/lib/python3.10/site-packages:/home/ub2004/ros2_ws/build/urdf_tutorial:/home/ub2004/ros2_ws/build/canopen_utils:/home/ub2004/ros2_ws/build/agv_pak:/home/ub2004/ros2_ws/install/urdf_tutorial/lib/python3.10/site-packages:/home/ub2004/ros2_ws/install/lely_core_libraries/local/lib/python3.10/dist-packages:/home/ub2004/ros2_ws/install/canopen_utils/lib/python3.10/site-packages:/home/ub2004/ros2_ws/install/canopen_interfaces/local/lib/python3.10/dist-packages:/home/ub2004/ros2_ws/install/agv_pak/lib/python3.10/site-packages:/opt/ros/humble/lib/python3.10/site-packages:/opt/ros/humble/local/lib/python3.10/dist-packages /usr/bin/cmake --install /home/ub2004/ros2_ws/build/canopen_402_driver
[32.978s] -- Install configuration: ""
[32.978s] -- Up-to-date: /home/ub2004/ros2_ws/install/canopen_402_driver/include
[32.979s] -- Up-to-date: /home/ub2004/ros2_ws/install/canopen_402_driver/include/canopen_402_driver
[32.979s] -- Up-to-date: /home/ub2004/ros2_ws/install/canopen_402_driver/include/canopen_402_driver/profiled_position_mode.hpp
[32.979s] -- Up-to-date: /home/ub2004/ros2_ws/install/canopen_402_driver/include/canopen_402_driver/cia402_driver.hpp
[32.979s] -- Up-to-date: /home/ub2004/ros2_ws/install/canopen_402_driver/include/canopen_402_driver/state.hpp
[32.979s] -- Up-to-date: /home/ub2004/ros2_ws/install/canopen_402_driver/include/canopen_402_driver/mode_forward_helper.hpp
[32.979s] -- Up-to-date: /home/ub2004/ros2_ws/install/canopen_402_driver/include/canopen_402_driver/mode.hpp
[32.979s] -- Up-to-date: /home/ub2004/ros2_ws/install/canopen_402_driver/include/canopen_402_driver/homing_mode.hpp
[32.979s] -- Up-to-date: /home/ub2004/ros2_ws/install/canopen_402_driver/include/canopen_402_driver/lifecycle_cia402_driver.hpp
[32.979s] -- Up-to-date: /home/ub2004/ros2_ws/install/canopen_402_driver/include/canopen_402_driver/node_interfaces
[32.979s] -- Up-to-date: /home/ub2004/ros2_ws/install/canopen_402_driver/include/canopen_402_driver/node_interfaces/node_canopen_402_driver_impl.hpp
[32.979s] -- Up-to-date: /home/ub2004/ros2_ws/install/canopen_402_driver/include/canopen_402_driver/node_interfaces/node_canopen_402_driver.hpp
[32.979s] -- Up-to-date: /home/ub2004/ros2_ws/install/canopen_402_driver/include/canopen_402_driver/word_accessor.hpp
[32.980s] -- Up-to-date: /home/ub2004/ros2_ws/install/canopen_402_driver/include/canopen_402_driver/mode_target_helper.hpp
[32.980s] -- Up-to-date: /home/ub2004/ros2_ws/install/canopen_402_driver/include/canopen_402_driver/command.hpp
[32.980s] -- Up-to-date: /home/ub2004/ros2_ws/install/canopen_402_driver/include/canopen_402_driver/default_homing_mode.hpp
[32.980s] -- Up-to-date: /home/ub2004/ros2_ws/install/canopen_402_driver/include/canopen_402_driver/motor.hpp
[32.980s] -- Up-to-date: /home/ub2004/ros2_ws/install/canopen_402_driver/include/canopen_402_driver/visibility_control.h
[32.980s] -- Up-to-date: /home/ub2004/ros2_ws/install/canopen_402_driver/include/canopen_402_driver/base.hpp
[32.980s] -- Installing: /home/ub2004/ros2_ws/install/canopen_402_driver/lib/liblifecycle_cia402_driver.so
[32.981s] -- Set runtime path of "/home/ub2004/ros2_ws/install/canopen_402_driver/lib/liblifecycle_cia402_driver.so" to ""
[32.982s] -- Installing: /home/ub2004/ros2_ws/install/canopen_402_driver/lib/libcia402_driver.so
[32.984s] -- Set runtime path of "/home/ub2004/ros2_ws/install/canopen_402_driver/lib/libcia402_driver.so" to ""
[32.985s] -- Installing: /home/ub2004/ros2_ws/install/canopen_402_driver/lib/libnode_canopen_cia402_driver.so
[32.990s] -- Set runtime path of "/home/ub2004/ros2_ws/install/canopen_402_driver/lib/libnode_canopen_cia402_driver.so" to ""
[32.991s] -- Installing: /home/ub2004/ros2_ws/install/canopen_402_driver/lib/liblely_motion_controller_bridge.so
[32.993s] -- Set runtime path of "/home/ub2004/ros2_ws/install/canopen_402_driver/lib/liblely_motion_controller_bridge.so" to ""
[32.993s] -- Up-to-date: /home/ub2004/ros2_ws/install/canopen_402_driver/share/canopen_402_driver/environment/library_path.sh
[32.993s] -- Installing: /home/ub2004/ros2_ws/install/canopen_402_driver/share/canopen_402_driver/environment/library_path.dsv
[32.993s] -- Up-to-date: /home/ub2004/ros2_ws/install/canopen_402_driver/share/ament_index/resource_index/package_run_dependencies/canopen_402_driver
[32.993s] -- Installing: /home/ub2004/ros2_ws/install/canopen_402_driver/share/ament_index/resource_index/parent_prefix_path/canopen_402_driver
[32.993s] -- Up-to-date: /home/ub2004/ros2_ws/install/canopen_402_driver/share/canopen_402_driver/environment/ament_prefix_path.sh
[32.994s] -- Installing: /home/ub2004/ros2_ws/install/canopen_402_driver/share/canopen_402_driver/environment/ament_prefix_path.dsv
[32.994s] -- Up-to-date: /home/ub2004/ros2_ws/install/canopen_402_driver/share/canopen_402_driver/environment/path.sh
[32.994s] -- Installing: /home/ub2004/ros2_ws/install/canopen_402_driver/share/canopen_402_driver/environment/path.dsv
[32.994s] -- Up-to-date: /home/ub2004/ros2_ws/install/canopen_402_driver/share/canopen_402_driver/local_setup.bash
[32.994s] -- Up-to-date: /home/ub2004/ros2_ws/install/canopen_402_driver/share/canopen_402_driver/local_setup.sh
[32.994s] -- Up-to-date: /home/ub2004/ros2_ws/install/canopen_402_driver/share/canopen_402_driver/local_setup.zsh
[32.994s] -- Installing: /home/ub2004/ros2_ws/install/canopen_402_driver/share/canopen_402_driver/local_setup.dsv
[32.994s] -- Installing: /home/ub2004/ros2_ws/install/canopen_402_driver/share/canopen_402_driver/package.dsv
[32.994s] -- Up-to-date: /home/ub2004/ros2_ws/install/canopen_402_driver/share/ament_index/resource_index/packages/canopen_402_driver
[32.995s] -- Up-to-date: /home/ub2004/ros2_ws/install/canopen_402_driver/share/ament_index/resource_index/rclcpp_components/canopen_402_driver
[32.995s] -- Up-to-date: /home/ub2004/ros2_ws/install/canopen_402_driver/share/canopen_402_driver/cmake/export_canopen_402_driverExport.cmake
[32.995s] -- Up-to-date: /home/ub2004/ros2_ws/install/canopen_402_driver/share/canopen_402_driver/cmake/export_canopen_402_driverExport-noconfig.cmake
[32.996s] -- Up-to-date: /home/ub2004/ros2_ws/install/canopen_402_driver/share/canopen_402_driver/cmake/ament_cmake_export_include_directories-extras.cmake
[32.996s] -- Up-to-date: /home/ub2004/ros2_ws/install/canopen_402_driver/share/canopen_402_driver/cmake/ament_cmake_export_libraries-extras.cmake
[32.996s] -- Up-to-date: /home/ub2004/ros2_ws/install/canopen_402_driver/share/canopen_402_driver/cmake/ament_cmake_export_targets-extras.cmake
[32.996s] -- Up-to-date: /home/ub2004/ros2_ws/install/canopen_402_driver/share/canopen_402_driver/cmake/ament_cmake_export_dependencies-extras.cmake
[32.996s] -- Up-to-date: /home/ub2004/ros2_ws/install/canopen_402_driver/share/canopen_402_driver/cmake/canopen_402_driverConfig.cmake
[32.996s] -- Up-to-date: /home/ub2004/ros2_ws/install/canopen_402_driver/share/canopen_402_driver/cmake/canopen_402_driverConfig-version.cmake
[32.996s] -- Up-to-date: /home/ub2004/ros2_ws/install/canopen_402_driver/share/canopen_402_driver/package.xml
[32.998s] Invoked command in '/home/ub2004/ros2_ws/build/canopen_402_driver' returned '0': CMAKE_PREFIX_PATH=/home/ub2004/ros2_ws/install/canopen_proxy_driver:/home/ub2004/ros2_ws/install/canopen_base_driver:/home/ub2004/ros2_ws/install/canopen_core:/home/ub2004/ros2_ws/install/lely_core_libraries:/home/ub2004/ros2_ws/install/canopen_interfaces:/home/ub2004/ros2_ws/install/canopen_tests:/home/ub2004/ros2_ws/install/canopen_ros2_controllers:/home/ub2004/ros2_ws/install/canopen_ros2_control:/home/ub2004/ros2_ws/install/canopen:/home/ub2004/ros2_ws/install/canopen_402_driver:/home/ub2004/ros2_ws/install/canopen_master_driver:/home/ub2004/ros2_ws/install/canopen_fake_slaves:/home/ub2004/ros2_ws/install/urdf_tutorial:/home/ub2004/ros2_ws/install/canopen_utils:/home/ub2004/ros2_ws/install/agv_pak:/opt/ros/humble LD_LIBRARY_PATH=/home/ub2004/ros2_ws/install/canopen_proxy_driver/lib:/home/ub2004/ros2_ws/install/canopen_base_driver/lib:/home/ub2004/ros2_ws/install/canopen_core/lib:/home/ub2004/ros2_ws/install/lely_core_libraries/lib:/home/ub2004/ros2_ws/install/canopen_interfaces/lib:/home/ub2004/ros2_ws/install/canopen_ros2_controllers/lib:/home/ub2004/ros2_ws/install/canopen_ros2_control/lib:/home/ub2004/ros2_ws/install/canopen_402_driver/lib:/home/ub2004/ros2_ws/install/canopen_master_driver/lib:/opt/ros/humble/opt/rviz_ogre_vendor/lib:/opt/ros/humble/lib/x86_64-linux-gnu:/opt/ros/humble/lib PYTHONPATH=/home/ub2004/ros2_ws/install/lely_core_libraries/lib/python3.10/site-packages:/home/ub2004/ros2_ws/build/urdf_tutorial:/home/ub2004/ros2_ws/build/canopen_utils:/home/ub2004/ros2_ws/build/agv_pak:/home/ub2004/ros2_ws/install/urdf_tutorial/lib/python3.10/site-packages:/home/ub2004/ros2_ws/install/lely_core_libraries/local/lib/python3.10/dist-packages:/home/ub2004/ros2_ws/install/canopen_utils/lib/python3.10/site-packages:/home/ub2004/ros2_ws/install/canopen_interfaces/local/lib/python3.10/dist-packages:/home/ub2004/ros2_ws/install/agv_pak/lib/python3.10/site-packages:/opt/ros/humble/lib/python3.10/site-packages:/opt/ros/humble/local/lib/python3.10/dist-packages /usr/bin/cmake --install /home/ub2004/ros2_ws/build/canopen_402_driver
