[0.042s] Invoking command in '/home/ub2004/ros2_ws/build/openslam_gmapping': CMAKE_PREFIX_PATH=${CMAKE_PREFIX_PATH}:/home/ub2004/ros2_ws/install/urdf_tutorial:/home/ub2004/ros2_ws/install/test_py:/home/ub2004/ros2_ws/install/canopen_utils:/home/ub2004/ros2_ws/install/can_comm:/home/ub2004/ros2_ws/install/agv_pak:/opt/ros/humble /usr/bin/cmake --build /home/ub2004/ros2_ws/build/openslam_gmapping -- -j8 -l8
[1.160s] [  4%] [32mBuilding CXX object sensor/sensor_base/CMakeFiles/sensor_base.dir/sensor.cpp.o[0m
[1.160s] [  9%] [32mBuilding CXX object utils/CMakeFiles/utils.dir/movement.cpp.o[0m
[1.160s] [ 13%] [32mBuilding CXX object utils/CMakeFiles/utils.dir/stat.cpp.o[0m
[1.160s] [ 18%] [32mBuilding CXX object sensor/sensor_base/CMakeFiles/sensor_base.dir/sensorreading.cpp.o[0m
[1.160s] [ 22%] [32m[1mLinking CXX static library libsensor_base.a[0m
[1.160s] [ 22%] Built target sensor_base
[1.161s] [ 27%] [32mBuilding CXX object sensor/sensor_range/CMakeFiles/sensor_range.dir/rangereading.cpp.o[0m
[1.161s] [ 31%] [32mBuilding CXX object sensor/sensor_odometry/CMakeFiles/sensor_odometry.dir/odometryreading.cpp.o[0m
[1.161s] [ 36%] [32mBuilding CXX object sensor/sensor_range/CMakeFiles/sensor_range.dir/rangesensor.cpp.o[0m
[1.161s] [ 40%] [32mBuilding CXX object sensor/sensor_odometry/CMakeFiles/sensor_odometry.dir/odometrysensor.cpp.o[0m
[1.161s] [ 45%] [32m[1mLinking CXX static library libutils.a[0m
[1.161s] [ 45%] Built target utils
[1.205s] [ 50%] [32m[1mLinking CXX static library libsensor_odometry.a[0m
[1.249s] [ 50%] Built target sensor_odometry
[1.321s] [ 54%] [32m[1mLinking CXX static library libsensor_range.a[0m
[1.361s] [ 54%] Built target sensor_range
[1.385s] [ 59%] [32mBuilding CXX object scanmatcher/CMakeFiles/scanmatcher.dir/scanmatcher.cpp.o[0m
[1.388s] [ 63%] [32mBuilding CXX object scanmatcher/CMakeFiles/scanmatcher.dir/eig3.cpp.o[0m
[1.388s] [ 72%] [32mBuilding CXX object scanmatcher/CMakeFiles/scanmatcher.dir/smmap.cpp.o[0m
[1.388s] [ 72%] [32mBuilding CXX object scanmatcher/CMakeFiles/scanmatcher.dir/scanmatcherprocessor.cpp.o[0m
[3.559s] [ 77%] [32m[1mLinking CXX static library libscanmatcher.a[0m
[3.602s] [ 77%] Built target scanmatcher
[3.632s] [ 81%] [32mBuilding CXX object gridfastslam/CMakeFiles/gridfastslam.dir/gfsreader.cpp.o[0m
[3.632s] [ 86%] [32mBuilding CXX object gridfastslam/CMakeFiles/gridfastslam.dir/motionmodel.cpp.o[0m
[3.632s] [ 95%] [32mBuilding CXX object gridfastslam/CMakeFiles/gridfastslam.dir/gridslamprocessor.cpp.o[0m
[3.633s] [ 95%] [32mBuilding CXX object gridfastslam/CMakeFiles/gridfastslam.dir/gridslamprocessor_tree.cpp.o[0m
[6.540s] [100%] [32m[1mLinking CXX static library libgridfastslam.a[0m
[6.673s] [100%] Built target gridfastslam
[6.730s] Invoked command in '/home/ub2004/ros2_ws/build/openslam_gmapping' returned '0': CMAKE_PREFIX_PATH=${CMAKE_PREFIX_PATH}:/home/ub2004/ros2_ws/install/urdf_tutorial:/home/ub2004/ros2_ws/install/test_py:/home/ub2004/ros2_ws/install/canopen_utils:/home/ub2004/ros2_ws/install/can_comm:/home/ub2004/ros2_ws/install/agv_pak:/opt/ros/humble /usr/bin/cmake --build /home/ub2004/ros2_ws/build/openslam_gmapping -- -j8 -l8
[6.761s] Invoking command in '/home/ub2004/ros2_ws/build/openslam_gmapping': CMAKE_PREFIX_PATH=${CMAKE_PREFIX_PATH}:/home/ub2004/ros2_ws/install/urdf_tutorial:/home/ub2004/ros2_ws/install/test_py:/home/ub2004/ros2_ws/install/canopen_utils:/home/ub2004/ros2_ws/install/can_comm:/home/ub2004/ros2_ws/install/agv_pak:/opt/ros/humble /usr/bin/cmake --install /home/ub2004/ros2_ws/build/openslam_gmapping
[6.786s] -- Install configuration: ""
[6.786s] -- Installing: /home/ub2004/ros2_ws/install/openslam_gmapping/share/openslam_gmapping/environment/library_path.sh
[6.786s] -- Installing: /home/ub2004/ros2_ws/install/openslam_gmapping/share/openslam_gmapping/environment/library_path.dsv
[6.787s] -- Installing: /home/ub2004/ros2_ws/install/openslam_gmapping/include/
[6.787s] -- Installing: /home/ub2004/ros2_ws/install/openslam_gmapping/include//gmapping
[6.788s] -- Installing: /home/ub2004/ros2_ws/install/openslam_gmapping/include//gmapping/gridfastslam
[6.788s] -- Installing: /home/ub2004/ros2_ws/install/openslam_gmapping/include//gmapping/gridfastslam/gridslamprocessor.hxx
[6.790s] -- Installing: /home/ub2004/ros2_ws/install/openslam_gmapping/include//gmapping/gridfastslam/motionmodel.h
[6.790s] -- Installing: /home/ub2004/ros2_ws/install/openslam_gmapping/include//gmapping/gridfastslam/gridslamprocessor.h
[6.791s] -- Installing: /home/ub2004/ros2_ws/install/openslam_gmapping/include//gmapping/particlefilter
[6.791s] -- Installing: /home/ub2004/ros2_ws/install/openslam_gmapping/include//gmapping/particlefilter/particlefilter.h
[6.791s] -- Installing: /home/ub2004/ros2_ws/install/openslam_gmapping/include//gmapping/log
[6.791s] -- Installing: /home/ub2004/ros2_ws/install/openslam_gmapping/include//gmapping/log/sensorlog.h
[6.791s] -- Installing: /home/ub2004/ros2_ws/install/openslam_gmapping/include//gmapping/log/configuration.h
[6.791s] -- Installing: /home/ub2004/ros2_ws/install/openslam_gmapping/include//gmapping/utils
[6.791s] -- Installing: /home/ub2004/ros2_ws/install/openslam_gmapping/include//gmapping/utils/autoptr.h
[6.792s] -- Installing: /home/ub2004/ros2_ws/install/openslam_gmapping/include//gmapping/utils/stat.h
[6.792s] -- Installing: /home/ub2004/ros2_ws/install/openslam_gmapping/include//gmapping/utils/macro_params.h
[6.792s] -- Installing: /home/ub2004/ros2_ws/install/openslam_gmapping/include//gmapping/utils/gvalues.h
[6.792s] -- Installing: /home/ub2004/ros2_ws/install/openslam_gmapping/include//gmapping/utils/commandline.h
[6.799s] -- Installing: /home/ub2004/ros2_ws/install/openslam_gmapping/include//gmapping/utils/point.h
[6.800s] -- Installing: /home/ub2004/ros2_ws/install/openslam_gmapping/include//gmapping/grid
[6.800s] -- Installing: /home/ub2004/ros2_ws/install/openslam_gmapping/include//gmapping/grid/map.h
[6.800s] -- Installing: /home/ub2004/ros2_ws/install/openslam_gmapping/include//gmapping/grid/accessstate.h
[6.800s] -- Installing: /home/ub2004/ros2_ws/install/openslam_gmapping/include//gmapping/grid/array2d.h
[6.800s] -- Installing: /home/ub2004/ros2_ws/install/openslam_gmapping/include//gmapping/grid/harray2d.h
[6.800s] -- Installing: /home/ub2004/ros2_ws/install/openslam_gmapping/include//gmapping/scanmatcher
[6.801s] -- Installing: /home/ub2004/ros2_ws/install/openslam_gmapping/include//gmapping/scanmatcher/scanmatcher.h
[6.801s] -- Installing: /home/ub2004/ros2_ws/install/openslam_gmapping/include//gmapping/scanmatcher/smmap.h
[6.801s] -- Installing: /home/ub2004/ros2_ws/install/openslam_gmapping/include//gmapping/scanmatcher/icp.h
[6.801s] -- Installing: /home/ub2004/ros2_ws/install/openslam_gmapping/include//gmapping/sensor
[6.801s] -- Installing: /home/ub2004/ros2_ws/install/openslam_gmapping/include//gmapping/sensor/sensor_odometry
[6.801s] -- Installing: /home/ub2004/ros2_ws/install/openslam_gmapping/include//gmapping/sensor/sensor_odometry/odometryreading.h
[6.801s] -- Installing: /home/ub2004/ros2_ws/install/openslam_gmapping/include//gmapping/sensor/sensor_odometry/odometrysensor.h
[6.802s] -- Installing: /home/ub2004/ros2_ws/install/openslam_gmapping/include//gmapping/sensor/sensor_base
[6.805s] -- Installing: /home/ub2004/ros2_ws/install/openslam_gmapping/include//gmapping/sensor/sensor_base/sensorreading.h
[6.810s] -- Installing: /home/ub2004/ros2_ws/install/openslam_gmapping/include//gmapping/sensor/sensor_base/sensor.h
[6.810s] -- Installing: /home/ub2004/ros2_ws/install/openslam_gmapping/include//gmapping/sensor/sensor_range
[6.810s] -- Installing: /home/ub2004/ros2_ws/install/openslam_gmapping/include//gmapping/sensor/sensor_range/rangereading.h
[6.810s] -- Installing: /home/ub2004/ros2_ws/install/openslam_gmapping/include//gmapping/sensor/sensor_range/rangesensor.h
[6.810s] -- Installing: /home/ub2004/ros2_ws/install/openslam_gmapping/share/ament_index/resource_index/package_run_dependencies/openslam_gmapping
[6.810s] -- Installing: /home/ub2004/ros2_ws/install/openslam_gmapping/share/ament_index/resource_index/parent_prefix_path/openslam_gmapping
[6.811s] -- Installing: /home/ub2004/ros2_ws/install/openslam_gmapping/share/openslam_gmapping/environment/ament_prefix_path.sh
[6.811s] -- Installing: /home/ub2004/ros2_ws/install/openslam_gmapping/share/openslam_gmapping/environment/ament_prefix_path.dsv
[6.811s] -- Installing: /home/ub2004/ros2_ws/install/openslam_gmapping/share/openslam_gmapping/environment/path.sh
[6.811s] -- Installing: /home/ub2004/ros2_ws/install/openslam_gmapping/share/openslam_gmapping/environment/path.dsv
[6.811s] -- Installing: /home/ub2004/ros2_ws/install/openslam_gmapping/share/openslam_gmapping/local_setup.bash
[6.811s] -- Installing: /home/ub2004/ros2_ws/install/openslam_gmapping/share/openslam_gmapping/local_setup.sh
[6.811s] -- Installing: /home/ub2004/ros2_ws/install/openslam_gmapping/share/openslam_gmapping/local_setup.zsh
[6.812s] -- Installing: /home/ub2004/ros2_ws/install/openslam_gmapping/share/openslam_gmapping/local_setup.dsv
[6.812s] -- Installing: /home/ub2004/ros2_ws/install/openslam_gmapping/share/openslam_gmapping/package.dsv
[6.814s] -- Installing: /home/ub2004/ros2_ws/install/openslam_gmapping/share/ament_index/resource_index/packages/openslam_gmapping
[6.815s] -- Installing: /home/ub2004/ros2_ws/install/openslam_gmapping/share/openslam_gmapping/cmake/ament_cmake_export_libraries-extras.cmake
[6.815s] -- Installing: /home/ub2004/ros2_ws/install/openslam_gmapping/share/openslam_gmapping/cmake/ament_cmake_export_include_directories-extras.cmake
[6.818s] -- Installing: /home/ub2004/ros2_ws/install/openslam_gmapping/share/openslam_gmapping/cmake/openslam_gmappingConfig.cmake
[6.819s] -- Installing: /home/ub2004/ros2_ws/install/openslam_gmapping/share/openslam_gmapping/cmake/openslam_gmappingConfig-version.cmake
[6.819s] -- Installing: /home/ub2004/ros2_ws/install/openslam_gmapping/share/openslam_gmapping/package.xml
[6.819s] -- Installing: /home/ub2004/ros2_ws/install/openslam_gmapping/lib/libgridfastslam.a
[6.819s] -- Installing: /home/ub2004/ros2_ws/install/openslam_gmapping/lib/libscanmatcher.a
[6.819s] -- Up-to-date: /home/ub2004/ros2_ws/install/openslam_gmapping/share/openslam_gmapping/environment/library_path.sh
[6.819s] -- Up-to-date: /home/ub2004/ros2_ws/install/openslam_gmapping/share/openslam_gmapping/environment/library_path.dsv
[6.820s] -- Installing: /home/ub2004/ros2_ws/install/openslam_gmapping/lib/libsensor_base.a
[6.820s] -- Up-to-date: /home/ub2004/ros2_ws/install/openslam_gmapping/share/openslam_gmapping/environment/library_path.sh
[6.820s] -- Up-to-date: /home/ub2004/ros2_ws/install/openslam_gmapping/share/openslam_gmapping/environment/library_path.dsv
[6.820s] -- Installing: /home/ub2004/ros2_ws/install/openslam_gmapping/lib/libsensor_odometry.a
[6.821s] -- Installing: /home/ub2004/ros2_ws/install/openslam_gmapping/lib/libsensor_range.a
[6.821s] -- Installing: /home/ub2004/ros2_ws/install/openslam_gmapping/lib/libutils.a
[6.821s] -- Up-to-date: /home/ub2004/ros2_ws/install/openslam_gmapping/share/openslam_gmapping/environment/library_path.sh
[6.821s] -- Up-to-date: /home/ub2004/ros2_ws/install/openslam_gmapping/share/openslam_gmapping/environment/library_path.dsv
[6.827s] Invoked command in '/home/ub2004/ros2_ws/build/openslam_gmapping' returned '0': CMAKE_PREFIX_PATH=${CMAKE_PREFIX_PATH}:/home/ub2004/ros2_ws/install/urdf_tutorial:/home/ub2004/ros2_ws/install/test_py:/home/ub2004/ros2_ws/install/canopen_utils:/home/ub2004/ros2_ws/install/can_comm:/home/ub2004/ros2_ws/install/agv_pak:/opt/ros/humble /usr/bin/cmake --install /home/ub2004/ros2_ws/build/openslam_gmapping
