[0.690s] Invoking command in '/home/ub2004/ros2_ws/src/can_comm': PYTHONPATH=/home/ub2004/ros2_ws/build/can_comm/prefix_override:/usr/lib/python3/dist-packages/colcon_core/task/python/colcon_distutils_commands:/home/ub2004/ros2_ws/install/can_comm/lib/python3.10/site-packages:${PYTHONPATH} /usr/bin/python3 -W ignore:setup.py install is deprecated -W ignore:easy_install command is deprecated setup.py egg_info --egg-base ../../build/can_comm build --build-base /home/ub2004/ros2_ws/build/can_comm/build install --record /home/ub2004/ros2_ws/build/can_comm/install.log --single-version-externally-managed install_data
[0.946s] running egg_info
[0.947s] writing ../../build/can_comm/can_comm.egg-info/PKG-INFO
[0.947s] writing dependency_links to ../../build/can_comm/can_comm.egg-info/dependency_links.txt
[0.948s] writing entry points to ../../build/can_comm/can_comm.egg-info/entry_points.txt
[0.948s] writing requirements to ../../build/can_comm/can_comm.egg-info/requires.txt
[0.948s] writing top-level names to ../../build/can_comm/can_comm.egg-info/top_level.txt
[0.950s] reading manifest file '../../build/can_comm/can_comm.egg-info/SOURCES.txt'
[0.952s] writing manifest file '../../build/can_comm/can_comm.egg-info/SOURCES.txt'
[0.952s] running build
[0.952s] running build_py
[0.953s] running install
[0.954s] running install_lib
[0.955s] running install_data
[0.956s] running install_egg_info
[0.958s] removing '/home/ub2004/ros2_ws/install/can_comm/lib/python3.10/site-packages/can_comm-0.0.0-py3.10.egg-info' (and everything under it)
[0.958s] Copying ../../build/can_comm/can_comm.egg-info to /home/ub2004/ros2_ws/install/can_comm/lib/python3.10/site-packages/can_comm-0.0.0-py3.10.egg-info
[0.959s] running install_scripts
[0.981s] Installing can_publisher script to /home/ub2004/ros2_ws/install/can_comm/lib/can_comm
[0.982s] Installing can_velocity script to /home/ub2004/ros2_ws/install/can_comm/lib/can_comm
[0.982s] Installing joystick_node script to /home/ub2004/ros2_ws/install/can_comm/lib/can_comm
[0.982s] writing list of installed files to '/home/ub2004/ros2_ws/build/can_comm/install.log'
[1.005s] Invoked command in '/home/ub2004/ros2_ws/src/can_comm' returned '0': PYTHONPATH=/home/ub2004/ros2_ws/build/can_comm/prefix_override:/usr/lib/python3/dist-packages/colcon_core/task/python/colcon_distutils_commands:/home/ub2004/ros2_ws/install/can_comm/lib/python3.10/site-packages:${PYTHONPATH} /usr/bin/python3 -W ignore:setup.py install is deprecated -W ignore:easy_install command is deprecated setup.py egg_info --egg-base ../../build/can_comm build --build-base /home/ub2004/ros2_ws/build/can_comm/build install --record /home/ub2004/ros2_ws/build/can_comm/install.log --single-version-externally-managed install_data
