[ 33%] [32m[1mLinking CXX shared library libcanopen_ros2_controllers.so[0m
[100%] Built target canopen_ros2_controllers
-- Install configuration: ""
-- Up-to-date: /home/ub2004/ros2_ws/install/canopen_ros2_controllers/share/canopen_ros2_controllers/canopen_ros2_controllers.xml
-- Installing: /home/ub2004/ros2_ws/install/canopen_ros2_controllers/lib/libcanopen_ros2_controllers.so
-- Set runtime path of "/home/ub2004/ros2_ws/install/canopen_ros2_controllers/lib/libcanopen_ros2_controllers.so" to ""
-- Up-to-date: /home/ub2004/ros2_ws/install/canopen_ros2_controllers/include
-- Up-to-date: /home/ub2004/ros2_ws/install/canopen_ros2_controllers/include/canopen_ros2_controllers
-- Up-to-date: /home/ub2004/ros2_ws/install/canopen_ros2_controllers/include/canopen_ros2_controllers/cia402_device_controller.hpp
-- Up-to-date: /home/ub2004/ros2_ws/install/canopen_ros2_controllers/include/canopen_ros2_controllers/canopen_proxy_controller.hpp
-- Up-to-date: /home/ub2004/ros2_ws/install/canopen_ros2_controllers/include/canopen_ros2_controllers/visibility_control.h
-- Up-to-date: /home/ub2004/ros2_ws/install/canopen_ros2_controllers/share/canopen_ros2_controllers/environment/library_path.sh
-- Up-to-date: /home/ub2004/ros2_ws/install/canopen_ros2_controllers/share/canopen_ros2_controllers/environment/library_path.dsv
-- Up-to-date: /home/ub2004/ros2_ws/install/canopen_ros2_controllers/share/ament_index/resource_index/package_run_dependencies/canopen_ros2_controllers
-- Up-to-date: /home/ub2004/ros2_ws/install/canopen_ros2_controllers/share/ament_index/resource_index/parent_prefix_path/canopen_ros2_controllers
-- Up-to-date: /home/ub2004/ros2_ws/install/canopen_ros2_controllers/share/canopen_ros2_controllers/environment/ament_prefix_path.sh
-- Up-to-date: /home/ub2004/ros2_ws/install/canopen_ros2_controllers/share/canopen_ros2_controllers/environment/ament_prefix_path.dsv
-- Up-to-date: /home/ub2004/ros2_ws/install/canopen_ros2_controllers/share/canopen_ros2_controllers/environment/path.sh
-- Up-to-date: /home/ub2004/ros2_ws/install/canopen_ros2_controllers/share/canopen_ros2_controllers/environment/path.dsv
-- Up-to-date: /home/ub2004/ros2_ws/install/canopen_ros2_controllers/share/canopen_ros2_controllers/local_setup.bash
-- Up-to-date: /home/ub2004/ros2_ws/install/canopen_ros2_controllers/share/canopen_ros2_controllers/local_setup.sh
-- Up-to-date: /home/ub2004/ros2_ws/install/canopen_ros2_controllers/share/canopen_ros2_controllers/local_setup.zsh
-- Up-to-date: /home/ub2004/ros2_ws/install/canopen_ros2_controllers/share/canopen_ros2_controllers/local_setup.dsv
-- Installing: /home/ub2004/ros2_ws/install/canopen_ros2_controllers/share/canopen_ros2_controllers/package.dsv
-- Up-to-date: /home/ub2004/ros2_ws/install/canopen_ros2_controllers/share/ament_index/resource_index/packages/canopen_ros2_controllers
-- Up-to-date: /home/ub2004/ros2_ws/install/canopen_ros2_controllers/share/ament_index/resource_index/controller_interface__pluginlib__plugin/canopen_ros2_controllers
-- Up-to-date: /home/ub2004/ros2_ws/install/canopen_ros2_controllers/share/canopen_ros2_controllers/cmake/ament_cmake_export_include_directories-extras.cmake
-- Up-to-date: /home/ub2004/ros2_ws/install/canopen_ros2_controllers/share/canopen_ros2_controllers/cmake/ament_cmake_export_libraries-extras.cmake
-- Up-to-date: /home/ub2004/ros2_ws/install/canopen_ros2_controllers/share/canopen_ros2_controllers/cmake/ament_cmake_export_dependencies-extras.cmake
-- Up-to-date: /home/ub2004/ros2_ws/install/canopen_ros2_controllers/share/canopen_ros2_controllers/cmake/canopen_ros2_controllersConfig.cmake
-- Up-to-date: /home/ub2004/ros2_ws/install/canopen_ros2_controllers/share/canopen_ros2_controllers/cmake/canopen_ros2_controllersConfig-version.cmake
-- Up-to-date: /home/ub2004/ros2_ws/install/canopen_ros2_controllers/share/canopen_ros2_controllers/package.xml
