[0.694s] Invoking command in '/home/ub2004/ros2_ws/build/canopen_utils': CMAKE_PREFIX_PATH=/home/ub2004/ros2_ws/install/canopen_interfaces:/home/ub2004/ros2_ws/install/canopen_tests:/home/ub2004/ros2_ws/install/canopen_ros2_controllers:/home/ub2004/ros2_ws/install/canopen_ros2_control:/home/ub2004/ros2_ws/install/canopen:/home/ub2004/ros2_ws/install/canopen_402_driver:/home/ub2004/ros2_ws/install/canopen_proxy_driver:/home/ub2004/ros2_ws/install/canopen_master_driver:/home/ub2004/ros2_ws/install/canopen_fake_slaves:/home/ub2004/ros2_ws/install/canopen_base_driver:/home/ub2004/ros2_ws/install/canopen_core:/home/ub2004/ros2_ws/install/lely_core_libraries LD_LIBRARY_PATH=/home/ub2004/ros2_ws/install/canopen_interfaces/lib:/home/ub2004/ros2_ws/install/canopen_ros2_controllers/lib:/home/ub2004/ros2_ws/install/canopen_ros2_control/lib:/home/ub2004/ros2_ws/install/canopen_402_driver/lib:/home/ub2004/ros2_ws/install/canopen_proxy_driver/lib:/home/ub2004/ros2_ws/install/canopen_master_driver/lib:/home/ub2004/ros2_ws/install/canopen_base_driver/lib:/home/ub2004/ros2_ws/install/canopen_core/lib:/home/ub2004/ros2_ws/install/lely_core_libraries/lib:/opt/ros/humble/opt/rviz_ogre_vendor/lib:/opt/ros/humble/lib/x86_64-linux-gnu:/opt/ros/humble/lib PYTHONPATH=/home/ub2004/ros2_ws/build/canopen_utils/prefix_override:/usr/lib/python3/dist-packages/colcon_core/task/python/colcon_distutils_commands:/home/ub2004/ros2_ws/install/canopen_utils/lib/python3.10/site-packages:${PYTHONPATH} /usr/bin/python3 -W ignore:setup.py install is deprecated -W ignore:easy_install command is deprecated setup.py develop --uninstall --editable --build-directory /home/ub2004/ros2_ws/build/canopen_utils/build
[0.965s] running develop
[1.135s] Removing /home/ub2004/ros2_ws/install/canopen_utils/lib/python3.10/site-packages/canopen-utils.egg-link (link to .)
[1.164s] Invoked command in '/home/ub2004/ros2_ws/build/canopen_utils' returned '0': CMAKE_PREFIX_PATH=/home/ub2004/ros2_ws/install/canopen_interfaces:/home/ub2004/ros2_ws/install/canopen_tests:/home/ub2004/ros2_ws/install/canopen_ros2_controllers:/home/ub2004/ros2_ws/install/canopen_ros2_control:/home/ub2004/ros2_ws/install/canopen:/home/ub2004/ros2_ws/install/canopen_402_driver:/home/ub2004/ros2_ws/install/canopen_proxy_driver:/home/ub2004/ros2_ws/install/canopen_master_driver:/home/ub2004/ros2_ws/install/canopen_fake_slaves:/home/ub2004/ros2_ws/install/canopen_base_driver:/home/ub2004/ros2_ws/install/canopen_core:/home/ub2004/ros2_ws/install/lely_core_libraries LD_LIBRARY_PATH=/home/ub2004/ros2_ws/install/canopen_interfaces/lib:/home/ub2004/ros2_ws/install/canopen_ros2_controllers/lib:/home/ub2004/ros2_ws/install/canopen_ros2_control/lib:/home/ub2004/ros2_ws/install/canopen_402_driver/lib:/home/ub2004/ros2_ws/install/canopen_proxy_driver/lib:/home/ub2004/ros2_ws/install/canopen_master_driver/lib:/home/ub2004/ros2_ws/install/canopen_base_driver/lib:/home/ub2004/ros2_ws/install/canopen_core/lib:/home/ub2004/ros2_ws/install/lely_core_libraries/lib:/opt/ros/humble/opt/rviz_ogre_vendor/lib:/opt/ros/humble/lib/x86_64-linux-gnu:/opt/ros/humble/lib PYTHONPATH=/home/ub2004/ros2_ws/build/canopen_utils/prefix_override:/usr/lib/python3/dist-packages/colcon_core/task/python/colcon_distutils_commands:/home/ub2004/ros2_ws/install/canopen_utils/lib/python3.10/site-packages:${PYTHONPATH} /usr/bin/python3 -W ignore:setup.py install is deprecated -W ignore:easy_install command is deprecated setup.py develop --uninstall --editable --build-directory /home/ub2004/ros2_ws/build/canopen_utils/build
[1.166s] Invoking command in '/home/ub2004/ros2_ws/src/ros2_canopen/canopen_utils': CMAKE_PREFIX_PATH=/home/ub2004/ros2_ws/install/canopen_interfaces:/home/ub2004/ros2_ws/install/canopen_tests:/home/ub2004/ros2_ws/install/canopen_ros2_controllers:/home/ub2004/ros2_ws/install/canopen_ros2_control:/home/ub2004/ros2_ws/install/canopen:/home/ub2004/ros2_ws/install/canopen_402_driver:/home/ub2004/ros2_ws/install/canopen_proxy_driver:/home/ub2004/ros2_ws/install/canopen_master_driver:/home/ub2004/ros2_ws/install/canopen_fake_slaves:/home/ub2004/ros2_ws/install/canopen_base_driver:/home/ub2004/ros2_ws/install/canopen_core:/home/ub2004/ros2_ws/install/lely_core_libraries LD_LIBRARY_PATH=/home/ub2004/ros2_ws/install/canopen_interfaces/lib:/home/ub2004/ros2_ws/install/canopen_ros2_controllers/lib:/home/ub2004/ros2_ws/install/canopen_ros2_control/lib:/home/ub2004/ros2_ws/install/canopen_402_driver/lib:/home/ub2004/ros2_ws/install/canopen_proxy_driver/lib:/home/ub2004/ros2_ws/install/canopen_master_driver/lib:/home/ub2004/ros2_ws/install/canopen_base_driver/lib:/home/ub2004/ros2_ws/install/canopen_core/lib:/home/ub2004/ros2_ws/install/lely_core_libraries/lib:/opt/ros/humble/opt/rviz_ogre_vendor/lib:/opt/ros/humble/lib/x86_64-linux-gnu:/opt/ros/humble/lib PYTHONPATH=/home/ub2004/ros2_ws/build/canopen_utils/prefix_override:/usr/lib/python3/dist-packages/colcon_core/task/python/colcon_distutils_commands:/home/ub2004/ros2_ws/install/canopen_utils/lib/python3.10/site-packages:${PYTHONPATH} /usr/bin/python3 -W ignore:setup.py install is deprecated -W ignore:easy_install command is deprecated setup.py egg_info --egg-base ../../../build/canopen_utils build --build-base /home/ub2004/ros2_ws/build/canopen_utils/build install --record /home/ub2004/ros2_ws/build/canopen_utils/install.log --single-version-externally-managed install_data --force
[1.416s] running egg_info
[1.417s] writing ../../../build/canopen_utils/canopen_utils.egg-info/PKG-INFO
[1.417s] writing dependency_links to ../../../build/canopen_utils/canopen_utils.egg-info/dependency_links.txt
[1.417s] writing entry points to ../../../build/canopen_utils/canopen_utils.egg-info/entry_points.txt
[1.417s] writing requirements to ../../../build/canopen_utils/canopen_utils.egg-info/requires.txt
[1.418s] writing top-level names to ../../../build/canopen_utils/canopen_utils.egg-info/top_level.txt
[1.419s] reading manifest file '../../../build/canopen_utils/canopen_utils.egg-info/SOURCES.txt'
[1.420s] adding license file 'LICENSE'
[1.420s] writing manifest file '../../../build/canopen_utils/canopen_utils.egg-info/SOURCES.txt'
[1.421s] running build
[1.421s] running build_py
[1.422s] running install
[1.422s] running install_lib
[1.424s] creating /home/ub2004/ros2_ws/install/canopen_utils/lib/python3.10/site-packages/canopen_utils
[1.424s] copying /home/ub2004/ros2_ws/build/canopen_utils/build/lib/canopen_utils/simple_rpdo_tpdo_tester.py -> /home/ub2004/ros2_ws/install/canopen_utils/lib/python3.10/site-packages/canopen_utils
[1.424s] copying /home/ub2004/ros2_ws/build/canopen_utils/build/lib/canopen_utils/cyclic_tester.py -> /home/ub2004/ros2_ws/install/canopen_utils/lib/python3.10/site-packages/canopen_utils
[1.425s] copying /home/ub2004/ros2_ws/build/canopen_utils/build/lib/canopen_utils/launch_test_node.py -> /home/ub2004/ros2_ws/install/canopen_utils/lib/python3.10/site-packages/canopen_utils
[1.425s] copying /home/ub2004/ros2_ws/build/canopen_utils/build/lib/canopen_utils/test_node.py -> /home/ub2004/ros2_ws/install/canopen_utils/lib/python3.10/site-packages/canopen_utils
[1.425s] copying /home/ub2004/ros2_ws/build/canopen_utils/build/lib/canopen_utils/__init__.py -> /home/ub2004/ros2_ws/install/canopen_utils/lib/python3.10/site-packages/canopen_utils
[1.426s] byte-compiling /home/ub2004/ros2_ws/install/canopen_utils/lib/python3.10/site-packages/canopen_utils/simple_rpdo_tpdo_tester.py to simple_rpdo_tpdo_tester.cpython-310.pyc
[1.427s] byte-compiling /home/ub2004/ros2_ws/install/canopen_utils/lib/python3.10/site-packages/canopen_utils/cyclic_tester.py to cyclic_tester.cpython-310.pyc
[1.427s] byte-compiling /home/ub2004/ros2_ws/install/canopen_utils/lib/python3.10/site-packages/canopen_utils/launch_test_node.py to launch_test_node.cpython-310.pyc
[1.428s] byte-compiling /home/ub2004/ros2_ws/install/canopen_utils/lib/python3.10/site-packages/canopen_utils/test_node.py to test_node.cpython-310.pyc
[1.429s] byte-compiling /home/ub2004/ros2_ws/install/canopen_utils/lib/python3.10/site-packages/canopen_utils/__init__.py to __init__.cpython-310.pyc
[1.430s] running install_data
[1.430s] copying resource/canopen_utils -> /home/ub2004/ros2_ws/install/canopen_utils/share/ament_index/resource_index/packages
[1.430s] copying package.xml -> /home/ub2004/ros2_ws/install/canopen_utils/share/canopen_utils
[1.430s] running install_egg_info
[1.432s] Copying ../../../build/canopen_utils/canopen_utils.egg-info to /home/ub2004/ros2_ws/install/canopen_utils/lib/python3.10/site-packages/canopen_utils-0.2.11-py3.10.egg-info
[1.433s] running install_scripts
[1.454s] Installing cyclic_tester script to /home/ub2004/ros2_ws/install/canopen_utils/lib/canopen_utils
[1.454s] Installing simple_tester script to /home/ub2004/ros2_ws/install/canopen_utils/lib/canopen_utils
[1.454s] writing list of installed files to '/home/ub2004/ros2_ws/build/canopen_utils/install.log'
[1.482s] Invoked command in '/home/ub2004/ros2_ws/src/ros2_canopen/canopen_utils' returned '0': CMAKE_PREFIX_PATH=/home/ub2004/ros2_ws/install/canopen_interfaces:/home/ub2004/ros2_ws/install/canopen_tests:/home/ub2004/ros2_ws/install/canopen_ros2_controllers:/home/ub2004/ros2_ws/install/canopen_ros2_control:/home/ub2004/ros2_ws/install/canopen:/home/ub2004/ros2_ws/install/canopen_402_driver:/home/ub2004/ros2_ws/install/canopen_proxy_driver:/home/ub2004/ros2_ws/install/canopen_master_driver:/home/ub2004/ros2_ws/install/canopen_fake_slaves:/home/ub2004/ros2_ws/install/canopen_base_driver:/home/ub2004/ros2_ws/install/canopen_core:/home/ub2004/ros2_ws/install/lely_core_libraries LD_LIBRARY_PATH=/home/ub2004/ros2_ws/install/canopen_interfaces/lib:/home/ub2004/ros2_ws/install/canopen_ros2_controllers/lib:/home/ub2004/ros2_ws/install/canopen_ros2_control/lib:/home/ub2004/ros2_ws/install/canopen_402_driver/lib:/home/ub2004/ros2_ws/install/canopen_proxy_driver/lib:/home/ub2004/ros2_ws/install/canopen_master_driver/lib:/home/ub2004/ros2_ws/install/canopen_base_driver/lib:/home/ub2004/ros2_ws/install/canopen_core/lib:/home/ub2004/ros2_ws/install/lely_core_libraries/lib:/opt/ros/humble/opt/rviz_ogre_vendor/lib:/opt/ros/humble/lib/x86_64-linux-gnu:/opt/ros/humble/lib PYTHONPATH=/home/ub2004/ros2_ws/build/canopen_utils/prefix_override:/usr/lib/python3/dist-packages/colcon_core/task/python/colcon_distutils_commands:/home/ub2004/ros2_ws/install/canopen_utils/lib/python3.10/site-packages:${PYTHONPATH} /usr/bin/python3 -W ignore:setup.py install is deprecated -W ignore:easy_install command is deprecated setup.py egg_info --egg-base ../../../build/canopen_utils build --build-base /home/ub2004/ros2_ws/build/canopen_utils/build install --record /home/ub2004/ros2_ws/build/canopen_utils/install.log --single-version-externally-managed install_data --force
