[0.040s] Invoking command in '/home/ub2004/ros2_ws/build/canopen_interfaces': CMAKE_PREFIX_PATH=${CMAKE_PREFIX_PATH}:/home/ub2004/ros2_ws/install/urdf_tutorial:/home/ub2004/ros2_ws/install/test_py:/home/ub2004/ros2_ws/install/canopen_utils:/home/ub2004/ros2_ws/install/can_comm:/home/ub2004/ros2_ws/install/agv_pak:/opt/ros/humble /usr/bin/cmake /home/ub2004/ros2_ws/src/ros2_canopen/canopen_interfaces -DCMAKE_INSTALL_PREFIX=/home/ub2004/ros2_ws/install/canopen_interfaces
[1.163s] -- The C compiler identification is GNU 11.4.0
[1.164s] -- The CXX compiler identification is GNU 11.4.0
[1.165s] -- Detecting C compiler ABI info
[1.165s] -- Detecting C compiler ABI info - done
[1.165s] -- Check for working C compiler: /usr/bin/cc - skipped
[1.165s] -- Detecting C compile features
[1.165s] -- Detecting C compile features - done
[1.166s] -- Detecting CXX compiler ABI info
[1.166s] -- Detecting CXX compiler ABI info - done
[1.166s] -- Check for working CXX compiler: /usr/bin/c++ - skipped
[1.166s] -- Detecting CXX compile features
[1.166s] -- Detecting CXX compile features - done
[1.166s] -- Found ament_cmake: 1.3.11 (/opt/ros/humble/share/ament_cmake/cmake)
[1.166s] -- Found Python3: /usr/bin/python3 (found version "3.10.12") found components: Interpreter 
[1.241s] -- Found rosidl_default_generators: 1.2.0 (/opt/ros/humble/share/rosidl_default_generators/cmake)
[1.251s] -- Using all available rosidl_typesupport_c: rosidl_typesupport_fastrtps_c;rosidl_typesupport_introspection_c
[1.263s] -- Found rosidl_adapter: 3.1.6 (/opt/ros/humble/share/rosidl_adapter/cmake)
[1.321s] -- Using all available rosidl_typesupport_cpp: rosidl_typesupport_fastrtps_cpp;rosidl_typesupport_introspection_cpp
[1.874s] -- Found ament_cmake_ros: 0.10.0 (/opt/ros/humble/share/ament_cmake_ros/cmake)
[2.144s] -- Using all available rosidl_typesupport_c: rosidl_typesupport_fastrtps_c;rosidl_typesupport_introspection_c
[2.633s] -- Using all available rosidl_typesupport_cpp: rosidl_typesupport_fastrtps_cpp;rosidl_typesupport_introspection_cpp
[2.684s] -- Found PythonInterp: /usr/bin/python3 (found suitable version "3.10.12", minimum required is "3.6") 
[2.689s] -- Found python_cmake_module: 0.10.0 (/opt/ros/humble/share/python_cmake_module/cmake)
[2.760s] -- Found PythonLibs: /usr/lib/x86_64-linux-gnu/libpython3.10.so (found suitable version "3.10.12", minimum required is "3.5") 
[2.761s] -- Using PYTHON_EXECUTABLE: /usr/bin/python3
[2.761s] -- Using PYTHON_INCLUDE_DIRS: /usr/include/python3.10
[2.761s] -- Using PYTHON_LIBRARIES: /usr/lib/x86_64-linux-gnu/libpython3.10.so
[2.807s] -- Found PythonExtra: .so  
[2.906s] -- Found ament_lint_auto: 0.12.11 (/opt/ros/humble/share/ament_lint_auto/cmake)
[2.981s] -- Added test 'copyright' to check source files copyright and LICENSE
[2.991s] -- Added test 'lint_cmake' to check CMake code style
[2.996s] -- Added test 'xmllint' to check XML markup files
[3.003s] -- Configuring done
[3.077s] -- Generating done
[3.091s] -- Build files have been written to: /home/ub2004/ros2_ws/build/canopen_interfaces
[3.102s] Invoked command in '/home/ub2004/ros2_ws/build/canopen_interfaces' returned '0': CMAKE_PREFIX_PATH=${CMAKE_PREFIX_PATH}:/home/ub2004/ros2_ws/install/urdf_tutorial:/home/ub2004/ros2_ws/install/test_py:/home/ub2004/ros2_ws/install/canopen_utils:/home/ub2004/ros2_ws/install/can_comm:/home/ub2004/ros2_ws/install/agv_pak:/opt/ros/humble /usr/bin/cmake /home/ub2004/ros2_ws/src/ros2_canopen/canopen_interfaces -DCMAKE_INSTALL_PREFIX=/home/ub2004/ros2_ws/install/canopen_interfaces
[3.103s] Invoking command in '/home/ub2004/ros2_ws/build/canopen_interfaces': CMAKE_PREFIX_PATH=${CMAKE_PREFIX_PATH}:/home/ub2004/ros2_ws/install/urdf_tutorial:/home/ub2004/ros2_ws/install/test_py:/home/ub2004/ros2_ws/install/canopen_utils:/home/ub2004/ros2_ws/install/can_comm:/home/ub2004/ros2_ws/install/agv_pak:/opt/ros/humble /usr/bin/cmake --build /home/ub2004/ros2_ws/build/canopen_interfaces -- -j8 -l8
[3.162s] [  1%] [34m[1mGenerating C code for ROS interfaces[0m
[3.178s] [  2%] [34m[1mGenerating C++ code for ROS interfaces[0m
[3.192s] [  2%] Built target ament_cmake_python_copy_canopen_interfaces
[3.600s] running egg_info
[3.600s] creating canopen_interfaces.egg-info
[3.600s] writing canopen_interfaces.egg-info/PKG-INFO
[3.600s] writing dependency_links to canopen_interfaces.egg-info/dependency_links.txt
[3.601s] writing top-level names to canopen_interfaces.egg-info/top_level.txt
[3.601s] writing manifest file 'canopen_interfaces.egg-info/SOURCES.txt'
[3.603s] reading manifest file 'canopen_interfaces.egg-info/SOURCES.txt'
[3.604s] writing manifest file 'canopen_interfaces.egg-info/SOURCES.txt'
[3.641s] [  2%] Built target ament_cmake_python_build_canopen_interfaces_egg
[4.500s] [  2%] Built target canopen_interfaces__cpp
[4.518s] [  4%] [34m[1mGenerating C++ type support dispatch for ROS interfaces[0m
[4.518s] [  4%] [34m[1mGenerating C++ type support for eProsima Fast-RTPS[0m
[4.518s] [  5%] [34m[1mGenerating C++ introspection for ROS interfaces[0m
[5.145s] [  6%] [32mBuilding C object CMakeFiles/canopen_interfaces__rosidl_generator_c.dir/rosidl_generator_c/canopen_interfaces/srv/detail/co_heartbeat_id__functions.c.o[0m
[5.154s] [  7%] [32mBuilding C object CMakeFiles/canopen_interfaces__rosidl_generator_c.dir/rosidl_generator_c/canopen_interfaces/srv/detail/co_read__functions.c.o[0m
[5.161s] [  8%] [32mBuilding C object CMakeFiles/canopen_interfaces__rosidl_generator_c.dir/rosidl_generator_c/canopen_interfaces/srv/detail/co_nmt_id__functions.c.o[0m
[5.164s] [ 10%] [32mBuilding C object CMakeFiles/canopen_interfaces__rosidl_generator_c.dir/rosidl_generator_c/canopen_interfaces/srv/detail/co_write__functions.c.o[0m
[5.164s] [ 10%] [32mBuilding C object CMakeFiles/canopen_interfaces__rosidl_generator_c.dir/rosidl_generator_c/canopen_interfaces/srv/detail/co_read_id__functions.c.o[0m
[5.307s] [ 11%] [32mBuilding C object CMakeFiles/canopen_interfaces__rosidl_generator_c.dir/rosidl_generator_c/canopen_interfaces/srv/detail/co_write_id__functions.c.o[0m
[5.323s] [ 12%] [32mBuilding C object CMakeFiles/canopen_interfaces__rosidl_generator_c.dir/rosidl_generator_c/canopen_interfaces/srv/detail/co_target_double__functions.c.o[0m
[5.335s] [ 13%] [32mBuilding C object CMakeFiles/canopen_interfaces__rosidl_generator_c.dir/rosidl_generator_c/canopen_interfaces/srv/detail/co_node__functions.c.o[0m
[5.354s] [ 14%] [32mBuilding C object CMakeFiles/canopen_interfaces__rosidl_generator_c.dir/rosidl_generator_c/canopen_interfaces/msg/detail/co_data__functions.c.o[0m
[5.459s] [ 15%] [32m[1mLinking C shared library libcanopen_interfaces__rosidl_generator_c.so[0m
[5.510s] [ 15%] Built target canopen_interfaces__rosidl_generator_c
[5.528s] [ 16%] [34m[1mGenerating C type support dispatch for ROS interfaces[0m
[5.531s] [ 17%] [34m[1mGenerating C type support for eProsima Fast-RTPS[0m
[5.534s] [ 18%] [34m[1mGenerating C introspection for ROS interfaces[0m
[5.958s] [ 20%] [32mBuilding CXX object CMakeFiles/canopen_interfaces__rosidl_typesupport_cpp.dir/rosidl_typesupport_cpp/canopen_interfaces/srv/co_read__type_support.cpp.o[0m
[5.966s] [ 21%] [32mBuilding CXX object CMakeFiles/canopen_interfaces__rosidl_typesupport_cpp.dir/rosidl_typesupport_cpp/canopen_interfaces/srv/co_nmt_id__type_support.cpp.o[0m
[5.968s] [ 22%] [32mBuilding CXX object CMakeFiles/canopen_interfaces__rosidl_typesupport_cpp.dir/rosidl_typesupport_cpp/canopen_interfaces/srv/co_heartbeat_id__type_support.cpp.o[0m
[6.401s] [ 23%] [32mBuilding CXX object CMakeFiles/canopen_interfaces__rosidl_typesupport_introspection_cpp.dir/rosidl_typesupport_introspection_cpp/canopen_interfaces/srv/detail/co_heartbeat_id__type_support.cpp.o[0m
[6.546s] [ 24%] [32mBuilding CXX object CMakeFiles/canopen_interfaces__rosidl_typesupport_introspection_cpp.dir/rosidl_typesupport_introspection_cpp/canopen_interfaces/srv/detail/co_nmt_id__type_support.cpp.o[0m
[6.718s] [ 25%] [32mBuilding CXX object CMakeFiles/canopen_interfaces__rosidl_typesupport_cpp.dir/rosidl_typesupport_cpp/canopen_interfaces/srv/co_read_id__type_support.cpp.o[0m
[6.760s] [ 26%] [32mBuilding CXX object CMakeFiles/canopen_interfaces__rosidl_typesupport_introspection_cpp.dir/rosidl_typesupport_introspection_cpp/canopen_interfaces/srv/detail/co_read__type_support.cpp.o[0m
[6.905s] [ 27%] [32mBuilding CXX object CMakeFiles/canopen_interfaces__rosidl_typesupport_fastrtps_cpp.dir/rosidl_typesupport_fastrtps_cpp/canopen_interfaces/srv/detail/dds_fastrtps/co_heartbeat_id__type_support.cpp.o[0m
[7.124s] [ 28%] [32mBuilding CXX object CMakeFiles/canopen_interfaces__rosidl_typesupport_c.dir/rosidl_typesupport_c/canopen_interfaces/srv/co_heartbeat_id__type_support.cpp.o[0m
[7.234s] [ 29%] [32mBuilding CXX object CMakeFiles/canopen_interfaces__rosidl_typesupport_c.dir/rosidl_typesupport_c/canopen_interfaces/srv/co_nmt_id__type_support.cpp.o[0m
[7.245s] [ 30%] [32mBuilding CXX object CMakeFiles/canopen_interfaces__rosidl_typesupport_c.dir/rosidl_typesupport_c/canopen_interfaces/srv/co_read__type_support.cpp.o[0m
[7.328s] [ 31%] [32mBuilding CXX object CMakeFiles/canopen_interfaces__rosidl_typesupport_cpp.dir/rosidl_typesupport_cpp/canopen_interfaces/srv/co_write__type_support.cpp.o[0m
[7.350s] [ 32%] [32mBuilding CXX object CMakeFiles/canopen_interfaces__rosidl_typesupport_c.dir/rosidl_typesupport_c/canopen_interfaces/srv/co_read_id__type_support.cpp.o[0m
[7.424s] [ 33%] [32mBuilding CXX object CMakeFiles/canopen_interfaces__rosidl_typesupport_c.dir/rosidl_typesupport_c/canopen_interfaces/srv/co_write__type_support.cpp.o[0m
[7.431s] [ 34%] [32mBuilding CXX object CMakeFiles/canopen_interfaces__rosidl_typesupport_cpp.dir/rosidl_typesupport_cpp/canopen_interfaces/srv/co_write_id__type_support.cpp.o[0m
[7.443s] [ 35%] [32mBuilding CXX object CMakeFiles/canopen_interfaces__rosidl_typesupport_introspection_cpp.dir/rosidl_typesupport_introspection_cpp/canopen_interfaces/srv/detail/co_read_id__type_support.cpp.o[0m
[7.529s] [ 36%] [32mBuilding CXX object CMakeFiles/canopen_interfaces__rosidl_typesupport_c.dir/rosidl_typesupport_c/canopen_interfaces/srv/co_write_id__type_support.cpp.o[0m
[7.609s] [ 37%] [32mBuilding CXX object CMakeFiles/canopen_interfaces__rosidl_typesupport_c.dir/rosidl_typesupport_c/canopen_interfaces/srv/co_target_double__type_support.cpp.o[0m
[7.656s] [ 38%] [32mBuilding CXX object CMakeFiles/canopen_interfaces__rosidl_typesupport_c.dir/rosidl_typesupport_c/canopen_interfaces/srv/co_node__type_support.cpp.o[0m
[7.712s] [ 40%] [32mBuilding CXX object CMakeFiles/canopen_interfaces__rosidl_typesupport_cpp.dir/rosidl_typesupport_cpp/canopen_interfaces/srv/co_target_double__type_support.cpp.o[0m
[7.733s] [ 41%] [32mBuilding CXX object CMakeFiles/canopen_interfaces__rosidl_typesupport_c.dir/rosidl_typesupport_c/canopen_interfaces/msg/co_data__type_support.cpp.o[0m
[7.787s] [ 42%] [32mBuilding CXX object CMakeFiles/canopen_interfaces__rosidl_typesupport_fastrtps_cpp.dir/rosidl_typesupport_fastrtps_cpp/canopen_interfaces/srv/detail/dds_fastrtps/co_nmt_id__type_support.cpp.o[0m
[7.808s] [ 43%] [32mBuilding CXX object CMakeFiles/canopen_interfaces__rosidl_typesupport_fastrtps_c.dir/rosidl_typesupport_fastrtps_c/canopen_interfaces/srv/detail/co_heartbeat_id__type_support_c.cpp.o[0m
[7.869s] [ 44%] [32m[1mLinking CXX shared library libcanopen_interfaces__rosidl_typesupport_c.so[0m
[7.906s] [ 45%] [32mBuilding C object CMakeFiles/canopen_interfaces__rosidl_typesupport_introspection_c.dir/rosidl_typesupport_introspection_c/canopen_interfaces/srv/detail/co_heartbeat_id__type_support.c.o[0m
[7.960s] [ 46%] [32mBuilding CXX object CMakeFiles/canopen_interfaces__rosidl_typesupport_fastrtps_c.dir/rosidl_typesupport_fastrtps_c/canopen_interfaces/srv/detail/co_nmt_id__type_support_c.cpp.o[0m
[7.989s] [ 47%] [32mBuilding C object CMakeFiles/canopen_interfaces__rosidl_typesupport_introspection_c.dir/rosidl_typesupport_introspection_c/canopen_interfaces/srv/detail/co_nmt_id__type_support.c.o[0m
[8.004s] [ 47%] Built target canopen_interfaces__rosidl_typesupport_c
[8.037s] [ 48%] [32mBuilding CXX object CMakeFiles/canopen_interfaces__rosidl_typesupport_fastrtps_c.dir/rosidl_typesupport_fastrtps_c/canopen_interfaces/srv/detail/co_read__type_support_c.cpp.o[0m
[8.108s] [ 49%] [32mBuilding C object CMakeFiles/canopen_interfaces__rosidl_typesupport_introspection_c.dir/rosidl_typesupport_introspection_c/canopen_interfaces/srv/detail/co_read__type_support.c.o[0m
[8.112s] [ 50%] [32mBuilding CXX object CMakeFiles/canopen_interfaces__rosidl_typesupport_introspection_cpp.dir/rosidl_typesupport_introspection_cpp/canopen_interfaces/srv/detail/co_write__type_support.cpp.o[0m
[8.201s] [ 51%] [32mBuilding CXX object CMakeFiles/canopen_interfaces__rosidl_typesupport_fastrtps_c.dir/rosidl_typesupport_fastrtps_c/canopen_interfaces/srv/detail/co_read_id__type_support_c.cpp.o[0m
[8.234s] [ 52%] [32mBuilding C object CMakeFiles/canopen_interfaces__rosidl_typesupport_introspection_c.dir/rosidl_typesupport_introspection_c/canopen_interfaces/srv/detail/co_read_id__type_support.c.o[0m
[8.295s] [ 53%] [32mBuilding CXX object CMakeFiles/canopen_interfaces__rosidl_typesupport_cpp.dir/rosidl_typesupport_cpp/canopen_interfaces/srv/co_node__type_support.cpp.o[0m
[8.360s] [ 54%] [32mBuilding C object CMakeFiles/canopen_interfaces__rosidl_typesupport_introspection_c.dir/rosidl_typesupport_introspection_c/canopen_interfaces/srv/detail/co_write__type_support.c.o[0m
[8.498s] [ 55%] [32mBuilding C object CMakeFiles/canopen_interfaces__rosidl_typesupport_introspection_c.dir/rosidl_typesupport_introspection_c/canopen_interfaces/srv/detail/co_write_id__type_support.c.o[0m
[8.561s] [ 56%] [32mBuilding CXX object CMakeFiles/canopen_interfaces__rosidl_typesupport_fastrtps_cpp.dir/rosidl_typesupport_fastrtps_cpp/canopen_interfaces/srv/detail/dds_fastrtps/co_read__type_support.cpp.o[0m
[8.623s] [ 57%] [32mBuilding C object CMakeFiles/canopen_interfaces__rosidl_typesupport_introspection_c.dir/rosidl_typesupport_introspection_c/canopen_interfaces/srv/detail/co_target_double__type_support.c.o[0m
[8.653s] [ 58%] [32mBuilding CXX object CMakeFiles/canopen_interfaces__rosidl_typesupport_cpp.dir/rosidl_typesupport_cpp/canopen_interfaces/msg/co_data__type_support.cpp.o[0m
[8.694s] [ 60%] [32mBuilding C object CMakeFiles/canopen_interfaces__rosidl_typesupport_introspection_c.dir/rosidl_typesupport_introspection_c/canopen_interfaces/srv/detail/co_node__type_support.c.o[0m
[8.764s] [ 61%] [32mBuilding C object CMakeFiles/canopen_interfaces__rosidl_typesupport_introspection_c.dir/rosidl_typesupport_introspection_c/canopen_interfaces/msg/detail/co_data__type_support.c.o[0m
[8.764s] [ 62%] [32mBuilding CXX object CMakeFiles/canopen_interfaces__rosidl_typesupport_fastrtps_c.dir/rosidl_typesupport_fastrtps_c/canopen_interfaces/srv/detail/co_write__type_support_c.cpp.o[0m
[8.842s] [ 63%] [32mBuilding CXX object CMakeFiles/canopen_interfaces__rosidl_typesupport_introspection_cpp.dir/rosidl_typesupport_introspection_cpp/canopen_interfaces/srv/detail/co_write_id__type_support.cpp.o[0m
[8.887s] [ 64%] [32m[1mLinking C shared library libcanopen_interfaces__rosidl_typesupport_introspection_c.so[0m
[8.934s] [ 65%] [32mBuilding CXX object CMakeFiles/canopen_interfaces__rosidl_typesupport_fastrtps_cpp.dir/rosidl_typesupport_fastrtps_cpp/canopen_interfaces/srv/detail/dds_fastrtps/co_read_id__type_support.cpp.o[0m
[8.981s] [ 66%] [32mBuilding CXX object CMakeFiles/canopen_interfaces__rosidl_typesupport_introspection_cpp.dir/rosidl_typesupport_introspection_cpp/canopen_interfaces/srv/detail/co_target_double__type_support.cpp.o[0m
[8.993s] [ 66%] Built target canopen_interfaces__rosidl_typesupport_introspection_c
[9.028s] [ 67%] [32mBuilding CXX object CMakeFiles/canopen_interfaces__rosidl_typesupport_fastrtps_cpp.dir/rosidl_typesupport_fastrtps_cpp/canopen_interfaces/srv/detail/dds_fastrtps/co_write__type_support.cpp.o[0m
[9.078s] [ 68%] [32mBuilding CXX object CMakeFiles/canopen_interfaces__rosidl_typesupport_fastrtps_cpp.dir/rosidl_typesupport_fastrtps_cpp/canopen_interfaces/srv/detail/dds_fastrtps/co_write_id__type_support.cpp.o[0m
[9.308s] [ 69%] [32m[1mLinking CXX shared library libcanopen_interfaces__rosidl_typesupport_cpp.so[0m
[9.388s] [ 69%] Built target canopen_interfaces__rosidl_typesupport_cpp
[9.405s] [ 70%] [32mBuilding CXX object CMakeFiles/canopen_interfaces__rosidl_typesupport_fastrtps_c.dir/rosidl_typesupport_fastrtps_c/canopen_interfaces/srv/detail/co_write_id__type_support_c.cpp.o[0m
[9.574s] [ 71%] [32mBuilding CXX object CMakeFiles/canopen_interfaces__rosidl_typesupport_fastrtps_c.dir/rosidl_typesupport_fastrtps_c/canopen_interfaces/srv/detail/co_target_double__type_support_c.cpp.o[0m
[9.642s] [ 72%] [32mBuilding CXX object CMakeFiles/canopen_interfaces__rosidl_typesupport_fastrtps_c.dir/rosidl_typesupport_fastrtps_c/canopen_interfaces/srv/detail/co_node__type_support_c.cpp.o[0m
[9.687s] [ 73%] [32mBuilding CXX object CMakeFiles/canopen_interfaces__rosidl_typesupport_fastrtps_cpp.dir/rosidl_typesupport_fastrtps_cpp/canopen_interfaces/srv/detail/dds_fastrtps/co_target_double__type_support.cpp.o[0m
[9.777s] [ 74%] [32mBuilding CXX object CMakeFiles/canopen_interfaces__rosidl_typesupport_fastrtps_c.dir/rosidl_typesupport_fastrtps_c/canopen_interfaces/msg/detail/co_data__type_support_c.cpp.o[0m
[9.830s] [ 75%] [32mBuilding CXX object CMakeFiles/canopen_interfaces__rosidl_typesupport_introspection_cpp.dir/rosidl_typesupport_introspection_cpp/canopen_interfaces/srv/detail/co_node__type_support.cpp.o[0m
[9.980s] [ 76%] [32mBuilding CXX object CMakeFiles/canopen_interfaces__rosidl_typesupport_introspection_cpp.dir/rosidl_typesupport_introspection_cpp/canopen_interfaces/msg/detail/co_data__type_support.cpp.o[0m
[10.112s] [ 77%] [32mBuilding CXX object CMakeFiles/canopen_interfaces__rosidl_typesupport_fastrtps_cpp.dir/rosidl_typesupport_fastrtps_cpp/canopen_interfaces/srv/detail/dds_fastrtps/co_node__type_support.cpp.o[0m
[10.261s] [ 78%] [32mBuilding CXX object CMakeFiles/canopen_interfaces__rosidl_typesupport_fastrtps_cpp.dir/rosidl_typesupport_fastrtps_cpp/canopen_interfaces/msg/detail/dds_fastrtps/co_data__type_support.cpp.o[0m
[10.516s] [ 80%] [32m[1mLinking CXX shared library libcanopen_interfaces__rosidl_typesupport_fastrtps_c.so[0m
[10.672s] [ 80%] Built target canopen_interfaces__rosidl_typesupport_fastrtps_c
[10.708s] [ 81%] [32m[1mLinking CXX shared library libcanopen_interfaces__rosidl_typesupport_introspection_cpp.so[0m
[10.767s] [ 81%] Built target canopen_interfaces__rosidl_typesupport_introspection_cpp
[10.980s] [ 82%] [32m[1mLinking CXX shared library libcanopen_interfaces__rosidl_typesupport_fastrtps_cpp.so[0m
[11.082s] [ 82%] Built target canopen_interfaces__rosidl_typesupport_fastrtps_cpp
[11.105s] [ 82%] Built target canopen_interfaces
[11.132s] [ 83%] [34m[1mGenerating Python code for ROS interfaces[0m
[13.058s] [ 83%] Built target canopen_interfaces__py
[13.089s] [ 85%] [32mBuilding C object CMakeFiles/canopen_interfaces__rosidl_generator_py.dir/rosidl_generator_py/canopen_interfaces/srv/_co_heartbeat_id_s.c.o[0m
[13.089s] [ 86%] [32mBuilding C object CMakeFiles/canopen_interfaces__rosidl_generator_py.dir/rosidl_generator_py/canopen_interfaces/srv/_co_read_id_s.c.o[0m
[13.092s] [ 86%] [32mBuilding C object CMakeFiles/canopen_interfaces__rosidl_generator_py.dir/rosidl_generator_py/canopen_interfaces/srv/_co_read_s.c.o[0m
[13.092s] [ 87%] [32mBuilding C object CMakeFiles/canopen_interfaces__rosidl_generator_py.dir/rosidl_generator_py/canopen_interfaces/srv/_co_target_double_s.c.o[0m
[13.092s] [ 88%] [32mBuilding C object CMakeFiles/canopen_interfaces__rosidl_generator_py.dir/rosidl_generator_py/canopen_interfaces/srv/_co_nmt_id_s.c.o[0m
[13.092s] [ 89%] [32mBuilding C object CMakeFiles/canopen_interfaces__rosidl_generator_py.dir/rosidl_generator_py/canopen_interfaces/srv/_co_write_s.c.o[0m
[13.093s] [ 90%] [32mBuilding C object CMakeFiles/canopen_interfaces__rosidl_generator_py.dir/rosidl_generator_py/canopen_interfaces/srv/_co_write_id_s.c.o[0m
[13.101s] [ 91%] [32mBuilding C object CMakeFiles/canopen_interfaces__rosidl_generator_py.dir/rosidl_generator_py/canopen_interfaces/srv/_co_node_s.c.o[0m
[13.336s] [ 92%] [32mBuilding C object CMakeFiles/canopen_interfaces__rosidl_generator_py.dir/rosidl_generator_py/canopen_interfaces/msg/_co_data_s.c.o[0m
[13.484s] [ 93%] [32m[1mLinking C shared library rosidl_generator_py/canopen_interfaces/libcanopen_interfaces__rosidl_generator_py.so[0m
[13.535s] [ 93%] Built target canopen_interfaces__rosidl_generator_py
[13.559s] [ 94%] [32mBuilding C object CMakeFiles/canopen_interfaces__rosidl_typesupport_introspection_c__pyext.dir/rosidl_generator_py/canopen_interfaces/_canopen_interfaces_s.ep.rosidl_typesupport_introspection_c.c.o[0m
[13.564s] [ 95%] [32mBuilding C object CMakeFiles/canopen_interfaces__rosidl_typesupport_c__pyext.dir/rosidl_generator_py/canopen_interfaces/_canopen_interfaces_s.ep.rosidl_typesupport_c.c.o[0m
[13.564s] [ 96%] [32mBuilding C object CMakeFiles/canopen_interfaces__rosidl_typesupport_fastrtps_c__pyext.dir/rosidl_generator_py/canopen_interfaces/_canopen_interfaces_s.ep.rosidl_typesupport_fastrtps_c.c.o[0m
[13.739s] [ 97%] [32m[1mLinking C shared library rosidl_generator_py/canopen_interfaces/canopen_interfaces_s__rosidl_typesupport_introspection_c.cpython-310-x86_64-linux-gnu.so[0m
[13.744s] [ 98%] [32m[1mLinking C shared library rosidl_generator_py/canopen_interfaces/canopen_interfaces_s__rosidl_typesupport_c.cpython-310-x86_64-linux-gnu.so[0m
[13.780s] [ 98%] Built target canopen_interfaces__rosidl_typesupport_introspection_c__pyext
[13.787s] [ 98%] Built target canopen_interfaces__rosidl_typesupport_c__pyext
[13.806s] [100%] [32m[1mLinking C shared library rosidl_generator_py/canopen_interfaces/canopen_interfaces_s__rosidl_typesupport_fastrtps_c.cpython-310-x86_64-linux-gnu.so[0m
[13.853s] [100%] Built target canopen_interfaces__rosidl_typesupport_fastrtps_c__pyext
[13.868s] Invoked command in '/home/ub2004/ros2_ws/build/canopen_interfaces' returned '0': CMAKE_PREFIX_PATH=${CMAKE_PREFIX_PATH}:/home/ub2004/ros2_ws/install/urdf_tutorial:/home/ub2004/ros2_ws/install/test_py:/home/ub2004/ros2_ws/install/canopen_utils:/home/ub2004/ros2_ws/install/can_comm:/home/ub2004/ros2_ws/install/agv_pak:/opt/ros/humble /usr/bin/cmake --build /home/ub2004/ros2_ws/build/canopen_interfaces -- -j8 -l8
[13.870s] Invoking command in '/home/ub2004/ros2_ws/build/canopen_interfaces': CMAKE_PREFIX_PATH=${CMAKE_PREFIX_PATH}:/home/ub2004/ros2_ws/install/urdf_tutorial:/home/ub2004/ros2_ws/install/test_py:/home/ub2004/ros2_ws/install/canopen_utils:/home/ub2004/ros2_ws/install/can_comm:/home/ub2004/ros2_ws/install/agv_pak:/opt/ros/humble /usr/bin/cmake --install /home/ub2004/ros2_ws/build/canopen_interfaces
[13.879s] -- Install configuration: ""
[13.879s] -- Installing: /home/ub2004/ros2_ws/install/canopen_interfaces/share/ament_index/resource_index/rosidl_interfaces/canopen_interfaces
[13.879s] -- Installing: /home/ub2004/ros2_ws/install/canopen_interfaces/include/canopen_interfaces/canopen_interfaces
[13.879s] -- Installing: /home/ub2004/ros2_ws/install/canopen_interfaces/include/canopen_interfaces/canopen_interfaces/msg
[13.879s] -- Installing: /home/ub2004/ros2_ws/install/canopen_interfaces/include/canopen_interfaces/canopen_interfaces/msg/detail
[13.880s] -- Installing: /home/ub2004/ros2_ws/install/canopen_interfaces/include/canopen_interfaces/canopen_interfaces/msg/detail/co_data__functions.h
[13.880s] -- Installing: /home/ub2004/ros2_ws/install/canopen_interfaces/include/canopen_interfaces/canopen_interfaces/msg/detail/co_data__type_support.h
[13.880s] -- Installing: /home/ub2004/ros2_ws/install/canopen_interfaces/include/canopen_interfaces/canopen_interfaces/msg/detail/co_data__struct.h
[13.880s] -- Installing: /home/ub2004/ros2_ws/install/canopen_interfaces/include/canopen_interfaces/canopen_interfaces/msg/detail/co_data__functions.c
[13.880s] -- Installing: /home/ub2004/ros2_ws/install/canopen_interfaces/include/canopen_interfaces/canopen_interfaces/msg/co_data.h
[13.880s] -- Installing: /home/ub2004/ros2_ws/install/canopen_interfaces/include/canopen_interfaces/canopen_interfaces/msg/rosidl_generator_c__visibility_control.h
[13.880s] -- Installing: /home/ub2004/ros2_ws/install/canopen_interfaces/include/canopen_interfaces/canopen_interfaces/srv
[13.880s] -- Installing: /home/ub2004/ros2_ws/install/canopen_interfaces/include/canopen_interfaces/canopen_interfaces/srv/co_heartbeat_id.h
[13.881s] -- Installing: /home/ub2004/ros2_ws/install/canopen_interfaces/include/canopen_interfaces/canopen_interfaces/srv/co_write_id.h
[13.881s] -- Installing: /home/ub2004/ros2_ws/install/canopen_interfaces/include/canopen_interfaces/canopen_interfaces/srv/detail
[13.881s] -- Installing: /home/ub2004/ros2_ws/install/canopen_interfaces/include/canopen_interfaces/canopen_interfaces/srv/detail/co_target_double__functions.c
[13.881s] -- Installing: /home/ub2004/ros2_ws/install/canopen_interfaces/include/canopen_interfaces/canopen_interfaces/srv/detail/co_node__type_support.h
[13.881s] -- Installing: /home/ub2004/ros2_ws/install/canopen_interfaces/include/canopen_interfaces/canopen_interfaces/srv/detail/co_nmt_id__struct.h
[13.881s] -- Installing: /home/ub2004/ros2_ws/install/canopen_interfaces/include/canopen_interfaces/canopen_interfaces/srv/detail/co_target_double__functions.h
[13.882s] -- Installing: /home/ub2004/ros2_ws/install/canopen_interfaces/include/canopen_interfaces/canopen_interfaces/srv/detail/co_read_id__struct.h
[13.882s] -- Installing: /home/ub2004/ros2_ws/install/canopen_interfaces/include/canopen_interfaces/canopen_interfaces/srv/detail/co_nmt_id__functions.h
[13.882s] -- Installing: /home/ub2004/ros2_ws/install/canopen_interfaces/include/canopen_interfaces/canopen_interfaces/srv/detail/co_target_double__type_support.h
[13.882s] -- Installing: /home/ub2004/ros2_ws/install/canopen_interfaces/include/canopen_interfaces/canopen_interfaces/srv/detail/co_read_id__functions.h
[13.882s] -- Installing: /home/ub2004/ros2_ws/install/canopen_interfaces/include/canopen_interfaces/canopen_interfaces/srv/detail/co_nmt_id__functions.c
[13.882s] -- Installing: /home/ub2004/ros2_ws/install/canopen_interfaces/include/canopen_interfaces/canopen_interfaces/srv/detail/co_heartbeat_id__functions.c
[13.882s] -- Installing: /home/ub2004/ros2_ws/install/canopen_interfaces/include/canopen_interfaces/canopen_interfaces/srv/detail/co_write__functions.h
[13.882s] -- Installing: /home/ub2004/ros2_ws/install/canopen_interfaces/include/canopen_interfaces/canopen_interfaces/srv/detail/co_read__functions.h
[13.883s] -- Installing: /home/ub2004/ros2_ws/install/canopen_interfaces/include/canopen_interfaces/canopen_interfaces/srv/detail/co_read__functions.c
[13.883s] -- Installing: /home/ub2004/ros2_ws/install/canopen_interfaces/include/canopen_interfaces/canopen_interfaces/srv/detail/co_read__type_support.h
[13.883s] -- Installing: /home/ub2004/ros2_ws/install/canopen_interfaces/include/canopen_interfaces/canopen_interfaces/srv/detail/co_node__functions.c
[13.883s] -- Installing: /home/ub2004/ros2_ws/install/canopen_interfaces/include/canopen_interfaces/canopen_interfaces/srv/detail/co_read_id__type_support.h
[13.883s] -- Installing: /home/ub2004/ros2_ws/install/canopen_interfaces/include/canopen_interfaces/canopen_interfaces/srv/detail/co_heartbeat_id__type_support.h
[13.883s] -- Installing: /home/ub2004/ros2_ws/install/canopen_interfaces/include/canopen_interfaces/canopen_interfaces/srv/detail/co_node__functions.h
[13.883s] -- Installing: /home/ub2004/ros2_ws/install/canopen_interfaces/include/canopen_interfaces/canopen_interfaces/srv/detail/co_read__struct.h
[13.884s] -- Installing: /home/ub2004/ros2_ws/install/canopen_interfaces/include/canopen_interfaces/canopen_interfaces/srv/detail/co_write__functions.c
[13.884s] -- Installing: /home/ub2004/ros2_ws/install/canopen_interfaces/include/canopen_interfaces/canopen_interfaces/srv/detail/co_heartbeat_id__functions.h
[13.884s] -- Installing: /home/ub2004/ros2_ws/install/canopen_interfaces/include/canopen_interfaces/canopen_interfaces/srv/detail/co_node__struct.h
[13.884s] -- Installing: /home/ub2004/ros2_ws/install/canopen_interfaces/include/canopen_interfaces/canopen_interfaces/srv/detail/co_write__type_support.h
[13.884s] -- Installing: /home/ub2004/ros2_ws/install/canopen_interfaces/include/canopen_interfaces/canopen_interfaces/srv/detail/co_target_double__struct.h
[13.884s] -- Installing: /home/ub2004/ros2_ws/install/canopen_interfaces/include/canopen_interfaces/canopen_interfaces/srv/detail/co_heartbeat_id__struct.h
[13.884s] -- Installing: /home/ub2004/ros2_ws/install/canopen_interfaces/include/canopen_interfaces/canopen_interfaces/srv/detail/co_write__struct.h
[13.885s] -- Installing: /home/ub2004/ros2_ws/install/canopen_interfaces/include/canopen_interfaces/canopen_interfaces/srv/detail/co_write_id__functions.c
[13.885s] -- Installing: /home/ub2004/ros2_ws/install/canopen_interfaces/include/canopen_interfaces/canopen_interfaces/srv/detail/co_write_id__functions.h
[13.885s] -- Installing: /home/ub2004/ros2_ws/install/canopen_interfaces/include/canopen_interfaces/canopen_interfaces/srv/detail/co_nmt_id__type_support.h
[13.885s] -- Installing: /home/ub2004/ros2_ws/install/canopen_interfaces/include/canopen_interfaces/canopen_interfaces/srv/detail/co_read_id__functions.c
[13.885s] -- Installing: /home/ub2004/ros2_ws/install/canopen_interfaces/include/canopen_interfaces/canopen_interfaces/srv/detail/co_write_id__struct.h
[13.885s] -- Installing: /home/ub2004/ros2_ws/install/canopen_interfaces/include/canopen_interfaces/canopen_interfaces/srv/detail/co_write_id__type_support.h
[13.885s] -- Installing: /home/ub2004/ros2_ws/install/canopen_interfaces/include/canopen_interfaces/canopen_interfaces/srv/co_target_double.h
[13.886s] -- Installing: /home/ub2004/ros2_ws/install/canopen_interfaces/include/canopen_interfaces/canopen_interfaces/srv/co_read_id.h
[13.886s] -- Installing: /home/ub2004/ros2_ws/install/canopen_interfaces/include/canopen_interfaces/canopen_interfaces/srv/co_write.h
[13.886s] -- Installing: /home/ub2004/ros2_ws/install/canopen_interfaces/include/canopen_interfaces/canopen_interfaces/srv/co_node.h
[13.886s] -- Installing: /home/ub2004/ros2_ws/install/canopen_interfaces/include/canopen_interfaces/canopen_interfaces/srv/co_read.h
[13.886s] -- Installing: /home/ub2004/ros2_ws/install/canopen_interfaces/include/canopen_interfaces/canopen_interfaces/srv/co_nmt_id.h
[13.886s] -- Installing: /home/ub2004/ros2_ws/install/canopen_interfaces/share/canopen_interfaces/environment/library_path.sh
[13.886s] -- Installing: /home/ub2004/ros2_ws/install/canopen_interfaces/share/canopen_interfaces/environment/library_path.dsv
[13.886s] -- Installing: /home/ub2004/ros2_ws/install/canopen_interfaces/lib/libcanopen_interfaces__rosidl_generator_c.so
[13.887s] -- Set runtime path of "/home/ub2004/ros2_ws/install/canopen_interfaces/lib/libcanopen_interfaces__rosidl_generator_c.so" to ""
[13.887s] -- Up-to-date: /home/ub2004/ros2_ws/install/canopen_interfaces/include/canopen_interfaces/canopen_interfaces
[13.887s] -- Up-to-date: /home/ub2004/ros2_ws/install/canopen_interfaces/include/canopen_interfaces/canopen_interfaces/msg
[13.887s] -- Up-to-date: /home/ub2004/ros2_ws/install/canopen_interfaces/include/canopen_interfaces/canopen_interfaces/msg/detail
[13.887s] -- Installing: /home/ub2004/ros2_ws/install/canopen_interfaces/include/canopen_interfaces/canopen_interfaces/msg/detail/co_data__rosidl_typesupport_fastrtps_c.h
[13.887s] -- Installing: /home/ub2004/ros2_ws/install/canopen_interfaces/include/canopen_interfaces/canopen_interfaces/msg/rosidl_typesupport_fastrtps_c__visibility_control.h
[13.887s] -- Up-to-date: /home/ub2004/ros2_ws/install/canopen_interfaces/include/canopen_interfaces/canopen_interfaces/srv
[13.888s] -- Up-to-date: /home/ub2004/ros2_ws/install/canopen_interfaces/include/canopen_interfaces/canopen_interfaces/srv/detail
[13.888s] -- Installing: /home/ub2004/ros2_ws/install/canopen_interfaces/include/canopen_interfaces/canopen_interfaces/srv/detail/co_read_id__rosidl_typesupport_fastrtps_c.h
[13.888s] -- Installing: /home/ub2004/ros2_ws/install/canopen_interfaces/include/canopen_interfaces/canopen_interfaces/srv/detail/co_heartbeat_id__rosidl_typesupport_fastrtps_c.h
[13.888s] -- Installing: /home/ub2004/ros2_ws/install/canopen_interfaces/include/canopen_interfaces/canopen_interfaces/srv/detail/co_target_double__rosidl_typesupport_fastrtps_c.h
[13.888s] -- Installing: /home/ub2004/ros2_ws/install/canopen_interfaces/include/canopen_interfaces/canopen_interfaces/srv/detail/co_read__rosidl_typesupport_fastrtps_c.h
[13.888s] -- Installing: /home/ub2004/ros2_ws/install/canopen_interfaces/include/canopen_interfaces/canopen_interfaces/srv/detail/co_write__rosidl_typesupport_fastrtps_c.h
[13.888s] -- Installing: /home/ub2004/ros2_ws/install/canopen_interfaces/include/canopen_interfaces/canopen_interfaces/srv/detail/co_nmt_id__rosidl_typesupport_fastrtps_c.h
[13.889s] -- Installing: /home/ub2004/ros2_ws/install/canopen_interfaces/include/canopen_interfaces/canopen_interfaces/srv/detail/co_write_id__rosidl_typesupport_fastrtps_c.h
[13.889s] -- Installing: /home/ub2004/ros2_ws/install/canopen_interfaces/include/canopen_interfaces/canopen_interfaces/srv/detail/co_node__rosidl_typesupport_fastrtps_c.h
[13.889s] -- Installing: /home/ub2004/ros2_ws/install/canopen_interfaces/lib/libcanopen_interfaces__rosidl_typesupport_fastrtps_c.so
[13.889s] -- Set runtime path of "/home/ub2004/ros2_ws/install/canopen_interfaces/lib/libcanopen_interfaces__rosidl_typesupport_fastrtps_c.so" to ""
[13.889s] -- Up-to-date: /home/ub2004/ros2_ws/install/canopen_interfaces/include/canopen_interfaces/canopen_interfaces
[13.889s] -- Up-to-date: /home/ub2004/ros2_ws/install/canopen_interfaces/include/canopen_interfaces/canopen_interfaces/msg
[13.889s] -- Up-to-date: /home/ub2004/ros2_ws/install/canopen_interfaces/include/canopen_interfaces/canopen_interfaces/msg/detail
[13.890s] -- Installing: /home/ub2004/ros2_ws/install/canopen_interfaces/include/canopen_interfaces/canopen_interfaces/msg/detail/co_data__rosidl_typesupport_introspection_c.h
[13.890s] -- Installing: /home/ub2004/ros2_ws/install/canopen_interfaces/include/canopen_interfaces/canopen_interfaces/msg/detail/co_data__type_support.c
[13.890s] -- Installing: /home/ub2004/ros2_ws/install/canopen_interfaces/include/canopen_interfaces/canopen_interfaces/msg/rosidl_typesupport_introspection_c__visibility_control.h
[13.890s] -- Up-to-date: /home/ub2004/ros2_ws/install/canopen_interfaces/include/canopen_interfaces/canopen_interfaces/srv
[13.890s] -- Up-to-date: /home/ub2004/ros2_ws/install/canopen_interfaces/include/canopen_interfaces/canopen_interfaces/srv/detail
[13.890s] -- Installing: /home/ub2004/ros2_ws/install/canopen_interfaces/include/canopen_interfaces/canopen_interfaces/srv/detail/co_heartbeat_id__rosidl_typesupport_introspection_c.h
[13.890s] -- Installing: /home/ub2004/ros2_ws/install/canopen_interfaces/include/canopen_interfaces/canopen_interfaces/srv/detail/co_write_id__rosidl_typesupport_introspection_c.h
[13.891s] -- Installing: /home/ub2004/ros2_ws/install/canopen_interfaces/include/canopen_interfaces/canopen_interfaces/srv/detail/co_read_id__type_support.c
[13.891s] -- Installing: /home/ub2004/ros2_ws/install/canopen_interfaces/include/canopen_interfaces/canopen_interfaces/srv/detail/co_read_id__rosidl_typesupport_introspection_c.h
[13.891s] -- Installing: /home/ub2004/ros2_ws/install/canopen_interfaces/include/canopen_interfaces/canopen_interfaces/srv/detail/co_nmt_id__type_support.c
[13.891s] -- Installing: /home/ub2004/ros2_ws/install/canopen_interfaces/include/canopen_interfaces/canopen_interfaces/srv/detail/co_target_double__rosidl_typesupport_introspection_c.h
[13.891s] -- Installing: /home/ub2004/ros2_ws/install/canopen_interfaces/include/canopen_interfaces/canopen_interfaces/srv/detail/co_read__rosidl_typesupport_introspection_c.h
[13.891s] -- Installing: /home/ub2004/ros2_ws/install/canopen_interfaces/include/canopen_interfaces/canopen_interfaces/srv/detail/co_write_id__type_support.c
[13.891s] -- Installing: /home/ub2004/ros2_ws/install/canopen_interfaces/include/canopen_interfaces/canopen_interfaces/srv/detail/co_target_double__type_support.c
[13.892s] -- Installing: /home/ub2004/ros2_ws/install/canopen_interfaces/include/canopen_interfaces/canopen_interfaces/srv/detail/co_write__rosidl_typesupport_introspection_c.h
[13.892s] -- Installing: /home/ub2004/ros2_ws/install/canopen_interfaces/include/canopen_interfaces/canopen_interfaces/srv/detail/co_write__type_support.c
[13.892s] -- Installing: /home/ub2004/ros2_ws/install/canopen_interfaces/include/canopen_interfaces/canopen_interfaces/srv/detail/co_node__type_support.c
[13.892s] -- Installing: /home/ub2004/ros2_ws/install/canopen_interfaces/include/canopen_interfaces/canopen_interfaces/srv/detail/co_read__type_support.c
[13.892s] -- Installing: /home/ub2004/ros2_ws/install/canopen_interfaces/include/canopen_interfaces/canopen_interfaces/srv/detail/co_node__rosidl_typesupport_introspection_c.h
[13.892s] -- Installing: /home/ub2004/ros2_ws/install/canopen_interfaces/include/canopen_interfaces/canopen_interfaces/srv/detail/co_nmt_id__rosidl_typesupport_introspection_c.h
[13.892s] -- Installing: /home/ub2004/ros2_ws/install/canopen_interfaces/include/canopen_interfaces/canopen_interfaces/srv/detail/co_heartbeat_id__type_support.c
[13.893s] -- Installing: /home/ub2004/ros2_ws/install/canopen_interfaces/lib/libcanopen_interfaces__rosidl_typesupport_introspection_c.so
[13.893s] -- Set runtime path of "/home/ub2004/ros2_ws/install/canopen_interfaces/lib/libcanopen_interfaces__rosidl_typesupport_introspection_c.so" to ""
[13.893s] -- Installing: /home/ub2004/ros2_ws/install/canopen_interfaces/lib/libcanopen_interfaces__rosidl_typesupport_c.so
[13.894s] -- Set runtime path of "/home/ub2004/ros2_ws/install/canopen_interfaces/lib/libcanopen_interfaces__rosidl_typesupport_c.so" to ""
[13.894s] -- Up-to-date: /home/ub2004/ros2_ws/install/canopen_interfaces/include/canopen_interfaces/canopen_interfaces
[13.894s] -- Up-to-date: /home/ub2004/ros2_ws/install/canopen_interfaces/include/canopen_interfaces/canopen_interfaces/msg
[13.894s] -- Installing: /home/ub2004/ros2_ws/install/canopen_interfaces/include/canopen_interfaces/canopen_interfaces/msg/rosidl_generator_cpp__visibility_control.hpp
[13.895s] -- Up-to-date: /home/ub2004/ros2_ws/install/canopen_interfaces/include/canopen_interfaces/canopen_interfaces/msg/detail
[13.895s] -- Installing: /home/ub2004/ros2_ws/install/canopen_interfaces/include/canopen_interfaces/canopen_interfaces/msg/detail/co_data__struct.hpp
[13.895s] -- Installing: /home/ub2004/ros2_ws/install/canopen_interfaces/include/canopen_interfaces/canopen_interfaces/msg/detail/co_data__type_support.hpp
[13.895s] -- Installing: /home/ub2004/ros2_ws/install/canopen_interfaces/include/canopen_interfaces/canopen_interfaces/msg/detail/co_data__builder.hpp
[13.895s] -- Installing: /home/ub2004/ros2_ws/install/canopen_interfaces/include/canopen_interfaces/canopen_interfaces/msg/detail/co_data__traits.hpp
[13.895s] -- Installing: /home/ub2004/ros2_ws/install/canopen_interfaces/include/canopen_interfaces/canopen_interfaces/msg/co_data.hpp
[13.896s] -- Up-to-date: /home/ub2004/ros2_ws/install/canopen_interfaces/include/canopen_interfaces/canopen_interfaces/srv
[13.896s] -- Installing: /home/ub2004/ros2_ws/install/canopen_interfaces/include/canopen_interfaces/canopen_interfaces/srv/co_read.hpp
[13.896s] -- Up-to-date: /home/ub2004/ros2_ws/install/canopen_interfaces/include/canopen_interfaces/canopen_interfaces/srv/detail
[13.896s] -- Installing: /home/ub2004/ros2_ws/install/canopen_interfaces/include/canopen_interfaces/canopen_interfaces/srv/detail/co_read__struct.hpp
[13.896s] -- Installing: /home/ub2004/ros2_ws/install/canopen_interfaces/include/canopen_interfaces/canopen_interfaces/srv/detail/co_write__builder.hpp
[13.896s] -- Installing: /home/ub2004/ros2_ws/install/canopen_interfaces/include/canopen_interfaces/canopen_interfaces/srv/detail/co_write__traits.hpp
[13.896s] -- Installing: /home/ub2004/ros2_ws/install/canopen_interfaces/include/canopen_interfaces/canopen_interfaces/srv/detail/co_heartbeat_id__builder.hpp
[13.897s] -- Installing: /home/ub2004/ros2_ws/install/canopen_interfaces/include/canopen_interfaces/canopen_interfaces/srv/detail/co_write_id__type_support.hpp
[13.897s] -- Installing: /home/ub2004/ros2_ws/install/canopen_interfaces/include/canopen_interfaces/canopen_interfaces/srv/detail/co_node__builder.hpp
[13.897s] -- Installing: /home/ub2004/ros2_ws/install/canopen_interfaces/include/canopen_interfaces/canopen_interfaces/srv/detail/co_heartbeat_id__traits.hpp
[13.897s] -- Installing: /home/ub2004/ros2_ws/install/canopen_interfaces/include/canopen_interfaces/canopen_interfaces/srv/detail/co_write__type_support.hpp
[13.897s] -- Installing: /home/ub2004/ros2_ws/install/canopen_interfaces/include/canopen_interfaces/canopen_interfaces/srv/detail/co_nmt_id__traits.hpp
[13.897s] -- Installing: /home/ub2004/ros2_ws/install/canopen_interfaces/include/canopen_interfaces/canopen_interfaces/srv/detail/co_write_id__traits.hpp
[13.897s] -- Installing: /home/ub2004/ros2_ws/install/canopen_interfaces/include/canopen_interfaces/canopen_interfaces/srv/detail/co_read_id__builder.hpp
[13.898s] -- Installing: /home/ub2004/ros2_ws/install/canopen_interfaces/include/canopen_interfaces/canopen_interfaces/srv/detail/co_target_double__struct.hpp
[13.898s] -- Installing: /home/ub2004/ros2_ws/install/canopen_interfaces/include/canopen_interfaces/canopen_interfaces/srv/detail/co_node__traits.hpp
[13.898s] -- Installing: /home/ub2004/ros2_ws/install/canopen_interfaces/include/canopen_interfaces/canopen_interfaces/srv/detail/co_read__type_support.hpp
[13.898s] -- Installing: /home/ub2004/ros2_ws/install/canopen_interfaces/include/canopen_interfaces/canopen_interfaces/srv/detail/co_write_id__builder.hpp
[13.898s] -- Installing: /home/ub2004/ros2_ws/install/canopen_interfaces/include/canopen_interfaces/canopen_interfaces/srv/detail/co_node__struct.hpp
[13.898s] -- Installing: /home/ub2004/ros2_ws/install/canopen_interfaces/include/canopen_interfaces/canopen_interfaces/srv/detail/co_nmt_id__struct.hpp
[13.899s] -- Installing: /home/ub2004/ros2_ws/install/canopen_interfaces/include/canopen_interfaces/canopen_interfaces/srv/detail/co_target_double__traits.hpp
[13.899s] -- Installing: /home/ub2004/ros2_ws/install/canopen_interfaces/include/canopen_interfaces/canopen_interfaces/srv/detail/co_write__struct.hpp
[13.899s] -- Installing: /home/ub2004/ros2_ws/install/canopen_interfaces/include/canopen_interfaces/canopen_interfaces/srv/detail/co_node__type_support.hpp
[13.899s] -- Installing: /home/ub2004/ros2_ws/install/canopen_interfaces/include/canopen_interfaces/canopen_interfaces/srv/detail/co_read_id__traits.hpp
[13.899s] -- Installing: /home/ub2004/ros2_ws/install/canopen_interfaces/include/canopen_interfaces/canopen_interfaces/srv/detail/co_target_double__builder.hpp
[13.900s] -- Installing: /home/ub2004/ros2_ws/install/canopen_interfaces/include/canopen_interfaces/canopen_interfaces/srv/detail/co_heartbeat_id__type_support.hpp
[13.900s] -- Installing: /home/ub2004/ros2_ws/install/canopen_interfaces/include/canopen_interfaces/canopen_interfaces/srv/detail/co_nmt_id__type_support.hpp
[13.900s] -- Installing: /home/ub2004/ros2_ws/install/canopen_interfaces/include/canopen_interfaces/canopen_interfaces/srv/detail/co_read__builder.hpp
[13.900s] -- Installing: /home/ub2004/ros2_ws/install/canopen_interfaces/include/canopen_interfaces/canopen_interfaces/srv/detail/co_target_double__type_support.hpp
[13.900s] -- Installing: /home/ub2004/ros2_ws/install/canopen_interfaces/include/canopen_interfaces/canopen_interfaces/srv/detail/co_read_id__struct.hpp
[13.900s] -- Installing: /home/ub2004/ros2_ws/install/canopen_interfaces/include/canopen_interfaces/canopen_interfaces/srv/detail/co_nmt_id__builder.hpp
[13.901s] -- Installing: /home/ub2004/ros2_ws/install/canopen_interfaces/include/canopen_interfaces/canopen_interfaces/srv/detail/co_write_id__struct.hpp
[13.901s] -- Installing: /home/ub2004/ros2_ws/install/canopen_interfaces/include/canopen_interfaces/canopen_interfaces/srv/detail/co_read_id__type_support.hpp
[13.901s] -- Installing: /home/ub2004/ros2_ws/install/canopen_interfaces/include/canopen_interfaces/canopen_interfaces/srv/detail/co_heartbeat_id__struct.hpp
[13.901s] -- Installing: /home/ub2004/ros2_ws/install/canopen_interfaces/include/canopen_interfaces/canopen_interfaces/srv/detail/co_read__traits.hpp
[13.901s] -- Installing: /home/ub2004/ros2_ws/install/canopen_interfaces/include/canopen_interfaces/canopen_interfaces/srv/co_nmt_id.hpp
[13.901s] -- Installing: /home/ub2004/ros2_ws/install/canopen_interfaces/include/canopen_interfaces/canopen_interfaces/srv/co_write.hpp
[13.901s] -- Installing: /home/ub2004/ros2_ws/install/canopen_interfaces/include/canopen_interfaces/canopen_interfaces/srv/co_node.hpp
[13.901s] -- Installing: /home/ub2004/ros2_ws/install/canopen_interfaces/include/canopen_interfaces/canopen_interfaces/srv/co_target_double.hpp
[13.902s] -- Installing: /home/ub2004/ros2_ws/install/canopen_interfaces/include/canopen_interfaces/canopen_interfaces/srv/co_heartbeat_id.hpp
[13.902s] -- Installing: /home/ub2004/ros2_ws/install/canopen_interfaces/include/canopen_interfaces/canopen_interfaces/srv/co_write_id.hpp
[13.902s] -- Installing: /home/ub2004/ros2_ws/install/canopen_interfaces/include/canopen_interfaces/canopen_interfaces/srv/co_read_id.hpp
[13.902s] -- Up-to-date: /home/ub2004/ros2_ws/install/canopen_interfaces/include/canopen_interfaces/canopen_interfaces
[13.902s] -- Up-to-date: /home/ub2004/ros2_ws/install/canopen_interfaces/include/canopen_interfaces/canopen_interfaces/msg
[13.902s] -- Up-to-date: /home/ub2004/ros2_ws/install/canopen_interfaces/include/canopen_interfaces/canopen_interfaces/msg/detail
[13.902s] -- Installing: /home/ub2004/ros2_ws/install/canopen_interfaces/include/canopen_interfaces/canopen_interfaces/msg/detail/dds_fastrtps
[13.903s] -- Installing: /home/ub2004/ros2_ws/install/canopen_interfaces/include/canopen_interfaces/canopen_interfaces/msg/detail/co_data__rosidl_typesupport_fastrtps_cpp.hpp
[13.903s] -- Installing: /home/ub2004/ros2_ws/install/canopen_interfaces/include/canopen_interfaces/canopen_interfaces/msg/rosidl_typesupport_fastrtps_cpp__visibility_control.h
[13.903s] -- Up-to-date: /home/ub2004/ros2_ws/install/canopen_interfaces/include/canopen_interfaces/canopen_interfaces/srv
[13.903s] -- Up-to-date: /home/ub2004/ros2_ws/install/canopen_interfaces/include/canopen_interfaces/canopen_interfaces/srv/detail
[13.903s] -- Installing: /home/ub2004/ros2_ws/install/canopen_interfaces/include/canopen_interfaces/canopen_interfaces/srv/detail/dds_fastrtps
[13.904s] -- Installing: /home/ub2004/ros2_ws/install/canopen_interfaces/include/canopen_interfaces/canopen_interfaces/srv/detail/co_read_id__rosidl_typesupport_fastrtps_cpp.hpp
[13.904s] -- Installing: /home/ub2004/ros2_ws/install/canopen_interfaces/include/canopen_interfaces/canopen_interfaces/srv/detail/co_node__rosidl_typesupport_fastrtps_cpp.hpp
[13.904s] -- Installing: /home/ub2004/ros2_ws/install/canopen_interfaces/include/canopen_interfaces/canopen_interfaces/srv/detail/co_write_id__rosidl_typesupport_fastrtps_cpp.hpp
[13.905s] -- Installing: /home/ub2004/ros2_ws/install/canopen_interfaces/include/canopen_interfaces/canopen_interfaces/srv/detail/co_target_double__rosidl_typesupport_fastrtps_cpp.hpp
[13.905s] -- Installing: /home/ub2004/ros2_ws/install/canopen_interfaces/include/canopen_interfaces/canopen_interfaces/srv/detail/co_heartbeat_id__rosidl_typesupport_fastrtps_cpp.hpp
[13.905s] -- Installing: /home/ub2004/ros2_ws/install/canopen_interfaces/include/canopen_interfaces/canopen_interfaces/srv/detail/co_write__rosidl_typesupport_fastrtps_cpp.hpp
[13.905s] -- Installing: /home/ub2004/ros2_ws/install/canopen_interfaces/include/canopen_interfaces/canopen_interfaces/srv/detail/co_read__rosidl_typesupport_fastrtps_cpp.hpp
[13.905s] -- Installing: /home/ub2004/ros2_ws/install/canopen_interfaces/include/canopen_interfaces/canopen_interfaces/srv/detail/co_nmt_id__rosidl_typesupport_fastrtps_cpp.hpp
[13.905s] -- Installing: /home/ub2004/ros2_ws/install/canopen_interfaces/lib/libcanopen_interfaces__rosidl_typesupport_fastrtps_cpp.so
[13.905s] -- Set runtime path of "/home/ub2004/ros2_ws/install/canopen_interfaces/lib/libcanopen_interfaces__rosidl_typesupport_fastrtps_cpp.so" to ""
[13.906s] -- Up-to-date: /home/ub2004/ros2_ws/install/canopen_interfaces/include/canopen_interfaces/canopen_interfaces
[13.906s] -- Up-to-date: /home/ub2004/ros2_ws/install/canopen_interfaces/include/canopen_interfaces/canopen_interfaces/msg
[13.906s] -- Up-to-date: /home/ub2004/ros2_ws/install/canopen_interfaces/include/canopen_interfaces/canopen_interfaces/msg/detail
[13.906s] -- Installing: /home/ub2004/ros2_ws/install/canopen_interfaces/include/canopen_interfaces/canopen_interfaces/msg/detail/co_data__rosidl_typesupport_introspection_cpp.hpp
[13.906s] -- Installing: /home/ub2004/ros2_ws/install/canopen_interfaces/include/canopen_interfaces/canopen_interfaces/msg/detail/co_data__type_support.cpp
[13.906s] -- Up-to-date: /home/ub2004/ros2_ws/install/canopen_interfaces/include/canopen_interfaces/canopen_interfaces/srv
[13.906s] -- Up-to-date: /home/ub2004/ros2_ws/install/canopen_interfaces/include/canopen_interfaces/canopen_interfaces/srv/detail
[13.906s] -- Installing: /home/ub2004/ros2_ws/install/canopen_interfaces/include/canopen_interfaces/canopen_interfaces/srv/detail/co_target_double__rosidl_typesupport_introspection_cpp.hpp
[13.907s] -- Installing: /home/ub2004/ros2_ws/install/canopen_interfaces/include/canopen_interfaces/canopen_interfaces/srv/detail/co_read_id__rosidl_typesupport_introspection_cpp.hpp
[13.907s] -- Installing: /home/ub2004/ros2_ws/install/canopen_interfaces/include/canopen_interfaces/canopen_interfaces/srv/detail/co_heartbeat_id__rosidl_typesupport_introspection_cpp.hpp
[13.907s] -- Installing: /home/ub2004/ros2_ws/install/canopen_interfaces/include/canopen_interfaces/canopen_interfaces/srv/detail/co_read__type_support.cpp
[13.907s] -- Installing: /home/ub2004/ros2_ws/install/canopen_interfaces/include/canopen_interfaces/canopen_interfaces/srv/detail/co_read__rosidl_typesupport_introspection_cpp.hpp
[13.907s] -- Installing: /home/ub2004/ros2_ws/install/canopen_interfaces/include/canopen_interfaces/canopen_interfaces/srv/detail/co_read_id__type_support.cpp
[13.907s] -- Installing: /home/ub2004/ros2_ws/install/canopen_interfaces/include/canopen_interfaces/canopen_interfaces/srv/detail/co_write__type_support.cpp
[13.907s] -- Installing: /home/ub2004/ros2_ws/install/canopen_interfaces/include/canopen_interfaces/canopen_interfaces/srv/detail/co_write_id__rosidl_typesupport_introspection_cpp.hpp
[13.908s] -- Installing: /home/ub2004/ros2_ws/install/canopen_interfaces/include/canopen_interfaces/canopen_interfaces/srv/detail/co_node__rosidl_typesupport_introspection_cpp.hpp
[13.908s] -- Installing: /home/ub2004/ros2_ws/install/canopen_interfaces/include/canopen_interfaces/canopen_interfaces/srv/detail/co_node__type_support.cpp
[13.908s] -- Installing: /home/ub2004/ros2_ws/install/canopen_interfaces/include/canopen_interfaces/canopen_interfaces/srv/detail/co_nmt_id__rosidl_typesupport_introspection_cpp.hpp
[13.908s] -- Installing: /home/ub2004/ros2_ws/install/canopen_interfaces/include/canopen_interfaces/canopen_interfaces/srv/detail/co_heartbeat_id__type_support.cpp
[13.908s] -- Installing: /home/ub2004/ros2_ws/install/canopen_interfaces/include/canopen_interfaces/canopen_interfaces/srv/detail/co_write_id__type_support.cpp
[13.908s] -- Installing: /home/ub2004/ros2_ws/install/canopen_interfaces/include/canopen_interfaces/canopen_interfaces/srv/detail/co_nmt_id__type_support.cpp
[13.908s] -- Installing: /home/ub2004/ros2_ws/install/canopen_interfaces/include/canopen_interfaces/canopen_interfaces/srv/detail/co_write__rosidl_typesupport_introspection_cpp.hpp
[13.908s] -- Installing: /home/ub2004/ros2_ws/install/canopen_interfaces/include/canopen_interfaces/canopen_interfaces/srv/detail/co_target_double__type_support.cpp
[13.909s] -- Installing: /home/ub2004/ros2_ws/install/canopen_interfaces/lib/libcanopen_interfaces__rosidl_typesupport_introspection_cpp.so
[13.909s] -- Set runtime path of "/home/ub2004/ros2_ws/install/canopen_interfaces/lib/libcanopen_interfaces__rosidl_typesupport_introspection_cpp.so" to ""
[13.909s] -- Installing: /home/ub2004/ros2_ws/install/canopen_interfaces/lib/libcanopen_interfaces__rosidl_typesupport_cpp.so
[13.909s] -- Set runtime path of "/home/ub2004/ros2_ws/install/canopen_interfaces/lib/libcanopen_interfaces__rosidl_typesupport_cpp.so" to ""
[13.909s] -- Installing: /home/ub2004/ros2_ws/install/canopen_interfaces/share/canopen_interfaces/environment/pythonpath.sh
[13.910s] -- Installing: /home/ub2004/ros2_ws/install/canopen_interfaces/share/canopen_interfaces/environment/pythonpath.dsv
[13.910s] -- Installing: /home/ub2004/ros2_ws/install/canopen_interfaces/local/lib/python3.10/dist-packages/canopen_interfaces-0.2.11-py3.10.egg-info
[13.910s] -- Installing: /home/ub2004/ros2_ws/install/canopen_interfaces/local/lib/python3.10/dist-packages/canopen_interfaces-0.2.11-py3.10.egg-info/PKG-INFO
[13.910s] -- Installing: /home/ub2004/ros2_ws/install/canopen_interfaces/local/lib/python3.10/dist-packages/canopen_interfaces-0.2.11-py3.10.egg-info/dependency_links.txt
[13.910s] -- Installing: /home/ub2004/ros2_ws/install/canopen_interfaces/local/lib/python3.10/dist-packages/canopen_interfaces-0.2.11-py3.10.egg-info/SOURCES.txt
[13.910s] -- Installing: /home/ub2004/ros2_ws/install/canopen_interfaces/local/lib/python3.10/dist-packages/canopen_interfaces-0.2.11-py3.10.egg-info/top_level.txt
[13.911s] -- Installing: /home/ub2004/ros2_ws/install/canopen_interfaces/local/lib/python3.10/dist-packages/canopen_interfaces
[13.911s] -- Installing: /home/ub2004/ros2_ws/install/canopen_interfaces/local/lib/python3.10/dist-packages/canopen_interfaces/_canopen_interfaces_s.ep.rosidl_typesupport_fastrtps_c.c
[13.911s] -- Installing: /home/ub2004/ros2_ws/install/canopen_interfaces/local/lib/python3.10/dist-packages/canopen_interfaces/canopen_interfaces_s__rosidl_typesupport_fastrtps_c.cpython-310-x86_64-linux-gnu.so
[13.911s] -- Installing: /home/ub2004/ros2_ws/install/canopen_interfaces/local/lib/python3.10/dist-packages/canopen_interfaces/_canopen_interfaces_s.ep.rosidl_typesupport_introspection_c.c
[13.911s] -- Installing: /home/ub2004/ros2_ws/install/canopen_interfaces/local/lib/python3.10/dist-packages/canopen_interfaces/canopen_interfaces_s__rosidl_typesupport_introspection_c.cpython-310-x86_64-linux-gnu.so
[13.911s] -- Installing: /home/ub2004/ros2_ws/install/canopen_interfaces/local/lib/python3.10/dist-packages/canopen_interfaces/msg
[13.912s] -- Installing: /home/ub2004/ros2_ws/install/canopen_interfaces/local/lib/python3.10/dist-packages/canopen_interfaces/msg/_co_data.py
[13.912s] -- Installing: /home/ub2004/ros2_ws/install/canopen_interfaces/local/lib/python3.10/dist-packages/canopen_interfaces/msg/_co_data_s.c
[13.912s] -- Installing: /home/ub2004/ros2_ws/install/canopen_interfaces/local/lib/python3.10/dist-packages/canopen_interfaces/msg/__init__.py
[13.912s] -- Installing: /home/ub2004/ros2_ws/install/canopen_interfaces/local/lib/python3.10/dist-packages/canopen_interfaces/libcanopen_interfaces__rosidl_generator_py.so
[13.912s] -- Installing: /home/ub2004/ros2_ws/install/canopen_interfaces/local/lib/python3.10/dist-packages/canopen_interfaces/_canopen_interfaces_s.ep.rosidl_typesupport_c.c
[13.912s] -- Installing: /home/ub2004/ros2_ws/install/canopen_interfaces/local/lib/python3.10/dist-packages/canopen_interfaces/canopen_interfaces_s__rosidl_typesupport_c.cpython-310-x86_64-linux-gnu.so
[13.913s] -- Installing: /home/ub2004/ros2_ws/install/canopen_interfaces/local/lib/python3.10/dist-packages/canopen_interfaces/srv
[13.913s] -- Installing: /home/ub2004/ros2_ws/install/canopen_interfaces/local/lib/python3.10/dist-packages/canopen_interfaces/srv/_co_nmt_id.py
[13.913s] -- Installing: /home/ub2004/ros2_ws/install/canopen_interfaces/local/lib/python3.10/dist-packages/canopen_interfaces/srv/_co_read.py
[13.913s] -- Installing: /home/ub2004/ros2_ws/install/canopen_interfaces/local/lib/python3.10/dist-packages/canopen_interfaces/srv/_co_write_s.c
[13.913s] -- Installing: /home/ub2004/ros2_ws/install/canopen_interfaces/local/lib/python3.10/dist-packages/canopen_interfaces/srv/_co_read_id_s.c
[13.913s] -- Installing: /home/ub2004/ros2_ws/install/canopen_interfaces/local/lib/python3.10/dist-packages/canopen_interfaces/srv/_co_write_id_s.c
[13.914s] -- Installing: /home/ub2004/ros2_ws/install/canopen_interfaces/local/lib/python3.10/dist-packages/canopen_interfaces/srv/_co_read_s.c
[13.914s] -- Installing: /home/ub2004/ros2_ws/install/canopen_interfaces/local/lib/python3.10/dist-packages/canopen_interfaces/srv/_co_heartbeat_id.py
[13.914s] -- Installing: /home/ub2004/ros2_ws/install/canopen_interfaces/local/lib/python3.10/dist-packages/canopen_interfaces/srv/_co_target_double.py
[13.914s] -- Installing: /home/ub2004/ros2_ws/install/canopen_interfaces/local/lib/python3.10/dist-packages/canopen_interfaces/srv/_co_node_s.c
[13.914s] -- Installing: /home/ub2004/ros2_ws/install/canopen_interfaces/local/lib/python3.10/dist-packages/canopen_interfaces/srv/_co_read_id.py
[13.914s] -- Installing: /home/ub2004/ros2_ws/install/canopen_interfaces/local/lib/python3.10/dist-packages/canopen_interfaces/srv/_co_write.py
[13.914s] -- Installing: /home/ub2004/ros2_ws/install/canopen_interfaces/local/lib/python3.10/dist-packages/canopen_interfaces/srv/_co_write_id.py
[13.915s] -- Installing: /home/ub2004/ros2_ws/install/canopen_interfaces/local/lib/python3.10/dist-packages/canopen_interfaces/srv/_co_target_double_s.c
[13.915s] -- Installing: /home/ub2004/ros2_ws/install/canopen_interfaces/local/lib/python3.10/dist-packages/canopen_interfaces/srv/_co_node.py
[13.915s] -- Installing: /home/ub2004/ros2_ws/install/canopen_interfaces/local/lib/python3.10/dist-packages/canopen_interfaces/srv/_co_nmt_id_s.c
[13.915s] -- Installing: /home/ub2004/ros2_ws/install/canopen_interfaces/local/lib/python3.10/dist-packages/canopen_interfaces/srv/_co_heartbeat_id_s.c
[13.915s] -- Installing: /home/ub2004/ros2_ws/install/canopen_interfaces/local/lib/python3.10/dist-packages/canopen_interfaces/srv/__init__.py
[13.915s] -- Installing: /home/ub2004/ros2_ws/install/canopen_interfaces/local/lib/python3.10/dist-packages/canopen_interfaces/__init__.py
[13.976s] Listing '/home/ub2004/ros2_ws/install/canopen_interfaces/local/lib/python3.10/dist-packages/canopen_interfaces'...
[13.976s] Compiling '/home/ub2004/ros2_ws/install/canopen_interfaces/local/lib/python3.10/dist-packages/canopen_interfaces/__init__.py'...
[13.976s] Listing '/home/ub2004/ros2_ws/install/canopen_interfaces/local/lib/python3.10/dist-packages/canopen_interfaces/msg'...
[13.976s] Compiling '/home/ub2004/ros2_ws/install/canopen_interfaces/local/lib/python3.10/dist-packages/canopen_interfaces/msg/__init__.py'...
[13.976s] Compiling '/home/ub2004/ros2_ws/install/canopen_interfaces/local/lib/python3.10/dist-packages/canopen_interfaces/msg/_co_data.py'...
[13.976s] Listing '/home/ub2004/ros2_ws/install/canopen_interfaces/local/lib/python3.10/dist-packages/canopen_interfaces/srv'...
[13.976s] Compiling '/home/ub2004/ros2_ws/install/canopen_interfaces/local/lib/python3.10/dist-packages/canopen_interfaces/srv/__init__.py'...
[13.977s] Compiling '/home/ub2004/ros2_ws/install/canopen_interfaces/local/lib/python3.10/dist-packages/canopen_interfaces/srv/_co_heartbeat_id.py'...
[13.977s] Compiling '/home/ub2004/ros2_ws/install/canopen_interfaces/local/lib/python3.10/dist-packages/canopen_interfaces/srv/_co_nmt_id.py'...
[13.977s] Compiling '/home/ub2004/ros2_ws/install/canopen_interfaces/local/lib/python3.10/dist-packages/canopen_interfaces/srv/_co_node.py'...
[13.977s] Compiling '/home/ub2004/ros2_ws/install/canopen_interfaces/local/lib/python3.10/dist-packages/canopen_interfaces/srv/_co_read.py'...
[13.977s] Compiling '/home/ub2004/ros2_ws/install/canopen_interfaces/local/lib/python3.10/dist-packages/canopen_interfaces/srv/_co_read_id.py'...
[13.977s] Compiling '/home/ub2004/ros2_ws/install/canopen_interfaces/local/lib/python3.10/dist-packages/canopen_interfaces/srv/_co_target_double.py'...
[13.977s] Compiling '/home/ub2004/ros2_ws/install/canopen_interfaces/local/lib/python3.10/dist-packages/canopen_interfaces/srv/_co_write.py'...
[13.977s] Compiling '/home/ub2004/ros2_ws/install/canopen_interfaces/local/lib/python3.10/dist-packages/canopen_interfaces/srv/_co_write_id.py'...
[13.982s] -- Installing: /home/ub2004/ros2_ws/install/canopen_interfaces/local/lib/python3.10/dist-packages/canopen_interfaces/canopen_interfaces_s__rosidl_typesupport_fastrtps_c.cpython-310-x86_64-linux-gnu.so
[13.983s] -- Set runtime path of "/home/ub2004/ros2_ws/install/canopen_interfaces/local/lib/python3.10/dist-packages/canopen_interfaces/canopen_interfaces_s__rosidl_typesupport_fastrtps_c.cpython-310-x86_64-linux-gnu.so" to ""
[13.983s] -- Installing: /home/ub2004/ros2_ws/install/canopen_interfaces/local/lib/python3.10/dist-packages/canopen_interfaces/canopen_interfaces_s__rosidl_typesupport_introspection_c.cpython-310-x86_64-linux-gnu.so
[13.984s] -- Set runtime path of "/home/ub2004/ros2_ws/install/canopen_interfaces/local/lib/python3.10/dist-packages/canopen_interfaces/canopen_interfaces_s__rosidl_typesupport_introspection_c.cpython-310-x86_64-linux-gnu.so" to ""
[13.984s] -- Installing: /home/ub2004/ros2_ws/install/canopen_interfaces/local/lib/python3.10/dist-packages/canopen_interfaces/canopen_interfaces_s__rosidl_typesupport_c.cpython-310-x86_64-linux-gnu.so
[13.985s] -- Set runtime path of "/home/ub2004/ros2_ws/install/canopen_interfaces/local/lib/python3.10/dist-packages/canopen_interfaces/canopen_interfaces_s__rosidl_typesupport_c.cpython-310-x86_64-linux-gnu.so" to ""
[13.985s] -- Installing: /home/ub2004/ros2_ws/install/canopen_interfaces/lib/libcanopen_interfaces__rosidl_generator_py.so
[13.986s] -- Set runtime path of "/home/ub2004/ros2_ws/install/canopen_interfaces/lib/libcanopen_interfaces__rosidl_generator_py.so" to ""
[13.986s] -- Installing: /home/ub2004/ros2_ws/install/canopen_interfaces/share/canopen_interfaces/srv/COHeartbeatID.idl
[13.986s] -- Installing: /home/ub2004/ros2_ws/install/canopen_interfaces/share/canopen_interfaces/srv/CONmtID.idl
[13.986s] -- Installing: /home/ub2004/ros2_ws/install/canopen_interfaces/share/canopen_interfaces/srv/CORead.idl
[13.986s] -- Installing: /home/ub2004/ros2_ws/install/canopen_interfaces/share/canopen_interfaces/srv/COReadID.idl
[13.986s] -- Installing: /home/ub2004/ros2_ws/install/canopen_interfaces/share/canopen_interfaces/srv/COWrite.idl
[13.987s] -- Installing: /home/ub2004/ros2_ws/install/canopen_interfaces/share/canopen_interfaces/srv/COWriteID.idl
[13.987s] -- Installing: /home/ub2004/ros2_ws/install/canopen_interfaces/share/canopen_interfaces/srv/COTargetDouble.idl
[13.987s] -- Installing: /home/ub2004/ros2_ws/install/canopen_interfaces/share/canopen_interfaces/srv/CONode.idl
[13.987s] -- Installing: /home/ub2004/ros2_ws/install/canopen_interfaces/share/canopen_interfaces/msg/COData.idl
[13.987s] -- Installing: /home/ub2004/ros2_ws/install/canopen_interfaces/share/canopen_interfaces/srv/COHeartbeatID.srv
[13.988s] -- Installing: /home/ub2004/ros2_ws/install/canopen_interfaces/share/canopen_interfaces/srv/COHeartbeatID_Request.msg
[13.988s] -- Installing: /home/ub2004/ros2_ws/install/canopen_interfaces/share/canopen_interfaces/srv/COHeartbeatID_Response.msg
[13.988s] -- Installing: /home/ub2004/ros2_ws/install/canopen_interfaces/share/canopen_interfaces/srv/CONmtID.srv
[13.988s] -- Installing: /home/ub2004/ros2_ws/install/canopen_interfaces/share/canopen_interfaces/srv/CONmtID_Request.msg
[13.988s] -- Installing: /home/ub2004/ros2_ws/install/canopen_interfaces/share/canopen_interfaces/srv/CONmtID_Response.msg
[13.988s] -- Installing: /home/ub2004/ros2_ws/install/canopen_interfaces/share/canopen_interfaces/srv/CORead.srv
[13.989s] -- Installing: /home/ub2004/ros2_ws/install/canopen_interfaces/share/canopen_interfaces/srv/CORead_Request.msg
[13.989s] -- Installing: /home/ub2004/ros2_ws/install/canopen_interfaces/share/canopen_interfaces/srv/CORead_Response.msg
[13.989s] -- Installing: /home/ub2004/ros2_ws/install/canopen_interfaces/share/canopen_interfaces/srv/COReadID.srv
[13.989s] -- Installing: /home/ub2004/ros2_ws/install/canopen_interfaces/share/canopen_interfaces/srv/COReadID_Request.msg
[13.989s] -- Installing: /home/ub2004/ros2_ws/install/canopen_interfaces/share/canopen_interfaces/srv/COReadID_Response.msg
[13.989s] -- Installing: /home/ub2004/ros2_ws/install/canopen_interfaces/share/canopen_interfaces/srv/COWrite.srv
[13.990s] -- Installing: /home/ub2004/ros2_ws/install/canopen_interfaces/share/canopen_interfaces/srv/COWrite_Request.msg
[13.990s] -- Installing: /home/ub2004/ros2_ws/install/canopen_interfaces/share/canopen_interfaces/srv/COWrite_Response.msg
[13.990s] -- Installing: /home/ub2004/ros2_ws/install/canopen_interfaces/share/canopen_interfaces/srv/COWriteID.srv
[13.990s] -- Installing: /home/ub2004/ros2_ws/install/canopen_interfaces/share/canopen_interfaces/srv/COWriteID_Request.msg
[13.990s] -- Installing: /home/ub2004/ros2_ws/install/canopen_interfaces/share/canopen_interfaces/srv/COWriteID_Response.msg
[13.990s] -- Installing: /home/ub2004/ros2_ws/install/canopen_interfaces/share/canopen_interfaces/srv/COTargetDouble.srv
[13.991s] -- Installing: /home/ub2004/ros2_ws/install/canopen_interfaces/share/canopen_interfaces/srv/COTargetDouble_Request.msg
[13.991s] -- Installing: /home/ub2004/ros2_ws/install/canopen_interfaces/share/canopen_interfaces/srv/COTargetDouble_Response.msg
[13.991s] -- Installing: /home/ub2004/ros2_ws/install/canopen_interfaces/share/canopen_interfaces/srv/CONode.srv
[13.991s] -- Installing: /home/ub2004/ros2_ws/install/canopen_interfaces/share/canopen_interfaces/srv/CONode_Request.msg
[13.991s] -- Installing: /home/ub2004/ros2_ws/install/canopen_interfaces/share/canopen_interfaces/srv/CONode_Response.msg
[13.991s] -- Installing: /home/ub2004/ros2_ws/install/canopen_interfaces/share/canopen_interfaces/msg/COData.msg
[13.992s] -- Installing: /home/ub2004/ros2_ws/install/canopen_interfaces/share/ament_index/resource_index/package_run_dependencies/canopen_interfaces
[13.992s] -- Installing: /home/ub2004/ros2_ws/install/canopen_interfaces/share/ament_index/resource_index/parent_prefix_path/canopen_interfaces
[13.992s] -- Installing: /home/ub2004/ros2_ws/install/canopen_interfaces/share/canopen_interfaces/environment/ament_prefix_path.sh
[13.992s] -- Installing: /home/ub2004/ros2_ws/install/canopen_interfaces/share/canopen_interfaces/environment/ament_prefix_path.dsv
[13.992s] -- Installing: /home/ub2004/ros2_ws/install/canopen_interfaces/share/canopen_interfaces/environment/path.sh
[13.992s] -- Installing: /home/ub2004/ros2_ws/install/canopen_interfaces/share/canopen_interfaces/environment/path.dsv
[13.993s] -- Installing: /home/ub2004/ros2_ws/install/canopen_interfaces/share/canopen_interfaces/local_setup.bash
[13.993s] -- Installing: /home/ub2004/ros2_ws/install/canopen_interfaces/share/canopen_interfaces/local_setup.sh
[13.993s] -- Installing: /home/ub2004/ros2_ws/install/canopen_interfaces/share/canopen_interfaces/local_setup.zsh
[13.993s] -- Installing: /home/ub2004/ros2_ws/install/canopen_interfaces/share/canopen_interfaces/local_setup.dsv
[13.993s] -- Installing: /home/ub2004/ros2_ws/install/canopen_interfaces/share/canopen_interfaces/package.dsv
[13.994s] -- Installing: /home/ub2004/ros2_ws/install/canopen_interfaces/share/ament_index/resource_index/packages/canopen_interfaces
[13.994s] -- Installing: /home/ub2004/ros2_ws/install/canopen_interfaces/share/canopen_interfaces/cmake/export_canopen_interfaces__rosidl_generator_cExport.cmake
[13.994s] -- Installing: /home/ub2004/ros2_ws/install/canopen_interfaces/share/canopen_interfaces/cmake/export_canopen_interfaces__rosidl_generator_cExport-noconfig.cmake
[13.994s] -- Installing: /home/ub2004/ros2_ws/install/canopen_interfaces/share/canopen_interfaces/cmake/export_canopen_interfaces__rosidl_typesupport_fastrtps_cExport.cmake
[13.994s] -- Installing: /home/ub2004/ros2_ws/install/canopen_interfaces/share/canopen_interfaces/cmake/export_canopen_interfaces__rosidl_typesupport_fastrtps_cExport-noconfig.cmake
[13.994s] -- Installing: /home/ub2004/ros2_ws/install/canopen_interfaces/share/canopen_interfaces/cmake/canopen_interfaces__rosidl_typesupport_introspection_cExport.cmake
[13.995s] -- Installing: /home/ub2004/ros2_ws/install/canopen_interfaces/share/canopen_interfaces/cmake/canopen_interfaces__rosidl_typesupport_introspection_cExport-noconfig.cmake
[13.995s] -- Installing: /home/ub2004/ros2_ws/install/canopen_interfaces/share/canopen_interfaces/cmake/canopen_interfaces__rosidl_typesupport_cExport.cmake
[13.995s] -- Installing: /home/ub2004/ros2_ws/install/canopen_interfaces/share/canopen_interfaces/cmake/canopen_interfaces__rosidl_typesupport_cExport-noconfig.cmake
[13.995s] -- Installing: /home/ub2004/ros2_ws/install/canopen_interfaces/share/canopen_interfaces/cmake/export_canopen_interfaces__rosidl_generator_cppExport.cmake
[13.995s] -- Installing: /home/ub2004/ros2_ws/install/canopen_interfaces/share/canopen_interfaces/cmake/export_canopen_interfaces__rosidl_typesupport_fastrtps_cppExport.cmake
[13.996s] -- Installing: /home/ub2004/ros2_ws/install/canopen_interfaces/share/canopen_interfaces/cmake/export_canopen_interfaces__rosidl_typesupport_fastrtps_cppExport-noconfig.cmake
[13.996s] -- Installing: /home/ub2004/ros2_ws/install/canopen_interfaces/share/canopen_interfaces/cmake/canopen_interfaces__rosidl_typesupport_introspection_cppExport.cmake
[13.996s] -- Installing: /home/ub2004/ros2_ws/install/canopen_interfaces/share/canopen_interfaces/cmake/canopen_interfaces__rosidl_typesupport_introspection_cppExport-noconfig.cmake
[13.996s] -- Installing: /home/ub2004/ros2_ws/install/canopen_interfaces/share/canopen_interfaces/cmake/canopen_interfaces__rosidl_typesupport_cppExport.cmake
[13.996s] -- Installing: /home/ub2004/ros2_ws/install/canopen_interfaces/share/canopen_interfaces/cmake/canopen_interfaces__rosidl_typesupport_cppExport-noconfig.cmake
[13.997s] -- Installing: /home/ub2004/ros2_ws/install/canopen_interfaces/share/canopen_interfaces/cmake/export_canopen_interfaces__rosidl_generator_pyExport.cmake
[13.997s] -- Installing: /home/ub2004/ros2_ws/install/canopen_interfaces/share/canopen_interfaces/cmake/export_canopen_interfaces__rosidl_generator_pyExport-noconfig.cmake
[13.997s] -- Installing: /home/ub2004/ros2_ws/install/canopen_interfaces/share/canopen_interfaces/cmake/rosidl_cmake-extras.cmake
[13.997s] -- Installing: /home/ub2004/ros2_ws/install/canopen_interfaces/share/canopen_interfaces/cmake/ament_cmake_export_include_directories-extras.cmake
[13.997s] -- Installing: /home/ub2004/ros2_ws/install/canopen_interfaces/share/canopen_interfaces/cmake/ament_cmake_export_libraries-extras.cmake
[13.997s] -- Installing: /home/ub2004/ros2_ws/install/canopen_interfaces/share/canopen_interfaces/cmake/ament_cmake_export_targets-extras.cmake
[13.998s] -- Installing: /home/ub2004/ros2_ws/install/canopen_interfaces/share/canopen_interfaces/cmake/rosidl_cmake_export_typesupport_targets-extras.cmake
[13.998s] -- Installing: /home/ub2004/ros2_ws/install/canopen_interfaces/share/canopen_interfaces/cmake/ament_cmake_export_dependencies-extras.cmake
[13.998s] -- Installing: /home/ub2004/ros2_ws/install/canopen_interfaces/share/canopen_interfaces/cmake/rosidl_cmake_export_typesupport_libraries-extras.cmake
[13.998s] -- Installing: /home/ub2004/ros2_ws/install/canopen_interfaces/share/canopen_interfaces/cmake/canopen_interfacesConfig.cmake
[13.998s] -- Installing: /home/ub2004/ros2_ws/install/canopen_interfaces/share/canopen_interfaces/cmake/canopen_interfacesConfig-version.cmake
[13.999s] -- Installing: /home/ub2004/ros2_ws/install/canopen_interfaces/share/canopen_interfaces/package.xml
[14.002s] Invoked command in '/home/ub2004/ros2_ws/build/canopen_interfaces' returned '0': CMAKE_PREFIX_PATH=${CMAKE_PREFIX_PATH}:/home/ub2004/ros2_ws/install/urdf_tutorial:/home/ub2004/ros2_ws/install/test_py:/home/ub2004/ros2_ws/install/canopen_utils:/home/ub2004/ros2_ws/install/can_comm:/home/ub2004/ros2_ws/install/agv_pak:/opt/ros/humble /usr/bin/cmake --install /home/ub2004/ros2_ws/build/canopen_interfaces
