[0.025s] Invoking command in '/home/ub2004/ros2_ws/build/canopen_master_driver': CMAKE_PREFIX_PATH=/home/ub2004/ros2_ws/install/canopen_core:/home/ub2004/ros2_ws/install/lely_core_libraries:/home/ub2004/ros2_ws/install/canopen_interfaces:/home/ub2004/ros2_ws/install/canopen_tests:/home/ub2004/ros2_ws/install/canopen_ros2_controllers:/home/ub2004/ros2_ws/install/canopen_ros2_control:/home/ub2004/ros2_ws/install/canopen:/home/ub2004/ros2_ws/install/canopen_402_driver:/home/ub2004/ros2_ws/install/canopen_proxy_driver:/home/ub2004/ros2_ws/install/canopen_master_driver:/home/ub2004/ros2_ws/install/canopen_fake_slaves:/home/ub2004/ros2_ws/install/canopen_base_driver:/home/ub2004/ros2_ws/install/urdf_tutorial:/home/ub2004/ros2_ws/install/test_py:/home/ub2004/ros2_ws/install/canopen_utils:/home/ub2004/ros2_ws/install/can_comm:/home/ub2004/ros2_ws/install/agv_pak:/opt/ros/humble LD_LIBRARY_PATH=/home/ub2004/ros2_ws/install/canopen_core/lib:/home/ub2004/ros2_ws/install/lely_core_libraries/lib:/home/ub2004/ros2_ws/install/canopen_interfaces/lib:/home/ub2004/ros2_ws/install/canopen_ros2_controllers/lib:/home/ub2004/ros2_ws/install/canopen_ros2_control/lib:/home/ub2004/ros2_ws/install/canopen_402_driver/lib:/home/ub2004/ros2_ws/install/canopen_proxy_driver/lib:/home/ub2004/ros2_ws/install/canopen_master_driver/lib:/home/ub2004/ros2_ws/install/canopen_base_driver/lib:/opt/ros/humble/opt/rviz_ogre_vendor/lib:/opt/ros/humble/lib/x86_64-linux-gnu:/opt/ros/humble/lib PYTHONPATH=/home/ub2004/ros2_ws/install/lely_core_libraries/lib/python3.10/site-packages:/home/ub2004/ros2_ws/install/urdf_tutorial/lib/python3.10/site-packages:/home/ub2004/ros2_ws/install/test_py/lib/python3.10/site-packages:/home/ub2004/ros2_ws/install/lely_core_libraries/local/lib/python3.10/dist-packages:/home/ub2004/ros2_ws/install/canopen_utils/lib/python3.10/site-packages:/home/ub2004/ros2_ws/install/canopen_interfaces/local/lib/python3.10/dist-packages:/home/ub2004/ros2_ws/install/can_comm/lib/python3.10/site-packages:/home/ub2004/ros2_ws/install/agv_pak/lib/python3.10/site-packages:/opt/ros/humble/lib/python3.10/site-packages:/opt/ros/humble/local/lib/python3.10/dist-packages /usr/bin/cmake --build /home/ub2004/ros2_ws/build/canopen_master_driver -- -j8 -l8
[0.088s] [35m[1mConsolidate compiler generated dependencies of target lely_master_bridge[0m
[0.094s] [ 11%] Built target gtest_main
[0.099s] [ 22%] Built target gtest
[0.123s] [ 27%] [32mBuilding CXX object CMakeFiles/lely_master_bridge.dir/src/lely_master_bridge.cpp.o[0m
[4.798s] [ 33%] [32m[1mLinking CXX shared library liblely_master_bridge.so[0m
[4.991s] [ 33%] Built target lely_master_bridge
[5.011s] [35m[1mConsolidate compiler generated dependencies of target node_canopen_basic_master[0m
[5.049s] [ 38%] [32mBuilding CXX object CMakeFiles/node_canopen_basic_master.dir/src/node_interfaces/node_canopen_basic_master.cpp.o[0m
[13.480s] [ 44%] [32m[1mLinking CXX shared library libnode_canopen_basic_master.so[0m
[13.838s] [ 44%] Built target node_canopen_basic_master
[13.858s] [35m[1mConsolidate compiler generated dependencies of target lifecycle_master_driver[0m
[13.858s] [35m[1mConsolidate compiler generated dependencies of target master_driver[0m
[13.897s] [ 50%] [32mBuilding CXX object CMakeFiles/master_driver.dir/src/master_driver.cpp.o[0m
[13.900s] [ 55%] [32mBuilding CXX object CMakeFiles/lifecycle_master_driver.dir/src/lifecycle_master_driver.cpp.o[0m
[21.405s] [ 61%] [32m[1mLinking CXX shared library libmaster_driver.so[0m
[21.757s] [ 61%] Built target master_driver
[21.783s] [35m[1mConsolidate compiler generated dependencies of target test_node_canopen_basic_driver[0m
[21.796s] [35m[1mConsolidate compiler generated dependencies of target test_node_canopen_basic_driver_ros[0m
[21.843s] [ 66%] [32mBuilding CXX object test/CMakeFiles/test_node_canopen_basic_driver.dir/test_node_canopen_basic_master.cpp.o[0m
[21.856s] [ 72%] [32mBuilding CXX object test/CMakeFiles/test_node_canopen_basic_driver_ros.dir/test_node_canopen_basic_master_ros.cpp.o[0m
[22.273s] [ 77%] [32m[1mLinking CXX shared library liblifecycle_master_driver.so[0m
[22.784s] [ 77%] Built target lifecycle_master_driver
[22.821s] [35m[1mConsolidate compiler generated dependencies of target test_master_driver_component[0m
[22.877s] [ 83%] [32mBuilding CXX object test/CMakeFiles/test_master_driver_component.dir/test_master_driver_component.cpp.o[0m
[33.287s] [ 88%] [32m[1mLinking CXX executable test_node_canopen_basic_driver_ros[0m
[33.655s] [ 94%] [32m[1mLinking CXX executable test_master_driver_component[0m
[33.868s] [100%] [32m[1mLinking CXX executable test_node_canopen_basic_driver[0m
[33.973s] [100%] Built target test_master_driver_component
[33.984s] [100%] Built target test_node_canopen_basic_driver_ros
[34.309s] [100%] Built target test_node_canopen_basic_driver
[34.324s] Invoked command in '/home/ub2004/ros2_ws/build/canopen_master_driver' returned '0': CMAKE_PREFIX_PATH=/home/ub2004/ros2_ws/install/canopen_core:/home/ub2004/ros2_ws/install/lely_core_libraries:/home/ub2004/ros2_ws/install/canopen_interfaces:/home/ub2004/ros2_ws/install/canopen_tests:/home/ub2004/ros2_ws/install/canopen_ros2_controllers:/home/ub2004/ros2_ws/install/canopen_ros2_control:/home/ub2004/ros2_ws/install/canopen:/home/ub2004/ros2_ws/install/canopen_402_driver:/home/ub2004/ros2_ws/install/canopen_proxy_driver:/home/ub2004/ros2_ws/install/canopen_master_driver:/home/ub2004/ros2_ws/install/canopen_fake_slaves:/home/ub2004/ros2_ws/install/canopen_base_driver:/home/ub2004/ros2_ws/install/urdf_tutorial:/home/ub2004/ros2_ws/install/test_py:/home/ub2004/ros2_ws/install/canopen_utils:/home/ub2004/ros2_ws/install/can_comm:/home/ub2004/ros2_ws/install/agv_pak:/opt/ros/humble LD_LIBRARY_PATH=/home/ub2004/ros2_ws/install/canopen_core/lib:/home/ub2004/ros2_ws/install/lely_core_libraries/lib:/home/ub2004/ros2_ws/install/canopen_interfaces/lib:/home/ub2004/ros2_ws/install/canopen_ros2_controllers/lib:/home/ub2004/ros2_ws/install/canopen_ros2_control/lib:/home/ub2004/ros2_ws/install/canopen_402_driver/lib:/home/ub2004/ros2_ws/install/canopen_proxy_driver/lib:/home/ub2004/ros2_ws/install/canopen_master_driver/lib:/home/ub2004/ros2_ws/install/canopen_base_driver/lib:/opt/ros/humble/opt/rviz_ogre_vendor/lib:/opt/ros/humble/lib/x86_64-linux-gnu:/opt/ros/humble/lib PYTHONPATH=/home/ub2004/ros2_ws/install/lely_core_libraries/lib/python3.10/site-packages:/home/ub2004/ros2_ws/install/urdf_tutorial/lib/python3.10/site-packages:/home/ub2004/ros2_ws/install/test_py/lib/python3.10/site-packages:/home/ub2004/ros2_ws/install/lely_core_libraries/local/lib/python3.10/dist-packages:/home/ub2004/ros2_ws/install/canopen_utils/lib/python3.10/site-packages:/home/ub2004/ros2_ws/install/canopen_interfaces/local/lib/python3.10/dist-packages:/home/ub2004/ros2_ws/install/can_comm/lib/python3.10/site-packages:/home/ub2004/ros2_ws/install/agv_pak/lib/python3.10/site-packages:/opt/ros/humble/lib/python3.10/site-packages:/opt/ros/humble/local/lib/python3.10/dist-packages /usr/bin/cmake --build /home/ub2004/ros2_ws/build/canopen_master_driver -- -j8 -l8
[34.326s] Invoking command in '/home/ub2004/ros2_ws/build/canopen_master_driver': CMAKE_PREFIX_PATH=/home/ub2004/ros2_ws/install/canopen_core:/home/ub2004/ros2_ws/install/lely_core_libraries:/home/ub2004/ros2_ws/install/canopen_interfaces:/home/ub2004/ros2_ws/install/canopen_tests:/home/ub2004/ros2_ws/install/canopen_ros2_controllers:/home/ub2004/ros2_ws/install/canopen_ros2_control:/home/ub2004/ros2_ws/install/canopen:/home/ub2004/ros2_ws/install/canopen_402_driver:/home/ub2004/ros2_ws/install/canopen_proxy_driver:/home/ub2004/ros2_ws/install/canopen_master_driver:/home/ub2004/ros2_ws/install/canopen_fake_slaves:/home/ub2004/ros2_ws/install/canopen_base_driver:/home/ub2004/ros2_ws/install/urdf_tutorial:/home/ub2004/ros2_ws/install/test_py:/home/ub2004/ros2_ws/install/canopen_utils:/home/ub2004/ros2_ws/install/can_comm:/home/ub2004/ros2_ws/install/agv_pak:/opt/ros/humble LD_LIBRARY_PATH=/home/ub2004/ros2_ws/install/canopen_core/lib:/home/ub2004/ros2_ws/install/lely_core_libraries/lib:/home/ub2004/ros2_ws/install/canopen_interfaces/lib:/home/ub2004/ros2_ws/install/canopen_ros2_controllers/lib:/home/ub2004/ros2_ws/install/canopen_ros2_control/lib:/home/ub2004/ros2_ws/install/canopen_402_driver/lib:/home/ub2004/ros2_ws/install/canopen_proxy_driver/lib:/home/ub2004/ros2_ws/install/canopen_master_driver/lib:/home/ub2004/ros2_ws/install/canopen_base_driver/lib:/opt/ros/humble/opt/rviz_ogre_vendor/lib:/opt/ros/humble/lib/x86_64-linux-gnu:/opt/ros/humble/lib PYTHONPATH=/home/ub2004/ros2_ws/install/lely_core_libraries/lib/python3.10/site-packages:/home/ub2004/ros2_ws/install/urdf_tutorial/lib/python3.10/site-packages:/home/ub2004/ros2_ws/install/test_py/lib/python3.10/site-packages:/home/ub2004/ros2_ws/install/lely_core_libraries/local/lib/python3.10/dist-packages:/home/ub2004/ros2_ws/install/canopen_utils/lib/python3.10/site-packages:/home/ub2004/ros2_ws/install/canopen_interfaces/local/lib/python3.10/dist-packages:/home/ub2004/ros2_ws/install/can_comm/lib/python3.10/site-packages:/home/ub2004/ros2_ws/install/agv_pak/lib/python3.10/site-packages:/opt/ros/humble/lib/python3.10/site-packages:/opt/ros/humble/local/lib/python3.10/dist-packages /usr/bin/cmake --install /home/ub2004/ros2_ws/build/canopen_master_driver
[34.335s] -- Install configuration: ""
[34.335s] -- Up-to-date: /home/ub2004/ros2_ws/install/canopen_master_driver/include
[34.335s] -- Up-to-date: /home/ub2004/ros2_ws/install/canopen_master_driver/include/canopen_master_driver
[34.335s] -- Up-to-date: /home/ub2004/ros2_ws/install/canopen_master_driver/include/canopen_master_driver/lely_master_bridge.hpp
[34.335s] -- Up-to-date: /home/ub2004/ros2_ws/install/canopen_master_driver/include/canopen_master_driver/lifecycle_master_driver.hpp
[34.336s] -- Up-to-date: /home/ub2004/ros2_ws/install/canopen_master_driver/include/canopen_master_driver/node_interfaces
[34.336s] -- Up-to-date: /home/ub2004/ros2_ws/install/canopen_master_driver/include/canopen_master_driver/node_interfaces/node_canopen_basic_master_impl.hpp
[34.336s] -- Up-to-date: /home/ub2004/ros2_ws/install/canopen_master_driver/include/canopen_master_driver/node_interfaces/node_canopen_basic_master.hpp
[34.336s] -- Up-to-date: /home/ub2004/ros2_ws/install/canopen_master_driver/include/canopen_master_driver/visibility_control.h
[34.336s] -- Up-to-date: /home/ub2004/ros2_ws/install/canopen_master_driver/include/canopen_master_driver/master_driver.hpp
[34.336s] -- Installing: /home/ub2004/ros2_ws/install/canopen_master_driver/lib/liblifecycle_master_driver.so
[34.337s] -- Set runtime path of "/home/ub2004/ros2_ws/install/canopen_master_driver/lib/liblifecycle_master_driver.so" to ""
[34.337s] -- Installing: /home/ub2004/ros2_ws/install/canopen_master_driver/lib/libmaster_driver.so
[34.339s] -- Set runtime path of "/home/ub2004/ros2_ws/install/canopen_master_driver/lib/libmaster_driver.so" to ""
[34.339s] -- Installing: /home/ub2004/ros2_ws/install/canopen_master_driver/lib/libnode_canopen_basic_master.so
[34.343s] -- Set runtime path of "/home/ub2004/ros2_ws/install/canopen_master_driver/lib/libnode_canopen_basic_master.so" to ""
[34.343s] -- Installing: /home/ub2004/ros2_ws/install/canopen_master_driver/lib/liblely_master_bridge.so
[34.344s] -- Set runtime path of "/home/ub2004/ros2_ws/install/canopen_master_driver/lib/liblely_master_bridge.so" to ""
[34.344s] -- Up-to-date: /home/ub2004/ros2_ws/install/canopen_master_driver/share/canopen_master_driver/environment/library_path.sh
[34.345s] -- Up-to-date: /home/ub2004/ros2_ws/install/canopen_master_driver/share/canopen_master_driver/environment/library_path.dsv
[34.345s] -- Up-to-date: /home/ub2004/ros2_ws/install/canopen_master_driver/share/ament_index/resource_index/package_run_dependencies/canopen_master_driver
[34.345s] -- Up-to-date: /home/ub2004/ros2_ws/install/canopen_master_driver/share/ament_index/resource_index/parent_prefix_path/canopen_master_driver
[34.345s] -- Up-to-date: /home/ub2004/ros2_ws/install/canopen_master_driver/share/canopen_master_driver/environment/ament_prefix_path.sh
[34.345s] -- Up-to-date: /home/ub2004/ros2_ws/install/canopen_master_driver/share/canopen_master_driver/environment/ament_prefix_path.dsv
[34.345s] -- Up-to-date: /home/ub2004/ros2_ws/install/canopen_master_driver/share/canopen_master_driver/environment/path.sh
[34.345s] -- Up-to-date: /home/ub2004/ros2_ws/install/canopen_master_driver/share/canopen_master_driver/environment/path.dsv
[34.345s] -- Up-to-date: /home/ub2004/ros2_ws/install/canopen_master_driver/share/canopen_master_driver/local_setup.bash
[34.346s] -- Up-to-date: /home/ub2004/ros2_ws/install/canopen_master_driver/share/canopen_master_driver/local_setup.sh
[34.346s] -- Up-to-date: /home/ub2004/ros2_ws/install/canopen_master_driver/share/canopen_master_driver/local_setup.zsh
[34.346s] -- Up-to-date: /home/ub2004/ros2_ws/install/canopen_master_driver/share/canopen_master_driver/local_setup.dsv
[34.346s] -- Installing: /home/ub2004/ros2_ws/install/canopen_master_driver/share/canopen_master_driver/package.dsv
[34.346s] -- Up-to-date: /home/ub2004/ros2_ws/install/canopen_master_driver/share/ament_index/resource_index/packages/canopen_master_driver
[34.346s] -- Up-to-date: /home/ub2004/ros2_ws/install/canopen_master_driver/share/ament_index/resource_index/rclcpp_components/canopen_master_driver
[34.346s] -- Up-to-date: /home/ub2004/ros2_ws/install/canopen_master_driver/share/canopen_master_driver/cmake/export_canopen_master_driverExport.cmake
[34.346s] -- Up-to-date: /home/ub2004/ros2_ws/install/canopen_master_driver/share/canopen_master_driver/cmake/export_canopen_master_driverExport-noconfig.cmake
[34.346s] -- Up-to-date: /home/ub2004/ros2_ws/install/canopen_master_driver/share/canopen_master_driver/cmake/ament_cmake_export_include_directories-extras.cmake
[34.346s] -- Up-to-date: /home/ub2004/ros2_ws/install/canopen_master_driver/share/canopen_master_driver/cmake/ament_cmake_export_libraries-extras.cmake
[34.346s] -- Up-to-date: /home/ub2004/ros2_ws/install/canopen_master_driver/share/canopen_master_driver/cmake/ament_cmake_export_targets-extras.cmake
[34.347s] -- Up-to-date: /home/ub2004/ros2_ws/install/canopen_master_driver/share/canopen_master_driver/cmake/ament_cmake_export_dependencies-extras.cmake
[34.347s] -- Up-to-date: /home/ub2004/ros2_ws/install/canopen_master_driver/share/canopen_master_driver/cmake/canopen_master_driverConfig.cmake
[34.347s] -- Up-to-date: /home/ub2004/ros2_ws/install/canopen_master_driver/share/canopen_master_driver/cmake/canopen_master_driverConfig-version.cmake
[34.347s] -- Up-to-date: /home/ub2004/ros2_ws/install/canopen_master_driver/share/canopen_master_driver/package.xml
[34.349s] Invoked command in '/home/ub2004/ros2_ws/build/canopen_master_driver' returned '0': CMAKE_PREFIX_PATH=/home/ub2004/ros2_ws/install/canopen_core:/home/ub2004/ros2_ws/install/lely_core_libraries:/home/ub2004/ros2_ws/install/canopen_interfaces:/home/ub2004/ros2_ws/install/canopen_tests:/home/ub2004/ros2_ws/install/canopen_ros2_controllers:/home/ub2004/ros2_ws/install/canopen_ros2_control:/home/ub2004/ros2_ws/install/canopen:/home/ub2004/ros2_ws/install/canopen_402_driver:/home/ub2004/ros2_ws/install/canopen_proxy_driver:/home/ub2004/ros2_ws/install/canopen_master_driver:/home/ub2004/ros2_ws/install/canopen_fake_slaves:/home/ub2004/ros2_ws/install/canopen_base_driver:/home/ub2004/ros2_ws/install/urdf_tutorial:/home/ub2004/ros2_ws/install/test_py:/home/ub2004/ros2_ws/install/canopen_utils:/home/ub2004/ros2_ws/install/can_comm:/home/ub2004/ros2_ws/install/agv_pak:/opt/ros/humble LD_LIBRARY_PATH=/home/ub2004/ros2_ws/install/canopen_core/lib:/home/ub2004/ros2_ws/install/lely_core_libraries/lib:/home/ub2004/ros2_ws/install/canopen_interfaces/lib:/home/ub2004/ros2_ws/install/canopen_ros2_controllers/lib:/home/ub2004/ros2_ws/install/canopen_ros2_control/lib:/home/ub2004/ros2_ws/install/canopen_402_driver/lib:/home/ub2004/ros2_ws/install/canopen_proxy_driver/lib:/home/ub2004/ros2_ws/install/canopen_master_driver/lib:/home/ub2004/ros2_ws/install/canopen_base_driver/lib:/opt/ros/humble/opt/rviz_ogre_vendor/lib:/opt/ros/humble/lib/x86_64-linux-gnu:/opt/ros/humble/lib PYTHONPATH=/home/ub2004/ros2_ws/install/lely_core_libraries/lib/python3.10/site-packages:/home/ub2004/ros2_ws/install/urdf_tutorial/lib/python3.10/site-packages:/home/ub2004/ros2_ws/install/test_py/lib/python3.10/site-packages:/home/ub2004/ros2_ws/install/lely_core_libraries/local/lib/python3.10/dist-packages:/home/ub2004/ros2_ws/install/canopen_utils/lib/python3.10/site-packages:/home/ub2004/ros2_ws/install/canopen_interfaces/local/lib/python3.10/dist-packages:/home/ub2004/ros2_ws/install/can_comm/lib/python3.10/site-packages:/home/ub2004/ros2_ws/install/agv_pak/lib/python3.10/site-packages:/opt/ros/humble/lib/python3.10/site-packages:/opt/ros/humble/local/lib/python3.10/dist-packages /usr/bin/cmake --install /home/ub2004/ros2_ws/build/canopen_master_driver
