[0.982s] Invoking command in '/home/ub2004/ros2_ws/src/ros2_canopen/canopen_utils': CMAKE_PREFIX_PATH=/home/ub2004/ros2_ws/install/canopen_interfaces:/home/ub2004/ros2_ws/install/canopen_tests:/home/ub2004/ros2_ws/install/canopen_ros2_controllers:/home/ub2004/ros2_ws/install/canopen_ros2_control:/home/ub2004/ros2_ws/install/canopen:/home/ub2004/ros2_ws/install/canopen_402_driver:/home/ub2004/ros2_ws/install/canopen_proxy_driver:/home/ub2004/ros2_ws/install/canopen_master_driver:/home/ub2004/ros2_ws/install/canopen_fake_slaves:/home/ub2004/ros2_ws/install/canopen_base_driver:/home/ub2004/ros2_ws/install/canopen_core:/home/ub2004/ros2_ws/install/lely_core_libraries LD_LIBRARY_PATH=/home/ub2004/ros2_ws/install/canopen_interfaces/lib:/home/ub2004/ros2_ws/install/canopen_ros2_controllers/lib:/home/ub2004/ros2_ws/install/canopen_ros2_control/lib:/home/ub2004/ros2_ws/install/canopen_402_driver/lib:/home/ub2004/ros2_ws/install/canopen_proxy_driver/lib:/home/ub2004/ros2_ws/install/canopen_master_driver/lib:/home/ub2004/ros2_ws/install/canopen_base_driver/lib:/home/ub2004/ros2_ws/install/canopen_core/lib:/home/ub2004/ros2_ws/install/lely_core_libraries/lib:/opt/ros/humble/opt/rviz_ogre_vendor/lib:/opt/ros/humble/lib/x86_64-linux-gnu:/opt/ros/humble/lib PYTHONPATH=/home/ub2004/ros2_ws/build/canopen_utils/prefix_override:/usr/lib/python3/dist-packages/colcon_core/task/python/colcon_distutils_commands:/home/ub2004/ros2_ws/install/canopen_utils/lib/python3.10/site-packages:${PYTHONPATH} /usr/bin/python3 -W ignore:setup.py install is deprecated -W ignore:easy_install command is deprecated setup.py egg_info --egg-base ../../../build/canopen_utils build --build-base /home/ub2004/ros2_ws/build/canopen_utils/build install --record /home/ub2004/ros2_ws/build/canopen_utils/install.log --single-version-externally-managed install_data
[1.252s] running egg_info
[1.253s] writing ../../../build/canopen_utils/canopen_utils.egg-info/PKG-INFO
[1.257s] writing dependency_links to ../../../build/canopen_utils/canopen_utils.egg-info/dependency_links.txt
[1.257s] writing entry points to ../../../build/canopen_utils/canopen_utils.egg-info/entry_points.txt
[1.257s] writing requirements to ../../../build/canopen_utils/canopen_utils.egg-info/requires.txt
[1.258s] writing top-level names to ../../../build/canopen_utils/canopen_utils.egg-info/top_level.txt
[1.260s] reading manifest file '../../../build/canopen_utils/canopen_utils.egg-info/SOURCES.txt'
[1.261s] adding license file 'LICENSE'
[1.261s] writing manifest file '../../../build/canopen_utils/canopen_utils.egg-info/SOURCES.txt'
[1.261s] running build
[1.262s] running build_py
[1.262s] running install
[1.262s] running install_lib
[1.265s] running install_data
[1.265s] running install_egg_info
[1.267s] removing '/home/ub2004/ros2_ws/install/canopen_utils/lib/python3.10/site-packages/canopen_utils-0.2.11-py3.10.egg-info' (and everything under it)
[1.267s] Copying ../../../build/canopen_utils/canopen_utils.egg-info to /home/ub2004/ros2_ws/install/canopen_utils/lib/python3.10/site-packages/canopen_utils-0.2.11-py3.10.egg-info
[1.269s] running install_scripts
[1.291s] Installing cyclic_tester script to /home/ub2004/ros2_ws/install/canopen_utils/lib/canopen_utils
[1.292s] Installing simple_tester script to /home/ub2004/ros2_ws/install/canopen_utils/lib/canopen_utils
[1.292s] writing list of installed files to '/home/ub2004/ros2_ws/build/canopen_utils/install.log'
[1.318s] Invoked command in '/home/ub2004/ros2_ws/src/ros2_canopen/canopen_utils' returned '0': CMAKE_PREFIX_PATH=/home/ub2004/ros2_ws/install/canopen_interfaces:/home/ub2004/ros2_ws/install/canopen_tests:/home/ub2004/ros2_ws/install/canopen_ros2_controllers:/home/ub2004/ros2_ws/install/canopen_ros2_control:/home/ub2004/ros2_ws/install/canopen:/home/ub2004/ros2_ws/install/canopen_402_driver:/home/ub2004/ros2_ws/install/canopen_proxy_driver:/home/ub2004/ros2_ws/install/canopen_master_driver:/home/ub2004/ros2_ws/install/canopen_fake_slaves:/home/ub2004/ros2_ws/install/canopen_base_driver:/home/ub2004/ros2_ws/install/canopen_core:/home/ub2004/ros2_ws/install/lely_core_libraries LD_LIBRARY_PATH=/home/ub2004/ros2_ws/install/canopen_interfaces/lib:/home/ub2004/ros2_ws/install/canopen_ros2_controllers/lib:/home/ub2004/ros2_ws/install/canopen_ros2_control/lib:/home/ub2004/ros2_ws/install/canopen_402_driver/lib:/home/ub2004/ros2_ws/install/canopen_proxy_driver/lib:/home/ub2004/ros2_ws/install/canopen_master_driver/lib:/home/ub2004/ros2_ws/install/canopen_base_driver/lib:/home/ub2004/ros2_ws/install/canopen_core/lib:/home/ub2004/ros2_ws/install/lely_core_libraries/lib:/opt/ros/humble/opt/rviz_ogre_vendor/lib:/opt/ros/humble/lib/x86_64-linux-gnu:/opt/ros/humble/lib PYTHONPATH=/home/ub2004/ros2_ws/build/canopen_utils/prefix_override:/usr/lib/python3/dist-packages/colcon_core/task/python/colcon_distutils_commands:/home/ub2004/ros2_ws/install/canopen_utils/lib/python3.10/site-packages:${PYTHONPATH} /usr/bin/python3 -W ignore:setup.py install is deprecated -W ignore:easy_install command is deprecated setup.py egg_info --egg-base ../../../build/canopen_utils build --build-base /home/ub2004/ros2_ws/build/canopen_utils/build install --record /home/ub2004/ros2_ws/build/canopen_utils/install.log --single-version-externally-managed install_data
