[0.032s] Invoking command in '/home/ub2004/ros2_ws/src/build/canopen_ros2_controllers': AMENT_PREFIX_PATH=/home/ub2004/ros2_ws/src/install/canopen_402_driver:/home/ub2004/ros2_ws/src/install/canopen_proxy_driver:/home/ub2004/ros2_ws/src/install/canopen_base_driver:/home/ub2004/ros2_ws/src/install/canopen_core:/home/ub2004/ros2_ws/src/install/lely_core_libraries:/home/ub2004/ros2_ws/src/install/canopen_interfaces:${AMENT_PREFIX_PATH} CMAKE_PREFIX_PATH=/home/ub2004/ros2_ws/src/install/canopen_402_driver:/home/ub2004/ros2_ws/src/install/canopen_proxy_driver:/home/ub2004/ros2_ws/src/install/canopen_base_driver:/home/ub2004/ros2_ws/src/install/canopen_core:/home/ub2004/ros2_ws/src/install/lely_core_libraries:/home/ub2004/ros2_ws/src/install/canopen_interfaces:/home/ub2004/ros2_ws/install/canopen_tests:/home/ub2004/ros2_ws/install/canopen_ros2_controllers:/home/ub2004/ros2_ws/install/canopen_ros2_control:/home/ub2004/ros2_ws/install/canopen:/home/ub2004/ros2_ws/install/canopen_402_driver:/home/ub2004/ros2_ws/install/canopen_proxy_driver:/home/ub2004/ros2_ws/install/canopen_master_driver:/home/ub2004/ros2_ws/install/canopen_fake_slaves:/home/ub2004/ros2_ws/install/canopen_base_driver:/home/ub2004/ros2_ws/install/canopen_core:/home/ub2004/ros2_ws/install/lely_core_libraries:/home/ub2004/ros2_ws/install/canopen_interfaces:/home/ub2004/ros2_ws/install/urdf_tutorial:/home/ub2004/ros2_ws/install/test_py:/home/ub2004/ros2_ws/install/canopen_utils:/home/ub2004/ros2_ws/install/can_comm:/home/ub2004/ros2_ws/install/agv_pak:/opt/ros/humble LD_LIBRARY_PATH=/home/ub2004/ros2_ws/src/install/canopen_402_driver/lib:/home/ub2004/ros2_ws/src/install/canopen_proxy_driver/lib:/home/ub2004/ros2_ws/src/install/canopen_base_driver/lib:/home/ub2004/ros2_ws/src/install/canopen_core/lib:/home/ub2004/ros2_ws/src/install/lely_core_libraries/lib:/home/ub2004/ros2_ws/src/install/canopen_interfaces/lib:${LD_LIBRARY_PATH} PATH=/home/ub2004/ros2_ws/src/install/lely_core_libraries/bin:${PATH} PYTHONPATH=/home/ub2004/ros2_ws/src/install/lely_core_libraries/local/lib/python3.10/dist-packages:/home/ub2004/ros2_ws/src/install/lely_core_libraries/lib/python3.10/site-packages:/home/ub2004/ros2_ws/src/install/canopen_interfaces/local/lib/python3.10/dist-packages:${PYTHONPATH} /usr/bin/cmake /home/ub2004/ros2_ws/src/ros2_canopen/canopen_ros2_controllers -DCMAKE_INSTALL_PREFIX=/home/ub2004/ros2_ws/src/install/canopen_ros2_controllers
[0.108s] -- The C compiler identification is GNU 11.4.0
[0.183s] -- The CXX compiler identification is GNU 11.4.0
[0.191s] -- Detecting C compiler ABI info
[0.282s] -- Detecting C compiler ABI info - done
[0.291s] -- Check for working C compiler: /usr/bin/cc - skipped
[0.291s] -- Detecting C compile features
[0.292s] -- Detecting C compile features - done
[0.295s] -- Detecting CXX compiler ABI info
[0.398s] -- Detecting CXX compiler ABI info - done
[0.413s] -- Check for working CXX compiler: /usr/bin/c++ - skipped
[0.413s] -- Detecting CXX compile features
[0.414s] -- Detecting CXX compile features - done
[0.421s] -- Found ament_cmake: 1.3.11 (/opt/ros/humble/share/ament_cmake/cmake)
[0.638s] -- Found Python3: /usr/bin/python3 (found version "3.10.12") found components: Interpreter 
[0.785s] -- Found canopen_402_driver: 0.2.11 (/home/ub2004/ros2_ws/src/install/canopen_402_driver/share/canopen_402_driver/cmake)
[1.007s] -- Found Boost: /usr/lib/x86_64-linux-gnu/cmake/Boost-1.74.0/BoostConfig.cmake (found version "1.74.0") found components: system thread 
[1.070s] -- Found rosidl_generator_c: 3.1.6 (/opt/ros/humble/share/rosidl_generator_c/cmake)
[1.081s] -- Found rosidl_adapter: 3.1.6 (/opt/ros/humble/share/rosidl_adapter/cmake)
[1.094s] -- Found rosidl_generator_cpp: 3.1.6 (/opt/ros/humble/share/rosidl_generator_cpp/cmake)
[1.114s] -- Using all available rosidl_typesupport_c: rosidl_typesupport_fastrtps_c;rosidl_typesupport_introspection_c
[1.140s] -- Using all available rosidl_typesupport_cpp: rosidl_typesupport_fastrtps_cpp;rosidl_typesupport_introspection_cpp
[1.265s] -- Found rmw_implementation_cmake: 6.1.2 (/opt/ros/humble/share/rmw_implementation_cmake/cmake)
[1.271s] -- Found rmw_fastrtps_cpp: 6.2.7 (/opt/ros/humble/share/rmw_fastrtps_cpp/cmake)
[1.402s] -- Found OpenSSL: /usr/lib/x86_64-linux-gnu/libcrypto.so (found version "3.0.2")  
[1.438s] -- Found FastRTPS: /opt/ros/humble/include  
[1.487s] -- Using RMW implementation 'rmw_fastrtps_cpp' as default
[1.505s] -- Found Threads: TRUE  
[1.753s] -- Found controller_interface: 2.48.0 (/opt/ros/humble/share/controller_interface/cmake)
[1.919s] -- Found controller_manager: 2.48.0 (/opt/ros/humble/share/controller_manager/cmake)
[2.112s] -- Configuring done
[2.183s] -- Generating done
[2.191s] -- Build files have been written to: /home/ub2004/ros2_ws/src/build/canopen_ros2_controllers
[2.204s] Invoked command in '/home/ub2004/ros2_ws/src/build/canopen_ros2_controllers' returned '0': AMENT_PREFIX_PATH=/home/ub2004/ros2_ws/src/install/canopen_402_driver:/home/ub2004/ros2_ws/src/install/canopen_proxy_driver:/home/ub2004/ros2_ws/src/install/canopen_base_driver:/home/ub2004/ros2_ws/src/install/canopen_core:/home/ub2004/ros2_ws/src/install/lely_core_libraries:/home/ub2004/ros2_ws/src/install/canopen_interfaces:${AMENT_PREFIX_PATH} CMAKE_PREFIX_PATH=/home/ub2004/ros2_ws/src/install/canopen_402_driver:/home/ub2004/ros2_ws/src/install/canopen_proxy_driver:/home/ub2004/ros2_ws/src/install/canopen_base_driver:/home/ub2004/ros2_ws/src/install/canopen_core:/home/ub2004/ros2_ws/src/install/lely_core_libraries:/home/ub2004/ros2_ws/src/install/canopen_interfaces:/home/ub2004/ros2_ws/install/canopen_tests:/home/ub2004/ros2_ws/install/canopen_ros2_controllers:/home/ub2004/ros2_ws/install/canopen_ros2_control:/home/ub2004/ros2_ws/install/canopen:/home/ub2004/ros2_ws/install/canopen_402_driver:/home/ub2004/ros2_ws/install/canopen_proxy_driver:/home/ub2004/ros2_ws/install/canopen_master_driver:/home/ub2004/ros2_ws/install/canopen_fake_slaves:/home/ub2004/ros2_ws/install/canopen_base_driver:/home/ub2004/ros2_ws/install/canopen_core:/home/ub2004/ros2_ws/install/lely_core_libraries:/home/ub2004/ros2_ws/install/canopen_interfaces:/home/ub2004/ros2_ws/install/urdf_tutorial:/home/ub2004/ros2_ws/install/test_py:/home/ub2004/ros2_ws/install/canopen_utils:/home/ub2004/ros2_ws/install/can_comm:/home/ub2004/ros2_ws/install/agv_pak:/opt/ros/humble LD_LIBRARY_PATH=/home/ub2004/ros2_ws/src/install/canopen_402_driver/lib:/home/ub2004/ros2_ws/src/install/canopen_proxy_driver/lib:/home/ub2004/ros2_ws/src/install/canopen_base_driver/lib:/home/ub2004/ros2_ws/src/install/canopen_core/lib:/home/ub2004/ros2_ws/src/install/lely_core_libraries/lib:/home/ub2004/ros2_ws/src/install/canopen_interfaces/lib:${LD_LIBRARY_PATH} PATH=/home/ub2004/ros2_ws/src/install/lely_core_libraries/bin:${PATH} PYTHONPATH=/home/ub2004/ros2_ws/src/install/lely_core_libraries/local/lib/python3.10/dist-packages:/home/ub2004/ros2_ws/src/install/lely_core_libraries/lib/python3.10/site-packages:/home/ub2004/ros2_ws/src/install/canopen_interfaces/local/lib/python3.10/dist-packages:${PYTHONPATH} /usr/bin/cmake /home/ub2004/ros2_ws/src/ros2_canopen/canopen_ros2_controllers -DCMAKE_INSTALL_PREFIX=/home/ub2004/ros2_ws/src/install/canopen_ros2_controllers
[2.207s] Invoking command in '/home/ub2004/ros2_ws/src/build/canopen_ros2_controllers': AMENT_PREFIX_PATH=/home/ub2004/ros2_ws/src/install/canopen_402_driver:/home/ub2004/ros2_ws/src/install/canopen_proxy_driver:/home/ub2004/ros2_ws/src/install/canopen_base_driver:/home/ub2004/ros2_ws/src/install/canopen_core:/home/ub2004/ros2_ws/src/install/lely_core_libraries:/home/ub2004/ros2_ws/src/install/canopen_interfaces:${AMENT_PREFIX_PATH} CMAKE_PREFIX_PATH=/home/ub2004/ros2_ws/src/install/canopen_402_driver:/home/ub2004/ros2_ws/src/install/canopen_proxy_driver:/home/ub2004/ros2_ws/src/install/canopen_base_driver:/home/ub2004/ros2_ws/src/install/canopen_core:/home/ub2004/ros2_ws/src/install/lely_core_libraries:/home/ub2004/ros2_ws/src/install/canopen_interfaces:/home/ub2004/ros2_ws/install/canopen_tests:/home/ub2004/ros2_ws/install/canopen_ros2_controllers:/home/ub2004/ros2_ws/install/canopen_ros2_control:/home/ub2004/ros2_ws/install/canopen:/home/ub2004/ros2_ws/install/canopen_402_driver:/home/ub2004/ros2_ws/install/canopen_proxy_driver:/home/ub2004/ros2_ws/install/canopen_master_driver:/home/ub2004/ros2_ws/install/canopen_fake_slaves:/home/ub2004/ros2_ws/install/canopen_base_driver:/home/ub2004/ros2_ws/install/canopen_core:/home/ub2004/ros2_ws/install/lely_core_libraries:/home/ub2004/ros2_ws/install/canopen_interfaces:/home/ub2004/ros2_ws/install/urdf_tutorial:/home/ub2004/ros2_ws/install/test_py:/home/ub2004/ros2_ws/install/canopen_utils:/home/ub2004/ros2_ws/install/can_comm:/home/ub2004/ros2_ws/install/agv_pak:/opt/ros/humble LD_LIBRARY_PATH=/home/ub2004/ros2_ws/src/install/canopen_402_driver/lib:/home/ub2004/ros2_ws/src/install/canopen_proxy_driver/lib:/home/ub2004/ros2_ws/src/install/canopen_base_driver/lib:/home/ub2004/ros2_ws/src/install/canopen_core/lib:/home/ub2004/ros2_ws/src/install/lely_core_libraries/lib:/home/ub2004/ros2_ws/src/install/canopen_interfaces/lib:${LD_LIBRARY_PATH} PATH=/home/ub2004/ros2_ws/src/install/lely_core_libraries/bin:${PATH} PYTHONPATH=/home/ub2004/ros2_ws/src/install/lely_core_libraries/local/lib/python3.10/dist-packages:/home/ub2004/ros2_ws/src/install/lely_core_libraries/lib/python3.10/site-packages:/home/ub2004/ros2_ws/src/install/canopen_interfaces/local/lib/python3.10/dist-packages:${PYTHONPATH} /usr/bin/cmake --build /home/ub2004/ros2_ws/src/build/canopen_ros2_controllers -- -j8 -l8
[2.274s] [ 33%] [32mBuilding CXX object CMakeFiles/canopen_ros2_controllers.dir/src/canopen_proxy_controller.cpp.o[0m
[2.275s] [ 66%] [32mBuilding CXX object CMakeFiles/canopen_ros2_controllers.dir/src/cia402_device_controller.cpp.o[0m
[7.002s] In file included from [01m[K/home/ub2004/ros2_ws/src/ros2_canopen/canopen_ros2_controllers/include/canopen_ros2_controllers/canopen_proxy_controller.hpp:29[m[K,
[7.002s]                  from [01m[K/home/ub2004/ros2_ws/src/ros2_canopen/canopen_ros2_controllers/src/canopen_proxy_controller.cpp:15[m[K:
[7.002s] [01m[K/opt/ros/humble/include/realtime_tools/realtime_tools/realtime_buffer.h:22:100:[m[K [01;36m[Knote: [m[K‘[01m[K#pragma message: This header include is deprecated. Please update your code to use 'realtime_buffer.hpp' header.[m[K’
[7.002s]    22 | include is deprecated. Please update your code to use 'realtime_buffer.hpp' header."[01;36m[K)[m[K  //NOLINT
[7.002s]       |                                                                                     [01;36m[K^[m[K
[7.002s] 
[7.002s] In file included from [01m[K/home/ub2004/ros2_ws/src/ros2_canopen/canopen_ros2_controllers/include/canopen_ros2_controllers/canopen_proxy_controller.hpp:30[m[K,
[7.003s]                  from [01m[K/home/ub2004/ros2_ws/src/ros2_canopen/canopen_ros2_controllers/src/canopen_proxy_controller.cpp:15[m[K:
[7.003s] [01m[K/opt/ros/humble/include/realtime_tools/realtime_tools/realtime_publisher.h:22:103:[m[K [01;36m[Knote: [m[K‘[01m[K#pragma message: This header include is deprecated. Please update your code to use 'realtime_publisher.hpp' header.[m[K’
[7.003s]    22 | lude is deprecated. Please update your code to use 'realtime_publisher.hpp' header."[01;36m[K)[m[K  //NOLINT
[7.003s]       |                                                                                     [01;36m[K^[m[K
[7.003s] 
[8.230s] In file included from [01m[K/home/ub2004/ros2_ws/src/ros2_canopen/canopen_ros2_controllers/include/canopen_ros2_controllers/canopen_proxy_controller.hpp:29[m[K,
[8.230s]                  from [01m[K/home/ub2004/ros2_ws/src/ros2_canopen/canopen_ros2_controllers/include/canopen_ros2_controllers/cia402_device_controller.hpp:19[m[K,
[8.230s]                  from [01m[K/home/ub2004/ros2_ws/src/ros2_canopen/canopen_ros2_controllers/src/cia402_device_controller.cpp:15[m[K:
[8.230s] [01m[K/opt/ros/humble/include/realtime_tools/realtime_tools/realtime_buffer.h:22:100:[m[K [01;36m[Knote: [m[K‘[01m[K#pragma message: This header include is deprecated. Please update your code to use 'realtime_buffer.hpp' header.[m[K’
[8.230s]    22 |   "This header include is deprecated. Please update your code to use 'realtime_buffer.hpp' header."[01;36m[K)[m[K  //NOLINT
[8.231s]       |                                                                                                    [01;36m[K^[m[K
[8.231s] In file included from [01m[K/home/ub2004/ros2_ws/src/ros2_canopen/canopen_ros2_controllers/include/canopen_ros2_controllers/canopen_proxy_controller.hpp:30[m[K,
[8.231s]                  from [01m[K/home/ub2004/ros2_ws/src/ros2_canopen/canopen_ros2_controllers/include/canopen_ros2_controllers/cia402_device_controller.hpp:19[m[K,
[8.231s]                  from [01m[K/home/ub2004/ros2_ws/src/ros2_canopen/canopen_ros2_controllers/src/cia402_device_controller.cpp:15[m[K:
[8.232s] [01m[K/opt/ros/humble/include/realtime_tools/realtime_tools/realtime_publisher.h:22:103:[m[K [01;36m[Knote: [m[K‘[01m[K#pragma message: This header include is deprecated. Please update your code to use 'realtime_publisher.hpp' header.[m[K’
[8.232s]    22 |   "This header include is deprecated. Please update your code to use 'realtime_publisher.hpp' header."[01;36m[K)[m[K  //NOLINT
[8.232s]       |                                                                                                       [01;36m[K^[m[K
[21.562s] [100%] [32m[1mLinking CXX shared library libcanopen_ros2_controllers.so[0m
[22.550s] [100%] Built target canopen_ros2_controllers
[22.564s] Invoked command in '/home/ub2004/ros2_ws/src/build/canopen_ros2_controllers' returned '0': AMENT_PREFIX_PATH=/home/ub2004/ros2_ws/src/install/canopen_402_driver:/home/ub2004/ros2_ws/src/install/canopen_proxy_driver:/home/ub2004/ros2_ws/src/install/canopen_base_driver:/home/ub2004/ros2_ws/src/install/canopen_core:/home/ub2004/ros2_ws/src/install/lely_core_libraries:/home/ub2004/ros2_ws/src/install/canopen_interfaces:${AMENT_PREFIX_PATH} CMAKE_PREFIX_PATH=/home/ub2004/ros2_ws/src/install/canopen_402_driver:/home/ub2004/ros2_ws/src/install/canopen_proxy_driver:/home/ub2004/ros2_ws/src/install/canopen_base_driver:/home/ub2004/ros2_ws/src/install/canopen_core:/home/ub2004/ros2_ws/src/install/lely_core_libraries:/home/ub2004/ros2_ws/src/install/canopen_interfaces:/home/ub2004/ros2_ws/install/canopen_tests:/home/ub2004/ros2_ws/install/canopen_ros2_controllers:/home/ub2004/ros2_ws/install/canopen_ros2_control:/home/ub2004/ros2_ws/install/canopen:/home/ub2004/ros2_ws/install/canopen_402_driver:/home/ub2004/ros2_ws/install/canopen_proxy_driver:/home/ub2004/ros2_ws/install/canopen_master_driver:/home/ub2004/ros2_ws/install/canopen_fake_slaves:/home/ub2004/ros2_ws/install/canopen_base_driver:/home/ub2004/ros2_ws/install/canopen_core:/home/ub2004/ros2_ws/install/lely_core_libraries:/home/ub2004/ros2_ws/install/canopen_interfaces:/home/ub2004/ros2_ws/install/urdf_tutorial:/home/ub2004/ros2_ws/install/test_py:/home/ub2004/ros2_ws/install/canopen_utils:/home/ub2004/ros2_ws/install/can_comm:/home/ub2004/ros2_ws/install/agv_pak:/opt/ros/humble LD_LIBRARY_PATH=/home/ub2004/ros2_ws/src/install/canopen_402_driver/lib:/home/ub2004/ros2_ws/src/install/canopen_proxy_driver/lib:/home/ub2004/ros2_ws/src/install/canopen_base_driver/lib:/home/ub2004/ros2_ws/src/install/canopen_core/lib:/home/ub2004/ros2_ws/src/install/lely_core_libraries/lib:/home/ub2004/ros2_ws/src/install/canopen_interfaces/lib:${LD_LIBRARY_PATH} PATH=/home/ub2004/ros2_ws/src/install/lely_core_libraries/bin:${PATH} PYTHONPATH=/home/ub2004/ros2_ws/src/install/lely_core_libraries/local/lib/python3.10/dist-packages:/home/ub2004/ros2_ws/src/install/lely_core_libraries/lib/python3.10/site-packages:/home/ub2004/ros2_ws/src/install/canopen_interfaces/local/lib/python3.10/dist-packages:${PYTHONPATH} /usr/bin/cmake --build /home/ub2004/ros2_ws/src/build/canopen_ros2_controllers -- -j8 -l8
[22.566s] Invoking command in '/home/ub2004/ros2_ws/src/build/canopen_ros2_controllers': AMENT_PREFIX_PATH=/home/ub2004/ros2_ws/src/install/canopen_402_driver:/home/ub2004/ros2_ws/src/install/canopen_proxy_driver:/home/ub2004/ros2_ws/src/install/canopen_base_driver:/home/ub2004/ros2_ws/src/install/canopen_core:/home/ub2004/ros2_ws/src/install/lely_core_libraries:/home/ub2004/ros2_ws/src/install/canopen_interfaces:${AMENT_PREFIX_PATH} CMAKE_PREFIX_PATH=/home/ub2004/ros2_ws/src/install/canopen_402_driver:/home/ub2004/ros2_ws/src/install/canopen_proxy_driver:/home/ub2004/ros2_ws/src/install/canopen_base_driver:/home/ub2004/ros2_ws/src/install/canopen_core:/home/ub2004/ros2_ws/src/install/lely_core_libraries:/home/ub2004/ros2_ws/src/install/canopen_interfaces:/home/ub2004/ros2_ws/install/canopen_tests:/home/ub2004/ros2_ws/install/canopen_ros2_controllers:/home/ub2004/ros2_ws/install/canopen_ros2_control:/home/ub2004/ros2_ws/install/canopen:/home/ub2004/ros2_ws/install/canopen_402_driver:/home/ub2004/ros2_ws/install/canopen_proxy_driver:/home/ub2004/ros2_ws/install/canopen_master_driver:/home/ub2004/ros2_ws/install/canopen_fake_slaves:/home/ub2004/ros2_ws/install/canopen_base_driver:/home/ub2004/ros2_ws/install/canopen_core:/home/ub2004/ros2_ws/install/lely_core_libraries:/home/ub2004/ros2_ws/install/canopen_interfaces:/home/ub2004/ros2_ws/install/urdf_tutorial:/home/ub2004/ros2_ws/install/test_py:/home/ub2004/ros2_ws/install/canopen_utils:/home/ub2004/ros2_ws/install/can_comm:/home/ub2004/ros2_ws/install/agv_pak:/opt/ros/humble LD_LIBRARY_PATH=/home/ub2004/ros2_ws/src/install/canopen_402_driver/lib:/home/ub2004/ros2_ws/src/install/canopen_proxy_driver/lib:/home/ub2004/ros2_ws/src/install/canopen_base_driver/lib:/home/ub2004/ros2_ws/src/install/canopen_core/lib:/home/ub2004/ros2_ws/src/install/lely_core_libraries/lib:/home/ub2004/ros2_ws/src/install/canopen_interfaces/lib:${LD_LIBRARY_PATH} PATH=/home/ub2004/ros2_ws/src/install/lely_core_libraries/bin:${PATH} PYTHONPATH=/home/ub2004/ros2_ws/src/install/lely_core_libraries/local/lib/python3.10/dist-packages:/home/ub2004/ros2_ws/src/install/lely_core_libraries/lib/python3.10/site-packages:/home/ub2004/ros2_ws/src/install/canopen_interfaces/local/lib/python3.10/dist-packages:${PYTHONPATH} /usr/bin/cmake --install /home/ub2004/ros2_ws/src/build/canopen_ros2_controllers
[22.576s] -- Install configuration: ""
[22.576s] -- Installing: /home/ub2004/ros2_ws/src/install/canopen_ros2_controllers/share/canopen_ros2_controllers/canopen_ros2_controllers.xml
[22.577s] -- Installing: /home/ub2004/ros2_ws/src/install/canopen_ros2_controllers/lib/libcanopen_ros2_controllers.so
[22.586s] -- Set runtime path of "/home/ub2004/ros2_ws/src/install/canopen_ros2_controllers/lib/libcanopen_ros2_controllers.so" to ""
[22.586s] -- Installing: /home/ub2004/ros2_ws/src/install/canopen_ros2_controllers/include
[22.586s] -- Installing: /home/ub2004/ros2_ws/src/install/canopen_ros2_controllers/include/canopen_ros2_controllers
[22.586s] -- Installing: /home/ub2004/ros2_ws/src/install/canopen_ros2_controllers/include/canopen_ros2_controllers/cia402_device_controller.hpp
[22.587s] -- Installing: /home/ub2004/ros2_ws/src/install/canopen_ros2_controllers/include/canopen_ros2_controllers/canopen_proxy_controller.hpp
[22.587s] -- Installing: /home/ub2004/ros2_ws/src/install/canopen_ros2_controllers/include/canopen_ros2_controllers/visibility_control.h
[22.588s] -- Installing: /home/ub2004/ros2_ws/src/install/canopen_ros2_controllers/share/canopen_ros2_controllers/environment/library_path.sh
[22.588s] -- Installing: /home/ub2004/ros2_ws/src/install/canopen_ros2_controllers/share/canopen_ros2_controllers/environment/library_path.dsv
[22.588s] -- Installing: /home/ub2004/ros2_ws/src/install/canopen_ros2_controllers/share/ament_index/resource_index/package_run_dependencies/canopen_ros2_controllers
[22.589s] -- Installing: /home/ub2004/ros2_ws/src/install/canopen_ros2_controllers/share/ament_index/resource_index/parent_prefix_path/canopen_ros2_controllers
[22.589s] -- Installing: /home/ub2004/ros2_ws/src/install/canopen_ros2_controllers/share/canopen_ros2_controllers/environment/ament_prefix_path.sh
[22.589s] -- Installing: /home/ub2004/ros2_ws/src/install/canopen_ros2_controllers/share/canopen_ros2_controllers/environment/ament_prefix_path.dsv
[22.589s] -- Installing: /home/ub2004/ros2_ws/src/install/canopen_ros2_controllers/share/canopen_ros2_controllers/environment/path.sh
[22.590s] -- Installing: /home/ub2004/ros2_ws/src/install/canopen_ros2_controllers/share/canopen_ros2_controllers/environment/path.dsv
[22.590s] -- Installing: /home/ub2004/ros2_ws/src/install/canopen_ros2_controllers/share/canopen_ros2_controllers/local_setup.bash
[22.590s] -- Installing: /home/ub2004/ros2_ws/src/install/canopen_ros2_controllers/share/canopen_ros2_controllers/local_setup.sh
[22.591s] -- Installing: /home/ub2004/ros2_ws/src/install/canopen_ros2_controllers/share/canopen_ros2_controllers/local_setup.zsh
[22.591s] -- Installing: /home/ub2004/ros2_ws/src/install/canopen_ros2_controllers/share/canopen_ros2_controllers/local_setup.dsv
[22.591s] -- Installing: /home/ub2004/ros2_ws/src/install/canopen_ros2_controllers/share/canopen_ros2_controllers/package.dsv
[22.591s] -- Installing: /home/ub2004/ros2_ws/src/install/canopen_ros2_controllers/share/ament_index/resource_index/packages/canopen_ros2_controllers
[22.592s] -- Installing: /home/ub2004/ros2_ws/src/install/canopen_ros2_controllers/share/ament_index/resource_index/controller_interface__pluginlib__plugin/canopen_ros2_controllers
[22.592s] -- Installing: /home/ub2004/ros2_ws/src/install/canopen_ros2_controllers/share/canopen_ros2_controllers/cmake/ament_cmake_export_include_directories-extras.cmake
[22.592s] -- Installing: /home/ub2004/ros2_ws/src/install/canopen_ros2_controllers/share/canopen_ros2_controllers/cmake/ament_cmake_export_libraries-extras.cmake
[22.593s] -- Installing: /home/ub2004/ros2_ws/src/install/canopen_ros2_controllers/share/canopen_ros2_controllers/cmake/ament_cmake_export_dependencies-extras.cmake
[22.593s] -- Installing: /home/ub2004/ros2_ws/src/install/canopen_ros2_controllers/share/canopen_ros2_controllers/cmake/canopen_ros2_controllersConfig.cmake
[22.593s] -- Installing: /home/ub2004/ros2_ws/src/install/canopen_ros2_controllers/share/canopen_ros2_controllers/cmake/canopen_ros2_controllersConfig-version.cmake
[22.594s] -- Installing: /home/ub2004/ros2_ws/src/install/canopen_ros2_controllers/share/canopen_ros2_controllers/package.xml
[22.597s] Invoked command in '/home/ub2004/ros2_ws/src/build/canopen_ros2_controllers' returned '0': AMENT_PREFIX_PATH=/home/ub2004/ros2_ws/src/install/canopen_402_driver:/home/ub2004/ros2_ws/src/install/canopen_proxy_driver:/home/ub2004/ros2_ws/src/install/canopen_base_driver:/home/ub2004/ros2_ws/src/install/canopen_core:/home/ub2004/ros2_ws/src/install/lely_core_libraries:/home/ub2004/ros2_ws/src/install/canopen_interfaces:${AMENT_PREFIX_PATH} CMAKE_PREFIX_PATH=/home/ub2004/ros2_ws/src/install/canopen_402_driver:/home/ub2004/ros2_ws/src/install/canopen_proxy_driver:/home/ub2004/ros2_ws/src/install/canopen_base_driver:/home/ub2004/ros2_ws/src/install/canopen_core:/home/ub2004/ros2_ws/src/install/lely_core_libraries:/home/ub2004/ros2_ws/src/install/canopen_interfaces:/home/ub2004/ros2_ws/install/canopen_tests:/home/ub2004/ros2_ws/install/canopen_ros2_controllers:/home/ub2004/ros2_ws/install/canopen_ros2_control:/home/ub2004/ros2_ws/install/canopen:/home/ub2004/ros2_ws/install/canopen_402_driver:/home/ub2004/ros2_ws/install/canopen_proxy_driver:/home/ub2004/ros2_ws/install/canopen_master_driver:/home/ub2004/ros2_ws/install/canopen_fake_slaves:/home/ub2004/ros2_ws/install/canopen_base_driver:/home/ub2004/ros2_ws/install/canopen_core:/home/ub2004/ros2_ws/install/lely_core_libraries:/home/ub2004/ros2_ws/install/canopen_interfaces:/home/ub2004/ros2_ws/install/urdf_tutorial:/home/ub2004/ros2_ws/install/test_py:/home/ub2004/ros2_ws/install/canopen_utils:/home/ub2004/ros2_ws/install/can_comm:/home/ub2004/ros2_ws/install/agv_pak:/opt/ros/humble LD_LIBRARY_PATH=/home/ub2004/ros2_ws/src/install/canopen_402_driver/lib:/home/ub2004/ros2_ws/src/install/canopen_proxy_driver/lib:/home/ub2004/ros2_ws/src/install/canopen_base_driver/lib:/home/ub2004/ros2_ws/src/install/canopen_core/lib:/home/ub2004/ros2_ws/src/install/lely_core_libraries/lib:/home/ub2004/ros2_ws/src/install/canopen_interfaces/lib:${LD_LIBRARY_PATH} PATH=/home/ub2004/ros2_ws/src/install/lely_core_libraries/bin:${PATH} PYTHONPATH=/home/ub2004/ros2_ws/src/install/lely_core_libraries/local/lib/python3.10/dist-packages:/home/ub2004/ros2_ws/src/install/lely_core_libraries/lib/python3.10/site-packages:/home/ub2004/ros2_ws/src/install/canopen_interfaces/local/lib/python3.10/dist-packages:${PYTHONPATH} /usr/bin/cmake --install /home/ub2004/ros2_ws/src/build/canopen_ros2_controllers
