[0.650s] Invoking command in '/home/ub2004/ros2_ws/src/agv_pak': PYTHONPATH=/home/ub2004/ros2_ws/build/agv_pak/prefix_override:/usr/lib/python3/dist-packages/colcon_core/task/python/colcon_distutils_commands:/home/ub2004/ros2_ws/install/agv_pak/lib/python3.10/site-packages:${PYTHONPATH} /usr/bin/python3 -W ignore:setup.py install is deprecated -W ignore:easy_install command is deprecated setup.py egg_info --egg-base ../../build/agv_pak build --build-base /home/ub2004/ros2_ws/build/agv_pak/build install --record /home/ub2004/ros2_ws/build/agv_pak/install.log --single-version-externally-managed install_data
[0.890s] running egg_info
[0.891s] writing ../../build/agv_pak/agv_pak.egg-info/PKG-INFO
[0.891s] writing dependency_links to ../../build/agv_pak/agv_pak.egg-info/dependency_links.txt
[0.891s] writing entry points to ../../build/agv_pak/agv_pak.egg-info/entry_points.txt
[0.891s] writing requirements to ../../build/agv_pak/agv_pak.egg-info/requires.txt
[0.892s] writing top-level names to ../../build/agv_pak/agv_pak.egg-info/top_level.txt
[0.893s] reading manifest file '../../build/agv_pak/agv_pak.egg-info/SOURCES.txt'
[0.893s] adding license file 'LICENSE'
[0.894s] writing manifest file '../../build/agv_pak/agv_pak.egg-info/SOURCES.txt'
[0.894s] running build
[0.894s] running build_py
[0.895s] running install
[0.896s] running install_lib
[0.897s] running install_data
[0.897s] creating /home/ub2004/ros2_ws/install/agv_pak/share/agv_pak/scripts
[0.897s] copying scripts/can_talker.py -> /home/ub2004/ros2_ws/install/agv_pak/share/agv_pak/scripts
[0.898s] running install_egg_info
[0.899s] removing '/home/ub2004/ros2_ws/install/agv_pak/lib/python3.10/site-packages/agv_pak-0.0.0-py3.10.egg-info' (and everything under it)
[0.900s] Copying ../../build/agv_pak/agv_pak.egg-info to /home/ub2004/ros2_ws/install/agv_pak/lib/python3.10/site-packages/agv_pak-0.0.0-py3.10.egg-info
[0.900s] running install_scripts
[0.919s] Installing agv_node script to /home/ub2004/ros2_ws/install/agv_pak/lib/agv_pak
[0.920s] Installing agv_node_2 script to /home/ub2004/ros2_ws/install/agv_pak/lib/agv_pak
[0.920s] Installing agv_test_node.py script to /home/ub2004/ros2_ws/install/agv_pak/lib/agv_pak
[0.920s] Installing can_talker script to /home/ub2004/ros2_ws/install/agv_pak/lib/agv_pak
[0.920s] writing list of installed files to '/home/ub2004/ros2_ws/build/agv_pak/install.log'
[0.945s] Invoked command in '/home/ub2004/ros2_ws/src/agv_pak' returned '0': PYTHONPATH=/home/ub2004/ros2_ws/build/agv_pak/prefix_override:/usr/lib/python3/dist-packages/colcon_core/task/python/colcon_distutils_commands:/home/ub2004/ros2_ws/install/agv_pak/lib/python3.10/site-packages:${PYTHONPATH} /usr/bin/python3 -W ignore:setup.py install is deprecated -W ignore:easy_install command is deprecated setup.py egg_info --egg-base ../../build/agv_pak build --build-base /home/ub2004/ros2_ws/build/agv_pak/build install --record /home/ub2004/ros2_ws/build/agv_pak/install.log --single-version-externally-managed install_data
