[0.042s] Invoking command in '/home/ub2004/ros2_ws/build/canopen_interfaces': CMAKE_PREFIX_PATH=${CMAKE_PREFIX_PATH}:/home/ub2004/ros2_ws/install/urdf_tutorial:/home/ub2004/ros2_ws/install/test_py:/home/ub2004/ros2_ws/install/canopen_utils:/home/ub2004/ros2_ws/install/can_comm:/home/ub2004/ros2_ws/install/agv_pak:/opt/ros/humble /usr/bin/cmake --build /home/ub2004/ros2_ws/build/canopen_interfaces -- -j8 -l8
[0.898s] [  1%] Built target canopen_interfaces__cpp
[0.899s] [ 12%] Built target canopen_interfaces__rosidl_generator_c
[0.901s] [ 12%] Built target ament_cmake_python_symlink_canopen_interfaces
[0.901s] [ 24%] Built target canopen_interfaces__rosidl_typesupport_c
[0.901s] [ 35%] Built target canopen_interfaces__rosidl_typesupport_introspection_c
[0.902s] [ 47%] Built target canopen_interfaces__rosidl_typesupport_cpp
[0.902s] [ 70%] Built target canopen_interfaces__rosidl_typesupport_fastrtps_cpp
[0.902s] [ 70%] Built target canopen_interfaces__rosidl_typesupport_fastrtps_c
[0.902s] [ 82%] Built target canopen_interfaces__rosidl_typesupport_introspection_cpp
[0.903s] [ 82%] Built target canopen_interfaces
[0.903s] [ 83%] Built target canopen_interfaces__py
[0.903s] [ 93%] Built target canopen_interfaces__rosidl_generator_py
[0.903s] [ 96%] Built target canopen_interfaces__rosidl_typesupport_c__pyext
[0.903s] [ 98%] Built target canopen_interfaces__rosidl_typesupport_introspection_c__pyext
[0.903s] [100%] Built target canopen_interfaces__rosidl_typesupport_fastrtps_c__pyext
[0.903s] running egg_info
[0.903s] writing canopen_interfaces.egg-info/PKG-INFO
[0.904s] writing dependency_links to canopen_interfaces.egg-info/dependency_links.txt
[0.904s] writing top-level names to canopen_interfaces.egg-info/top_level.txt
[0.904s] reading manifest file 'canopen_interfaces.egg-info/SOURCES.txt'
[0.904s] writing manifest file 'canopen_interfaces.egg-info/SOURCES.txt'
[0.904s] [100%] Built target ament_cmake_python_build_canopen_interfaces_egg
[1.228s] Invoked command in '/home/ub2004/ros2_ws/build/canopen_interfaces' returned '0': CMAKE_PREFIX_PATH=${CMAKE_PREFIX_PATH}:/home/ub2004/ros2_ws/install/urdf_tutorial:/home/ub2004/ros2_ws/install/test_py:/home/ub2004/ros2_ws/install/canopen_utils:/home/ub2004/ros2_ws/install/can_comm:/home/ub2004/ros2_ws/install/agv_pak:/opt/ros/humble /usr/bin/cmake --build /home/ub2004/ros2_ws/build/canopen_interfaces -- -j8 -l8
[1.245s] Invoking command in '/home/ub2004/ros2_ws/build/canopen_interfaces': CMAKE_PREFIX_PATH=${CMAKE_PREFIX_PATH}:/home/ub2004/ros2_ws/install/urdf_tutorial:/home/ub2004/ros2_ws/install/test_py:/home/ub2004/ros2_ws/install/canopen_utils:/home/ub2004/ros2_ws/install/can_comm:/home/ub2004/ros2_ws/install/agv_pak:/opt/ros/humble /usr/bin/cmake --install /home/ub2004/ros2_ws/build/canopen_interfaces
[1.260s] -- Install configuration: ""
[1.262s] -- Execute custom install script
[1.263s] -- Up-to-date symlink: /home/ub2004/ros2_ws/install/canopen_interfaces/share/ament_index/resource_index/rosidl_interfaces/canopen_interfaces
[1.265s] -- Up-to-date symlink: /home/ub2004/ros2_ws/install/canopen_interfaces/include/canopen_interfaces/canopen_interfaces/msg/co_data.h
[1.265s] -- Up-to-date symlink: /home/ub2004/ros2_ws/install/canopen_interfaces/include/canopen_interfaces/canopen_interfaces/msg/detail/co_data__functions.h
[1.265s] -- Up-to-date symlink: /home/ub2004/ros2_ws/install/canopen_interfaces/include/canopen_interfaces/canopen_interfaces/msg/detail/co_data__struct.h
[1.265s] -- Up-to-date symlink: /home/ub2004/ros2_ws/install/canopen_interfaces/include/canopen_interfaces/canopen_interfaces/msg/detail/co_data__type_support.h
[1.266s] -- Up-to-date symlink: /home/ub2004/ros2_ws/install/canopen_interfaces/include/canopen_interfaces/canopen_interfaces/msg/rosidl_generator_c__visibility_control.h
[1.266s] -- Up-to-date symlink: /home/ub2004/ros2_ws/install/canopen_interfaces/include/canopen_interfaces/canopen_interfaces/srv/co_heartbeat_id.h
[1.266s] -- Up-to-date symlink: /home/ub2004/ros2_ws/install/canopen_interfaces/include/canopen_interfaces/canopen_interfaces/srv/co_nmt_id.h
[1.266s] -- Up-to-date symlink: /home/ub2004/ros2_ws/install/canopen_interfaces/include/canopen_interfaces/canopen_interfaces/srv/co_node.h
[1.266s] -- Up-to-date symlink: /home/ub2004/ros2_ws/install/canopen_interfaces/include/canopen_interfaces/canopen_interfaces/srv/co_read.h
[1.267s] -- Up-to-date symlink: /home/ub2004/ros2_ws/install/canopen_interfaces/include/canopen_interfaces/canopen_interfaces/srv/co_read_id.h
[1.267s] -- Up-to-date symlink: /home/ub2004/ros2_ws/install/canopen_interfaces/include/canopen_interfaces/canopen_interfaces/srv/co_target_double.h
[1.267s] -- Up-to-date symlink: /home/ub2004/ros2_ws/install/canopen_interfaces/include/canopen_interfaces/canopen_interfaces/srv/co_write.h
[1.267s] -- Up-to-date symlink: /home/ub2004/ros2_ws/install/canopen_interfaces/include/canopen_interfaces/canopen_interfaces/srv/co_write_id.h
[1.267s] -- Up-to-date symlink: /home/ub2004/ros2_ws/install/canopen_interfaces/include/canopen_interfaces/canopen_interfaces/srv/detail/co_heartbeat_id__functions.h
[1.268s] -- Up-to-date symlink: /home/ub2004/ros2_ws/install/canopen_interfaces/include/canopen_interfaces/canopen_interfaces/srv/detail/co_heartbeat_id__struct.h
[1.268s] -- Up-to-date symlink: /home/ub2004/ros2_ws/install/canopen_interfaces/include/canopen_interfaces/canopen_interfaces/srv/detail/co_heartbeat_id__type_support.h
[1.268s] -- Up-to-date symlink: /home/ub2004/ros2_ws/install/canopen_interfaces/include/canopen_interfaces/canopen_interfaces/srv/detail/co_nmt_id__functions.h
[1.268s] -- Up-to-date symlink: /home/ub2004/ros2_ws/install/canopen_interfaces/include/canopen_interfaces/canopen_interfaces/srv/detail/co_nmt_id__struct.h
[1.268s] -- Up-to-date symlink: /home/ub2004/ros2_ws/install/canopen_interfaces/include/canopen_interfaces/canopen_interfaces/srv/detail/co_nmt_id__type_support.h
[1.269s] -- Up-to-date symlink: /home/ub2004/ros2_ws/install/canopen_interfaces/include/canopen_interfaces/canopen_interfaces/srv/detail/co_node__functions.h
[1.269s] -- Up-to-date symlink: /home/ub2004/ros2_ws/install/canopen_interfaces/include/canopen_interfaces/canopen_interfaces/srv/detail/co_node__struct.h
[1.269s] -- Up-to-date symlink: /home/ub2004/ros2_ws/install/canopen_interfaces/include/canopen_interfaces/canopen_interfaces/srv/detail/co_node__type_support.h
[1.269s] -- Up-to-date symlink: /home/ub2004/ros2_ws/install/canopen_interfaces/include/canopen_interfaces/canopen_interfaces/srv/detail/co_read__functions.h
[1.270s] -- Up-to-date symlink: /home/ub2004/ros2_ws/install/canopen_interfaces/include/canopen_interfaces/canopen_interfaces/srv/detail/co_read__struct.h
[1.270s] -- Up-to-date symlink: /home/ub2004/ros2_ws/install/canopen_interfaces/include/canopen_interfaces/canopen_interfaces/srv/detail/co_read__type_support.h
[1.270s] -- Up-to-date symlink: /home/ub2004/ros2_ws/install/canopen_interfaces/include/canopen_interfaces/canopen_interfaces/srv/detail/co_read_id__functions.h
[1.270s] -- Up-to-date symlink: /home/ub2004/ros2_ws/install/canopen_interfaces/include/canopen_interfaces/canopen_interfaces/srv/detail/co_read_id__struct.h
[1.270s] -- Up-to-date symlink: /home/ub2004/ros2_ws/install/canopen_interfaces/include/canopen_interfaces/canopen_interfaces/srv/detail/co_read_id__type_support.h
[1.271s] -- Up-to-date symlink: /home/ub2004/ros2_ws/install/canopen_interfaces/include/canopen_interfaces/canopen_interfaces/srv/detail/co_target_double__functions.h
[1.271s] -- Up-to-date symlink: /home/ub2004/ros2_ws/install/canopen_interfaces/include/canopen_interfaces/canopen_interfaces/srv/detail/co_target_double__struct.h
[1.271s] -- Up-to-date symlink: /home/ub2004/ros2_ws/install/canopen_interfaces/include/canopen_interfaces/canopen_interfaces/srv/detail/co_target_double__type_support.h
[1.271s] -- Up-to-date symlink: /home/ub2004/ros2_ws/install/canopen_interfaces/include/canopen_interfaces/canopen_interfaces/srv/detail/co_write__functions.h
[1.272s] -- Up-to-date symlink: /home/ub2004/ros2_ws/install/canopen_interfaces/include/canopen_interfaces/canopen_interfaces/srv/detail/co_write__struct.h
[1.272s] -- Up-to-date symlink: /home/ub2004/ros2_ws/install/canopen_interfaces/include/canopen_interfaces/canopen_interfaces/srv/detail/co_write__type_support.h
[1.272s] -- Up-to-date symlink: /home/ub2004/ros2_ws/install/canopen_interfaces/include/canopen_interfaces/canopen_interfaces/srv/detail/co_write_id__functions.h
[1.272s] -- Up-to-date symlink: /home/ub2004/ros2_ws/install/canopen_interfaces/include/canopen_interfaces/canopen_interfaces/srv/detail/co_write_id__struct.h
[1.272s] -- Up-to-date symlink: /home/ub2004/ros2_ws/install/canopen_interfaces/include/canopen_interfaces/canopen_interfaces/srv/detail/co_write_id__type_support.h
[1.273s] -- Up-to-date symlink: /home/ub2004/ros2_ws/install/canopen_interfaces/share/canopen_interfaces/environment/library_path.sh
[1.273s] -- Up-to-date symlink: /home/ub2004/ros2_ws/install/canopen_interfaces/share/canopen_interfaces/environment/library_path.dsv
[1.274s] -- Up-to-date symlink: /home/ub2004/ros2_ws/install/canopen_interfaces/include/canopen_interfaces/canopen_interfaces/msg/detail/co_data__rosidl_typesupport_fastrtps_c.h
[1.275s] -- Up-to-date symlink: /home/ub2004/ros2_ws/install/canopen_interfaces/include/canopen_interfaces/canopen_interfaces/msg/rosidl_typesupport_fastrtps_c__visibility_control.h
[1.275s] -- Up-to-date symlink: /home/ub2004/ros2_ws/install/canopen_interfaces/include/canopen_interfaces/canopen_interfaces/srv/detail/co_heartbeat_id__rosidl_typesupport_fastrtps_c.h
[1.275s] -- Up-to-date symlink: /home/ub2004/ros2_ws/install/canopen_interfaces/include/canopen_interfaces/canopen_interfaces/srv/detail/co_nmt_id__rosidl_typesupport_fastrtps_c.h
[1.275s] -- Up-to-date symlink: /home/ub2004/ros2_ws/install/canopen_interfaces/include/canopen_interfaces/canopen_interfaces/srv/detail/co_node__rosidl_typesupport_fastrtps_c.h
[1.275s] -- Up-to-date symlink: /home/ub2004/ros2_ws/install/canopen_interfaces/include/canopen_interfaces/canopen_interfaces/srv/detail/co_read__rosidl_typesupport_fastrtps_c.h
[1.276s] -- Up-to-date symlink: /home/ub2004/ros2_ws/install/canopen_interfaces/include/canopen_interfaces/canopen_interfaces/srv/detail/co_read_id__rosidl_typesupport_fastrtps_c.h
[1.276s] -- Up-to-date symlink: /home/ub2004/ros2_ws/install/canopen_interfaces/include/canopen_interfaces/canopen_interfaces/srv/detail/co_target_double__rosidl_typesupport_fastrtps_c.h
[1.276s] -- Up-to-date symlink: /home/ub2004/ros2_ws/install/canopen_interfaces/include/canopen_interfaces/canopen_interfaces/srv/detail/co_write__rosidl_typesupport_fastrtps_c.h
[1.276s] -- Up-to-date symlink: /home/ub2004/ros2_ws/install/canopen_interfaces/include/canopen_interfaces/canopen_interfaces/srv/detail/co_write_id__rosidl_typesupport_fastrtps_c.h
[1.277s] -- Up-to-date symlink: /home/ub2004/ros2_ws/install/canopen_interfaces/include/canopen_interfaces/canopen_interfaces/msg/detail/co_data__rosidl_typesupport_introspection_c.h
[1.277s] -- Up-to-date symlink: /home/ub2004/ros2_ws/install/canopen_interfaces/include/canopen_interfaces/canopen_interfaces/msg/rosidl_typesupport_introspection_c__visibility_control.h
[1.278s] -- Up-to-date symlink: /home/ub2004/ros2_ws/install/canopen_interfaces/include/canopen_interfaces/canopen_interfaces/srv/detail/co_heartbeat_id__rosidl_typesupport_introspection_c.h
[1.278s] -- Up-to-date symlink: /home/ub2004/ros2_ws/install/canopen_interfaces/include/canopen_interfaces/canopen_interfaces/srv/detail/co_nmt_id__rosidl_typesupport_introspection_c.h
[1.278s] -- Up-to-date symlink: /home/ub2004/ros2_ws/install/canopen_interfaces/include/canopen_interfaces/canopen_interfaces/srv/detail/co_node__rosidl_typesupport_introspection_c.h
[1.278s] -- Up-to-date symlink: /home/ub2004/ros2_ws/install/canopen_interfaces/include/canopen_interfaces/canopen_interfaces/srv/detail/co_read__rosidl_typesupport_introspection_c.h
[1.278s] -- Up-to-date symlink: /home/ub2004/ros2_ws/install/canopen_interfaces/include/canopen_interfaces/canopen_interfaces/srv/detail/co_read_id__rosidl_typesupport_introspection_c.h
[1.279s] -- Up-to-date symlink: /home/ub2004/ros2_ws/install/canopen_interfaces/include/canopen_interfaces/canopen_interfaces/srv/detail/co_target_double__rosidl_typesupport_introspection_c.h
[1.279s] -- Up-to-date symlink: /home/ub2004/ros2_ws/install/canopen_interfaces/include/canopen_interfaces/canopen_interfaces/srv/detail/co_write__rosidl_typesupport_introspection_c.h
[1.279s] -- Up-to-date symlink: /home/ub2004/ros2_ws/install/canopen_interfaces/include/canopen_interfaces/canopen_interfaces/srv/detail/co_write_id__rosidl_typesupport_introspection_c.h
[1.280s] -- Up-to-date symlink: /home/ub2004/ros2_ws/install/canopen_interfaces/include/canopen_interfaces/canopen_interfaces/msg/co_data.hpp
[1.281s] -- Up-to-date symlink: /home/ub2004/ros2_ws/install/canopen_interfaces/include/canopen_interfaces/canopen_interfaces/msg/detail/co_data__builder.hpp
[1.281s] -- Up-to-date symlink: /home/ub2004/ros2_ws/install/canopen_interfaces/include/canopen_interfaces/canopen_interfaces/msg/detail/co_data__struct.hpp
[1.281s] -- Up-to-date symlink: /home/ub2004/ros2_ws/install/canopen_interfaces/include/canopen_interfaces/canopen_interfaces/msg/detail/co_data__traits.hpp
[1.281s] -- Up-to-date symlink: /home/ub2004/ros2_ws/install/canopen_interfaces/include/canopen_interfaces/canopen_interfaces/msg/detail/co_data__type_support.hpp
[1.282s] -- Up-to-date symlink: /home/ub2004/ros2_ws/install/canopen_interfaces/include/canopen_interfaces/canopen_interfaces/msg/rosidl_generator_cpp__visibility_control.hpp
[1.282s] -- Up-to-date symlink: /home/ub2004/ros2_ws/install/canopen_interfaces/include/canopen_interfaces/canopen_interfaces/srv/co_heartbeat_id.hpp
[1.282s] -- Up-to-date symlink: /home/ub2004/ros2_ws/install/canopen_interfaces/include/canopen_interfaces/canopen_interfaces/srv/co_nmt_id.hpp
[1.282s] -- Up-to-date symlink: /home/ub2004/ros2_ws/install/canopen_interfaces/include/canopen_interfaces/canopen_interfaces/srv/co_node.hpp
[1.287s] -- Up-to-date symlink: /home/ub2004/ros2_ws/install/canopen_interfaces/include/canopen_interfaces/canopen_interfaces/srv/co_read.hpp
[1.287s] -- Up-to-date symlink: /home/ub2004/ros2_ws/install/canopen_interfaces/include/canopen_interfaces/canopen_interfaces/srv/co_read_id.hpp
[1.287s] -- Up-to-date symlink: /home/ub2004/ros2_ws/install/canopen_interfaces/include/canopen_interfaces/canopen_interfaces/srv/co_target_double.hpp
[1.287s] -- Up-to-date symlink: /home/ub2004/ros2_ws/install/canopen_interfaces/include/canopen_interfaces/canopen_interfaces/srv/co_write.hpp
[1.287s] -- Up-to-date symlink: /home/ub2004/ros2_ws/install/canopen_interfaces/include/canopen_interfaces/canopen_interfaces/srv/co_write_id.hpp
[1.287s] -- Up-to-date symlink: /home/ub2004/ros2_ws/install/canopen_interfaces/include/canopen_interfaces/canopen_interfaces/srv/detail/co_heartbeat_id__builder.hpp
[1.287s] -- Up-to-date symlink: /home/ub2004/ros2_ws/install/canopen_interfaces/include/canopen_interfaces/canopen_interfaces/srv/detail/co_heartbeat_id__struct.hpp
[1.288s] -- Up-to-date symlink: /home/ub2004/ros2_ws/install/canopen_interfaces/include/canopen_interfaces/canopen_interfaces/srv/detail/co_heartbeat_id__traits.hpp
[1.288s] -- Up-to-date symlink: /home/ub2004/ros2_ws/install/canopen_interfaces/include/canopen_interfaces/canopen_interfaces/srv/detail/co_heartbeat_id__type_support.hpp
[1.288s] -- Up-to-date symlink: /home/ub2004/ros2_ws/install/canopen_interfaces/include/canopen_interfaces/canopen_interfaces/srv/detail/co_nmt_id__builder.hpp
[1.288s] -- Up-to-date symlink: /home/ub2004/ros2_ws/install/canopen_interfaces/include/canopen_interfaces/canopen_interfaces/srv/detail/co_nmt_id__struct.hpp
[1.288s] -- Up-to-date symlink: /home/ub2004/ros2_ws/install/canopen_interfaces/include/canopen_interfaces/canopen_interfaces/srv/detail/co_nmt_id__traits.hpp
[1.288s] -- Up-to-date symlink: /home/ub2004/ros2_ws/install/canopen_interfaces/include/canopen_interfaces/canopen_interfaces/srv/detail/co_nmt_id__type_support.hpp
[1.288s] -- Up-to-date symlink: /home/ub2004/ros2_ws/install/canopen_interfaces/include/canopen_interfaces/canopen_interfaces/srv/detail/co_node__builder.hpp
[1.289s] -- Up-to-date symlink: /home/ub2004/ros2_ws/install/canopen_interfaces/include/canopen_interfaces/canopen_interfaces/srv/detail/co_node__struct.hpp
[1.289s] -- Up-to-date symlink: /home/ub2004/ros2_ws/install/canopen_interfaces/include/canopen_interfaces/canopen_interfaces/srv/detail/co_node__traits.hpp
[1.289s] -- Up-to-date symlink: /home/ub2004/ros2_ws/install/canopen_interfaces/include/canopen_interfaces/canopen_interfaces/srv/detail/co_node__type_support.hpp
[1.289s] -- Up-to-date symlink: /home/ub2004/ros2_ws/install/canopen_interfaces/include/canopen_interfaces/canopen_interfaces/srv/detail/co_read__builder.hpp
[1.289s] -- Up-to-date symlink: /home/ub2004/ros2_ws/install/canopen_interfaces/include/canopen_interfaces/canopen_interfaces/srv/detail/co_read__struct.hpp
[1.289s] -- Up-to-date symlink: /home/ub2004/ros2_ws/install/canopen_interfaces/include/canopen_interfaces/canopen_interfaces/srv/detail/co_read__traits.hpp
[1.289s] -- Up-to-date symlink: /home/ub2004/ros2_ws/install/canopen_interfaces/include/canopen_interfaces/canopen_interfaces/srv/detail/co_read__type_support.hpp
[1.290s] -- Up-to-date symlink: /home/ub2004/ros2_ws/install/canopen_interfaces/include/canopen_interfaces/canopen_interfaces/srv/detail/co_read_id__builder.hpp
[1.290s] -- Up-to-date symlink: /home/ub2004/ros2_ws/install/canopen_interfaces/include/canopen_interfaces/canopen_interfaces/srv/detail/co_read_id__struct.hpp
[1.290s] -- Up-to-date symlink: /home/ub2004/ros2_ws/install/canopen_interfaces/include/canopen_interfaces/canopen_interfaces/srv/detail/co_read_id__traits.hpp
[1.290s] -- Up-to-date symlink: /home/ub2004/ros2_ws/install/canopen_interfaces/include/canopen_interfaces/canopen_interfaces/srv/detail/co_read_id__type_support.hpp
[1.290s] -- Up-to-date symlink: /home/ub2004/ros2_ws/install/canopen_interfaces/include/canopen_interfaces/canopen_interfaces/srv/detail/co_target_double__builder.hpp
[1.290s] -- Up-to-date symlink: /home/ub2004/ros2_ws/install/canopen_interfaces/include/canopen_interfaces/canopen_interfaces/srv/detail/co_target_double__struct.hpp
[1.290s] -- Up-to-date symlink: /home/ub2004/ros2_ws/install/canopen_interfaces/include/canopen_interfaces/canopen_interfaces/srv/detail/co_target_double__traits.hpp
[1.290s] -- Up-to-date symlink: /home/ub2004/ros2_ws/install/canopen_interfaces/include/canopen_interfaces/canopen_interfaces/srv/detail/co_target_double__type_support.hpp
[1.291s] -- Up-to-date symlink: /home/ub2004/ros2_ws/install/canopen_interfaces/include/canopen_interfaces/canopen_interfaces/srv/detail/co_write__builder.hpp
[1.291s] -- Up-to-date symlink: /home/ub2004/ros2_ws/install/canopen_interfaces/include/canopen_interfaces/canopen_interfaces/srv/detail/co_write__struct.hpp
[1.291s] -- Up-to-date symlink: /home/ub2004/ros2_ws/install/canopen_interfaces/include/canopen_interfaces/canopen_interfaces/srv/detail/co_write__traits.hpp
[1.291s] -- Up-to-date symlink: /home/ub2004/ros2_ws/install/canopen_interfaces/include/canopen_interfaces/canopen_interfaces/srv/detail/co_write__type_support.hpp
[1.291s] -- Up-to-date symlink: /home/ub2004/ros2_ws/install/canopen_interfaces/include/canopen_interfaces/canopen_interfaces/srv/detail/co_write_id__builder.hpp
[1.291s] -- Up-to-date symlink: /home/ub2004/ros2_ws/install/canopen_interfaces/include/canopen_interfaces/canopen_interfaces/srv/detail/co_write_id__struct.hpp
[1.291s] -- Up-to-date symlink: /home/ub2004/ros2_ws/install/canopen_interfaces/include/canopen_interfaces/canopen_interfaces/srv/detail/co_write_id__traits.hpp
[1.291s] -- Up-to-date symlink: /home/ub2004/ros2_ws/install/canopen_interfaces/include/canopen_interfaces/canopen_interfaces/srv/detail/co_write_id__type_support.hpp
[1.292s] -- Up-to-date symlink: /home/ub2004/ros2_ws/install/canopen_interfaces/include/canopen_interfaces/canopen_interfaces/msg/detail/co_data__rosidl_typesupport_fastrtps_cpp.hpp
[1.292s] -- Up-to-date symlink: /home/ub2004/ros2_ws/install/canopen_interfaces/include/canopen_interfaces/canopen_interfaces/msg/rosidl_typesupport_fastrtps_cpp__visibility_control.h
[1.292s] -- Up-to-date symlink: /home/ub2004/ros2_ws/install/canopen_interfaces/include/canopen_interfaces/canopen_interfaces/srv/detail/co_heartbeat_id__rosidl_typesupport_fastrtps_cpp.hpp
[1.293s] -- Up-to-date symlink: /home/ub2004/ros2_ws/install/canopen_interfaces/include/canopen_interfaces/canopen_interfaces/srv/detail/co_nmt_id__rosidl_typesupport_fastrtps_cpp.hpp
[1.293s] -- Up-to-date symlink: /home/ub2004/ros2_ws/install/canopen_interfaces/include/canopen_interfaces/canopen_interfaces/srv/detail/co_node__rosidl_typesupport_fastrtps_cpp.hpp
[1.293s] -- Up-to-date symlink: /home/ub2004/ros2_ws/install/canopen_interfaces/include/canopen_interfaces/canopen_interfaces/srv/detail/co_read__rosidl_typesupport_fastrtps_cpp.hpp
[1.293s] -- Up-to-date symlink: /home/ub2004/ros2_ws/install/canopen_interfaces/include/canopen_interfaces/canopen_interfaces/srv/detail/co_read_id__rosidl_typesupport_fastrtps_cpp.hpp
[1.293s] -- Up-to-date symlink: /home/ub2004/ros2_ws/install/canopen_interfaces/include/canopen_interfaces/canopen_interfaces/srv/detail/co_target_double__rosidl_typesupport_fastrtps_cpp.hpp
[1.294s] -- Up-to-date symlink: /home/ub2004/ros2_ws/install/canopen_interfaces/include/canopen_interfaces/canopen_interfaces/srv/detail/co_write__rosidl_typesupport_fastrtps_cpp.hpp
[1.294s] -- Up-to-date symlink: /home/ub2004/ros2_ws/install/canopen_interfaces/include/canopen_interfaces/canopen_interfaces/srv/detail/co_write_id__rosidl_typesupport_fastrtps_cpp.hpp
[1.295s] -- Up-to-date symlink: /home/ub2004/ros2_ws/install/canopen_interfaces/include/canopen_interfaces/canopen_interfaces/msg/detail/co_data__rosidl_typesupport_introspection_cpp.hpp
[1.295s] -- Up-to-date symlink: /home/ub2004/ros2_ws/install/canopen_interfaces/include/canopen_interfaces/canopen_interfaces/srv/detail/co_heartbeat_id__rosidl_typesupport_introspection_cpp.hpp
[1.295s] -- Up-to-date symlink: /home/ub2004/ros2_ws/install/canopen_interfaces/include/canopen_interfaces/canopen_interfaces/srv/detail/co_nmt_id__rosidl_typesupport_introspection_cpp.hpp
[1.296s] -- Up-to-date symlink: /home/ub2004/ros2_ws/install/canopen_interfaces/include/canopen_interfaces/canopen_interfaces/srv/detail/co_node__rosidl_typesupport_introspection_cpp.hpp
[1.296s] -- Up-to-date symlink: /home/ub2004/ros2_ws/install/canopen_interfaces/include/canopen_interfaces/canopen_interfaces/srv/detail/co_read__rosidl_typesupport_introspection_cpp.hpp
[1.296s] -- Up-to-date symlink: /home/ub2004/ros2_ws/install/canopen_interfaces/include/canopen_interfaces/canopen_interfaces/srv/detail/co_read_id__rosidl_typesupport_introspection_cpp.hpp
[1.296s] -- Up-to-date symlink: /home/ub2004/ros2_ws/install/canopen_interfaces/include/canopen_interfaces/canopen_interfaces/srv/detail/co_target_double__rosidl_typesupport_introspection_cpp.hpp
[1.296s] -- Up-to-date symlink: /home/ub2004/ros2_ws/install/canopen_interfaces/include/canopen_interfaces/canopen_interfaces/srv/detail/co_write__rosidl_typesupport_introspection_cpp.hpp
[1.297s] -- Up-to-date symlink: /home/ub2004/ros2_ws/install/canopen_interfaces/include/canopen_interfaces/canopen_interfaces/srv/detail/co_write_id__rosidl_typesupport_introspection_cpp.hpp
[1.297s] -- Up-to-date symlink: /home/ub2004/ros2_ws/install/canopen_interfaces/share/canopen_interfaces/environment/pythonpath.sh
[1.297s] -- Up-to-date symlink: /home/ub2004/ros2_ws/install/canopen_interfaces/share/canopen_interfaces/environment/pythonpath.dsv
[1.298s] -- Up-to-date symlink: /home/ub2004/ros2_ws/install/canopen_interfaces/local/lib/python3.10/dist-packages/canopen_interfaces-0.2.11-py3.10.egg-info/PKG-INFO
[1.298s] -- Up-to-date symlink: /home/ub2004/ros2_ws/install/canopen_interfaces/local/lib/python3.10/dist-packages/canopen_interfaces-0.2.11-py3.10.egg-info/SOURCES.txt
[1.298s] -- Up-to-date symlink: /home/ub2004/ros2_ws/install/canopen_interfaces/local/lib/python3.10/dist-packages/canopen_interfaces-0.2.11-py3.10.egg-info/dependency_links.txt
[1.299s] -- Up-to-date symlink: /home/ub2004/ros2_ws/install/canopen_interfaces/local/lib/python3.10/dist-packages/canopen_interfaces-0.2.11-py3.10.egg-info/top_level.txt
[1.300s] -- Up-to-date symlink: /home/ub2004/ros2_ws/install/canopen_interfaces/local/lib/python3.10/dist-packages/canopen_interfaces/__init__.py
[1.301s] -- Up-to-date symlink: /home/ub2004/ros2_ws/install/canopen_interfaces/local/lib/python3.10/dist-packages/canopen_interfaces/_canopen_interfaces_s.ep.rosidl_typesupport_c.c
[1.301s] -- Up-to-date symlink: /home/ub2004/ros2_ws/install/canopen_interfaces/local/lib/python3.10/dist-packages/canopen_interfaces/_canopen_interfaces_s.ep.rosidl_typesupport_fastrtps_c.c
[1.301s] -- Up-to-date symlink: /home/ub2004/ros2_ws/install/canopen_interfaces/local/lib/python3.10/dist-packages/canopen_interfaces/_canopen_interfaces_s.ep.rosidl_typesupport_introspection_c.c
[1.301s] -- Up-to-date symlink: /home/ub2004/ros2_ws/install/canopen_interfaces/local/lib/python3.10/dist-packages/canopen_interfaces/canopen_interfaces_s__rosidl_typesupport_c.cpython-310-x86_64-linux-gnu.so
[1.301s] -- Up-to-date symlink: /home/ub2004/ros2_ws/install/canopen_interfaces/local/lib/python3.10/dist-packages/canopen_interfaces/canopen_interfaces_s__rosidl_typesupport_fastrtps_c.cpython-310-x86_64-linux-gnu.so
[1.302s] -- Up-to-date symlink: /home/ub2004/ros2_ws/install/canopen_interfaces/local/lib/python3.10/dist-packages/canopen_interfaces/canopen_interfaces_s__rosidl_typesupport_introspection_c.cpython-310-x86_64-linux-gnu.so
[1.302s] -- Up-to-date symlink: /home/ub2004/ros2_ws/install/canopen_interfaces/local/lib/python3.10/dist-packages/canopen_interfaces/libcanopen_interfaces__rosidl_generator_py.so
[1.302s] -- Up-to-date symlink: /home/ub2004/ros2_ws/install/canopen_interfaces/local/lib/python3.10/dist-packages/canopen_interfaces/msg/__init__.py
[1.302s] -- Up-to-date symlink: /home/ub2004/ros2_ws/install/canopen_interfaces/local/lib/python3.10/dist-packages/canopen_interfaces/msg/_co_data.py
[1.302s] -- Up-to-date symlink: /home/ub2004/ros2_ws/install/canopen_interfaces/local/lib/python3.10/dist-packages/canopen_interfaces/msg/_co_data_s.c
[1.303s] -- Up-to-date symlink: /home/ub2004/ros2_ws/install/canopen_interfaces/local/lib/python3.10/dist-packages/canopen_interfaces/srv/__init__.py
[1.303s] -- Up-to-date symlink: /home/ub2004/ros2_ws/install/canopen_interfaces/local/lib/python3.10/dist-packages/canopen_interfaces/srv/_co_heartbeat_id.py
[1.303s] -- Up-to-date symlink: /home/ub2004/ros2_ws/install/canopen_interfaces/local/lib/python3.10/dist-packages/canopen_interfaces/srv/_co_heartbeat_id_s.c
[1.303s] -- Up-to-date symlink: /home/ub2004/ros2_ws/install/canopen_interfaces/local/lib/python3.10/dist-packages/canopen_interfaces/srv/_co_nmt_id.py
[1.304s] -- Up-to-date symlink: /home/ub2004/ros2_ws/install/canopen_interfaces/local/lib/python3.10/dist-packages/canopen_interfaces/srv/_co_nmt_id_s.c
[1.304s] -- Up-to-date symlink: /home/ub2004/ros2_ws/install/canopen_interfaces/local/lib/python3.10/dist-packages/canopen_interfaces/srv/_co_node.py
[1.304s] -- Up-to-date symlink: /home/ub2004/ros2_ws/install/canopen_interfaces/local/lib/python3.10/dist-packages/canopen_interfaces/srv/_co_node_s.c
[1.304s] -- Up-to-date symlink: /home/ub2004/ros2_ws/install/canopen_interfaces/local/lib/python3.10/dist-packages/canopen_interfaces/srv/_co_read.py
[1.304s] -- Up-to-date symlink: /home/ub2004/ros2_ws/install/canopen_interfaces/local/lib/python3.10/dist-packages/canopen_interfaces/srv/_co_read_id.py
[1.305s] -- Up-to-date symlink: /home/ub2004/ros2_ws/install/canopen_interfaces/local/lib/python3.10/dist-packages/canopen_interfaces/srv/_co_read_id_s.c
[1.305s] -- Up-to-date symlink: /home/ub2004/ros2_ws/install/canopen_interfaces/local/lib/python3.10/dist-packages/canopen_interfaces/srv/_co_read_s.c
[1.306s] -- Up-to-date symlink: /home/ub2004/ros2_ws/install/canopen_interfaces/local/lib/python3.10/dist-packages/canopen_interfaces/srv/_co_target_double.py
[1.307s] -- Up-to-date symlink: /home/ub2004/ros2_ws/install/canopen_interfaces/local/lib/python3.10/dist-packages/canopen_interfaces/srv/_co_target_double_s.c
[1.308s] -- Up-to-date symlink: /home/ub2004/ros2_ws/install/canopen_interfaces/local/lib/python3.10/dist-packages/canopen_interfaces/srv/_co_write.py
[1.308s] -- Up-to-date symlink: /home/ub2004/ros2_ws/install/canopen_interfaces/local/lib/python3.10/dist-packages/canopen_interfaces/srv/_co_write_id.py
[1.308s] -- Up-to-date symlink: /home/ub2004/ros2_ws/install/canopen_interfaces/local/lib/python3.10/dist-packages/canopen_interfaces/srv/_co_write_id_s.c
[1.308s] -- Up-to-date symlink: /home/ub2004/ros2_ws/install/canopen_interfaces/local/lib/python3.10/dist-packages/canopen_interfaces/srv/_co_write_s.c
[1.308s] -- Up-to-date symlink: /home/ub2004/ros2_ws/install/canopen_interfaces/local/lib/python3.10/dist-packages/canopen_interfaces/canopen_interfaces_s__rosidl_typesupport_fastrtps_c.cpython-310-x86_64-linux-gnu.so
[1.308s] -- Up-to-date symlink: /home/ub2004/ros2_ws/install/canopen_interfaces/local/lib/python3.10/dist-packages/canopen_interfaces/canopen_interfaces_s__rosidl_typesupport_introspection_c.cpython-310-x86_64-linux-gnu.so
[1.311s] -- Up-to-date symlink: /home/ub2004/ros2_ws/install/canopen_interfaces/local/lib/python3.10/dist-packages/canopen_interfaces/canopen_interfaces_s__rosidl_typesupport_c.cpython-310-x86_64-linux-gnu.so
[1.311s] -- Up-to-date symlink: /home/ub2004/ros2_ws/install/canopen_interfaces/share/canopen_interfaces/srv/COHeartbeatID.idl
[1.311s] -- Up-to-date symlink: /home/ub2004/ros2_ws/install/canopen_interfaces/share/canopen_interfaces/srv/CONmtID.idl
[1.311s] -- Up-to-date symlink: /home/ub2004/ros2_ws/install/canopen_interfaces/share/canopen_interfaces/srv/CORead.idl
[1.311s] -- Up-to-date symlink: /home/ub2004/ros2_ws/install/canopen_interfaces/share/canopen_interfaces/srv/COReadID.idl
[1.311s] -- Up-to-date symlink: /home/ub2004/ros2_ws/install/canopen_interfaces/share/canopen_interfaces/srv/COWrite.idl
[1.311s] -- Up-to-date symlink: /home/ub2004/ros2_ws/install/canopen_interfaces/share/canopen_interfaces/srv/COWriteID.idl
[1.312s] -- Up-to-date symlink: /home/ub2004/ros2_ws/install/canopen_interfaces/share/canopen_interfaces/srv/COTargetDouble.idl
[1.312s] -- Up-to-date symlink: /home/ub2004/ros2_ws/install/canopen_interfaces/share/canopen_interfaces/srv/CONode.idl
[1.312s] -- Up-to-date symlink: /home/ub2004/ros2_ws/install/canopen_interfaces/share/canopen_interfaces/msg/COData.idl
[1.312s] -- Up-to-date symlink: /home/ub2004/ros2_ws/install/canopen_interfaces/share/canopen_interfaces/srv/COHeartbeatID.srv
[1.313s] -- Up-to-date symlink: /home/ub2004/ros2_ws/install/canopen_interfaces/share/canopen_interfaces/srv/COHeartbeatID_Request.msg
[1.313s] -- Up-to-date symlink: /home/ub2004/ros2_ws/install/canopen_interfaces/share/canopen_interfaces/srv/COHeartbeatID_Response.msg
[1.313s] -- Up-to-date symlink: /home/ub2004/ros2_ws/install/canopen_interfaces/share/canopen_interfaces/srv/CONmtID.srv
[1.313s] -- Up-to-date symlink: /home/ub2004/ros2_ws/install/canopen_interfaces/share/canopen_interfaces/srv/CONmtID_Request.msg
[1.313s] -- Up-to-date symlink: /home/ub2004/ros2_ws/install/canopen_interfaces/share/canopen_interfaces/srv/CONmtID_Response.msg
[1.313s] -- Up-to-date symlink: /home/ub2004/ros2_ws/install/canopen_interfaces/share/canopen_interfaces/srv/CORead.srv
[1.314s] -- Up-to-date symlink: /home/ub2004/ros2_ws/install/canopen_interfaces/share/canopen_interfaces/srv/CORead_Request.msg
[1.314s] -- Up-to-date symlink: /home/ub2004/ros2_ws/install/canopen_interfaces/share/canopen_interfaces/srv/CORead_Response.msg
[1.314s] -- Up-to-date symlink: /home/ub2004/ros2_ws/install/canopen_interfaces/share/canopen_interfaces/srv/COReadID.srv
[1.315s] -- Up-to-date symlink: /home/ub2004/ros2_ws/install/canopen_interfaces/share/canopen_interfaces/srv/COReadID_Request.msg
[1.315s] -- Up-to-date symlink: /home/ub2004/ros2_ws/install/canopen_interfaces/share/canopen_interfaces/srv/COReadID_Response.msg
[1.317s] -- Up-to-date symlink: /home/ub2004/ros2_ws/install/canopen_interfaces/share/canopen_interfaces/srv/COWrite.srv
[1.317s] -- Up-to-date symlink: /home/ub2004/ros2_ws/install/canopen_interfaces/share/canopen_interfaces/srv/COWrite_Request.msg
[1.317s] -- Up-to-date symlink: /home/ub2004/ros2_ws/install/canopen_interfaces/share/canopen_interfaces/srv/COWrite_Response.msg
[1.317s] -- Up-to-date symlink: /home/ub2004/ros2_ws/install/canopen_interfaces/share/canopen_interfaces/srv/COWriteID.srv
[1.318s] -- Up-to-date symlink: /home/ub2004/ros2_ws/install/canopen_interfaces/share/canopen_interfaces/srv/COWriteID_Request.msg
[1.318s] -- Up-to-date symlink: /home/ub2004/ros2_ws/install/canopen_interfaces/share/canopen_interfaces/srv/COWriteID_Response.msg
[1.318s] -- Up-to-date symlink: /home/ub2004/ros2_ws/install/canopen_interfaces/share/canopen_interfaces/srv/COTargetDouble.srv
[1.318s] -- Up-to-date symlink: /home/ub2004/ros2_ws/install/canopen_interfaces/share/canopen_interfaces/srv/COTargetDouble_Request.msg
[1.318s] -- Up-to-date symlink: /home/ub2004/ros2_ws/install/canopen_interfaces/share/canopen_interfaces/srv/COTargetDouble_Response.msg
[1.318s] -- Up-to-date symlink: /home/ub2004/ros2_ws/install/canopen_interfaces/share/canopen_interfaces/srv/CONode.srv
[1.318s] -- Up-to-date symlink: /home/ub2004/ros2_ws/install/canopen_interfaces/share/canopen_interfaces/srv/CONode_Request.msg
[1.319s] -- Up-to-date symlink: /home/ub2004/ros2_ws/install/canopen_interfaces/share/canopen_interfaces/srv/CONode_Response.msg
[1.319s] -- Up-to-date symlink: /home/ub2004/ros2_ws/install/canopen_interfaces/share/canopen_interfaces/msg/COData.msg
[1.319s] -- Up-to-date symlink: /home/ub2004/ros2_ws/install/canopen_interfaces/share/ament_index/resource_index/package_run_dependencies/canopen_interfaces
[1.320s] -- Up-to-date symlink: /home/ub2004/ros2_ws/install/canopen_interfaces/share/ament_index/resource_index/parent_prefix_path/canopen_interfaces
[1.320s] -- Up-to-date symlink: /home/ub2004/ros2_ws/install/canopen_interfaces/share/canopen_interfaces/environment/ament_prefix_path.sh
[1.320s] -- Up-to-date symlink: /home/ub2004/ros2_ws/install/canopen_interfaces/share/canopen_interfaces/environment/ament_prefix_path.dsv
[1.321s] -- Up-to-date symlink: /home/ub2004/ros2_ws/install/canopen_interfaces/share/canopen_interfaces/environment/path.sh
[1.321s] -- Up-to-date symlink: /home/ub2004/ros2_ws/install/canopen_interfaces/share/canopen_interfaces/environment/path.dsv
[1.321s] -- Up-to-date symlink: /home/ub2004/ros2_ws/install/canopen_interfaces/share/canopen_interfaces/local_setup.bash
[1.321s] -- Up-to-date symlink: /home/ub2004/ros2_ws/install/canopen_interfaces/share/canopen_interfaces/local_setup.sh
[1.322s] -- Up-to-date symlink: /home/ub2004/ros2_ws/install/canopen_interfaces/share/canopen_interfaces/local_setup.zsh
[1.322s] -- Up-to-date symlink: /home/ub2004/ros2_ws/install/canopen_interfaces/share/canopen_interfaces/local_setup.dsv
[1.322s] -- Symlinking: /home/ub2004/ros2_ws/install/canopen_interfaces/share/canopen_interfaces/package.dsv
[1.339s] -- Up-to-date symlink: /home/ub2004/ros2_ws/install/canopen_interfaces/share/ament_index/resource_index/packages/canopen_interfaces
[1.340s] -- Up-to-date symlink: /home/ub2004/ros2_ws/install/canopen_interfaces/share/canopen_interfaces/cmake/rosidl_cmake-extras.cmake
[1.340s] -- Up-to-date symlink: /home/ub2004/ros2_ws/install/canopen_interfaces/share/canopen_interfaces/cmake/ament_cmake_export_include_directories-extras.cmake
[1.340s] -- Up-to-date symlink: /home/ub2004/ros2_ws/install/canopen_interfaces/share/canopen_interfaces/cmake/ament_cmake_export_libraries-extras.cmake
[1.341s] -- Up-to-date symlink: /home/ub2004/ros2_ws/install/canopen_interfaces/share/canopen_interfaces/cmake/ament_cmake_export_targets-extras.cmake
[1.341s] -- Up-to-date symlink: /home/ub2004/ros2_ws/install/canopen_interfaces/share/canopen_interfaces/cmake/rosidl_cmake_export_typesupport_targets-extras.cmake
[1.341s] -- Up-to-date symlink: /home/ub2004/ros2_ws/install/canopen_interfaces/share/canopen_interfaces/cmake/ament_cmake_export_dependencies-extras.cmake
[1.341s] -- Up-to-date symlink: /home/ub2004/ros2_ws/install/canopen_interfaces/share/canopen_interfaces/cmake/rosidl_cmake_export_typesupport_libraries-extras.cmake
[1.342s] -- Up-to-date symlink: /home/ub2004/ros2_ws/install/canopen_interfaces/share/canopen_interfaces/cmake/canopen_interfacesConfig.cmake
[1.342s] -- Up-to-date symlink: /home/ub2004/ros2_ws/install/canopen_interfaces/share/canopen_interfaces/cmake/canopen_interfacesConfig-version.cmake
[1.342s] -- Up-to-date symlink: /home/ub2004/ros2_ws/install/canopen_interfaces/share/canopen_interfaces/package.xml
[1.345s] -- Up-to-date: /home/ub2004/ros2_ws/install/canopen_interfaces/lib/libcanopen_interfaces__rosidl_generator_c.so
[1.347s] -- Up-to-date: /home/ub2004/ros2_ws/install/canopen_interfaces/lib/libcanopen_interfaces__rosidl_typesupport_fastrtps_c.so
[1.350s] -- Up-to-date: /home/ub2004/ros2_ws/install/canopen_interfaces/lib/libcanopen_interfaces__rosidl_typesupport_introspection_c.so
[1.351s] -- Up-to-date: /home/ub2004/ros2_ws/install/canopen_interfaces/lib/libcanopen_interfaces__rosidl_typesupport_c.so
[1.353s] -- Up-to-date: /home/ub2004/ros2_ws/install/canopen_interfaces/lib/libcanopen_interfaces__rosidl_typesupport_fastrtps_cpp.so
[1.354s] -- Up-to-date: /home/ub2004/ros2_ws/install/canopen_interfaces/lib/libcanopen_interfaces__rosidl_typesupport_introspection_cpp.so
[1.355s] -- Up-to-date: /home/ub2004/ros2_ws/install/canopen_interfaces/lib/libcanopen_interfaces__rosidl_typesupport_cpp.so
[1.434s] Listing '/home/ub2004/ros2_ws/install/canopen_interfaces/local/lib/python3.10/dist-packages/canopen_interfaces'...
[1.435s] Listing '/home/ub2004/ros2_ws/install/canopen_interfaces/local/lib/python3.10/dist-packages/canopen_interfaces/msg'...
[1.435s] Listing '/home/ub2004/ros2_ws/install/canopen_interfaces/local/lib/python3.10/dist-packages/canopen_interfaces/srv'...
[1.443s] -- Up-to-date: /home/ub2004/ros2_ws/install/canopen_interfaces/lib/libcanopen_interfaces__rosidl_generator_py.so
[1.444s] -- Up-to-date: /home/ub2004/ros2_ws/install/canopen_interfaces/share/canopen_interfaces/cmake/export_canopen_interfaces__rosidl_generator_cExport.cmake
[1.445s] -- Up-to-date: /home/ub2004/ros2_ws/install/canopen_interfaces/share/canopen_interfaces/cmake/export_canopen_interfaces__rosidl_generator_cExport-noconfig.cmake
[1.445s] -- Up-to-date: /home/ub2004/ros2_ws/install/canopen_interfaces/share/canopen_interfaces/cmake/export_canopen_interfaces__rosidl_typesupport_fastrtps_cExport.cmake
[1.445s] -- Up-to-date: /home/ub2004/ros2_ws/install/canopen_interfaces/share/canopen_interfaces/cmake/export_canopen_interfaces__rosidl_typesupport_fastrtps_cExport-noconfig.cmake
[1.446s] -- Up-to-date: /home/ub2004/ros2_ws/install/canopen_interfaces/share/canopen_interfaces/cmake/canopen_interfaces__rosidl_typesupport_introspection_cExport.cmake
[1.447s] -- Up-to-date: /home/ub2004/ros2_ws/install/canopen_interfaces/share/canopen_interfaces/cmake/canopen_interfaces__rosidl_typesupport_introspection_cExport-noconfig.cmake
[1.448s] -- Up-to-date: /home/ub2004/ros2_ws/install/canopen_interfaces/share/canopen_interfaces/cmake/canopen_interfaces__rosidl_typesupport_cExport.cmake
[1.448s] -- Up-to-date: /home/ub2004/ros2_ws/install/canopen_interfaces/share/canopen_interfaces/cmake/canopen_interfaces__rosidl_typesupport_cExport-noconfig.cmake
[1.449s] -- Up-to-date: /home/ub2004/ros2_ws/install/canopen_interfaces/share/canopen_interfaces/cmake/export_canopen_interfaces__rosidl_generator_cppExport.cmake
[1.450s] -- Up-to-date: /home/ub2004/ros2_ws/install/canopen_interfaces/share/canopen_interfaces/cmake/export_canopen_interfaces__rosidl_typesupport_fastrtps_cppExport.cmake
[1.450s] -- Up-to-date: /home/ub2004/ros2_ws/install/canopen_interfaces/share/canopen_interfaces/cmake/export_canopen_interfaces__rosidl_typesupport_fastrtps_cppExport-noconfig.cmake
[1.451s] -- Up-to-date: /home/ub2004/ros2_ws/install/canopen_interfaces/share/canopen_interfaces/cmake/canopen_interfaces__rosidl_typesupport_introspection_cppExport.cmake
[1.451s] -- Up-to-date: /home/ub2004/ros2_ws/install/canopen_interfaces/share/canopen_interfaces/cmake/canopen_interfaces__rosidl_typesupport_introspection_cppExport-noconfig.cmake
[1.452s] -- Up-to-date: /home/ub2004/ros2_ws/install/canopen_interfaces/share/canopen_interfaces/cmake/canopen_interfaces__rosidl_typesupport_cppExport.cmake
[1.452s] -- Up-to-date: /home/ub2004/ros2_ws/install/canopen_interfaces/share/canopen_interfaces/cmake/canopen_interfaces__rosidl_typesupport_cppExport-noconfig.cmake
[1.453s] -- Up-to-date: /home/ub2004/ros2_ws/install/canopen_interfaces/share/canopen_interfaces/cmake/export_canopen_interfaces__rosidl_generator_pyExport.cmake
[1.454s] -- Up-to-date: /home/ub2004/ros2_ws/install/canopen_interfaces/share/canopen_interfaces/cmake/export_canopen_interfaces__rosidl_generator_pyExport-noconfig.cmake
[1.463s] Invoked command in '/home/ub2004/ros2_ws/build/canopen_interfaces' returned '0': CMAKE_PREFIX_PATH=${CMAKE_PREFIX_PATH}:/home/ub2004/ros2_ws/install/urdf_tutorial:/home/ub2004/ros2_ws/install/test_py:/home/ub2004/ros2_ws/install/canopen_utils:/home/ub2004/ros2_ws/install/can_comm:/home/ub2004/ros2_ws/install/agv_pak:/opt/ros/humble /usr/bin/cmake --install /home/ub2004/ros2_ws/build/canopen_interfaces
