[0.028s] Invoking command in '/home/ub2004/ros2_ws/src/build/canopen_master_driver': AMENT_PREFIX_PATH=/home/ub2004/ros2_ws/src/install/canopen_core:/home/ub2004/ros2_ws/src/install/lely_core_libraries:/home/ub2004/ros2_ws/src/install/canopen_interfaces:${AMENT_PREFIX_PATH} CMAKE_PREFIX_PATH=/home/ub2004/ros2_ws/src/install/canopen_core:/home/ub2004/ros2_ws/src/install/lely_core_libraries:/home/ub2004/ros2_ws/src/install/canopen_interfaces:/home/ub2004/ros2_ws/install/canopen_tests:/home/ub2004/ros2_ws/install/canopen_ros2_controllers:/home/ub2004/ros2_ws/install/canopen_ros2_control:/home/ub2004/ros2_ws/install/canopen:/home/ub2004/ros2_ws/install/canopen_402_driver:/home/ub2004/ros2_ws/install/canopen_proxy_driver:/home/ub2004/ros2_ws/install/canopen_master_driver:/home/ub2004/ros2_ws/install/canopen_fake_slaves:/home/ub2004/ros2_ws/install/canopen_base_driver:/home/ub2004/ros2_ws/install/canopen_core:/home/ub2004/ros2_ws/install/lely_core_libraries:/home/ub2004/ros2_ws/install/canopen_interfaces:/home/ub2004/ros2_ws/install/urdf_tutorial:/home/ub2004/ros2_ws/install/test_py:/home/ub2004/ros2_ws/install/canopen_utils:/home/ub2004/ros2_ws/install/can_comm:/home/ub2004/ros2_ws/install/agv_pak:/opt/ros/humble LD_LIBRARY_PATH=/home/ub2004/ros2_ws/src/install/canopen_core/lib:/home/ub2004/ros2_ws/src/install/lely_core_libraries/lib:/home/ub2004/ros2_ws/src/install/canopen_interfaces/lib:${LD_LIBRARY_PATH} PATH=/home/ub2004/ros2_ws/src/install/lely_core_libraries/bin:${PATH} PYTHONPATH=/home/ub2004/ros2_ws/src/install/lely_core_libraries/local/lib/python3.10/dist-packages:/home/ub2004/ros2_ws/src/install/lely_core_libraries/lib/python3.10/site-packages:/home/ub2004/ros2_ws/src/install/canopen_interfaces/local/lib/python3.10/dist-packages:${PYTHONPATH} /usr/bin/cmake /home/ub2004/ros2_ws/src/ros2_canopen/canopen_master_driver -DCMAKE_INSTALL_PREFIX=/home/ub2004/ros2_ws/src/install/canopen_master_driver
[0.178s] -- The C compiler identification is GNU 11.4.0
[0.259s] -- The CXX compiler identification is GNU 11.4.0
[0.278s] -- Detecting C compiler ABI info
[0.374s] -- Detecting C compiler ABI info - done
[0.382s] -- Check for working C compiler: /usr/bin/cc - skipped
[0.386s] -- Detecting C compile features
[0.387s] -- Detecting C compile features - done
[0.391s] -- Detecting CXX compiler ABI info
[0.490s] -- Detecting CXX compiler ABI info - done
[0.505s] -- Check for working CXX compiler: /usr/bin/c++ - skipped
[0.505s] -- Detecting CXX compile features
[0.506s] -- Detecting CXX compile features - done
[0.519s] -- Found ament_cmake: 1.3.11 (/opt/ros/humble/share/ament_cmake/cmake)
[0.769s] -- Found Python3: /usr/bin/python3 (found version "3.10.12") found components: Interpreter 
[0.950s] -- Found ament_cmake_ros: 0.10.0 (/opt/ros/humble/share/ament_cmake_ros/cmake)
[0.967s] -- Found canopen_core: 0.2.11 (/home/ub2004/ros2_ws/src/install/canopen_core/share/canopen_core/cmake)
[1.194s] -- Found Boost: /usr/lib/x86_64-linux-gnu/cmake/Boost-1.74.0/BoostConfig.cmake (found version "1.74.0") found components: system thread 
[1.278s] -- Found rosidl_generator_c: 3.1.6 (/opt/ros/humble/share/rosidl_generator_c/cmake)
[1.294s] -- Found rosidl_adapter: 3.1.6 (/opt/ros/humble/share/rosidl_adapter/cmake)
[1.312s] -- Found rosidl_generator_cpp: 3.1.6 (/opt/ros/humble/share/rosidl_generator_cpp/cmake)
[1.343s] -- Using all available rosidl_typesupport_c: rosidl_typesupport_fastrtps_c;rosidl_typesupport_introspection_c
[1.387s] -- Using all available rosidl_typesupport_cpp: rosidl_typesupport_fastrtps_cpp;rosidl_typesupport_introspection_cpp
[1.573s] -- Found rmw_implementation_cmake: 6.1.2 (/opt/ros/humble/share/rmw_implementation_cmake/cmake)
[1.581s] -- Found rmw_fastrtps_cpp: 6.2.7 (/opt/ros/humble/share/rmw_fastrtps_cpp/cmake)
[1.736s] -- Found OpenSSL: /usr/lib/x86_64-linux-gnu/libcrypto.so (found version "3.0.2")  
[1.770s] -- Found FastRTPS: /opt/ros/humble/include  
[1.821s] -- Using RMW implementation 'rmw_fastrtps_cpp' as default
[1.840s] -- Found Threads: TRUE  
[2.060s] -- Found gtest sources under '/opt/ros/humble/src/gtest_vendor': C++ tests using 'Google Test' will be built
[2.201s] -- Configuring done
[2.288s] -- Generating done
[2.306s] -- Build files have been written to: /home/ub2004/ros2_ws/src/build/canopen_master_driver
[2.325s] Invoked command in '/home/ub2004/ros2_ws/src/build/canopen_master_driver' returned '0': AMENT_PREFIX_PATH=/home/ub2004/ros2_ws/src/install/canopen_core:/home/ub2004/ros2_ws/src/install/lely_core_libraries:/home/ub2004/ros2_ws/src/install/canopen_interfaces:${AMENT_PREFIX_PATH} CMAKE_PREFIX_PATH=/home/ub2004/ros2_ws/src/install/canopen_core:/home/ub2004/ros2_ws/src/install/lely_core_libraries:/home/ub2004/ros2_ws/src/install/canopen_interfaces:/home/ub2004/ros2_ws/install/canopen_tests:/home/ub2004/ros2_ws/install/canopen_ros2_controllers:/home/ub2004/ros2_ws/install/canopen_ros2_control:/home/ub2004/ros2_ws/install/canopen:/home/ub2004/ros2_ws/install/canopen_402_driver:/home/ub2004/ros2_ws/install/canopen_proxy_driver:/home/ub2004/ros2_ws/install/canopen_master_driver:/home/ub2004/ros2_ws/install/canopen_fake_slaves:/home/ub2004/ros2_ws/install/canopen_base_driver:/home/ub2004/ros2_ws/install/canopen_core:/home/ub2004/ros2_ws/install/lely_core_libraries:/home/ub2004/ros2_ws/install/canopen_interfaces:/home/ub2004/ros2_ws/install/urdf_tutorial:/home/ub2004/ros2_ws/install/test_py:/home/ub2004/ros2_ws/install/canopen_utils:/home/ub2004/ros2_ws/install/can_comm:/home/ub2004/ros2_ws/install/agv_pak:/opt/ros/humble LD_LIBRARY_PATH=/home/ub2004/ros2_ws/src/install/canopen_core/lib:/home/ub2004/ros2_ws/src/install/lely_core_libraries/lib:/home/ub2004/ros2_ws/src/install/canopen_interfaces/lib:${LD_LIBRARY_PATH} PATH=/home/ub2004/ros2_ws/src/install/lely_core_libraries/bin:${PATH} PYTHONPATH=/home/ub2004/ros2_ws/src/install/lely_core_libraries/local/lib/python3.10/dist-packages:/home/ub2004/ros2_ws/src/install/lely_core_libraries/lib/python3.10/site-packages:/home/ub2004/ros2_ws/src/install/canopen_interfaces/local/lib/python3.10/dist-packages:${PYTHONPATH} /usr/bin/cmake /home/ub2004/ros2_ws/src/ros2_canopen/canopen_master_driver -DCMAKE_INSTALL_PREFIX=/home/ub2004/ros2_ws/src/install/canopen_master_driver
[2.327s] Invoking command in '/home/ub2004/ros2_ws/src/build/canopen_master_driver': AMENT_PREFIX_PATH=/home/ub2004/ros2_ws/src/install/canopen_core:/home/ub2004/ros2_ws/src/install/lely_core_libraries:/home/ub2004/ros2_ws/src/install/canopen_interfaces:${AMENT_PREFIX_PATH} CMAKE_PREFIX_PATH=/home/ub2004/ros2_ws/src/install/canopen_core:/home/ub2004/ros2_ws/src/install/lely_core_libraries:/home/ub2004/ros2_ws/src/install/canopen_interfaces:/home/ub2004/ros2_ws/install/canopen_tests:/home/ub2004/ros2_ws/install/canopen_ros2_controllers:/home/ub2004/ros2_ws/install/canopen_ros2_control:/home/ub2004/ros2_ws/install/canopen:/home/ub2004/ros2_ws/install/canopen_402_driver:/home/ub2004/ros2_ws/install/canopen_proxy_driver:/home/ub2004/ros2_ws/install/canopen_master_driver:/home/ub2004/ros2_ws/install/canopen_fake_slaves:/home/ub2004/ros2_ws/install/canopen_base_driver:/home/ub2004/ros2_ws/install/canopen_core:/home/ub2004/ros2_ws/install/lely_core_libraries:/home/ub2004/ros2_ws/install/canopen_interfaces:/home/ub2004/ros2_ws/install/urdf_tutorial:/home/ub2004/ros2_ws/install/test_py:/home/ub2004/ros2_ws/install/canopen_utils:/home/ub2004/ros2_ws/install/can_comm:/home/ub2004/ros2_ws/install/agv_pak:/opt/ros/humble LD_LIBRARY_PATH=/home/ub2004/ros2_ws/src/install/canopen_core/lib:/home/ub2004/ros2_ws/src/install/lely_core_libraries/lib:/home/ub2004/ros2_ws/src/install/canopen_interfaces/lib:${LD_LIBRARY_PATH} PATH=/home/ub2004/ros2_ws/src/install/lely_core_libraries/bin:${PATH} PYTHONPATH=/home/ub2004/ros2_ws/src/install/lely_core_libraries/local/lib/python3.10/dist-packages:/home/ub2004/ros2_ws/src/install/lely_core_libraries/lib/python3.10/site-packages:/home/ub2004/ros2_ws/src/install/canopen_interfaces/local/lib/python3.10/dist-packages:${PYTHONPATH} /usr/bin/cmake --build /home/ub2004/ros2_ws/src/build/canopen_master_driver -- -j8 -l8
[2.397s] [  5%] [32mBuilding CXX object gtest/CMakeFiles/gtest.dir/src/gtest-all.cc.o[0m
[2.400s] [ 16%] [32mBuilding CXX object gtest/CMakeFiles/gtest_main.dir/src/gtest_main.cc.o[0m
[2.400s] [ 16%] [32mBuilding CXX object CMakeFiles/lely_master_bridge.dir/src/lely_master_bridge.cpp.o[0m
[4.066s] [ 22%] [32m[1mLinking CXX static library libgtest_main.a[0m
[4.118s] [ 22%] Built target gtest_main
[6.858s] [ 27%] [32m[1mLinking CXX static library libgtest.a[0m
[6.935s] [ 27%] Built target gtest
[7.417s] [ 33%] [32m[1mLinking CXX shared library liblely_master_bridge.so[0m
[7.619s] [ 33%] Built target lely_master_bridge
[7.648s] [ 38%] [32mBuilding CXX object CMakeFiles/node_canopen_basic_master.dir/src/node_interfaces/node_canopen_basic_master.cpp.o[0m
[16.147s] [ 44%] [32m[1mLinking CXX shared library libnode_canopen_basic_master.so[0m
[16.530s] [ 44%] Built target node_canopen_basic_master
[16.559s] [ 50%] [32mBuilding CXX object CMakeFiles/lifecycle_master_driver.dir/src/lifecycle_master_driver.cpp.o[0m
[16.562s] [ 55%] [32mBuilding CXX object CMakeFiles/master_driver.dir/src/master_driver.cpp.o[0m
[24.025s] [ 61%] [32m[1mLinking CXX shared library liblifecycle_master_driver.so[0m
[24.433s] [ 61%] Built target lifecycle_master_driver
[25.159s] [ 66%] [32m[1mLinking CXX shared library libmaster_driver.so[0m
[25.510s] [ 66%] Built target master_driver
[25.548s] [ 83%] [32mBuilding CXX object test/CMakeFiles/test_node_canopen_basic_driver.dir/test_node_canopen_basic_master.cpp.o[0m
[25.549s] [ 83%] [32mBuilding CXX object test/CMakeFiles/test_master_driver_component.dir/test_master_driver_component.cpp.o[0m
[25.549s] [ 83%] [32mBuilding CXX object test/CMakeFiles/test_node_canopen_basic_driver_ros.dir/test_node_canopen_basic_master_ros.cpp.o[0m
[36.581s] [ 88%] [32m[1mLinking CXX executable test_node_canopen_basic_driver[0m
[36.587s] [ 94%] [32m[1mLinking CXX executable test_master_driver_component[0m
[36.828s] [100%] [32m[1mLinking CXX executable test_node_canopen_basic_driver_ros[0m
[37.285s] [100%] Built target test_master_driver_component
[37.390s] [100%] Built target test_node_canopen_basic_driver
[37.480s] [100%] Built target test_node_canopen_basic_driver_ros
[37.495s] Invoked command in '/home/ub2004/ros2_ws/src/build/canopen_master_driver' returned '0': AMENT_PREFIX_PATH=/home/ub2004/ros2_ws/src/install/canopen_core:/home/ub2004/ros2_ws/src/install/lely_core_libraries:/home/ub2004/ros2_ws/src/install/canopen_interfaces:${AMENT_PREFIX_PATH} CMAKE_PREFIX_PATH=/home/ub2004/ros2_ws/src/install/canopen_core:/home/ub2004/ros2_ws/src/install/lely_core_libraries:/home/ub2004/ros2_ws/src/install/canopen_interfaces:/home/ub2004/ros2_ws/install/canopen_tests:/home/ub2004/ros2_ws/install/canopen_ros2_controllers:/home/ub2004/ros2_ws/install/canopen_ros2_control:/home/ub2004/ros2_ws/install/canopen:/home/ub2004/ros2_ws/install/canopen_402_driver:/home/ub2004/ros2_ws/install/canopen_proxy_driver:/home/ub2004/ros2_ws/install/canopen_master_driver:/home/ub2004/ros2_ws/install/canopen_fake_slaves:/home/ub2004/ros2_ws/install/canopen_base_driver:/home/ub2004/ros2_ws/install/canopen_core:/home/ub2004/ros2_ws/install/lely_core_libraries:/home/ub2004/ros2_ws/install/canopen_interfaces:/home/ub2004/ros2_ws/install/urdf_tutorial:/home/ub2004/ros2_ws/install/test_py:/home/ub2004/ros2_ws/install/canopen_utils:/home/ub2004/ros2_ws/install/can_comm:/home/ub2004/ros2_ws/install/agv_pak:/opt/ros/humble LD_LIBRARY_PATH=/home/ub2004/ros2_ws/src/install/canopen_core/lib:/home/ub2004/ros2_ws/src/install/lely_core_libraries/lib:/home/ub2004/ros2_ws/src/install/canopen_interfaces/lib:${LD_LIBRARY_PATH} PATH=/home/ub2004/ros2_ws/src/install/lely_core_libraries/bin:${PATH} PYTHONPATH=/home/ub2004/ros2_ws/src/install/lely_core_libraries/local/lib/python3.10/dist-packages:/home/ub2004/ros2_ws/src/install/lely_core_libraries/lib/python3.10/site-packages:/home/ub2004/ros2_ws/src/install/canopen_interfaces/local/lib/python3.10/dist-packages:${PYTHONPATH} /usr/bin/cmake --build /home/ub2004/ros2_ws/src/build/canopen_master_driver -- -j8 -l8
[37.498s] Invoking command in '/home/ub2004/ros2_ws/src/build/canopen_master_driver': AMENT_PREFIX_PATH=/home/ub2004/ros2_ws/src/install/canopen_core:/home/ub2004/ros2_ws/src/install/lely_core_libraries:/home/ub2004/ros2_ws/src/install/canopen_interfaces:${AMENT_PREFIX_PATH} CMAKE_PREFIX_PATH=/home/ub2004/ros2_ws/src/install/canopen_core:/home/ub2004/ros2_ws/src/install/lely_core_libraries:/home/ub2004/ros2_ws/src/install/canopen_interfaces:/home/ub2004/ros2_ws/install/canopen_tests:/home/ub2004/ros2_ws/install/canopen_ros2_controllers:/home/ub2004/ros2_ws/install/canopen_ros2_control:/home/ub2004/ros2_ws/install/canopen:/home/ub2004/ros2_ws/install/canopen_402_driver:/home/ub2004/ros2_ws/install/canopen_proxy_driver:/home/ub2004/ros2_ws/install/canopen_master_driver:/home/ub2004/ros2_ws/install/canopen_fake_slaves:/home/ub2004/ros2_ws/install/canopen_base_driver:/home/ub2004/ros2_ws/install/canopen_core:/home/ub2004/ros2_ws/install/lely_core_libraries:/home/ub2004/ros2_ws/install/canopen_interfaces:/home/ub2004/ros2_ws/install/urdf_tutorial:/home/ub2004/ros2_ws/install/test_py:/home/ub2004/ros2_ws/install/canopen_utils:/home/ub2004/ros2_ws/install/can_comm:/home/ub2004/ros2_ws/install/agv_pak:/opt/ros/humble LD_LIBRARY_PATH=/home/ub2004/ros2_ws/src/install/canopen_core/lib:/home/ub2004/ros2_ws/src/install/lely_core_libraries/lib:/home/ub2004/ros2_ws/src/install/canopen_interfaces/lib:${LD_LIBRARY_PATH} PATH=/home/ub2004/ros2_ws/src/install/lely_core_libraries/bin:${PATH} PYTHONPATH=/home/ub2004/ros2_ws/src/install/lely_core_libraries/local/lib/python3.10/dist-packages:/home/ub2004/ros2_ws/src/install/lely_core_libraries/lib/python3.10/site-packages:/home/ub2004/ros2_ws/src/install/canopen_interfaces/local/lib/python3.10/dist-packages:${PYTHONPATH} /usr/bin/cmake --install /home/ub2004/ros2_ws/src/build/canopen_master_driver
[37.507s] -- Install configuration: ""
[37.507s] -- Installing: /home/ub2004/ros2_ws/src/install/canopen_master_driver/include
[37.508s] -- Installing: /home/ub2004/ros2_ws/src/install/canopen_master_driver/include/canopen_master_driver
[37.508s] -- Installing: /home/ub2004/ros2_ws/src/install/canopen_master_driver/include/canopen_master_driver/lely_master_bridge.hpp
[37.508s] -- Installing: /home/ub2004/ros2_ws/src/install/canopen_master_driver/include/canopen_master_driver/lifecycle_master_driver.hpp
[37.509s] -- Installing: /home/ub2004/ros2_ws/src/install/canopen_master_driver/include/canopen_master_driver/node_interfaces
[37.509s] -- Installing: /home/ub2004/ros2_ws/src/install/canopen_master_driver/include/canopen_master_driver/node_interfaces/node_canopen_basic_master_impl.hpp
[37.509s] -- Installing: /home/ub2004/ros2_ws/src/install/canopen_master_driver/include/canopen_master_driver/node_interfaces/node_canopen_basic_master.hpp
[37.509s] -- Installing: /home/ub2004/ros2_ws/src/install/canopen_master_driver/include/canopen_master_driver/visibility_control.h
[37.509s] -- Installing: /home/ub2004/ros2_ws/src/install/canopen_master_driver/include/canopen_master_driver/master_driver.hpp
[37.509s] -- Installing: /home/ub2004/ros2_ws/src/install/canopen_master_driver/lib/liblifecycle_master_driver.so
[37.511s] -- Set runtime path of "/home/ub2004/ros2_ws/src/install/canopen_master_driver/lib/liblifecycle_master_driver.so" to ""
[37.511s] -- Installing: /home/ub2004/ros2_ws/src/install/canopen_master_driver/lib/libmaster_driver.so
[37.513s] -- Set runtime path of "/home/ub2004/ros2_ws/src/install/canopen_master_driver/lib/libmaster_driver.so" to ""
[37.513s] -- Installing: /home/ub2004/ros2_ws/src/install/canopen_master_driver/lib/libnode_canopen_basic_master.so
[37.516s] -- Set runtime path of "/home/ub2004/ros2_ws/src/install/canopen_master_driver/lib/libnode_canopen_basic_master.so" to ""
[37.516s] -- Installing: /home/ub2004/ros2_ws/src/install/canopen_master_driver/lib/liblely_master_bridge.so
[37.517s] -- Set runtime path of "/home/ub2004/ros2_ws/src/install/canopen_master_driver/lib/liblely_master_bridge.so" to ""
[37.517s] -- Installing: /home/ub2004/ros2_ws/src/install/canopen_master_driver/share/canopen_master_driver/environment/library_path.sh
[37.518s] -- Installing: /home/ub2004/ros2_ws/src/install/canopen_master_driver/share/canopen_master_driver/environment/library_path.dsv
[37.518s] -- Installing: /home/ub2004/ros2_ws/src/install/canopen_master_driver/share/ament_index/resource_index/package_run_dependencies/canopen_master_driver
[37.518s] -- Installing: /home/ub2004/ros2_ws/src/install/canopen_master_driver/share/ament_index/resource_index/parent_prefix_path/canopen_master_driver
[37.518s] -- Installing: /home/ub2004/ros2_ws/src/install/canopen_master_driver/share/canopen_master_driver/environment/ament_prefix_path.sh
[37.518s] -- Installing: /home/ub2004/ros2_ws/src/install/canopen_master_driver/share/canopen_master_driver/environment/ament_prefix_path.dsv
[37.518s] -- Installing: /home/ub2004/ros2_ws/src/install/canopen_master_driver/share/canopen_master_driver/environment/path.sh
[37.519s] -- Installing: /home/ub2004/ros2_ws/src/install/canopen_master_driver/share/canopen_master_driver/environment/path.dsv
[37.519s] -- Installing: /home/ub2004/ros2_ws/src/install/canopen_master_driver/share/canopen_master_driver/local_setup.bash
[37.519s] -- Installing: /home/ub2004/ros2_ws/src/install/canopen_master_driver/share/canopen_master_driver/local_setup.sh
[37.519s] -- Installing: /home/ub2004/ros2_ws/src/install/canopen_master_driver/share/canopen_master_driver/local_setup.zsh
[37.519s] -- Installing: /home/ub2004/ros2_ws/src/install/canopen_master_driver/share/canopen_master_driver/local_setup.dsv
[37.520s] -- Installing: /home/ub2004/ros2_ws/src/install/canopen_master_driver/share/canopen_master_driver/package.dsv
[37.520s] -- Installing: /home/ub2004/ros2_ws/src/install/canopen_master_driver/share/ament_index/resource_index/packages/canopen_master_driver
[37.520s] -- Installing: /home/ub2004/ros2_ws/src/install/canopen_master_driver/share/ament_index/resource_index/rclcpp_components/canopen_master_driver
[37.520s] -- Installing: /home/ub2004/ros2_ws/src/install/canopen_master_driver/share/canopen_master_driver/cmake/export_canopen_master_driverExport.cmake
[37.521s] -- Installing: /home/ub2004/ros2_ws/src/install/canopen_master_driver/share/canopen_master_driver/cmake/export_canopen_master_driverExport-noconfig.cmake
[37.521s] -- Installing: /home/ub2004/ros2_ws/src/install/canopen_master_driver/share/canopen_master_driver/cmake/ament_cmake_export_include_directories-extras.cmake
[37.521s] -- Installing: /home/ub2004/ros2_ws/src/install/canopen_master_driver/share/canopen_master_driver/cmake/ament_cmake_export_libraries-extras.cmake
[37.521s] -- Installing: /home/ub2004/ros2_ws/src/install/canopen_master_driver/share/canopen_master_driver/cmake/ament_cmake_export_targets-extras.cmake
[37.521s] -- Installing: /home/ub2004/ros2_ws/src/install/canopen_master_driver/share/canopen_master_driver/cmake/ament_cmake_export_dependencies-extras.cmake
[37.522s] -- Installing: /home/ub2004/ros2_ws/src/install/canopen_master_driver/share/canopen_master_driver/cmake/canopen_master_driverConfig.cmake
[37.522s] -- Installing: /home/ub2004/ros2_ws/src/install/canopen_master_driver/share/canopen_master_driver/cmake/canopen_master_driverConfig-version.cmake
[37.522s] -- Installing: /home/ub2004/ros2_ws/src/install/canopen_master_driver/share/canopen_master_driver/package.xml
[37.525s] Invoked command in '/home/ub2004/ros2_ws/src/build/canopen_master_driver' returned '0': AMENT_PREFIX_PATH=/home/ub2004/ros2_ws/src/install/canopen_core:/home/ub2004/ros2_ws/src/install/lely_core_libraries:/home/ub2004/ros2_ws/src/install/canopen_interfaces:${AMENT_PREFIX_PATH} CMAKE_PREFIX_PATH=/home/ub2004/ros2_ws/src/install/canopen_core:/home/ub2004/ros2_ws/src/install/lely_core_libraries:/home/ub2004/ros2_ws/src/install/canopen_interfaces:/home/ub2004/ros2_ws/install/canopen_tests:/home/ub2004/ros2_ws/install/canopen_ros2_controllers:/home/ub2004/ros2_ws/install/canopen_ros2_control:/home/ub2004/ros2_ws/install/canopen:/home/ub2004/ros2_ws/install/canopen_402_driver:/home/ub2004/ros2_ws/install/canopen_proxy_driver:/home/ub2004/ros2_ws/install/canopen_master_driver:/home/ub2004/ros2_ws/install/canopen_fake_slaves:/home/ub2004/ros2_ws/install/canopen_base_driver:/home/ub2004/ros2_ws/install/canopen_core:/home/ub2004/ros2_ws/install/lely_core_libraries:/home/ub2004/ros2_ws/install/canopen_interfaces:/home/ub2004/ros2_ws/install/urdf_tutorial:/home/ub2004/ros2_ws/install/test_py:/home/ub2004/ros2_ws/install/canopen_utils:/home/ub2004/ros2_ws/install/can_comm:/home/ub2004/ros2_ws/install/agv_pak:/opt/ros/humble LD_LIBRARY_PATH=/home/ub2004/ros2_ws/src/install/canopen_core/lib:/home/ub2004/ros2_ws/src/install/lely_core_libraries/lib:/home/ub2004/ros2_ws/src/install/canopen_interfaces/lib:${LD_LIBRARY_PATH} PATH=/home/ub2004/ros2_ws/src/install/lely_core_libraries/bin:${PATH} PYTHONPATH=/home/ub2004/ros2_ws/src/install/lely_core_libraries/local/lib/python3.10/dist-packages:/home/ub2004/ros2_ws/src/install/lely_core_libraries/lib/python3.10/site-packages:/home/ub2004/ros2_ws/src/install/canopen_interfaces/local/lib/python3.10/dist-packages:${PYTHONPATH} /usr/bin/cmake --install /home/ub2004/ros2_ws/src/build/canopen_master_driver
