[0.017s] Invoking command in '/home/ub2004/ros2_ws/build/canopen_core': CMAKE_PREFIX_PATH=/home/ub2004/ros2_ws/install/lely_core_libraries:/home/ub2004/ros2_ws/install/canopen_interfaces:/home/ub2004/ros2_ws/install/canopen_tests:/home/ub2004/ros2_ws/install/canopen_ros2_controllers:/home/ub2004/ros2_ws/install/canopen_ros2_control:/home/ub2004/ros2_ws/install/canopen:/home/ub2004/ros2_ws/install/canopen_402_driver:/home/ub2004/ros2_ws/install/canopen_proxy_driver:/home/ub2004/ros2_ws/install/canopen_master_driver:/home/ub2004/ros2_ws/install/canopen_fake_slaves:/home/ub2004/ros2_ws/install/canopen_base_driver:/home/ub2004/ros2_ws/install/canopen_core:/home/ub2004/ros2_ws/install/urdf_tutorial:/home/ub2004/ros2_ws/install/canopen_utils:/home/ub2004/ros2_ws/install/agv_pak:/opt/ros/humble LD_LIBRARY_PATH=/home/ub2004/ros2_ws/install/lely_core_libraries/lib:/home/ub2004/ros2_ws/install/canopen_interfaces/lib:/home/ub2004/ros2_ws/install/canopen_ros2_controllers/lib:/home/ub2004/ros2_ws/install/canopen_ros2_control/lib:/home/ub2004/ros2_ws/install/canopen_402_driver/lib:/home/ub2004/ros2_ws/install/canopen_proxy_driver/lib:/home/ub2004/ros2_ws/install/canopen_master_driver/lib:/home/ub2004/ros2_ws/install/canopen_base_driver/lib:/home/ub2004/ros2_ws/install/canopen_core/lib:/opt/ros/humble/opt/rviz_ogre_vendor/lib:/opt/ros/humble/lib/x86_64-linux-gnu:/opt/ros/humble/lib PYTHONPATH=/home/ub2004/ros2_ws/install/lely_core_libraries/lib/python3.10/site-packages:/home/ub2004/ros2_ws/install/lely_core_libraries/local/lib/python3.10/dist-packages:/home/ub2004/ros2_ws/install/canopen_utils/lib/python3.10/site-packages:/home/ub2004/ros2_ws/install/canopen_interfaces/local/lib/python3.10/dist-packages:/home/ub2004/ros2_ws/install/agv_pak/lib/python3.10/site-packages:/home/ub2004/ros2_ws/install/urdf_tutorial/lib/python3.10/site-packages:/opt/ros/humble/lib/python3.10/site-packages:/opt/ros/humble/local/lib/python3.10/dist-packages /usr/bin/cmake /home/ub2004/ros2_ws/src/ros2_canopen/canopen_core -DCMAKE_INSTALL_PREFIX=/home/ub2004/ros2_ws/install/canopen_core
[0.092s] -- The C compiler identification is GNU 11.4.0
[0.152s] -- The CXX compiler identification is GNU 11.4.0
[0.160s] -- Detecting C compiler ABI info
[0.238s] -- Detecting C compiler ABI info - done
[0.246s] -- Check for working C compiler: /usr/bin/cc - skipped
[0.246s] -- Detecting C compile features
[0.247s] -- Detecting C compile features - done
[0.250s] -- Detecting CXX compiler ABI info
[0.341s] -- Detecting CXX compiler ABI info - done
[0.349s] -- Check for working CXX compiler: /usr/bin/c++ - skipped
[0.349s] -- Detecting CXX compile features
[0.350s] -- Detecting CXX compile features - done
[0.353s] -- Found ament_cmake: 1.3.11 (/opt/ros/humble/share/ament_cmake/cmake)
[0.531s] -- Found Python3: /usr/bin/python3 (found version "3.10.12") found components: Interpreter 
[0.636s] -- Found canopen_interfaces: 0.2.11 (/home/ub2004/ros2_ws/install/canopen_interfaces/share/canopen_interfaces/cmake)
[0.672s] -- Found rosidl_generator_c: 3.1.6 (/opt/ros/humble/share/rosidl_generator_c/cmake)
[0.678s] -- Found rosidl_adapter: 3.1.6 (/opt/ros/humble/share/rosidl_adapter/cmake)
[0.689s] -- Found rosidl_generator_cpp: 3.1.6 (/opt/ros/humble/share/rosidl_generator_cpp/cmake)
[0.702s] -- Using all available rosidl_typesupport_c: rosidl_typesupport_fastrtps_c;rosidl_typesupport_introspection_c
[0.720s] -- Using all available rosidl_typesupport_cpp: rosidl_typesupport_fastrtps_cpp;rosidl_typesupport_introspection_cpp
[0.731s] -- Found lely_core_libraries: 0.2.11 (/home/ub2004/ros2_ws/install/lely_core_libraries/share/lely_core_libraries/cmake)
[0.736s] -- Found lifecycle_msgs: 1.2.1 (/opt/ros/humble/share/lifecycle_msgs/cmake)
[0.751s] -- Found rclcpp: 16.0.11 (/opt/ros/humble/share/rclcpp/cmake)
[0.807s] -- Found rmw_implementation_cmake: 6.1.2 (/opt/ros/humble/share/rmw_implementation_cmake/cmake)
[0.810s] -- Found rmw_fastrtps_cpp: 6.2.7 (/opt/ros/humble/share/rmw_fastrtps_cpp/cmake)
[0.916s] -- Found OpenSSL: /usr/lib/x86_64-linux-gnu/libcrypto.so (found version "3.0.2")  
[0.949s] -- Found FastRTPS: /opt/ros/humble/include  
[0.997s] -- Using RMW implementation 'rmw_fastrtps_cpp' as default
[1.006s] -- Looking for pthread.h
[1.092s] -- Looking for pthread.h - found
[1.093s] -- Performing Test CMAKE_HAVE_LIBC_PTHREAD
[1.176s] -- Performing Test CMAKE_HAVE_LIBC_PTHREAD - Success
[1.178s] -- Found Threads: TRUE  
[1.236s] -- Found rclcpp_components: 16.0.11 (/opt/ros/humble/share/rclcpp_components/cmake)
[1.267s] -- Found rclcpp_lifecycle: 16.0.11 (/opt/ros/humble/share/rclcpp_lifecycle/cmake)
[1.279s] -- Found yaml_cpp_vendor: 8.0.2 (/opt/ros/humble/share/yaml_cpp_vendor/cmake)
[1.300s] -- Found Boost: /usr/lib/x86_64-linux-gnu/cmake/Boost-1.74.0/BoostConfig.cmake (found version "1.74.0") found components: system thread 
[1.317s] -- Found ament_cmake_gtest: 1.3.11 (/opt/ros/humble/share/ament_cmake_gtest/cmake)
[1.319s] -- Found ament_cmake_gmock: 1.3.11 (/opt/ros/humble/share/ament_cmake_gmock/cmake)
[1.327s] -- Found gmock sources under '/opt/ros/humble/src/gmock_vendor': C++ tests using 'Google Mock' will be built
[1.331s] -- Found gtest sources under '/opt/ros/humble/src/gtest_vendor': C++ tests using 'Google Test' will be built
[1.453s] -- Configuring done
[1.598s] -- Generating done
[1.623s] -- Build files have been written to: /home/ub2004/ros2_ws/build/canopen_core
[1.637s] Invoked command in '/home/ub2004/ros2_ws/build/canopen_core' returned '0': CMAKE_PREFIX_PATH=/home/ub2004/ros2_ws/install/lely_core_libraries:/home/ub2004/ros2_ws/install/canopen_interfaces:/home/ub2004/ros2_ws/install/canopen_tests:/home/ub2004/ros2_ws/install/canopen_ros2_controllers:/home/ub2004/ros2_ws/install/canopen_ros2_control:/home/ub2004/ros2_ws/install/canopen:/home/ub2004/ros2_ws/install/canopen_402_driver:/home/ub2004/ros2_ws/install/canopen_proxy_driver:/home/ub2004/ros2_ws/install/canopen_master_driver:/home/ub2004/ros2_ws/install/canopen_fake_slaves:/home/ub2004/ros2_ws/install/canopen_base_driver:/home/ub2004/ros2_ws/install/canopen_core:/home/ub2004/ros2_ws/install/urdf_tutorial:/home/ub2004/ros2_ws/install/canopen_utils:/home/ub2004/ros2_ws/install/agv_pak:/opt/ros/humble LD_LIBRARY_PATH=/home/ub2004/ros2_ws/install/lely_core_libraries/lib:/home/ub2004/ros2_ws/install/canopen_interfaces/lib:/home/ub2004/ros2_ws/install/canopen_ros2_controllers/lib:/home/ub2004/ros2_ws/install/canopen_ros2_control/lib:/home/ub2004/ros2_ws/install/canopen_402_driver/lib:/home/ub2004/ros2_ws/install/canopen_proxy_driver/lib:/home/ub2004/ros2_ws/install/canopen_master_driver/lib:/home/ub2004/ros2_ws/install/canopen_base_driver/lib:/home/ub2004/ros2_ws/install/canopen_core/lib:/opt/ros/humble/opt/rviz_ogre_vendor/lib:/opt/ros/humble/lib/x86_64-linux-gnu:/opt/ros/humble/lib PYTHONPATH=/home/ub2004/ros2_ws/install/lely_core_libraries/lib/python3.10/site-packages:/home/ub2004/ros2_ws/install/lely_core_libraries/local/lib/python3.10/dist-packages:/home/ub2004/ros2_ws/install/canopen_utils/lib/python3.10/site-packages:/home/ub2004/ros2_ws/install/canopen_interfaces/local/lib/python3.10/dist-packages:/home/ub2004/ros2_ws/install/agv_pak/lib/python3.10/site-packages:/home/ub2004/ros2_ws/install/urdf_tutorial/lib/python3.10/site-packages:/opt/ros/humble/lib/python3.10/site-packages:/opt/ros/humble/local/lib/python3.10/dist-packages /usr/bin/cmake /home/ub2004/ros2_ws/src/ros2_canopen/canopen_core -DCMAKE_INSTALL_PREFIX=/home/ub2004/ros2_ws/install/canopen_core
[1.639s] Invoking command in '/home/ub2004/ros2_ws/build/canopen_core': CMAKE_PREFIX_PATH=/home/ub2004/ros2_ws/install/lely_core_libraries:/home/ub2004/ros2_ws/install/canopen_interfaces:/home/ub2004/ros2_ws/install/canopen_tests:/home/ub2004/ros2_ws/install/canopen_ros2_controllers:/home/ub2004/ros2_ws/install/canopen_ros2_control:/home/ub2004/ros2_ws/install/canopen:/home/ub2004/ros2_ws/install/canopen_402_driver:/home/ub2004/ros2_ws/install/canopen_proxy_driver:/home/ub2004/ros2_ws/install/canopen_master_driver:/home/ub2004/ros2_ws/install/canopen_fake_slaves:/home/ub2004/ros2_ws/install/canopen_base_driver:/home/ub2004/ros2_ws/install/canopen_core:/home/ub2004/ros2_ws/install/urdf_tutorial:/home/ub2004/ros2_ws/install/canopen_utils:/home/ub2004/ros2_ws/install/agv_pak:/opt/ros/humble LD_LIBRARY_PATH=/home/ub2004/ros2_ws/install/lely_core_libraries/lib:/home/ub2004/ros2_ws/install/canopen_interfaces/lib:/home/ub2004/ros2_ws/install/canopen_ros2_controllers/lib:/home/ub2004/ros2_ws/install/canopen_ros2_control/lib:/home/ub2004/ros2_ws/install/canopen_402_driver/lib:/home/ub2004/ros2_ws/install/canopen_proxy_driver/lib:/home/ub2004/ros2_ws/install/canopen_master_driver/lib:/home/ub2004/ros2_ws/install/canopen_base_driver/lib:/home/ub2004/ros2_ws/install/canopen_core/lib:/opt/ros/humble/opt/rviz_ogre_vendor/lib:/opt/ros/humble/lib/x86_64-linux-gnu:/opt/ros/humble/lib PYTHONPATH=/home/ub2004/ros2_ws/install/lely_core_libraries/lib/python3.10/site-packages:/home/ub2004/ros2_ws/install/lely_core_libraries/local/lib/python3.10/dist-packages:/home/ub2004/ros2_ws/install/canopen_utils/lib/python3.10/site-packages:/home/ub2004/ros2_ws/install/canopen_interfaces/local/lib/python3.10/dist-packages:/home/ub2004/ros2_ws/install/agv_pak/lib/python3.10/site-packages:/home/ub2004/ros2_ws/install/urdf_tutorial/lib/python3.10/site-packages:/opt/ros/humble/lib/python3.10/site-packages:/opt/ros/humble/local/lib/python3.10/dist-packages /usr/bin/cmake --build /home/ub2004/ros2_ws/build/canopen_core -- -j8 -l8
[1.716s] [  5%] [32mBuilding CXX object CMakeFiles/node_canopen_driver.dir/src/driver_error.cpp.o[0m
[1.716s] [  2%] [32mBuilding CXX object gmock/CMakeFiles/gmock_main.dir/src/gmock_main.cc.o[0m
[1.716s] [  8%] [32mBuilding CXX object CMakeFiles/node_canopen_driver.dir/src/driver_node.cpp.o[0m
[1.716s] [ 11%] [32mBuilding CXX object CMakeFiles/node_canopen_driver.dir/src/node_interfaces/node_canopen_driver.cpp.o[0m
[1.716s] [ 13%] [32mBuilding CXX object gmock/CMakeFiles/gmock.dir/opt/ros/humble/src/gtest_vendor/src/gtest-all.cc.o[0m
[1.719s] [ 16%] [32mBuilding CXX object CMakeFiles/node_canopen_master.dir/src/node_interfaces/node_canopen_master.cpp.o[0m
[1.720s] [ 19%] [32mBuilding CXX object gmock/CMakeFiles/gmock.dir/src/gmock-all.cc.o[0m
[1.724s] [ 22%] [32mBuilding CXX object CMakeFiles/node_canopen_master.dir/src/master_error.cpp.o[0m
[2.260s] [ 25%] [32mBuilding CXX object CMakeFiles/node_canopen_master.dir/src/master_node.cpp.o[0m
[5.434s] [ 27%] [32m[1mLinking CXX static library libgmock_main.a[0m
[5.547s] [ 27%] Built target gmock_main
[8.193s] [ 30%] [32m[1mLinking CXX static library libgmock.a[0m
[8.328s] [ 30%] Built target gmock
[9.458s] [ 33%] [32m[1mLinking CXX shared library libnode_canopen_driver.so[0m
[9.657s] [ 33%] Built target node_canopen_driver
[9.680s] [ 41%] [32mBuilding CXX object test/CMakeFiles/test_lifecycle_canopen_driver.dir/test_lifecycle_canopen_driver.cpp.o[0m
[9.680s] [ 41%] [32mBuilding CXX object test/CMakeFiles/test_canopen_driver.dir/test_canopen_driver.cpp.o[0m
[9.680s] [ 41%] [32mBuilding CXX object test/CMakeFiles/test_node_canopen_driver.dir/test_node_canopen_driver.cpp.o[0m
[9.715s] [ 44%] [32m[1mLinking CXX shared library libnode_canopen_master.so[0m
[9.900s] [ 44%] Built target node_canopen_master
[9.935s] [ 47%] [32mBuilding CXX object test/CMakeFiles/test_canopen_master.dir/test_canopen_master.cpp.o[0m
[9.935s] [ 50%] [32mBuilding CXX object test/CMakeFiles/test_node_canopen_master.dir/test_node_canopen_master.cpp.o[0m
[9.936s] [ 52%] [32mBuilding CXX object CMakeFiles/device_container.dir/src/device_container.cpp.o[0m
[9.938s] [ 55%] [32mBuilding CXX object test/CMakeFiles/test_lifecycle_canopen_master.dir/test_lifecycle_canopen_master.cpp.o[0m
[9.938s] [ 58%] [32mBuilding CXX object CMakeFiles/device_container.dir/src/configuration_manager.cpp.o[0m
[16.342s] [ 61%] [32mBuilding CXX object CMakeFiles/device_container.dir/src/device_container_error.cpp.o[0m
[16.783s] [ 63%] [32mBuilding CXX object CMakeFiles/device_container.dir/src/lifecycle_manager.cpp.o[0m
[20.395s] [ 66%] [32m[1mLinking CXX executable test_canopen_driver[0m
[20.593s] [ 69%] [32m[1mLinking CXX executable test_node_canopen_driver[0m
[20.861s] [ 72%] [32m[1mLinking CXX executable test_lifecycle_canopen_driver[0m
[20.925s] [ 75%] [32m[1mLinking CXX executable test_canopen_master[0m
[21.706s] [ 75%] Built target test_canopen_driver
[21.917s] [ 77%] [32m[1mLinking CXX executable test_lifecycle_canopen_master[0m
[21.924s] [ 77%] Built target test_node_canopen_driver
[22.130s] [ 77%] Built target test_canopen_master
[22.153s] [ 77%] Built target test_lifecycle_canopen_driver
[22.189s] [ 80%] [32m[1mLinking CXX executable test_node_canopen_master[0m
[22.487s] [ 80%] Built target test_lifecycle_canopen_master
[22.645s] [ 80%] Built target test_node_canopen_master
[25.285s] [ 83%] [32m[1mLinking CXX shared library libdevice_container.so[0m
[25.569s] [ 83%] Built target device_container
[25.592s] [ 91%] [32mBuilding CXX object test/CMakeFiles/test_lifecycle_manager.dir/test_lifecycle_manager.cpp.o[0m
[25.592s] [ 91%] [32mBuilding CXX object CMakeFiles/device_container_node.dir/src/device_container_node.cpp.o[0m
[25.592s] [ 91%] [32mBuilding CXX object test/CMakeFiles/test_errors.dir/test_errors.cpp.o[0m
[27.172s] [ 94%] [32m[1mLinking CXX executable test_errors[0m
[27.552s] [ 94%] Built target test_errors
[31.102s] [ 97%] [32m[1mLinking CXX executable device_container_node[0m
[31.354s] [ 97%] Built target device_container_node
[32.225s] [100%] [32m[1mLinking CXX executable test_lifecycle_manager[0m
[32.607s] [100%] Built target test_lifecycle_manager
[32.619s] Invoked command in '/home/ub2004/ros2_ws/build/canopen_core' returned '0': CMAKE_PREFIX_PATH=/home/ub2004/ros2_ws/install/lely_core_libraries:/home/ub2004/ros2_ws/install/canopen_interfaces:/home/ub2004/ros2_ws/install/canopen_tests:/home/ub2004/ros2_ws/install/canopen_ros2_controllers:/home/ub2004/ros2_ws/install/canopen_ros2_control:/home/ub2004/ros2_ws/install/canopen:/home/ub2004/ros2_ws/install/canopen_402_driver:/home/ub2004/ros2_ws/install/canopen_proxy_driver:/home/ub2004/ros2_ws/install/canopen_master_driver:/home/ub2004/ros2_ws/install/canopen_fake_slaves:/home/ub2004/ros2_ws/install/canopen_base_driver:/home/ub2004/ros2_ws/install/canopen_core:/home/ub2004/ros2_ws/install/urdf_tutorial:/home/ub2004/ros2_ws/install/canopen_utils:/home/ub2004/ros2_ws/install/agv_pak:/opt/ros/humble LD_LIBRARY_PATH=/home/ub2004/ros2_ws/install/lely_core_libraries/lib:/home/ub2004/ros2_ws/install/canopen_interfaces/lib:/home/ub2004/ros2_ws/install/canopen_ros2_controllers/lib:/home/ub2004/ros2_ws/install/canopen_ros2_control/lib:/home/ub2004/ros2_ws/install/canopen_402_driver/lib:/home/ub2004/ros2_ws/install/canopen_proxy_driver/lib:/home/ub2004/ros2_ws/install/canopen_master_driver/lib:/home/ub2004/ros2_ws/install/canopen_base_driver/lib:/home/ub2004/ros2_ws/install/canopen_core/lib:/opt/ros/humble/opt/rviz_ogre_vendor/lib:/opt/ros/humble/lib/x86_64-linux-gnu:/opt/ros/humble/lib PYTHONPATH=/home/ub2004/ros2_ws/install/lely_core_libraries/lib/python3.10/site-packages:/home/ub2004/ros2_ws/install/lely_core_libraries/local/lib/python3.10/dist-packages:/home/ub2004/ros2_ws/install/canopen_utils/lib/python3.10/site-packages:/home/ub2004/ros2_ws/install/canopen_interfaces/local/lib/python3.10/dist-packages:/home/ub2004/ros2_ws/install/agv_pak/lib/python3.10/site-packages:/home/ub2004/ros2_ws/install/urdf_tutorial/lib/python3.10/site-packages:/opt/ros/humble/lib/python3.10/site-packages:/opt/ros/humble/local/lib/python3.10/dist-packages /usr/bin/cmake --build /home/ub2004/ros2_ws/build/canopen_core -- -j8 -l8
[32.621s] Invoking command in '/home/ub2004/ros2_ws/build/canopen_core': CMAKE_PREFIX_PATH=/home/ub2004/ros2_ws/install/lely_core_libraries:/home/ub2004/ros2_ws/install/canopen_interfaces:/home/ub2004/ros2_ws/install/canopen_tests:/home/ub2004/ros2_ws/install/canopen_ros2_controllers:/home/ub2004/ros2_ws/install/canopen_ros2_control:/home/ub2004/ros2_ws/install/canopen:/home/ub2004/ros2_ws/install/canopen_402_driver:/home/ub2004/ros2_ws/install/canopen_proxy_driver:/home/ub2004/ros2_ws/install/canopen_master_driver:/home/ub2004/ros2_ws/install/canopen_fake_slaves:/home/ub2004/ros2_ws/install/canopen_base_driver:/home/ub2004/ros2_ws/install/canopen_core:/home/ub2004/ros2_ws/install/urdf_tutorial:/home/ub2004/ros2_ws/install/canopen_utils:/home/ub2004/ros2_ws/install/agv_pak:/opt/ros/humble LD_LIBRARY_PATH=/home/ub2004/ros2_ws/install/lely_core_libraries/lib:/home/ub2004/ros2_ws/install/canopen_interfaces/lib:/home/ub2004/ros2_ws/install/canopen_ros2_controllers/lib:/home/ub2004/ros2_ws/install/canopen_ros2_control/lib:/home/ub2004/ros2_ws/install/canopen_402_driver/lib:/home/ub2004/ros2_ws/install/canopen_proxy_driver/lib:/home/ub2004/ros2_ws/install/canopen_master_driver/lib:/home/ub2004/ros2_ws/install/canopen_base_driver/lib:/home/ub2004/ros2_ws/install/canopen_core/lib:/opt/ros/humble/opt/rviz_ogre_vendor/lib:/opt/ros/humble/lib/x86_64-linux-gnu:/opt/ros/humble/lib PYTHONPATH=/home/ub2004/ros2_ws/install/lely_core_libraries/lib/python3.10/site-packages:/home/ub2004/ros2_ws/install/lely_core_libraries/local/lib/python3.10/dist-packages:/home/ub2004/ros2_ws/install/canopen_utils/lib/python3.10/site-packages:/home/ub2004/ros2_ws/install/canopen_interfaces/local/lib/python3.10/dist-packages:/home/ub2004/ros2_ws/install/agv_pak/lib/python3.10/site-packages:/home/ub2004/ros2_ws/install/urdf_tutorial/lib/python3.10/site-packages:/opt/ros/humble/lib/python3.10/site-packages:/opt/ros/humble/local/lib/python3.10/dist-packages /usr/bin/cmake --install /home/ub2004/ros2_ws/build/canopen_core
[32.629s] -- Install configuration: ""
[32.629s] -- Installing: /home/ub2004/ros2_ws/install/canopen_core/include
[32.629s] -- Installing: /home/ub2004/ros2_ws/install/canopen_core/include/canopen_core
[32.630s] -- Installing: /home/ub2004/ros2_ws/install/canopen_core/include/canopen_core/lifecycle_manager.hpp
[32.630s] -- Installing: /home/ub2004/ros2_ws/install/canopen_core/include/canopen_core/device_container.hpp
[32.630s] -- Installing: /home/ub2004/ros2_ws/install/canopen_core/include/canopen_core/driver_error.hpp
[32.630s] -- Installing: /home/ub2004/ros2_ws/install/canopen_core/include/canopen_core/master_node.hpp
[32.630s] -- Installing: /home/ub2004/ros2_ws/install/canopen_core/include/canopen_core/configuration_manager.hpp
[32.630s] -- Installing: /home/ub2004/ros2_ws/install/canopen_core/include/canopen_core/node_interfaces
[32.630s] -- Installing: /home/ub2004/ros2_ws/install/canopen_core/include/canopen_core/node_interfaces/node_canopen_master_interface.hpp
[32.630s] -- Installing: /home/ub2004/ros2_ws/install/canopen_core/include/canopen_core/node_interfaces/node_canopen_master.hpp
[32.630s] -- Installing: /home/ub2004/ros2_ws/install/canopen_core/include/canopen_core/node_interfaces/node_canopen_driver.hpp
[32.630s] -- Installing: /home/ub2004/ros2_ws/install/canopen_core/include/canopen_core/node_interfaces/node_canopen_driver_interface.hpp
[32.631s] -- Installing: /home/ub2004/ros2_ws/install/canopen_core/include/canopen_core/exchange.hpp
[32.631s] -- Installing: /home/ub2004/ros2_ws/install/canopen_core/include/canopen_core/device_container_error.hpp
[32.631s] -- Installing: /home/ub2004/ros2_ws/install/canopen_core/include/canopen_core/driver_node.hpp
[32.631s] -- Installing: /home/ub2004/ros2_ws/install/canopen_core/include/canopen_core/master_error.hpp
[32.631s] -- Installing: /home/ub2004/ros2_ws/install/canopen_core/include/canopen_core/visibility_control.h
[32.631s] -- Installing: /home/ub2004/ros2_ws/install/canopen_core/share/canopen_core/launch/
[32.631s] -- Installing: /home/ub2004/ros2_ws/install/canopen_core/share/canopen_core/launch//canopen.launch.py
[32.631s] -- Installing: /home/ub2004/ros2_ws/install/canopen_core/lib/libnode_canopen_driver.so
[32.633s] -- Set runtime path of "/home/ub2004/ros2_ws/install/canopen_core/lib/libnode_canopen_driver.so" to ""
[32.633s] -- Installing: /home/ub2004/ros2_ws/install/canopen_core/lib/libnode_canopen_master.so
[32.635s] -- Set runtime path of "/home/ub2004/ros2_ws/install/canopen_core/lib/libnode_canopen_master.so" to ""
[32.635s] -- Installing: /home/ub2004/ros2_ws/install/canopen_core/lib/libdevice_container.so
[32.637s] -- Set runtime path of "/home/ub2004/ros2_ws/install/canopen_core/lib/libdevice_container.so" to ""
[32.638s] -- Installing: /home/ub2004/ros2_ws/install/canopen_core/lib/canopen_core/device_container_node
[32.639s] -- Set runtime path of "/home/ub2004/ros2_ws/install/canopen_core/lib/canopen_core/device_container_node" to ""
[32.639s] -- Installing: /home/ub2004/ros2_ws/install/canopen_core/share/canopen_core/environment/library_path.sh
[32.639s] -- Installing: /home/ub2004/ros2_ws/install/canopen_core/share/canopen_core/environment/library_path.dsv
[32.639s] -- Installing: /home/ub2004/ros2_ws/install/canopen_core/share/ament_index/resource_index/package_run_dependencies/canopen_core
[32.639s] -- Installing: /home/ub2004/ros2_ws/install/canopen_core/share/ament_index/resource_index/parent_prefix_path/canopen_core
[32.640s] -- Installing: /home/ub2004/ros2_ws/install/canopen_core/share/canopen_core/environment/ament_prefix_path.sh
[32.640s] -- Installing: /home/ub2004/ros2_ws/install/canopen_core/share/canopen_core/environment/ament_prefix_path.dsv
[32.640s] -- Installing: /home/ub2004/ros2_ws/install/canopen_core/share/canopen_core/environment/path.sh
[32.640s] -- Installing: /home/ub2004/ros2_ws/install/canopen_core/share/canopen_core/environment/path.dsv
[32.640s] -- Installing: /home/ub2004/ros2_ws/install/canopen_core/share/canopen_core/local_setup.bash
[32.641s] -- Installing: /home/ub2004/ros2_ws/install/canopen_core/share/canopen_core/local_setup.sh
[32.641s] -- Installing: /home/ub2004/ros2_ws/install/canopen_core/share/canopen_core/local_setup.zsh
[32.641s] -- Installing: /home/ub2004/ros2_ws/install/canopen_core/share/canopen_core/local_setup.dsv
[32.641s] -- Installing: /home/ub2004/ros2_ws/install/canopen_core/share/canopen_core/package.dsv
[32.641s] -- Installing: /home/ub2004/ros2_ws/install/canopen_core/share/ament_index/resource_index/packages/canopen_core
[32.641s] -- Installing: /home/ub2004/ros2_ws/install/canopen_core/share/canopen_core/cmake/export_canopen_coreExport.cmake
[32.642s] -- Installing: /home/ub2004/ros2_ws/install/canopen_core/share/canopen_core/cmake/export_canopen_coreExport-noconfig.cmake
[32.642s] -- Installing: /home/ub2004/ros2_ws/install/canopen_core/share/canopen_core/cmake/ConfigExtras.cmake
[32.642s] -- Installing: /home/ub2004/ros2_ws/install/canopen_core/share/canopen_core/cmake/ament_cmake_export_include_directories-extras.cmake
[32.642s] -- Installing: /home/ub2004/ros2_ws/install/canopen_core/share/canopen_core/cmake/ament_cmake_export_libraries-extras.cmake
[32.642s] -- Installing: /home/ub2004/ros2_ws/install/canopen_core/share/canopen_core/cmake/ament_cmake_export_targets-extras.cmake
[32.643s] -- Installing: /home/ub2004/ros2_ws/install/canopen_core/share/canopen_core/cmake/ament_cmake_export_dependencies-extras.cmake
[32.643s] -- Installing: /home/ub2004/ros2_ws/install/canopen_core/share/canopen_core/cmake/canopen_coreConfig.cmake
[32.643s] -- Installing: /home/ub2004/ros2_ws/install/canopen_core/share/canopen_core/cmake/canopen_coreConfig-version.cmake
[32.643s] -- Installing: /home/ub2004/ros2_ws/install/canopen_core/share/canopen_core/package.xml
[32.646s] Invoked command in '/home/ub2004/ros2_ws/build/canopen_core' returned '0': CMAKE_PREFIX_PATH=/home/ub2004/ros2_ws/install/lely_core_libraries:/home/ub2004/ros2_ws/install/canopen_interfaces:/home/ub2004/ros2_ws/install/canopen_tests:/home/ub2004/ros2_ws/install/canopen_ros2_controllers:/home/ub2004/ros2_ws/install/canopen_ros2_control:/home/ub2004/ros2_ws/install/canopen:/home/ub2004/ros2_ws/install/canopen_402_driver:/home/ub2004/ros2_ws/install/canopen_proxy_driver:/home/ub2004/ros2_ws/install/canopen_master_driver:/home/ub2004/ros2_ws/install/canopen_fake_slaves:/home/ub2004/ros2_ws/install/canopen_base_driver:/home/ub2004/ros2_ws/install/canopen_core:/home/ub2004/ros2_ws/install/urdf_tutorial:/home/ub2004/ros2_ws/install/canopen_utils:/home/ub2004/ros2_ws/install/agv_pak:/opt/ros/humble LD_LIBRARY_PATH=/home/ub2004/ros2_ws/install/lely_core_libraries/lib:/home/ub2004/ros2_ws/install/canopen_interfaces/lib:/home/ub2004/ros2_ws/install/canopen_ros2_controllers/lib:/home/ub2004/ros2_ws/install/canopen_ros2_control/lib:/home/ub2004/ros2_ws/install/canopen_402_driver/lib:/home/ub2004/ros2_ws/install/canopen_proxy_driver/lib:/home/ub2004/ros2_ws/install/canopen_master_driver/lib:/home/ub2004/ros2_ws/install/canopen_base_driver/lib:/home/ub2004/ros2_ws/install/canopen_core/lib:/opt/ros/humble/opt/rviz_ogre_vendor/lib:/opt/ros/humble/lib/x86_64-linux-gnu:/opt/ros/humble/lib PYTHONPATH=/home/ub2004/ros2_ws/install/lely_core_libraries/lib/python3.10/site-packages:/home/ub2004/ros2_ws/install/lely_core_libraries/local/lib/python3.10/dist-packages:/home/ub2004/ros2_ws/install/canopen_utils/lib/python3.10/site-packages:/home/ub2004/ros2_ws/install/canopen_interfaces/local/lib/python3.10/dist-packages:/home/ub2004/ros2_ws/install/agv_pak/lib/python3.10/site-packages:/home/ub2004/ros2_ws/install/urdf_tutorial/lib/python3.10/site-packages:/opt/ros/humble/lib/python3.10/site-packages:/opt/ros/humble/local/lib/python3.10/dist-packages /usr/bin/cmake --install /home/ub2004/ros2_ws/build/canopen_core
