[0.035s] Invoking command in '/home/ub2004/ros2_ws/src/build/canopen_ros2_control': AMENT_PREFIX_PATH=/home/ub2004/ros2_ws/src/install/canopen_402_driver:/home/ub2004/ros2_ws/src/install/canopen_proxy_driver:/home/ub2004/ros2_ws/src/install/canopen_base_driver:/home/ub2004/ros2_ws/src/install/canopen_core:/home/ub2004/ros2_ws/src/install/lely_core_libraries:/home/ub2004/ros2_ws/src/install/canopen_interfaces:${AMENT_PREFIX_PATH} CMAKE_PREFIX_PATH=/home/ub2004/ros2_ws/src/install/canopen_402_driver:/home/ub2004/ros2_ws/src/install/canopen_proxy_driver:/home/ub2004/ros2_ws/src/install/canopen_base_driver:/home/ub2004/ros2_ws/src/install/canopen_core:/home/ub2004/ros2_ws/src/install/lely_core_libraries:/home/ub2004/ros2_ws/src/install/canopen_interfaces:/home/ub2004/ros2_ws/install/canopen_tests:/home/ub2004/ros2_ws/install/canopen_ros2_controllers:/home/ub2004/ros2_ws/install/canopen_ros2_control:/home/ub2004/ros2_ws/install/canopen:/home/ub2004/ros2_ws/install/canopen_402_driver:/home/ub2004/ros2_ws/install/canopen_proxy_driver:/home/ub2004/ros2_ws/install/canopen_master_driver:/home/ub2004/ros2_ws/install/canopen_fake_slaves:/home/ub2004/ros2_ws/install/canopen_base_driver:/home/ub2004/ros2_ws/install/canopen_core:/home/ub2004/ros2_ws/install/lely_core_libraries:/home/ub2004/ros2_ws/install/canopen_interfaces:/home/ub2004/ros2_ws/install/urdf_tutorial:/home/ub2004/ros2_ws/install/test_py:/home/ub2004/ros2_ws/install/canopen_utils:/home/ub2004/ros2_ws/install/can_comm:/home/ub2004/ros2_ws/install/agv_pak:/opt/ros/humble LD_LIBRARY_PATH=/home/ub2004/ros2_ws/src/install/canopen_402_driver/lib:/home/ub2004/ros2_ws/src/install/canopen_proxy_driver/lib:/home/ub2004/ros2_ws/src/install/canopen_base_driver/lib:/home/ub2004/ros2_ws/src/install/canopen_core/lib:/home/ub2004/ros2_ws/src/install/lely_core_libraries/lib:/home/ub2004/ros2_ws/src/install/canopen_interfaces/lib:${LD_LIBRARY_PATH} PATH=/home/ub2004/ros2_ws/src/install/lely_core_libraries/bin:${PATH} PYTHONPATH=/home/ub2004/ros2_ws/src/install/lely_core_libraries/local/lib/python3.10/dist-packages:/home/ub2004/ros2_ws/src/install/lely_core_libraries/lib/python3.10/site-packages:/home/ub2004/ros2_ws/src/install/canopen_interfaces/local/lib/python3.10/dist-packages:${PYTHONPATH} /usr/bin/cmake /home/ub2004/ros2_ws/src/ros2_canopen/canopen_ros2_control -DCMAKE_INSTALL_PREFIX=/home/ub2004/ros2_ws/src/install/canopen_ros2_control
[0.108s] -- The C compiler identification is GNU 11.4.0
[0.180s] -- The CXX compiler identification is GNU 11.4.0
[0.191s] -- Detecting C compiler ABI info
[0.284s] -- Detecting C compiler ABI info - done
[0.297s] -- Check for working C compiler: /usr/bin/cc - skipped
[0.297s] -- Detecting C compile features
[0.298s] -- Detecting C compile features - done
[0.301s] -- Detecting CXX compiler ABI info
[0.409s] -- Detecting CXX compiler ABI info - done
[0.420s] -- Check for working CXX compiler: /usr/bin/c++ - skipped
[0.420s] -- Detecting CXX compile features
[0.420s] -- Detecting CXX compile features - done
[0.429s] -- Found ros2_control_test_assets: 2.48.0 (/opt/ros/humble/share/ros2_control_test_assets/cmake)
[0.648s] -- Found Python3: /usr/bin/python3 (found version "3.10.12") found components: Interpreter 
[0.741s] -- Found ament_cmake_gmock: 1.3.11 (/opt/ros/humble/share/ament_cmake_gmock/cmake)
[0.746s] -- Found ament_cmake: 1.3.11 (/opt/ros/humble/share/ament_cmake/cmake)
[0.811s] -- Found canopen_402_driver: 0.2.11 (/home/ub2004/ros2_ws/src/install/canopen_402_driver/share/canopen_402_driver/cmake)
[1.034s] -- Found Boost: /usr/lib/x86_64-linux-gnu/cmake/Boost-1.74.0/BoostConfig.cmake (found version "1.74.0") found components: system thread 
[1.093s] -- Found rosidl_generator_c: 3.1.6 (/opt/ros/humble/share/rosidl_generator_c/cmake)
[1.104s] -- Found rosidl_adapter: 3.1.6 (/opt/ros/humble/share/rosidl_adapter/cmake)
[1.118s] -- Found rosidl_generator_cpp: 3.1.6 (/opt/ros/humble/share/rosidl_generator_cpp/cmake)
[1.138s] -- Using all available rosidl_typesupport_c: rosidl_typesupport_fastrtps_c;rosidl_typesupport_introspection_c
[1.164s] -- Using all available rosidl_typesupport_cpp: rosidl_typesupport_fastrtps_cpp;rosidl_typesupport_introspection_cpp
[1.290s] -- Found rmw_implementation_cmake: 6.1.2 (/opt/ros/humble/share/rmw_implementation_cmake/cmake)
[1.297s] -- Found rmw_fastrtps_cpp: 6.2.7 (/opt/ros/humble/share/rmw_fastrtps_cpp/cmake)
[1.428s] -- Found OpenSSL: /usr/lib/x86_64-linux-gnu/libcrypto.so (found version "3.0.2")  
[1.460s] -- Found FastRTPS: /opt/ros/humble/include  
[1.512s] -- Using RMW implementation 'rmw_fastrtps_cpp' as default
[1.528s] -- Found Threads: TRUE  
[1.773s] -- Found hardware_interface: 2.48.0 (/opt/ros/humble/share/hardware_interface/cmake)
[1.990s] -- Configuring done
[2.054s] -- Generating done
[2.061s] -- Build files have been written to: /home/ub2004/ros2_ws/src/build/canopen_ros2_control
[2.075s] Invoked command in '/home/ub2004/ros2_ws/src/build/canopen_ros2_control' returned '0': AMENT_PREFIX_PATH=/home/ub2004/ros2_ws/src/install/canopen_402_driver:/home/ub2004/ros2_ws/src/install/canopen_proxy_driver:/home/ub2004/ros2_ws/src/install/canopen_base_driver:/home/ub2004/ros2_ws/src/install/canopen_core:/home/ub2004/ros2_ws/src/install/lely_core_libraries:/home/ub2004/ros2_ws/src/install/canopen_interfaces:${AMENT_PREFIX_PATH} CMAKE_PREFIX_PATH=/home/ub2004/ros2_ws/src/install/canopen_402_driver:/home/ub2004/ros2_ws/src/install/canopen_proxy_driver:/home/ub2004/ros2_ws/src/install/canopen_base_driver:/home/ub2004/ros2_ws/src/install/canopen_core:/home/ub2004/ros2_ws/src/install/lely_core_libraries:/home/ub2004/ros2_ws/src/install/canopen_interfaces:/home/ub2004/ros2_ws/install/canopen_tests:/home/ub2004/ros2_ws/install/canopen_ros2_controllers:/home/ub2004/ros2_ws/install/canopen_ros2_control:/home/ub2004/ros2_ws/install/canopen:/home/ub2004/ros2_ws/install/canopen_402_driver:/home/ub2004/ros2_ws/install/canopen_proxy_driver:/home/ub2004/ros2_ws/install/canopen_master_driver:/home/ub2004/ros2_ws/install/canopen_fake_slaves:/home/ub2004/ros2_ws/install/canopen_base_driver:/home/ub2004/ros2_ws/install/canopen_core:/home/ub2004/ros2_ws/install/lely_core_libraries:/home/ub2004/ros2_ws/install/canopen_interfaces:/home/ub2004/ros2_ws/install/urdf_tutorial:/home/ub2004/ros2_ws/install/test_py:/home/ub2004/ros2_ws/install/canopen_utils:/home/ub2004/ros2_ws/install/can_comm:/home/ub2004/ros2_ws/install/agv_pak:/opt/ros/humble LD_LIBRARY_PATH=/home/ub2004/ros2_ws/src/install/canopen_402_driver/lib:/home/ub2004/ros2_ws/src/install/canopen_proxy_driver/lib:/home/ub2004/ros2_ws/src/install/canopen_base_driver/lib:/home/ub2004/ros2_ws/src/install/canopen_core/lib:/home/ub2004/ros2_ws/src/install/lely_core_libraries/lib:/home/ub2004/ros2_ws/src/install/canopen_interfaces/lib:${LD_LIBRARY_PATH} PATH=/home/ub2004/ros2_ws/src/install/lely_core_libraries/bin:${PATH} PYTHONPATH=/home/ub2004/ros2_ws/src/install/lely_core_libraries/local/lib/python3.10/dist-packages:/home/ub2004/ros2_ws/src/install/lely_core_libraries/lib/python3.10/site-packages:/home/ub2004/ros2_ws/src/install/canopen_interfaces/local/lib/python3.10/dist-packages:${PYTHONPATH} /usr/bin/cmake /home/ub2004/ros2_ws/src/ros2_canopen/canopen_ros2_control -DCMAKE_INSTALL_PREFIX=/home/ub2004/ros2_ws/src/install/canopen_ros2_control
[2.077s] Invoking command in '/home/ub2004/ros2_ws/src/build/canopen_ros2_control': AMENT_PREFIX_PATH=/home/ub2004/ros2_ws/src/install/canopen_402_driver:/home/ub2004/ros2_ws/src/install/canopen_proxy_driver:/home/ub2004/ros2_ws/src/install/canopen_base_driver:/home/ub2004/ros2_ws/src/install/canopen_core:/home/ub2004/ros2_ws/src/install/lely_core_libraries:/home/ub2004/ros2_ws/src/install/canopen_interfaces:${AMENT_PREFIX_PATH} CMAKE_PREFIX_PATH=/home/ub2004/ros2_ws/src/install/canopen_402_driver:/home/ub2004/ros2_ws/src/install/canopen_proxy_driver:/home/ub2004/ros2_ws/src/install/canopen_base_driver:/home/ub2004/ros2_ws/src/install/canopen_core:/home/ub2004/ros2_ws/src/install/lely_core_libraries:/home/ub2004/ros2_ws/src/install/canopen_interfaces:/home/ub2004/ros2_ws/install/canopen_tests:/home/ub2004/ros2_ws/install/canopen_ros2_controllers:/home/ub2004/ros2_ws/install/canopen_ros2_control:/home/ub2004/ros2_ws/install/canopen:/home/ub2004/ros2_ws/install/canopen_402_driver:/home/ub2004/ros2_ws/install/canopen_proxy_driver:/home/ub2004/ros2_ws/install/canopen_master_driver:/home/ub2004/ros2_ws/install/canopen_fake_slaves:/home/ub2004/ros2_ws/install/canopen_base_driver:/home/ub2004/ros2_ws/install/canopen_core:/home/ub2004/ros2_ws/install/lely_core_libraries:/home/ub2004/ros2_ws/install/canopen_interfaces:/home/ub2004/ros2_ws/install/urdf_tutorial:/home/ub2004/ros2_ws/install/test_py:/home/ub2004/ros2_ws/install/canopen_utils:/home/ub2004/ros2_ws/install/can_comm:/home/ub2004/ros2_ws/install/agv_pak:/opt/ros/humble LD_LIBRARY_PATH=/home/ub2004/ros2_ws/src/install/canopen_402_driver/lib:/home/ub2004/ros2_ws/src/install/canopen_proxy_driver/lib:/home/ub2004/ros2_ws/src/install/canopen_base_driver/lib:/home/ub2004/ros2_ws/src/install/canopen_core/lib:/home/ub2004/ros2_ws/src/install/lely_core_libraries/lib:/home/ub2004/ros2_ws/src/install/canopen_interfaces/lib:${LD_LIBRARY_PATH} PATH=/home/ub2004/ros2_ws/src/install/lely_core_libraries/bin:${PATH} PYTHONPATH=/home/ub2004/ros2_ws/src/install/lely_core_libraries/local/lib/python3.10/dist-packages:/home/ub2004/ros2_ws/src/install/lely_core_libraries/lib/python3.10/site-packages:/home/ub2004/ros2_ws/src/install/canopen_interfaces/local/lib/python3.10/dist-packages:${PYTHONPATH} /usr/bin/cmake --build /home/ub2004/ros2_ws/src/build/canopen_ros2_control -- -j8 -l8
[2.147s] [ 25%] [32mBuilding CXX object CMakeFiles/canopen_ros2_control.dir/src/canopen_system.cpp.o[0m
[2.147s] [ 50%] [32mBuilding CXX object CMakeFiles/canopen_ros2_control.dir/src/cia402_system.cpp.o[0m
[2.156s] [ 75%] [32mBuilding CXX object CMakeFiles/canopen_ros2_control.dir/src/robot_system.cpp.o[0m
[19.260s] [100%] [32m[1mLinking CXX shared library libcanopen_ros2_control.so[0m
[20.521s] [100%] Built target canopen_ros2_control
[20.541s] Invoked command in '/home/ub2004/ros2_ws/src/build/canopen_ros2_control' returned '0': AMENT_PREFIX_PATH=/home/ub2004/ros2_ws/src/install/canopen_402_driver:/home/ub2004/ros2_ws/src/install/canopen_proxy_driver:/home/ub2004/ros2_ws/src/install/canopen_base_driver:/home/ub2004/ros2_ws/src/install/canopen_core:/home/ub2004/ros2_ws/src/install/lely_core_libraries:/home/ub2004/ros2_ws/src/install/canopen_interfaces:${AMENT_PREFIX_PATH} CMAKE_PREFIX_PATH=/home/ub2004/ros2_ws/src/install/canopen_402_driver:/home/ub2004/ros2_ws/src/install/canopen_proxy_driver:/home/ub2004/ros2_ws/src/install/canopen_base_driver:/home/ub2004/ros2_ws/src/install/canopen_core:/home/ub2004/ros2_ws/src/install/lely_core_libraries:/home/ub2004/ros2_ws/src/install/canopen_interfaces:/home/ub2004/ros2_ws/install/canopen_tests:/home/ub2004/ros2_ws/install/canopen_ros2_controllers:/home/ub2004/ros2_ws/install/canopen_ros2_control:/home/ub2004/ros2_ws/install/canopen:/home/ub2004/ros2_ws/install/canopen_402_driver:/home/ub2004/ros2_ws/install/canopen_proxy_driver:/home/ub2004/ros2_ws/install/canopen_master_driver:/home/ub2004/ros2_ws/install/canopen_fake_slaves:/home/ub2004/ros2_ws/install/canopen_base_driver:/home/ub2004/ros2_ws/install/canopen_core:/home/ub2004/ros2_ws/install/lely_core_libraries:/home/ub2004/ros2_ws/install/canopen_interfaces:/home/ub2004/ros2_ws/install/urdf_tutorial:/home/ub2004/ros2_ws/install/test_py:/home/ub2004/ros2_ws/install/canopen_utils:/home/ub2004/ros2_ws/install/can_comm:/home/ub2004/ros2_ws/install/agv_pak:/opt/ros/humble LD_LIBRARY_PATH=/home/ub2004/ros2_ws/src/install/canopen_402_driver/lib:/home/ub2004/ros2_ws/src/install/canopen_proxy_driver/lib:/home/ub2004/ros2_ws/src/install/canopen_base_driver/lib:/home/ub2004/ros2_ws/src/install/canopen_core/lib:/home/ub2004/ros2_ws/src/install/lely_core_libraries/lib:/home/ub2004/ros2_ws/src/install/canopen_interfaces/lib:${LD_LIBRARY_PATH} PATH=/home/ub2004/ros2_ws/src/install/lely_core_libraries/bin:${PATH} PYTHONPATH=/home/ub2004/ros2_ws/src/install/lely_core_libraries/local/lib/python3.10/dist-packages:/home/ub2004/ros2_ws/src/install/lely_core_libraries/lib/python3.10/site-packages:/home/ub2004/ros2_ws/src/install/canopen_interfaces/local/lib/python3.10/dist-packages:${PYTHONPATH} /usr/bin/cmake --build /home/ub2004/ros2_ws/src/build/canopen_ros2_control -- -j8 -l8
[20.546s] Invoking command in '/home/ub2004/ros2_ws/src/build/canopen_ros2_control': AMENT_PREFIX_PATH=/home/ub2004/ros2_ws/src/install/canopen_402_driver:/home/ub2004/ros2_ws/src/install/canopen_proxy_driver:/home/ub2004/ros2_ws/src/install/canopen_base_driver:/home/ub2004/ros2_ws/src/install/canopen_core:/home/ub2004/ros2_ws/src/install/lely_core_libraries:/home/ub2004/ros2_ws/src/install/canopen_interfaces:${AMENT_PREFIX_PATH} CMAKE_PREFIX_PATH=/home/ub2004/ros2_ws/src/install/canopen_402_driver:/home/ub2004/ros2_ws/src/install/canopen_proxy_driver:/home/ub2004/ros2_ws/src/install/canopen_base_driver:/home/ub2004/ros2_ws/src/install/canopen_core:/home/ub2004/ros2_ws/src/install/lely_core_libraries:/home/ub2004/ros2_ws/src/install/canopen_interfaces:/home/ub2004/ros2_ws/install/canopen_tests:/home/ub2004/ros2_ws/install/canopen_ros2_controllers:/home/ub2004/ros2_ws/install/canopen_ros2_control:/home/ub2004/ros2_ws/install/canopen:/home/ub2004/ros2_ws/install/canopen_402_driver:/home/ub2004/ros2_ws/install/canopen_proxy_driver:/home/ub2004/ros2_ws/install/canopen_master_driver:/home/ub2004/ros2_ws/install/canopen_fake_slaves:/home/ub2004/ros2_ws/install/canopen_base_driver:/home/ub2004/ros2_ws/install/canopen_core:/home/ub2004/ros2_ws/install/lely_core_libraries:/home/ub2004/ros2_ws/install/canopen_interfaces:/home/ub2004/ros2_ws/install/urdf_tutorial:/home/ub2004/ros2_ws/install/test_py:/home/ub2004/ros2_ws/install/canopen_utils:/home/ub2004/ros2_ws/install/can_comm:/home/ub2004/ros2_ws/install/agv_pak:/opt/ros/humble LD_LIBRARY_PATH=/home/ub2004/ros2_ws/src/install/canopen_402_driver/lib:/home/ub2004/ros2_ws/src/install/canopen_proxy_driver/lib:/home/ub2004/ros2_ws/src/install/canopen_base_driver/lib:/home/ub2004/ros2_ws/src/install/canopen_core/lib:/home/ub2004/ros2_ws/src/install/lely_core_libraries/lib:/home/ub2004/ros2_ws/src/install/canopen_interfaces/lib:${LD_LIBRARY_PATH} PATH=/home/ub2004/ros2_ws/src/install/lely_core_libraries/bin:${PATH} PYTHONPATH=/home/ub2004/ros2_ws/src/install/lely_core_libraries/local/lib/python3.10/dist-packages:/home/ub2004/ros2_ws/src/install/lely_core_libraries/lib/python3.10/site-packages:/home/ub2004/ros2_ws/src/install/canopen_interfaces/local/lib/python3.10/dist-packages:${PYTHONPATH} /usr/bin/cmake --install /home/ub2004/ros2_ws/src/build/canopen_ros2_control
[20.560s] -- Install configuration: ""
[20.562s] -- Installing: /home/ub2004/ros2_ws/src/install/canopen_ros2_control/share/canopen_ros2_control/canopen_ros2_control.xml
[20.563s] -- Installing: /home/ub2004/ros2_ws/src/install/canopen_ros2_control/lib/libcanopen_ros2_control.so
[20.567s] -- Set runtime path of "/home/ub2004/ros2_ws/src/install/canopen_ros2_control/lib/libcanopen_ros2_control.so" to ""
[20.567s] -- Installing: /home/ub2004/ros2_ws/src/install/canopen_ros2_control/include
[20.567s] -- Installing: /home/ub2004/ros2_ws/src/install/canopen_ros2_control/include/canopen_ros2_control
[20.568s] -- Installing: /home/ub2004/ros2_ws/src/install/canopen_ros2_control/include/canopen_ros2_control/cia402_system.hpp
[20.568s] -- Installing: /home/ub2004/ros2_ws/src/install/canopen_ros2_control/include/canopen_ros2_control/canopen_system.hpp
[20.569s] -- Installing: /home/ub2004/ros2_ws/src/install/canopen_ros2_control/include/canopen_ros2_control/cia402_data.hpp
[20.569s] -- Installing: /home/ub2004/ros2_ws/src/install/canopen_ros2_control/include/canopen_ros2_control/robot_system.hpp
[20.569s] -- Installing: /home/ub2004/ros2_ws/src/install/canopen_ros2_control/include/canopen_ros2_control/helpers.hpp
[20.569s] -- Installing: /home/ub2004/ros2_ws/src/install/canopen_ros2_control/include/canopen_ros2_control/visibility_control.h
[20.572s] -- Installing: /home/ub2004/ros2_ws/src/install/canopen_ros2_control/share/canopen_ros2_control/environment/library_path.sh
[20.572s] -- Installing: /home/ub2004/ros2_ws/src/install/canopen_ros2_control/share/canopen_ros2_control/environment/library_path.dsv
[20.573s] -- Installing: /home/ub2004/ros2_ws/src/install/canopen_ros2_control/share/ament_index/resource_index/package_run_dependencies/canopen_ros2_control
[20.573s] -- Installing: /home/ub2004/ros2_ws/src/install/canopen_ros2_control/share/ament_index/resource_index/parent_prefix_path/canopen_ros2_control
[20.576s] -- Installing: /home/ub2004/ros2_ws/src/install/canopen_ros2_control/share/canopen_ros2_control/environment/ament_prefix_path.sh
[20.576s] -- Installing: /home/ub2004/ros2_ws/src/install/canopen_ros2_control/share/canopen_ros2_control/environment/ament_prefix_path.dsv
[20.576s] -- Installing: /home/ub2004/ros2_ws/src/install/canopen_ros2_control/share/canopen_ros2_control/environment/path.sh
[20.577s] -- Installing: /home/ub2004/ros2_ws/src/install/canopen_ros2_control/share/canopen_ros2_control/environment/path.dsv
[20.577s] -- Installing: /home/ub2004/ros2_ws/src/install/canopen_ros2_control/share/canopen_ros2_control/local_setup.bash
[20.577s] -- Installing: /home/ub2004/ros2_ws/src/install/canopen_ros2_control/share/canopen_ros2_control/local_setup.sh
[20.578s] -- Installing: /home/ub2004/ros2_ws/src/install/canopen_ros2_control/share/canopen_ros2_control/local_setup.zsh
[20.578s] -- Installing: /home/ub2004/ros2_ws/src/install/canopen_ros2_control/share/canopen_ros2_control/local_setup.dsv
[20.579s] -- Installing: /home/ub2004/ros2_ws/src/install/canopen_ros2_control/share/canopen_ros2_control/package.dsv
[20.579s] -- Installing: /home/ub2004/ros2_ws/src/install/canopen_ros2_control/share/ament_index/resource_index/packages/canopen_ros2_control
[20.579s] -- Installing: /home/ub2004/ros2_ws/src/install/canopen_ros2_control/share/ament_index/resource_index/hardware_interface__pluginlib__plugin/canopen_ros2_control
[20.580s] -- Installing: /home/ub2004/ros2_ws/src/install/canopen_ros2_control/share/canopen_ros2_control/cmake/ament_cmake_export_include_directories-extras.cmake
[20.580s] -- Installing: /home/ub2004/ros2_ws/src/install/canopen_ros2_control/share/canopen_ros2_control/cmake/ament_cmake_export_libraries-extras.cmake
[20.580s] -- Installing: /home/ub2004/ros2_ws/src/install/canopen_ros2_control/share/canopen_ros2_control/cmake/ament_cmake_export_dependencies-extras.cmake
[20.581s] -- Installing: /home/ub2004/ros2_ws/src/install/canopen_ros2_control/share/canopen_ros2_control/cmake/canopen_ros2_controlConfig.cmake
[20.581s] -- Installing: /home/ub2004/ros2_ws/src/install/canopen_ros2_control/share/canopen_ros2_control/cmake/canopen_ros2_controlConfig-version.cmake
[20.581s] -- Installing: /home/ub2004/ros2_ws/src/install/canopen_ros2_control/share/canopen_ros2_control/package.xml
[20.585s] Invoked command in '/home/ub2004/ros2_ws/src/build/canopen_ros2_control' returned '0': AMENT_PREFIX_PATH=/home/ub2004/ros2_ws/src/install/canopen_402_driver:/home/ub2004/ros2_ws/src/install/canopen_proxy_driver:/home/ub2004/ros2_ws/src/install/canopen_base_driver:/home/ub2004/ros2_ws/src/install/canopen_core:/home/ub2004/ros2_ws/src/install/lely_core_libraries:/home/ub2004/ros2_ws/src/install/canopen_interfaces:${AMENT_PREFIX_PATH} CMAKE_PREFIX_PATH=/home/ub2004/ros2_ws/src/install/canopen_402_driver:/home/ub2004/ros2_ws/src/install/canopen_proxy_driver:/home/ub2004/ros2_ws/src/install/canopen_base_driver:/home/ub2004/ros2_ws/src/install/canopen_core:/home/ub2004/ros2_ws/src/install/lely_core_libraries:/home/ub2004/ros2_ws/src/install/canopen_interfaces:/home/ub2004/ros2_ws/install/canopen_tests:/home/ub2004/ros2_ws/install/canopen_ros2_controllers:/home/ub2004/ros2_ws/install/canopen_ros2_control:/home/ub2004/ros2_ws/install/canopen:/home/ub2004/ros2_ws/install/canopen_402_driver:/home/ub2004/ros2_ws/install/canopen_proxy_driver:/home/ub2004/ros2_ws/install/canopen_master_driver:/home/ub2004/ros2_ws/install/canopen_fake_slaves:/home/ub2004/ros2_ws/install/canopen_base_driver:/home/ub2004/ros2_ws/install/canopen_core:/home/ub2004/ros2_ws/install/lely_core_libraries:/home/ub2004/ros2_ws/install/canopen_interfaces:/home/ub2004/ros2_ws/install/urdf_tutorial:/home/ub2004/ros2_ws/install/test_py:/home/ub2004/ros2_ws/install/canopen_utils:/home/ub2004/ros2_ws/install/can_comm:/home/ub2004/ros2_ws/install/agv_pak:/opt/ros/humble LD_LIBRARY_PATH=/home/ub2004/ros2_ws/src/install/canopen_402_driver/lib:/home/ub2004/ros2_ws/src/install/canopen_proxy_driver/lib:/home/ub2004/ros2_ws/src/install/canopen_base_driver/lib:/home/ub2004/ros2_ws/src/install/canopen_core/lib:/home/ub2004/ros2_ws/src/install/lely_core_libraries/lib:/home/ub2004/ros2_ws/src/install/canopen_interfaces/lib:${LD_LIBRARY_PATH} PATH=/home/ub2004/ros2_ws/src/install/lely_core_libraries/bin:${PATH} PYTHONPATH=/home/ub2004/ros2_ws/src/install/lely_core_libraries/local/lib/python3.10/dist-packages:/home/ub2004/ros2_ws/src/install/lely_core_libraries/lib/python3.10/site-packages:/home/ub2004/ros2_ws/src/install/canopen_interfaces/local/lib/python3.10/dist-packages:${PYTHONPATH} /usr/bin/cmake --install /home/ub2004/ros2_ws/src/build/canopen_ros2_control
