running egg_info
writing ../../build/can_comm/can_comm.egg-info/PKG-INFO
writing dependency_links to ../../build/can_comm/can_comm.egg-info/dependency_links.txt
writing entry points to ../../build/can_comm/can_comm.egg-info/entry_points.txt
writing requirements to ../../build/can_comm/can_comm.egg-info/requires.txt
writing top-level names to ../../build/can_comm/can_comm.egg-info/top_level.txt
reading manifest file '../../build/can_comm/can_comm.egg-info/SOURCES.txt'
writing manifest file '../../build/can_comm/can_comm.egg-info/SOURCES.txt'
running build
running build_py
copying can_comm/agv_odometry_sub.py -> /home/ub2004/ros2_ws/build/can_comm/build/lib/can_comm
copying can_comm/can_velocity_node.py -> /home/ub2004/ros2_ws/build/can_comm/build/lib/can_comm
copying can_comm/agv_odometry_pub.py -> /home/ub2004/ros2_ws/build/can_comm/build/lib/can_comm
copying can_comm/joystick_node.py -> /home/ub2004/ros2_ws/build/can_comm/build/lib/can_comm
running install
running install_lib
copying /home/ub2004/ros2_ws/build/can_comm/build/lib/can_comm/agv_odometry_sub.py -> /home/ub2004/ros2_ws/install/can_comm/lib/python3.10/site-packages/can_comm
copying /home/ub2004/ros2_ws/build/can_comm/build/lib/can_comm/can_velocity_node.py -> /home/ub2004/ros2_ws/install/can_comm/lib/python3.10/site-packages/can_comm
copying /home/ub2004/ros2_ws/build/can_comm/build/lib/can_comm/agv_odometry_pub.py -> /home/ub2004/ros2_ws/install/can_comm/lib/python3.10/site-packages/can_comm
copying /home/ub2004/ros2_ws/build/can_comm/build/lib/can_comm/joystick_node.py -> /home/ub2004/ros2_ws/install/can_comm/lib/python3.10/site-packages/can_comm
byte-compiling /home/ub2004/ros2_ws/install/can_comm/lib/python3.10/site-packages/can_comm/agv_odometry_sub.py to agv_odometry_sub.cpython-310.pyc
byte-compiling /home/ub2004/ros2_ws/install/can_comm/lib/python3.10/site-packages/can_comm/can_velocity_node.py to can_velocity_node.cpython-310.pyc
byte-compiling /home/ub2004/ros2_ws/install/can_comm/lib/python3.10/site-packages/can_comm/agv_odometry_pub.py to agv_odometry_pub.cpython-310.pyc
byte-compiling /home/ub2004/ros2_ws/install/can_comm/lib/python3.10/site-packages/can_comm/joystick_node.py to joystick_node.cpython-310.pyc
running install_data
running install_egg_info
removing '/home/ub2004/ros2_ws/install/can_comm/lib/python3.10/site-packages/can_comm-0.0.0-py3.10.egg-info' (and everything under it)
Copying ../../build/can_comm/can_comm.egg-info to /home/ub2004/ros2_ws/install/can_comm/lib/python3.10/site-packages/can_comm-0.0.0-py3.10.egg-info
running install_scripts
Installing agv_odometry_pub script to /home/ub2004/ros2_ws/install/can_comm/lib/can_comm
Installing agv_odometry_sub script to /home/ub2004/ros2_ws/install/can_comm/lib/can_comm
Installing can_velocity script to /home/ub2004/ros2_ws/install/can_comm/lib/can_comm
Installing joystick_node script to /home/ub2004/ros2_ws/install/can_comm/lib/can_comm
writing list of installed files to '/home/ub2004/ros2_ws/build/can_comm/install.log'
