[0.887s] Invoking command in '/home/ub2004/ros2_ws/src/can_comm': PYTHONPATH=/home/ub2004/ros2_ws/build/can_comm/prefix_override:/usr/lib/python3/dist-packages/colcon_core/task/python/colcon_distutils_commands:/home/ub2004/ros2_ws/install/can_comm/lib/python3.10/site-packages:${PYTHONPATH} /usr/bin/python3 -W ignore:setup.py install is deprecated -W ignore:easy_install command is deprecated setup.py egg_info --egg-base ../../build/can_comm build --build-base /home/ub2004/ros2_ws/build/can_comm/build install --record /home/ub2004/ros2_ws/build/can_comm/install.log --single-version-externally-managed install_data
[1.142s] running egg_info
[1.143s] writing ../../build/can_comm/can_comm.egg-info/PKG-INFO
[1.143s] writing dependency_links to ../../build/can_comm/can_comm.egg-info/dependency_links.txt
[1.144s] writing entry points to ../../build/can_comm/can_comm.egg-info/entry_points.txt
[1.144s] writing requirements to ../../build/can_comm/can_comm.egg-info/requires.txt
[1.144s] writing top-level names to ../../build/can_comm/can_comm.egg-info/top_level.txt
[1.146s] reading manifest file '../../build/can_comm/can_comm.egg-info/SOURCES.txt'
[1.147s] writing manifest file '../../build/can_comm/can_comm.egg-info/SOURCES.txt'
[1.147s] running build
[1.147s] running build_py
[1.148s] copying can_comm/agv_odometry_sub.py -> /home/ub2004/ros2_ws/build/can_comm/build/lib/can_comm
[1.148s] copying can_comm/can_velocity_node.py -> /home/ub2004/ros2_ws/build/can_comm/build/lib/can_comm
[1.149s] copying can_comm/agv_odometry_pub.py -> /home/ub2004/ros2_ws/build/can_comm/build/lib/can_comm
[1.149s] copying can_comm/joystick_node.py -> /home/ub2004/ros2_ws/build/can_comm/build/lib/can_comm
[1.149s] running install
[1.149s] running install_lib
[1.150s] copying /home/ub2004/ros2_ws/build/can_comm/build/lib/can_comm/agv_odometry_sub.py -> /home/ub2004/ros2_ws/install/can_comm/lib/python3.10/site-packages/can_comm
[1.150s] copying /home/ub2004/ros2_ws/build/can_comm/build/lib/can_comm/can_velocity_node.py -> /home/ub2004/ros2_ws/install/can_comm/lib/python3.10/site-packages/can_comm
[1.151s] copying /home/ub2004/ros2_ws/build/can_comm/build/lib/can_comm/agv_odometry_pub.py -> /home/ub2004/ros2_ws/install/can_comm/lib/python3.10/site-packages/can_comm
[1.151s] copying /home/ub2004/ros2_ws/build/can_comm/build/lib/can_comm/joystick_node.py -> /home/ub2004/ros2_ws/install/can_comm/lib/python3.10/site-packages/can_comm
[1.151s] byte-compiling /home/ub2004/ros2_ws/install/can_comm/lib/python3.10/site-packages/can_comm/agv_odometry_sub.py to agv_odometry_sub.cpython-310.pyc
[1.152s] byte-compiling /home/ub2004/ros2_ws/install/can_comm/lib/python3.10/site-packages/can_comm/can_velocity_node.py to can_velocity_node.cpython-310.pyc
[1.153s] byte-compiling /home/ub2004/ros2_ws/install/can_comm/lib/python3.10/site-packages/can_comm/agv_odometry_pub.py to agv_odometry_pub.cpython-310.pyc
[1.153s] byte-compiling /home/ub2004/ros2_ws/install/can_comm/lib/python3.10/site-packages/can_comm/joystick_node.py to joystick_node.cpython-310.pyc
[1.154s] running install_data
[1.155s] running install_egg_info
[1.157s] removing '/home/ub2004/ros2_ws/install/can_comm/lib/python3.10/site-packages/can_comm-0.0.0-py3.10.egg-info' (and everything under it)
[1.157s] Copying ../../build/can_comm/can_comm.egg-info to /home/ub2004/ros2_ws/install/can_comm/lib/python3.10/site-packages/can_comm-0.0.0-py3.10.egg-info
[1.158s] running install_scripts
[1.178s] Installing agv_odometry_pub script to /home/ub2004/ros2_ws/install/can_comm/lib/can_comm
[1.178s] Installing agv_odometry_sub script to /home/ub2004/ros2_ws/install/can_comm/lib/can_comm
[1.178s] Installing can_velocity script to /home/ub2004/ros2_ws/install/can_comm/lib/can_comm
[1.179s] Installing joystick_node script to /home/ub2004/ros2_ws/install/can_comm/lib/can_comm
[1.179s] writing list of installed files to '/home/ub2004/ros2_ws/build/can_comm/install.log'
[1.201s] Invoked command in '/home/ub2004/ros2_ws/src/can_comm' returned '0': PYTHONPATH=/home/ub2004/ros2_ws/build/can_comm/prefix_override:/usr/lib/python3/dist-packages/colcon_core/task/python/colcon_distutils_commands:/home/ub2004/ros2_ws/install/can_comm/lib/python3.10/site-packages:${PYTHONPATH} /usr/bin/python3 -W ignore:setup.py install is deprecated -W ignore:easy_install command is deprecated setup.py egg_info --egg-base ../../build/can_comm build --build-base /home/ub2004/ros2_ws/build/can_comm/build install --record /home/ub2004/ros2_ws/build/can_comm/install.log --single-version-externally-managed install_data
