[0.035s] Invoking command in '/home/ub2004/ros2_ws/build/canopen_interfaces': CMAKE_PREFIX_PATH=${CMAKE_PREFIX_PATH}:/home/ub2004/ros2_ws/install/urdf_tutorial:/home/ub2004/ros2_ws/install/test_py:/home/ub2004/ros2_ws/install/canopen_utils:/home/ub2004/ros2_ws/install/can_comm:/home/ub2004/ros2_ws/install/agv_pak:/opt/ros/humble /usr/bin/cmake /home/ub2004/ros2_ws/src/ros2_canopen/canopen_interfaces -DAMENT_CMAKE_SYMLINK_INSTALL=1 -DCMAKE_INSTALL_PREFIX=/home/ub2004/ros2_ws/install/canopen_interfaces
[0.698s] -- The C compiler identification is GNU 11.4.0
[0.699s] -- The CXX compiler identification is GNU 11.4.0
[0.699s] -- Detecting C compiler ABI info
[0.699s] -- Detecting C compiler ABI info - done
[0.699s] -- Check for working C compiler: /usr/bin/cc - skipped
[0.699s] -- Detecting C compile features
[0.699s] -- Detecting C compile features - done
[0.699s] -- Detecting CXX compiler ABI info
[0.699s] -- Detecting CXX compiler ABI info - done
[0.699s] -- Check for working CXX compiler: /usr/bin/c++ - skipped
[0.700s] -- Detecting CXX compile features
[0.700s] -- Detecting CXX compile features - done
[0.700s] -- Found ament_cmake: 1.3.11 (/opt/ros/humble/share/ament_cmake/cmake)
[0.700s] -- Found Python3: /usr/bin/python3 (found version "3.10.12") found components: Interpreter 
[0.700s] -- Override CMake install command with custom implementation using symlinks instead of copying resources
[0.700s] -- Found rosidl_default_generators: 1.2.0 (/opt/ros/humble/share/rosidl_default_generators/cmake)
[0.700s] -- Using all available rosidl_typesupport_c: rosidl_typesupport_fastrtps_c;rosidl_typesupport_introspection_c
[0.706s] -- Found rosidl_adapter: 3.1.6 (/opt/ros/humble/share/rosidl_adapter/cmake)
[0.777s] -- Using all available rosidl_typesupport_cpp: rosidl_typesupport_fastrtps_cpp;rosidl_typesupport_introspection_cpp
[1.310s] -- Found ament_cmake_ros: 0.10.0 (/opt/ros/humble/share/ament_cmake_ros/cmake)
[1.676s] -- Using all available rosidl_typesupport_c: rosidl_typesupport_fastrtps_c;rosidl_typesupport_introspection_c
[1.989s] -- Using all available rosidl_typesupport_cpp: rosidl_typesupport_fastrtps_cpp;rosidl_typesupport_introspection_cpp
[2.016s] -- Found PythonInterp: /usr/bin/python3 (found suitable version "3.10.12", minimum required is "3.6") 
[2.022s] -- Found python_cmake_module: 0.10.0 (/opt/ros/humble/share/python_cmake_module/cmake)
[2.060s] -- Found PythonLibs: /usr/lib/x86_64-linux-gnu/libpython3.10.so (found suitable version "3.10.12", minimum required is "3.5") 
[2.060s] -- Using PYTHON_EXECUTABLE: /usr/bin/python3
[2.060s] -- Using PYTHON_INCLUDE_DIRS: /usr/include/python3.10
[2.060s] -- Using PYTHON_LIBRARIES: /usr/lib/x86_64-linux-gnu/libpython3.10.so
[2.085s] -- Found PythonExtra: .so  
[2.155s] -- Found ament_lint_auto: 0.12.11 (/opt/ros/humble/share/ament_lint_auto/cmake)
[2.193s] -- Added test 'copyright' to check source files copyright and LICENSE
[2.197s] -- Added test 'lint_cmake' to check CMake code style
[2.200s] -- Added test 'xmllint' to check XML markup files
[2.207s] -- Configuring done
[2.272s] -- Generating done
[2.285s] -- Build files have been written to: /home/ub2004/ros2_ws/build/canopen_interfaces
[2.304s] Invoked command in '/home/ub2004/ros2_ws/build/canopen_interfaces' returned '0': CMAKE_PREFIX_PATH=${CMAKE_PREFIX_PATH}:/home/ub2004/ros2_ws/install/urdf_tutorial:/home/ub2004/ros2_ws/install/test_py:/home/ub2004/ros2_ws/install/canopen_utils:/home/ub2004/ros2_ws/install/can_comm:/home/ub2004/ros2_ws/install/agv_pak:/opt/ros/humble /usr/bin/cmake /home/ub2004/ros2_ws/src/ros2_canopen/canopen_interfaces -DAMENT_CMAKE_SYMLINK_INSTALL=1 -DCMAKE_INSTALL_PREFIX=/home/ub2004/ros2_ws/install/canopen_interfaces
[2.306s] Invoking command in '/home/ub2004/ros2_ws/build/canopen_interfaces': CMAKE_PREFIX_PATH=${CMAKE_PREFIX_PATH}:/home/ub2004/ros2_ws/install/urdf_tutorial:/home/ub2004/ros2_ws/install/test_py:/home/ub2004/ros2_ws/install/canopen_utils:/home/ub2004/ros2_ws/install/can_comm:/home/ub2004/ros2_ws/install/agv_pak:/opt/ros/humble /usr/bin/cmake --build /home/ub2004/ros2_ws/build/canopen_interfaces -- -j8 -l8
[2.358s] [  1%] [34m[1mGenerating C code for ROS interfaces[0m
[2.371s] [  2%] [34m[1mGenerating C++ code for ROS interfaces[0m
[2.380s] [  2%] Built target ament_cmake_python_symlink_canopen_interfaces
[2.721s] running egg_info
[2.721s] creating canopen_interfaces.egg-info
[2.721s] writing canopen_interfaces.egg-info/PKG-INFO
[2.722s] writing dependency_links to canopen_interfaces.egg-info/dependency_links.txt
[2.722s] writing top-level names to canopen_interfaces.egg-info/top_level.txt
[2.722s] writing manifest file 'canopen_interfaces.egg-info/SOURCES.txt'
[2.725s] reading manifest file 'canopen_interfaces.egg-info/SOURCES.txt'
[2.728s] writing manifest file 'canopen_interfaces.egg-info/SOURCES.txt'
[2.772s] [  2%] Built target ament_cmake_python_build_canopen_interfaces_egg
[3.936s] [  3%] [32mBuilding C object CMakeFiles/canopen_interfaces__rosidl_generator_c.dir/rosidl_generator_c/canopen_interfaces/srv/detail/co_nmt_id__functions.c.o[0m
[3.938s] [  4%] [32mBuilding C object CMakeFiles/canopen_interfaces__rosidl_generator_c.dir/rosidl_generator_c/canopen_interfaces/srv/detail/co_heartbeat_id__functions.c.o[0m
[3.951s] [  5%] [32mBuilding C object CMakeFiles/canopen_interfaces__rosidl_generator_c.dir/rosidl_generator_c/canopen_interfaces/srv/detail/co_read_id__functions.c.o[0m
[3.968s] [  6%] [32mBuilding C object CMakeFiles/canopen_interfaces__rosidl_generator_c.dir/rosidl_generator_c/canopen_interfaces/srv/detail/co_read__functions.c.o[0m
[3.968s] [  7%] [32mBuilding C object CMakeFiles/canopen_interfaces__rosidl_generator_c.dir/rosidl_generator_c/canopen_interfaces/srv/detail/co_target_double__functions.c.o[0m
[3.982s] [  8%] [32mBuilding C object CMakeFiles/canopen_interfaces__rosidl_generator_c.dir/rosidl_generator_c/canopen_interfaces/srv/detail/co_write__functions.c.o[0m
[3.987s] [  9%] [32mBuilding C object CMakeFiles/canopen_interfaces__rosidl_generator_c.dir/rosidl_generator_c/canopen_interfaces/srv/detail/co_write_id__functions.c.o[0m
[4.126s] [ 10%] [32mBuilding C object CMakeFiles/canopen_interfaces__rosidl_generator_c.dir/rosidl_generator_c/canopen_interfaces/srv/detail/co_node__functions.c.o[0m
[4.133s] [ 11%] [32mBuilding C object CMakeFiles/canopen_interfaces__rosidl_generator_c.dir/rosidl_generator_c/canopen_interfaces/msg/detail/co_data__functions.c.o[0m
[4.246s] [ 12%] [32m[1mLinking C shared library libcanopen_interfaces__rosidl_generator_c.so[0m
[4.264s] [ 12%] Built target canopen_interfaces__cpp
[4.280s] [ 13%] [34m[1mGenerating C++ type support for eProsima Fast-RTPS[0m
[4.281s] [ 14%] [34m[1mGenerating C++ introspection for ROS interfaces[0m
[4.281s] [ 15%] [34m[1mGenerating C++ type support dispatch for ROS interfaces[0m
[4.312s] [ 15%] Built target canopen_interfaces__rosidl_generator_c
[4.328s] [ 17%] [34m[1mGenerating C introspection for ROS interfaces[0m
[4.328s] [ 17%] [34m[1mGenerating C type support for eProsima Fast-RTPS[0m
[4.329s] [ 18%] [34m[1mGenerating C type support dispatch for ROS interfaces[0m
[5.112s] [ 20%] [32mBuilding CXX object CMakeFiles/canopen_interfaces__rosidl_typesupport_c.dir/rosidl_typesupport_c/canopen_interfaces/srv/co_nmt_id__type_support.cpp.o[0m
[5.112s] [ 21%] [32mBuilding CXX object CMakeFiles/canopen_interfaces__rosidl_typesupport_c.dir/rosidl_typesupport_c/canopen_interfaces/srv/co_heartbeat_id__type_support.cpp.o[0m
[5.112s] [ 22%] [32mBuilding CXX object CMakeFiles/canopen_interfaces__rosidl_typesupport_c.dir/rosidl_typesupport_c/canopen_interfaces/srv/co_read__type_support.cpp.o[0m
[5.169s] [ 23%] [32mBuilding CXX object CMakeFiles/canopen_interfaces__rosidl_typesupport_c.dir/rosidl_typesupport_c/canopen_interfaces/srv/co_read_id__type_support.cpp.o[0m
[5.172s] [ 24%] [32mBuilding CXX object CMakeFiles/canopen_interfaces__rosidl_typesupport_c.dir/rosidl_typesupport_c/canopen_interfaces/srv/co_write__type_support.cpp.o[0m
[5.175s] [ 25%] [32mBuilding CXX object CMakeFiles/canopen_interfaces__rosidl_typesupport_c.dir/rosidl_typesupport_c/canopen_interfaces/srv/co_write_id__type_support.cpp.o[0m
[5.221s] [ 26%] [32mBuilding CXX object CMakeFiles/canopen_interfaces__rosidl_typesupport_c.dir/rosidl_typesupport_c/canopen_interfaces/srv/co_target_double__type_support.cpp.o[0m
[5.226s] [ 27%] [32mBuilding CXX object CMakeFiles/canopen_interfaces__rosidl_typesupport_c.dir/rosidl_typesupport_c/canopen_interfaces/srv/co_node__type_support.cpp.o[0m
[5.229s] [ 28%] [32mBuilding CXX object CMakeFiles/canopen_interfaces__rosidl_typesupport_c.dir/rosidl_typesupport_c/canopen_interfaces/msg/co_data__type_support.cpp.o[0m
[5.277s] [ 29%] [32m[1mLinking CXX shared library libcanopen_interfaces__rosidl_typesupport_c.so[0m
[5.327s] [ 29%] Built target canopen_interfaces__rosidl_typesupport_c
[5.416s] [ 32%] [32mBuilding CXX object CMakeFiles/canopen_interfaces__rosidl_typesupport_cpp.dir/rosidl_typesupport_cpp/canopen_interfaces/srv/co_nmt_id__type_support.cpp.o[0m
[5.417s] [ 32%] [32mBuilding CXX object CMakeFiles/canopen_interfaces__rosidl_typesupport_cpp.dir/rosidl_typesupport_cpp/canopen_interfaces/srv/co_read__type_support.cpp.o[0m
[5.417s] [ 32%] [32mBuilding CXX object CMakeFiles/canopen_interfaces__rosidl_typesupport_cpp.dir/rosidl_typesupport_cpp/canopen_interfaces/srv/co_heartbeat_id__type_support.cpp.o[0m
[5.417s] [ 33%] [32mBuilding CXX object CMakeFiles/canopen_interfaces__rosidl_typesupport_cpp.dir/rosidl_typesupport_cpp/canopen_interfaces/srv/co_read_id__type_support.cpp.o[0m
[5.890s] [ 34%] [32mBuilding CXX object CMakeFiles/canopen_interfaces__rosidl_typesupport_fastrtps_c.dir/rosidl_typesupport_fastrtps_c/canopen_interfaces/srv/detail/co_heartbeat_id__type_support_c.cpp.o[0m
[5.933s] [ 35%] [32mBuilding CXX object CMakeFiles/canopen_interfaces__rosidl_typesupport_fastrtps_c.dir/rosidl_typesupport_fastrtps_c/canopen_interfaces/srv/detail/co_nmt_id__type_support_c.cpp.o[0m
[5.934s] [ 36%] [32mBuilding CXX object CMakeFiles/canopen_interfaces__rosidl_typesupport_cpp.dir/rosidl_typesupport_cpp/canopen_interfaces/srv/co_write__type_support.cpp.o[0m
[5.936s] [ 37%] [32mBuilding CXX object CMakeFiles/canopen_interfaces__rosidl_typesupport_cpp.dir/rosidl_typesupport_cpp/canopen_interfaces/srv/co_write_id__type_support.cpp.o[0m
[5.957s] [ 38%] [32mBuilding CXX object CMakeFiles/canopen_interfaces__rosidl_typesupport_cpp.dir/rosidl_typesupport_cpp/canopen_interfaces/srv/co_target_double__type_support.cpp.o[0m
[6.004s] [ 40%] [32mBuilding CXX object CMakeFiles/canopen_interfaces__rosidl_typesupport_introspection_cpp.dir/rosidl_typesupport_introspection_cpp/canopen_interfaces/srv/detail/co_heartbeat_id__type_support.cpp.o[0m
[6.144s] [ 41%] [32mBuilding C object CMakeFiles/canopen_interfaces__rosidl_typesupport_introspection_c.dir/rosidl_typesupport_introspection_c/canopen_interfaces/srv/detail/co_heartbeat_id__type_support.c.o[0m
[6.225s] [ 42%] [32mBuilding C object CMakeFiles/canopen_interfaces__rosidl_typesupport_introspection_c.dir/rosidl_typesupport_introspection_c/canopen_interfaces/srv/detail/co_nmt_id__type_support.c.o[0m
[6.327s] [ 43%] [32mBuilding C object CMakeFiles/canopen_interfaces__rosidl_typesupport_introspection_c.dir/rosidl_typesupport_introspection_c/canopen_interfaces/srv/detail/co_read__type_support.c.o[0m
[6.381s] [ 44%] [32mBuilding CXX object CMakeFiles/canopen_interfaces__rosidl_typesupport_fastrtps_cpp.dir/rosidl_typesupport_fastrtps_cpp/canopen_interfaces/srv/detail/dds_fastrtps/co_heartbeat_id__type_support.cpp.o[0m
[6.424s] [ 45%] [32mBuilding C object CMakeFiles/canopen_interfaces__rosidl_typesupport_introspection_c.dir/rosidl_typesupport_introspection_c/canopen_interfaces/srv/detail/co_read_id__type_support.c.o[0m
[6.470s] [ 46%] [32mBuilding CXX object CMakeFiles/canopen_interfaces__rosidl_typesupport_fastrtps_c.dir/rosidl_typesupport_fastrtps_c/canopen_interfaces/srv/detail/co_read__type_support_c.cpp.o[0m
[6.472s] [ 47%] [32mBuilding C object CMakeFiles/canopen_interfaces__rosidl_typesupport_introspection_c.dir/rosidl_typesupport_introspection_c/canopen_interfaces/srv/detail/co_write__type_support.c.o[0m
[6.504s] [ 48%] [32mBuilding CXX object CMakeFiles/canopen_interfaces__rosidl_typesupport_introspection_cpp.dir/rosidl_typesupport_introspection_cpp/canopen_interfaces/srv/detail/co_nmt_id__type_support.cpp.o[0m
[6.553s] [ 49%] [32mBuilding C object CMakeFiles/canopen_interfaces__rosidl_typesupport_introspection_c.dir/rosidl_typesupport_introspection_c/canopen_interfaces/srv/detail/co_write_id__type_support.c.o[0m
[6.575s] [ 50%] [32mBuilding C object CMakeFiles/canopen_interfaces__rosidl_typesupport_introspection_c.dir/rosidl_typesupport_introspection_c/canopen_interfaces/srv/detail/co_target_double__type_support.c.o[0m
[6.576s] [ 51%] [32mBuilding CXX object CMakeFiles/canopen_interfaces__rosidl_typesupport_cpp.dir/rosidl_typesupport_cpp/canopen_interfaces/srv/co_node__type_support.cpp.o[0m
[6.621s] [ 52%] [32mBuilding C object CMakeFiles/canopen_interfaces__rosidl_typesupport_introspection_c.dir/rosidl_typesupport_introspection_c/canopen_interfaces/srv/detail/co_node__type_support.c.o[0m
[6.635s] [ 53%] [32mBuilding CXX object CMakeFiles/canopen_interfaces__rosidl_typesupport_cpp.dir/rosidl_typesupport_cpp/canopen_interfaces/msg/co_data__type_support.cpp.o[0m
[6.657s] [ 54%] [32mBuilding C object CMakeFiles/canopen_interfaces__rosidl_typesupport_introspection_c.dir/rosidl_typesupport_introspection_c/canopen_interfaces/msg/detail/co_data__type_support.c.o[0m
[6.705s] [ 55%] [32mBuilding CXX object CMakeFiles/canopen_interfaces__rosidl_typesupport_introspection_cpp.dir/rosidl_typesupport_introspection_cpp/canopen_interfaces/srv/detail/co_read__type_support.cpp.o[0m
[6.739s] [ 56%] [32mBuilding CXX object CMakeFiles/canopen_interfaces__rosidl_typesupport_fastrtps_cpp.dir/rosidl_typesupport_fastrtps_cpp/canopen_interfaces/srv/detail/dds_fastrtps/co_nmt_id__type_support.cpp.o[0m
[6.760s] [ 57%] [32m[1mLinking C shared library libcanopen_interfaces__rosidl_typesupport_introspection_c.so[0m
[6.883s] [ 57%] Built target canopen_interfaces__rosidl_typesupport_introspection_c
[6.916s] [ 58%] [32mBuilding CXX object CMakeFiles/canopen_interfaces__rosidl_typesupport_fastrtps_cpp.dir/rosidl_typesupport_fastrtps_cpp/canopen_interfaces/srv/detail/dds_fastrtps/co_read__type_support.cpp.o[0m
[7.098s] [ 60%] [32mBuilding CXX object CMakeFiles/canopen_interfaces__rosidl_typesupport_fastrtps_c.dir/rosidl_typesupport_fastrtps_c/canopen_interfaces/srv/detail/co_read_id__type_support_c.cpp.o[0m
[7.181s] [ 61%] [32mBuilding CXX object CMakeFiles/canopen_interfaces__rosidl_typesupport_introspection_cpp.dir/rosidl_typesupport_introspection_cpp/canopen_interfaces/srv/detail/co_read_id__type_support.cpp.o[0m
[7.187s] [ 62%] [32m[1mLinking CXX shared library libcanopen_interfaces__rosidl_typesupport_cpp.so[0m
[7.214s] [ 63%] [32mBuilding CXX object CMakeFiles/canopen_interfaces__rosidl_typesupport_fastrtps_c.dir/rosidl_typesupport_fastrtps_c/canopen_interfaces/srv/detail/co_write__type_support_c.cpp.o[0m
[7.228s] [ 64%] [32mBuilding CXX object CMakeFiles/canopen_interfaces__rosidl_typesupport_fastrtps_c.dir/rosidl_typesupport_fastrtps_c/canopen_interfaces/srv/detail/co_write_id__type_support_c.cpp.o[0m
[7.285s] [ 64%] Built target canopen_interfaces__rosidl_typesupport_cpp
[7.312s] [ 65%] [32mBuilding CXX object CMakeFiles/canopen_interfaces__rosidl_typesupport_fastrtps_c.dir/rosidl_typesupport_fastrtps_c/canopen_interfaces/srv/detail/co_target_double__type_support_c.cpp.o[0m
[7.471s] [ 66%] [32mBuilding CXX object CMakeFiles/canopen_interfaces__rosidl_typesupport_fastrtps_c.dir/rosidl_typesupport_fastrtps_c/canopen_interfaces/srv/detail/co_node__type_support_c.cpp.o[0m
[7.586s] [ 67%] [32mBuilding CXX object CMakeFiles/canopen_interfaces__rosidl_typesupport_fastrtps_c.dir/rosidl_typesupport_fastrtps_c/canopen_interfaces/msg/detail/co_data__type_support_c.cpp.o[0m
[7.769s] [ 68%] [32mBuilding CXX object CMakeFiles/canopen_interfaces__rosidl_typesupport_fastrtps_cpp.dir/rosidl_typesupport_fastrtps_cpp/canopen_interfaces/srv/detail/dds_fastrtps/co_read_id__type_support.cpp.o[0m
[7.837s] [ 69%] [32mBuilding CXX object CMakeFiles/canopen_interfaces__rosidl_typesupport_fastrtps_cpp.dir/rosidl_typesupport_fastrtps_cpp/canopen_interfaces/srv/detail/dds_fastrtps/co_write__type_support.cpp.o[0m
[7.913s] [ 70%] [32mBuilding CXX object CMakeFiles/canopen_interfaces__rosidl_typesupport_introspection_cpp.dir/rosidl_typesupport_introspection_cpp/canopen_interfaces/srv/detail/co_write__type_support.cpp.o[0m
[7.941s] [ 71%] [32mBuilding CXX object CMakeFiles/canopen_interfaces__rosidl_typesupport_fastrtps_cpp.dir/rosidl_typesupport_fastrtps_cpp/canopen_interfaces/srv/detail/dds_fastrtps/co_write_id__type_support.cpp.o[0m
[7.951s] [ 72%] [32mBuilding CXX object CMakeFiles/canopen_interfaces__rosidl_typesupport_fastrtps_cpp.dir/rosidl_typesupport_fastrtps_cpp/canopen_interfaces/srv/detail/dds_fastrtps/co_target_double__type_support.cpp.o[0m
[8.050s] [ 73%] [32mBuilding CXX object CMakeFiles/canopen_interfaces__rosidl_typesupport_fastrtps_cpp.dir/rosidl_typesupport_fastrtps_cpp/canopen_interfaces/srv/detail/dds_fastrtps/co_node__type_support.cpp.o[0m
[8.253s] [ 74%] [32mBuilding CXX object CMakeFiles/canopen_interfaces__rosidl_typesupport_fastrtps_cpp.dir/rosidl_typesupport_fastrtps_cpp/canopen_interfaces/msg/detail/dds_fastrtps/co_data__type_support.cpp.o[0m
[8.299s] [ 75%] [32m[1mLinking CXX shared library libcanopen_interfaces__rosidl_typesupport_fastrtps_c.so[0m
[8.538s] [ 75%] Built target canopen_interfaces__rosidl_typesupport_fastrtps_c
[8.570s] [ 76%] [32mBuilding CXX object CMakeFiles/canopen_interfaces__rosidl_typesupport_introspection_cpp.dir/rosidl_typesupport_introspection_cpp/canopen_interfaces/srv/detail/co_write_id__type_support.cpp.o[0m
[8.590s] [ 77%] [32mBuilding CXX object CMakeFiles/canopen_interfaces__rosidl_typesupport_introspection_cpp.dir/rosidl_typesupport_introspection_cpp/canopen_interfaces/srv/detail/co_target_double__type_support.cpp.o[0m
[8.660s] [ 78%] [32mBuilding CXX object CMakeFiles/canopen_interfaces__rosidl_typesupport_introspection_cpp.dir/rosidl_typesupport_introspection_cpp/canopen_interfaces/srv/detail/co_node__type_support.cpp.o[0m
[8.740s] [ 80%] [32mBuilding CXX object CMakeFiles/canopen_interfaces__rosidl_typesupport_introspection_cpp.dir/rosidl_typesupport_introspection_cpp/canopen_interfaces/msg/detail/co_data__type_support.cpp.o[0m
[8.966s] [ 81%] [32m[1mLinking CXX shared library libcanopen_interfaces__rosidl_typesupport_fastrtps_cpp.so[0m
[9.125s] [ 81%] Built target canopen_interfaces__rosidl_typesupport_fastrtps_cpp
[9.343s] [ 82%] [32m[1mLinking CXX shared library libcanopen_interfaces__rosidl_typesupport_introspection_cpp.so[0m
[9.401s] [ 82%] Built target canopen_interfaces__rosidl_typesupport_introspection_cpp
[9.426s] [ 82%] Built target canopen_interfaces
[9.450s] [ 83%] [34m[1mGenerating Python code for ROS interfaces[0m
[11.298s] [ 83%] Built target canopen_interfaces__py
[11.325s] [ 85%] [32mBuilding C object CMakeFiles/canopen_interfaces__rosidl_generator_py.dir/rosidl_generator_py/canopen_interfaces/srv/_co_heartbeat_id_s.c.o[0m
[11.325s] [ 85%] [32mBuilding C object CMakeFiles/canopen_interfaces__rosidl_generator_py.dir/rosidl_generator_py/canopen_interfaces/srv/_co_nmt_id_s.c.o[0m
[11.325s] [ 86%] [32mBuilding C object CMakeFiles/canopen_interfaces__rosidl_generator_py.dir/rosidl_generator_py/canopen_interfaces/srv/_co_write_s.c.o[0m
[11.325s] [ 87%] [32mBuilding C object CMakeFiles/canopen_interfaces__rosidl_generator_py.dir/rosidl_generator_py/canopen_interfaces/srv/_co_read_id_s.c.o[0m
[11.327s] [ 88%] [32mBuilding C object CMakeFiles/canopen_interfaces__rosidl_generator_py.dir/rosidl_generator_py/canopen_interfaces/srv/_co_node_s.c.o[0m
[11.330s] [ 89%] [32mBuilding C object CMakeFiles/canopen_interfaces__rosidl_generator_py.dir/rosidl_generator_py/canopen_interfaces/srv/_co_read_s.c.o[0m
[11.331s] [ 90%] [32mBuilding C object CMakeFiles/canopen_interfaces__rosidl_generator_py.dir/rosidl_generator_py/canopen_interfaces/srv/_co_write_id_s.c.o[0m
[11.335s] [ 91%] [32mBuilding C object CMakeFiles/canopen_interfaces__rosidl_generator_py.dir/rosidl_generator_py/canopen_interfaces/srv/_co_target_double_s.c.o[0m
[11.548s] [ 92%] [32mBuilding C object CMakeFiles/canopen_interfaces__rosidl_generator_py.dir/rosidl_generator_py/canopen_interfaces/msg/_co_data_s.c.o[0m
[11.653s] [ 93%] [32m[1mLinking C shared library rosidl_generator_py/canopen_interfaces/libcanopen_interfaces__rosidl_generator_py.so[0m
[11.701s] [ 93%] Built target canopen_interfaces__rosidl_generator_py
[11.723s] [ 96%] [32mBuilding C object CMakeFiles/canopen_interfaces__rosidl_typesupport_fastrtps_c__pyext.dir/rosidl_generator_py/canopen_interfaces/_canopen_interfaces_s.ep.rosidl_typesupport_fastrtps_c.c.o[0m
[11.723s] [ 96%] [32mBuilding C object CMakeFiles/canopen_interfaces__rosidl_typesupport_introspection_c__pyext.dir/rosidl_generator_py/canopen_interfaces/_canopen_interfaces_s.ep.rosidl_typesupport_introspection_c.c.o[0m
[11.723s] [ 96%] [32mBuilding C object CMakeFiles/canopen_interfaces__rosidl_typesupport_c__pyext.dir/rosidl_generator_py/canopen_interfaces/_canopen_interfaces_s.ep.rosidl_typesupport_c.c.o[0m
[11.884s] [ 97%] [32m[1mLinking C shared library rosidl_generator_py/canopen_interfaces/canopen_interfaces_s__rosidl_typesupport_c.cpython-310-x86_64-linux-gnu.so[0m
[11.889s] [ 98%] [32m[1mLinking C shared library rosidl_generator_py/canopen_interfaces/canopen_interfaces_s__rosidl_typesupport_introspection_c.cpython-310-x86_64-linux-gnu.so[0m
[11.899s] [100%] [32m[1mLinking C shared library rosidl_generator_py/canopen_interfaces/canopen_interfaces_s__rosidl_typesupport_fastrtps_c.cpython-310-x86_64-linux-gnu.so[0m
[11.928s] [100%] Built target canopen_interfaces__rosidl_typesupport_c__pyext
[11.932s] [100%] Built target canopen_interfaces__rosidl_typesupport_introspection_c__pyext
[11.951s] [100%] Built target canopen_interfaces__rosidl_typesupport_fastrtps_c__pyext
[11.965s] Invoked command in '/home/ub2004/ros2_ws/build/canopen_interfaces' returned '0': CMAKE_PREFIX_PATH=${CMAKE_PREFIX_PATH}:/home/ub2004/ros2_ws/install/urdf_tutorial:/home/ub2004/ros2_ws/install/test_py:/home/ub2004/ros2_ws/install/canopen_utils:/home/ub2004/ros2_ws/install/can_comm:/home/ub2004/ros2_ws/install/agv_pak:/opt/ros/humble /usr/bin/cmake --build /home/ub2004/ros2_ws/build/canopen_interfaces -- -j8 -l8
[11.976s] Invoking command in '/home/ub2004/ros2_ws/build/canopen_interfaces': CMAKE_PREFIX_PATH=${CMAKE_PREFIX_PATH}:/home/ub2004/ros2_ws/install/urdf_tutorial:/home/ub2004/ros2_ws/install/test_py:/home/ub2004/ros2_ws/install/canopen_utils:/home/ub2004/ros2_ws/install/can_comm:/home/ub2004/ros2_ws/install/agv_pak:/opt/ros/humble /usr/bin/cmake --install /home/ub2004/ros2_ws/build/canopen_interfaces
[11.985s] -- Install configuration: ""
[11.986s] -- Execute custom install script
[11.986s] -- Symlinking: /home/ub2004/ros2_ws/install/canopen_interfaces/share/ament_index/resource_index/rosidl_interfaces/canopen_interfaces
[11.999s] -- Symlinking: /home/ub2004/ros2_ws/install/canopen_interfaces/include/canopen_interfaces/canopen_interfaces/msg/co_data.h
[12.008s] -- Symlinking: /home/ub2004/ros2_ws/install/canopen_interfaces/include/canopen_interfaces/canopen_interfaces/msg/detail/co_data__functions.h
[12.017s] -- Symlinking: /home/ub2004/ros2_ws/install/canopen_interfaces/include/canopen_interfaces/canopen_interfaces/msg/detail/co_data__struct.h
[12.026s] -- Symlinking: /home/ub2004/ros2_ws/install/canopen_interfaces/include/canopen_interfaces/canopen_interfaces/msg/detail/co_data__type_support.h
[12.036s] -- Symlinking: /home/ub2004/ros2_ws/install/canopen_interfaces/include/canopen_interfaces/canopen_interfaces/msg/rosidl_generator_c__visibility_control.h
[12.044s] -- Symlinking: /home/ub2004/ros2_ws/install/canopen_interfaces/include/canopen_interfaces/canopen_interfaces/srv/co_heartbeat_id.h
[12.054s] -- Symlinking: /home/ub2004/ros2_ws/install/canopen_interfaces/include/canopen_interfaces/canopen_interfaces/srv/co_nmt_id.h
[12.064s] -- Symlinking: /home/ub2004/ros2_ws/install/canopen_interfaces/include/canopen_interfaces/canopen_interfaces/srv/co_node.h
[12.074s] -- Symlinking: /home/ub2004/ros2_ws/install/canopen_interfaces/include/canopen_interfaces/canopen_interfaces/srv/co_read.h
[12.084s] -- Symlinking: /home/ub2004/ros2_ws/install/canopen_interfaces/include/canopen_interfaces/canopen_interfaces/srv/co_read_id.h
[12.096s] -- Symlinking: /home/ub2004/ros2_ws/install/canopen_interfaces/include/canopen_interfaces/canopen_interfaces/srv/co_target_double.h
[12.105s] -- Symlinking: /home/ub2004/ros2_ws/install/canopen_interfaces/include/canopen_interfaces/canopen_interfaces/srv/co_write.h
[12.115s] -- Symlinking: /home/ub2004/ros2_ws/install/canopen_interfaces/include/canopen_interfaces/canopen_interfaces/srv/co_write_id.h
[12.124s] -- Symlinking: /home/ub2004/ros2_ws/install/canopen_interfaces/include/canopen_interfaces/canopen_interfaces/srv/detail/co_heartbeat_id__functions.h
[12.134s] -- Symlinking: /home/ub2004/ros2_ws/install/canopen_interfaces/include/canopen_interfaces/canopen_interfaces/srv/detail/co_heartbeat_id__struct.h
[12.143s] -- Symlinking: /home/ub2004/ros2_ws/install/canopen_interfaces/include/canopen_interfaces/canopen_interfaces/srv/detail/co_heartbeat_id__type_support.h
[12.152s] -- Symlinking: /home/ub2004/ros2_ws/install/canopen_interfaces/include/canopen_interfaces/canopen_interfaces/srv/detail/co_nmt_id__functions.h
[12.161s] -- Symlinking: /home/ub2004/ros2_ws/install/canopen_interfaces/include/canopen_interfaces/canopen_interfaces/srv/detail/co_nmt_id__struct.h
[12.171s] -- Symlinking: /home/ub2004/ros2_ws/install/canopen_interfaces/include/canopen_interfaces/canopen_interfaces/srv/detail/co_nmt_id__type_support.h
[12.180s] -- Symlinking: /home/ub2004/ros2_ws/install/canopen_interfaces/include/canopen_interfaces/canopen_interfaces/srv/detail/co_node__functions.h
[12.190s] -- Symlinking: /home/ub2004/ros2_ws/install/canopen_interfaces/include/canopen_interfaces/canopen_interfaces/srv/detail/co_node__struct.h
[12.199s] -- Symlinking: /home/ub2004/ros2_ws/install/canopen_interfaces/include/canopen_interfaces/canopen_interfaces/srv/detail/co_node__type_support.h
[12.211s] -- Symlinking: /home/ub2004/ros2_ws/install/canopen_interfaces/include/canopen_interfaces/canopen_interfaces/srv/detail/co_read__functions.h
[12.220s] -- Symlinking: /home/ub2004/ros2_ws/install/canopen_interfaces/include/canopen_interfaces/canopen_interfaces/srv/detail/co_read__struct.h
[12.229s] -- Symlinking: /home/ub2004/ros2_ws/install/canopen_interfaces/include/canopen_interfaces/canopen_interfaces/srv/detail/co_read__type_support.h
[12.239s] -- Symlinking: /home/ub2004/ros2_ws/install/canopen_interfaces/include/canopen_interfaces/canopen_interfaces/srv/detail/co_read_id__functions.h
[12.248s] -- Symlinking: /home/ub2004/ros2_ws/install/canopen_interfaces/include/canopen_interfaces/canopen_interfaces/srv/detail/co_read_id__struct.h
[12.257s] -- Symlinking: /home/ub2004/ros2_ws/install/canopen_interfaces/include/canopen_interfaces/canopen_interfaces/srv/detail/co_read_id__type_support.h
[12.266s] -- Symlinking: /home/ub2004/ros2_ws/install/canopen_interfaces/include/canopen_interfaces/canopen_interfaces/srv/detail/co_target_double__functions.h
[12.276s] -- Symlinking: /home/ub2004/ros2_ws/install/canopen_interfaces/include/canopen_interfaces/canopen_interfaces/srv/detail/co_target_double__struct.h
[12.287s] -- Symlinking: /home/ub2004/ros2_ws/install/canopen_interfaces/include/canopen_interfaces/canopen_interfaces/srv/detail/co_target_double__type_support.h
[12.298s] -- Symlinking: /home/ub2004/ros2_ws/install/canopen_interfaces/include/canopen_interfaces/canopen_interfaces/srv/detail/co_write__functions.h
[12.307s] -- Symlinking: /home/ub2004/ros2_ws/install/canopen_interfaces/include/canopen_interfaces/canopen_interfaces/srv/detail/co_write__struct.h
[12.317s] -- Symlinking: /home/ub2004/ros2_ws/install/canopen_interfaces/include/canopen_interfaces/canopen_interfaces/srv/detail/co_write__type_support.h
[12.326s] -- Symlinking: /home/ub2004/ros2_ws/install/canopen_interfaces/include/canopen_interfaces/canopen_interfaces/srv/detail/co_write_id__functions.h
[12.335s] -- Symlinking: /home/ub2004/ros2_ws/install/canopen_interfaces/include/canopen_interfaces/canopen_interfaces/srv/detail/co_write_id__struct.h
[12.344s] -- Symlinking: /home/ub2004/ros2_ws/install/canopen_interfaces/include/canopen_interfaces/canopen_interfaces/srv/detail/co_write_id__type_support.h
[12.354s] -- Symlinking: /home/ub2004/ros2_ws/install/canopen_interfaces/share/canopen_interfaces/environment/library_path.sh
[12.363s] -- Symlinking: /home/ub2004/ros2_ws/install/canopen_interfaces/share/canopen_interfaces/environment/library_path.dsv
[12.374s] -- Symlinking: /home/ub2004/ros2_ws/install/canopen_interfaces/include/canopen_interfaces/canopen_interfaces/msg/detail/co_data__rosidl_typesupport_fastrtps_c.h
[12.385s] -- Symlinking: /home/ub2004/ros2_ws/install/canopen_interfaces/include/canopen_interfaces/canopen_interfaces/msg/rosidl_typesupport_fastrtps_c__visibility_control.h
[12.398s] -- Symlinking: /home/ub2004/ros2_ws/install/canopen_interfaces/include/canopen_interfaces/canopen_interfaces/srv/detail/co_heartbeat_id__rosidl_typesupport_fastrtps_c.h
[12.407s] -- Symlinking: /home/ub2004/ros2_ws/install/canopen_interfaces/include/canopen_interfaces/canopen_interfaces/srv/detail/co_nmt_id__rosidl_typesupport_fastrtps_c.h
[12.418s] -- Symlinking: /home/ub2004/ros2_ws/install/canopen_interfaces/include/canopen_interfaces/canopen_interfaces/srv/detail/co_node__rosidl_typesupport_fastrtps_c.h
[12.430s] -- Symlinking: /home/ub2004/ros2_ws/install/canopen_interfaces/include/canopen_interfaces/canopen_interfaces/srv/detail/co_read__rosidl_typesupport_fastrtps_c.h
[12.440s] -- Symlinking: /home/ub2004/ros2_ws/install/canopen_interfaces/include/canopen_interfaces/canopen_interfaces/srv/detail/co_read_id__rosidl_typesupport_fastrtps_c.h
[12.449s] -- Symlinking: /home/ub2004/ros2_ws/install/canopen_interfaces/include/canopen_interfaces/canopen_interfaces/srv/detail/co_target_double__rosidl_typesupport_fastrtps_c.h
[12.459s] -- Symlinking: /home/ub2004/ros2_ws/install/canopen_interfaces/include/canopen_interfaces/canopen_interfaces/srv/detail/co_write__rosidl_typesupport_fastrtps_c.h
[12.469s] -- Symlinking: /home/ub2004/ros2_ws/install/canopen_interfaces/include/canopen_interfaces/canopen_interfaces/srv/detail/co_write_id__rosidl_typesupport_fastrtps_c.h
[12.479s] -- Symlinking: /home/ub2004/ros2_ws/install/canopen_interfaces/include/canopen_interfaces/canopen_interfaces/msg/detail/co_data__rosidl_typesupport_introspection_c.h
[12.491s] -- Symlinking: /home/ub2004/ros2_ws/install/canopen_interfaces/include/canopen_interfaces/canopen_interfaces/msg/rosidl_typesupport_introspection_c__visibility_control.h
[12.502s] -- Symlinking: /home/ub2004/ros2_ws/install/canopen_interfaces/include/canopen_interfaces/canopen_interfaces/srv/detail/co_heartbeat_id__rosidl_typesupport_introspection_c.h
[12.512s] -- Symlinking: /home/ub2004/ros2_ws/install/canopen_interfaces/include/canopen_interfaces/canopen_interfaces/srv/detail/co_nmt_id__rosidl_typesupport_introspection_c.h
[12.522s] -- Symlinking: /home/ub2004/ros2_ws/install/canopen_interfaces/include/canopen_interfaces/canopen_interfaces/srv/detail/co_node__rosidl_typesupport_introspection_c.h
[12.531s] -- Symlinking: /home/ub2004/ros2_ws/install/canopen_interfaces/include/canopen_interfaces/canopen_interfaces/srv/detail/co_read__rosidl_typesupport_introspection_c.h
[12.541s] -- Symlinking: /home/ub2004/ros2_ws/install/canopen_interfaces/include/canopen_interfaces/canopen_interfaces/srv/detail/co_read_id__rosidl_typesupport_introspection_c.h
[12.551s] -- Symlinking: /home/ub2004/ros2_ws/install/canopen_interfaces/include/canopen_interfaces/canopen_interfaces/srv/detail/co_target_double__rosidl_typesupport_introspection_c.h
[12.560s] -- Symlinking: /home/ub2004/ros2_ws/install/canopen_interfaces/include/canopen_interfaces/canopen_interfaces/srv/detail/co_write__rosidl_typesupport_introspection_c.h
[12.570s] -- Symlinking: /home/ub2004/ros2_ws/install/canopen_interfaces/include/canopen_interfaces/canopen_interfaces/srv/detail/co_write_id__rosidl_typesupport_introspection_c.h
[12.582s] -- Symlinking: /home/ub2004/ros2_ws/install/canopen_interfaces/include/canopen_interfaces/canopen_interfaces/msg/co_data.hpp
[12.594s] -- Symlinking: /home/ub2004/ros2_ws/install/canopen_interfaces/include/canopen_interfaces/canopen_interfaces/msg/detail/co_data__builder.hpp
[12.609s] -- Symlinking: /home/ub2004/ros2_ws/install/canopen_interfaces/include/canopen_interfaces/canopen_interfaces/msg/detail/co_data__struct.hpp
[12.619s] -- Symlinking: /home/ub2004/ros2_ws/install/canopen_interfaces/include/canopen_interfaces/canopen_interfaces/msg/detail/co_data__traits.hpp
[12.629s] -- Symlinking: /home/ub2004/ros2_ws/install/canopen_interfaces/include/canopen_interfaces/canopen_interfaces/msg/detail/co_data__type_support.hpp
[12.638s] -- Symlinking: /home/ub2004/ros2_ws/install/canopen_interfaces/include/canopen_interfaces/canopen_interfaces/msg/rosidl_generator_cpp__visibility_control.hpp
[12.648s] -- Symlinking: /home/ub2004/ros2_ws/install/canopen_interfaces/include/canopen_interfaces/canopen_interfaces/srv/co_heartbeat_id.hpp
[12.657s] -- Symlinking: /home/ub2004/ros2_ws/install/canopen_interfaces/include/canopen_interfaces/canopen_interfaces/srv/co_nmt_id.hpp
[12.667s] -- Symlinking: /home/ub2004/ros2_ws/install/canopen_interfaces/include/canopen_interfaces/canopen_interfaces/srv/co_node.hpp
[12.677s] -- Symlinking: /home/ub2004/ros2_ws/install/canopen_interfaces/include/canopen_interfaces/canopen_interfaces/srv/co_read.hpp
[12.688s] -- Symlinking: /home/ub2004/ros2_ws/install/canopen_interfaces/include/canopen_interfaces/canopen_interfaces/srv/co_read_id.hpp
[12.700s] -- Symlinking: /home/ub2004/ros2_ws/install/canopen_interfaces/include/canopen_interfaces/canopen_interfaces/srv/co_target_double.hpp
[12.710s] -- Symlinking: /home/ub2004/ros2_ws/install/canopen_interfaces/include/canopen_interfaces/canopen_interfaces/srv/co_write.hpp
[12.719s] -- Symlinking: /home/ub2004/ros2_ws/install/canopen_interfaces/include/canopen_interfaces/canopen_interfaces/srv/co_write_id.hpp
[12.729s] -- Symlinking: /home/ub2004/ros2_ws/install/canopen_interfaces/include/canopen_interfaces/canopen_interfaces/srv/detail/co_heartbeat_id__builder.hpp
[12.738s] -- Symlinking: /home/ub2004/ros2_ws/install/canopen_interfaces/include/canopen_interfaces/canopen_interfaces/srv/detail/co_heartbeat_id__struct.hpp
[12.747s] -- Symlinking: /home/ub2004/ros2_ws/install/canopen_interfaces/include/canopen_interfaces/canopen_interfaces/srv/detail/co_heartbeat_id__traits.hpp
[12.757s] -- Symlinking: /home/ub2004/ros2_ws/install/canopen_interfaces/include/canopen_interfaces/canopen_interfaces/srv/detail/co_heartbeat_id__type_support.hpp
[12.766s] -- Symlinking: /home/ub2004/ros2_ws/install/canopen_interfaces/include/canopen_interfaces/canopen_interfaces/srv/detail/co_nmt_id__builder.hpp
[12.776s] -- Symlinking: /home/ub2004/ros2_ws/install/canopen_interfaces/include/canopen_interfaces/canopen_interfaces/srv/detail/co_nmt_id__struct.hpp
[12.786s] -- Symlinking: /home/ub2004/ros2_ws/install/canopen_interfaces/include/canopen_interfaces/canopen_interfaces/srv/detail/co_nmt_id__traits.hpp
[12.799s] -- Symlinking: /home/ub2004/ros2_ws/install/canopen_interfaces/include/canopen_interfaces/canopen_interfaces/srv/detail/co_nmt_id__type_support.hpp
[12.808s] -- Symlinking: /home/ub2004/ros2_ws/install/canopen_interfaces/include/canopen_interfaces/canopen_interfaces/srv/detail/co_node__builder.hpp
[12.817s] -- Symlinking: /home/ub2004/ros2_ws/install/canopen_interfaces/include/canopen_interfaces/canopen_interfaces/srv/detail/co_node__struct.hpp
[12.827s] -- Symlinking: /home/ub2004/ros2_ws/install/canopen_interfaces/include/canopen_interfaces/canopen_interfaces/srv/detail/co_node__traits.hpp
[12.836s] -- Symlinking: /home/ub2004/ros2_ws/install/canopen_interfaces/include/canopen_interfaces/canopen_interfaces/srv/detail/co_node__type_support.hpp
[12.846s] -- Symlinking: /home/ub2004/ros2_ws/install/canopen_interfaces/include/canopen_interfaces/canopen_interfaces/srv/detail/co_read__builder.hpp
[12.855s] -- Symlinking: /home/ub2004/ros2_ws/install/canopen_interfaces/include/canopen_interfaces/canopen_interfaces/srv/detail/co_read__struct.hpp
[12.865s] -- Symlinking: /home/ub2004/ros2_ws/install/canopen_interfaces/include/canopen_interfaces/canopen_interfaces/srv/detail/co_read__traits.hpp
[12.874s] -- Symlinking: /home/ub2004/ros2_ws/install/canopen_interfaces/include/canopen_interfaces/canopen_interfaces/srv/detail/co_read__type_support.hpp
[12.884s] -- Symlinking: /home/ub2004/ros2_ws/install/canopen_interfaces/include/canopen_interfaces/canopen_interfaces/srv/detail/co_read_id__builder.hpp
[12.894s] -- Symlinking: /home/ub2004/ros2_ws/install/canopen_interfaces/include/canopen_interfaces/canopen_interfaces/srv/detail/co_read_id__struct.hpp
[12.906s] -- Symlinking: /home/ub2004/ros2_ws/install/canopen_interfaces/include/canopen_interfaces/canopen_interfaces/srv/detail/co_read_id__traits.hpp
[12.915s] -- Symlinking: /home/ub2004/ros2_ws/install/canopen_interfaces/include/canopen_interfaces/canopen_interfaces/srv/detail/co_read_id__type_support.hpp
[12.925s] -- Symlinking: /home/ub2004/ros2_ws/install/canopen_interfaces/include/canopen_interfaces/canopen_interfaces/srv/detail/co_target_double__builder.hpp
[12.934s] -- Symlinking: /home/ub2004/ros2_ws/install/canopen_interfaces/include/canopen_interfaces/canopen_interfaces/srv/detail/co_target_double__struct.hpp
[12.944s] -- Symlinking: /home/ub2004/ros2_ws/install/canopen_interfaces/include/canopen_interfaces/canopen_interfaces/srv/detail/co_target_double__traits.hpp
[12.953s] -- Symlinking: /home/ub2004/ros2_ws/install/canopen_interfaces/include/canopen_interfaces/canopen_interfaces/srv/detail/co_target_double__type_support.hpp
[12.962s] -- Symlinking: /home/ub2004/ros2_ws/install/canopen_interfaces/include/canopen_interfaces/canopen_interfaces/srv/detail/co_write__builder.hpp
[12.973s] -- Symlinking: /home/ub2004/ros2_ws/install/canopen_interfaces/include/canopen_interfaces/canopen_interfaces/srv/detail/co_write__struct.hpp
[12.983s] -- Symlinking: /home/ub2004/ros2_ws/install/canopen_interfaces/include/canopen_interfaces/canopen_interfaces/srv/detail/co_write__traits.hpp
[12.995s] -- Symlinking: /home/ub2004/ros2_ws/install/canopen_interfaces/include/canopen_interfaces/canopen_interfaces/srv/detail/co_write__type_support.hpp
[13.005s] -- Symlinking: /home/ub2004/ros2_ws/install/canopen_interfaces/include/canopen_interfaces/canopen_interfaces/srv/detail/co_write_id__builder.hpp
[13.014s] -- Symlinking: /home/ub2004/ros2_ws/install/canopen_interfaces/include/canopen_interfaces/canopen_interfaces/srv/detail/co_write_id__struct.hpp
[13.026s] -- Symlinking: /home/ub2004/ros2_ws/install/canopen_interfaces/include/canopen_interfaces/canopen_interfaces/srv/detail/co_write_id__traits.hpp
[13.036s] -- Symlinking: /home/ub2004/ros2_ws/install/canopen_interfaces/include/canopen_interfaces/canopen_interfaces/srv/detail/co_write_id__type_support.hpp
[13.046s] -- Symlinking: /home/ub2004/ros2_ws/install/canopen_interfaces/include/canopen_interfaces/canopen_interfaces/msg/detail/co_data__rosidl_typesupport_fastrtps_cpp.hpp
[13.055s] -- Symlinking: /home/ub2004/ros2_ws/install/canopen_interfaces/include/canopen_interfaces/canopen_interfaces/msg/rosidl_typesupport_fastrtps_cpp__visibility_control.h
[13.066s] -- Symlinking: /home/ub2004/ros2_ws/install/canopen_interfaces/include/canopen_interfaces/canopen_interfaces/srv/detail/co_heartbeat_id__rosidl_typesupport_fastrtps_cpp.hpp
[13.075s] -- Symlinking: /home/ub2004/ros2_ws/install/canopen_interfaces/include/canopen_interfaces/canopen_interfaces/srv/detail/co_nmt_id__rosidl_typesupport_fastrtps_cpp.hpp
[13.085s] -- Symlinking: /home/ub2004/ros2_ws/install/canopen_interfaces/include/canopen_interfaces/canopen_interfaces/srv/detail/co_node__rosidl_typesupport_fastrtps_cpp.hpp
[13.097s] -- Symlinking: /home/ub2004/ros2_ws/install/canopen_interfaces/include/canopen_interfaces/canopen_interfaces/srv/detail/co_read__rosidl_typesupport_fastrtps_cpp.hpp
[13.106s] -- Symlinking: /home/ub2004/ros2_ws/install/canopen_interfaces/include/canopen_interfaces/canopen_interfaces/srv/detail/co_read_id__rosidl_typesupport_fastrtps_cpp.hpp
[13.116s] -- Symlinking: /home/ub2004/ros2_ws/install/canopen_interfaces/include/canopen_interfaces/canopen_interfaces/srv/detail/co_target_double__rosidl_typesupport_fastrtps_cpp.hpp
[13.125s] -- Symlinking: /home/ub2004/ros2_ws/install/canopen_interfaces/include/canopen_interfaces/canopen_interfaces/srv/detail/co_write__rosidl_typesupport_fastrtps_cpp.hpp
[13.134s] -- Symlinking: /home/ub2004/ros2_ws/install/canopen_interfaces/include/canopen_interfaces/canopen_interfaces/srv/detail/co_write_id__rosidl_typesupport_fastrtps_cpp.hpp
[13.144s] -- Symlinking: /home/ub2004/ros2_ws/install/canopen_interfaces/include/canopen_interfaces/canopen_interfaces/msg/detail/co_data__rosidl_typesupport_introspection_cpp.hpp
[13.153s] -- Symlinking: /home/ub2004/ros2_ws/install/canopen_interfaces/include/canopen_interfaces/canopen_interfaces/srv/detail/co_heartbeat_id__rosidl_typesupport_introspection_cpp.hpp
[13.163s] -- Symlinking: /home/ub2004/ros2_ws/install/canopen_interfaces/include/canopen_interfaces/canopen_interfaces/srv/detail/co_nmt_id__rosidl_typesupport_introspection_cpp.hpp
[13.173s] -- Symlinking: /home/ub2004/ros2_ws/install/canopen_interfaces/include/canopen_interfaces/canopen_interfaces/srv/detail/co_node__rosidl_typesupport_introspection_cpp.hpp
[13.182s] -- Symlinking: /home/ub2004/ros2_ws/install/canopen_interfaces/include/canopen_interfaces/canopen_interfaces/srv/detail/co_read__rosidl_typesupport_introspection_cpp.hpp
[13.193s] -- Symlinking: /home/ub2004/ros2_ws/install/canopen_interfaces/include/canopen_interfaces/canopen_interfaces/srv/detail/co_read_id__rosidl_typesupport_introspection_cpp.hpp
[13.204s] -- Symlinking: /home/ub2004/ros2_ws/install/canopen_interfaces/include/canopen_interfaces/canopen_interfaces/srv/detail/co_target_double__rosidl_typesupport_introspection_cpp.hpp
[13.213s] -- Symlinking: /home/ub2004/ros2_ws/install/canopen_interfaces/include/canopen_interfaces/canopen_interfaces/srv/detail/co_write__rosidl_typesupport_introspection_cpp.hpp
[13.222s] -- Symlinking: /home/ub2004/ros2_ws/install/canopen_interfaces/include/canopen_interfaces/canopen_interfaces/srv/detail/co_write_id__rosidl_typesupport_introspection_cpp.hpp
[13.232s] -- Symlinking: /home/ub2004/ros2_ws/install/canopen_interfaces/share/canopen_interfaces/environment/pythonpath.sh
[13.241s] -- Symlinking: /home/ub2004/ros2_ws/install/canopen_interfaces/share/canopen_interfaces/environment/pythonpath.dsv
[13.251s] -- Symlinking: /home/ub2004/ros2_ws/install/canopen_interfaces/local/lib/python3.10/dist-packages/canopen_interfaces-0.2.11-py3.10.egg-info/PKG-INFO
[13.260s] -- Symlinking: /home/ub2004/ros2_ws/install/canopen_interfaces/local/lib/python3.10/dist-packages/canopen_interfaces-0.2.11-py3.10.egg-info/SOURCES.txt
[13.270s] -- Symlinking: /home/ub2004/ros2_ws/install/canopen_interfaces/local/lib/python3.10/dist-packages/canopen_interfaces-0.2.11-py3.10.egg-info/dependency_links.txt
[13.280s] -- Symlinking: /home/ub2004/ros2_ws/install/canopen_interfaces/local/lib/python3.10/dist-packages/canopen_interfaces-0.2.11-py3.10.egg-info/top_level.txt
[13.291s] -- Symlinking: /home/ub2004/ros2_ws/install/canopen_interfaces/local/lib/python3.10/dist-packages/canopen_interfaces/__init__.py
[13.302s] -- Symlinking: /home/ub2004/ros2_ws/install/canopen_interfaces/local/lib/python3.10/dist-packages/canopen_interfaces/_canopen_interfaces_s.ep.rosidl_typesupport_c.c
[13.311s] -- Symlinking: /home/ub2004/ros2_ws/install/canopen_interfaces/local/lib/python3.10/dist-packages/canopen_interfaces/_canopen_interfaces_s.ep.rosidl_typesupport_fastrtps_c.c
[13.320s] -- Symlinking: /home/ub2004/ros2_ws/install/canopen_interfaces/local/lib/python3.10/dist-packages/canopen_interfaces/_canopen_interfaces_s.ep.rosidl_typesupport_introspection_c.c
[13.330s] -- Symlinking: /home/ub2004/ros2_ws/install/canopen_interfaces/local/lib/python3.10/dist-packages/canopen_interfaces/canopen_interfaces_s__rosidl_typesupport_c.cpython-310-x86_64-linux-gnu.so
[13.339s] -- Symlinking: /home/ub2004/ros2_ws/install/canopen_interfaces/local/lib/python3.10/dist-packages/canopen_interfaces/canopen_interfaces_s__rosidl_typesupport_fastrtps_c.cpython-310-x86_64-linux-gnu.so
[13.350s] -- Symlinking: /home/ub2004/ros2_ws/install/canopen_interfaces/local/lib/python3.10/dist-packages/canopen_interfaces/canopen_interfaces_s__rosidl_typesupport_introspection_c.cpython-310-x86_64-linux-gnu.so
[13.359s] -- Symlinking: /home/ub2004/ros2_ws/install/canopen_interfaces/local/lib/python3.10/dist-packages/canopen_interfaces/libcanopen_interfaces__rosidl_generator_py.so
[13.369s] -- Symlinking: /home/ub2004/ros2_ws/install/canopen_interfaces/local/lib/python3.10/dist-packages/canopen_interfaces/msg/__init__.py
[13.379s] -- Symlinking: /home/ub2004/ros2_ws/install/canopen_interfaces/local/lib/python3.10/dist-packages/canopen_interfaces/msg/_co_data.py
[13.389s] -- Symlinking: /home/ub2004/ros2_ws/install/canopen_interfaces/local/lib/python3.10/dist-packages/canopen_interfaces/msg/_co_data_s.c
[13.401s] -- Symlinking: /home/ub2004/ros2_ws/install/canopen_interfaces/local/lib/python3.10/dist-packages/canopen_interfaces/srv/__init__.py
[13.410s] -- Symlinking: /home/ub2004/ros2_ws/install/canopen_interfaces/local/lib/python3.10/dist-packages/canopen_interfaces/srv/_co_heartbeat_id.py
[13.419s] -- Symlinking: /home/ub2004/ros2_ws/install/canopen_interfaces/local/lib/python3.10/dist-packages/canopen_interfaces/srv/_co_heartbeat_id_s.c
[13.428s] -- Symlinking: /home/ub2004/ros2_ws/install/canopen_interfaces/local/lib/python3.10/dist-packages/canopen_interfaces/srv/_co_nmt_id.py
[13.438s] -- Symlinking: /home/ub2004/ros2_ws/install/canopen_interfaces/local/lib/python3.10/dist-packages/canopen_interfaces/srv/_co_nmt_id_s.c
[13.447s] -- Symlinking: /home/ub2004/ros2_ws/install/canopen_interfaces/local/lib/python3.10/dist-packages/canopen_interfaces/srv/_co_node.py
[13.457s] -- Symlinking: /home/ub2004/ros2_ws/install/canopen_interfaces/local/lib/python3.10/dist-packages/canopen_interfaces/srv/_co_node_s.c
[13.467s] -- Symlinking: /home/ub2004/ros2_ws/install/canopen_interfaces/local/lib/python3.10/dist-packages/canopen_interfaces/srv/_co_read.py
[13.476s] -- Symlinking: /home/ub2004/ros2_ws/install/canopen_interfaces/local/lib/python3.10/dist-packages/canopen_interfaces/srv/_co_read_id.py
[13.486s] -- Symlinking: /home/ub2004/ros2_ws/install/canopen_interfaces/local/lib/python3.10/dist-packages/canopen_interfaces/srv/_co_read_id_s.c
[13.498s] -- Symlinking: /home/ub2004/ros2_ws/install/canopen_interfaces/local/lib/python3.10/dist-packages/canopen_interfaces/srv/_co_read_s.c
[13.507s] -- Symlinking: /home/ub2004/ros2_ws/install/canopen_interfaces/local/lib/python3.10/dist-packages/canopen_interfaces/srv/_co_target_double.py
[13.516s] -- Symlinking: /home/ub2004/ros2_ws/install/canopen_interfaces/local/lib/python3.10/dist-packages/canopen_interfaces/srv/_co_target_double_s.c
[13.525s] -- Symlinking: /home/ub2004/ros2_ws/install/canopen_interfaces/local/lib/python3.10/dist-packages/canopen_interfaces/srv/_co_write.py
[13.535s] -- Symlinking: /home/ub2004/ros2_ws/install/canopen_interfaces/local/lib/python3.10/dist-packages/canopen_interfaces/srv/_co_write_id.py
[13.544s] -- Symlinking: /home/ub2004/ros2_ws/install/canopen_interfaces/local/lib/python3.10/dist-packages/canopen_interfaces/srv/_co_write_id_s.c
[13.553s] -- Symlinking: /home/ub2004/ros2_ws/install/canopen_interfaces/local/lib/python3.10/dist-packages/canopen_interfaces/srv/_co_write_s.c
[13.562s] -- Up-to-date symlink: /home/ub2004/ros2_ws/install/canopen_interfaces/local/lib/python3.10/dist-packages/canopen_interfaces/canopen_interfaces_s__rosidl_typesupport_fastrtps_c.cpython-310-x86_64-linux-gnu.so
[13.563s] -- Up-to-date symlink: /home/ub2004/ros2_ws/install/canopen_interfaces/local/lib/python3.10/dist-packages/canopen_interfaces/canopen_interfaces_s__rosidl_typesupport_introspection_c.cpython-310-x86_64-linux-gnu.so
[13.563s] -- Up-to-date symlink: /home/ub2004/ros2_ws/install/canopen_interfaces/local/lib/python3.10/dist-packages/canopen_interfaces/canopen_interfaces_s__rosidl_typesupport_c.cpython-310-x86_64-linux-gnu.so
[13.563s] -- Symlinking: /home/ub2004/ros2_ws/install/canopen_interfaces/share/canopen_interfaces/srv/COHeartbeatID.idl
[13.573s] -- Symlinking: /home/ub2004/ros2_ws/install/canopen_interfaces/share/canopen_interfaces/srv/CONmtID.idl
[13.583s] -- Symlinking: /home/ub2004/ros2_ws/install/canopen_interfaces/share/canopen_interfaces/srv/CORead.idl
[13.594s] -- Symlinking: /home/ub2004/ros2_ws/install/canopen_interfaces/share/canopen_interfaces/srv/COReadID.idl
[13.605s] -- Symlinking: /home/ub2004/ros2_ws/install/canopen_interfaces/share/canopen_interfaces/srv/COWrite.idl
[13.614s] -- Symlinking: /home/ub2004/ros2_ws/install/canopen_interfaces/share/canopen_interfaces/srv/COWriteID.idl
[13.626s] -- Symlinking: /home/ub2004/ros2_ws/install/canopen_interfaces/share/canopen_interfaces/srv/COTargetDouble.idl
[13.636s] -- Symlinking: /home/ub2004/ros2_ws/install/canopen_interfaces/share/canopen_interfaces/srv/CONode.idl
[13.645s] -- Symlinking: /home/ub2004/ros2_ws/install/canopen_interfaces/share/canopen_interfaces/msg/COData.idl
[13.655s] -- Symlinking: /home/ub2004/ros2_ws/install/canopen_interfaces/share/canopen_interfaces/srv/COHeartbeatID.srv
[13.665s] -- Symlinking: /home/ub2004/ros2_ws/install/canopen_interfaces/share/canopen_interfaces/srv/COHeartbeatID_Request.msg
[13.676s] -- Symlinking: /home/ub2004/ros2_ws/install/canopen_interfaces/share/canopen_interfaces/srv/COHeartbeatID_Response.msg
[13.687s] -- Symlinking: /home/ub2004/ros2_ws/install/canopen_interfaces/share/canopen_interfaces/srv/CONmtID.srv
[13.701s] -- Symlinking: /home/ub2004/ros2_ws/install/canopen_interfaces/share/canopen_interfaces/srv/CONmtID_Request.msg
[13.711s] -- Symlinking: /home/ub2004/ros2_ws/install/canopen_interfaces/share/canopen_interfaces/srv/CONmtID_Response.msg
[13.721s] -- Symlinking: /home/ub2004/ros2_ws/install/canopen_interfaces/share/canopen_interfaces/srv/CORead.srv
[13.731s] -- Symlinking: /home/ub2004/ros2_ws/install/canopen_interfaces/share/canopen_interfaces/srv/CORead_Request.msg
[13.741s] -- Symlinking: /home/ub2004/ros2_ws/install/canopen_interfaces/share/canopen_interfaces/srv/CORead_Response.msg
[13.751s] -- Symlinking: /home/ub2004/ros2_ws/install/canopen_interfaces/share/canopen_interfaces/srv/COReadID.srv
[13.762s] -- Symlinking: /home/ub2004/ros2_ws/install/canopen_interfaces/share/canopen_interfaces/srv/COReadID_Request.msg
[13.772s] -- Symlinking: /home/ub2004/ros2_ws/install/canopen_interfaces/share/canopen_interfaces/srv/COReadID_Response.msg
[13.782s] -- Symlinking: /home/ub2004/ros2_ws/install/canopen_interfaces/share/canopen_interfaces/srv/COWrite.srv
[13.793s] -- Symlinking: /home/ub2004/ros2_ws/install/canopen_interfaces/share/canopen_interfaces/srv/COWrite_Request.msg
[13.805s] -- Symlinking: /home/ub2004/ros2_ws/install/canopen_interfaces/share/canopen_interfaces/srv/COWrite_Response.msg
[13.815s] -- Symlinking: /home/ub2004/ros2_ws/install/canopen_interfaces/share/canopen_interfaces/srv/COWriteID.srv
[13.825s] -- Symlinking: /home/ub2004/ros2_ws/install/canopen_interfaces/share/canopen_interfaces/srv/COWriteID_Request.msg
[13.834s] -- Symlinking: /home/ub2004/ros2_ws/install/canopen_interfaces/share/canopen_interfaces/srv/COWriteID_Response.msg
[13.844s] -- Symlinking: /home/ub2004/ros2_ws/install/canopen_interfaces/share/canopen_interfaces/srv/COTargetDouble.srv
[13.854s] -- Symlinking: /home/ub2004/ros2_ws/install/canopen_interfaces/share/canopen_interfaces/srv/COTargetDouble_Request.msg
[13.864s] -- Symlinking: /home/ub2004/ros2_ws/install/canopen_interfaces/share/canopen_interfaces/srv/COTargetDouble_Response.msg
[13.874s] -- Symlinking: /home/ub2004/ros2_ws/install/canopen_interfaces/share/canopen_interfaces/srv/CONode.srv
[13.885s] -- Symlinking: /home/ub2004/ros2_ws/install/canopen_interfaces/share/canopen_interfaces/srv/CONode_Request.msg
[13.897s] -- Symlinking: /home/ub2004/ros2_ws/install/canopen_interfaces/share/canopen_interfaces/srv/CONode_Response.msg
[13.908s] -- Symlinking: /home/ub2004/ros2_ws/install/canopen_interfaces/share/canopen_interfaces/msg/COData.msg
[13.918s] -- Symlinking: /home/ub2004/ros2_ws/install/canopen_interfaces/share/ament_index/resource_index/package_run_dependencies/canopen_interfaces
[13.927s] -- Symlinking: /home/ub2004/ros2_ws/install/canopen_interfaces/share/ament_index/resource_index/parent_prefix_path/canopen_interfaces
[13.937s] -- Symlinking: /home/ub2004/ros2_ws/install/canopen_interfaces/share/canopen_interfaces/environment/ament_prefix_path.sh
[13.947s] -- Symlinking: /home/ub2004/ros2_ws/install/canopen_interfaces/share/canopen_interfaces/environment/ament_prefix_path.dsv
[13.956s] -- Symlinking: /home/ub2004/ros2_ws/install/canopen_interfaces/share/canopen_interfaces/environment/path.sh
[13.966s] -- Symlinking: /home/ub2004/ros2_ws/install/canopen_interfaces/share/canopen_interfaces/environment/path.dsv
[13.976s] -- Symlinking: /home/ub2004/ros2_ws/install/canopen_interfaces/share/canopen_interfaces/local_setup.bash
[13.987s] -- Symlinking: /home/ub2004/ros2_ws/install/canopen_interfaces/share/canopen_interfaces/local_setup.sh
[13.999s] -- Symlinking: /home/ub2004/ros2_ws/install/canopen_interfaces/share/canopen_interfaces/local_setup.zsh
[14.009s] -- Symlinking: /home/ub2004/ros2_ws/install/canopen_interfaces/share/canopen_interfaces/local_setup.dsv
[14.019s] -- Symlinking: /home/ub2004/ros2_ws/install/canopen_interfaces/share/canopen_interfaces/package.dsv
[14.029s] -- Symlinking: /home/ub2004/ros2_ws/install/canopen_interfaces/share/ament_index/resource_index/packages/canopen_interfaces
[14.038s] -- Symlinking: /home/ub2004/ros2_ws/install/canopen_interfaces/share/canopen_interfaces/cmake/rosidl_cmake-extras.cmake
[14.048s] -- Symlinking: /home/ub2004/ros2_ws/install/canopen_interfaces/share/canopen_interfaces/cmake/ament_cmake_export_include_directories-extras.cmake
[14.058s] -- Symlinking: /home/ub2004/ros2_ws/install/canopen_interfaces/share/canopen_interfaces/cmake/ament_cmake_export_libraries-extras.cmake
[14.067s] -- Symlinking: /home/ub2004/ros2_ws/install/canopen_interfaces/share/canopen_interfaces/cmake/ament_cmake_export_targets-extras.cmake
[14.077s] -- Symlinking: /home/ub2004/ros2_ws/install/canopen_interfaces/share/canopen_interfaces/cmake/rosidl_cmake_export_typesupport_targets-extras.cmake
[14.089s] -- Symlinking: /home/ub2004/ros2_ws/install/canopen_interfaces/share/canopen_interfaces/cmake/ament_cmake_export_dependencies-extras.cmake
[14.102s] -- Symlinking: /home/ub2004/ros2_ws/install/canopen_interfaces/share/canopen_interfaces/cmake/rosidl_cmake_export_typesupport_libraries-extras.cmake
[14.111s] -- Symlinking: /home/ub2004/ros2_ws/install/canopen_interfaces/share/canopen_interfaces/cmake/canopen_interfacesConfig.cmake
[14.122s] -- Symlinking: /home/ub2004/ros2_ws/install/canopen_interfaces/share/canopen_interfaces/cmake/canopen_interfacesConfig-version.cmake
[14.134s] -- Symlinking: /home/ub2004/ros2_ws/install/canopen_interfaces/share/canopen_interfaces/package.xml
[14.144s] -- Installing: /home/ub2004/ros2_ws/install/canopen_interfaces/lib/libcanopen_interfaces__rosidl_generator_c.so
[14.145s] -- Set runtime path of "/home/ub2004/ros2_ws/install/canopen_interfaces/lib/libcanopen_interfaces__rosidl_generator_c.so" to ""
[14.145s] -- Installing: /home/ub2004/ros2_ws/install/canopen_interfaces/lib/libcanopen_interfaces__rosidl_typesupport_fastrtps_c.so
[14.147s] -- Set runtime path of "/home/ub2004/ros2_ws/install/canopen_interfaces/lib/libcanopen_interfaces__rosidl_typesupport_fastrtps_c.so" to ""
[14.147s] -- Installing: /home/ub2004/ros2_ws/install/canopen_interfaces/lib/libcanopen_interfaces__rosidl_typesupport_introspection_c.so
[14.147s] -- Set runtime path of "/home/ub2004/ros2_ws/install/canopen_interfaces/lib/libcanopen_interfaces__rosidl_typesupport_introspection_c.so" to ""
[14.147s] -- Installing: /home/ub2004/ros2_ws/install/canopen_interfaces/lib/libcanopen_interfaces__rosidl_typesupport_c.so
[14.148s] -- Set runtime path of "/home/ub2004/ros2_ws/install/canopen_interfaces/lib/libcanopen_interfaces__rosidl_typesupport_c.so" to ""
[14.148s] -- Installing: /home/ub2004/ros2_ws/install/canopen_interfaces/lib/libcanopen_interfaces__rosidl_typesupport_fastrtps_cpp.so
[14.149s] -- Set runtime path of "/home/ub2004/ros2_ws/install/canopen_interfaces/lib/libcanopen_interfaces__rosidl_typesupport_fastrtps_cpp.so" to ""
[14.149s] -- Installing: /home/ub2004/ros2_ws/install/canopen_interfaces/lib/libcanopen_interfaces__rosidl_typesupport_introspection_cpp.so
[14.150s] -- Set runtime path of "/home/ub2004/ros2_ws/install/canopen_interfaces/lib/libcanopen_interfaces__rosidl_typesupport_introspection_cpp.so" to ""
[14.150s] -- Installing: /home/ub2004/ros2_ws/install/canopen_interfaces/lib/libcanopen_interfaces__rosidl_typesupport_cpp.so
[14.151s] -- Set runtime path of "/home/ub2004/ros2_ws/install/canopen_interfaces/lib/libcanopen_interfaces__rosidl_typesupport_cpp.so" to ""
[14.207s] Listing '/home/ub2004/ros2_ws/install/canopen_interfaces/local/lib/python3.10/dist-packages/canopen_interfaces'...
[14.208s] Compiling '/home/ub2004/ros2_ws/install/canopen_interfaces/local/lib/python3.10/dist-packages/canopen_interfaces/__init__.py'...
[14.208s] Listing '/home/ub2004/ros2_ws/install/canopen_interfaces/local/lib/python3.10/dist-packages/canopen_interfaces/msg'...
[14.208s] Compiling '/home/ub2004/ros2_ws/install/canopen_interfaces/local/lib/python3.10/dist-packages/canopen_interfaces/msg/__init__.py'...
[14.208s] Compiling '/home/ub2004/ros2_ws/install/canopen_interfaces/local/lib/python3.10/dist-packages/canopen_interfaces/msg/_co_data.py'...
[14.208s] Listing '/home/ub2004/ros2_ws/install/canopen_interfaces/local/lib/python3.10/dist-packages/canopen_interfaces/srv'...
[14.208s] Compiling '/home/ub2004/ros2_ws/install/canopen_interfaces/local/lib/python3.10/dist-packages/canopen_interfaces/srv/__init__.py'...
[14.208s] Compiling '/home/ub2004/ros2_ws/install/canopen_interfaces/local/lib/python3.10/dist-packages/canopen_interfaces/srv/_co_heartbeat_id.py'...
[14.208s] Compiling '/home/ub2004/ros2_ws/install/canopen_interfaces/local/lib/python3.10/dist-packages/canopen_interfaces/srv/_co_nmt_id.py'...
[14.208s] Compiling '/home/ub2004/ros2_ws/install/canopen_interfaces/local/lib/python3.10/dist-packages/canopen_interfaces/srv/_co_node.py'...
[14.208s] Compiling '/home/ub2004/ros2_ws/install/canopen_interfaces/local/lib/python3.10/dist-packages/canopen_interfaces/srv/_co_read.py'...
[14.208s] Compiling '/home/ub2004/ros2_ws/install/canopen_interfaces/local/lib/python3.10/dist-packages/canopen_interfaces/srv/_co_read_id.py'...
[14.208s] Compiling '/home/ub2004/ros2_ws/install/canopen_interfaces/local/lib/python3.10/dist-packages/canopen_interfaces/srv/_co_target_double.py'...
[14.208s] Compiling '/home/ub2004/ros2_ws/install/canopen_interfaces/local/lib/python3.10/dist-packages/canopen_interfaces/srv/_co_write.py'...
[14.208s] Compiling '/home/ub2004/ros2_ws/install/canopen_interfaces/local/lib/python3.10/dist-packages/canopen_interfaces/srv/_co_write_id.py'...
[14.213s] -- Installing: /home/ub2004/ros2_ws/install/canopen_interfaces/lib/libcanopen_interfaces__rosidl_generator_py.so
[14.214s] -- Set runtime path of "/home/ub2004/ros2_ws/install/canopen_interfaces/lib/libcanopen_interfaces__rosidl_generator_py.so" to ""
[14.214s] -- Installing: /home/ub2004/ros2_ws/install/canopen_interfaces/share/canopen_interfaces/cmake/export_canopen_interfaces__rosidl_generator_cExport.cmake
[14.214s] -- Installing: /home/ub2004/ros2_ws/install/canopen_interfaces/share/canopen_interfaces/cmake/export_canopen_interfaces__rosidl_generator_cExport-noconfig.cmake
[14.214s] -- Installing: /home/ub2004/ros2_ws/install/canopen_interfaces/share/canopen_interfaces/cmake/export_canopen_interfaces__rosidl_typesupport_fastrtps_cExport.cmake
[14.215s] -- Installing: /home/ub2004/ros2_ws/install/canopen_interfaces/share/canopen_interfaces/cmake/export_canopen_interfaces__rosidl_typesupport_fastrtps_cExport-noconfig.cmake
[14.215s] -- Installing: /home/ub2004/ros2_ws/install/canopen_interfaces/share/canopen_interfaces/cmake/canopen_interfaces__rosidl_typesupport_introspection_cExport.cmake
[14.215s] -- Installing: /home/ub2004/ros2_ws/install/canopen_interfaces/share/canopen_interfaces/cmake/canopen_interfaces__rosidl_typesupport_introspection_cExport-noconfig.cmake
[14.216s] -- Installing: /home/ub2004/ros2_ws/install/canopen_interfaces/share/canopen_interfaces/cmake/canopen_interfaces__rosidl_typesupport_cExport.cmake
[14.216s] -- Installing: /home/ub2004/ros2_ws/install/canopen_interfaces/share/canopen_interfaces/cmake/canopen_interfaces__rosidl_typesupport_cExport-noconfig.cmake
[14.216s] -- Installing: /home/ub2004/ros2_ws/install/canopen_interfaces/share/canopen_interfaces/cmake/export_canopen_interfaces__rosidl_generator_cppExport.cmake
[14.216s] -- Installing: /home/ub2004/ros2_ws/install/canopen_interfaces/share/canopen_interfaces/cmake/export_canopen_interfaces__rosidl_typesupport_fastrtps_cppExport.cmake
[14.216s] -- Installing: /home/ub2004/ros2_ws/install/canopen_interfaces/share/canopen_interfaces/cmake/export_canopen_interfaces__rosidl_typesupport_fastrtps_cppExport-noconfig.cmake
[14.217s] -- Installing: /home/ub2004/ros2_ws/install/canopen_interfaces/share/canopen_interfaces/cmake/canopen_interfaces__rosidl_typesupport_introspection_cppExport.cmake
[14.217s] -- Installing: /home/ub2004/ros2_ws/install/canopen_interfaces/share/canopen_interfaces/cmake/canopen_interfaces__rosidl_typesupport_introspection_cppExport-noconfig.cmake
[14.217s] -- Installing: /home/ub2004/ros2_ws/install/canopen_interfaces/share/canopen_interfaces/cmake/canopen_interfaces__rosidl_typesupport_cppExport.cmake
[14.217s] -- Installing: /home/ub2004/ros2_ws/install/canopen_interfaces/share/canopen_interfaces/cmake/canopen_interfaces__rosidl_typesupport_cppExport-noconfig.cmake
[14.217s] -- Installing: /home/ub2004/ros2_ws/install/canopen_interfaces/share/canopen_interfaces/cmake/export_canopen_interfaces__rosidl_generator_pyExport.cmake
[14.218s] -- Installing: /home/ub2004/ros2_ws/install/canopen_interfaces/share/canopen_interfaces/cmake/export_canopen_interfaces__rosidl_generator_pyExport-noconfig.cmake
[14.222s] Invoked command in '/home/ub2004/ros2_ws/build/canopen_interfaces' returned '0': CMAKE_PREFIX_PATH=${CMAKE_PREFIX_PATH}:/home/ub2004/ros2_ws/install/urdf_tutorial:/home/ub2004/ros2_ws/install/test_py:/home/ub2004/ros2_ws/install/canopen_utils:/home/ub2004/ros2_ws/install/can_comm:/home/ub2004/ros2_ws/install/agv_pak:/opt/ros/humble /usr/bin/cmake --install /home/ub2004/ros2_ws/build/canopen_interfaces
