[ 12%] [34m[1mPerforming update step for 'upstr_lely_core_libraries'[0m
[ 12%] Built target ament_cmake_python_copy_cogen_setup
[ 12%] Built target ament_cmake_python_copy_cogen
HEADμ ν„μ¬ μ„μΉλ” b63a0b6fμ…λ‹λ‹¤ co: fix co_time_of_day_set() to actually store the result
[ 25%] [34m[1mNo patch step for 'upstr_lely_core_libraries'[0m
[ 37%] [34m[1mPerforming configure step for 'upstr_lely_core_libraries'[0m
running install_scripts
running egg_info
writing cogen.egg-info/PKG-INFO
writing dependency_links to cogen.egg-info/dependency_links.txt
writing entry points to cogen.egg-info/entry_points.txt
writing top-level names to cogen.egg-info/top_level.txt
reading manifest file 'cogen.egg-info/SOURCES.txt'
writing manifest file 'cogen.egg-info/SOURCES.txt'
running egg_info
writing cogen.egg-info/PKG-INFO
writing dependency_links to cogen.egg-info/dependency_links.txt
writing entry points to cogen.egg-info/entry_points.txt
writing top-level names to cogen.egg-info/top_level.txt
reading manifest file 'cogen.egg-info/SOURCES.txt'
writing manifest file 'cogen.egg-info/SOURCES.txt'
Installing cogen script to scripts
[ 37%] Built target ament_cmake_python_build_cogen_egg
[ 37%] Built target ament_cmake_python_build_cogen_scripts
configure.ac ν¨μΉλ¥Ό ν™•μΈν•λ” μ¤‘μ…λ‹λ‹¤...
ν¨μΉ 1λ² λ¶€λ¶„ 577λ² μ¤„μ—μ„ μ„±κ³µ (μ¤ν”„μ…‹ 8λ² μ¤„)
python/dcf-tools/Makefile.am ν¨μΉλ¥Ό ν™•μΈν•λ” μ¤‘μ…λ‹λ‹¤...
configure.ac ν¨μΉ κΉ”λ”ν•κ² μ μ©.
python/dcf-tools/Makefile.am ν¨μΉ κΉ”λ”ν•κ² μ μ©.
/usr/lib/python3/dist-packages/setuptools/command/install.py:34: SetuptoolsDeprecationWarning: setup.py install is deprecated. Use build and pip and other standards-based tools.
  warnings.warn(
gmake[2]: *** [CMakeFiles/upstr_lely_core_libraries.dir/build.make:92: upstr_lely_core_libraries-prefix/src/upstr_lely_core_libraries-stamp/upstr_lely_core_libraries-configure] μΈν„°λ½νΈ
gmake[1]: *** [CMakeFiles/Makefile2:143: CMakeFiles/upstr_lely_core_libraries.dir/all] μΈν„°λ½νΈ
gmake: *** [Makefile:146: all] μΈν„°λ½νΈ
