[1.821s] Invoking command in '/home/ub2004/ros2_ws/src/urdf_tutorial': PYTHONPATH=/home/ub2004/ros2_ws/build/urdf_tutorial/prefix_override:/usr/lib/python3/dist-packages/colcon_core/task/python/colcon_distutils_commands:/home/ub2004/ros2_ws/install/urdf_tutorial/lib/python3.10/site-packages:${PYTHONPATH} /usr/bin/python3 -W ignore:setup.py install is deprecated -W ignore:easy_install command is deprecated setup.py egg_info --egg-base ../../build/urdf_tutorial build --build-base /home/ub2004/ros2_ws/build/urdf_tutorial/build install --record /home/ub2004/ros2_ws/build/urdf_tutorial/install.log --single-version-externally-managed install_data
[2.118s] running egg_info
[2.119s] writing ../../build/urdf_tutorial/urdf_tutorial.egg-info/PKG-INFO
[2.119s] writing dependency_links to ../../build/urdf_tutorial/urdf_tutorial.egg-info/dependency_links.txt
[2.119s] writing entry points to ../../build/urdf_tutorial/urdf_tutorial.egg-info/entry_points.txt
[2.119s] writing requirements to ../../build/urdf_tutorial/urdf_tutorial.egg-info/requires.txt
[2.119s] writing top-level names to ../../build/urdf_tutorial/urdf_tutorial.egg-info/top_level.txt
[2.122s] reading manifest file '../../build/urdf_tutorial/urdf_tutorial.egg-info/SOURCES.txt'
[2.123s] writing manifest file '../../build/urdf_tutorial/urdf_tutorial.egg-info/SOURCES.txt'
[2.124s] running build
[2.124s] running build_py
[2.125s] running install
[2.126s] running install_lib
[2.127s] running install_data
[2.128s] running install_egg_info
[2.130s] removing '/home/ub2004/ros2_ws/install/urdf_tutorial/lib/python3.10/site-packages/urdf_tutorial-0.0.0-py3.10.egg-info' (and everything under it)
[2.131s] Copying ../../build/urdf_tutorial/urdf_tutorial.egg-info to /home/ub2004/ros2_ws/install/urdf_tutorial/lib/python3.10/site-packages/urdf_tutorial-0.0.0-py3.10.egg-info
[2.132s] running install_scripts
[2.155s] writing list of installed files to '/home/ub2004/ros2_ws/build/urdf_tutorial/install.log'
[2.193s] Invoked command in '/home/ub2004/ros2_ws/src/urdf_tutorial' returned '0': PYTHONPATH=/home/ub2004/ros2_ws/build/urdf_tutorial/prefix_override:/usr/lib/python3/dist-packages/colcon_core/task/python/colcon_distutils_commands:/home/ub2004/ros2_ws/install/urdf_tutorial/lib/python3.10/site-packages:${PYTHONPATH} /usr/bin/python3 -W ignore:setup.py install is deprecated -W ignore:easy_install command is deprecated setup.py egg_info --egg-base ../../build/urdf_tutorial build --build-base /home/ub2004/ros2_ws/build/urdf_tutorial/build install --record /home/ub2004/ros2_ws/build/urdf_tutorial/install.log --single-version-externally-managed install_data
