[0.052s] Invoking command in '/home/ub2004/ros2_ws/src/build/canopen_base_driver': AMENT_PREFIX_PATH=/home/ub2004/ros2_ws/src/install/canopen_core:/home/ub2004/ros2_ws/src/install/lely_core_libraries:/home/ub2004/ros2_ws/src/install/canopen_interfaces:${AMENT_PREFIX_PATH} CMAKE_PREFIX_PATH=/home/ub2004/ros2_ws/src/install/canopen_core:/home/ub2004/ros2_ws/src/install/lely_core_libraries:/home/ub2004/ros2_ws/src/install/canopen_interfaces:/home/ub2004/ros2_ws/install/canopen_tests:/home/ub2004/ros2_ws/install/canopen_ros2_controllers:/home/ub2004/ros2_ws/install/canopen_ros2_control:/home/ub2004/ros2_ws/install/canopen:/home/ub2004/ros2_ws/install/canopen_402_driver:/home/ub2004/ros2_ws/install/canopen_proxy_driver:/home/ub2004/ros2_ws/install/canopen_master_driver:/home/ub2004/ros2_ws/install/canopen_fake_slaves:/home/ub2004/ros2_ws/install/canopen_base_driver:/home/ub2004/ros2_ws/install/canopen_core:/home/ub2004/ros2_ws/install/lely_core_libraries:/home/ub2004/ros2_ws/install/canopen_interfaces:/home/ub2004/ros2_ws/install/urdf_tutorial:/home/ub2004/ros2_ws/install/test_py:/home/ub2004/ros2_ws/install/canopen_utils:/home/ub2004/ros2_ws/install/can_comm:/home/ub2004/ros2_ws/install/agv_pak:/opt/ros/humble LD_LIBRARY_PATH=/home/ub2004/ros2_ws/src/install/canopen_core/lib:/home/ub2004/ros2_ws/src/install/lely_core_libraries/lib:/home/ub2004/ros2_ws/src/install/canopen_interfaces/lib:${LD_LIBRARY_PATH} PATH=/home/ub2004/ros2_ws/src/install/lely_core_libraries/bin:${PATH} PYTHONPATH=/home/ub2004/ros2_ws/src/install/lely_core_libraries/local/lib/python3.10/dist-packages:/home/ub2004/ros2_ws/src/install/lely_core_libraries/lib/python3.10/site-packages:/home/ub2004/ros2_ws/src/install/canopen_interfaces/local/lib/python3.10/dist-packages:${PYTHONPATH} /usr/bin/cmake /home/ub2004/ros2_ws/src/ros2_canopen/canopen_base_driver -DCMAKE_INSTALL_PREFIX=/home/ub2004/ros2_ws/src/install/canopen_base_driver
[0.205s] -- The C compiler identification is GNU 11.4.0
[0.285s] -- The CXX compiler identification is GNU 11.4.0
[0.305s] -- Detecting C compiler ABI info
[0.401s] -- Detecting C compiler ABI info - done
[0.409s] -- Check for working C compiler: /usr/bin/cc - skipped
[0.413s] -- Detecting C compile features
[0.414s] -- Detecting C compile features - done
[0.418s] -- Detecting CXX compiler ABI info
[0.516s] -- Detecting CXX compiler ABI info - done
[0.525s] -- Check for working CXX compiler: /usr/bin/c++ - skipped
[0.525s] -- Detecting CXX compile features
[0.526s] -- Detecting CXX compile features - done
[0.546s] -- Found ament_cmake: 1.3.11 (/opt/ros/humble/share/ament_cmake/cmake)
[0.796s] -- Found Python3: /usr/bin/python3 (found version "3.10.12") found components: Interpreter 
[0.977s] -- Found ament_cmake_ros: 0.10.0 (/opt/ros/humble/share/ament_cmake_ros/cmake)
[0.994s] -- Found canopen_core: 0.2.11 (/home/ub2004/ros2_ws/src/install/canopen_core/share/canopen_core/cmake)
[1.222s] -- Found Boost: /usr/lib/x86_64-linux-gnu/cmake/Boost-1.74.0/BoostConfig.cmake (found version "1.74.0") found components: system thread 
[1.305s] -- Found rosidl_generator_c: 3.1.6 (/opt/ros/humble/share/rosidl_generator_c/cmake)
[1.318s] -- Found rosidl_adapter: 3.1.6 (/opt/ros/humble/share/rosidl_adapter/cmake)
[1.336s] -- Found rosidl_generator_cpp: 3.1.6 (/opt/ros/humble/share/rosidl_generator_cpp/cmake)
[1.370s] -- Using all available rosidl_typesupport_c: rosidl_typesupport_fastrtps_c;rosidl_typesupport_introspection_c
[1.414s] -- Using all available rosidl_typesupport_cpp: rosidl_typesupport_fastrtps_cpp;rosidl_typesupport_introspection_cpp
[1.601s] -- Found rmw_implementation_cmake: 6.1.2 (/opt/ros/humble/share/rmw_implementation_cmake/cmake)
[1.608s] -- Found rmw_fastrtps_cpp: 6.2.7 (/opt/ros/humble/share/rmw_fastrtps_cpp/cmake)
[1.765s] -- Found OpenSSL: /usr/lib/x86_64-linux-gnu/libcrypto.so (found version "3.0.2")  
[1.812s] -- Found FastRTPS: /opt/ros/humble/include  
[1.862s] -- Using RMW implementation 'rmw_fastrtps_cpp' as default
[1.878s] -- Found Threads: TRUE  
[2.055s] -- Found std_srvs: 4.2.4 (/opt/ros/humble/share/std_srvs/cmake)
[2.081s] -- Found diagnostic_updater: 4.0.2 (/opt/ros/humble/share/diagnostic_updater/cmake)
[2.126s] -- node_canopen_base_driver: /home/ub2004/ros2_ws/src/install/lely_core_libraries/lib/liblely-can.so;/home/ub2004/ros2_ws/src/install/lely_core_libraries/lib/liblely-co.so;/home/ub2004/ros2_ws/src/install/lely_core_libraries/lib/liblely-coapp.so;/home/ub2004/ros2_ws/src/install/lely_core_libraries/lib/liblely-ev.so;/home/ub2004/ros2_ws/src/install/lely_core_libraries/lib/liblely-io2.so;/home/ub2004/ros2_ws/src/install/lely_core_libraries/lib/liblely-io.so;/home/ub2004/ros2_ws/src/install/lely_core_libraries/lib/liblely-libc.so;/home/ub2004/ros2_ws/src/install/lely_core_libraries/lib/liblely-tap.so;/home/ub2004/ros2_ws/src/install/lely_core_libraries/lib/liblely-util.so
[2.146s] -- Found gtest sources under '/opt/ros/humble/src/gtest_vendor': C++ tests using 'Google Test' will be built
[2.259s] -- Configuring done
[2.339s] -- Generating done
[2.360s] -- Build files have been written to: /home/ub2004/ros2_ws/src/build/canopen_base_driver
[2.376s] Invoked command in '/home/ub2004/ros2_ws/src/build/canopen_base_driver' returned '0': AMENT_PREFIX_PATH=/home/ub2004/ros2_ws/src/install/canopen_core:/home/ub2004/ros2_ws/src/install/lely_core_libraries:/home/ub2004/ros2_ws/src/install/canopen_interfaces:${AMENT_PREFIX_PATH} CMAKE_PREFIX_PATH=/home/ub2004/ros2_ws/src/install/canopen_core:/home/ub2004/ros2_ws/src/install/lely_core_libraries:/home/ub2004/ros2_ws/src/install/canopen_interfaces:/home/ub2004/ros2_ws/install/canopen_tests:/home/ub2004/ros2_ws/install/canopen_ros2_controllers:/home/ub2004/ros2_ws/install/canopen_ros2_control:/home/ub2004/ros2_ws/install/canopen:/home/ub2004/ros2_ws/install/canopen_402_driver:/home/ub2004/ros2_ws/install/canopen_proxy_driver:/home/ub2004/ros2_ws/install/canopen_master_driver:/home/ub2004/ros2_ws/install/canopen_fake_slaves:/home/ub2004/ros2_ws/install/canopen_base_driver:/home/ub2004/ros2_ws/install/canopen_core:/home/ub2004/ros2_ws/install/lely_core_libraries:/home/ub2004/ros2_ws/install/canopen_interfaces:/home/ub2004/ros2_ws/install/urdf_tutorial:/home/ub2004/ros2_ws/install/test_py:/home/ub2004/ros2_ws/install/canopen_utils:/home/ub2004/ros2_ws/install/can_comm:/home/ub2004/ros2_ws/install/agv_pak:/opt/ros/humble LD_LIBRARY_PATH=/home/ub2004/ros2_ws/src/install/canopen_core/lib:/home/ub2004/ros2_ws/src/install/lely_core_libraries/lib:/home/ub2004/ros2_ws/src/install/canopen_interfaces/lib:${LD_LIBRARY_PATH} PATH=/home/ub2004/ros2_ws/src/install/lely_core_libraries/bin:${PATH} PYTHONPATH=/home/ub2004/ros2_ws/src/install/lely_core_libraries/local/lib/python3.10/dist-packages:/home/ub2004/ros2_ws/src/install/lely_core_libraries/lib/python3.10/site-packages:/home/ub2004/ros2_ws/src/install/canopen_interfaces/local/lib/python3.10/dist-packages:${PYTHONPATH} /usr/bin/cmake /home/ub2004/ros2_ws/src/ros2_canopen/canopen_base_driver -DCMAKE_INSTALL_PREFIX=/home/ub2004/ros2_ws/src/install/canopen_base_driver
[2.378s] Invoking command in '/home/ub2004/ros2_ws/src/build/canopen_base_driver': AMENT_PREFIX_PATH=/home/ub2004/ros2_ws/src/install/canopen_core:/home/ub2004/ros2_ws/src/install/lely_core_libraries:/home/ub2004/ros2_ws/src/install/canopen_interfaces:${AMENT_PREFIX_PATH} CMAKE_PREFIX_PATH=/home/ub2004/ros2_ws/src/install/canopen_core:/home/ub2004/ros2_ws/src/install/lely_core_libraries:/home/ub2004/ros2_ws/src/install/canopen_interfaces:/home/ub2004/ros2_ws/install/canopen_tests:/home/ub2004/ros2_ws/install/canopen_ros2_controllers:/home/ub2004/ros2_ws/install/canopen_ros2_control:/home/ub2004/ros2_ws/install/canopen:/home/ub2004/ros2_ws/install/canopen_402_driver:/home/ub2004/ros2_ws/install/canopen_proxy_driver:/home/ub2004/ros2_ws/install/canopen_master_driver:/home/ub2004/ros2_ws/install/canopen_fake_slaves:/home/ub2004/ros2_ws/install/canopen_base_driver:/home/ub2004/ros2_ws/install/canopen_core:/home/ub2004/ros2_ws/install/lely_core_libraries:/home/ub2004/ros2_ws/install/canopen_interfaces:/home/ub2004/ros2_ws/install/urdf_tutorial:/home/ub2004/ros2_ws/install/test_py:/home/ub2004/ros2_ws/install/canopen_utils:/home/ub2004/ros2_ws/install/can_comm:/home/ub2004/ros2_ws/install/agv_pak:/opt/ros/humble LD_LIBRARY_PATH=/home/ub2004/ros2_ws/src/install/canopen_core/lib:/home/ub2004/ros2_ws/src/install/lely_core_libraries/lib:/home/ub2004/ros2_ws/src/install/canopen_interfaces/lib:${LD_LIBRARY_PATH} PATH=/home/ub2004/ros2_ws/src/install/lely_core_libraries/bin:${PATH} PYTHONPATH=/home/ub2004/ros2_ws/src/install/lely_core_libraries/local/lib/python3.10/dist-packages:/home/ub2004/ros2_ws/src/install/lely_core_libraries/lib/python3.10/site-packages:/home/ub2004/ros2_ws/src/install/canopen_interfaces/local/lib/python3.10/dist-packages:${PYTHONPATH} /usr/bin/cmake --build /home/ub2004/ros2_ws/src/build/canopen_base_driver -- -j8 -l8
[2.454s] [  6%] [32mBuilding CXX object CMakeFiles/lely_driver_bridge.dir/src/lely_driver_bridge.cpp.o[0m
[2.455s] [ 18%] [32mBuilding CXX object gtest/CMakeFiles/gtest.dir/src/gtest-all.cc.o[0m
[2.456s] [ 18%] [32mBuilding CXX object gtest/CMakeFiles/gtest_main.dir/src/gtest_main.cc.o[0m
[3.762s] [ 25%] [32m[1mLinking CXX static library libgtest_main.a[0m
[3.821s] [ 25%] Built target gtest_main
[6.780s] [ 31%] [32m[1mLinking CXX static library libgtest.a[0m
[6.858s] [ 31%] Built target gtest
[6.890s] [ 37%] [32mBuilding CXX object test/CMakeFiles/test_base_driver_component.dir/test_base_driver_component.cpp.o[0m
[10.034s] [ 43%] [32m[1mLinking CXX shared library liblely_driver_bridge.so[0m
[10.276s] [ 43%] Built target lely_driver_bridge
[10.304s] [ 50%] [32mBuilding CXX object CMakeFiles/node_canopen_base_driver.dir/src/node_interfaces/node_canopen_base_driver.cpp.o[0m
[14.727s] [ 56%] [32m[1mLinking CXX executable test_base_driver_component[0m
[15.040s] [ 56%] Built target test_base_driver_component
[21.619s] [ 62%] [32m[1mLinking CXX shared library libnode_canopen_base_driver.so[0m
[22.217s] [ 62%] Built target node_canopen_base_driver
[22.245s] [ 68%] [32mBuilding CXX object CMakeFiles/base_driver.dir/src/base_driver.cpp.o[0m
[22.249s] [ 75%] [32mBuilding CXX object test/CMakeFiles/test_node_canopen_base_driver_ros.dir/test_node_canopen_base_driver_ros.cpp.o[0m
[22.253s] [ 81%] [32mBuilding CXX object CMakeFiles/lifecycle_base_driver.dir/src/lifecycle_base_driver.cpp.o[0m
[30.930s] [ 87%] [32m[1mLinking CXX shared library libbase_driver.so[0m
[31.385s] [ 87%] Built target base_driver
[32.097s] [ 93%] [32m[1mLinking CXX executable test_node_canopen_base_driver_ros[0m
[32.325s] [100%] [32m[1mLinking CXX shared library liblifecycle_base_driver.so[0m
[32.725s] [100%] Built target test_node_canopen_base_driver_ros
[32.801s] [100%] Built target lifecycle_base_driver
[32.818s] Invoked command in '/home/ub2004/ros2_ws/src/build/canopen_base_driver' returned '0': AMENT_PREFIX_PATH=/home/ub2004/ros2_ws/src/install/canopen_core:/home/ub2004/ros2_ws/src/install/lely_core_libraries:/home/ub2004/ros2_ws/src/install/canopen_interfaces:${AMENT_PREFIX_PATH} CMAKE_PREFIX_PATH=/home/ub2004/ros2_ws/src/install/canopen_core:/home/ub2004/ros2_ws/src/install/lely_core_libraries:/home/ub2004/ros2_ws/src/install/canopen_interfaces:/home/ub2004/ros2_ws/install/canopen_tests:/home/ub2004/ros2_ws/install/canopen_ros2_controllers:/home/ub2004/ros2_ws/install/canopen_ros2_control:/home/ub2004/ros2_ws/install/canopen:/home/ub2004/ros2_ws/install/canopen_402_driver:/home/ub2004/ros2_ws/install/canopen_proxy_driver:/home/ub2004/ros2_ws/install/canopen_master_driver:/home/ub2004/ros2_ws/install/canopen_fake_slaves:/home/ub2004/ros2_ws/install/canopen_base_driver:/home/ub2004/ros2_ws/install/canopen_core:/home/ub2004/ros2_ws/install/lely_core_libraries:/home/ub2004/ros2_ws/install/canopen_interfaces:/home/ub2004/ros2_ws/install/urdf_tutorial:/home/ub2004/ros2_ws/install/test_py:/home/ub2004/ros2_ws/install/canopen_utils:/home/ub2004/ros2_ws/install/can_comm:/home/ub2004/ros2_ws/install/agv_pak:/opt/ros/humble LD_LIBRARY_PATH=/home/ub2004/ros2_ws/src/install/canopen_core/lib:/home/ub2004/ros2_ws/src/install/lely_core_libraries/lib:/home/ub2004/ros2_ws/src/install/canopen_interfaces/lib:${LD_LIBRARY_PATH} PATH=/home/ub2004/ros2_ws/src/install/lely_core_libraries/bin:${PATH} PYTHONPATH=/home/ub2004/ros2_ws/src/install/lely_core_libraries/local/lib/python3.10/dist-packages:/home/ub2004/ros2_ws/src/install/lely_core_libraries/lib/python3.10/site-packages:/home/ub2004/ros2_ws/src/install/canopen_interfaces/local/lib/python3.10/dist-packages:${PYTHONPATH} /usr/bin/cmake --build /home/ub2004/ros2_ws/src/build/canopen_base_driver -- -j8 -l8
[32.820s] Invoking command in '/home/ub2004/ros2_ws/src/build/canopen_base_driver': AMENT_PREFIX_PATH=/home/ub2004/ros2_ws/src/install/canopen_core:/home/ub2004/ros2_ws/src/install/lely_core_libraries:/home/ub2004/ros2_ws/src/install/canopen_interfaces:${AMENT_PREFIX_PATH} CMAKE_PREFIX_PATH=/home/ub2004/ros2_ws/src/install/canopen_core:/home/ub2004/ros2_ws/src/install/lely_core_libraries:/home/ub2004/ros2_ws/src/install/canopen_interfaces:/home/ub2004/ros2_ws/install/canopen_tests:/home/ub2004/ros2_ws/install/canopen_ros2_controllers:/home/ub2004/ros2_ws/install/canopen_ros2_control:/home/ub2004/ros2_ws/install/canopen:/home/ub2004/ros2_ws/install/canopen_402_driver:/home/ub2004/ros2_ws/install/canopen_proxy_driver:/home/ub2004/ros2_ws/install/canopen_master_driver:/home/ub2004/ros2_ws/install/canopen_fake_slaves:/home/ub2004/ros2_ws/install/canopen_base_driver:/home/ub2004/ros2_ws/install/canopen_core:/home/ub2004/ros2_ws/install/lely_core_libraries:/home/ub2004/ros2_ws/install/canopen_interfaces:/home/ub2004/ros2_ws/install/urdf_tutorial:/home/ub2004/ros2_ws/install/test_py:/home/ub2004/ros2_ws/install/canopen_utils:/home/ub2004/ros2_ws/install/can_comm:/home/ub2004/ros2_ws/install/agv_pak:/opt/ros/humble LD_LIBRARY_PATH=/home/ub2004/ros2_ws/src/install/canopen_core/lib:/home/ub2004/ros2_ws/src/install/lely_core_libraries/lib:/home/ub2004/ros2_ws/src/install/canopen_interfaces/lib:${LD_LIBRARY_PATH} PATH=/home/ub2004/ros2_ws/src/install/lely_core_libraries/bin:${PATH} PYTHONPATH=/home/ub2004/ros2_ws/src/install/lely_core_libraries/local/lib/python3.10/dist-packages:/home/ub2004/ros2_ws/src/install/lely_core_libraries/lib/python3.10/site-packages:/home/ub2004/ros2_ws/src/install/canopen_interfaces/local/lib/python3.10/dist-packages:${PYTHONPATH} /usr/bin/cmake --install /home/ub2004/ros2_ws/src/build/canopen_base_driver
[32.832s] -- Install configuration: ""
[32.832s] -- Installing: /home/ub2004/ros2_ws/src/install/canopen_base_driver/include
[32.832s] -- Installing: /home/ub2004/ros2_ws/src/install/canopen_base_driver/include/canopen_base_driver
[32.833s] -- Installing: /home/ub2004/ros2_ws/src/install/canopen_base_driver/include/canopen_base_driver/lely_driver_bridge.hpp
[32.833s] -- Installing: /home/ub2004/ros2_ws/src/install/canopen_base_driver/include/canopen_base_driver/node_interfaces
[32.833s] -- Installing: /home/ub2004/ros2_ws/src/install/canopen_base_driver/include/canopen_base_driver/node_interfaces/node_canopen_base_driver_impl.hpp
[32.833s] -- Installing: /home/ub2004/ros2_ws/src/install/canopen_base_driver/include/canopen_base_driver/node_interfaces/node_canopen_base_driver.hpp
[32.833s] -- Installing: /home/ub2004/ros2_ws/src/install/canopen_base_driver/include/canopen_base_driver/base_driver.hpp
[32.833s] -- Installing: /home/ub2004/ros2_ws/src/install/canopen_base_driver/include/canopen_base_driver/lifecycle_base_driver.hpp
[32.833s] -- Installing: /home/ub2004/ros2_ws/src/install/canopen_base_driver/include/canopen_base_driver/visibility_control.h
[32.834s] -- Installing: /home/ub2004/ros2_ws/src/install/canopen_base_driver/include/canopen_base_driver/diagnostic_collector.hpp
[32.834s] -- Installing: /home/ub2004/ros2_ws/src/install/canopen_base_driver/lib/liblifecycle_base_driver.so
[32.835s] -- Set runtime path of "/home/ub2004/ros2_ws/src/install/canopen_base_driver/lib/liblifecycle_base_driver.so" to ""
[32.835s] -- Installing: /home/ub2004/ros2_ws/src/install/canopen_base_driver/lib/libbase_driver.so
[32.837s] -- Set runtime path of "/home/ub2004/ros2_ws/src/install/canopen_base_driver/lib/libbase_driver.so" to ""
[32.837s] -- Installing: /home/ub2004/ros2_ws/src/install/canopen_base_driver/lib/libnode_canopen_base_driver.so
[32.841s] -- Set runtime path of "/home/ub2004/ros2_ws/src/install/canopen_base_driver/lib/libnode_canopen_base_driver.so" to ""
[32.842s] -- Installing: /home/ub2004/ros2_ws/src/install/canopen_base_driver/lib/liblely_driver_bridge.so
[32.843s] -- Set runtime path of "/home/ub2004/ros2_ws/src/install/canopen_base_driver/lib/liblely_driver_bridge.so" to ""
[32.843s] -- Installing: /home/ub2004/ros2_ws/src/install/canopen_base_driver/share/canopen_base_driver/environment/library_path.sh
[32.844s] -- Installing: /home/ub2004/ros2_ws/src/install/canopen_base_driver/share/canopen_base_driver/environment/library_path.dsv
[32.844s] -- Installing: /home/ub2004/ros2_ws/src/install/canopen_base_driver/share/ament_index/resource_index/package_run_dependencies/canopen_base_driver
[32.844s] -- Installing: /home/ub2004/ros2_ws/src/install/canopen_base_driver/share/ament_index/resource_index/parent_prefix_path/canopen_base_driver
[32.844s] -- Installing: /home/ub2004/ros2_ws/src/install/canopen_base_driver/share/canopen_base_driver/environment/ament_prefix_path.sh
[32.845s] -- Installing: /home/ub2004/ros2_ws/src/install/canopen_base_driver/share/canopen_base_driver/environment/ament_prefix_path.dsv
[32.845s] -- Installing: /home/ub2004/ros2_ws/src/install/canopen_base_driver/share/canopen_base_driver/environment/path.sh
[32.845s] -- Installing: /home/ub2004/ros2_ws/src/install/canopen_base_driver/share/canopen_base_driver/environment/path.dsv
[32.845s] -- Installing: /home/ub2004/ros2_ws/src/install/canopen_base_driver/share/canopen_base_driver/local_setup.bash
[32.845s] -- Installing: /home/ub2004/ros2_ws/src/install/canopen_base_driver/share/canopen_base_driver/local_setup.sh
[32.845s] -- Installing: /home/ub2004/ros2_ws/src/install/canopen_base_driver/share/canopen_base_driver/local_setup.zsh
[32.846s] -- Installing: /home/ub2004/ros2_ws/src/install/canopen_base_driver/share/canopen_base_driver/local_setup.dsv
[32.846s] -- Installing: /home/ub2004/ros2_ws/src/install/canopen_base_driver/share/canopen_base_driver/package.dsv
[32.846s] -- Installing: /home/ub2004/ros2_ws/src/install/canopen_base_driver/share/ament_index/resource_index/packages/canopen_base_driver
[32.846s] -- Installing: /home/ub2004/ros2_ws/src/install/canopen_base_driver/share/ament_index/resource_index/rclcpp_components/canopen_base_driver
[32.846s] -- Installing: /home/ub2004/ros2_ws/src/install/canopen_base_driver/share/canopen_base_driver/cmake/export_canopen_base_driverExport.cmake
[32.847s] -- Installing: /home/ub2004/ros2_ws/src/install/canopen_base_driver/share/canopen_base_driver/cmake/export_canopen_base_driverExport-noconfig.cmake
[32.847s] -- Installing: /home/ub2004/ros2_ws/src/install/canopen_base_driver/share/canopen_base_driver/cmake/ament_cmake_export_include_directories-extras.cmake
[32.847s] -- Installing: /home/ub2004/ros2_ws/src/install/canopen_base_driver/share/canopen_base_driver/cmake/ament_cmake_export_libraries-extras.cmake
[32.847s] -- Installing: /home/ub2004/ros2_ws/src/install/canopen_base_driver/share/canopen_base_driver/cmake/ament_cmake_export_targets-extras.cmake
[32.847s] -- Installing: /home/ub2004/ros2_ws/src/install/canopen_base_driver/share/canopen_base_driver/cmake/ament_cmake_export_dependencies-extras.cmake
[32.848s] -- Installing: /home/ub2004/ros2_ws/src/install/canopen_base_driver/share/canopen_base_driver/cmake/canopen_base_driverConfig.cmake
[32.848s] -- Installing: /home/ub2004/ros2_ws/src/install/canopen_base_driver/share/canopen_base_driver/cmake/canopen_base_driverConfig-version.cmake
[32.848s] -- Installing: /home/ub2004/ros2_ws/src/install/canopen_base_driver/share/canopen_base_driver/package.xml
[32.852s] Invoked command in '/home/ub2004/ros2_ws/src/build/canopen_base_driver' returned '0': AMENT_PREFIX_PATH=/home/ub2004/ros2_ws/src/install/canopen_core:/home/ub2004/ros2_ws/src/install/lely_core_libraries:/home/ub2004/ros2_ws/src/install/canopen_interfaces:${AMENT_PREFIX_PATH} CMAKE_PREFIX_PATH=/home/ub2004/ros2_ws/src/install/canopen_core:/home/ub2004/ros2_ws/src/install/lely_core_libraries:/home/ub2004/ros2_ws/src/install/canopen_interfaces:/home/ub2004/ros2_ws/install/canopen_tests:/home/ub2004/ros2_ws/install/canopen_ros2_controllers:/home/ub2004/ros2_ws/install/canopen_ros2_control:/home/ub2004/ros2_ws/install/canopen:/home/ub2004/ros2_ws/install/canopen_402_driver:/home/ub2004/ros2_ws/install/canopen_proxy_driver:/home/ub2004/ros2_ws/install/canopen_master_driver:/home/ub2004/ros2_ws/install/canopen_fake_slaves:/home/ub2004/ros2_ws/install/canopen_base_driver:/home/ub2004/ros2_ws/install/canopen_core:/home/ub2004/ros2_ws/install/lely_core_libraries:/home/ub2004/ros2_ws/install/canopen_interfaces:/home/ub2004/ros2_ws/install/urdf_tutorial:/home/ub2004/ros2_ws/install/test_py:/home/ub2004/ros2_ws/install/canopen_utils:/home/ub2004/ros2_ws/install/can_comm:/home/ub2004/ros2_ws/install/agv_pak:/opt/ros/humble LD_LIBRARY_PATH=/home/ub2004/ros2_ws/src/install/canopen_core/lib:/home/ub2004/ros2_ws/src/install/lely_core_libraries/lib:/home/ub2004/ros2_ws/src/install/canopen_interfaces/lib:${LD_LIBRARY_PATH} PATH=/home/ub2004/ros2_ws/src/install/lely_core_libraries/bin:${PATH} PYTHONPATH=/home/ub2004/ros2_ws/src/install/lely_core_libraries/local/lib/python3.10/dist-packages:/home/ub2004/ros2_ws/src/install/lely_core_libraries/lib/python3.10/site-packages:/home/ub2004/ros2_ws/src/install/canopen_interfaces/local/lib/python3.10/dist-packages:${PYTHONPATH} /usr/bin/cmake --install /home/ub2004/ros2_ws/src/build/canopen_base_driver
