[2.184s] Invoking command in '/home/ub2004/ros2_ws/src/can_comm': PYTHONPATH=/home/ub2004/ros2_ws/src/build/can_comm/prefix_override:/usr/lib/python3/dist-packages/colcon_core/task/python/colcon_distutils_commands:/home/ub2004/ros2_ws/src/install/can_comm/lib/python3.10/site-packages:${PYTHONPATH} /usr/bin/python3 -W ignore:setup.py install is deprecated -W ignore:easy_install command is deprecated setup.py egg_info --egg-base ../build/can_comm build --build-base /home/ub2004/ros2_ws/src/build/can_comm/build install --record /home/ub2004/ros2_ws/src/build/can_comm/install.log --single-version-externally-managed install_data
[2.768s] running egg_info
[2.769s] creating ../build/can_comm/can_comm.egg-info
[2.769s] writing ../build/can_comm/can_comm.egg-info/PKG-INFO
[2.769s] writing dependency_links to ../build/can_comm/can_comm.egg-info/dependency_links.txt
[2.769s] writing entry points to ../build/can_comm/can_comm.egg-info/entry_points.txt
[2.770s] writing requirements to ../build/can_comm/can_comm.egg-info/requires.txt
[2.770s] writing top-level names to ../build/can_comm/can_comm.egg-info/top_level.txt
[2.770s] writing manifest file '../build/can_comm/can_comm.egg-info/SOURCES.txt'
[2.773s] reading manifest file '../build/can_comm/can_comm.egg-info/SOURCES.txt'
[2.773s] writing manifest file '../build/can_comm/can_comm.egg-info/SOURCES.txt'
[2.774s] running build
[2.774s] running build_py
[2.775s] creating /home/ub2004/ros2_ws/src/build/can_comm/build
[2.775s] creating /home/ub2004/ros2_ws/src/build/can_comm/build/lib
[2.775s] creating /home/ub2004/ros2_ws/src/build/can_comm/build/lib/can_comm
[2.776s] copying can_comm/can_velocity_node.py -> /home/ub2004/ros2_ws/src/build/can_comm/build/lib/can_comm
[2.776s] copying can_comm/can_publisher.py -> /home/ub2004/ros2_ws/src/build/can_comm/build/lib/can_comm
[2.776s] copying can_comm/joystick_node.py -> /home/ub2004/ros2_ws/src/build/can_comm/build/lib/can_comm
[2.776s] copying can_comm/__init__.py -> /home/ub2004/ros2_ws/src/build/can_comm/build/lib/can_comm
[2.776s] running install
[2.777s] running install_lib
[2.778s] creating /home/ub2004/ros2_ws/src/install/can_comm/lib/python3.10/site-packages/can_comm
[2.778s] copying /home/ub2004/ros2_ws/src/build/can_comm/build/lib/can_comm/can_velocity_node.py -> /home/ub2004/ros2_ws/src/install/can_comm/lib/python3.10/site-packages/can_comm
[2.778s] copying /home/ub2004/ros2_ws/src/build/can_comm/build/lib/can_comm/can_publisher.py -> /home/ub2004/ros2_ws/src/install/can_comm/lib/python3.10/site-packages/can_comm
[2.778s] copying /home/ub2004/ros2_ws/src/build/can_comm/build/lib/can_comm/joystick_node.py -> /home/ub2004/ros2_ws/src/install/can_comm/lib/python3.10/site-packages/can_comm
[2.779s] copying /home/ub2004/ros2_ws/src/build/can_comm/build/lib/can_comm/__init__.py -> /home/ub2004/ros2_ws/src/install/can_comm/lib/python3.10/site-packages/can_comm
[2.780s] byte-compiling /home/ub2004/ros2_ws/src/install/can_comm/lib/python3.10/site-packages/can_comm/can_velocity_node.py to can_velocity_node.cpython-310.pyc
[2.781s] byte-compiling /home/ub2004/ros2_ws/src/install/can_comm/lib/python3.10/site-packages/can_comm/can_publisher.py to can_publisher.cpython-310.pyc
[2.783s] byte-compiling /home/ub2004/ros2_ws/src/install/can_comm/lib/python3.10/site-packages/can_comm/joystick_node.py to joystick_node.cpython-310.pyc
[2.785s] byte-compiling /home/ub2004/ros2_ws/src/install/can_comm/lib/python3.10/site-packages/can_comm/__init__.py to __init__.cpython-310.pyc
[2.785s] running install_data
[2.785s] creating /home/ub2004/ros2_ws/src/install/can_comm/share/ament_index
[2.785s] creating /home/ub2004/ros2_ws/src/install/can_comm/share/ament_index/resource_index
[2.785s] creating /home/ub2004/ros2_ws/src/install/can_comm/share/ament_index/resource_index/packages
[2.785s] copying resource/can_comm -> /home/ub2004/ros2_ws/src/install/can_comm/share/ament_index/resource_index/packages
[2.786s] copying package.xml -> /home/ub2004/ros2_ws/src/install/can_comm/share/can_comm
[2.786s] creating /home/ub2004/ros2_ws/src/install/can_comm/share/can_comm/launch
[2.786s] copying launch/agv.launch.py -> /home/ub2004/ros2_ws/src/install/can_comm/share/can_comm/launch
[2.786s] running install_egg_info
[2.789s] Copying ../build/can_comm/can_comm.egg-info to /home/ub2004/ros2_ws/src/install/can_comm/lib/python3.10/site-packages/can_comm-0.0.0-py3.10.egg-info
[2.790s] running install_scripts
[2.814s] Installing can_publisher script to /home/ub2004/ros2_ws/src/install/can_comm/lib/can_comm
[2.814s] Installing can_velocity script to /home/ub2004/ros2_ws/src/install/can_comm/lib/can_comm
[2.814s] Installing joystick_node script to /home/ub2004/ros2_ws/src/install/can_comm/lib/can_comm
[2.814s] writing list of installed files to '/home/ub2004/ros2_ws/src/build/can_comm/install.log'
[2.861s] Invoked command in '/home/ub2004/ros2_ws/src/can_comm' returned '0': PYTHONPATH=/home/ub2004/ros2_ws/src/build/can_comm/prefix_override:/usr/lib/python3/dist-packages/colcon_core/task/python/colcon_distutils_commands:/home/ub2004/ros2_ws/src/install/can_comm/lib/python3.10/site-packages:${PYTHONPATH} /usr/bin/python3 -W ignore:setup.py install is deprecated -W ignore:easy_install command is deprecated setup.py egg_info --egg-base ../build/can_comm build --build-base /home/ub2004/ros2_ws/src/build/can_comm/build install --record /home/ub2004/ros2_ws/src/build/can_comm/install.log --single-version-externally-managed install_data
