[1.718s] Invoking command in '/home/ub2004/ros2_ws/build/urdf_tutorial': PYTHONPATH=/home/ub2004/ros2_ws/build/urdf_tutorial/prefix_override:/usr/lib/python3/dist-packages/colcon_core/task/python/colcon_distutils_commands:/home/ub2004/ros2_ws/install/urdf_tutorial/lib/python3.10/site-packages:${PYTHONPATH} /usr/bin/python3 -W ignore:setup.py install is deprecated -W ignore:easy_install command is deprecated setup.py develop --editable --build-directory /home/ub2004/ros2_ws/build/urdf_tutorial/build --no-deps symlink_data
[2.032s] running develop
[2.224s] running egg_info
[2.224s] creating urdf_tutorial.egg-info
[2.224s] writing urdf_tutorial.egg-info/PKG-INFO
[2.224s] writing dependency_links to urdf_tutorial.egg-info/dependency_links.txt
[2.225s] writing entry points to urdf_tutorial.egg-info/entry_points.txt
[2.225s] writing requirements to urdf_tutorial.egg-info/requires.txt
[2.225s] writing top-level names to urdf_tutorial.egg-info/top_level.txt
[2.225s] writing manifest file 'urdf_tutorial.egg-info/SOURCES.txt'
[2.227s] reading manifest file 'urdf_tutorial.egg-info/SOURCES.txt'
[2.228s] writing manifest file 'urdf_tutorial.egg-info/SOURCES.txt'
[2.229s] running build_ext
[2.229s] Creating /home/ub2004/ros2_ws/install/urdf_tutorial/lib/python3.10/site-packages/urdf-tutorial.egg-link (link to .)
[2.230s] 
[2.231s] Installed /home/ub2004/ros2_ws/build/urdf_tutorial
[2.231s] running symlink_data
[2.231s] creating /home/ub2004/ros2_ws/install/urdf_tutorial/share/ament_index
[2.231s] creating /home/ub2004/ros2_ws/install/urdf_tutorial/share/ament_index/resource_index
[2.231s] creating /home/ub2004/ros2_ws/install/urdf_tutorial/share/ament_index/resource_index/packages
[2.231s] symbolically linking /home/ub2004/ros2_ws/build/urdf_tutorial/resource/urdf_tutorial -> /home/ub2004/ros2_ws/install/urdf_tutorial/share/ament_index/resource_index/packages
[2.231s] symbolically linking /home/ub2004/ros2_ws/build/urdf_tutorial/package.xml -> /home/ub2004/ros2_ws/install/urdf_tutorial/share/urdf_tutorial
[2.232s] creating /home/ub2004/ros2_ws/install/urdf_tutorial/share/urdf_tutorial/launch
[2.232s] symbolically linking /home/ub2004/ros2_ws/build/urdf_tutorial/launch/robot.launch.py -> /home/ub2004/ros2_ws/install/urdf_tutorial/share/urdf_tutorial/launch
[2.232s] creating /home/ub2004/ros2_ws/install/urdf_tutorial/share/urdf_tutorial/urdf
[2.232s] symbolically linking /home/ub2004/ros2_ws/build/urdf_tutorial/urdf/robot.xacro -> /home/ub2004/ros2_ws/install/urdf_tutorial/share/urdf_tutorial/urdf
[2.268s] Invoked command in '/home/ub2004/ros2_ws/build/urdf_tutorial' returned '0': PYTHONPATH=/home/ub2004/ros2_ws/build/urdf_tutorial/prefix_override:/usr/lib/python3/dist-packages/colcon_core/task/python/colcon_distutils_commands:/home/ub2004/ros2_ws/install/urdf_tutorial/lib/python3.10/site-packages:${PYTHONPATH} /usr/bin/python3 -W ignore:setup.py install is deprecated -W ignore:easy_install command is deprecated setup.py develop --editable --build-directory /home/ub2004/ros2_ws/build/urdf_tutorial/build --no-deps symlink_data
