[0.056s] Invoking command in '/home/ub2004/ros2_ws/build/slam_gmapping': CMAKE_PREFIX_PATH=/home/ub2004/ros2_ws/install/openslam_gmapping:/home/ub2004/ros2_ws/install/slam_gmapping:/home/ub2004/ros2_ws/install/canopen_tests:/home/ub2004/ros2_ws/install/canopen_ros2_controllers:/home/ub2004/ros2_ws/install/canopen_ros2_control:/home/ub2004/ros2_ws/install/canopen:/home/ub2004/ros2_ws/install/canopen_402_driver:/home/ub2004/ros2_ws/install/canopen_proxy_driver:/home/ub2004/ros2_ws/install/canopen_master_driver:/home/ub2004/ros2_ws/install/canopen_fake_slaves:/home/ub2004/ros2_ws/install/canopen_base_driver:/home/ub2004/ros2_ws/install/canopen_core:/home/ub2004/ros2_ws/install/lely_core_libraries:/home/ub2004/ros2_ws/install/canopen_interfaces:/home/ub2004/ros2_ws/install/urdf_tutorial:/home/ub2004/ros2_ws/install/canopen_utils:/home/ub2004/ros2_ws/install/can_comm:/home/ub2004/ros2_ws/install/agv_pak:/opt/ros/humble /usr/bin/cmake --build /home/ub2004/ros2_ws/build/slam_gmapping -- -j8 -l8
[0.123s] [35m[1mConsolidate compiler generated dependencies of target slam_gmapping[0m
[0.166s] [100%] Built target slam_gmapping
[0.578s] Invoked command in '/home/ub2004/ros2_ws/build/slam_gmapping' returned '0': CMAKE_PREFIX_PATH=/home/ub2004/ros2_ws/install/openslam_gmapping:/home/ub2004/ros2_ws/install/slam_gmapping:/home/ub2004/ros2_ws/install/canopen_tests:/home/ub2004/ros2_ws/install/canopen_ros2_controllers:/home/ub2004/ros2_ws/install/canopen_ros2_control:/home/ub2004/ros2_ws/install/canopen:/home/ub2004/ros2_ws/install/canopen_402_driver:/home/ub2004/ros2_ws/install/canopen_proxy_driver:/home/ub2004/ros2_ws/install/canopen_master_driver:/home/ub2004/ros2_ws/install/canopen_fake_slaves:/home/ub2004/ros2_ws/install/canopen_base_driver:/home/ub2004/ros2_ws/install/canopen_core:/home/ub2004/ros2_ws/install/lely_core_libraries:/home/ub2004/ros2_ws/install/canopen_interfaces:/home/ub2004/ros2_ws/install/urdf_tutorial:/home/ub2004/ros2_ws/install/canopen_utils:/home/ub2004/ros2_ws/install/can_comm:/home/ub2004/ros2_ws/install/agv_pak:/opt/ros/humble /usr/bin/cmake --build /home/ub2004/ros2_ws/build/slam_gmapping -- -j8 -l8
[0.580s] Invoking command in '/home/ub2004/ros2_ws/build/slam_gmapping': CMAKE_PREFIX_PATH=/home/ub2004/ros2_ws/install/openslam_gmapping:/home/ub2004/ros2_ws/install/slam_gmapping:/home/ub2004/ros2_ws/install/canopen_tests:/home/ub2004/ros2_ws/install/canopen_ros2_controllers:/home/ub2004/ros2_ws/install/canopen_ros2_control:/home/ub2004/ros2_ws/install/canopen:/home/ub2004/ros2_ws/install/canopen_402_driver:/home/ub2004/ros2_ws/install/canopen_proxy_driver:/home/ub2004/ros2_ws/install/canopen_master_driver:/home/ub2004/ros2_ws/install/canopen_fake_slaves:/home/ub2004/ros2_ws/install/canopen_base_driver:/home/ub2004/ros2_ws/install/canopen_core:/home/ub2004/ros2_ws/install/lely_core_libraries:/home/ub2004/ros2_ws/install/canopen_interfaces:/home/ub2004/ros2_ws/install/urdf_tutorial:/home/ub2004/ros2_ws/install/canopen_utils:/home/ub2004/ros2_ws/install/can_comm:/home/ub2004/ros2_ws/install/agv_pak:/opt/ros/humble /usr/bin/cmake --install /home/ub2004/ros2_ws/build/slam_gmapping
[0.590s] -- Install configuration: ""
[0.591s] -- Up-to-date: /home/ub2004/ros2_ws/install/slam_gmapping/lib/slam_gmapping/slam_gmapping
[0.592s] -- Up-to-date: /home/ub2004/ros2_ws/install/slam_gmapping/share/slam_gmapping/launch
[0.592s] -- Up-to-date: /home/ub2004/ros2_ws/install/slam_gmapping/share/slam_gmapping/launch/slam_gmapping.launch.py
[0.592s] -- Up-to-date: /home/ub2004/ros2_ws/install/slam_gmapping/share/ament_index/resource_index/package_run_dependencies/slam_gmapping
[0.592s] -- Up-to-date: /home/ub2004/ros2_ws/install/slam_gmapping/share/ament_index/resource_index/parent_prefix_path/slam_gmapping
[0.592s] -- Up-to-date: /home/ub2004/ros2_ws/install/slam_gmapping/share/slam_gmapping/environment/ament_prefix_path.sh
[0.593s] -- Up-to-date: /home/ub2004/ros2_ws/install/slam_gmapping/share/slam_gmapping/environment/ament_prefix_path.dsv
[0.593s] -- Up-to-date: /home/ub2004/ros2_ws/install/slam_gmapping/share/slam_gmapping/environment/path.sh
[0.593s] -- Up-to-date: /home/ub2004/ros2_ws/install/slam_gmapping/share/slam_gmapping/environment/path.dsv
[0.593s] -- Up-to-date: /home/ub2004/ros2_ws/install/slam_gmapping/share/slam_gmapping/local_setup.bash
[0.593s] -- Up-to-date: /home/ub2004/ros2_ws/install/slam_gmapping/share/slam_gmapping/local_setup.sh
[0.593s] -- Up-to-date: /home/ub2004/ros2_ws/install/slam_gmapping/share/slam_gmapping/local_setup.zsh
[0.593s] -- Up-to-date: /home/ub2004/ros2_ws/install/slam_gmapping/share/slam_gmapping/local_setup.dsv
[0.593s] -- Installing: /home/ub2004/ros2_ws/install/slam_gmapping/share/slam_gmapping/package.dsv
[0.594s] -- Up-to-date: /home/ub2004/ros2_ws/install/slam_gmapping/share/ament_index/resource_index/packages/slam_gmapping
[0.594s] -- Up-to-date: /home/ub2004/ros2_ws/install/slam_gmapping/share/slam_gmapping/cmake/slam_gmappingConfig.cmake
[0.594s] -- Up-to-date: /home/ub2004/ros2_ws/install/slam_gmapping/share/slam_gmapping/cmake/slam_gmappingConfig-version.cmake
[0.594s] -- Up-to-date: /home/ub2004/ros2_ws/install/slam_gmapping/share/slam_gmapping/package.xml
[0.596s] Invoked command in '/home/ub2004/ros2_ws/build/slam_gmapping' returned '0': CMAKE_PREFIX_PATH=/home/ub2004/ros2_ws/install/openslam_gmapping:/home/ub2004/ros2_ws/install/slam_gmapping:/home/ub2004/ros2_ws/install/canopen_tests:/home/ub2004/ros2_ws/install/canopen_ros2_controllers:/home/ub2004/ros2_ws/install/canopen_ros2_control:/home/ub2004/ros2_ws/install/canopen:/home/ub2004/ros2_ws/install/canopen_402_driver:/home/ub2004/ros2_ws/install/canopen_proxy_driver:/home/ub2004/ros2_ws/install/canopen_master_driver:/home/ub2004/ros2_ws/install/canopen_fake_slaves:/home/ub2004/ros2_ws/install/canopen_base_driver:/home/ub2004/ros2_ws/install/canopen_core:/home/ub2004/ros2_ws/install/lely_core_libraries:/home/ub2004/ros2_ws/install/canopen_interfaces:/home/ub2004/ros2_ws/install/urdf_tutorial:/home/ub2004/ros2_ws/install/canopen_utils:/home/ub2004/ros2_ws/install/can_comm:/home/ub2004/ros2_ws/install/agv_pak:/opt/ros/humble /usr/bin/cmake --install /home/ub2004/ros2_ws/build/slam_gmapping
