[0.665s] Invoking command in '/home/ub2004/ros2_ws/src/agv_pak': PYTHONPATH=/home/ub2004/ros2_ws/build/agv_pak/prefix_override:/usr/lib/python3/dist-packages/colcon_core/task/python/colcon_distutils_commands:/home/ub2004/ros2_ws/install/agv_pak/lib/python3.10/site-packages:${PYTHONPATH} /usr/bin/python3 -W ignore:setup.py install is deprecated -W ignore:easy_install command is deprecated setup.py egg_info --egg-base ../../build/agv_pak build --build-base /home/ub2004/ros2_ws/build/agv_pak/build install --record /home/ub2004/ros2_ws/build/agv_pak/install.log --single-version-externally-managed install_data
[0.914s] running egg_info
[0.915s] writing ../../build/agv_pak/agv_pak.egg-info/PKG-INFO
[0.915s] writing dependency_links to ../../build/agv_pak/agv_pak.egg-info/dependency_links.txt
[0.916s] writing entry points to ../../build/agv_pak/agv_pak.egg-info/entry_points.txt
[0.916s] writing requirements to ../../build/agv_pak/agv_pak.egg-info/requires.txt
[0.916s] writing top-level names to ../../build/agv_pak/agv_pak.egg-info/top_level.txt
[0.917s] reading manifest file '../../build/agv_pak/agv_pak.egg-info/SOURCES.txt'
[0.918s] adding license file 'LICENSE'
[0.918s] writing manifest file '../../build/agv_pak/agv_pak.egg-info/SOURCES.txt'
[0.919s] running build
[0.919s] running build_py
[0.919s] copying agv_pak/agv_node_2.py -> /home/ub2004/ros2_ws/build/agv_pak/build/lib/agv_pak
[0.920s] running install
[0.920s] running install_lib
[0.921s] copying /home/ub2004/ros2_ws/build/agv_pak/build/lib/agv_pak/agv_node_2.py -> /home/ub2004/ros2_ws/install/agv_pak/lib/python3.10/site-packages/agv_pak
[0.922s] byte-compiling /home/ub2004/ros2_ws/install/agv_pak/lib/python3.10/site-packages/agv_pak/agv_node_2.py to agv_node_2.cpython-310.pyc
[0.924s] running install_data
[0.924s] running install_egg_info
[0.925s] removing '/home/ub2004/ros2_ws/install/agv_pak/lib/python3.10/site-packages/agv_pak-0.0.0-py3.10.egg-info' (and everything under it)
[0.926s] Copying ../../build/agv_pak/agv_pak.egg-info to /home/ub2004/ros2_ws/install/agv_pak/lib/python3.10/site-packages/agv_pak-0.0.0-py3.10.egg-info
[0.927s] running install_scripts
[0.949s] Installing agv_node script to /home/ub2004/ros2_ws/install/agv_pak/lib/agv_pak
[0.949s] Installing agv_node_2 script to /home/ub2004/ros2_ws/install/agv_pak/lib/agv_pak
[0.950s] Installing agv_test_node.py script to /home/ub2004/ros2_ws/install/agv_pak/lib/agv_pak
[0.950s] writing list of installed files to '/home/ub2004/ros2_ws/build/agv_pak/install.log'
[0.972s] Invoked command in '/home/ub2004/ros2_ws/src/agv_pak' returned '0': PYTHONPATH=/home/ub2004/ros2_ws/build/agv_pak/prefix_override:/usr/lib/python3/dist-packages/colcon_core/task/python/colcon_distutils_commands:/home/ub2004/ros2_ws/install/agv_pak/lib/python3.10/site-packages:${PYTHONPATH} /usr/bin/python3 -W ignore:setup.py install is deprecated -W ignore:easy_install command is deprecated setup.py egg_info --egg-base ../../build/agv_pak build --build-base /home/ub2004/ros2_ws/build/agv_pak/build install --record /home/ub2004/ros2_ws/build/agv_pak/install.log --single-version-externally-managed install_data
