-- Found ros2_control_test_assets: 2.48.0 (/opt/ros/humble/share/ros2_control_test_assets/cmake)
-- Found ament_cmake_gmock: 1.3.11 (/opt/ros/humble/share/ament_cmake_gmock/cmake)
-- Found ament_cmake: 1.3.11 (/opt/ros/humble/share/ament_cmake/cmake)
-- Found canopen_402_driver: 0.2.11 (/home/ub2004/ros2_ws/install/canopen_402_driver/share/canopen_402_driver/cmake)
-- Found rosidl_generator_c: 3.1.6 (/opt/ros/humble/share/rosidl_generator_c/cmake)
-- Found rosidl_adapter: 3.1.6 (/opt/ros/humble/share/rosidl_adapter/cmake)
-- Found rosidl_generator_cpp: 3.1.6 (/opt/ros/humble/share/rosidl_generator_cpp/cmake)
-- Using all available rosidl_typesupport_c: rosidl_typesupport_fastrtps_c;rosidl_typesupport_introspection_c
-- Using all available rosidl_typesupport_cpp: rosidl_typesupport_fastrtps_cpp;rosidl_typesupport_introspection_cpp
-- Found rmw_implementation_cmake: 6.1.2 (/opt/ros/humble/share/rmw_implementation_cmake/cmake)
-- Found rmw_fastrtps_cpp: 6.2.7 (/opt/ros/humble/share/rmw_fastrtps_cpp/cmake)
-- Using RMW implementation 'rmw_fastrtps_cpp' as default
-- Found hardware_interface: 2.48.0 (/opt/ros/humble/share/hardware_interface/cmake)
-- Configuring done
-- Generating done
-- Build files have been written to: /home/ub2004/ros2_ws/build/canopen_ros2_control
[35m[1mConsolidate compiler generated dependencies of target canopen_ros2_control[0m
[ 25%] [32mBuilding CXX object CMakeFiles/canopen_ros2_control.dir/src/canopen_system.cpp.o[0m
[ 50%] [32mBuilding CXX object CMakeFiles/canopen_ros2_control.dir/src/cia402_system.cpp.o[0m
[ 75%] [32mBuilding CXX object CMakeFiles/canopen_ros2_control.dir/src/robot_system.cpp.o[0m
[100%] [32m[1mLinking CXX shared library libcanopen_ros2_control.so[0m
[100%] Built target canopen_ros2_control
-- Install configuration: ""
-- Up-to-date: /home/ub2004/ros2_ws/install/canopen_ros2_control/share/canopen_ros2_control/canopen_ros2_control.xml
-- Installing: /home/ub2004/ros2_ws/install/canopen_ros2_control/lib/libcanopen_ros2_control.so
-- Set runtime path of "/home/ub2004/ros2_ws/install/canopen_ros2_control/lib/libcanopen_ros2_control.so" to ""
-- Up-to-date: /home/ub2004/ros2_ws/install/canopen_ros2_control/include
-- Up-to-date: /home/ub2004/ros2_ws/install/canopen_ros2_control/include/canopen_ros2_control
-- Up-to-date: /home/ub2004/ros2_ws/install/canopen_ros2_control/include/canopen_ros2_control/cia402_system.hpp
-- Up-to-date: /home/ub2004/ros2_ws/install/canopen_ros2_control/include/canopen_ros2_control/canopen_system.hpp
-- Up-to-date: /home/ub2004/ros2_ws/install/canopen_ros2_control/include/canopen_ros2_control/cia402_data.hpp
-- Up-to-date: /home/ub2004/ros2_ws/install/canopen_ros2_control/include/canopen_ros2_control/robot_system.hpp
-- Up-to-date: /home/ub2004/ros2_ws/install/canopen_ros2_control/include/canopen_ros2_control/helpers.hpp
-- Up-to-date: /home/ub2004/ros2_ws/install/canopen_ros2_control/include/canopen_ros2_control/visibility_control.h
-- Up-to-date: /home/ub2004/ros2_ws/install/canopen_ros2_control/share/canopen_ros2_control/environment/library_path.sh
-- Installing: /home/ub2004/ros2_ws/install/canopen_ros2_control/share/canopen_ros2_control/environment/library_path.dsv
-- Up-to-date: /home/ub2004/ros2_ws/install/canopen_ros2_control/share/ament_index/resource_index/package_run_dependencies/canopen_ros2_control
-- Installing: /home/ub2004/ros2_ws/install/canopen_ros2_control/share/ament_index/resource_index/parent_prefix_path/canopen_ros2_control
-- Up-to-date: /home/ub2004/ros2_ws/install/canopen_ros2_control/share/canopen_ros2_control/environment/ament_prefix_path.sh
-- Installing: /home/ub2004/ros2_ws/install/canopen_ros2_control/share/canopen_ros2_control/environment/ament_prefix_path.dsv
-- Up-to-date: /home/ub2004/ros2_ws/install/canopen_ros2_control/share/canopen_ros2_control/environment/path.sh
-- Installing: /home/ub2004/ros2_ws/install/canopen_ros2_control/share/canopen_ros2_control/environment/path.dsv
-- Up-to-date: /home/ub2004/ros2_ws/install/canopen_ros2_control/share/canopen_ros2_control/local_setup.bash
-- Up-to-date: /home/ub2004/ros2_ws/install/canopen_ros2_control/share/canopen_ros2_control/local_setup.sh
-- Up-to-date: /home/ub2004/ros2_ws/install/canopen_ros2_control/share/canopen_ros2_control/local_setup.zsh
-- Installing: /home/ub2004/ros2_ws/install/canopen_ros2_control/share/canopen_ros2_control/local_setup.dsv
-- Installing: /home/ub2004/ros2_ws/install/canopen_ros2_control/share/canopen_ros2_control/package.dsv
-- Up-to-date: /home/ub2004/ros2_ws/install/canopen_ros2_control/share/ament_index/resource_index/packages/canopen_ros2_control
-- Up-to-date: /home/ub2004/ros2_ws/install/canopen_ros2_control/share/ament_index/resource_index/hardware_interface__pluginlib__plugin/canopen_ros2_control
-- Up-to-date: /home/ub2004/ros2_ws/install/canopen_ros2_control/share/canopen_ros2_control/cmake/ament_cmake_export_include_directories-extras.cmake
-- Up-to-date: /home/ub2004/ros2_ws/install/canopen_ros2_control/share/canopen_ros2_control/cmake/ament_cmake_export_libraries-extras.cmake
-- Up-to-date: /home/ub2004/ros2_ws/install/canopen_ros2_control/share/canopen_ros2_control/cmake/ament_cmake_export_dependencies-extras.cmake
-- Up-to-date: /home/ub2004/ros2_ws/install/canopen_ros2_control/share/canopen_ros2_control/cmake/canopen_ros2_controlConfig.cmake
-- Up-to-date: /home/ub2004/ros2_ws/install/canopen_ros2_control/share/canopen_ros2_control/cmake/canopen_ros2_controlConfig-version.cmake
-- Up-to-date: /home/ub2004/ros2_ws/install/canopen_ros2_control/share/canopen_ros2_control/package.xml
