[0.036s] Invoking command in '/home/ub2004/ros2_ws/build/canopen_ros2_control': CMAKE_PREFIX_PATH=/home/ub2004/ros2_ws/install/canopen_402_driver:/home/ub2004/ros2_ws/install/canopen_proxy_driver:/home/ub2004/ros2_ws/install/canopen_base_driver:/home/ub2004/ros2_ws/install/canopen_core:/home/ub2004/ros2_ws/install/lely_core_libraries:/home/ub2004/ros2_ws/install/canopen_interfaces:/home/ub2004/ros2_ws/install/canopen_tests:/home/ub2004/ros2_ws/install/canopen_ros2_controllers:/home/ub2004/ros2_ws/install/canopen_ros2_control:/home/ub2004/ros2_ws/install/canopen:/home/ub2004/ros2_ws/install/canopen_master_driver:/home/ub2004/ros2_ws/install/canopen_fake_slaves:/home/ub2004/ros2_ws/install/urdf_tutorial:/home/ub2004/ros2_ws/install/canopen_utils:/home/ub2004/ros2_ws/install/agv_pak:/opt/ros/humble LD_LIBRARY_PATH=/home/ub2004/ros2_ws/install/canopen_402_driver/lib:/home/ub2004/ros2_ws/install/canopen_proxy_driver/lib:/home/ub2004/ros2_ws/install/canopen_base_driver/lib:/home/ub2004/ros2_ws/install/canopen_core/lib:/home/ub2004/ros2_ws/install/lely_core_libraries/lib:/home/ub2004/ros2_ws/install/canopen_interfaces/lib:/home/ub2004/ros2_ws/install/canopen_ros2_controllers/lib:/home/ub2004/ros2_ws/install/canopen_ros2_control/lib:/home/ub2004/ros2_ws/install/canopen_master_driver/lib:/opt/ros/humble/opt/rviz_ogre_vendor/lib:/opt/ros/humble/lib/x86_64-linux-gnu:/opt/ros/humble/lib PYTHONPATH=/home/ub2004/ros2_ws/install/lely_core_libraries/lib/python3.10/site-packages:/home/ub2004/ros2_ws/build/urdf_tutorial:/home/ub2004/ros2_ws/build/canopen_utils:/home/ub2004/ros2_ws/build/agv_pak:/home/ub2004/ros2_ws/install/urdf_tutorial/lib/python3.10/site-packages:/home/ub2004/ros2_ws/install/lely_core_libraries/local/lib/python3.10/dist-packages:/home/ub2004/ros2_ws/install/canopen_utils/lib/python3.10/site-packages:/home/ub2004/ros2_ws/install/canopen_interfaces/local/lib/python3.10/dist-packages:/home/ub2004/ros2_ws/install/agv_pak/lib/python3.10/site-packages:/opt/ros/humble/lib/python3.10/site-packages:/opt/ros/humble/local/lib/python3.10/dist-packages /usr/bin/cmake --build /home/ub2004/ros2_ws/build/canopen_ros2_control -- -j8 -l8
[0.075s] -- Found ros2_control_test_assets: 2.48.0 (/opt/ros/humble/share/ros2_control_test_assets/cmake)
[0.225s] -- Found ament_cmake_gmock: 1.3.11 (/opt/ros/humble/share/ament_cmake_gmock/cmake)
[0.225s] -- Found ament_cmake: 1.3.11 (/opt/ros/humble/share/ament_cmake/cmake)
[0.233s] -- Found canopen_402_driver: 0.2.11 (/home/ub2004/ros2_ws/install/canopen_402_driver/share/canopen_402_driver/cmake)
[0.277s] -- Found rosidl_generator_c: 3.1.6 (/opt/ros/humble/share/rosidl_generator_c/cmake)
[0.280s] -- Found rosidl_adapter: 3.1.6 (/opt/ros/humble/share/rosidl_adapter/cmake)
[0.287s] -- Found rosidl_generator_cpp: 3.1.6 (/opt/ros/humble/share/rosidl_generator_cpp/cmake)
[0.297s] -- Using all available rosidl_typesupport_c: rosidl_typesupport_fastrtps_c;rosidl_typesupport_introspection_c
[0.311s] -- Using all available rosidl_typesupport_cpp: rosidl_typesupport_fastrtps_cpp;rosidl_typesupport_introspection_cpp
[0.380s] -- Found rmw_implementation_cmake: 6.1.2 (/opt/ros/humble/share/rmw_implementation_cmake/cmake)
[0.382s] -- Found rmw_fastrtps_cpp: 6.2.7 (/opt/ros/humble/share/rmw_fastrtps_cpp/cmake)
[0.493s] -- Using RMW implementation 'rmw_fastrtps_cpp' as default
[0.668s] -- Found hardware_interface: 2.48.0 (/opt/ros/humble/share/hardware_interface/cmake)
[0.870s] -- Configuring done
[0.938s] -- Generating done
[0.946s] -- Build files have been written to: /home/ub2004/ros2_ws/build/canopen_ros2_control
[0.989s] [35m[1mConsolidate compiler generated dependencies of target canopen_ros2_control[0m
[1.035s] [ 25%] [32mBuilding CXX object CMakeFiles/canopen_ros2_control.dir/src/canopen_system.cpp.o[0m
[1.038s] [ 50%] [32mBuilding CXX object CMakeFiles/canopen_ros2_control.dir/src/cia402_system.cpp.o[0m
[1.040s] [ 75%] [32mBuilding CXX object CMakeFiles/canopen_ros2_control.dir/src/robot_system.cpp.o[0m
[15.709s] [100%] [32m[1mLinking CXX shared library libcanopen_ros2_control.so[0m
[16.554s] [100%] Built target canopen_ros2_control
[16.567s] Invoked command in '/home/ub2004/ros2_ws/build/canopen_ros2_control' returned '0': CMAKE_PREFIX_PATH=/home/ub2004/ros2_ws/install/canopen_402_driver:/home/ub2004/ros2_ws/install/canopen_proxy_driver:/home/ub2004/ros2_ws/install/canopen_base_driver:/home/ub2004/ros2_ws/install/canopen_core:/home/ub2004/ros2_ws/install/lely_core_libraries:/home/ub2004/ros2_ws/install/canopen_interfaces:/home/ub2004/ros2_ws/install/canopen_tests:/home/ub2004/ros2_ws/install/canopen_ros2_controllers:/home/ub2004/ros2_ws/install/canopen_ros2_control:/home/ub2004/ros2_ws/install/canopen:/home/ub2004/ros2_ws/install/canopen_master_driver:/home/ub2004/ros2_ws/install/canopen_fake_slaves:/home/ub2004/ros2_ws/install/urdf_tutorial:/home/ub2004/ros2_ws/install/canopen_utils:/home/ub2004/ros2_ws/install/agv_pak:/opt/ros/humble LD_LIBRARY_PATH=/home/ub2004/ros2_ws/install/canopen_402_driver/lib:/home/ub2004/ros2_ws/install/canopen_proxy_driver/lib:/home/ub2004/ros2_ws/install/canopen_base_driver/lib:/home/ub2004/ros2_ws/install/canopen_core/lib:/home/ub2004/ros2_ws/install/lely_core_libraries/lib:/home/ub2004/ros2_ws/install/canopen_interfaces/lib:/home/ub2004/ros2_ws/install/canopen_ros2_controllers/lib:/home/ub2004/ros2_ws/install/canopen_ros2_control/lib:/home/ub2004/ros2_ws/install/canopen_master_driver/lib:/opt/ros/humble/opt/rviz_ogre_vendor/lib:/opt/ros/humble/lib/x86_64-linux-gnu:/opt/ros/humble/lib PYTHONPATH=/home/ub2004/ros2_ws/install/lely_core_libraries/lib/python3.10/site-packages:/home/ub2004/ros2_ws/build/urdf_tutorial:/home/ub2004/ros2_ws/build/canopen_utils:/home/ub2004/ros2_ws/build/agv_pak:/home/ub2004/ros2_ws/install/urdf_tutorial/lib/python3.10/site-packages:/home/ub2004/ros2_ws/install/lely_core_libraries/local/lib/python3.10/dist-packages:/home/ub2004/ros2_ws/install/canopen_utils/lib/python3.10/site-packages:/home/ub2004/ros2_ws/install/canopen_interfaces/local/lib/python3.10/dist-packages:/home/ub2004/ros2_ws/install/agv_pak/lib/python3.10/site-packages:/opt/ros/humble/lib/python3.10/site-packages:/opt/ros/humble/local/lib/python3.10/dist-packages /usr/bin/cmake --build /home/ub2004/ros2_ws/build/canopen_ros2_control -- -j8 -l8
[16.569s] Invoking command in '/home/ub2004/ros2_ws/build/canopen_ros2_control': CMAKE_PREFIX_PATH=/home/ub2004/ros2_ws/install/canopen_402_driver:/home/ub2004/ros2_ws/install/canopen_proxy_driver:/home/ub2004/ros2_ws/install/canopen_base_driver:/home/ub2004/ros2_ws/install/canopen_core:/home/ub2004/ros2_ws/install/lely_core_libraries:/home/ub2004/ros2_ws/install/canopen_interfaces:/home/ub2004/ros2_ws/install/canopen_tests:/home/ub2004/ros2_ws/install/canopen_ros2_controllers:/home/ub2004/ros2_ws/install/canopen_ros2_control:/home/ub2004/ros2_ws/install/canopen:/home/ub2004/ros2_ws/install/canopen_master_driver:/home/ub2004/ros2_ws/install/canopen_fake_slaves:/home/ub2004/ros2_ws/install/urdf_tutorial:/home/ub2004/ros2_ws/install/canopen_utils:/home/ub2004/ros2_ws/install/agv_pak:/opt/ros/humble LD_LIBRARY_PATH=/home/ub2004/ros2_ws/install/canopen_402_driver/lib:/home/ub2004/ros2_ws/install/canopen_proxy_driver/lib:/home/ub2004/ros2_ws/install/canopen_base_driver/lib:/home/ub2004/ros2_ws/install/canopen_core/lib:/home/ub2004/ros2_ws/install/lely_core_libraries/lib:/home/ub2004/ros2_ws/install/canopen_interfaces/lib:/home/ub2004/ros2_ws/install/canopen_ros2_controllers/lib:/home/ub2004/ros2_ws/install/canopen_ros2_control/lib:/home/ub2004/ros2_ws/install/canopen_master_driver/lib:/opt/ros/humble/opt/rviz_ogre_vendor/lib:/opt/ros/humble/lib/x86_64-linux-gnu:/opt/ros/humble/lib PYTHONPATH=/home/ub2004/ros2_ws/install/lely_core_libraries/lib/python3.10/site-packages:/home/ub2004/ros2_ws/build/urdf_tutorial:/home/ub2004/ros2_ws/build/canopen_utils:/home/ub2004/ros2_ws/build/agv_pak:/home/ub2004/ros2_ws/install/urdf_tutorial/lib/python3.10/site-packages:/home/ub2004/ros2_ws/install/lely_core_libraries/local/lib/python3.10/dist-packages:/home/ub2004/ros2_ws/install/canopen_utils/lib/python3.10/site-packages:/home/ub2004/ros2_ws/install/canopen_interfaces/local/lib/python3.10/dist-packages:/home/ub2004/ros2_ws/install/agv_pak/lib/python3.10/site-packages:/opt/ros/humble/lib/python3.10/site-packages:/opt/ros/humble/local/lib/python3.10/dist-packages /usr/bin/cmake --install /home/ub2004/ros2_ws/build/canopen_ros2_control
[16.577s] -- Install configuration: ""
[16.578s] -- Up-to-date: /home/ub2004/ros2_ws/install/canopen_ros2_control/share/canopen_ros2_control/canopen_ros2_control.xml
[16.579s] -- Installing: /home/ub2004/ros2_ws/install/canopen_ros2_control/lib/libcanopen_ros2_control.so
[16.582s] -- Set runtime path of "/home/ub2004/ros2_ws/install/canopen_ros2_control/lib/libcanopen_ros2_control.so" to ""
[16.582s] -- Up-to-date: /home/ub2004/ros2_ws/install/canopen_ros2_control/include
[16.582s] -- Up-to-date: /home/ub2004/ros2_ws/install/canopen_ros2_control/include/canopen_ros2_control
[16.582s] -- Up-to-date: /home/ub2004/ros2_ws/install/canopen_ros2_control/include/canopen_ros2_control/cia402_system.hpp
[16.583s] -- Up-to-date: /home/ub2004/ros2_ws/install/canopen_ros2_control/include/canopen_ros2_control/canopen_system.hpp
[16.583s] -- Up-to-date: /home/ub2004/ros2_ws/install/canopen_ros2_control/include/canopen_ros2_control/cia402_data.hpp
[16.583s] -- Up-to-date: /home/ub2004/ros2_ws/install/canopen_ros2_control/include/canopen_ros2_control/robot_system.hpp
[16.583s] -- Up-to-date: /home/ub2004/ros2_ws/install/canopen_ros2_control/include/canopen_ros2_control/helpers.hpp
[16.583s] -- Up-to-date: /home/ub2004/ros2_ws/install/canopen_ros2_control/include/canopen_ros2_control/visibility_control.h
[16.583s] -- Up-to-date: /home/ub2004/ros2_ws/install/canopen_ros2_control/share/canopen_ros2_control/environment/library_path.sh
[16.583s] -- Installing: /home/ub2004/ros2_ws/install/canopen_ros2_control/share/canopen_ros2_control/environment/library_path.dsv
[16.584s] -- Up-to-date: /home/ub2004/ros2_ws/install/canopen_ros2_control/share/ament_index/resource_index/package_run_dependencies/canopen_ros2_control
[16.584s] -- Installing: /home/ub2004/ros2_ws/install/canopen_ros2_control/share/ament_index/resource_index/parent_prefix_path/canopen_ros2_control
[16.584s] -- Up-to-date: /home/ub2004/ros2_ws/install/canopen_ros2_control/share/canopen_ros2_control/environment/ament_prefix_path.sh
[16.584s] -- Installing: /home/ub2004/ros2_ws/install/canopen_ros2_control/share/canopen_ros2_control/environment/ament_prefix_path.dsv
[16.585s] -- Up-to-date: /home/ub2004/ros2_ws/install/canopen_ros2_control/share/canopen_ros2_control/environment/path.sh
[16.585s] -- Installing: /home/ub2004/ros2_ws/install/canopen_ros2_control/share/canopen_ros2_control/environment/path.dsv
[16.585s] -- Up-to-date: /home/ub2004/ros2_ws/install/canopen_ros2_control/share/canopen_ros2_control/local_setup.bash
[16.585s] -- Up-to-date: /home/ub2004/ros2_ws/install/canopen_ros2_control/share/canopen_ros2_control/local_setup.sh
[16.585s] -- Up-to-date: /home/ub2004/ros2_ws/install/canopen_ros2_control/share/canopen_ros2_control/local_setup.zsh
[16.585s] -- Installing: /home/ub2004/ros2_ws/install/canopen_ros2_control/share/canopen_ros2_control/local_setup.dsv
[16.586s] -- Installing: /home/ub2004/ros2_ws/install/canopen_ros2_control/share/canopen_ros2_control/package.dsv
[16.586s] -- Up-to-date: /home/ub2004/ros2_ws/install/canopen_ros2_control/share/ament_index/resource_index/packages/canopen_ros2_control
[16.586s] -- Up-to-date: /home/ub2004/ros2_ws/install/canopen_ros2_control/share/ament_index/resource_index/hardware_interface__pluginlib__plugin/canopen_ros2_control
[16.586s] -- Up-to-date: /home/ub2004/ros2_ws/install/canopen_ros2_control/share/canopen_ros2_control/cmake/ament_cmake_export_include_directories-extras.cmake
[16.586s] -- Up-to-date: /home/ub2004/ros2_ws/install/canopen_ros2_control/share/canopen_ros2_control/cmake/ament_cmake_export_libraries-extras.cmake
[16.586s] -- Up-to-date: /home/ub2004/ros2_ws/install/canopen_ros2_control/share/canopen_ros2_control/cmake/ament_cmake_export_dependencies-extras.cmake
[16.587s] -- Up-to-date: /home/ub2004/ros2_ws/install/canopen_ros2_control/share/canopen_ros2_control/cmake/canopen_ros2_controlConfig.cmake
[16.587s] -- Up-to-date: /home/ub2004/ros2_ws/install/canopen_ros2_control/share/canopen_ros2_control/cmake/canopen_ros2_controlConfig-version.cmake
[16.587s] -- Up-to-date: /home/ub2004/ros2_ws/install/canopen_ros2_control/share/canopen_ros2_control/package.xml
[16.589s] Invoked command in '/home/ub2004/ros2_ws/build/canopen_ros2_control' returned '0': CMAKE_PREFIX_PATH=/home/ub2004/ros2_ws/install/canopen_402_driver:/home/ub2004/ros2_ws/install/canopen_proxy_driver:/home/ub2004/ros2_ws/install/canopen_base_driver:/home/ub2004/ros2_ws/install/canopen_core:/home/ub2004/ros2_ws/install/lely_core_libraries:/home/ub2004/ros2_ws/install/canopen_interfaces:/home/ub2004/ros2_ws/install/canopen_tests:/home/ub2004/ros2_ws/install/canopen_ros2_controllers:/home/ub2004/ros2_ws/install/canopen_ros2_control:/home/ub2004/ros2_ws/install/canopen:/home/ub2004/ros2_ws/install/canopen_master_driver:/home/ub2004/ros2_ws/install/canopen_fake_slaves:/home/ub2004/ros2_ws/install/urdf_tutorial:/home/ub2004/ros2_ws/install/canopen_utils:/home/ub2004/ros2_ws/install/agv_pak:/opt/ros/humble LD_LIBRARY_PATH=/home/ub2004/ros2_ws/install/canopen_402_driver/lib:/home/ub2004/ros2_ws/install/canopen_proxy_driver/lib:/home/ub2004/ros2_ws/install/canopen_base_driver/lib:/home/ub2004/ros2_ws/install/canopen_core/lib:/home/ub2004/ros2_ws/install/lely_core_libraries/lib:/home/ub2004/ros2_ws/install/canopen_interfaces/lib:/home/ub2004/ros2_ws/install/canopen_ros2_controllers/lib:/home/ub2004/ros2_ws/install/canopen_ros2_control/lib:/home/ub2004/ros2_ws/install/canopen_master_driver/lib:/opt/ros/humble/opt/rviz_ogre_vendor/lib:/opt/ros/humble/lib/x86_64-linux-gnu:/opt/ros/humble/lib PYTHONPATH=/home/ub2004/ros2_ws/install/lely_core_libraries/lib/python3.10/site-packages:/home/ub2004/ros2_ws/build/urdf_tutorial:/home/ub2004/ros2_ws/build/canopen_utils:/home/ub2004/ros2_ws/build/agv_pak:/home/ub2004/ros2_ws/install/urdf_tutorial/lib/python3.10/site-packages:/home/ub2004/ros2_ws/install/lely_core_libraries/local/lib/python3.10/dist-packages:/home/ub2004/ros2_ws/install/canopen_utils/lib/python3.10/site-packages:/home/ub2004/ros2_ws/install/canopen_interfaces/local/lib/python3.10/dist-packages:/home/ub2004/ros2_ws/install/agv_pak/lib/python3.10/site-packages:/opt/ros/humble/lib/python3.10/site-packages:/opt/ros/humble/local/lib/python3.10/dist-packages /usr/bin/cmake --install /home/ub2004/ros2_ws/build/canopen_ros2_control
