[2.466s] Invoking command in '/home/ub2004/ros2_ws/src/agv_pak': PYTHONPATH=/home/ub2004/ros2_ws/build/agv_pak/prefix_override:/usr/lib/python3/dist-packages/colcon_core/task/python/colcon_distutils_commands:/home/ub2004/ros2_ws/install/agv_pak/lib/python3.10/site-packages:${PYTHONPATH} /usr/bin/python3 -W ignore:setup.py install is deprecated -W ignore:easy_install command is deprecated setup.py egg_info --egg-base ../../build/agv_pak build --build-base /home/ub2004/ros2_ws/build/agv_pak/build install --record /home/ub2004/ros2_ws/build/agv_pak/install.log --single-version-externally-managed install_data
[3.158s] running egg_info
[3.160s] writing ../../build/agv_pak/agv_pak.egg-info/PKG-INFO
[3.163s] writing dependency_links to ../../build/agv_pak/agv_pak.egg-info/dependency_links.txt
[3.164s] writing entry points to ../../build/agv_pak/agv_pak.egg-info/entry_points.txt
[3.167s] writing requirements to ../../build/agv_pak/agv_pak.egg-info/requires.txt
[3.173s] writing top-level names to ../../build/agv_pak/agv_pak.egg-info/top_level.txt
[3.173s] reading manifest file '../../build/agv_pak/agv_pak.egg-info/SOURCES.txt'
[3.176s] adding license file 'LICENSE'
[3.183s] writing manifest file '../../build/agv_pak/agv_pak.egg-info/SOURCES.txt'
[3.185s] running build
[3.185s] running build_py
[3.188s] running install
[3.189s] running install_lib
[3.198s] running install_data
[3.198s] running install_egg_info
[3.204s] removing '/home/ub2004/ros2_ws/install/agv_pak/lib/python3.10/site-packages/agv_pak-0.0.0-py3.10.egg-info' (and everything under it)
[3.205s] Copying ../../build/agv_pak/agv_pak.egg-info to /home/ub2004/ros2_ws/install/agv_pak/lib/python3.10/site-packages/agv_pak-0.0.0-py3.10.egg-info
[3.209s] running install_scripts
[3.266s] Installing agv_node script to /home/ub2004/ros2_ws/install/agv_pak/lib/agv_pak
[3.268s] Installing agv_node_2 script to /home/ub2004/ros2_ws/install/agv_pak/lib/agv_pak
[3.268s] Installing agv_test_node.py script to /home/ub2004/ros2_ws/install/agv_pak/lib/agv_pak
[3.268s] Installing can_talker script to /home/ub2004/ros2_ws/install/agv_pak/lib/agv_pak
[3.268s] writing list of installed files to '/home/ub2004/ros2_ws/build/agv_pak/install.log'
[3.392s] Invoked command in '/home/ub2004/ros2_ws/src/agv_pak' returned '0': PYTHONPATH=/home/ub2004/ros2_ws/build/agv_pak/prefix_override:/usr/lib/python3/dist-packages/colcon_core/task/python/colcon_distutils_commands:/home/ub2004/ros2_ws/install/agv_pak/lib/python3.10/site-packages:${PYTHONPATH} /usr/bin/python3 -W ignore:setup.py install is deprecated -W ignore:easy_install command is deprecated setup.py egg_info --egg-base ../../build/agv_pak build --build-base /home/ub2004/ros2_ws/build/agv_pak/build install --record /home/ub2004/ros2_ws/build/agv_pak/install.log --single-version-externally-managed install_data
