[0.025s] Invoking command in '/home/ub2004/ros2_ws/build/canopen_base_driver': CMAKE_PREFIX_PATH=/home/ub2004/ros2_ws/install/canopen_core:/home/ub2004/ros2_ws/install/lely_core_libraries:/home/ub2004/ros2_ws/install/canopen_interfaces:/home/ub2004/ros2_ws/install/canopen_tests:/home/ub2004/ros2_ws/install/canopen_ros2_controllers:/home/ub2004/ros2_ws/install/canopen_ros2_control:/home/ub2004/ros2_ws/install/canopen:/home/ub2004/ros2_ws/install/canopen_402_driver:/home/ub2004/ros2_ws/install/canopen_proxy_driver:/home/ub2004/ros2_ws/install/canopen_master_driver:/home/ub2004/ros2_ws/install/canopen_fake_slaves:/home/ub2004/ros2_ws/install/canopen_base_driver:/home/ub2004/ros2_ws/install/urdf_tutorial:/home/ub2004/ros2_ws/install/test_py:/home/ub2004/ros2_ws/install/canopen_utils:/home/ub2004/ros2_ws/install/can_comm:/home/ub2004/ros2_ws/install/agv_pak:/opt/ros/humble LD_LIBRARY_PATH=/home/ub2004/ros2_ws/install/canopen_core/lib:/home/ub2004/ros2_ws/install/lely_core_libraries/lib:/home/ub2004/ros2_ws/install/canopen_interfaces/lib:/home/ub2004/ros2_ws/install/canopen_ros2_controllers/lib:/home/ub2004/ros2_ws/install/canopen_ros2_control/lib:/home/ub2004/ros2_ws/install/canopen_402_driver/lib:/home/ub2004/ros2_ws/install/canopen_proxy_driver/lib:/home/ub2004/ros2_ws/install/canopen_master_driver/lib:/home/ub2004/ros2_ws/install/canopen_base_driver/lib:/opt/ros/humble/opt/rviz_ogre_vendor/lib:/opt/ros/humble/lib/x86_64-linux-gnu:/opt/ros/humble/lib PYTHONPATH=/home/ub2004/ros2_ws/install/lely_core_libraries/lib/python3.10/site-packages:/home/ub2004/ros2_ws/build/urdf_tutorial:/home/ub2004/ros2_ws/build/canopen_utils:/home/ub2004/ros2_ws/build/can_comm:/home/ub2004/ros2_ws/build/agv_pak:/home/ub2004/ros2_ws/install/urdf_tutorial/lib/python3.10/site-packages:/home/ub2004/ros2_ws/install/test_py/lib/python3.10/site-packages:/home/ub2004/ros2_ws/install/lely_core_libraries/local/lib/python3.10/dist-packages:/home/ub2004/ros2_ws/install/canopen_utils/lib/python3.10/site-packages:/home/ub2004/ros2_ws/install/canopen_interfaces/local/lib/python3.10/dist-packages:/home/ub2004/ros2_ws/install/can_comm/lib/python3.10/site-packages:/home/ub2004/ros2_ws/install/agv_pak/lib/python3.10/site-packages:/opt/ros/humble/lib/python3.10/site-packages:/opt/ros/humble/local/lib/python3.10/dist-packages /usr/bin/cmake /home/ub2004/ros2_ws/src/ros2_canopen/canopen_base_driver -DCMAKE_INSTALL_PREFIX=/home/ub2004/ros2_ws/install/canopen_base_driver
[0.139s] -- The C compiler identification is GNU 11.4.0
[0.206s] -- The CXX compiler identification is GNU 11.4.0
[0.220s] -- Detecting C compiler ABI info
[0.298s] -- Detecting C compiler ABI info - done
[0.307s] -- Check for working C compiler: /usr/bin/cc - skipped
[0.312s] -- Detecting C compile features
[0.313s] -- Detecting C compile features - done
[0.316s] -- Detecting CXX compiler ABI info
[0.413s] -- Detecting CXX compiler ABI info - done
[0.429s] -- Check for working CXX compiler: /usr/bin/c++ - skipped
[0.429s] -- Detecting CXX compile features
[0.430s] -- Detecting CXX compile features - done
[0.446s] -- Found ament_cmake: 1.3.11 (/opt/ros/humble/share/ament_cmake/cmake)
[0.670s] -- Found Python3: /usr/bin/python3 (found version "3.10.12") found components: Interpreter 
[0.843s] -- Found ament_cmake_ros: 0.10.0 (/opt/ros/humble/share/ament_cmake_ros/cmake)
[0.859s] -- Found canopen_core: 0.2.11 (/home/ub2004/ros2_ws/install/canopen_core/share/canopen_core/cmake)
[1.070s] -- Found Boost: /usr/lib/x86_64-linux-gnu/cmake/Boost-1.74.0/BoostConfig.cmake (found version "1.74.0") found components: system thread 
[1.127s] -- Found rosidl_generator_c: 3.1.6 (/opt/ros/humble/share/rosidl_generator_c/cmake)
[1.134s] -- Found rosidl_adapter: 3.1.6 (/opt/ros/humble/share/rosidl_adapter/cmake)
[1.144s] -- Found rosidl_generator_cpp: 3.1.6 (/opt/ros/humble/share/rosidl_generator_cpp/cmake)
[1.162s] -- Using all available rosidl_typesupport_c: rosidl_typesupport_fastrtps_c;rosidl_typesupport_introspection_c
[1.183s] -- Using all available rosidl_typesupport_cpp: rosidl_typesupport_fastrtps_cpp;rosidl_typesupport_introspection_cpp
[1.308s] -- Found rmw_implementation_cmake: 6.1.2 (/opt/ros/humble/share/rmw_implementation_cmake/cmake)
[1.316s] -- Found rmw_fastrtps_cpp: 6.2.7 (/opt/ros/humble/share/rmw_fastrtps_cpp/cmake)
[1.450s] -- Found OpenSSL: /usr/lib/x86_64-linux-gnu/libcrypto.so (found version "3.0.2")  
[1.481s] -- Found FastRTPS: /opt/ros/humble/include  
[1.528s] -- Using RMW implementation 'rmw_fastrtps_cpp' as default
[1.543s] -- Found Threads: TRUE  
[1.687s] -- Found std_srvs: 4.2.4 (/opt/ros/humble/share/std_srvs/cmake)
[1.700s] -- Found diagnostic_updater: 4.0.2 (/opt/ros/humble/share/diagnostic_updater/cmake)
[1.739s] -- node_canopen_base_driver: /home/ub2004/ros2_ws/install/lely_core_libraries/lib/liblely-can.so;/home/ub2004/ros2_ws/install/lely_core_libraries/lib/liblely-co.so;/home/ub2004/ros2_ws/install/lely_core_libraries/lib/liblely-coapp.so;/home/ub2004/ros2_ws/install/lely_core_libraries/lib/liblely-ev.so;/home/ub2004/ros2_ws/install/lely_core_libraries/lib/liblely-io2.so;/home/ub2004/ros2_ws/install/lely_core_libraries/lib/liblely-io.so;/home/ub2004/ros2_ws/install/lely_core_libraries/lib/liblely-libc.so;/home/ub2004/ros2_ws/install/lely_core_libraries/lib/liblely-tap.so;/home/ub2004/ros2_ws/install/lely_core_libraries/lib/liblely-util.so
[1.756s] -- Found gtest sources under '/opt/ros/humble/src/gtest_vendor': C++ tests using 'Google Test' will be built
[1.860s] -- Configuring done
[1.950s] -- Generating done
[1.970s] -- Build files have been written to: /home/ub2004/ros2_ws/build/canopen_base_driver
[1.987s] Invoked command in '/home/ub2004/ros2_ws/build/canopen_base_driver' returned '0': CMAKE_PREFIX_PATH=/home/ub2004/ros2_ws/install/canopen_core:/home/ub2004/ros2_ws/install/lely_core_libraries:/home/ub2004/ros2_ws/install/canopen_interfaces:/home/ub2004/ros2_ws/install/canopen_tests:/home/ub2004/ros2_ws/install/canopen_ros2_controllers:/home/ub2004/ros2_ws/install/canopen_ros2_control:/home/ub2004/ros2_ws/install/canopen:/home/ub2004/ros2_ws/install/canopen_402_driver:/home/ub2004/ros2_ws/install/canopen_proxy_driver:/home/ub2004/ros2_ws/install/canopen_master_driver:/home/ub2004/ros2_ws/install/canopen_fake_slaves:/home/ub2004/ros2_ws/install/canopen_base_driver:/home/ub2004/ros2_ws/install/urdf_tutorial:/home/ub2004/ros2_ws/install/test_py:/home/ub2004/ros2_ws/install/canopen_utils:/home/ub2004/ros2_ws/install/can_comm:/home/ub2004/ros2_ws/install/agv_pak:/opt/ros/humble LD_LIBRARY_PATH=/home/ub2004/ros2_ws/install/canopen_core/lib:/home/ub2004/ros2_ws/install/lely_core_libraries/lib:/home/ub2004/ros2_ws/install/canopen_interfaces/lib:/home/ub2004/ros2_ws/install/canopen_ros2_controllers/lib:/home/ub2004/ros2_ws/install/canopen_ros2_control/lib:/home/ub2004/ros2_ws/install/canopen_402_driver/lib:/home/ub2004/ros2_ws/install/canopen_proxy_driver/lib:/home/ub2004/ros2_ws/install/canopen_master_driver/lib:/home/ub2004/ros2_ws/install/canopen_base_driver/lib:/opt/ros/humble/opt/rviz_ogre_vendor/lib:/opt/ros/humble/lib/x86_64-linux-gnu:/opt/ros/humble/lib PYTHONPATH=/home/ub2004/ros2_ws/install/lely_core_libraries/lib/python3.10/site-packages:/home/ub2004/ros2_ws/build/urdf_tutorial:/home/ub2004/ros2_ws/build/canopen_utils:/home/ub2004/ros2_ws/build/can_comm:/home/ub2004/ros2_ws/build/agv_pak:/home/ub2004/ros2_ws/install/urdf_tutorial/lib/python3.10/site-packages:/home/ub2004/ros2_ws/install/test_py/lib/python3.10/site-packages:/home/ub2004/ros2_ws/install/lely_core_libraries/local/lib/python3.10/dist-packages:/home/ub2004/ros2_ws/install/canopen_utils/lib/python3.10/site-packages:/home/ub2004/ros2_ws/install/canopen_interfaces/local/lib/python3.10/dist-packages:/home/ub2004/ros2_ws/install/can_comm/lib/python3.10/site-packages:/home/ub2004/ros2_ws/install/agv_pak/lib/python3.10/site-packages:/opt/ros/humble/lib/python3.10/site-packages:/opt/ros/humble/local/lib/python3.10/dist-packages /usr/bin/cmake /home/ub2004/ros2_ws/src/ros2_canopen/canopen_base_driver -DCMAKE_INSTALL_PREFIX=/home/ub2004/ros2_ws/install/canopen_base_driver
[1.989s] Invoking command in '/home/ub2004/ros2_ws/build/canopen_base_driver': CMAKE_PREFIX_PATH=/home/ub2004/ros2_ws/install/canopen_core:/home/ub2004/ros2_ws/install/lely_core_libraries:/home/ub2004/ros2_ws/install/canopen_interfaces:/home/ub2004/ros2_ws/install/canopen_tests:/home/ub2004/ros2_ws/install/canopen_ros2_controllers:/home/ub2004/ros2_ws/install/canopen_ros2_control:/home/ub2004/ros2_ws/install/canopen:/home/ub2004/ros2_ws/install/canopen_402_driver:/home/ub2004/ros2_ws/install/canopen_proxy_driver:/home/ub2004/ros2_ws/install/canopen_master_driver:/home/ub2004/ros2_ws/install/canopen_fake_slaves:/home/ub2004/ros2_ws/install/canopen_base_driver:/home/ub2004/ros2_ws/install/urdf_tutorial:/home/ub2004/ros2_ws/install/test_py:/home/ub2004/ros2_ws/install/canopen_utils:/home/ub2004/ros2_ws/install/can_comm:/home/ub2004/ros2_ws/install/agv_pak:/opt/ros/humble LD_LIBRARY_PATH=/home/ub2004/ros2_ws/install/canopen_core/lib:/home/ub2004/ros2_ws/install/lely_core_libraries/lib:/home/ub2004/ros2_ws/install/canopen_interfaces/lib:/home/ub2004/ros2_ws/install/canopen_ros2_controllers/lib:/home/ub2004/ros2_ws/install/canopen_ros2_control/lib:/home/ub2004/ros2_ws/install/canopen_402_driver/lib:/home/ub2004/ros2_ws/install/canopen_proxy_driver/lib:/home/ub2004/ros2_ws/install/canopen_master_driver/lib:/home/ub2004/ros2_ws/install/canopen_base_driver/lib:/opt/ros/humble/opt/rviz_ogre_vendor/lib:/opt/ros/humble/lib/x86_64-linux-gnu:/opt/ros/humble/lib PYTHONPATH=/home/ub2004/ros2_ws/install/lely_core_libraries/lib/python3.10/site-packages:/home/ub2004/ros2_ws/build/urdf_tutorial:/home/ub2004/ros2_ws/build/canopen_utils:/home/ub2004/ros2_ws/build/can_comm:/home/ub2004/ros2_ws/build/agv_pak:/home/ub2004/ros2_ws/install/urdf_tutorial/lib/python3.10/site-packages:/home/ub2004/ros2_ws/install/test_py/lib/python3.10/site-packages:/home/ub2004/ros2_ws/install/lely_core_libraries/local/lib/python3.10/dist-packages:/home/ub2004/ros2_ws/install/canopen_utils/lib/python3.10/site-packages:/home/ub2004/ros2_ws/install/canopen_interfaces/local/lib/python3.10/dist-packages:/home/ub2004/ros2_ws/install/can_comm/lib/python3.10/site-packages:/home/ub2004/ros2_ws/install/agv_pak/lib/python3.10/site-packages:/opt/ros/humble/lib/python3.10/site-packages:/opt/ros/humble/local/lib/python3.10/dist-packages /usr/bin/cmake --build /home/ub2004/ros2_ws/build/canopen_base_driver -- -j8 -l8
[2.056s] [ 12%] [32mBuilding CXX object CMakeFiles/lely_driver_bridge.dir/src/lely_driver_bridge.cpp.o[0m
[2.056s] [ 12%] [32mBuilding CXX object gtest/CMakeFiles/gtest_main.dir/src/gtest_main.cc.o[0m
[2.057s] [ 18%] [32mBuilding CXX object gtest/CMakeFiles/gtest.dir/src/gtest-all.cc.o[0m
[3.873s] [ 25%] [32m[1mLinking CXX static library libgtest_main.a[0m
[3.932s] [ 25%] Built target gtest_main
[6.714s] [ 31%] [32m[1mLinking CXX static library libgtest.a[0m
[6.792s] [ 31%] Built target gtest
[6.820s] [ 37%] [32mBuilding CXX object test/CMakeFiles/test_base_driver_component.dir/test_base_driver_component.cpp.o[0m
[9.819s] [ 43%] [32m[1mLinking CXX shared library liblely_driver_bridge.so[0m
[10.057s] [ 43%] Built target lely_driver_bridge
[10.081s] [ 50%] [32mBuilding CXX object CMakeFiles/node_canopen_base_driver.dir/src/node_interfaces/node_canopen_base_driver.cpp.o[0m
[14.806s] [ 56%] [32m[1mLinking CXX executable test_base_driver_component[0m
[15.137s] [ 56%] Built target test_base_driver_component
[21.475s] [ 62%] [32m[1mLinking CXX shared library libnode_canopen_base_driver.so[0m
[22.073s] [ 62%] Built target node_canopen_base_driver
[22.103s] [ 68%] [32mBuilding CXX object CMakeFiles/base_driver.dir/src/base_driver.cpp.o[0m
[22.105s] [ 75%] [32mBuilding CXX object CMakeFiles/lifecycle_base_driver.dir/src/lifecycle_base_driver.cpp.o[0m
[22.106s] [ 81%] [32mBuilding CXX object test/CMakeFiles/test_node_canopen_base_driver_ros.dir/test_node_canopen_base_driver_ros.cpp.o[0m
[31.003s] [ 87%] [32m[1mLinking CXX executable test_node_canopen_base_driver_ros[0m
[31.685s] [ 87%] Built target test_node_canopen_base_driver_ros
[33.622s] [ 93%] [32m[1mLinking CXX shared library libbase_driver.so[0m
[34.159s] [ 93%] Built target base_driver
[34.718s] [100%] [32m[1mLinking CXX shared library liblifecycle_base_driver.so[0m
[35.176s] [100%] Built target lifecycle_base_driver
[35.190s] Invoked command in '/home/ub2004/ros2_ws/build/canopen_base_driver' returned '0': CMAKE_PREFIX_PATH=/home/ub2004/ros2_ws/install/canopen_core:/home/ub2004/ros2_ws/install/lely_core_libraries:/home/ub2004/ros2_ws/install/canopen_interfaces:/home/ub2004/ros2_ws/install/canopen_tests:/home/ub2004/ros2_ws/install/canopen_ros2_controllers:/home/ub2004/ros2_ws/install/canopen_ros2_control:/home/ub2004/ros2_ws/install/canopen:/home/ub2004/ros2_ws/install/canopen_402_driver:/home/ub2004/ros2_ws/install/canopen_proxy_driver:/home/ub2004/ros2_ws/install/canopen_master_driver:/home/ub2004/ros2_ws/install/canopen_fake_slaves:/home/ub2004/ros2_ws/install/canopen_base_driver:/home/ub2004/ros2_ws/install/urdf_tutorial:/home/ub2004/ros2_ws/install/test_py:/home/ub2004/ros2_ws/install/canopen_utils:/home/ub2004/ros2_ws/install/can_comm:/home/ub2004/ros2_ws/install/agv_pak:/opt/ros/humble LD_LIBRARY_PATH=/home/ub2004/ros2_ws/install/canopen_core/lib:/home/ub2004/ros2_ws/install/lely_core_libraries/lib:/home/ub2004/ros2_ws/install/canopen_interfaces/lib:/home/ub2004/ros2_ws/install/canopen_ros2_controllers/lib:/home/ub2004/ros2_ws/install/canopen_ros2_control/lib:/home/ub2004/ros2_ws/install/canopen_402_driver/lib:/home/ub2004/ros2_ws/install/canopen_proxy_driver/lib:/home/ub2004/ros2_ws/install/canopen_master_driver/lib:/home/ub2004/ros2_ws/install/canopen_base_driver/lib:/opt/ros/humble/opt/rviz_ogre_vendor/lib:/opt/ros/humble/lib/x86_64-linux-gnu:/opt/ros/humble/lib PYTHONPATH=/home/ub2004/ros2_ws/install/lely_core_libraries/lib/python3.10/site-packages:/home/ub2004/ros2_ws/build/urdf_tutorial:/home/ub2004/ros2_ws/build/canopen_utils:/home/ub2004/ros2_ws/build/can_comm:/home/ub2004/ros2_ws/build/agv_pak:/home/ub2004/ros2_ws/install/urdf_tutorial/lib/python3.10/site-packages:/home/ub2004/ros2_ws/install/test_py/lib/python3.10/site-packages:/home/ub2004/ros2_ws/install/lely_core_libraries/local/lib/python3.10/dist-packages:/home/ub2004/ros2_ws/install/canopen_utils/lib/python3.10/site-packages:/home/ub2004/ros2_ws/install/canopen_interfaces/local/lib/python3.10/dist-packages:/home/ub2004/ros2_ws/install/can_comm/lib/python3.10/site-packages:/home/ub2004/ros2_ws/install/agv_pak/lib/python3.10/site-packages:/opt/ros/humble/lib/python3.10/site-packages:/opt/ros/humble/local/lib/python3.10/dist-packages /usr/bin/cmake --build /home/ub2004/ros2_ws/build/canopen_base_driver -- -j8 -l8
[35.192s] Invoking command in '/home/ub2004/ros2_ws/build/canopen_base_driver': CMAKE_PREFIX_PATH=/home/ub2004/ros2_ws/install/canopen_core:/home/ub2004/ros2_ws/install/lely_core_libraries:/home/ub2004/ros2_ws/install/canopen_interfaces:/home/ub2004/ros2_ws/install/canopen_tests:/home/ub2004/ros2_ws/install/canopen_ros2_controllers:/home/ub2004/ros2_ws/install/canopen_ros2_control:/home/ub2004/ros2_ws/install/canopen:/home/ub2004/ros2_ws/install/canopen_402_driver:/home/ub2004/ros2_ws/install/canopen_proxy_driver:/home/ub2004/ros2_ws/install/canopen_master_driver:/home/ub2004/ros2_ws/install/canopen_fake_slaves:/home/ub2004/ros2_ws/install/canopen_base_driver:/home/ub2004/ros2_ws/install/urdf_tutorial:/home/ub2004/ros2_ws/install/test_py:/home/ub2004/ros2_ws/install/canopen_utils:/home/ub2004/ros2_ws/install/can_comm:/home/ub2004/ros2_ws/install/agv_pak:/opt/ros/humble LD_LIBRARY_PATH=/home/ub2004/ros2_ws/install/canopen_core/lib:/home/ub2004/ros2_ws/install/lely_core_libraries/lib:/home/ub2004/ros2_ws/install/canopen_interfaces/lib:/home/ub2004/ros2_ws/install/canopen_ros2_controllers/lib:/home/ub2004/ros2_ws/install/canopen_ros2_control/lib:/home/ub2004/ros2_ws/install/canopen_402_driver/lib:/home/ub2004/ros2_ws/install/canopen_proxy_driver/lib:/home/ub2004/ros2_ws/install/canopen_master_driver/lib:/home/ub2004/ros2_ws/install/canopen_base_driver/lib:/opt/ros/humble/opt/rviz_ogre_vendor/lib:/opt/ros/humble/lib/x86_64-linux-gnu:/opt/ros/humble/lib PYTHONPATH=/home/ub2004/ros2_ws/install/lely_core_libraries/lib/python3.10/site-packages:/home/ub2004/ros2_ws/build/urdf_tutorial:/home/ub2004/ros2_ws/build/canopen_utils:/home/ub2004/ros2_ws/build/can_comm:/home/ub2004/ros2_ws/build/agv_pak:/home/ub2004/ros2_ws/install/urdf_tutorial/lib/python3.10/site-packages:/home/ub2004/ros2_ws/install/test_py/lib/python3.10/site-packages:/home/ub2004/ros2_ws/install/lely_core_libraries/local/lib/python3.10/dist-packages:/home/ub2004/ros2_ws/install/canopen_utils/lib/python3.10/site-packages:/home/ub2004/ros2_ws/install/canopen_interfaces/local/lib/python3.10/dist-packages:/home/ub2004/ros2_ws/install/can_comm/lib/python3.10/site-packages:/home/ub2004/ros2_ws/install/agv_pak/lib/python3.10/site-packages:/opt/ros/humble/lib/python3.10/site-packages:/opt/ros/humble/local/lib/python3.10/dist-packages /usr/bin/cmake --install /home/ub2004/ros2_ws/build/canopen_base_driver
[35.201s] -- Install configuration: ""
[35.201s] -- Installing: /home/ub2004/ros2_ws/install/canopen_base_driver/include
[35.201s] -- Installing: /home/ub2004/ros2_ws/install/canopen_base_driver/include/canopen_base_driver
[35.202s] -- Installing: /home/ub2004/ros2_ws/install/canopen_base_driver/include/canopen_base_driver/lely_driver_bridge.hpp
[35.202s] -- Installing: /home/ub2004/ros2_ws/install/canopen_base_driver/include/canopen_base_driver/node_interfaces
[35.202s] -- Installing: /home/ub2004/ros2_ws/install/canopen_base_driver/include/canopen_base_driver/node_interfaces/node_canopen_base_driver_impl.hpp
[35.202s] -- Installing: /home/ub2004/ros2_ws/install/canopen_base_driver/include/canopen_base_driver/node_interfaces/node_canopen_base_driver.hpp
[35.202s] -- Installing: /home/ub2004/ros2_ws/install/canopen_base_driver/include/canopen_base_driver/base_driver.hpp
[35.202s] -- Installing: /home/ub2004/ros2_ws/install/canopen_base_driver/include/canopen_base_driver/lifecycle_base_driver.hpp
[35.202s] -- Installing: /home/ub2004/ros2_ws/install/canopen_base_driver/include/canopen_base_driver/visibility_control.h
[35.203s] -- Installing: /home/ub2004/ros2_ws/install/canopen_base_driver/include/canopen_base_driver/diagnostic_collector.hpp
[35.203s] -- Installing: /home/ub2004/ros2_ws/install/canopen_base_driver/lib/liblifecycle_base_driver.so
[35.204s] -- Set runtime path of "/home/ub2004/ros2_ws/install/canopen_base_driver/lib/liblifecycle_base_driver.so" to ""
[35.204s] -- Installing: /home/ub2004/ros2_ws/install/canopen_base_driver/lib/libbase_driver.so
[35.206s] -- Set runtime path of "/home/ub2004/ros2_ws/install/canopen_base_driver/lib/libbase_driver.so" to ""
[35.206s] -- Installing: /home/ub2004/ros2_ws/install/canopen_base_driver/lib/libnode_canopen_base_driver.so
[35.210s] -- Set runtime path of "/home/ub2004/ros2_ws/install/canopen_base_driver/lib/libnode_canopen_base_driver.so" to ""
[35.210s] -- Installing: /home/ub2004/ros2_ws/install/canopen_base_driver/lib/liblely_driver_bridge.so
[35.212s] -- Set runtime path of "/home/ub2004/ros2_ws/install/canopen_base_driver/lib/liblely_driver_bridge.so" to ""
[35.212s] -- Installing: /home/ub2004/ros2_ws/install/canopen_base_driver/share/canopen_base_driver/environment/library_path.sh
[35.212s] -- Installing: /home/ub2004/ros2_ws/install/canopen_base_driver/share/canopen_base_driver/environment/library_path.dsv
[35.213s] -- Installing: /home/ub2004/ros2_ws/install/canopen_base_driver/share/ament_index/resource_index/package_run_dependencies/canopen_base_driver
[35.213s] -- Installing: /home/ub2004/ros2_ws/install/canopen_base_driver/share/ament_index/resource_index/parent_prefix_path/canopen_base_driver
[35.213s] -- Installing: /home/ub2004/ros2_ws/install/canopen_base_driver/share/canopen_base_driver/environment/ament_prefix_path.sh
[35.213s] -- Installing: /home/ub2004/ros2_ws/install/canopen_base_driver/share/canopen_base_driver/environment/ament_prefix_path.dsv
[35.213s] -- Installing: /home/ub2004/ros2_ws/install/canopen_base_driver/share/canopen_base_driver/environment/path.sh
[35.213s] -- Installing: /home/ub2004/ros2_ws/install/canopen_base_driver/share/canopen_base_driver/environment/path.dsv
[35.213s] -- Installing: /home/ub2004/ros2_ws/install/canopen_base_driver/share/canopen_base_driver/local_setup.bash
[35.214s] -- Installing: /home/ub2004/ros2_ws/install/canopen_base_driver/share/canopen_base_driver/local_setup.sh
[35.214s] -- Installing: /home/ub2004/ros2_ws/install/canopen_base_driver/share/canopen_base_driver/local_setup.zsh
[35.214s] -- Installing: /home/ub2004/ros2_ws/install/canopen_base_driver/share/canopen_base_driver/local_setup.dsv
[35.214s] -- Installing: /home/ub2004/ros2_ws/install/canopen_base_driver/share/canopen_base_driver/package.dsv
[35.214s] -- Installing: /home/ub2004/ros2_ws/install/canopen_base_driver/share/ament_index/resource_index/packages/canopen_base_driver
[35.214s] -- Installing: /home/ub2004/ros2_ws/install/canopen_base_driver/share/ament_index/resource_index/rclcpp_components/canopen_base_driver
[35.214s] -- Installing: /home/ub2004/ros2_ws/install/canopen_base_driver/share/canopen_base_driver/cmake/export_canopen_base_driverExport.cmake
[35.215s] -- Installing: /home/ub2004/ros2_ws/install/canopen_base_driver/share/canopen_base_driver/cmake/export_canopen_base_driverExport-noconfig.cmake
[35.215s] -- Installing: /home/ub2004/ros2_ws/install/canopen_base_driver/share/canopen_base_driver/cmake/ament_cmake_export_include_directories-extras.cmake
[35.215s] -- Installing: /home/ub2004/ros2_ws/install/canopen_base_driver/share/canopen_base_driver/cmake/ament_cmake_export_libraries-extras.cmake
[35.215s] -- Installing: /home/ub2004/ros2_ws/install/canopen_base_driver/share/canopen_base_driver/cmake/ament_cmake_export_targets-extras.cmake
[35.215s] -- Installing: /home/ub2004/ros2_ws/install/canopen_base_driver/share/canopen_base_driver/cmake/ament_cmake_export_dependencies-extras.cmake
[35.215s] -- Installing: /home/ub2004/ros2_ws/install/canopen_base_driver/share/canopen_base_driver/cmake/canopen_base_driverConfig.cmake
[35.216s] -- Installing: /home/ub2004/ros2_ws/install/canopen_base_driver/share/canopen_base_driver/cmake/canopen_base_driverConfig-version.cmake
[35.216s] -- Installing: /home/ub2004/ros2_ws/install/canopen_base_driver/share/canopen_base_driver/package.xml
[35.219s] Invoked command in '/home/ub2004/ros2_ws/build/canopen_base_driver' returned '0': CMAKE_PREFIX_PATH=/home/ub2004/ros2_ws/install/canopen_core:/home/ub2004/ros2_ws/install/lely_core_libraries:/home/ub2004/ros2_ws/install/canopen_interfaces:/home/ub2004/ros2_ws/install/canopen_tests:/home/ub2004/ros2_ws/install/canopen_ros2_controllers:/home/ub2004/ros2_ws/install/canopen_ros2_control:/home/ub2004/ros2_ws/install/canopen:/home/ub2004/ros2_ws/install/canopen_402_driver:/home/ub2004/ros2_ws/install/canopen_proxy_driver:/home/ub2004/ros2_ws/install/canopen_master_driver:/home/ub2004/ros2_ws/install/canopen_fake_slaves:/home/ub2004/ros2_ws/install/canopen_base_driver:/home/ub2004/ros2_ws/install/urdf_tutorial:/home/ub2004/ros2_ws/install/test_py:/home/ub2004/ros2_ws/install/canopen_utils:/home/ub2004/ros2_ws/install/can_comm:/home/ub2004/ros2_ws/install/agv_pak:/opt/ros/humble LD_LIBRARY_PATH=/home/ub2004/ros2_ws/install/canopen_core/lib:/home/ub2004/ros2_ws/install/lely_core_libraries/lib:/home/ub2004/ros2_ws/install/canopen_interfaces/lib:/home/ub2004/ros2_ws/install/canopen_ros2_controllers/lib:/home/ub2004/ros2_ws/install/canopen_ros2_control/lib:/home/ub2004/ros2_ws/install/canopen_402_driver/lib:/home/ub2004/ros2_ws/install/canopen_proxy_driver/lib:/home/ub2004/ros2_ws/install/canopen_master_driver/lib:/home/ub2004/ros2_ws/install/canopen_base_driver/lib:/opt/ros/humble/opt/rviz_ogre_vendor/lib:/opt/ros/humble/lib/x86_64-linux-gnu:/opt/ros/humble/lib PYTHONPATH=/home/ub2004/ros2_ws/install/lely_core_libraries/lib/python3.10/site-packages:/home/ub2004/ros2_ws/build/urdf_tutorial:/home/ub2004/ros2_ws/build/canopen_utils:/home/ub2004/ros2_ws/build/can_comm:/home/ub2004/ros2_ws/build/agv_pak:/home/ub2004/ros2_ws/install/urdf_tutorial/lib/python3.10/site-packages:/home/ub2004/ros2_ws/install/test_py/lib/python3.10/site-packages:/home/ub2004/ros2_ws/install/lely_core_libraries/local/lib/python3.10/dist-packages:/home/ub2004/ros2_ws/install/canopen_utils/lib/python3.10/site-packages:/home/ub2004/ros2_ws/install/canopen_interfaces/local/lib/python3.10/dist-packages:/home/ub2004/ros2_ws/install/can_comm/lib/python3.10/site-packages:/home/ub2004/ros2_ws/install/agv_pak/lib/python3.10/site-packages:/opt/ros/humble/lib/python3.10/site-packages:/opt/ros/humble/local/lib/python3.10/dist-packages /usr/bin/cmake --install /home/ub2004/ros2_ws/build/canopen_base_driver
