[0.052s] Invoking command in '/home/ub2004/ros2_ws/build/canopen_base_driver': CMAKE_PREFIX_PATH=/home/ub2004/ros2_ws/install/canopen_core:/home/ub2004/ros2_ws/install/lely_core_libraries:/home/ub2004/ros2_ws/install/canopen_interfaces:/home/ub2004/ros2_ws/install/canopen_tests:/home/ub2004/ros2_ws/install/canopen_ros2_controllers:/home/ub2004/ros2_ws/install/canopen_ros2_control:/home/ub2004/ros2_ws/install/canopen:/home/ub2004/ros2_ws/install/canopen_402_driver:/home/ub2004/ros2_ws/install/canopen_proxy_driver:/home/ub2004/ros2_ws/install/canopen_master_driver:/home/ub2004/ros2_ws/install/canopen_fake_slaves:/home/ub2004/ros2_ws/install/canopen_base_driver:/home/ub2004/ros2_ws/install/urdf_tutorial:/home/ub2004/ros2_ws/install/test_py:/home/ub2004/ros2_ws/install/canopen_utils:/home/ub2004/ros2_ws/install/can_comm:/home/ub2004/ros2_ws/install/agv_pak:/opt/ros/humble LD_LIBRARY_PATH=/home/ub2004/ros2_ws/install/canopen_core/lib:/home/ub2004/ros2_ws/install/lely_core_libraries/lib:/home/ub2004/ros2_ws/install/canopen_interfaces/lib:/home/ub2004/ros2_ws/install/canopen_ros2_controllers/lib:/home/ub2004/ros2_ws/install/canopen_ros2_control/lib:/home/ub2004/ros2_ws/install/canopen_402_driver/lib:/home/ub2004/ros2_ws/install/canopen_proxy_driver/lib:/home/ub2004/ros2_ws/install/canopen_master_driver/lib:/home/ub2004/ros2_ws/install/canopen_base_driver/lib:/opt/ros/humble/opt/rviz_ogre_vendor/lib:/opt/ros/humble/lib/x86_64-linux-gnu:/opt/ros/humble/lib PYTHONPATH=/home/ub2004/ros2_ws/install/lely_core_libraries/lib/python3.10/site-packages:/home/ub2004/ros2_ws/install/urdf_tutorial/lib/python3.10/site-packages:/home/ub2004/ros2_ws/install/test_py/lib/python3.10/site-packages:/home/ub2004/ros2_ws/install/lely_core_libraries/local/lib/python3.10/dist-packages:/home/ub2004/ros2_ws/install/canopen_utils/lib/python3.10/site-packages:/home/ub2004/ros2_ws/install/canopen_interfaces/local/lib/python3.10/dist-packages:/home/ub2004/ros2_ws/install/can_comm/lib/python3.10/site-packages:/home/ub2004/ros2_ws/install/agv_pak/lib/python3.10/site-packages:/opt/ros/humble/lib/python3.10/site-packages:/opt/ros/humble/local/lib/python3.10/dist-packages /usr/bin/cmake --build /home/ub2004/ros2_ws/build/canopen_base_driver -- -j8 -l8
[0.127s] [35m[1mConsolidate compiler generated dependencies of target lely_driver_bridge[0m
[0.133s] [ 18%] Built target gtest_main
[0.133s] [ 25%] Built target gtest
[0.158s] [35m[1mConsolidate compiler generated dependencies of target test_base_driver_component[0m
[0.202s] [ 31%] [32mBuilding CXX object CMakeFiles/lely_driver_bridge.dir/src/lely_driver_bridge.cpp.o[0m
[0.207s] [ 37%] [32mBuilding CXX object test/CMakeFiles/test_base_driver_component.dir/test_base_driver_component.cpp.o[0m
[8.777s] [ 43%] [32m[1mLinking CXX shared library liblely_driver_bridge.so[0m
[9.401s] [ 43%] Built target lely_driver_bridge
[9.437s] [35m[1mConsolidate compiler generated dependencies of target node_canopen_base_driver[0m
[9.480s] [ 50%] [32mBuilding CXX object CMakeFiles/node_canopen_base_driver.dir/src/node_interfaces/node_canopen_base_driver.cpp.o[0m
[10.207s] [ 56%] [32m[1mLinking CXX executable test_base_driver_component[0m
[10.520s] [ 56%] Built target test_base_driver_component
[20.476s] [ 62%] [32m[1mLinking CXX shared library libnode_canopen_base_driver.so[0m
[21.074s] [ 62%] Built target node_canopen_base_driver
[21.099s] [35m[1mConsolidate compiler generated dependencies of target lifecycle_base_driver[0m
[21.103s] [35m[1mConsolidate compiler generated dependencies of target test_node_canopen_base_driver_ros[0m
[21.109s] [35m[1mConsolidate compiler generated dependencies of target base_driver[0m
[21.144s] [ 68%] [32mBuilding CXX object CMakeFiles/lifecycle_base_driver.dir/src/lifecycle_base_driver.cpp.o[0m
[21.155s] [ 75%] [32mBuilding CXX object test/CMakeFiles/test_node_canopen_base_driver_ros.dir/test_node_canopen_base_driver_ros.cpp.o[0m
[21.162s] [ 81%] [32mBuilding CXX object CMakeFiles/base_driver.dir/src/base_driver.cpp.o[0m
[29.875s] [ 87%] [32m[1mLinking CXX shared library libbase_driver.so[0m
[30.374s] [ 87%] Built target base_driver
[31.911s] [ 93%] [32m[1mLinking CXX shared library liblifecycle_base_driver.so[0m
[32.404s] [ 93%] Built target lifecycle_base_driver
[33.451s] [100%] [32m[1mLinking CXX executable test_node_canopen_base_driver_ros[0m
[33.996s] [100%] Built target test_node_canopen_base_driver_ros
[34.013s] Invoked command in '/home/ub2004/ros2_ws/build/canopen_base_driver' returned '0': CMAKE_PREFIX_PATH=/home/ub2004/ros2_ws/install/canopen_core:/home/ub2004/ros2_ws/install/lely_core_libraries:/home/ub2004/ros2_ws/install/canopen_interfaces:/home/ub2004/ros2_ws/install/canopen_tests:/home/ub2004/ros2_ws/install/canopen_ros2_controllers:/home/ub2004/ros2_ws/install/canopen_ros2_control:/home/ub2004/ros2_ws/install/canopen:/home/ub2004/ros2_ws/install/canopen_402_driver:/home/ub2004/ros2_ws/install/canopen_proxy_driver:/home/ub2004/ros2_ws/install/canopen_master_driver:/home/ub2004/ros2_ws/install/canopen_fake_slaves:/home/ub2004/ros2_ws/install/canopen_base_driver:/home/ub2004/ros2_ws/install/urdf_tutorial:/home/ub2004/ros2_ws/install/test_py:/home/ub2004/ros2_ws/install/canopen_utils:/home/ub2004/ros2_ws/install/can_comm:/home/ub2004/ros2_ws/install/agv_pak:/opt/ros/humble LD_LIBRARY_PATH=/home/ub2004/ros2_ws/install/canopen_core/lib:/home/ub2004/ros2_ws/install/lely_core_libraries/lib:/home/ub2004/ros2_ws/install/canopen_interfaces/lib:/home/ub2004/ros2_ws/install/canopen_ros2_controllers/lib:/home/ub2004/ros2_ws/install/canopen_ros2_control/lib:/home/ub2004/ros2_ws/install/canopen_402_driver/lib:/home/ub2004/ros2_ws/install/canopen_proxy_driver/lib:/home/ub2004/ros2_ws/install/canopen_master_driver/lib:/home/ub2004/ros2_ws/install/canopen_base_driver/lib:/opt/ros/humble/opt/rviz_ogre_vendor/lib:/opt/ros/humble/lib/x86_64-linux-gnu:/opt/ros/humble/lib PYTHONPATH=/home/ub2004/ros2_ws/install/lely_core_libraries/lib/python3.10/site-packages:/home/ub2004/ros2_ws/install/urdf_tutorial/lib/python3.10/site-packages:/home/ub2004/ros2_ws/install/test_py/lib/python3.10/site-packages:/home/ub2004/ros2_ws/install/lely_core_libraries/local/lib/python3.10/dist-packages:/home/ub2004/ros2_ws/install/canopen_utils/lib/python3.10/site-packages:/home/ub2004/ros2_ws/install/canopen_interfaces/local/lib/python3.10/dist-packages:/home/ub2004/ros2_ws/install/can_comm/lib/python3.10/site-packages:/home/ub2004/ros2_ws/install/agv_pak/lib/python3.10/site-packages:/opt/ros/humble/lib/python3.10/site-packages:/opt/ros/humble/local/lib/python3.10/dist-packages /usr/bin/cmake --build /home/ub2004/ros2_ws/build/canopen_base_driver -- -j8 -l8
[34.017s] Invoking command in '/home/ub2004/ros2_ws/build/canopen_base_driver': CMAKE_PREFIX_PATH=/home/ub2004/ros2_ws/install/canopen_core:/home/ub2004/ros2_ws/install/lely_core_libraries:/home/ub2004/ros2_ws/install/canopen_interfaces:/home/ub2004/ros2_ws/install/canopen_tests:/home/ub2004/ros2_ws/install/canopen_ros2_controllers:/home/ub2004/ros2_ws/install/canopen_ros2_control:/home/ub2004/ros2_ws/install/canopen:/home/ub2004/ros2_ws/install/canopen_402_driver:/home/ub2004/ros2_ws/install/canopen_proxy_driver:/home/ub2004/ros2_ws/install/canopen_master_driver:/home/ub2004/ros2_ws/install/canopen_fake_slaves:/home/ub2004/ros2_ws/install/canopen_base_driver:/home/ub2004/ros2_ws/install/urdf_tutorial:/home/ub2004/ros2_ws/install/test_py:/home/ub2004/ros2_ws/install/canopen_utils:/home/ub2004/ros2_ws/install/can_comm:/home/ub2004/ros2_ws/install/agv_pak:/opt/ros/humble LD_LIBRARY_PATH=/home/ub2004/ros2_ws/install/canopen_core/lib:/home/ub2004/ros2_ws/install/lely_core_libraries/lib:/home/ub2004/ros2_ws/install/canopen_interfaces/lib:/home/ub2004/ros2_ws/install/canopen_ros2_controllers/lib:/home/ub2004/ros2_ws/install/canopen_ros2_control/lib:/home/ub2004/ros2_ws/install/canopen_402_driver/lib:/home/ub2004/ros2_ws/install/canopen_proxy_driver/lib:/home/ub2004/ros2_ws/install/canopen_master_driver/lib:/home/ub2004/ros2_ws/install/canopen_base_driver/lib:/opt/ros/humble/opt/rviz_ogre_vendor/lib:/opt/ros/humble/lib/x86_64-linux-gnu:/opt/ros/humble/lib PYTHONPATH=/home/ub2004/ros2_ws/install/lely_core_libraries/lib/python3.10/site-packages:/home/ub2004/ros2_ws/install/urdf_tutorial/lib/python3.10/site-packages:/home/ub2004/ros2_ws/install/test_py/lib/python3.10/site-packages:/home/ub2004/ros2_ws/install/lely_core_libraries/local/lib/python3.10/dist-packages:/home/ub2004/ros2_ws/install/canopen_utils/lib/python3.10/site-packages:/home/ub2004/ros2_ws/install/canopen_interfaces/local/lib/python3.10/dist-packages:/home/ub2004/ros2_ws/install/can_comm/lib/python3.10/site-packages:/home/ub2004/ros2_ws/install/agv_pak/lib/python3.10/site-packages:/opt/ros/humble/lib/python3.10/site-packages:/opt/ros/humble/local/lib/python3.10/dist-packages /usr/bin/cmake --install /home/ub2004/ros2_ws/build/canopen_base_driver
[34.028s] -- Install configuration: ""
[34.029s] -- Up-to-date: /home/ub2004/ros2_ws/install/canopen_base_driver/include
[34.029s] -- Up-to-date: /home/ub2004/ros2_ws/install/canopen_base_driver/include/canopen_base_driver
[34.029s] -- Up-to-date: /home/ub2004/ros2_ws/install/canopen_base_driver/include/canopen_base_driver/lely_driver_bridge.hpp
[34.029s] -- Up-to-date: /home/ub2004/ros2_ws/install/canopen_base_driver/include/canopen_base_driver/node_interfaces
[34.029s] -- Up-to-date: /home/ub2004/ros2_ws/install/canopen_base_driver/include/canopen_base_driver/node_interfaces/node_canopen_base_driver_impl.hpp
[34.029s] -- Up-to-date: /home/ub2004/ros2_ws/install/canopen_base_driver/include/canopen_base_driver/node_interfaces/node_canopen_base_driver.hpp
[34.029s] -- Up-to-date: /home/ub2004/ros2_ws/install/canopen_base_driver/include/canopen_base_driver/base_driver.hpp
[34.030s] -- Up-to-date: /home/ub2004/ros2_ws/install/canopen_base_driver/include/canopen_base_driver/lifecycle_base_driver.hpp
[34.030s] -- Up-to-date: /home/ub2004/ros2_ws/install/canopen_base_driver/include/canopen_base_driver/visibility_control.h
[34.030s] -- Up-to-date: /home/ub2004/ros2_ws/install/canopen_base_driver/include/canopen_base_driver/diagnostic_collector.hpp
[34.030s] -- Installing: /home/ub2004/ros2_ws/install/canopen_base_driver/lib/liblifecycle_base_driver.so
[34.032s] -- Set runtime path of "/home/ub2004/ros2_ws/install/canopen_base_driver/lib/liblifecycle_base_driver.so" to ""
[34.033s] -- Installing: /home/ub2004/ros2_ws/install/canopen_base_driver/lib/libbase_driver.so
[34.035s] -- Set runtime path of "/home/ub2004/ros2_ws/install/canopen_base_driver/lib/libbase_driver.so" to ""
[34.036s] -- Installing: /home/ub2004/ros2_ws/install/canopen_base_driver/lib/libnode_canopen_base_driver.so
[34.042s] -- Set runtime path of "/home/ub2004/ros2_ws/install/canopen_base_driver/lib/libnode_canopen_base_driver.so" to ""
[34.043s] -- Installing: /home/ub2004/ros2_ws/install/canopen_base_driver/lib/liblely_driver_bridge.so
[34.045s] -- Set runtime path of "/home/ub2004/ros2_ws/install/canopen_base_driver/lib/liblely_driver_bridge.so" to ""
[34.045s] -- Up-to-date: /home/ub2004/ros2_ws/install/canopen_base_driver/share/canopen_base_driver/environment/library_path.sh
[34.046s] -- Up-to-date: /home/ub2004/ros2_ws/install/canopen_base_driver/share/canopen_base_driver/environment/library_path.dsv
[34.046s] -- Up-to-date: /home/ub2004/ros2_ws/install/canopen_base_driver/share/ament_index/resource_index/package_run_dependencies/canopen_base_driver
[34.046s] -- Up-to-date: /home/ub2004/ros2_ws/install/canopen_base_driver/share/ament_index/resource_index/parent_prefix_path/canopen_base_driver
[34.046s] -- Up-to-date: /home/ub2004/ros2_ws/install/canopen_base_driver/share/canopen_base_driver/environment/ament_prefix_path.sh
[34.046s] -- Up-to-date: /home/ub2004/ros2_ws/install/canopen_base_driver/share/canopen_base_driver/environment/ament_prefix_path.dsv
[34.046s] -- Up-to-date: /home/ub2004/ros2_ws/install/canopen_base_driver/share/canopen_base_driver/environment/path.sh
[34.046s] -- Up-to-date: /home/ub2004/ros2_ws/install/canopen_base_driver/share/canopen_base_driver/environment/path.dsv
[34.047s] -- Up-to-date: /home/ub2004/ros2_ws/install/canopen_base_driver/share/canopen_base_driver/local_setup.bash
[34.047s] -- Up-to-date: /home/ub2004/ros2_ws/install/canopen_base_driver/share/canopen_base_driver/local_setup.sh
[34.047s] -- Up-to-date: /home/ub2004/ros2_ws/install/canopen_base_driver/share/canopen_base_driver/local_setup.zsh
[34.047s] -- Up-to-date: /home/ub2004/ros2_ws/install/canopen_base_driver/share/canopen_base_driver/local_setup.dsv
[34.047s] -- Installing: /home/ub2004/ros2_ws/install/canopen_base_driver/share/canopen_base_driver/package.dsv
[34.047s] -- Up-to-date: /home/ub2004/ros2_ws/install/canopen_base_driver/share/ament_index/resource_index/packages/canopen_base_driver
[34.047s] -- Up-to-date: /home/ub2004/ros2_ws/install/canopen_base_driver/share/ament_index/resource_index/rclcpp_components/canopen_base_driver
[34.048s] -- Up-to-date: /home/ub2004/ros2_ws/install/canopen_base_driver/share/canopen_base_driver/cmake/export_canopen_base_driverExport.cmake
[34.048s] -- Up-to-date: /home/ub2004/ros2_ws/install/canopen_base_driver/share/canopen_base_driver/cmake/export_canopen_base_driverExport-noconfig.cmake
[34.048s] -- Up-to-date: /home/ub2004/ros2_ws/install/canopen_base_driver/share/canopen_base_driver/cmake/ament_cmake_export_include_directories-extras.cmake
[34.048s] -- Up-to-date: /home/ub2004/ros2_ws/install/canopen_base_driver/share/canopen_base_driver/cmake/ament_cmake_export_libraries-extras.cmake
[34.048s] -- Up-to-date: /home/ub2004/ros2_ws/install/canopen_base_driver/share/canopen_base_driver/cmake/ament_cmake_export_targets-extras.cmake
[34.048s] -- Up-to-date: /home/ub2004/ros2_ws/install/canopen_base_driver/share/canopen_base_driver/cmake/ament_cmake_export_dependencies-extras.cmake
[34.048s] -- Up-to-date: /home/ub2004/ros2_ws/install/canopen_base_driver/share/canopen_base_driver/cmake/canopen_base_driverConfig.cmake
[34.048s] -- Up-to-date: /home/ub2004/ros2_ws/install/canopen_base_driver/share/canopen_base_driver/cmake/canopen_base_driverConfig-version.cmake
[34.049s] -- Up-to-date: /home/ub2004/ros2_ws/install/canopen_base_driver/share/canopen_base_driver/package.xml
[34.052s] Invoked command in '/home/ub2004/ros2_ws/build/canopen_base_driver' returned '0': CMAKE_PREFIX_PATH=/home/ub2004/ros2_ws/install/canopen_core:/home/ub2004/ros2_ws/install/lely_core_libraries:/home/ub2004/ros2_ws/install/canopen_interfaces:/home/ub2004/ros2_ws/install/canopen_tests:/home/ub2004/ros2_ws/install/canopen_ros2_controllers:/home/ub2004/ros2_ws/install/canopen_ros2_control:/home/ub2004/ros2_ws/install/canopen:/home/ub2004/ros2_ws/install/canopen_402_driver:/home/ub2004/ros2_ws/install/canopen_proxy_driver:/home/ub2004/ros2_ws/install/canopen_master_driver:/home/ub2004/ros2_ws/install/canopen_fake_slaves:/home/ub2004/ros2_ws/install/canopen_base_driver:/home/ub2004/ros2_ws/install/urdf_tutorial:/home/ub2004/ros2_ws/install/test_py:/home/ub2004/ros2_ws/install/canopen_utils:/home/ub2004/ros2_ws/install/can_comm:/home/ub2004/ros2_ws/install/agv_pak:/opt/ros/humble LD_LIBRARY_PATH=/home/ub2004/ros2_ws/install/canopen_core/lib:/home/ub2004/ros2_ws/install/lely_core_libraries/lib:/home/ub2004/ros2_ws/install/canopen_interfaces/lib:/home/ub2004/ros2_ws/install/canopen_ros2_controllers/lib:/home/ub2004/ros2_ws/install/canopen_ros2_control/lib:/home/ub2004/ros2_ws/install/canopen_402_driver/lib:/home/ub2004/ros2_ws/install/canopen_proxy_driver/lib:/home/ub2004/ros2_ws/install/canopen_master_driver/lib:/home/ub2004/ros2_ws/install/canopen_base_driver/lib:/opt/ros/humble/opt/rviz_ogre_vendor/lib:/opt/ros/humble/lib/x86_64-linux-gnu:/opt/ros/humble/lib PYTHONPATH=/home/ub2004/ros2_ws/install/lely_core_libraries/lib/python3.10/site-packages:/home/ub2004/ros2_ws/install/urdf_tutorial/lib/python3.10/site-packages:/home/ub2004/ros2_ws/install/test_py/lib/python3.10/site-packages:/home/ub2004/ros2_ws/install/lely_core_libraries/local/lib/python3.10/dist-packages:/home/ub2004/ros2_ws/install/canopen_utils/lib/python3.10/site-packages:/home/ub2004/ros2_ws/install/canopen_interfaces/local/lib/python3.10/dist-packages:/home/ub2004/ros2_ws/install/can_comm/lib/python3.10/site-packages:/home/ub2004/ros2_ws/install/agv_pak/lib/python3.10/site-packages:/opt/ros/humble/lib/python3.10/site-packages:/opt/ros/humble/local/lib/python3.10/dist-packages /usr/bin/cmake --install /home/ub2004/ros2_ws/build/canopen_base_driver
