[  1%] Built target canopen_interfaces__cpp
[  1%] Built target ament_cmake_python_symlink_canopen_interfaces
[ 12%] Built target canopen_interfaces__rosidl_generator_c
[ 24%] Built target canopen_interfaces__rosidl_typesupport_introspection_cpp
[ 35%] Built target canopen_interfaces__rosidl_typesupport_introspection_c
[ 47%] Built target canopen_interfaces__rosidl_typesupport_cpp
[ 58%] Built target canopen_interfaces__rosidl_typesupport_fastrtps_cpp
[ 70%] Built target canopen_interfaces__rosidl_typesupport_c
[ 82%] Built target canopen_interfaces__rosidl_typesupport_fastrtps_c
[ 82%] Built target canopen_interfaces
[ 83%] Built target canopen_interfaces__py
[ 93%] Built target canopen_interfaces__rosidl_generator_py
[ 95%] Built target canopen_interfaces__rosidl_typesupport_fastrtps_c__pyext
[ 97%] Built target canopen_interfaces__rosidl_typesupport_introspection_c__pyext
[100%] Built target canopen_interfaces__rosidl_typesupport_c__pyext
running egg_info
writing canopen_interfaces.egg-info/PKG-INFO
writing dependency_links to canopen_interfaces.egg-info/dependency_links.txt
writing top-level names to canopen_interfaces.egg-info/top_level.txt
reading manifest file 'canopen_interfaces.egg-info/SOURCES.txt'
writing manifest file 'canopen_interfaces.egg-info/SOURCES.txt'
[100%] Built target ament_cmake_python_build_canopen_interfaces_egg
