[1.755s] Invoking command in '/home/ub2004/ros2_ws/build/agv_pak': PYTHONPATH=/home/ub2004/ros2_ws/build/agv_pak/prefix_override:/usr/lib/python3/dist-packages/colcon_core/task/python/colcon_distutils_commands:/home/ub2004/ros2_ws/install/agv_pak/lib/python3.10/site-packages:${PYTHONPATH} /usr/bin/python3 -W ignore:setup.py install is deprecated -W ignore:easy_install command is deprecated setup.py develop --editable --build-directory /home/ub2004/ros2_ws/build/agv_pak/build --no-deps symlink_data
[2.247s] running develop
[2.578s] running egg_info
[2.578s] creating agv_pak.egg-info
[2.579s] writing agv_pak.egg-info/PKG-INFO
[2.579s] writing dependency_links to agv_pak.egg-info/dependency_links.txt
[2.580s] writing entry points to agv_pak.egg-info/entry_points.txt
[2.580s] writing requirements to agv_pak.egg-info/requires.txt
[2.580s] writing top-level names to agv_pak.egg-info/top_level.txt
[2.580s] writing manifest file 'agv_pak.egg-info/SOURCES.txt'
[2.582s] reading manifest file 'agv_pak.egg-info/SOURCES.txt'
[2.583s] writing manifest file 'agv_pak.egg-info/SOURCES.txt'
[2.585s] running build_ext
[2.586s] Creating /home/ub2004/ros2_ws/install/agv_pak/lib/python3.10/site-packages/agv-pak.egg-link (link to .)
[2.587s] Installing agv_node script to /home/ub2004/ros2_ws/install/agv_pak/lib/agv_pak
[2.587s] Installing agv_node_2 script to /home/ub2004/ros2_ws/install/agv_pak/lib/agv_pak
[2.588s] Installing agv_test_node.py script to /home/ub2004/ros2_ws/install/agv_pak/lib/agv_pak
[2.588s] Installing can_talker script to /home/ub2004/ros2_ws/install/agv_pak/lib/agv_pak
[2.588s] 
[2.589s] Installed /home/ub2004/ros2_ws/build/agv_pak
[2.589s] running symlink_data
[2.589s] creating /home/ub2004/ros2_ws/install/agv_pak/share/ament_index
[2.589s] creating /home/ub2004/ros2_ws/install/agv_pak/share/ament_index/resource_index
[2.590s] creating /home/ub2004/ros2_ws/install/agv_pak/share/ament_index/resource_index/packages
[2.590s] symbolically linking /home/ub2004/ros2_ws/build/agv_pak/resource/agv_pak -> /home/ub2004/ros2_ws/install/agv_pak/share/ament_index/resource_index/packages
[2.590s] symbolically linking /home/ub2004/ros2_ws/build/agv_pak/package.xml -> /home/ub2004/ros2_ws/install/agv_pak/share/agv_pak
[2.590s] creating /home/ub2004/ros2_ws/install/agv_pak/share/agv_pak/scripts
[2.590s] symbolically linking /home/ub2004/ros2_ws/build/agv_pak/scripts/can_talker.py -> /home/ub2004/ros2_ws/install/agv_pak/share/agv_pak/scripts
[2.678s] Invoked command in '/home/ub2004/ros2_ws/build/agv_pak' returned '0': PYTHONPATH=/home/ub2004/ros2_ws/build/agv_pak/prefix_override:/usr/lib/python3/dist-packages/colcon_core/task/python/colcon_distutils_commands:/home/ub2004/ros2_ws/install/agv_pak/lib/python3.10/site-packages:${PYTHONPATH} /usr/bin/python3 -W ignore:setup.py install is deprecated -W ignore:easy_install command is deprecated setup.py develop --editable --build-directory /home/ub2004/ros2_ws/build/agv_pak/build --no-deps symlink_data
