[1.838s] Invoking command in '/home/ub2004/ros2_ws/src/can_comm': PYTHONPATH=/home/ub2004/ros2_ws/build/can_comm/prefix_override:/usr/lib/python3/dist-packages/colcon_core/task/python/colcon_distutils_commands:/home/ub2004/ros2_ws/install/can_comm/lib/python3.10/site-packages:${PYTHONPATH} /usr/bin/python3 -W ignore:setup.py install is deprecated -W ignore:easy_install command is deprecated setup.py egg_info --egg-base ../../build/can_comm build --build-base /home/ub2004/ros2_ws/build/can_comm/build install --record /home/ub2004/ros2_ws/build/can_comm/install.log --single-version-externally-managed install_data
[2.127s] running egg_info
[2.128s] writing ../../build/can_comm/can_comm.egg-info/PKG-INFO
[2.129s] writing dependency_links to ../../build/can_comm/can_comm.egg-info/dependency_links.txt
[2.129s] writing entry points to ../../build/can_comm/can_comm.egg-info/entry_points.txt
[2.129s] writing requirements to ../../build/can_comm/can_comm.egg-info/requires.txt
[2.129s] writing top-level names to ../../build/can_comm/can_comm.egg-info/top_level.txt
[2.131s] reading manifest file '../../build/can_comm/can_comm.egg-info/SOURCES.txt'
[2.132s] writing manifest file '../../build/can_comm/can_comm.egg-info/SOURCES.txt'
[2.133s] running build
[2.133s] running build_py
[2.134s] copying can_comm/agv_odometry_sub.py -> /home/ub2004/ros2_ws/build/can_comm/build/lib/can_comm
[2.134s] copying can_comm/agv_odometry_pub.py -> /home/ub2004/ros2_ws/build/can_comm/build/lib/can_comm
[2.134s] copying can_comm/auto_drive.py -> /home/ub2004/ros2_ws/build/can_comm/build/lib/can_comm
[2.135s] copying can_comm/joystick_node.py -> /home/ub2004/ros2_ws/build/can_comm/build/lib/can_comm
[2.135s] running install
[2.135s] running install_lib
[2.136s] copying /home/ub2004/ros2_ws/build/can_comm/build/lib/can_comm/agv_odometry_sub.py -> /home/ub2004/ros2_ws/install/can_comm/lib/python3.10/site-packages/can_comm
[2.137s] copying /home/ub2004/ros2_ws/build/can_comm/build/lib/can_comm/agv_odometry_pub.py -> /home/ub2004/ros2_ws/install/can_comm/lib/python3.10/site-packages/can_comm
[2.137s] copying /home/ub2004/ros2_ws/build/can_comm/build/lib/can_comm/auto_drive.py -> /home/ub2004/ros2_ws/install/can_comm/lib/python3.10/site-packages/can_comm
[2.137s] copying /home/ub2004/ros2_ws/build/can_comm/build/lib/can_comm/joystick_node.py -> /home/ub2004/ros2_ws/install/can_comm/lib/python3.10/site-packages/can_comm
[2.138s] byte-compiling /home/ub2004/ros2_ws/install/can_comm/lib/python3.10/site-packages/can_comm/agv_odometry_sub.py to agv_odometry_sub.cpython-310.pyc
[2.138s] byte-compiling /home/ub2004/ros2_ws/install/can_comm/lib/python3.10/site-packages/can_comm/agv_odometry_pub.py to agv_odometry_pub.cpython-310.pyc
[2.139s] byte-compiling /home/ub2004/ros2_ws/install/can_comm/lib/python3.10/site-packages/can_comm/auto_drive.py to auto_drive.cpython-310.pyc
[2.140s] byte-compiling /home/ub2004/ros2_ws/install/can_comm/lib/python3.10/site-packages/can_comm/joystick_node.py to joystick_node.cpython-310.pyc
[2.141s] running install_data
[2.141s] running install_egg_info
[2.143s] removing '/home/ub2004/ros2_ws/install/can_comm/lib/python3.10/site-packages/can_comm-0.0.0-py3.10.egg-info' (and everything under it)
[2.144s] Copying ../../build/can_comm/can_comm.egg-info to /home/ub2004/ros2_ws/install/can_comm/lib/python3.10/site-packages/can_comm-0.0.0-py3.10.egg-info
[2.145s] running install_scripts
[2.169s] Installing agv_odometry_pub script to /home/ub2004/ros2_ws/install/can_comm/lib/can_comm
[2.169s] Installing agv_odometry_sub script to /home/ub2004/ros2_ws/install/can_comm/lib/can_comm
[2.169s] Installing auto_drive script to /home/ub2004/ros2_ws/install/can_comm/lib/can_comm
[2.169s] Installing can_velocity script to /home/ub2004/ros2_ws/install/can_comm/lib/can_comm
[2.169s] Installing joystick_node script to /home/ub2004/ros2_ws/install/can_comm/lib/can_comm
[2.170s] writing list of installed files to '/home/ub2004/ros2_ws/build/can_comm/install.log'
[2.210s] Invoked command in '/home/ub2004/ros2_ws/src/can_comm' returned '0': PYTHONPATH=/home/ub2004/ros2_ws/build/can_comm/prefix_override:/usr/lib/python3/dist-packages/colcon_core/task/python/colcon_distutils_commands:/home/ub2004/ros2_ws/install/can_comm/lib/python3.10/site-packages:${PYTHONPATH} /usr/bin/python3 -W ignore:setup.py install is deprecated -W ignore:easy_install command is deprecated setup.py egg_info --egg-base ../../build/can_comm build --build-base /home/ub2004/ros2_ws/build/can_comm/build install --record /home/ub2004/ros2_ws/build/can_comm/install.log --single-version-externally-managed install_data
