-- Found ament_cmake: 1.3.11 (/opt/ros/humble/share/ament_cmake/cmake)
-- Override CMake install command with custom implementation using symlinks instead of copying resources
-- Configuring done
-- Generating done
-- Build files have been written to: /home/ub2004/ros2_ws/build/lely_core_libraries
failed to create symbolic link '/home/ub2004/ros2_ws/build/lely_core_libraries/ament_cmake_python/cogen/cogen' because existing path cannot be removed: Is a directory
gmake[2]: *** [CMakeFiles/ament_cmake_python_symlink_cogen.dir/build.make:70: CMakeFiles/ament_cmake_python_symlink_cogen] ì˜¤ë¥˜ 1
gmake[1]: *** [CMakeFiles/Makefile2:169: CMakeFiles/ament_cmake_python_symlink_cogen.dir/all] ì˜¤ë¥˜ 2
gmake[1]: *** ëë‚˜ì§€ ì•Šì€ ìž‘ì—…ì„ ê¸°ë‹¤ë¦¬ê³  ìžˆìŠµë‹ˆë‹¤....
[ 12%] [34m[1mPerforming update step for 'upstr_lely_core_libraries'[0m
[ 12%] Built target ament_cmake_python_symlink_cogen_setup
HEADì˜ í˜„ìž¬ ìœ„ì¹˜ëŠ” b63a0b6fìž…ë‹ˆë‹¤ co: fix co_time_of_day_set() to actually store the result
configure.ac íŒ¨ì¹˜ë¥¼ í™•ì¸í•˜ëŠ” ì¤‘ìž…ë‹ˆë‹¤...
íŒ¨ì¹˜ 1ë²ˆ ë¶€ë¶„ 577ë²ˆ ì¤„ì—ì„œ ì„±ê³µ (ì˜¤í”„ì…‹ 8ë²ˆ ì¤„)
python/dcf-tools/Makefile.am íŒ¨ì¹˜ë¥¼ í™•ì¸í•˜ëŠ” ì¤‘ìž…ë‹ˆë‹¤...
configure.ac íŒ¨ì¹˜ ê¹”ë”í•˜ê²Œ ì ìš©.
python/dcf-tools/Makefile.am íŒ¨ì¹˜ ê¹”ë”í•˜ê²Œ ì ìš©.
[ 25%] [34m[1mNo patch step for 'upstr_lely_core_libraries'[0m
[ 37%] [34m[1mPerforming configure step for 'upstr_lely_core_libraries'[0m
configure.ac:17: warning: The macro `AC_PROG_CC_STDC' is obsolete.
configure.ac:17: You should run autoupdate.
./lib/autoconf/c.m4:1666: AC_PROG_CC_STDC is expanded from...
configure.ac:17: the top level
configure.ac:442: warning: AC_CHECK_HEADERS($ixxat_header): you should use literals
./lib/autoconf/headers.m4:217: AC_CHECK_HEADERS is expanded from...
lib/m4sugar/m4sh.m4:699: AS_IF is expanded from...
lib/m4sugar/m4sh.m4:699: AS_IF is expanded from...
configure.ac:442: the top level
checking build system type... x86_64-pc-linux-gnu
checking host system type... x86_64-pc-linux-gnu
checking target system type... x86_64-pc-linux-gnu
checking for a BSD-compatible install... /usr/bin/install -c
checking whether build environment is sane... yes
checking for a race-free mkdir -p... /usr/bin/mkdir -p
checking for gawk... no
checking for mawk... mawk
checking whether make sets $(MAKE)... yes
checking whether make supports nested variables... yes
checking whether to enable maintainer-specific portions of Makefiles... yes
checking whether make supports nested variables... (cached) yes
checking for a sed that does not truncate output... /usr/bin/sed
checking whether to build with code coverage support... no
checking for valgrind... no
checking whether make supports the include directive... yes (GNU style)
checking for gcc... gcc
checking whether the C compiler works... yes
checking for C compiler default output file name... a.out
checking for suffix of executables... 
checking whether we are cross compiling... no
checking for suffix of object files... o
checking whether the compiler supports GNU C... yes
checking whether gcc accepts -g... yes
checking for gcc option to enable C11 features... none needed
checking whether gcc understands -c and -o together... yes
checking dependency style of gcc... gcc3
checking for stdio.h... yes
checking for stdlib.h... yes
checking for string.h... yes
checking for inttypes.h... yes
checking for stdint.h... yes
checking for strings.h... yes
checking for sys/stat.h... yes
checking for sys/types.h... yes
checking for unistd.h... yes
checking for wchar.h... yes
checking for minix/config.h... no
checking whether it is safe to define __EXTENSIONS__... yes
checking whether _XOPEN_SOURCE should be defined... no
checking for g++... g++
checking whether the compiler supports GNU C++... yes
checking whether g++ accepts -g... yes
checking for g++ option to enable C++11 features... none needed
checking dependency style of g++... gcc3
checking whether g++ supports C++11 features with -std=gnu++11... yes
checking how to print strings... printf
checking for a sed that does not truncate output... (cached) /usr/bin/sed
checking for grep that handles long lines and -e... /usr/bin/grep
checking for egrep... /usr/bin/grep -E
checking for fgrep... /usr/bin/grep -F
checking for ld used by gcc... /usr/bin/ld
checking if the linker (/usr/bin/ld) is GNU ld... yes
checking for BSD- or MS-compatible name lister (nm)... /usr/bin/nm -B
checking the name lister (/usr/bin/nm -B) interface... BSD nm
checking whether ln -s works... yes
checking the maximum length of command line arguments... 1572864
checking how to convert x86_64-pc-linux-gnu file names to x86_64-pc-linux-gnu format... func_convert_file_noop
checking how to convert x86_64-pc-linux-gnu file names to toolchain format... func_convert_file_noop
checking for /usr/bin/ld option to reload object files... -r
checking for objdump... objdump
checking how to recognize dependent libraries... pass_all
checking for dlltool... no
checking how to associate runtime and link libraries... printf %s\n
checking for ar... ar
checking for archiver @FILE support... @
checking for strip... strip
checking for ranlib... ranlib
checking command to parse /usr/bin/nm -B output from gcc object... ok
checking for sysroot... no
checking for a working dd... /usr/bin/dd
checking how to truncate binary pipes... /usr/bin/dd bs=4096 count=1
checking for mt... mt
checking if mt is a manifest tool... no
checking for dlfcn.h... yes
checking for objdir... .libs
checking if gcc supports -fno-rtti -fno-exceptions... no
checking for gcc option to produce PIC... -fPIC -DPIC
checking if gcc PIC flag -fPIC -DPIC works... yes
checking if gcc static flag -static works... yes
checking if gcc supports -c -o file.o... yes
checking if gcc supports -c -o file.o... (cached) yes
checking whether the gcc linker (/usr/bin/ld -m elf_x86_64) supports shared libraries... yes
checking whether -lc should be explicitly linked in... no
checking dynamic linker characteristics... GNU/Linux ld.so
checking how to hardcode library paths into programs... immediate
checking whether stripping libraries is possible... yes
checking if libtool supports shared libraries... yes
checking whether to build shared libraries... yes
checking whether to build static libraries... no
checking how to run the C++ preprocessor... g++ -std=gnu++11 -E
checking for ld used by g++ -std=gnu++11... /usr/bin/ld -m elf_x86_64
checking if the linker (/usr/bin/ld -m elf_x86_64) is GNU ld... yes
checking whether the g++ -std=gnu++11 linker (/usr/bin/ld -m elf_x86_64) supports shared libraries... yes
checking for g++ -std=gnu++11 option to produce PIC... -fPIC -DPIC
checking if g++ -std=gnu++11 PIC flag -fPIC -DPIC works... yes
checking if g++ -std=gnu++11 static flag -static works... yes
checking if g++ -std=gnu++11 supports -c -o file.o... yes
checking if g++ -std=gnu++11 supports -c -o file.o... (cached) yes
checking whether the g++ -std=gnu++11 linker (/usr/bin/ld -m elf_x86_64) supports shared libraries... yes
checking dynamic linker characteristics... (cached) GNU/Linux ld.so
checking how to hardcode library paths into programs... immediate
checking for windres... no
checking for timer_create in -lrt... yes
checking how to run the C preprocessor... gcc -E
checking whether gcc is Clang... no
checking whether pthreads work with "-pthread" and "-lpthread"... yes
checking for joinable pthread attribute... PTHREAD_CREATE_JOINABLE
checking whether more special flags are required for pthreads... no
checking for PTHREAD_PRIO_INHERIT... yes
checking for pkg-config... /usr/bin/pkg-config
checking pkg-config is at least version 0.9.0... yes
checking for cpputest >= 4... no
checking for valgrind/valgrind.h... no
checking for linux/can.h... yes
checking for linux/can/error.h... yes
checking for bluetooth/bluetooth.h... no
checking for bluetooth/rfcomm.h... no
checking for library containing str2ba... no
checking for ifaddrs.h... yes
checking for linux/can/netlink.h... yes
checking for linux/can/raw.h... yes
checking for linux/rtnetlink.h... yes
checking for sys/epoll.h... yes
checking for sys/ioctl.h... yes
checking for a Python interpreter with version >= 3.3... python3
checking for python3... /usr/bin/python3
checking for python3 version... 3.10
checking for python3 platform... linux
checking for GNU default python3 prefix... ${prefix}
checking for GNU default python3 exec_prefix... ${exec_prefix}
checking for python3 script directory (pythondir)... ${PYTHON_PREFIX}/lib/python3.10/site-packages
checking for python3 extension module directory (pyexecdir)... ${PYTHON_EXEC_PREFIX}/lib/python3.10/site-packages
checking for gawk... (cached) mawk
checking that generated files are newer than configure... done
configure: creating ./config.status
config.status: creating doc/Doxyfile
config.status: creating doc/Makefile
config.status: creating include/Makefile
config.status: creating pkgconfig/liblely-can.pc
config.status: creating pkgconfig/liblely-co.pc
config.status: creating pkgconfig/liblely-coapp.pc
config.status: creating pkgconfig/liblely-ev.pc
config.status: creating pkgconfig/liblely-io.pc
config.status: creating pkgconfig/liblely-io2.pc
config.status: creating pkgconfig/liblely-libc.pc
config.status: creating pkgconfig/liblely-libc_rt.pc
config.status: creating pkgconfig/liblely-tap.pc
config.status: creating pkgconfig/liblely-util.pc
config.status: creating pkgconfig/Makefile
config.status: creating python/can/Makefile
config.status: creating python/dcf-tools/Makefile
config.status: creating python/io/Makefile
config.status: creating python/Makefile
config.status: creating src/can/Makefile
config.status: creating src/co/Makefile
config.status: creating src/co/version.rc
config.status: creating src/coapp/Makefile
config.status: creating src/coapp/version.rc
config.status: creating src/ev/Makefile
config.status: creating src/ev/version.rc
config.status: creating src/io/Makefile
config.status: creating src/io2/Makefile
config.status: creating src/io2/version.rc
config.status: creating src/libc/Makefile
config.status: creating src/libc/version.rc
config.status: creating src/tap/Makefile
config.status: creating src/tap/version.rc
config.status: creating src/util/Makefile
config.status: creating src/util/version.rc
config.status: creating src/Makefile
config.status: creating tools/Makefile
config.status: creating tools/version.dcf2c.rc
config.status: creating test/co-nmt-master.dcf
config.status: creating test/Makefile
config.status: creating unit-tests/Makefile
config.status: creating exec-wrapper.sh
config.status: creating lcov-wrapper.sh
config.status: creating Makefile
config.status: creating config.h
config.status: config.h is unchanged
config.status: executing depfiles commands
config.status: executing libtool commands
[ 50%] [34m[1mPerforming build step for 'upstr_lely_core_libraries'[0m
config.status: creating config.h
config.status: config.h is unchanged
Making all in doc
Making all in include
Making all in src
Making all in libc
Making all in tap
Making all in util
Making all in can
Making all in co
Making all in io
Making all in ev
Making all in io2
Making all in coapp
Making all in python
Making all in dcf-tools
Making all in pkgconfig
[ 62%] [34m[1mNo install step for 'upstr_lely_core_libraries'[0m
[ 75%] [34m[1mCompleted 'upstr_lely_core_libraries'[0m
[100%] Built target upstr_lely_core_libraries
gmake: *** [Makefile:146: all] ì˜¤ë¥˜ 2
