[1.743s] Invoking command in '/home/ub2004/ros2_ws/build/can_comm': PYTHONPATH=/home/ub2004/ros2_ws/build/can_comm/prefix_override:/usr/lib/python3/dist-packages/colcon_core/task/python/colcon_distutils_commands:/home/ub2004/ros2_ws/install/can_comm/lib/python3.10/site-packages:${PYTHONPATH} /usr/bin/python3 -W ignore:setup.py install is deprecated -W ignore:easy_install command is deprecated setup.py develop --editable --build-directory /home/ub2004/ros2_ws/build/can_comm/build --no-deps symlink_data
[2.237s] running develop
[2.572s] running egg_info
[2.572s] creating can_comm.egg-info
[2.572s] writing can_comm.egg-info/PKG-INFO
[2.573s] writing dependency_links to can_comm.egg-info/dependency_links.txt
[2.573s] writing entry points to can_comm.egg-info/entry_points.txt
[2.574s] writing requirements to can_comm.egg-info/requires.txt
[2.574s] writing top-level names to can_comm.egg-info/top_level.txt
[2.574s] writing manifest file 'can_comm.egg-info/SOURCES.txt'
[2.575s] reading manifest file 'can_comm.egg-info/SOURCES.txt'
[2.576s] writing manifest file 'can_comm.egg-info/SOURCES.txt'
[2.579s] running build_ext
[2.579s] Creating /home/ub2004/ros2_ws/install/can_comm/lib/python3.10/site-packages/can-comm.egg-link (link to .)
[2.580s] Installing can_publisher script to /home/ub2004/ros2_ws/install/can_comm/lib/can_comm
[2.580s] Installing can_velocity script to /home/ub2004/ros2_ws/install/can_comm/lib/can_comm
[2.581s] Installing joystick_node script to /home/ub2004/ros2_ws/install/can_comm/lib/can_comm
[2.581s] 
[2.581s] Installed /home/ub2004/ros2_ws/build/can_comm
[2.582s] running symlink_data
[2.582s] creating /home/ub2004/ros2_ws/install/can_comm/share/ament_index
[2.582s] creating /home/ub2004/ros2_ws/install/can_comm/share/ament_index/resource_index
[2.582s] creating /home/ub2004/ros2_ws/install/can_comm/share/ament_index/resource_index/packages
[2.583s] symbolically linking /home/ub2004/ros2_ws/build/can_comm/resource/can_comm -> /home/ub2004/ros2_ws/install/can_comm/share/ament_index/resource_index/packages
[2.583s] symbolically linking /home/ub2004/ros2_ws/build/can_comm/package.xml -> /home/ub2004/ros2_ws/install/can_comm/share/can_comm
[2.583s] creating /home/ub2004/ros2_ws/install/can_comm/share/can_comm/launch
[2.583s] symbolically linking /home/ub2004/ros2_ws/build/can_comm/launch/agv.launch.py -> /home/ub2004/ros2_ws/install/can_comm/share/can_comm/launch
[2.653s] Invoked command in '/home/ub2004/ros2_ws/build/can_comm' returned '0': PYTHONPATH=/home/ub2004/ros2_ws/build/can_comm/prefix_override:/usr/lib/python3/dist-packages/colcon_core/task/python/colcon_distutils_commands:/home/ub2004/ros2_ws/install/can_comm/lib/python3.10/site-packages:${PYTHONPATH} /usr/bin/python3 -W ignore:setup.py install is deprecated -W ignore:easy_install command is deprecated setup.py develop --editable --build-directory /home/ub2004/ros2_ws/build/can_comm/build --no-deps symlink_data
