[2.040s] Invoking command in '/home/ub2004/ros2_ws/src/can_comm': PYTHONPATH=/home/ub2004/ros2_ws/build/can_comm/prefix_override:/usr/lib/python3/dist-packages/colcon_core/task/python/colcon_distutils_commands:/home/ub2004/ros2_ws/install/can_comm/lib/python3.10/site-packages:${PYTHONPATH} /usr/bin/python3 -W ignore:setup.py install is deprecated -W ignore:easy_install command is deprecated setup.py egg_info --egg-base ../../build/can_comm build --build-base /home/ub2004/ros2_ws/build/can_comm/build install --record /home/ub2004/ros2_ws/build/can_comm/install.log --single-version-externally-managed install_data
[2.506s] running egg_info
[2.507s] writing ../../build/can_comm/can_comm.egg-info/PKG-INFO
[2.508s] writing dependency_links to ../../build/can_comm/can_comm.egg-info/dependency_links.txt
[2.508s] writing entry points to ../../build/can_comm/can_comm.egg-info/entry_points.txt
[2.508s] writing requirements to ../../build/can_comm/can_comm.egg-info/requires.txt
[2.508s] writing top-level names to ../../build/can_comm/can_comm.egg-info/top_level.txt
[2.512s] reading manifest file '../../build/can_comm/can_comm.egg-info/SOURCES.txt'
[2.514s] writing manifest file '../../build/can_comm/can_comm.egg-info/SOURCES.txt'
[2.514s] running build
[2.514s] running build_py
[2.516s] copying can_comm/can_publisher.py -> /home/ub2004/ros2_ws/build/can_comm/build/lib/can_comm
[2.518s] running install
[2.518s] running install_lib
[2.520s] copying /home/ub2004/ros2_ws/build/can_comm/build/lib/can_comm/can_publisher.py -> /home/ub2004/ros2_ws/install/can_comm/lib/python3.10/site-packages/can_comm
[2.521s] byte-compiling /home/ub2004/ros2_ws/install/can_comm/lib/python3.10/site-packages/can_comm/can_publisher.py to can_publisher.cpython-310.pyc
[2.523s] running install_data
[2.523s] running install_egg_info
[2.527s] removing '/home/ub2004/ros2_ws/install/can_comm/lib/python3.10/site-packages/can_comm-0.0.0-py3.10.egg-info' (and everything under it)
[2.527s] Copying ../../build/can_comm/can_comm.egg-info to /home/ub2004/ros2_ws/install/can_comm/lib/python3.10/site-packages/can_comm-0.0.0-py3.10.egg-info
[2.528s] running install_scripts
[2.569s] Installing can_publisher script to /home/ub2004/ros2_ws/install/can_comm/lib/can_comm
[2.570s] writing list of installed files to '/home/ub2004/ros2_ws/build/can_comm/install.log'
[2.613s] Invoked command in '/home/ub2004/ros2_ws/src/can_comm' returned '0': PYTHONPATH=/home/ub2004/ros2_ws/build/can_comm/prefix_override:/usr/lib/python3/dist-packages/colcon_core/task/python/colcon_distutils_commands:/home/ub2004/ros2_ws/install/can_comm/lib/python3.10/site-packages:${PYTHONPATH} /usr/bin/python3 -W ignore:setup.py install is deprecated -W ignore:easy_install command is deprecated setup.py egg_info --egg-base ../../build/can_comm build --build-base /home/ub2004/ros2_ws/build/can_comm/build install --record /home/ub2004/ros2_ws/build/can_comm/install.log --single-version-externally-managed install_data
