[0.048s] Invoking command in '/home/ub2004/ros2_ws/build/openslam_gmapping': CMAKE_PREFIX_PATH=${CMAKE_PREFIX_PATH}:/home/ub2004/ros2_ws/install/urdf_tutorial:/home/ub2004/ros2_ws/install/openslam_gmapping:/home/ub2004/ros2_ws/install/canopen_utils:/home/ub2004/ros2_ws/install/can_comm:/home/ub2004/ros2_ws/install/agv_pak:/opt/ros/humble /usr/bin/cmake --build /home/ub2004/ros2_ws/build/openslam_gmapping -- -j8 -l8
[0.835s] [ 13%] Built target sensor_base
[0.835s] [ 27%] Built target utils
[0.836s] [ 40%] Built target sensor_range
[0.836s] [ 54%] Built target sensor_odometry
[0.836s] [ 77%] Built target scanmatcher
[0.836s] [100%] Built target gridfastslam
[0.836s] Invoked command in '/home/ub2004/ros2_ws/build/openslam_gmapping' returned '0': CMAKE_PREFIX_PATH=${CMAKE_PREFIX_PATH}:/home/ub2004/ros2_ws/install/urdf_tutorial:/home/ub2004/ros2_ws/install/openslam_gmapping:/home/ub2004/ros2_ws/install/canopen_utils:/home/ub2004/ros2_ws/install/can_comm:/home/ub2004/ros2_ws/install/agv_pak:/opt/ros/humble /usr/bin/cmake --build /home/ub2004/ros2_ws/build/openslam_gmapping -- -j8 -l8
[0.846s] Invoking command in '/home/ub2004/ros2_ws/build/openslam_gmapping': CMAKE_PREFIX_PATH=${CMAKE_PREFIX_PATH}:/home/ub2004/ros2_ws/install/urdf_tutorial:/home/ub2004/ros2_ws/install/openslam_gmapping:/home/ub2004/ros2_ws/install/canopen_utils:/home/ub2004/ros2_ws/install/can_comm:/home/ub2004/ros2_ws/install/agv_pak:/opt/ros/humble /usr/bin/cmake --install /home/ub2004/ros2_ws/build/openslam_gmapping
[1.191s] -- Install configuration: ""
[1.191s] -- Up-to-date: /home/ub2004/ros2_ws/install/openslam_gmapping/share/openslam_gmapping/environment/library_path.sh
[1.192s] -- Up-to-date: /home/ub2004/ros2_ws/install/openslam_gmapping/share/openslam_gmapping/environment/library_path.dsv
[1.192s] -- Up-to-date: /home/ub2004/ros2_ws/install/openslam_gmapping/include/
[1.192s] -- Up-to-date: /home/ub2004/ros2_ws/install/openslam_gmapping/include//gmapping
[1.192s] -- Up-to-date: /home/ub2004/ros2_ws/install/openslam_gmapping/include//gmapping/gridfastslam
[1.192s] -- Up-to-date: /home/ub2004/ros2_ws/install/openslam_gmapping/include//gmapping/gridfastslam/gridslamprocessor.hxx
[1.192s] -- Up-to-date: /home/ub2004/ros2_ws/install/openslam_gmapping/include//gmapping/gridfastslam/motionmodel.h
[1.192s] -- Up-to-date: /home/ub2004/ros2_ws/install/openslam_gmapping/include//gmapping/gridfastslam/gridslamprocessor.h
[1.193s] -- Up-to-date: /home/ub2004/ros2_ws/install/openslam_gmapping/include//gmapping/particlefilter
[1.193s] -- Up-to-date: /home/ub2004/ros2_ws/install/openslam_gmapping/include//gmapping/particlefilter/particlefilter.h
[1.194s] -- Up-to-date: /home/ub2004/ros2_ws/install/openslam_gmapping/include//gmapping/log
[1.194s] -- Up-to-date: /home/ub2004/ros2_ws/install/openslam_gmapping/include//gmapping/log/sensorlog.h
[1.194s] -- Up-to-date: /home/ub2004/ros2_ws/install/openslam_gmapping/include//gmapping/log/configuration.h
[1.194s] -- Up-to-date: /home/ub2004/ros2_ws/install/openslam_gmapping/include//gmapping/utils
[1.194s] -- Up-to-date: /home/ub2004/ros2_ws/install/openslam_gmapping/include//gmapping/utils/autoptr.h
[1.194s] -- Up-to-date: /home/ub2004/ros2_ws/install/openslam_gmapping/include//gmapping/utils/stat.h
[1.194s] -- Up-to-date: /home/ub2004/ros2_ws/install/openslam_gmapping/include//gmapping/utils/macro_params.h
[1.194s] -- Up-to-date: /home/ub2004/ros2_ws/install/openslam_gmapping/include//gmapping/utils/gvalues.h
[1.195s] -- Up-to-date: /home/ub2004/ros2_ws/install/openslam_gmapping/include//gmapping/utils/commandline.h
[1.195s] -- Up-to-date: /home/ub2004/ros2_ws/install/openslam_gmapping/include//gmapping/utils/point.h
[1.195s] -- Up-to-date: /home/ub2004/ros2_ws/install/openslam_gmapping/include//gmapping/grid
[1.195s] -- Up-to-date: /home/ub2004/ros2_ws/install/openslam_gmapping/include//gmapping/grid/map.h
[1.195s] -- Up-to-date: /home/ub2004/ros2_ws/install/openslam_gmapping/include//gmapping/grid/accessstate.h
[1.195s] -- Up-to-date: /home/ub2004/ros2_ws/install/openslam_gmapping/include//gmapping/grid/array2d.h
[1.196s] -- Up-to-date: /home/ub2004/ros2_ws/install/openslam_gmapping/include//gmapping/grid/harray2d.h
[1.196s] -- Up-to-date: /home/ub2004/ros2_ws/install/openslam_gmapping/include//gmapping/scanmatcher
[1.196s] -- Up-to-date: /home/ub2004/ros2_ws/install/openslam_gmapping/include//gmapping/scanmatcher/scanmatcher.h
[1.196s] -- Up-to-date: /home/ub2004/ros2_ws/install/openslam_gmapping/include//gmapping/scanmatcher/smmap.h
[1.196s] -- Up-to-date: /home/ub2004/ros2_ws/install/openslam_gmapping/include//gmapping/scanmatcher/icp.h
[1.196s] -- Up-to-date: /home/ub2004/ros2_ws/install/openslam_gmapping/include//gmapping/sensor
[1.196s] -- Up-to-date: /home/ub2004/ros2_ws/install/openslam_gmapping/include//gmapping/sensor/sensor_odometry
[1.196s] -- Up-to-date: /home/ub2004/ros2_ws/install/openslam_gmapping/include//gmapping/sensor/sensor_odometry/odometryreading.h
[1.197s] -- Up-to-date: /home/ub2004/ros2_ws/install/openslam_gmapping/include//gmapping/sensor/sensor_odometry/odometrysensor.h
[1.197s] -- Up-to-date: /home/ub2004/ros2_ws/install/openslam_gmapping/include//gmapping/sensor/sensor_base
[1.197s] -- Up-to-date: /home/ub2004/ros2_ws/install/openslam_gmapping/include//gmapping/sensor/sensor_base/sensorreading.h
[1.197s] -- Up-to-date: /home/ub2004/ros2_ws/install/openslam_gmapping/include//gmapping/sensor/sensor_base/sensor.h
[1.197s] -- Up-to-date: /home/ub2004/ros2_ws/install/openslam_gmapping/include//gmapping/sensor/sensor_range
[1.197s] -- Up-to-date: /home/ub2004/ros2_ws/install/openslam_gmapping/include//gmapping/sensor/sensor_range/rangereading.h
[1.198s] -- Up-to-date: /home/ub2004/ros2_ws/install/openslam_gmapping/include//gmapping/sensor/sensor_range/rangesensor.h
[1.203s] -- Up-to-date: /home/ub2004/ros2_ws/install/openslam_gmapping/share/ament_index/resource_index/package_run_dependencies/openslam_gmapping
[1.203s] -- Up-to-date: /home/ub2004/ros2_ws/install/openslam_gmapping/share/ament_index/resource_index/parent_prefix_path/openslam_gmapping
[1.203s] -- Up-to-date: /home/ub2004/ros2_ws/install/openslam_gmapping/share/openslam_gmapping/environment/ament_prefix_path.sh
[1.203s] -- Up-to-date: /home/ub2004/ros2_ws/install/openslam_gmapping/share/openslam_gmapping/environment/ament_prefix_path.dsv
[1.203s] -- Up-to-date: /home/ub2004/ros2_ws/install/openslam_gmapping/share/openslam_gmapping/environment/path.sh
[1.203s] -- Up-to-date: /home/ub2004/ros2_ws/install/openslam_gmapping/share/openslam_gmapping/environment/path.dsv
[1.203s] -- Up-to-date: /home/ub2004/ros2_ws/install/openslam_gmapping/share/openslam_gmapping/local_setup.bash
[1.204s] -- Up-to-date: /home/ub2004/ros2_ws/install/openslam_gmapping/share/openslam_gmapping/local_setup.sh
[1.204s] -- Up-to-date: /home/ub2004/ros2_ws/install/openslam_gmapping/share/openslam_gmapping/local_setup.zsh
[1.204s] -- Up-to-date: /home/ub2004/ros2_ws/install/openslam_gmapping/share/openslam_gmapping/local_setup.dsv
[1.204s] -- Up-to-date: /home/ub2004/ros2_ws/install/openslam_gmapping/share/openslam_gmapping/package.dsv
[1.204s] -- Up-to-date: /home/ub2004/ros2_ws/install/openslam_gmapping/share/ament_index/resource_index/packages/openslam_gmapping
[1.204s] -- Up-to-date: /home/ub2004/ros2_ws/install/openslam_gmapping/share/openslam_gmapping/cmake/ament_cmake_export_libraries-extras.cmake
[1.204s] -- Up-to-date: /home/ub2004/ros2_ws/install/openslam_gmapping/share/openslam_gmapping/cmake/ament_cmake_export_include_directories-extras.cmake
[1.204s] -- Up-to-date: /home/ub2004/ros2_ws/install/openslam_gmapping/share/openslam_gmapping/cmake/openslam_gmappingConfig.cmake
[1.205s] -- Up-to-date: /home/ub2004/ros2_ws/install/openslam_gmapping/share/openslam_gmapping/cmake/openslam_gmappingConfig-version.cmake
[1.205s] -- Up-to-date: /home/ub2004/ros2_ws/install/openslam_gmapping/share/openslam_gmapping/package.xml
[1.205s] -- Up-to-date: /home/ub2004/ros2_ws/install/openslam_gmapping/lib/libgridfastslam.a
[1.205s] -- Up-to-date: /home/ub2004/ros2_ws/install/openslam_gmapping/lib/libscanmatcher.a
[1.205s] -- Up-to-date: /home/ub2004/ros2_ws/install/openslam_gmapping/share/openslam_gmapping/environment/library_path.sh
[1.205s] -- Up-to-date: /home/ub2004/ros2_ws/install/openslam_gmapping/share/openslam_gmapping/environment/library_path.dsv
[1.205s] -- Up-to-date: /home/ub2004/ros2_ws/install/openslam_gmapping/lib/libsensor_base.a
[1.206s] -- Up-to-date: /home/ub2004/ros2_ws/install/openslam_gmapping/share/openslam_gmapping/environment/library_path.sh
[1.206s] -- Up-to-date: /home/ub2004/ros2_ws/install/openslam_gmapping/share/openslam_gmapping/environment/library_path.dsv
[1.206s] -- Up-to-date: /home/ub2004/ros2_ws/install/openslam_gmapping/lib/libsensor_odometry.a
[1.206s] -- Up-to-date: /home/ub2004/ros2_ws/install/openslam_gmapping/lib/libsensor_range.a
[1.206s] -- Up-to-date: /home/ub2004/ros2_ws/install/openslam_gmapping/lib/libutils.a
[1.206s] -- Up-to-date: /home/ub2004/ros2_ws/install/openslam_gmapping/share/openslam_gmapping/environment/library_path.sh
[1.206s] -- Up-to-date: /home/ub2004/ros2_ws/install/openslam_gmapping/share/openslam_gmapping/environment/library_path.dsv
[1.233s] Invoked command in '/home/ub2004/ros2_ws/build/openslam_gmapping' returned '0': CMAKE_PREFIX_PATH=${CMAKE_PREFIX_PATH}:/home/ub2004/ros2_ws/install/urdf_tutorial:/home/ub2004/ros2_ws/install/openslam_gmapping:/home/ub2004/ros2_ws/install/canopen_utils:/home/ub2004/ros2_ws/install/can_comm:/home/ub2004/ros2_ws/install/agv_pak:/opt/ros/humble /usr/bin/cmake --install /home/ub2004/ros2_ws/build/openslam_gmapping
