[2.158s] Invoking command in '/home/ub2004/ros2_ws/src/can_comm': PYTHONPATH=/home/ub2004/ros2_ws/build/can_comm/prefix_override:/usr/lib/python3/dist-packages/colcon_core/task/python/colcon_distutils_commands:/home/ub2004/ros2_ws/install/can_comm/lib/python3.10/site-packages:${PYTHONPATH} /usr/bin/python3 -W ignore:setup.py install is deprecated -W ignore:easy_install command is deprecated setup.py egg_info --egg-base ../../build/can_comm build --build-base /home/ub2004/ros2_ws/build/can_comm/build install --record /home/ub2004/ros2_ws/build/can_comm/install.log --single-version-externally-managed install_data
[2.633s] running egg_info
[2.634s] writing ../../build/can_comm/can_comm.egg-info/PKG-INFO
[2.634s] writing dependency_links to ../../build/can_comm/can_comm.egg-info/dependency_links.txt
[2.635s] writing entry points to ../../build/can_comm/can_comm.egg-info/entry_points.txt
[2.635s] writing requirements to ../../build/can_comm/can_comm.egg-info/requires.txt
[2.635s] writing top-level names to ../../build/can_comm/can_comm.egg-info/top_level.txt
[2.638s] reading manifest file '../../build/can_comm/can_comm.egg-info/SOURCES.txt'
[2.640s] writing manifest file '../../build/can_comm/can_comm.egg-info/SOURCES.txt'
[2.640s] running build
[2.640s] running build_py
[2.643s] running install
[2.644s] running install_lib
[2.646s] running install_data
[2.646s] running install_egg_info
[2.649s] removing '/home/ub2004/ros2_ws/install/can_comm/lib/python3.10/site-packages/can_comm-0.0.0-py3.10.egg-info' (and everything under it)
[2.650s] Copying ../../build/can_comm/can_comm.egg-info to /home/ub2004/ros2_ws/install/can_comm/lib/python3.10/site-packages/can_comm-0.0.0-py3.10.egg-info
[2.651s] running install_scripts
[2.686s] Installing can_publisher script to /home/ub2004/ros2_ws/install/can_comm/lib/can_comm
[2.687s] writing list of installed files to '/home/ub2004/ros2_ws/build/can_comm/install.log'
[2.765s] Invoked command in '/home/ub2004/ros2_ws/src/can_comm' returned '0': PYTHONPATH=/home/ub2004/ros2_ws/build/can_comm/prefix_override:/usr/lib/python3/dist-packages/colcon_core/task/python/colcon_distutils_commands:/home/ub2004/ros2_ws/install/can_comm/lib/python3.10/site-packages:${PYTHONPATH} /usr/bin/python3 -W ignore:setup.py install is deprecated -W ignore:easy_install command is deprecated setup.py egg_info --egg-base ../../build/can_comm build --build-base /home/ub2004/ros2_ws/build/can_comm/build install --record /home/ub2004/ros2_ws/build/can_comm/install.log --single-version-externally-managed install_data
