[0.024s] Invoking command in '/home/ub2004/ros2_ws/build/canopen_base_driver': CMAKE_PREFIX_PATH=/home/ub2004/ros2_ws/install/canopen_core:/home/ub2004/ros2_ws/install/lely_core_libraries:/home/ub2004/ros2_ws/install/canopen_interfaces:/home/ub2004/ros2_ws/install/slam_gmapping:/home/ub2004/ros2_ws/install/canopen_tests:/home/ub2004/ros2_ws/install/canopen_ros2_controllers:/home/ub2004/ros2_ws/install/canopen_ros2_control:/home/ub2004/ros2_ws/install/canopen:/home/ub2004/ros2_ws/install/canopen_402_driver:/home/ub2004/ros2_ws/install/canopen_proxy_driver:/home/ub2004/ros2_ws/install/canopen_master_driver:/home/ub2004/ros2_ws/install/canopen_fake_slaves:/home/ub2004/ros2_ws/install/canopen_base_driver:/home/ub2004/ros2_ws/install/urdf_tutorial:/home/ub2004/ros2_ws/install/openslam_gmapping:/home/ub2004/ros2_ws/install/canopen_utils:/home/ub2004/ros2_ws/install/can_comm:/home/ub2004/ros2_ws/install/agv_pak:/opt/ros/humble LD_LIBRARY_PATH=/home/ub2004/ros2_ws/install/canopen_core/lib:/home/ub2004/ros2_ws/install/lely_core_libraries/lib:/home/ub2004/ros2_ws/install/canopen_interfaces/lib:/home/ub2004/ros2_ws/install/openslam_gmapping/lib:/home/ub2004/ros2_ws/install/canopen_ros2_controllers/lib:/home/ub2004/ros2_ws/install/canopen_ros2_control/lib:/home/ub2004/ros2_ws/install/canopen_402_driver/lib:/home/ub2004/ros2_ws/install/canopen_proxy_driver/lib:/home/ub2004/ros2_ws/install/canopen_master_driver/lib:/home/ub2004/ros2_ws/install/canopen_base_driver/lib:/opt/ros/humble/opt/rviz_ogre_vendor/lib:/opt/ros/humble/lib/x86_64-linux-gnu:/opt/ros/humble/lib PYTHONPATH=/home/ub2004/ros2_ws/install/lely_core_libraries/lib/python3.10/site-packages:/home/ub2004/ros2_ws/install/urdf_tutorial/lib/python3.10/site-packages:/home/ub2004/ros2_ws/install/lely_core_libraries/local/lib/python3.10/dist-packages:/home/ub2004/ros2_ws/install/canopen_utils/lib/python3.10/site-packages:/home/ub2004/ros2_ws/install/canopen_interfaces/local/lib/python3.10/dist-packages:/home/ub2004/ros2_ws/install/can_comm/lib/python3.10/site-packages:/home/ub2004/ros2_ws/install/agv_pak/lib/python3.10/site-packages:/opt/ros/humble/lib/python3.10/site-packages:/opt/ros/humble/local/lib/python3.10/dist-packages /usr/bin/cmake --build /home/ub2004/ros2_ws/build/canopen_base_driver -- -j8 -l8
[0.079s] [35m[1mConsolidate compiler generated dependencies of target gtest_main[0m
[0.083s] [35m[1mConsolidate compiler generated dependencies of target gtest[0m
[0.085s] [35m[1mConsolidate compiler generated dependencies of target lely_driver_bridge[0m
[0.094s] [ 12%] Built target gtest_main
[0.104s] [ 25%] Built target gtest
[0.123s] [35m[1mConsolidate compiler generated dependencies of target test_base_driver_component[0m
[0.160s] [ 37%] [32mBuilding CXX object test/CMakeFiles/test_base_driver_component.dir/test_base_driver_component.cpp.o[0m
[0.160s] [ 37%] [32mBuilding CXX object CMakeFiles/lely_driver_bridge.dir/src/lely_driver_bridge.cpp.o[0m
[6.694s] [ 43%] [32m[1mLinking CXX shared library liblely_driver_bridge.so[0m
[6.927s] [ 43%] Built target lely_driver_bridge
[6.944s] [35m[1mConsolidate compiler generated dependencies of target node_canopen_base_driver[0m
[6.978s] [ 50%] [32mBuilding CXX object CMakeFiles/node_canopen_base_driver.dir/src/node_interfaces/node_canopen_base_driver.cpp.o[0m
[7.637s] [ 56%] [32m[1mLinking CXX executable test_base_driver_component[0m
[7.931s] [ 56%] Built target test_base_driver_component
[17.325s] [ 62%] [32m[1mLinking CXX shared library libnode_canopen_base_driver.so[0m
[17.871s] [ 62%] Built target node_canopen_base_driver
[17.889s] [35m[1mConsolidate compiler generated dependencies of target test_node_canopen_base_driver_ros[0m
[17.893s] [35m[1mConsolidate compiler generated dependencies of target base_driver[0m
[17.894s] [35m[1mConsolidate compiler generated dependencies of target lifecycle_base_driver[0m
[17.923s] [ 68%] [32mBuilding CXX object test/CMakeFiles/test_node_canopen_base_driver_ros.dir/test_node_canopen_base_driver_ros.cpp.o[0m
[17.943s] [ 75%] [32mBuilding CXX object CMakeFiles/lifecycle_base_driver.dir/src/lifecycle_base_driver.cpp.o[0m
[17.946s] [ 81%] [32mBuilding CXX object CMakeFiles/base_driver.dir/src/base_driver.cpp.o[0m
[25.848s] [ 87%] [32m[1mLinking CXX executable test_node_canopen_base_driver_ros[0m
[26.458s] [ 87%] Built target test_node_canopen_base_driver_ros
[26.548s] [ 93%] [32m[1mLinking CXX shared library libbase_driver.so[0m
[26.946s] [ 93%] Built target base_driver
[27.912s] [100%] [32m[1mLinking CXX shared library liblifecycle_base_driver.so[0m
[28.310s] [100%] Built target lifecycle_base_driver
[28.323s] Invoked command in '/home/ub2004/ros2_ws/build/canopen_base_driver' returned '0': CMAKE_PREFIX_PATH=/home/ub2004/ros2_ws/install/canopen_core:/home/ub2004/ros2_ws/install/lely_core_libraries:/home/ub2004/ros2_ws/install/canopen_interfaces:/home/ub2004/ros2_ws/install/slam_gmapping:/home/ub2004/ros2_ws/install/canopen_tests:/home/ub2004/ros2_ws/install/canopen_ros2_controllers:/home/ub2004/ros2_ws/install/canopen_ros2_control:/home/ub2004/ros2_ws/install/canopen:/home/ub2004/ros2_ws/install/canopen_402_driver:/home/ub2004/ros2_ws/install/canopen_proxy_driver:/home/ub2004/ros2_ws/install/canopen_master_driver:/home/ub2004/ros2_ws/install/canopen_fake_slaves:/home/ub2004/ros2_ws/install/canopen_base_driver:/home/ub2004/ros2_ws/install/urdf_tutorial:/home/ub2004/ros2_ws/install/openslam_gmapping:/home/ub2004/ros2_ws/install/canopen_utils:/home/ub2004/ros2_ws/install/can_comm:/home/ub2004/ros2_ws/install/agv_pak:/opt/ros/humble LD_LIBRARY_PATH=/home/ub2004/ros2_ws/install/canopen_core/lib:/home/ub2004/ros2_ws/install/lely_core_libraries/lib:/home/ub2004/ros2_ws/install/canopen_interfaces/lib:/home/ub2004/ros2_ws/install/openslam_gmapping/lib:/home/ub2004/ros2_ws/install/canopen_ros2_controllers/lib:/home/ub2004/ros2_ws/install/canopen_ros2_control/lib:/home/ub2004/ros2_ws/install/canopen_402_driver/lib:/home/ub2004/ros2_ws/install/canopen_proxy_driver/lib:/home/ub2004/ros2_ws/install/canopen_master_driver/lib:/home/ub2004/ros2_ws/install/canopen_base_driver/lib:/opt/ros/humble/opt/rviz_ogre_vendor/lib:/opt/ros/humble/lib/x86_64-linux-gnu:/opt/ros/humble/lib PYTHONPATH=/home/ub2004/ros2_ws/install/lely_core_libraries/lib/python3.10/site-packages:/home/ub2004/ros2_ws/install/urdf_tutorial/lib/python3.10/site-packages:/home/ub2004/ros2_ws/install/lely_core_libraries/local/lib/python3.10/dist-packages:/home/ub2004/ros2_ws/install/canopen_utils/lib/python3.10/site-packages:/home/ub2004/ros2_ws/install/canopen_interfaces/local/lib/python3.10/dist-packages:/home/ub2004/ros2_ws/install/can_comm/lib/python3.10/site-packages:/home/ub2004/ros2_ws/install/agv_pak/lib/python3.10/site-packages:/opt/ros/humble/lib/python3.10/site-packages:/opt/ros/humble/local/lib/python3.10/dist-packages /usr/bin/cmake --build /home/ub2004/ros2_ws/build/canopen_base_driver -- -j8 -l8
[28.326s] Invoking command in '/home/ub2004/ros2_ws/build/canopen_base_driver': CMAKE_PREFIX_PATH=/home/ub2004/ros2_ws/install/canopen_core:/home/ub2004/ros2_ws/install/lely_core_libraries:/home/ub2004/ros2_ws/install/canopen_interfaces:/home/ub2004/ros2_ws/install/slam_gmapping:/home/ub2004/ros2_ws/install/canopen_tests:/home/ub2004/ros2_ws/install/canopen_ros2_controllers:/home/ub2004/ros2_ws/install/canopen_ros2_control:/home/ub2004/ros2_ws/install/canopen:/home/ub2004/ros2_ws/install/canopen_402_driver:/home/ub2004/ros2_ws/install/canopen_proxy_driver:/home/ub2004/ros2_ws/install/canopen_master_driver:/home/ub2004/ros2_ws/install/canopen_fake_slaves:/home/ub2004/ros2_ws/install/canopen_base_driver:/home/ub2004/ros2_ws/install/urdf_tutorial:/home/ub2004/ros2_ws/install/openslam_gmapping:/home/ub2004/ros2_ws/install/canopen_utils:/home/ub2004/ros2_ws/install/can_comm:/home/ub2004/ros2_ws/install/agv_pak:/opt/ros/humble LD_LIBRARY_PATH=/home/ub2004/ros2_ws/install/canopen_core/lib:/home/ub2004/ros2_ws/install/lely_core_libraries/lib:/home/ub2004/ros2_ws/install/canopen_interfaces/lib:/home/ub2004/ros2_ws/install/openslam_gmapping/lib:/home/ub2004/ros2_ws/install/canopen_ros2_controllers/lib:/home/ub2004/ros2_ws/install/canopen_ros2_control/lib:/home/ub2004/ros2_ws/install/canopen_402_driver/lib:/home/ub2004/ros2_ws/install/canopen_proxy_driver/lib:/home/ub2004/ros2_ws/install/canopen_master_driver/lib:/home/ub2004/ros2_ws/install/canopen_base_driver/lib:/opt/ros/humble/opt/rviz_ogre_vendor/lib:/opt/ros/humble/lib/x86_64-linux-gnu:/opt/ros/humble/lib PYTHONPATH=/home/ub2004/ros2_ws/install/lely_core_libraries/lib/python3.10/site-packages:/home/ub2004/ros2_ws/install/urdf_tutorial/lib/python3.10/site-packages:/home/ub2004/ros2_ws/install/lely_core_libraries/local/lib/python3.10/dist-packages:/home/ub2004/ros2_ws/install/canopen_utils/lib/python3.10/site-packages:/home/ub2004/ros2_ws/install/canopen_interfaces/local/lib/python3.10/dist-packages:/home/ub2004/ros2_ws/install/can_comm/lib/python3.10/site-packages:/home/ub2004/ros2_ws/install/agv_pak/lib/python3.10/site-packages:/opt/ros/humble/lib/python3.10/site-packages:/opt/ros/humble/local/lib/python3.10/dist-packages /usr/bin/cmake --install /home/ub2004/ros2_ws/build/canopen_base_driver
[28.336s] -- Install configuration: ""
[28.336s] -- Up-to-date: /home/ub2004/ros2_ws/install/canopen_base_driver/include
[28.336s] -- Up-to-date: /home/ub2004/ros2_ws/install/canopen_base_driver/include/canopen_base_driver
[28.336s] -- Up-to-date: /home/ub2004/ros2_ws/install/canopen_base_driver/include/canopen_base_driver/lely_driver_bridge.hpp
[28.336s] -- Up-to-date: /home/ub2004/ros2_ws/install/canopen_base_driver/include/canopen_base_driver/node_interfaces
[28.337s] -- Up-to-date: /home/ub2004/ros2_ws/install/canopen_base_driver/include/canopen_base_driver/node_interfaces/node_canopen_base_driver_impl.hpp
[28.337s] -- Up-to-date: /home/ub2004/ros2_ws/install/canopen_base_driver/include/canopen_base_driver/node_interfaces/node_canopen_base_driver.hpp
[28.337s] -- Up-to-date: /home/ub2004/ros2_ws/install/canopen_base_driver/include/canopen_base_driver/base_driver.hpp
[28.337s] -- Up-to-date: /home/ub2004/ros2_ws/install/canopen_base_driver/include/canopen_base_driver/lifecycle_base_driver.hpp
[28.337s] -- Up-to-date: /home/ub2004/ros2_ws/install/canopen_base_driver/include/canopen_base_driver/visibility_control.h
[28.337s] -- Up-to-date: /home/ub2004/ros2_ws/install/canopen_base_driver/include/canopen_base_driver/diagnostic_collector.hpp
[28.337s] -- Installing: /home/ub2004/ros2_ws/install/canopen_base_driver/lib/liblifecycle_base_driver.so
[28.339s] -- Set runtime path of "/home/ub2004/ros2_ws/install/canopen_base_driver/lib/liblifecycle_base_driver.so" to ""
[28.340s] -- Installing: /home/ub2004/ros2_ws/install/canopen_base_driver/lib/libbase_driver.so
[28.341s] -- Set runtime path of "/home/ub2004/ros2_ws/install/canopen_base_driver/lib/libbase_driver.so" to ""
[28.342s] -- Installing: /home/ub2004/ros2_ws/install/canopen_base_driver/lib/libnode_canopen_base_driver.so
[28.347s] -- Set runtime path of "/home/ub2004/ros2_ws/install/canopen_base_driver/lib/libnode_canopen_base_driver.so" to ""
[28.348s] -- Installing: /home/ub2004/ros2_ws/install/canopen_base_driver/lib/liblely_driver_bridge.so
[28.349s] -- Set runtime path of "/home/ub2004/ros2_ws/install/canopen_base_driver/lib/liblely_driver_bridge.so" to ""
[28.349s] -- Up-to-date: /home/ub2004/ros2_ws/install/canopen_base_driver/share/canopen_base_driver/environment/library_path.sh
[28.350s] -- Up-to-date: /home/ub2004/ros2_ws/install/canopen_base_driver/share/canopen_base_driver/environment/library_path.dsv
[28.350s] -- Up-to-date: /home/ub2004/ros2_ws/install/canopen_base_driver/share/ament_index/resource_index/package_run_dependencies/canopen_base_driver
[28.350s] -- Up-to-date: /home/ub2004/ros2_ws/install/canopen_base_driver/share/ament_index/resource_index/parent_prefix_path/canopen_base_driver
[28.350s] -- Up-to-date: /home/ub2004/ros2_ws/install/canopen_base_driver/share/canopen_base_driver/environment/ament_prefix_path.sh
[28.350s] -- Up-to-date: /home/ub2004/ros2_ws/install/canopen_base_driver/share/canopen_base_driver/environment/ament_prefix_path.dsv
[28.350s] -- Up-to-date: /home/ub2004/ros2_ws/install/canopen_base_driver/share/canopen_base_driver/environment/path.sh
[28.350s] -- Up-to-date: /home/ub2004/ros2_ws/install/canopen_base_driver/share/canopen_base_driver/environment/path.dsv
[28.350s] -- Up-to-date: /home/ub2004/ros2_ws/install/canopen_base_driver/share/canopen_base_driver/local_setup.bash
[28.351s] -- Up-to-date: /home/ub2004/ros2_ws/install/canopen_base_driver/share/canopen_base_driver/local_setup.sh
[28.351s] -- Up-to-date: /home/ub2004/ros2_ws/install/canopen_base_driver/share/canopen_base_driver/local_setup.zsh
[28.351s] -- Up-to-date: /home/ub2004/ros2_ws/install/canopen_base_driver/share/canopen_base_driver/local_setup.dsv
[28.351s] -- Installing: /home/ub2004/ros2_ws/install/canopen_base_driver/share/canopen_base_driver/package.dsv
[28.351s] -- Up-to-date: /home/ub2004/ros2_ws/install/canopen_base_driver/share/ament_index/resource_index/packages/canopen_base_driver
[28.351s] -- Up-to-date: /home/ub2004/ros2_ws/install/canopen_base_driver/share/ament_index/resource_index/rclcpp_components/canopen_base_driver
[28.351s] -- Up-to-date: /home/ub2004/ros2_ws/install/canopen_base_driver/share/canopen_base_driver/cmake/export_canopen_base_driverExport.cmake
[28.352s] -- Up-to-date: /home/ub2004/ros2_ws/install/canopen_base_driver/share/canopen_base_driver/cmake/export_canopen_base_driverExport-noconfig.cmake
[28.352s] -- Up-to-date: /home/ub2004/ros2_ws/install/canopen_base_driver/share/canopen_base_driver/cmake/ament_cmake_export_include_directories-extras.cmake
[28.352s] -- Up-to-date: /home/ub2004/ros2_ws/install/canopen_base_driver/share/canopen_base_driver/cmake/ament_cmake_export_libraries-extras.cmake
[28.352s] -- Up-to-date: /home/ub2004/ros2_ws/install/canopen_base_driver/share/canopen_base_driver/cmake/ament_cmake_export_targets-extras.cmake
[28.352s] -- Up-to-date: /home/ub2004/ros2_ws/install/canopen_base_driver/share/canopen_base_driver/cmake/ament_cmake_export_dependencies-extras.cmake
[28.352s] -- Up-to-date: /home/ub2004/ros2_ws/install/canopen_base_driver/share/canopen_base_driver/cmake/canopen_base_driverConfig.cmake
[28.352s] -- Up-to-date: /home/ub2004/ros2_ws/install/canopen_base_driver/share/canopen_base_driver/cmake/canopen_base_driverConfig-version.cmake
[28.352s] -- Up-to-date: /home/ub2004/ros2_ws/install/canopen_base_driver/share/canopen_base_driver/package.xml
[28.355s] Invoked command in '/home/ub2004/ros2_ws/build/canopen_base_driver' returned '0': CMAKE_PREFIX_PATH=/home/ub2004/ros2_ws/install/canopen_core:/home/ub2004/ros2_ws/install/lely_core_libraries:/home/ub2004/ros2_ws/install/canopen_interfaces:/home/ub2004/ros2_ws/install/slam_gmapping:/home/ub2004/ros2_ws/install/canopen_tests:/home/ub2004/ros2_ws/install/canopen_ros2_controllers:/home/ub2004/ros2_ws/install/canopen_ros2_control:/home/ub2004/ros2_ws/install/canopen:/home/ub2004/ros2_ws/install/canopen_402_driver:/home/ub2004/ros2_ws/install/canopen_proxy_driver:/home/ub2004/ros2_ws/install/canopen_master_driver:/home/ub2004/ros2_ws/install/canopen_fake_slaves:/home/ub2004/ros2_ws/install/canopen_base_driver:/home/ub2004/ros2_ws/install/urdf_tutorial:/home/ub2004/ros2_ws/install/openslam_gmapping:/home/ub2004/ros2_ws/install/canopen_utils:/home/ub2004/ros2_ws/install/can_comm:/home/ub2004/ros2_ws/install/agv_pak:/opt/ros/humble LD_LIBRARY_PATH=/home/ub2004/ros2_ws/install/canopen_core/lib:/home/ub2004/ros2_ws/install/lely_core_libraries/lib:/home/ub2004/ros2_ws/install/canopen_interfaces/lib:/home/ub2004/ros2_ws/install/openslam_gmapping/lib:/home/ub2004/ros2_ws/install/canopen_ros2_controllers/lib:/home/ub2004/ros2_ws/install/canopen_ros2_control/lib:/home/ub2004/ros2_ws/install/canopen_402_driver/lib:/home/ub2004/ros2_ws/install/canopen_proxy_driver/lib:/home/ub2004/ros2_ws/install/canopen_master_driver/lib:/home/ub2004/ros2_ws/install/canopen_base_driver/lib:/opt/ros/humble/opt/rviz_ogre_vendor/lib:/opt/ros/humble/lib/x86_64-linux-gnu:/opt/ros/humble/lib PYTHONPATH=/home/ub2004/ros2_ws/install/lely_core_libraries/lib/python3.10/site-packages:/home/ub2004/ros2_ws/install/urdf_tutorial/lib/python3.10/site-packages:/home/ub2004/ros2_ws/install/lely_core_libraries/local/lib/python3.10/dist-packages:/home/ub2004/ros2_ws/install/canopen_utils/lib/python3.10/site-packages:/home/ub2004/ros2_ws/install/canopen_interfaces/local/lib/python3.10/dist-packages:/home/ub2004/ros2_ws/install/can_comm/lib/python3.10/site-packages:/home/ub2004/ros2_ws/install/agv_pak/lib/python3.10/site-packages:/opt/ros/humble/lib/python3.10/site-packages:/opt/ros/humble/local/lib/python3.10/dist-packages /usr/bin/cmake --install /home/ub2004/ros2_ws/build/canopen_base_driver
