[0.857s] Invoking command in '/home/ub2004/ros2_ws/src/can_comm': PYTHONPATH=/home/ub2004/ros2_ws/build/can_comm/prefix_override:/usr/lib/python3/dist-packages/colcon_core/task/python/colcon_distutils_commands:/home/ub2004/ros2_ws/install/can_comm/lib/python3.10/site-packages:${PYTHONPATH} /usr/bin/python3 -W ignore:setup.py install is deprecated -W ignore:easy_install command is deprecated setup.py egg_info --egg-base ../../build/can_comm build --build-base /home/ub2004/ros2_ws/build/can_comm/build install --record /home/ub2004/ros2_ws/build/can_comm/install.log --single-version-externally-managed install_data
[1.168s] running egg_info
[1.169s] writing ../../build/can_comm/can_comm.egg-info/PKG-INFO
[1.169s] writing dependency_links to ../../build/can_comm/can_comm.egg-info/dependency_links.txt
[1.169s] writing entry points to ../../build/can_comm/can_comm.egg-info/entry_points.txt
[1.170s] writing requirements to ../../build/can_comm/can_comm.egg-info/requires.txt
[1.170s] writing top-level names to ../../build/can_comm/can_comm.egg-info/top_level.txt
[1.172s] reading manifest file '../../build/can_comm/can_comm.egg-info/SOURCES.txt'
[1.174s] writing manifest file '../../build/can_comm/can_comm.egg-info/SOURCES.txt'
[1.174s] running build
[1.174s] running build_py
[1.178s] running install
[1.178s] running install_lib
[1.180s] running install_data
[1.180s] running install_egg_info
[1.182s] removing '/home/ub2004/ros2_ws/install/can_comm/lib/python3.10/site-packages/can_comm-0.0.0-py3.10.egg-info' (and everything under it)
[1.183s] Copying ../../build/can_comm/can_comm.egg-info to /home/ub2004/ros2_ws/install/can_comm/lib/python3.10/site-packages/can_comm-0.0.0-py3.10.egg-info
[1.184s] running install_scripts
[1.204s] Installing can_publisher script to /home/ub2004/ros2_ws/install/can_comm/lib/can_comm
[1.205s] writing list of installed files to '/home/ub2004/ros2_ws/build/can_comm/install.log'
[1.226s] Invoked command in '/home/ub2004/ros2_ws/src/can_comm' returned '0': PYTHONPATH=/home/ub2004/ros2_ws/build/can_comm/prefix_override:/usr/lib/python3/dist-packages/colcon_core/task/python/colcon_distutils_commands:/home/ub2004/ros2_ws/install/can_comm/lib/python3.10/site-packages:${PYTHONPATH} /usr/bin/python3 -W ignore:setup.py install is deprecated -W ignore:easy_install command is deprecated setup.py egg_info --egg-base ../../build/can_comm build --build-base /home/ub2004/ros2_ws/build/can_comm/build install --record /home/ub2004/ros2_ws/build/can_comm/install.log --single-version-externally-managed install_data
