running egg_info
writing ../../build/can_comm/can_comm.egg-info/PKG-INFO
writing dependency_links to ../../build/can_comm/can_comm.egg-info/dependency_links.txt
writing entry points to ../../build/can_comm/can_comm.egg-info/entry_points.txt
writing requirements to ../../build/can_comm/can_comm.egg-info/requires.txt
writing top-level names to ../../build/can_comm/can_comm.egg-info/top_level.txt
reading manifest file '../../build/can_comm/can_comm.egg-info/SOURCES.txt'
writing manifest file '../../build/can_comm/can_comm.egg-info/SOURCES.txt'
running build
running build_py
running install
running install_lib
running install_data
creating /home/ub2004/ros2_ws/install/can_comm/share/can_comm/launch
copying launch/agv.launch.py -> /home/ub2004/ros2_ws/install/can_comm/share/can_comm/launch
running install_egg_info
removing '/home/ub2004/ros2_ws/install/can_comm/lib/python3.10/site-packages/can_comm-0.0.0-py3.10.egg-info' (and everything under it)
Copying ../../build/can_comm/can_comm.egg-info to /home/ub2004/ros2_ws/install/can_comm/lib/python3.10/site-packages/can_comm-0.0.0-py3.10.egg-info
running install_scripts
Installing can_celocity script to /home/ub2004/ros2_ws/install/can_comm/lib/can_comm
Installing can_publisher script to /home/ub2004/ros2_ws/install/can_comm/lib/can_comm
Installing joystick_node script to /home/ub2004/ros2_ws/install/can_comm/lib/can_comm
writing list of installed files to '/home/ub2004/ros2_ws/build/can_comm/install.log'
