-- The C compiler identification is GNU 11.4.0
-- The CXX compiler identification is GNU 11.4.0
-- Detecting C compiler ABI info
-- Detecting C compiler ABI info - done
-- Check for working C compiler: /usr/bin/cc - skipped
-- Detecting C compile features
-- Detecting C compile features - done
-- Detecting CXX compiler ABI info
-- Detecting CXX compiler ABI info - done
-- Check for working CXX compiler: /usr/bin/c++ - skipped
-- Detecting CXX compile features
-- Detecting CXX compile features - done
-- Found ament_cmake: 1.3.11 (/opt/ros/humble/share/ament_cmake/cmake)
-- Found Python3: /usr/bin/python3 (found version "3.10.12") found components: Interpreter 
-- Configuring done
-- Generating done
-- Build files have been written to: /home/ub2004/ros2_ws/build/openslam_gmapping
gmake[2]: *** [sensor/sensor_base/CMakeFiles/sensor_base.dir/build.make:89: sensor/sensor_base/CMakeFiles/sensor_base.dir/sensorreading.cpp.o] 인터럽트
gmake[2]: *** [utils/CMakeFiles/utils.dir/build.make:75: utils/CMakeFiles/utils.dir/movement.cpp.o] 인터럽트
gmake[2]: *** [utils/CMakeFiles/utils.dir/build.make:89: utils/CMakeFiles/utils.dir/stat.cpp.o] 인터럽트
gmake[2]: *** [sensor/sensor_base/CMakeFiles/sensor_base.dir/build.make:75: sensor/sensor_base/CMakeFiles/sensor_base.dir/sensor.cpp.o] 인터럽트
gmake[1]: *** [CMakeFiles/Makefile2:392: utils/CMakeFiles/utils.dir/all] 인터럽트
gmake[1]: *** [CMakeFiles/Makefile2:314: sensor/sensor_base/CMakeFiles/sensor_base.dir/all] 인터럽트
gmake: *** [Makefile:146: all] 인터럽트
