[0.047s] Invoking command in '/home/ub2004/ros2_ws/build/canopen_interfaces': CMAKE_PREFIX_PATH=${CMAKE_PREFIX_PATH}:/home/ub2004/ros2_ws/install/urdf_tutorial:/home/ub2004/ros2_ws/install/test_py:/home/ub2004/ros2_ws/install/canopen_utils:/home/ub2004/ros2_ws/install/can_comm:/home/ub2004/ros2_ws/install/agv_pak:/opt/ros/humble /usr/bin/cmake --build /home/ub2004/ros2_ws/build/canopen_interfaces -- -j8 -l8
[1.236s] [  1%] Built target canopen_interfaces__cpp
[1.237s] [ 12%] Built target canopen_interfaces__rosidl_generator_c
[1.238s] [ 12%] Built target ament_cmake_python_symlink_canopen_interfaces
[1.239s] [ 26%] Built target canopen_interfaces__rosidl_typesupport_fastrtps_cpp
[1.239s] [ 35%] Built target canopen_interfaces__rosidl_typesupport_cpp
[1.239s] [ 47%] Built target canopen_interfaces__rosidl_typesupport_introspection_cpp
[1.239s] [ 58%] Built target canopen_interfaces__rosidl_typesupport_c
[1.239s] [ 70%] Built target canopen_interfaces__rosidl_typesupport_introspection_c
[1.239s] [ 82%] Built target canopen_interfaces__rosidl_typesupport_fastrtps_c
[1.239s] [ 82%] Built target canopen_interfaces
[1.239s] [ 83%] Built target canopen_interfaces__py
[1.240s] [ 93%] Built target canopen_interfaces__rosidl_generator_py
[1.240s] [100%] Built target canopen_interfaces__rosidl_typesupport_fastrtps_c__pyext
[1.240s] [100%] Built target canopen_interfaces__rosidl_typesupport_c__pyext
[1.240s] [100%] Built target canopen_interfaces__rosidl_typesupport_introspection_c__pyext
[1.240s] running egg_info
[1.241s] writing canopen_interfaces.egg-info/PKG-INFO
[1.241s] writing dependency_links to canopen_interfaces.egg-info/dependency_links.txt
[1.241s] writing top-level names to canopen_interfaces.egg-info/top_level.txt
[1.241s] reading manifest file 'canopen_interfaces.egg-info/SOURCES.txt'
[1.242s] writing manifest file 'canopen_interfaces.egg-info/SOURCES.txt'
[1.242s] [100%] Built target ament_cmake_python_build_canopen_interfaces_egg
[1.248s] Invoked command in '/home/ub2004/ros2_ws/build/canopen_interfaces' returned '0': CMAKE_PREFIX_PATH=${CMAKE_PREFIX_PATH}:/home/ub2004/ros2_ws/install/urdf_tutorial:/home/ub2004/ros2_ws/install/test_py:/home/ub2004/ros2_ws/install/canopen_utils:/home/ub2004/ros2_ws/install/can_comm:/home/ub2004/ros2_ws/install/agv_pak:/opt/ros/humble /usr/bin/cmake --build /home/ub2004/ros2_ws/build/canopen_interfaces -- -j8 -l8
[1.259s] Invoking command in '/home/ub2004/ros2_ws/build/canopen_interfaces': CMAKE_PREFIX_PATH=${CMAKE_PREFIX_PATH}:/home/ub2004/ros2_ws/install/urdf_tutorial:/home/ub2004/ros2_ws/install/test_py:/home/ub2004/ros2_ws/install/canopen_utils:/home/ub2004/ros2_ws/install/can_comm:/home/ub2004/ros2_ws/install/agv_pak:/opt/ros/humble /usr/bin/cmake --install /home/ub2004/ros2_ws/build/canopen_interfaces
[1.740s] -- Install configuration: ""
[1.740s] -- Execute custom install script
[1.741s] -- Up-to-date symlink: /home/ub2004/ros2_ws/install/canopen_interfaces/share/ament_index/resource_index/rosidl_interfaces/canopen_interfaces
[1.742s] -- Up-to-date symlink: /home/ub2004/ros2_ws/install/canopen_interfaces/include/canopen_interfaces/canopen_interfaces/msg/co_data.h
[1.743s] -- Up-to-date symlink: /home/ub2004/ros2_ws/install/canopen_interfaces/include/canopen_interfaces/canopen_interfaces/msg/detail/co_data__functions.h
[1.743s] -- Up-to-date symlink: /home/ub2004/ros2_ws/install/canopen_interfaces/include/canopen_interfaces/canopen_interfaces/msg/detail/co_data__struct.h
[1.744s] -- Up-to-date symlink: /home/ub2004/ros2_ws/install/canopen_interfaces/include/canopen_interfaces/canopen_interfaces/msg/detail/co_data__type_support.h
[1.744s] -- Up-to-date symlink: /home/ub2004/ros2_ws/install/canopen_interfaces/include/canopen_interfaces/canopen_interfaces/msg/rosidl_generator_c__visibility_control.h
[1.745s] -- Up-to-date symlink: /home/ub2004/ros2_ws/install/canopen_interfaces/include/canopen_interfaces/canopen_interfaces/srv/co_heartbeat_id.h
[1.748s] -- Up-to-date symlink: /home/ub2004/ros2_ws/install/canopen_interfaces/include/canopen_interfaces/canopen_interfaces/srv/co_nmt_id.h
[1.754s] -- Up-to-date symlink: /home/ub2004/ros2_ws/install/canopen_interfaces/include/canopen_interfaces/canopen_interfaces/srv/co_node.h
[1.755s] -- Up-to-date symlink: /home/ub2004/ros2_ws/install/canopen_interfaces/include/canopen_interfaces/canopen_interfaces/srv/co_read.h
[1.756s] -- Up-to-date symlink: /home/ub2004/ros2_ws/install/canopen_interfaces/include/canopen_interfaces/canopen_interfaces/srv/co_read_id.h
[1.756s] -- Up-to-date symlink: /home/ub2004/ros2_ws/install/canopen_interfaces/include/canopen_interfaces/canopen_interfaces/srv/co_target_double.h
[1.756s] -- Up-to-date symlink: /home/ub2004/ros2_ws/install/canopen_interfaces/include/canopen_interfaces/canopen_interfaces/srv/co_write.h
[1.756s] -- Up-to-date symlink: /home/ub2004/ros2_ws/install/canopen_interfaces/include/canopen_interfaces/canopen_interfaces/srv/co_write_id.h
[1.756s] -- Up-to-date symlink: /home/ub2004/ros2_ws/install/canopen_interfaces/include/canopen_interfaces/canopen_interfaces/srv/detail/co_heartbeat_id__functions.h
[1.756s] -- Up-to-date symlink: /home/ub2004/ros2_ws/install/canopen_interfaces/include/canopen_interfaces/canopen_interfaces/srv/detail/co_heartbeat_id__struct.h
[1.756s] -- Up-to-date symlink: /home/ub2004/ros2_ws/install/canopen_interfaces/include/canopen_interfaces/canopen_interfaces/srv/detail/co_heartbeat_id__type_support.h
[1.757s] -- Up-to-date symlink: /home/ub2004/ros2_ws/install/canopen_interfaces/include/canopen_interfaces/canopen_interfaces/srv/detail/co_nmt_id__functions.h
[1.757s] -- Up-to-date symlink: /home/ub2004/ros2_ws/install/canopen_interfaces/include/canopen_interfaces/canopen_interfaces/srv/detail/co_nmt_id__struct.h
[1.757s] -- Up-to-date symlink: /home/ub2004/ros2_ws/install/canopen_interfaces/include/canopen_interfaces/canopen_interfaces/srv/detail/co_nmt_id__type_support.h
[1.757s] -- Up-to-date symlink: /home/ub2004/ros2_ws/install/canopen_interfaces/include/canopen_interfaces/canopen_interfaces/srv/detail/co_node__functions.h
[1.757s] -- Up-to-date symlink: /home/ub2004/ros2_ws/install/canopen_interfaces/include/canopen_interfaces/canopen_interfaces/srv/detail/co_node__struct.h
[1.757s] -- Up-to-date symlink: /home/ub2004/ros2_ws/install/canopen_interfaces/include/canopen_interfaces/canopen_interfaces/srv/detail/co_node__type_support.h
[1.757s] -- Up-to-date symlink: /home/ub2004/ros2_ws/install/canopen_interfaces/include/canopen_interfaces/canopen_interfaces/srv/detail/co_read__functions.h
[1.757s] -- Up-to-date symlink: /home/ub2004/ros2_ws/install/canopen_interfaces/include/canopen_interfaces/canopen_interfaces/srv/detail/co_read__struct.h
[1.758s] -- Up-to-date symlink: /home/ub2004/ros2_ws/install/canopen_interfaces/include/canopen_interfaces/canopen_interfaces/srv/detail/co_read__type_support.h
[1.758s] -- Up-to-date symlink: /home/ub2004/ros2_ws/install/canopen_interfaces/include/canopen_interfaces/canopen_interfaces/srv/detail/co_read_id__functions.h
[1.758s] -- Up-to-date symlink: /home/ub2004/ros2_ws/install/canopen_interfaces/include/canopen_interfaces/canopen_interfaces/srv/detail/co_read_id__struct.h
[1.758s] -- Up-to-date symlink: /home/ub2004/ros2_ws/install/canopen_interfaces/include/canopen_interfaces/canopen_interfaces/srv/detail/co_read_id__type_support.h
[1.758s] -- Up-to-date symlink: /home/ub2004/ros2_ws/install/canopen_interfaces/include/canopen_interfaces/canopen_interfaces/srv/detail/co_target_double__functions.h
[1.758s] -- Up-to-date symlink: /home/ub2004/ros2_ws/install/canopen_interfaces/include/canopen_interfaces/canopen_interfaces/srv/detail/co_target_double__struct.h
[1.758s] -- Up-to-date symlink: /home/ub2004/ros2_ws/install/canopen_interfaces/include/canopen_interfaces/canopen_interfaces/srv/detail/co_target_double__type_support.h
[1.758s] -- Up-to-date symlink: /home/ub2004/ros2_ws/install/canopen_interfaces/include/canopen_interfaces/canopen_interfaces/srv/detail/co_write__functions.h
[1.759s] -- Up-to-date symlink: /home/ub2004/ros2_ws/install/canopen_interfaces/include/canopen_interfaces/canopen_interfaces/srv/detail/co_write__struct.h
[1.759s] -- Up-to-date symlink: /home/ub2004/ros2_ws/install/canopen_interfaces/include/canopen_interfaces/canopen_interfaces/srv/detail/co_write__type_support.h
[1.772s] -- Up-to-date symlink: /home/ub2004/ros2_ws/install/canopen_interfaces/include/canopen_interfaces/canopen_interfaces/srv/detail/co_write_id__functions.h
[1.772s] -- Up-to-date symlink: /home/ub2004/ros2_ws/install/canopen_interfaces/include/canopen_interfaces/canopen_interfaces/srv/detail/co_write_id__struct.h
[1.772s] -- Up-to-date symlink: /home/ub2004/ros2_ws/install/canopen_interfaces/include/canopen_interfaces/canopen_interfaces/srv/detail/co_write_id__type_support.h
[1.773s] -- Up-to-date symlink: /home/ub2004/ros2_ws/install/canopen_interfaces/share/canopen_interfaces/environment/library_path.sh
[1.773s] -- Up-to-date symlink: /home/ub2004/ros2_ws/install/canopen_interfaces/share/canopen_interfaces/environment/library_path.dsv
[1.773s] -- Up-to-date symlink: /home/ub2004/ros2_ws/install/canopen_interfaces/include/canopen_interfaces/canopen_interfaces/msg/detail/co_data__rosidl_typesupport_fastrtps_c.h
[1.774s] -- Up-to-date symlink: /home/ub2004/ros2_ws/install/canopen_interfaces/include/canopen_interfaces/canopen_interfaces/msg/rosidl_typesupport_fastrtps_c__visibility_control.h
[1.774s] -- Up-to-date symlink: /home/ub2004/ros2_ws/install/canopen_interfaces/include/canopen_interfaces/canopen_interfaces/srv/detail/co_heartbeat_id__rosidl_typesupport_fastrtps_c.h
[1.778s] -- Up-to-date symlink: /home/ub2004/ros2_ws/install/canopen_interfaces/include/canopen_interfaces/canopen_interfaces/srv/detail/co_nmt_id__rosidl_typesupport_fastrtps_c.h
[1.778s] -- Up-to-date symlink: /home/ub2004/ros2_ws/install/canopen_interfaces/include/canopen_interfaces/canopen_interfaces/srv/detail/co_node__rosidl_typesupport_fastrtps_c.h
[1.779s] -- Up-to-date symlink: /home/ub2004/ros2_ws/install/canopen_interfaces/include/canopen_interfaces/canopen_interfaces/srv/detail/co_read__rosidl_typesupport_fastrtps_c.h
[1.779s] -- Up-to-date symlink: /home/ub2004/ros2_ws/install/canopen_interfaces/include/canopen_interfaces/canopen_interfaces/srv/detail/co_read_id__rosidl_typesupport_fastrtps_c.h
[1.779s] -- Up-to-date symlink: /home/ub2004/ros2_ws/install/canopen_interfaces/include/canopen_interfaces/canopen_interfaces/srv/detail/co_target_double__rosidl_typesupport_fastrtps_c.h
[1.779s] -- Up-to-date symlink: /home/ub2004/ros2_ws/install/canopen_interfaces/include/canopen_interfaces/canopen_interfaces/srv/detail/co_write__rosidl_typesupport_fastrtps_c.h
[1.779s] -- Up-to-date symlink: /home/ub2004/ros2_ws/install/canopen_interfaces/include/canopen_interfaces/canopen_interfaces/srv/detail/co_write_id__rosidl_typesupport_fastrtps_c.h
[1.779s] -- Up-to-date symlink: /home/ub2004/ros2_ws/install/canopen_interfaces/include/canopen_interfaces/canopen_interfaces/msg/detail/co_data__rosidl_typesupport_introspection_c.h
[1.779s] -- Up-to-date symlink: /home/ub2004/ros2_ws/install/canopen_interfaces/include/canopen_interfaces/canopen_interfaces/msg/rosidl_typesupport_introspection_c__visibility_control.h
[1.779s] -- Up-to-date symlink: /home/ub2004/ros2_ws/install/canopen_interfaces/include/canopen_interfaces/canopen_interfaces/srv/detail/co_heartbeat_id__rosidl_typesupport_introspection_c.h
[1.780s] -- Up-to-date symlink: /home/ub2004/ros2_ws/install/canopen_interfaces/include/canopen_interfaces/canopen_interfaces/srv/detail/co_nmt_id__rosidl_typesupport_introspection_c.h
[1.780s] -- Up-to-date symlink: /home/ub2004/ros2_ws/install/canopen_interfaces/include/canopen_interfaces/canopen_interfaces/srv/detail/co_node__rosidl_typesupport_introspection_c.h
[1.780s] -- Up-to-date symlink: /home/ub2004/ros2_ws/install/canopen_interfaces/include/canopen_interfaces/canopen_interfaces/srv/detail/co_read__rosidl_typesupport_introspection_c.h
[1.780s] -- Up-to-date symlink: /home/ub2004/ros2_ws/install/canopen_interfaces/include/canopen_interfaces/canopen_interfaces/srv/detail/co_read_id__rosidl_typesupport_introspection_c.h
[1.780s] -- Up-to-date symlink: /home/ub2004/ros2_ws/install/canopen_interfaces/include/canopen_interfaces/canopen_interfaces/srv/detail/co_target_double__rosidl_typesupport_introspection_c.h
[1.780s] -- Up-to-date symlink: /home/ub2004/ros2_ws/install/canopen_interfaces/include/canopen_interfaces/canopen_interfaces/srv/detail/co_write__rosidl_typesupport_introspection_c.h
[1.788s] -- Up-to-date symlink: /home/ub2004/ros2_ws/install/canopen_interfaces/include/canopen_interfaces/canopen_interfaces/srv/detail/co_write_id__rosidl_typesupport_introspection_c.h
[1.788s] -- Up-to-date symlink: /home/ub2004/ros2_ws/install/canopen_interfaces/include/canopen_interfaces/canopen_interfaces/msg/co_data.hpp
[1.788s] -- Up-to-date symlink: /home/ub2004/ros2_ws/install/canopen_interfaces/include/canopen_interfaces/canopen_interfaces/msg/detail/co_data__builder.hpp
[1.788s] -- Up-to-date symlink: /home/ub2004/ros2_ws/install/canopen_interfaces/include/canopen_interfaces/canopen_interfaces/msg/detail/co_data__struct.hpp
[1.788s] -- Up-to-date symlink: /home/ub2004/ros2_ws/install/canopen_interfaces/include/canopen_interfaces/canopen_interfaces/msg/detail/co_data__traits.hpp
[1.788s] -- Up-to-date symlink: /home/ub2004/ros2_ws/install/canopen_interfaces/include/canopen_interfaces/canopen_interfaces/msg/detail/co_data__type_support.hpp
[1.789s] -- Up-to-date symlink: /home/ub2004/ros2_ws/install/canopen_interfaces/include/canopen_interfaces/canopen_interfaces/msg/rosidl_generator_cpp__visibility_control.hpp
[1.789s] -- Up-to-date symlink: /home/ub2004/ros2_ws/install/canopen_interfaces/include/canopen_interfaces/canopen_interfaces/srv/co_heartbeat_id.hpp
[1.789s] -- Up-to-date symlink: /home/ub2004/ros2_ws/install/canopen_interfaces/include/canopen_interfaces/canopen_interfaces/srv/co_nmt_id.hpp
[1.789s] -- Up-to-date symlink: /home/ub2004/ros2_ws/install/canopen_interfaces/include/canopen_interfaces/canopen_interfaces/srv/co_node.hpp
[1.789s] -- Up-to-date symlink: /home/ub2004/ros2_ws/install/canopen_interfaces/include/canopen_interfaces/canopen_interfaces/srv/co_read.hpp
[1.789s] -- Up-to-date symlink: /home/ub2004/ros2_ws/install/canopen_interfaces/include/canopen_interfaces/canopen_interfaces/srv/co_read_id.hpp
[1.790s] -- Up-to-date symlink: /home/ub2004/ros2_ws/install/canopen_interfaces/include/canopen_interfaces/canopen_interfaces/srv/co_target_double.hpp
[1.790s] -- Up-to-date symlink: /home/ub2004/ros2_ws/install/canopen_interfaces/include/canopen_interfaces/canopen_interfaces/srv/co_write.hpp
[1.790s] -- Up-to-date symlink: /home/ub2004/ros2_ws/install/canopen_interfaces/include/canopen_interfaces/canopen_interfaces/srv/co_write_id.hpp
[1.790s] -- Up-to-date symlink: /home/ub2004/ros2_ws/install/canopen_interfaces/include/canopen_interfaces/canopen_interfaces/srv/detail/co_heartbeat_id__builder.hpp
[1.790s] -- Up-to-date symlink: /home/ub2004/ros2_ws/install/canopen_interfaces/include/canopen_interfaces/canopen_interfaces/srv/detail/co_heartbeat_id__struct.hpp
[1.791s] -- Up-to-date symlink: /home/ub2004/ros2_ws/install/canopen_interfaces/include/canopen_interfaces/canopen_interfaces/srv/detail/co_heartbeat_id__traits.hpp
[1.791s] -- Up-to-date symlink: /home/ub2004/ros2_ws/install/canopen_interfaces/include/canopen_interfaces/canopen_interfaces/srv/detail/co_heartbeat_id__type_support.hpp
[1.791s] -- Up-to-date symlink: /home/ub2004/ros2_ws/install/canopen_interfaces/include/canopen_interfaces/canopen_interfaces/srv/detail/co_nmt_id__builder.hpp
[1.791s] -- Up-to-date symlink: /home/ub2004/ros2_ws/install/canopen_interfaces/include/canopen_interfaces/canopen_interfaces/srv/detail/co_nmt_id__struct.hpp
[1.791s] -- Up-to-date symlink: /home/ub2004/ros2_ws/install/canopen_interfaces/include/canopen_interfaces/canopen_interfaces/srv/detail/co_nmt_id__traits.hpp
[1.791s] -- Up-to-date symlink: /home/ub2004/ros2_ws/install/canopen_interfaces/include/canopen_interfaces/canopen_interfaces/srv/detail/co_nmt_id__type_support.hpp
[1.791s] -- Up-to-date symlink: /home/ub2004/ros2_ws/install/canopen_interfaces/include/canopen_interfaces/canopen_interfaces/srv/detail/co_node__builder.hpp
[1.792s] -- Up-to-date symlink: /home/ub2004/ros2_ws/install/canopen_interfaces/include/canopen_interfaces/canopen_interfaces/srv/detail/co_node__struct.hpp
[1.792s] -- Up-to-date symlink: /home/ub2004/ros2_ws/install/canopen_interfaces/include/canopen_interfaces/canopen_interfaces/srv/detail/co_node__traits.hpp
[1.792s] -- Up-to-date symlink: /home/ub2004/ros2_ws/install/canopen_interfaces/include/canopen_interfaces/canopen_interfaces/srv/detail/co_node__type_support.hpp
[1.792s] -- Up-to-date symlink: /home/ub2004/ros2_ws/install/canopen_interfaces/include/canopen_interfaces/canopen_interfaces/srv/detail/co_read__builder.hpp
[1.792s] -- Up-to-date symlink: /home/ub2004/ros2_ws/install/canopen_interfaces/include/canopen_interfaces/canopen_interfaces/srv/detail/co_read__struct.hpp
[1.792s] -- Up-to-date symlink: /home/ub2004/ros2_ws/install/canopen_interfaces/include/canopen_interfaces/canopen_interfaces/srv/detail/co_read__traits.hpp
[1.792s] -- Up-to-date symlink: /home/ub2004/ros2_ws/install/canopen_interfaces/include/canopen_interfaces/canopen_interfaces/srv/detail/co_read__type_support.hpp
[1.792s] -- Up-to-date symlink: /home/ub2004/ros2_ws/install/canopen_interfaces/include/canopen_interfaces/canopen_interfaces/srv/detail/co_read_id__builder.hpp
[1.792s] -- Up-to-date symlink: /home/ub2004/ros2_ws/install/canopen_interfaces/include/canopen_interfaces/canopen_interfaces/srv/detail/co_read_id__struct.hpp
[1.793s] -- Up-to-date symlink: /home/ub2004/ros2_ws/install/canopen_interfaces/include/canopen_interfaces/canopen_interfaces/srv/detail/co_read_id__traits.hpp
[1.793s] -- Up-to-date symlink: /home/ub2004/ros2_ws/install/canopen_interfaces/include/canopen_interfaces/canopen_interfaces/srv/detail/co_read_id__type_support.hpp
[1.793s] -- Up-to-date symlink: /home/ub2004/ros2_ws/install/canopen_interfaces/include/canopen_interfaces/canopen_interfaces/srv/detail/co_target_double__builder.hpp
[1.793s] -- Up-to-date symlink: /home/ub2004/ros2_ws/install/canopen_interfaces/include/canopen_interfaces/canopen_interfaces/srv/detail/co_target_double__struct.hpp
[1.793s] -- Up-to-date symlink: /home/ub2004/ros2_ws/install/canopen_interfaces/include/canopen_interfaces/canopen_interfaces/srv/detail/co_target_double__traits.hpp
[1.793s] -- Up-to-date symlink: /home/ub2004/ros2_ws/install/canopen_interfaces/include/canopen_interfaces/canopen_interfaces/srv/detail/co_target_double__type_support.hpp
[1.793s] -- Up-to-date symlink: /home/ub2004/ros2_ws/install/canopen_interfaces/include/canopen_interfaces/canopen_interfaces/srv/detail/co_write__builder.hpp
[1.793s] -- Up-to-date symlink: /home/ub2004/ros2_ws/install/canopen_interfaces/include/canopen_interfaces/canopen_interfaces/srv/detail/co_write__struct.hpp
[1.793s] -- Up-to-date symlink: /home/ub2004/ros2_ws/install/canopen_interfaces/include/canopen_interfaces/canopen_interfaces/srv/detail/co_write__traits.hpp
[1.794s] -- Up-to-date symlink: /home/ub2004/ros2_ws/install/canopen_interfaces/include/canopen_interfaces/canopen_interfaces/srv/detail/co_write__type_support.hpp
[1.794s] -- Up-to-date symlink: /home/ub2004/ros2_ws/install/canopen_interfaces/include/canopen_interfaces/canopen_interfaces/srv/detail/co_write_id__builder.hpp
[1.794s] -- Up-to-date symlink: /home/ub2004/ros2_ws/install/canopen_interfaces/include/canopen_interfaces/canopen_interfaces/srv/detail/co_write_id__struct.hpp
[1.794s] -- Up-to-date symlink: /home/ub2004/ros2_ws/install/canopen_interfaces/include/canopen_interfaces/canopen_interfaces/srv/detail/co_write_id__traits.hpp
[1.794s] -- Up-to-date symlink: /home/ub2004/ros2_ws/install/canopen_interfaces/include/canopen_interfaces/canopen_interfaces/srv/detail/co_write_id__type_support.hpp
[1.794s] -- Up-to-date symlink: /home/ub2004/ros2_ws/install/canopen_interfaces/include/canopen_interfaces/canopen_interfaces/msg/detail/co_data__rosidl_typesupport_fastrtps_cpp.hpp
[1.794s] -- Up-to-date symlink: /home/ub2004/ros2_ws/install/canopen_interfaces/include/canopen_interfaces/canopen_interfaces/msg/rosidl_typesupport_fastrtps_cpp__visibility_control.h
[1.794s] -- Up-to-date symlink: /home/ub2004/ros2_ws/install/canopen_interfaces/include/canopen_interfaces/canopen_interfaces/srv/detail/co_heartbeat_id__rosidl_typesupport_fastrtps_cpp.hpp
[1.795s] -- Up-to-date symlink: /home/ub2004/ros2_ws/install/canopen_interfaces/include/canopen_interfaces/canopen_interfaces/srv/detail/co_nmt_id__rosidl_typesupport_fastrtps_cpp.hpp
[1.795s] -- Up-to-date symlink: /home/ub2004/ros2_ws/install/canopen_interfaces/include/canopen_interfaces/canopen_interfaces/srv/detail/co_node__rosidl_typesupport_fastrtps_cpp.hpp
[1.795s] -- Up-to-date symlink: /home/ub2004/ros2_ws/install/canopen_interfaces/include/canopen_interfaces/canopen_interfaces/srv/detail/co_read__rosidl_typesupport_fastrtps_cpp.hpp
[1.795s] -- Up-to-date symlink: /home/ub2004/ros2_ws/install/canopen_interfaces/include/canopen_interfaces/canopen_interfaces/srv/detail/co_read_id__rosidl_typesupport_fastrtps_cpp.hpp
[1.795s] -- Up-to-date symlink: /home/ub2004/ros2_ws/install/canopen_interfaces/include/canopen_interfaces/canopen_interfaces/srv/detail/co_target_double__rosidl_typesupport_fastrtps_cpp.hpp
[1.795s] -- Up-to-date symlink: /home/ub2004/ros2_ws/install/canopen_interfaces/include/canopen_interfaces/canopen_interfaces/srv/detail/co_write__rosidl_typesupport_fastrtps_cpp.hpp
[1.795s] -- Up-to-date symlink: /home/ub2004/ros2_ws/install/canopen_interfaces/include/canopen_interfaces/canopen_interfaces/srv/detail/co_write_id__rosidl_typesupport_fastrtps_cpp.hpp
[1.795s] -- Up-to-date symlink: /home/ub2004/ros2_ws/install/canopen_interfaces/include/canopen_interfaces/canopen_interfaces/msg/detail/co_data__rosidl_typesupport_introspection_cpp.hpp
[1.795s] -- Up-to-date symlink: /home/ub2004/ros2_ws/install/canopen_interfaces/include/canopen_interfaces/canopen_interfaces/srv/detail/co_heartbeat_id__rosidl_typesupport_introspection_cpp.hpp
[1.796s] -- Up-to-date symlink: /home/ub2004/ros2_ws/install/canopen_interfaces/include/canopen_interfaces/canopen_interfaces/srv/detail/co_nmt_id__rosidl_typesupport_introspection_cpp.hpp
[1.796s] -- Up-to-date symlink: /home/ub2004/ros2_ws/install/canopen_interfaces/include/canopen_interfaces/canopen_interfaces/srv/detail/co_node__rosidl_typesupport_introspection_cpp.hpp
[1.796s] -- Up-to-date symlink: /home/ub2004/ros2_ws/install/canopen_interfaces/include/canopen_interfaces/canopen_interfaces/srv/detail/co_read__rosidl_typesupport_introspection_cpp.hpp
[1.796s] -- Up-to-date symlink: /home/ub2004/ros2_ws/install/canopen_interfaces/include/canopen_interfaces/canopen_interfaces/srv/detail/co_read_id__rosidl_typesupport_introspection_cpp.hpp
[1.796s] -- Up-to-date symlink: /home/ub2004/ros2_ws/install/canopen_interfaces/include/canopen_interfaces/canopen_interfaces/srv/detail/co_target_double__rosidl_typesupport_introspection_cpp.hpp
[1.796s] -- Up-to-date symlink: /home/ub2004/ros2_ws/install/canopen_interfaces/include/canopen_interfaces/canopen_interfaces/srv/detail/co_write__rosidl_typesupport_introspection_cpp.hpp
[1.796s] -- Up-to-date symlink: /home/ub2004/ros2_ws/install/canopen_interfaces/include/canopen_interfaces/canopen_interfaces/srv/detail/co_write_id__rosidl_typesupport_introspection_cpp.hpp
[1.797s] -- Up-to-date symlink: /home/ub2004/ros2_ws/install/canopen_interfaces/share/canopen_interfaces/environment/pythonpath.sh
[1.797s] -- Up-to-date symlink: /home/ub2004/ros2_ws/install/canopen_interfaces/share/canopen_interfaces/environment/pythonpath.dsv
[1.797s] -- Up-to-date symlink: /home/ub2004/ros2_ws/install/canopen_interfaces/local/lib/python3.10/dist-packages/canopen_interfaces-0.2.11-py3.10.egg-info/PKG-INFO
[1.797s] -- Up-to-date symlink: /home/ub2004/ros2_ws/install/canopen_interfaces/local/lib/python3.10/dist-packages/canopen_interfaces-0.2.11-py3.10.egg-info/SOURCES.txt
[1.797s] -- Up-to-date symlink: /home/ub2004/ros2_ws/install/canopen_interfaces/local/lib/python3.10/dist-packages/canopen_interfaces-0.2.11-py3.10.egg-info/dependency_links.txt
[1.797s] -- Up-to-date symlink: /home/ub2004/ros2_ws/install/canopen_interfaces/local/lib/python3.10/dist-packages/canopen_interfaces-0.2.11-py3.10.egg-info/top_level.txt
[1.798s] -- Up-to-date symlink: /home/ub2004/ros2_ws/install/canopen_interfaces/local/lib/python3.10/dist-packages/canopen_interfaces/__init__.py
[1.798s] -- Up-to-date symlink: /home/ub2004/ros2_ws/install/canopen_interfaces/local/lib/python3.10/dist-packages/canopen_interfaces/_canopen_interfaces_s.ep.rosidl_typesupport_c.c
[1.798s] -- Up-to-date symlink: /home/ub2004/ros2_ws/install/canopen_interfaces/local/lib/python3.10/dist-packages/canopen_interfaces/_canopen_interfaces_s.ep.rosidl_typesupport_fastrtps_c.c
[1.799s] -- Up-to-date symlink: /home/ub2004/ros2_ws/install/canopen_interfaces/local/lib/python3.10/dist-packages/canopen_interfaces/_canopen_interfaces_s.ep.rosidl_typesupport_introspection_c.c
[1.799s] -- Up-to-date symlink: /home/ub2004/ros2_ws/install/canopen_interfaces/local/lib/python3.10/dist-packages/canopen_interfaces/canopen_interfaces_s__rosidl_typesupport_c.cpython-310-x86_64-linux-gnu.so
[1.799s] -- Up-to-date symlink: /home/ub2004/ros2_ws/install/canopen_interfaces/local/lib/python3.10/dist-packages/canopen_interfaces/canopen_interfaces_s__rosidl_typesupport_fastrtps_c.cpython-310-x86_64-linux-gnu.so
[1.799s] -- Up-to-date symlink: /home/ub2004/ros2_ws/install/canopen_interfaces/local/lib/python3.10/dist-packages/canopen_interfaces/canopen_interfaces_s__rosidl_typesupport_introspection_c.cpython-310-x86_64-linux-gnu.so
[1.799s] -- Up-to-date symlink: /home/ub2004/ros2_ws/install/canopen_interfaces/local/lib/python3.10/dist-packages/canopen_interfaces/libcanopen_interfaces__rosidl_generator_py.so
[1.799s] -- Up-to-date symlink: /home/ub2004/ros2_ws/install/canopen_interfaces/local/lib/python3.10/dist-packages/canopen_interfaces/msg/__init__.py
[1.799s] -- Up-to-date symlink: /home/ub2004/ros2_ws/install/canopen_interfaces/local/lib/python3.10/dist-packages/canopen_interfaces/msg/_co_data.py
[1.800s] -- Up-to-date symlink: /home/ub2004/ros2_ws/install/canopen_interfaces/local/lib/python3.10/dist-packages/canopen_interfaces/msg/_co_data_s.c
[1.800s] -- Up-to-date symlink: /home/ub2004/ros2_ws/install/canopen_interfaces/local/lib/python3.10/dist-packages/canopen_interfaces/srv/__init__.py
[1.800s] -- Up-to-date symlink: /home/ub2004/ros2_ws/install/canopen_interfaces/local/lib/python3.10/dist-packages/canopen_interfaces/srv/_co_heartbeat_id.py
[1.800s] -- Up-to-date symlink: /home/ub2004/ros2_ws/install/canopen_interfaces/local/lib/python3.10/dist-packages/canopen_interfaces/srv/_co_heartbeat_id_s.c
[1.800s] -- Up-to-date symlink: /home/ub2004/ros2_ws/install/canopen_interfaces/local/lib/python3.10/dist-packages/canopen_interfaces/srv/_co_nmt_id.py
[1.800s] -- Up-to-date symlink: /home/ub2004/ros2_ws/install/canopen_interfaces/local/lib/python3.10/dist-packages/canopen_interfaces/srv/_co_nmt_id_s.c
[1.800s] -- Up-to-date symlink: /home/ub2004/ros2_ws/install/canopen_interfaces/local/lib/python3.10/dist-packages/canopen_interfaces/srv/_co_node.py
[1.801s] -- Up-to-date symlink: /home/ub2004/ros2_ws/install/canopen_interfaces/local/lib/python3.10/dist-packages/canopen_interfaces/srv/_co_node_s.c
[1.801s] -- Up-to-date symlink: /home/ub2004/ros2_ws/install/canopen_interfaces/local/lib/python3.10/dist-packages/canopen_interfaces/srv/_co_read.py
[1.804s] -- Up-to-date symlink: /home/ub2004/ros2_ws/install/canopen_interfaces/local/lib/python3.10/dist-packages/canopen_interfaces/srv/_co_read_id.py
[1.805s] -- Up-to-date symlink: /home/ub2004/ros2_ws/install/canopen_interfaces/local/lib/python3.10/dist-packages/canopen_interfaces/srv/_co_read_id_s.c
[1.805s] -- Up-to-date symlink: /home/ub2004/ros2_ws/install/canopen_interfaces/local/lib/python3.10/dist-packages/canopen_interfaces/srv/_co_read_s.c
[1.805s] -- Up-to-date symlink: /home/ub2004/ros2_ws/install/canopen_interfaces/local/lib/python3.10/dist-packages/canopen_interfaces/srv/_co_target_double.py
[1.805s] -- Up-to-date symlink: /home/ub2004/ros2_ws/install/canopen_interfaces/local/lib/python3.10/dist-packages/canopen_interfaces/srv/_co_target_double_s.c
[1.806s] -- Up-to-date symlink: /home/ub2004/ros2_ws/install/canopen_interfaces/local/lib/python3.10/dist-packages/canopen_interfaces/srv/_co_write.py
[1.806s] -- Up-to-date symlink: /home/ub2004/ros2_ws/install/canopen_interfaces/local/lib/python3.10/dist-packages/canopen_interfaces/srv/_co_write_id.py
[1.806s] -- Up-to-date symlink: /home/ub2004/ros2_ws/install/canopen_interfaces/local/lib/python3.10/dist-packages/canopen_interfaces/srv/_co_write_id_s.c
[1.806s] -- Up-to-date symlink: /home/ub2004/ros2_ws/install/canopen_interfaces/local/lib/python3.10/dist-packages/canopen_interfaces/srv/_co_write_s.c
[1.806s] -- Up-to-date symlink: /home/ub2004/ros2_ws/install/canopen_interfaces/local/lib/python3.10/dist-packages/canopen_interfaces/canopen_interfaces_s__rosidl_typesupport_fastrtps_c.cpython-310-x86_64-linux-gnu.so
[1.806s] -- Up-to-date symlink: /home/ub2004/ros2_ws/install/canopen_interfaces/local/lib/python3.10/dist-packages/canopen_interfaces/canopen_interfaces_s__rosidl_typesupport_introspection_c.cpython-310-x86_64-linux-gnu.so
[1.806s] -- Up-to-date symlink: /home/ub2004/ros2_ws/install/canopen_interfaces/local/lib/python3.10/dist-packages/canopen_interfaces/canopen_interfaces_s__rosidl_typesupport_c.cpython-310-x86_64-linux-gnu.so
[1.806s] -- Up-to-date symlink: /home/ub2004/ros2_ws/install/canopen_interfaces/share/canopen_interfaces/srv/COHeartbeatID.idl
[1.807s] -- Up-to-date symlink: /home/ub2004/ros2_ws/install/canopen_interfaces/share/canopen_interfaces/srv/CONmtID.idl
[1.807s] -- Up-to-date symlink: /home/ub2004/ros2_ws/install/canopen_interfaces/share/canopen_interfaces/srv/CORead.idl
[1.807s] -- Up-to-date symlink: /home/ub2004/ros2_ws/install/canopen_interfaces/share/canopen_interfaces/srv/COReadID.idl
[1.807s] -- Up-to-date symlink: /home/ub2004/ros2_ws/install/canopen_interfaces/share/canopen_interfaces/srv/COWrite.idl
[1.807s] -- Up-to-date symlink: /home/ub2004/ros2_ws/install/canopen_interfaces/share/canopen_interfaces/srv/COWriteID.idl
[1.807s] -- Up-to-date symlink: /home/ub2004/ros2_ws/install/canopen_interfaces/share/canopen_interfaces/srv/COTargetDouble.idl
[1.807s] -- Up-to-date symlink: /home/ub2004/ros2_ws/install/canopen_interfaces/share/canopen_interfaces/srv/CONode.idl
[1.807s] -- Up-to-date symlink: /home/ub2004/ros2_ws/install/canopen_interfaces/share/canopen_interfaces/msg/COData.idl
[1.807s] -- Up-to-date symlink: /home/ub2004/ros2_ws/install/canopen_interfaces/share/canopen_interfaces/srv/COHeartbeatID.srv
[1.807s] -- Up-to-date symlink: /home/ub2004/ros2_ws/install/canopen_interfaces/share/canopen_interfaces/srv/COHeartbeatID_Request.msg
[1.808s] -- Up-to-date symlink: /home/ub2004/ros2_ws/install/canopen_interfaces/share/canopen_interfaces/srv/COHeartbeatID_Response.msg
[1.808s] -- Up-to-date symlink: /home/ub2004/ros2_ws/install/canopen_interfaces/share/canopen_interfaces/srv/CONmtID.srv
[1.808s] -- Up-to-date symlink: /home/ub2004/ros2_ws/install/canopen_interfaces/share/canopen_interfaces/srv/CONmtID_Request.msg
[1.808s] -- Up-to-date symlink: /home/ub2004/ros2_ws/install/canopen_interfaces/share/canopen_interfaces/srv/CONmtID_Response.msg
[1.808s] -- Up-to-date symlink: /home/ub2004/ros2_ws/install/canopen_interfaces/share/canopen_interfaces/srv/CORead.srv
[1.808s] -- Up-to-date symlink: /home/ub2004/ros2_ws/install/canopen_interfaces/share/canopen_interfaces/srv/CORead_Request.msg
[1.808s] -- Up-to-date symlink: /home/ub2004/ros2_ws/install/canopen_interfaces/share/canopen_interfaces/srv/CORead_Response.msg
[1.809s] -- Up-to-date symlink: /home/ub2004/ros2_ws/install/canopen_interfaces/share/canopen_interfaces/srv/COReadID.srv
[1.809s] -- Up-to-date symlink: /home/ub2004/ros2_ws/install/canopen_interfaces/share/canopen_interfaces/srv/COReadID_Request.msg
[1.809s] -- Up-to-date symlink: /home/ub2004/ros2_ws/install/canopen_interfaces/share/canopen_interfaces/srv/COReadID_Response.msg
[1.809s] -- Up-to-date symlink: /home/ub2004/ros2_ws/install/canopen_interfaces/share/canopen_interfaces/srv/COWrite.srv
[1.809s] -- Up-to-date symlink: /home/ub2004/ros2_ws/install/canopen_interfaces/share/canopen_interfaces/srv/COWrite_Request.msg
[1.809s] -- Up-to-date symlink: /home/ub2004/ros2_ws/install/canopen_interfaces/share/canopen_interfaces/srv/COWrite_Response.msg
[1.809s] -- Up-to-date symlink: /home/ub2004/ros2_ws/install/canopen_interfaces/share/canopen_interfaces/srv/COWriteID.srv
[1.809s] -- Up-to-date symlink: /home/ub2004/ros2_ws/install/canopen_interfaces/share/canopen_interfaces/srv/COWriteID_Request.msg
[1.809s] -- Up-to-date symlink: /home/ub2004/ros2_ws/install/canopen_interfaces/share/canopen_interfaces/srv/COWriteID_Response.msg
[1.810s] -- Up-to-date symlink: /home/ub2004/ros2_ws/install/canopen_interfaces/share/canopen_interfaces/srv/COTargetDouble.srv
[1.810s] -- Up-to-date symlink: /home/ub2004/ros2_ws/install/canopen_interfaces/share/canopen_interfaces/srv/COTargetDouble_Request.msg
[1.810s] -- Up-to-date symlink: /home/ub2004/ros2_ws/install/canopen_interfaces/share/canopen_interfaces/srv/COTargetDouble_Response.msg
[1.810s] -- Up-to-date symlink: /home/ub2004/ros2_ws/install/canopen_interfaces/share/canopen_interfaces/srv/CONode.srv
[1.810s] -- Up-to-date symlink: /home/ub2004/ros2_ws/install/canopen_interfaces/share/canopen_interfaces/srv/CONode_Request.msg
[1.810s] -- Up-to-date symlink: /home/ub2004/ros2_ws/install/canopen_interfaces/share/canopen_interfaces/srv/CONode_Response.msg
[1.810s] -- Up-to-date symlink: /home/ub2004/ros2_ws/install/canopen_interfaces/share/canopen_interfaces/msg/COData.msg
[1.810s] -- Up-to-date symlink: /home/ub2004/ros2_ws/install/canopen_interfaces/share/ament_index/resource_index/package_run_dependencies/canopen_interfaces
[1.811s] -- Up-to-date symlink: /home/ub2004/ros2_ws/install/canopen_interfaces/share/ament_index/resource_index/parent_prefix_path/canopen_interfaces
[1.811s] -- Up-to-date symlink: /home/ub2004/ros2_ws/install/canopen_interfaces/share/canopen_interfaces/environment/ament_prefix_path.sh
[1.811s] -- Up-to-date symlink: /home/ub2004/ros2_ws/install/canopen_interfaces/share/canopen_interfaces/environment/ament_prefix_path.dsv
[1.811s] -- Up-to-date symlink: /home/ub2004/ros2_ws/install/canopen_interfaces/share/canopen_interfaces/environment/path.sh
[1.811s] -- Up-to-date symlink: /home/ub2004/ros2_ws/install/canopen_interfaces/share/canopen_interfaces/environment/path.dsv
[1.811s] -- Up-to-date symlink: /home/ub2004/ros2_ws/install/canopen_interfaces/share/canopen_interfaces/local_setup.bash
[1.811s] -- Up-to-date symlink: /home/ub2004/ros2_ws/install/canopen_interfaces/share/canopen_interfaces/local_setup.sh
[1.811s] -- Up-to-date symlink: /home/ub2004/ros2_ws/install/canopen_interfaces/share/canopen_interfaces/local_setup.zsh
[1.811s] -- Up-to-date symlink: /home/ub2004/ros2_ws/install/canopen_interfaces/share/canopen_interfaces/local_setup.dsv
[1.812s] -- Symlinking: /home/ub2004/ros2_ws/install/canopen_interfaces/share/canopen_interfaces/package.dsv
[1.827s] -- Up-to-date symlink: /home/ub2004/ros2_ws/install/canopen_interfaces/share/ament_index/resource_index/packages/canopen_interfaces
[1.827s] -- Up-to-date symlink: /home/ub2004/ros2_ws/install/canopen_interfaces/share/canopen_interfaces/cmake/rosidl_cmake-extras.cmake
[1.827s] -- Up-to-date symlink: /home/ub2004/ros2_ws/install/canopen_interfaces/share/canopen_interfaces/cmake/ament_cmake_export_include_directories-extras.cmake
[1.827s] -- Up-to-date symlink: /home/ub2004/ros2_ws/install/canopen_interfaces/share/canopen_interfaces/cmake/ament_cmake_export_libraries-extras.cmake
[1.827s] -- Up-to-date symlink: /home/ub2004/ros2_ws/install/canopen_interfaces/share/canopen_interfaces/cmake/ament_cmake_export_targets-extras.cmake
[1.828s] -- Up-to-date symlink: /home/ub2004/ros2_ws/install/canopen_interfaces/share/canopen_interfaces/cmake/rosidl_cmake_export_typesupport_targets-extras.cmake
[1.829s] -- Up-to-date symlink: /home/ub2004/ros2_ws/install/canopen_interfaces/share/canopen_interfaces/cmake/ament_cmake_export_dependencies-extras.cmake
[1.829s] -- Up-to-date symlink: /home/ub2004/ros2_ws/install/canopen_interfaces/share/canopen_interfaces/cmake/rosidl_cmake_export_typesupport_libraries-extras.cmake
[1.830s] -- Up-to-date symlink: /home/ub2004/ros2_ws/install/canopen_interfaces/share/canopen_interfaces/cmake/canopen_interfacesConfig.cmake
[1.831s] -- Up-to-date symlink: /home/ub2004/ros2_ws/install/canopen_interfaces/share/canopen_interfaces/cmake/canopen_interfacesConfig-version.cmake
[1.833s] -- Up-to-date symlink: /home/ub2004/ros2_ws/install/canopen_interfaces/share/canopen_interfaces/package.xml
[1.836s] -- Up-to-date: /home/ub2004/ros2_ws/install/canopen_interfaces/lib/libcanopen_interfaces__rosidl_generator_c.so
[1.841s] -- Up-to-date: /home/ub2004/ros2_ws/install/canopen_interfaces/lib/libcanopen_interfaces__rosidl_typesupport_fastrtps_c.so
[1.843s] -- Up-to-date: /home/ub2004/ros2_ws/install/canopen_interfaces/lib/libcanopen_interfaces__rosidl_typesupport_introspection_c.so
[1.845s] -- Up-to-date: /home/ub2004/ros2_ws/install/canopen_interfaces/lib/libcanopen_interfaces__rosidl_typesupport_c.so
[1.850s] -- Up-to-date: /home/ub2004/ros2_ws/install/canopen_interfaces/lib/libcanopen_interfaces__rosidl_typesupport_fastrtps_cpp.so
[1.853s] -- Up-to-date: /home/ub2004/ros2_ws/install/canopen_interfaces/lib/libcanopen_interfaces__rosidl_typesupport_introspection_cpp.so
[1.856s] -- Up-to-date: /home/ub2004/ros2_ws/install/canopen_interfaces/lib/libcanopen_interfaces__rosidl_typesupport_cpp.so
[1.987s] Listing '/home/ub2004/ros2_ws/install/canopen_interfaces/local/lib/python3.10/dist-packages/canopen_interfaces'...
[1.987s] Listing '/home/ub2004/ros2_ws/install/canopen_interfaces/local/lib/python3.10/dist-packages/canopen_interfaces/msg'...
[1.987s] Listing '/home/ub2004/ros2_ws/install/canopen_interfaces/local/lib/python3.10/dist-packages/canopen_interfaces/srv'...
[2.004s] -- Up-to-date: /home/ub2004/ros2_ws/install/canopen_interfaces/lib/libcanopen_interfaces__rosidl_generator_py.so
[2.006s] -- Up-to-date: /home/ub2004/ros2_ws/install/canopen_interfaces/share/canopen_interfaces/cmake/export_canopen_interfaces__rosidl_generator_cExport.cmake
[2.006s] -- Up-to-date: /home/ub2004/ros2_ws/install/canopen_interfaces/share/canopen_interfaces/cmake/export_canopen_interfaces__rosidl_generator_cExport-noconfig.cmake
[2.006s] -- Up-to-date: /home/ub2004/ros2_ws/install/canopen_interfaces/share/canopen_interfaces/cmake/export_canopen_interfaces__rosidl_typesupport_fastrtps_cExport.cmake
[2.007s] -- Up-to-date: /home/ub2004/ros2_ws/install/canopen_interfaces/share/canopen_interfaces/cmake/export_canopen_interfaces__rosidl_typesupport_fastrtps_cExport-noconfig.cmake
[2.009s] -- Up-to-date: /home/ub2004/ros2_ws/install/canopen_interfaces/share/canopen_interfaces/cmake/canopen_interfaces__rosidl_typesupport_introspection_cExport.cmake
[2.010s] -- Up-to-date: /home/ub2004/ros2_ws/install/canopen_interfaces/share/canopen_interfaces/cmake/canopen_interfaces__rosidl_typesupport_introspection_cExport-noconfig.cmake
[2.010s] -- Up-to-date: /home/ub2004/ros2_ws/install/canopen_interfaces/share/canopen_interfaces/cmake/canopen_interfaces__rosidl_typesupport_cExport.cmake
[2.010s] -- Up-to-date: /home/ub2004/ros2_ws/install/canopen_interfaces/share/canopen_interfaces/cmake/canopen_interfaces__rosidl_typesupport_cExport-noconfig.cmake
[2.011s] -- Up-to-date: /home/ub2004/ros2_ws/install/canopen_interfaces/share/canopen_interfaces/cmake/export_canopen_interfaces__rosidl_generator_cppExport.cmake
[2.012s] -- Up-to-date: /home/ub2004/ros2_ws/install/canopen_interfaces/share/canopen_interfaces/cmake/export_canopen_interfaces__rosidl_typesupport_fastrtps_cppExport.cmake
[2.012s] -- Up-to-date: /home/ub2004/ros2_ws/install/canopen_interfaces/share/canopen_interfaces/cmake/export_canopen_interfaces__rosidl_typesupport_fastrtps_cppExport-noconfig.cmake
[2.013s] -- Up-to-date: /home/ub2004/ros2_ws/install/canopen_interfaces/share/canopen_interfaces/cmake/canopen_interfaces__rosidl_typesupport_introspection_cppExport.cmake
[2.013s] -- Up-to-date: /home/ub2004/ros2_ws/install/canopen_interfaces/share/canopen_interfaces/cmake/canopen_interfaces__rosidl_typesupport_introspection_cppExport-noconfig.cmake
[2.018s] -- Up-to-date: /home/ub2004/ros2_ws/install/canopen_interfaces/share/canopen_interfaces/cmake/canopen_interfaces__rosidl_typesupport_cppExport.cmake
[2.018s] -- Up-to-date: /home/ub2004/ros2_ws/install/canopen_interfaces/share/canopen_interfaces/cmake/canopen_interfaces__rosidl_typesupport_cppExport-noconfig.cmake
[2.023s] -- Up-to-date: /home/ub2004/ros2_ws/install/canopen_interfaces/share/canopen_interfaces/cmake/export_canopen_interfaces__rosidl_generator_pyExport.cmake
[2.023s] -- Up-to-date: /home/ub2004/ros2_ws/install/canopen_interfaces/share/canopen_interfaces/cmake/export_canopen_interfaces__rosidl_generator_pyExport-noconfig.cmake
[2.037s] Invoked command in '/home/ub2004/ros2_ws/build/canopen_interfaces' returned '0': CMAKE_PREFIX_PATH=${CMAKE_PREFIX_PATH}:/home/ub2004/ros2_ws/install/urdf_tutorial:/home/ub2004/ros2_ws/install/test_py:/home/ub2004/ros2_ws/install/canopen_utils:/home/ub2004/ros2_ws/install/can_comm:/home/ub2004/ros2_ws/install/agv_pak:/opt/ros/humble /usr/bin/cmake --install /home/ub2004/ros2_ws/build/canopen_interfaces
