[0.020s] Invoking command in '/home/ub2004/ros2_ws/build/canopen_core': CMAKE_PREFIX_PATH=/home/ub2004/ros2_ws/install/lely_core_libraries:/home/ub2004/ros2_ws/install/canopen_interfaces:/home/ub2004/ros2_ws/install/canopen_tests:/home/ub2004/ros2_ws/install/canopen_ros2_controllers:/home/ub2004/ros2_ws/install/canopen_ros2_control:/home/ub2004/ros2_ws/install/canopen:/home/ub2004/ros2_ws/install/canopen_402_driver:/home/ub2004/ros2_ws/install/canopen_proxy_driver:/home/ub2004/ros2_ws/install/canopen_master_driver:/home/ub2004/ros2_ws/install/canopen_fake_slaves:/home/ub2004/ros2_ws/install/canopen_base_driver:/home/ub2004/ros2_ws/install/canopen_core:/home/ub2004/ros2_ws/install/urdf_tutorial:/home/ub2004/ros2_ws/install/test_py:/home/ub2004/ros2_ws/install/canopen_utils:/home/ub2004/ros2_ws/install/can_comm:/home/ub2004/ros2_ws/install/agv_pak:/opt/ros/humble LD_LIBRARY_PATH=/home/ub2004/ros2_ws/install/lely_core_libraries/lib:/home/ub2004/ros2_ws/install/canopen_interfaces/lib:/home/ub2004/ros2_ws/install/canopen_ros2_controllers/lib:/home/ub2004/ros2_ws/install/canopen_ros2_control/lib:/home/ub2004/ros2_ws/install/canopen_402_driver/lib:/home/ub2004/ros2_ws/install/canopen_proxy_driver/lib:/home/ub2004/ros2_ws/install/canopen_master_driver/lib:/home/ub2004/ros2_ws/install/canopen_base_driver/lib:/home/ub2004/ros2_ws/install/canopen_core/lib:/opt/ros/humble/opt/rviz_ogre_vendor/lib:/opt/ros/humble/lib/x86_64-linux-gnu:/opt/ros/humble/lib PYTHONPATH=/home/ub2004/ros2_ws/install/lely_core_libraries/lib/python3.10/site-packages:/home/ub2004/ros2_ws/build/urdf_tutorial:/home/ub2004/ros2_ws/build/canopen_utils:/home/ub2004/ros2_ws/build/can_comm:/home/ub2004/ros2_ws/build/agv_pak:/home/ub2004/ros2_ws/install/urdf_tutorial/lib/python3.10/site-packages:/home/ub2004/ros2_ws/install/test_py/lib/python3.10/site-packages:/home/ub2004/ros2_ws/install/lely_core_libraries/local/lib/python3.10/dist-packages:/home/ub2004/ros2_ws/install/canopen_utils/lib/python3.10/site-packages:/home/ub2004/ros2_ws/install/canopen_interfaces/local/lib/python3.10/dist-packages:/home/ub2004/ros2_ws/install/can_comm/lib/python3.10/site-packages:/home/ub2004/ros2_ws/install/agv_pak/lib/python3.10/site-packages:/opt/ros/humble/lib/python3.10/site-packages:/opt/ros/humble/local/lib/python3.10/dist-packages /usr/bin/cmake /home/ub2004/ros2_ws/src/ros2_canopen/canopen_core -DCMAKE_INSTALL_PREFIX=/home/ub2004/ros2_ws/install/canopen_core
[0.082s] -- The C compiler identification is GNU 11.4.0
[0.150s] -- The CXX compiler identification is GNU 11.4.0
[0.160s] -- Detecting C compiler ABI info
[0.244s] -- Detecting C compiler ABI info - done
[0.252s] -- Check for working C compiler: /usr/bin/cc - skipped
[0.252s] -- Detecting C compile features
[0.253s] -- Detecting C compile features - done
[0.256s] -- Detecting CXX compiler ABI info
[0.349s] -- Detecting CXX compiler ABI info - done
[0.358s] -- Check for working CXX compiler: /usr/bin/c++ - skipped
[0.358s] -- Detecting CXX compile features
[0.359s] -- Detecting CXX compile features - done
[0.362s] -- Found ament_cmake: 1.3.11 (/opt/ros/humble/share/ament_cmake/cmake)
[0.549s] -- Found Python3: /usr/bin/python3 (found version "3.10.12") found components: Interpreter 
[0.677s] -- Found canopen_interfaces: 0.2.11 (/home/ub2004/ros2_ws/install/canopen_interfaces/share/canopen_interfaces/cmake)
[0.740s] -- Found rosidl_generator_c: 3.1.6 (/opt/ros/humble/share/rosidl_generator_c/cmake)
[0.747s] -- Found rosidl_adapter: 3.1.6 (/opt/ros/humble/share/rosidl_adapter/cmake)
[0.757s] -- Found rosidl_generator_cpp: 3.1.6 (/opt/ros/humble/share/rosidl_generator_cpp/cmake)
[0.771s] -- Using all available rosidl_typesupport_c: rosidl_typesupport_fastrtps_c;rosidl_typesupport_introspection_c
[0.791s] -- Using all available rosidl_typesupport_cpp: rosidl_typesupport_fastrtps_cpp;rosidl_typesupport_introspection_cpp
[0.805s] -- Found lely_core_libraries: 0.2.11 (/home/ub2004/ros2_ws/install/lely_core_libraries/share/lely_core_libraries/cmake)
[0.810s] -- Found lifecycle_msgs: 1.2.1 (/opt/ros/humble/share/lifecycle_msgs/cmake)
[0.826s] -- Found rclcpp: 16.0.11 (/opt/ros/humble/share/rclcpp/cmake)
[0.883s] -- Found rmw_implementation_cmake: 6.1.2 (/opt/ros/humble/share/rmw_implementation_cmake/cmake)
[0.887s] -- Found rmw_fastrtps_cpp: 6.2.7 (/opt/ros/humble/share/rmw_fastrtps_cpp/cmake)
[0.994s] -- Found OpenSSL: /usr/lib/x86_64-linux-gnu/libcrypto.so (found version "3.0.2")  
[1.026s] -- Found FastRTPS: /opt/ros/humble/include  
[1.070s] -- Using RMW implementation 'rmw_fastrtps_cpp' as default
[1.080s] -- Looking for pthread.h
[1.164s] -- Looking for pthread.h - found
[1.164s] -- Performing Test CMAKE_HAVE_LIBC_PTHREAD
[1.252s] -- Performing Test CMAKE_HAVE_LIBC_PTHREAD - Success
[1.254s] -- Found Threads: TRUE  
[1.327s] -- Found rclcpp_components: 16.0.11 (/opt/ros/humble/share/rclcpp_components/cmake)
[1.359s] -- Found rclcpp_lifecycle: 16.0.11 (/opt/ros/humble/share/rclcpp_lifecycle/cmake)
[1.370s] -- Found yaml_cpp_vendor: 8.0.2 (/opt/ros/humble/share/yaml_cpp_vendor/cmake)
[1.393s] -- Found Boost: /usr/lib/x86_64-linux-gnu/cmake/Boost-1.74.0/BoostConfig.cmake (found version "1.74.0") found components: system thread 
[1.413s] -- Found ament_cmake_gtest: 1.3.11 (/opt/ros/humble/share/ament_cmake_gtest/cmake)
[1.416s] -- Found ament_cmake_gmock: 1.3.11 (/opt/ros/humble/share/ament_cmake_gmock/cmake)
[1.420s] -- Found gmock sources under '/opt/ros/humble/src/gmock_vendor': C++ tests using 'Google Mock' will be built
[1.424s] -- Found gtest sources under '/opt/ros/humble/src/gtest_vendor': C++ tests using 'Google Test' will be built
[1.562s] -- Configuring done
[1.715s] -- Generating done
[1.746s] -- Build files have been written to: /home/ub2004/ros2_ws/build/canopen_core
[1.762s] Invoked command in '/home/ub2004/ros2_ws/build/canopen_core' returned '0': CMAKE_PREFIX_PATH=/home/ub2004/ros2_ws/install/lely_core_libraries:/home/ub2004/ros2_ws/install/canopen_interfaces:/home/ub2004/ros2_ws/install/canopen_tests:/home/ub2004/ros2_ws/install/canopen_ros2_controllers:/home/ub2004/ros2_ws/install/canopen_ros2_control:/home/ub2004/ros2_ws/install/canopen:/home/ub2004/ros2_ws/install/canopen_402_driver:/home/ub2004/ros2_ws/install/canopen_proxy_driver:/home/ub2004/ros2_ws/install/canopen_master_driver:/home/ub2004/ros2_ws/install/canopen_fake_slaves:/home/ub2004/ros2_ws/install/canopen_base_driver:/home/ub2004/ros2_ws/install/canopen_core:/home/ub2004/ros2_ws/install/urdf_tutorial:/home/ub2004/ros2_ws/install/test_py:/home/ub2004/ros2_ws/install/canopen_utils:/home/ub2004/ros2_ws/install/can_comm:/home/ub2004/ros2_ws/install/agv_pak:/opt/ros/humble LD_LIBRARY_PATH=/home/ub2004/ros2_ws/install/lely_core_libraries/lib:/home/ub2004/ros2_ws/install/canopen_interfaces/lib:/home/ub2004/ros2_ws/install/canopen_ros2_controllers/lib:/home/ub2004/ros2_ws/install/canopen_ros2_control/lib:/home/ub2004/ros2_ws/install/canopen_402_driver/lib:/home/ub2004/ros2_ws/install/canopen_proxy_driver/lib:/home/ub2004/ros2_ws/install/canopen_master_driver/lib:/home/ub2004/ros2_ws/install/canopen_base_driver/lib:/home/ub2004/ros2_ws/install/canopen_core/lib:/opt/ros/humble/opt/rviz_ogre_vendor/lib:/opt/ros/humble/lib/x86_64-linux-gnu:/opt/ros/humble/lib PYTHONPATH=/home/ub2004/ros2_ws/install/lely_core_libraries/lib/python3.10/site-packages:/home/ub2004/ros2_ws/build/urdf_tutorial:/home/ub2004/ros2_ws/build/canopen_utils:/home/ub2004/ros2_ws/build/can_comm:/home/ub2004/ros2_ws/build/agv_pak:/home/ub2004/ros2_ws/install/urdf_tutorial/lib/python3.10/site-packages:/home/ub2004/ros2_ws/install/test_py/lib/python3.10/site-packages:/home/ub2004/ros2_ws/install/lely_core_libraries/local/lib/python3.10/dist-packages:/home/ub2004/ros2_ws/install/canopen_utils/lib/python3.10/site-packages:/home/ub2004/ros2_ws/install/canopen_interfaces/local/lib/python3.10/dist-packages:/home/ub2004/ros2_ws/install/can_comm/lib/python3.10/site-packages:/home/ub2004/ros2_ws/install/agv_pak/lib/python3.10/site-packages:/opt/ros/humble/lib/python3.10/site-packages:/opt/ros/humble/local/lib/python3.10/dist-packages /usr/bin/cmake /home/ub2004/ros2_ws/src/ros2_canopen/canopen_core -DCMAKE_INSTALL_PREFIX=/home/ub2004/ros2_ws/install/canopen_core
[1.765s] Invoking command in '/home/ub2004/ros2_ws/build/canopen_core': CMAKE_PREFIX_PATH=/home/ub2004/ros2_ws/install/lely_core_libraries:/home/ub2004/ros2_ws/install/canopen_interfaces:/home/ub2004/ros2_ws/install/canopen_tests:/home/ub2004/ros2_ws/install/canopen_ros2_controllers:/home/ub2004/ros2_ws/install/canopen_ros2_control:/home/ub2004/ros2_ws/install/canopen:/home/ub2004/ros2_ws/install/canopen_402_driver:/home/ub2004/ros2_ws/install/canopen_proxy_driver:/home/ub2004/ros2_ws/install/canopen_master_driver:/home/ub2004/ros2_ws/install/canopen_fake_slaves:/home/ub2004/ros2_ws/install/canopen_base_driver:/home/ub2004/ros2_ws/install/canopen_core:/home/ub2004/ros2_ws/install/urdf_tutorial:/home/ub2004/ros2_ws/install/test_py:/home/ub2004/ros2_ws/install/canopen_utils:/home/ub2004/ros2_ws/install/can_comm:/home/ub2004/ros2_ws/install/agv_pak:/opt/ros/humble LD_LIBRARY_PATH=/home/ub2004/ros2_ws/install/lely_core_libraries/lib:/home/ub2004/ros2_ws/install/canopen_interfaces/lib:/home/ub2004/ros2_ws/install/canopen_ros2_controllers/lib:/home/ub2004/ros2_ws/install/canopen_ros2_control/lib:/home/ub2004/ros2_ws/install/canopen_402_driver/lib:/home/ub2004/ros2_ws/install/canopen_proxy_driver/lib:/home/ub2004/ros2_ws/install/canopen_master_driver/lib:/home/ub2004/ros2_ws/install/canopen_base_driver/lib:/home/ub2004/ros2_ws/install/canopen_core/lib:/opt/ros/humble/opt/rviz_ogre_vendor/lib:/opt/ros/humble/lib/x86_64-linux-gnu:/opt/ros/humble/lib PYTHONPATH=/home/ub2004/ros2_ws/install/lely_core_libraries/lib/python3.10/site-packages:/home/ub2004/ros2_ws/build/urdf_tutorial:/home/ub2004/ros2_ws/build/canopen_utils:/home/ub2004/ros2_ws/build/can_comm:/home/ub2004/ros2_ws/build/agv_pak:/home/ub2004/ros2_ws/install/urdf_tutorial/lib/python3.10/site-packages:/home/ub2004/ros2_ws/install/test_py/lib/python3.10/site-packages:/home/ub2004/ros2_ws/install/lely_core_libraries/local/lib/python3.10/dist-packages:/home/ub2004/ros2_ws/install/canopen_utils/lib/python3.10/site-packages:/home/ub2004/ros2_ws/install/canopen_interfaces/local/lib/python3.10/dist-packages:/home/ub2004/ros2_ws/install/can_comm/lib/python3.10/site-packages:/home/ub2004/ros2_ws/install/agv_pak/lib/python3.10/site-packages:/opt/ros/humble/lib/python3.10/site-packages:/opt/ros/humble/local/lib/python3.10/dist-packages /usr/bin/cmake --build /home/ub2004/ros2_ws/build/canopen_core -- -j8 -l8
[1.850s] [  5%] [32mBuilding CXX object gmock/CMakeFiles/gmock.dir/opt/ros/humble/src/gtest_vendor/src/gtest-all.cc.o[0m
[1.851s] [  8%] [32mBuilding CXX object CMakeFiles/node_canopen_master.dir/src/master_node.cpp.o[0m
[1.853s] [  8%] [32mBuilding CXX object CMakeFiles/node_canopen_driver.dir/src/node_interfaces/node_canopen_driver.cpp.o[0m
[1.853s] [ 11%] [32mBuilding CXX object CMakeFiles/node_canopen_master.dir/src/node_interfaces/node_canopen_master.cpp.o[0m
[1.857s] [ 13%] [32mBuilding CXX object gmock/CMakeFiles/gmock_main.dir/src/gmock_main.cc.o[0m
[1.858s] [ 16%] [32mBuilding CXX object CMakeFiles/node_canopen_master.dir/src/master_error.cpp.o[0m
[1.864s] [ 19%] [32mBuilding CXX object CMakeFiles/node_canopen_driver.dir/src/driver_error.cpp.o[0m
[1.866s] [ 22%] [32mBuilding CXX object gmock/CMakeFiles/gmock.dir/src/gmock-all.cc.o[0m
[2.469s] [ 25%] [32mBuilding CXX object CMakeFiles/node_canopen_driver.dir/src/driver_node.cpp.o[0m
[5.202s] [ 27%] [32m[1mLinking CXX static library libgmock_main.a[0m
[5.326s] [ 27%] Built target gmock_main
[9.141s] [ 30%] [32m[1mLinking CXX static library libgmock.a[0m
[9.258s] [ 30%] Built target gmock
[9.897s] [ 33%] [32m[1mLinking CXX shared library libnode_canopen_master.so[0m
[10.095s] [ 33%] Built target node_canopen_master
[10.119s] [ 41%] [32mBuilding CXX object test/CMakeFiles/test_canopen_master.dir/test_canopen_master.cpp.o[0m
[10.119s] [ 41%] [32mBuilding CXX object test/CMakeFiles/test_lifecycle_canopen_master.dir/test_lifecycle_canopen_master.cpp.o[0m
[10.119s] [ 41%] [32mBuilding CXX object test/CMakeFiles/test_node_canopen_master.dir/test_node_canopen_master.cpp.o[0m
[10.460s] [ 44%] [32m[1mLinking CXX shared library libnode_canopen_driver.so[0m
[10.708s] [ 44%] Built target node_canopen_driver
[10.750s] [ 50%] [32mBuilding CXX object test/CMakeFiles/test_node_canopen_driver.dir/test_node_canopen_driver.cpp.o[0m
[10.753s] [ 50%] [32mBuilding CXX object CMakeFiles/device_container.dir/src/device_container.cpp.o[0m
[10.753s] [ 52%] [32mBuilding CXX object CMakeFiles/device_container.dir/src/configuration_manager.cpp.o[0m
[10.753s] [ 55%] [32mBuilding CXX object test/CMakeFiles/test_lifecycle_canopen_driver.dir/test_lifecycle_canopen_driver.cpp.o[0m
[10.753s] [ 58%] [32mBuilding CXX object test/CMakeFiles/test_canopen_driver.dir/test_canopen_driver.cpp.o[0m
[17.427s] [ 61%] [32mBuilding CXX object CMakeFiles/device_container.dir/src/device_container_error.cpp.o[0m
[17.876s] [ 63%] [32mBuilding CXX object CMakeFiles/device_container.dir/src/lifecycle_manager.cpp.o[0m
[20.734s] [ 66%] [32m[1mLinking CXX executable test_canopen_master[0m
[21.618s] [ 69%] [32m[1mLinking CXX executable test_node_canopen_master[0m
[21.696s] [ 69%] Built target test_canopen_master
[22.049s] [ 72%] [32m[1mLinking CXX executable test_lifecycle_canopen_master[0m
[22.100s] [ 75%] [32m[1mLinking CXX executable test_node_canopen_driver[0m
[22.107s] [ 77%] [32m[1mLinking CXX executable test_canopen_driver[0m
[22.378s] [ 80%] [32m[1mLinking CXX executable test_lifecycle_canopen_driver[0m
[22.801s] [ 80%] Built target test_node_canopen_master
[23.085s] [ 80%] Built target test_canopen_driver
[23.160s] [ 80%] Built target test_lifecycle_canopen_master
[23.193s] [ 80%] Built target test_node_canopen_driver
[23.216s] [ 80%] Built target test_lifecycle_canopen_driver
[26.528s] [ 83%] [32m[1mLinking CXX shared library libdevice_container.so[0m
[26.823s] [ 83%] Built target device_container
[26.849s] [ 91%] [32mBuilding CXX object test/CMakeFiles/test_errors.dir/test_errors.cpp.o[0m
[26.849s] [ 91%] [32mBuilding CXX object test/CMakeFiles/test_lifecycle_manager.dir/test_lifecycle_manager.cpp.o[0m
[26.849s] [ 91%] [32mBuilding CXX object CMakeFiles/device_container_node.dir/src/device_container_node.cpp.o[0m
[28.550s] [ 94%] [32m[1mLinking CXX executable test_errors[0m
[28.955s] [ 94%] Built target test_errors
[32.634s] [ 97%] [32m[1mLinking CXX executable device_container_node[0m
[32.893s] [ 97%] Built target device_container_node
[33.663s] [100%] [32m[1mLinking CXX executable test_lifecycle_manager[0m
[34.091s] [100%] Built target test_lifecycle_manager
[34.104s] Invoked command in '/home/ub2004/ros2_ws/build/canopen_core' returned '0': CMAKE_PREFIX_PATH=/home/ub2004/ros2_ws/install/lely_core_libraries:/home/ub2004/ros2_ws/install/canopen_interfaces:/home/ub2004/ros2_ws/install/canopen_tests:/home/ub2004/ros2_ws/install/canopen_ros2_controllers:/home/ub2004/ros2_ws/install/canopen_ros2_control:/home/ub2004/ros2_ws/install/canopen:/home/ub2004/ros2_ws/install/canopen_402_driver:/home/ub2004/ros2_ws/install/canopen_proxy_driver:/home/ub2004/ros2_ws/install/canopen_master_driver:/home/ub2004/ros2_ws/install/canopen_fake_slaves:/home/ub2004/ros2_ws/install/canopen_base_driver:/home/ub2004/ros2_ws/install/canopen_core:/home/ub2004/ros2_ws/install/urdf_tutorial:/home/ub2004/ros2_ws/install/test_py:/home/ub2004/ros2_ws/install/canopen_utils:/home/ub2004/ros2_ws/install/can_comm:/home/ub2004/ros2_ws/install/agv_pak:/opt/ros/humble LD_LIBRARY_PATH=/home/ub2004/ros2_ws/install/lely_core_libraries/lib:/home/ub2004/ros2_ws/install/canopen_interfaces/lib:/home/ub2004/ros2_ws/install/canopen_ros2_controllers/lib:/home/ub2004/ros2_ws/install/canopen_ros2_control/lib:/home/ub2004/ros2_ws/install/canopen_402_driver/lib:/home/ub2004/ros2_ws/install/canopen_proxy_driver/lib:/home/ub2004/ros2_ws/install/canopen_master_driver/lib:/home/ub2004/ros2_ws/install/canopen_base_driver/lib:/home/ub2004/ros2_ws/install/canopen_core/lib:/opt/ros/humble/opt/rviz_ogre_vendor/lib:/opt/ros/humble/lib/x86_64-linux-gnu:/opt/ros/humble/lib PYTHONPATH=/home/ub2004/ros2_ws/install/lely_core_libraries/lib/python3.10/site-packages:/home/ub2004/ros2_ws/build/urdf_tutorial:/home/ub2004/ros2_ws/build/canopen_utils:/home/ub2004/ros2_ws/build/can_comm:/home/ub2004/ros2_ws/build/agv_pak:/home/ub2004/ros2_ws/install/urdf_tutorial/lib/python3.10/site-packages:/home/ub2004/ros2_ws/install/test_py/lib/python3.10/site-packages:/home/ub2004/ros2_ws/install/lely_core_libraries/local/lib/python3.10/dist-packages:/home/ub2004/ros2_ws/install/canopen_utils/lib/python3.10/site-packages:/home/ub2004/ros2_ws/install/canopen_interfaces/local/lib/python3.10/dist-packages:/home/ub2004/ros2_ws/install/can_comm/lib/python3.10/site-packages:/home/ub2004/ros2_ws/install/agv_pak/lib/python3.10/site-packages:/opt/ros/humble/lib/python3.10/site-packages:/opt/ros/humble/local/lib/python3.10/dist-packages /usr/bin/cmake --build /home/ub2004/ros2_ws/build/canopen_core -- -j8 -l8
[34.106s] Invoking command in '/home/ub2004/ros2_ws/build/canopen_core': CMAKE_PREFIX_PATH=/home/ub2004/ros2_ws/install/lely_core_libraries:/home/ub2004/ros2_ws/install/canopen_interfaces:/home/ub2004/ros2_ws/install/canopen_tests:/home/ub2004/ros2_ws/install/canopen_ros2_controllers:/home/ub2004/ros2_ws/install/canopen_ros2_control:/home/ub2004/ros2_ws/install/canopen:/home/ub2004/ros2_ws/install/canopen_402_driver:/home/ub2004/ros2_ws/install/canopen_proxy_driver:/home/ub2004/ros2_ws/install/canopen_master_driver:/home/ub2004/ros2_ws/install/canopen_fake_slaves:/home/ub2004/ros2_ws/install/canopen_base_driver:/home/ub2004/ros2_ws/install/canopen_core:/home/ub2004/ros2_ws/install/urdf_tutorial:/home/ub2004/ros2_ws/install/test_py:/home/ub2004/ros2_ws/install/canopen_utils:/home/ub2004/ros2_ws/install/can_comm:/home/ub2004/ros2_ws/install/agv_pak:/opt/ros/humble LD_LIBRARY_PATH=/home/ub2004/ros2_ws/install/lely_core_libraries/lib:/home/ub2004/ros2_ws/install/canopen_interfaces/lib:/home/ub2004/ros2_ws/install/canopen_ros2_controllers/lib:/home/ub2004/ros2_ws/install/canopen_ros2_control/lib:/home/ub2004/ros2_ws/install/canopen_402_driver/lib:/home/ub2004/ros2_ws/install/canopen_proxy_driver/lib:/home/ub2004/ros2_ws/install/canopen_master_driver/lib:/home/ub2004/ros2_ws/install/canopen_base_driver/lib:/home/ub2004/ros2_ws/install/canopen_core/lib:/opt/ros/humble/opt/rviz_ogre_vendor/lib:/opt/ros/humble/lib/x86_64-linux-gnu:/opt/ros/humble/lib PYTHONPATH=/home/ub2004/ros2_ws/install/lely_core_libraries/lib/python3.10/site-packages:/home/ub2004/ros2_ws/build/urdf_tutorial:/home/ub2004/ros2_ws/build/canopen_utils:/home/ub2004/ros2_ws/build/can_comm:/home/ub2004/ros2_ws/build/agv_pak:/home/ub2004/ros2_ws/install/urdf_tutorial/lib/python3.10/site-packages:/home/ub2004/ros2_ws/install/test_py/lib/python3.10/site-packages:/home/ub2004/ros2_ws/install/lely_core_libraries/local/lib/python3.10/dist-packages:/home/ub2004/ros2_ws/install/canopen_utils/lib/python3.10/site-packages:/home/ub2004/ros2_ws/install/canopen_interfaces/local/lib/python3.10/dist-packages:/home/ub2004/ros2_ws/install/can_comm/lib/python3.10/site-packages:/home/ub2004/ros2_ws/install/agv_pak/lib/python3.10/site-packages:/opt/ros/humble/lib/python3.10/site-packages:/opt/ros/humble/local/lib/python3.10/dist-packages /usr/bin/cmake --install /home/ub2004/ros2_ws/build/canopen_core
[34.114s] -- Install configuration: ""
[34.115s] -- Installing: /home/ub2004/ros2_ws/install/canopen_core/include
[34.115s] -- Installing: /home/ub2004/ros2_ws/install/canopen_core/include/canopen_core
[34.115s] -- Installing: /home/ub2004/ros2_ws/install/canopen_core/include/canopen_core/lifecycle_manager.hpp
[34.115s] -- Installing: /home/ub2004/ros2_ws/install/canopen_core/include/canopen_core/device_container.hpp
[34.116s] -- Installing: /home/ub2004/ros2_ws/install/canopen_core/include/canopen_core/driver_error.hpp
[34.116s] -- Installing: /home/ub2004/ros2_ws/install/canopen_core/include/canopen_core/master_node.hpp
[34.116s] -- Installing: /home/ub2004/ros2_ws/install/canopen_core/include/canopen_core/configuration_manager.hpp
[34.116s] -- Installing: /home/ub2004/ros2_ws/install/canopen_core/include/canopen_core/node_interfaces
[34.116s] -- Installing: /home/ub2004/ros2_ws/install/canopen_core/include/canopen_core/node_interfaces/node_canopen_master_interface.hpp
[34.116s] -- Installing: /home/ub2004/ros2_ws/install/canopen_core/include/canopen_core/node_interfaces/node_canopen_master.hpp
[34.117s] -- Installing: /home/ub2004/ros2_ws/install/canopen_core/include/canopen_core/node_interfaces/node_canopen_driver.hpp
[34.117s] -- Installing: /home/ub2004/ros2_ws/install/canopen_core/include/canopen_core/node_interfaces/node_canopen_driver_interface.hpp
[34.117s] -- Installing: /home/ub2004/ros2_ws/install/canopen_core/include/canopen_core/exchange.hpp
[34.117s] -- Installing: /home/ub2004/ros2_ws/install/canopen_core/include/canopen_core/device_container_error.hpp
[34.117s] -- Installing: /home/ub2004/ros2_ws/install/canopen_core/include/canopen_core/driver_node.hpp
[34.117s] -- Installing: /home/ub2004/ros2_ws/install/canopen_core/include/canopen_core/master_error.hpp
[34.117s] -- Installing: /home/ub2004/ros2_ws/install/canopen_core/include/canopen_core/visibility_control.h
[34.118s] -- Installing: /home/ub2004/ros2_ws/install/canopen_core/share/canopen_core/launch/
[34.118s] -- Installing: /home/ub2004/ros2_ws/install/canopen_core/share/canopen_core/launch//canopen.launch.py
[34.118s] -- Installing: /home/ub2004/ros2_ws/install/canopen_core/lib/libnode_canopen_driver.so
[34.120s] -- Set runtime path of "/home/ub2004/ros2_ws/install/canopen_core/lib/libnode_canopen_driver.so" to ""
[34.120s] -- Installing: /home/ub2004/ros2_ws/install/canopen_core/lib/libnode_canopen_master.so
[34.122s] -- Set runtime path of "/home/ub2004/ros2_ws/install/canopen_core/lib/libnode_canopen_master.so" to ""
[34.122s] -- Installing: /home/ub2004/ros2_ws/install/canopen_core/lib/libdevice_container.so
[34.125s] -- Set runtime path of "/home/ub2004/ros2_ws/install/canopen_core/lib/libdevice_container.so" to ""
[34.125s] -- Installing: /home/ub2004/ros2_ws/install/canopen_core/lib/canopen_core/device_container_node
[34.126s] -- Set runtime path of "/home/ub2004/ros2_ws/install/canopen_core/lib/canopen_core/device_container_node" to ""
[34.126s] -- Installing: /home/ub2004/ros2_ws/install/canopen_core/share/canopen_core/environment/library_path.sh
[34.127s] -- Installing: /home/ub2004/ros2_ws/install/canopen_core/share/canopen_core/environment/library_path.dsv
[34.127s] -- Installing: /home/ub2004/ros2_ws/install/canopen_core/share/ament_index/resource_index/package_run_dependencies/canopen_core
[34.127s] -- Installing: /home/ub2004/ros2_ws/install/canopen_core/share/ament_index/resource_index/parent_prefix_path/canopen_core
[34.127s] -- Installing: /home/ub2004/ros2_ws/install/canopen_core/share/canopen_core/environment/ament_prefix_path.sh
[34.128s] -- Installing: /home/ub2004/ros2_ws/install/canopen_core/share/canopen_core/environment/ament_prefix_path.dsv
[34.128s] -- Installing: /home/ub2004/ros2_ws/install/canopen_core/share/canopen_core/environment/path.sh
[34.128s] -- Installing: /home/ub2004/ros2_ws/install/canopen_core/share/canopen_core/environment/path.dsv
[34.128s] -- Installing: /home/ub2004/ros2_ws/install/canopen_core/share/canopen_core/local_setup.bash
[34.129s] -- Installing: /home/ub2004/ros2_ws/install/canopen_core/share/canopen_core/local_setup.sh
[34.129s] -- Installing: /home/ub2004/ros2_ws/install/canopen_core/share/canopen_core/local_setup.zsh
[34.129s] -- Installing: /home/ub2004/ros2_ws/install/canopen_core/share/canopen_core/local_setup.dsv
[34.129s] -- Installing: /home/ub2004/ros2_ws/install/canopen_core/share/canopen_core/package.dsv
[34.129s] -- Installing: /home/ub2004/ros2_ws/install/canopen_core/share/ament_index/resource_index/packages/canopen_core
[34.130s] -- Installing: /home/ub2004/ros2_ws/install/canopen_core/share/canopen_core/cmake/export_canopen_coreExport.cmake
[34.130s] -- Installing: /home/ub2004/ros2_ws/install/canopen_core/share/canopen_core/cmake/export_canopen_coreExport-noconfig.cmake
[34.130s] -- Installing: /home/ub2004/ros2_ws/install/canopen_core/share/canopen_core/cmake/ConfigExtras.cmake
[34.131s] -- Installing: /home/ub2004/ros2_ws/install/canopen_core/share/canopen_core/cmake/ament_cmake_export_include_directories-extras.cmake
[34.131s] -- Installing: /home/ub2004/ros2_ws/install/canopen_core/share/canopen_core/cmake/ament_cmake_export_libraries-extras.cmake
[34.131s] -- Installing: /home/ub2004/ros2_ws/install/canopen_core/share/canopen_core/cmake/ament_cmake_export_targets-extras.cmake
[34.131s] -- Installing: /home/ub2004/ros2_ws/install/canopen_core/share/canopen_core/cmake/ament_cmake_export_dependencies-extras.cmake
[34.131s] -- Installing: /home/ub2004/ros2_ws/install/canopen_core/share/canopen_core/cmake/canopen_coreConfig.cmake
[34.131s] -- Installing: /home/ub2004/ros2_ws/install/canopen_core/share/canopen_core/cmake/canopen_coreConfig-version.cmake
[34.132s] -- Installing: /home/ub2004/ros2_ws/install/canopen_core/share/canopen_core/package.xml
[34.136s] Invoked command in '/home/ub2004/ros2_ws/build/canopen_core' returned '0': CMAKE_PREFIX_PATH=/home/ub2004/ros2_ws/install/lely_core_libraries:/home/ub2004/ros2_ws/install/canopen_interfaces:/home/ub2004/ros2_ws/install/canopen_tests:/home/ub2004/ros2_ws/install/canopen_ros2_controllers:/home/ub2004/ros2_ws/install/canopen_ros2_control:/home/ub2004/ros2_ws/install/canopen:/home/ub2004/ros2_ws/install/canopen_402_driver:/home/ub2004/ros2_ws/install/canopen_proxy_driver:/home/ub2004/ros2_ws/install/canopen_master_driver:/home/ub2004/ros2_ws/install/canopen_fake_slaves:/home/ub2004/ros2_ws/install/canopen_base_driver:/home/ub2004/ros2_ws/install/canopen_core:/home/ub2004/ros2_ws/install/urdf_tutorial:/home/ub2004/ros2_ws/install/test_py:/home/ub2004/ros2_ws/install/canopen_utils:/home/ub2004/ros2_ws/install/can_comm:/home/ub2004/ros2_ws/install/agv_pak:/opt/ros/humble LD_LIBRARY_PATH=/home/ub2004/ros2_ws/install/lely_core_libraries/lib:/home/ub2004/ros2_ws/install/canopen_interfaces/lib:/home/ub2004/ros2_ws/install/canopen_ros2_controllers/lib:/home/ub2004/ros2_ws/install/canopen_ros2_control/lib:/home/ub2004/ros2_ws/install/canopen_402_driver/lib:/home/ub2004/ros2_ws/install/canopen_proxy_driver/lib:/home/ub2004/ros2_ws/install/canopen_master_driver/lib:/home/ub2004/ros2_ws/install/canopen_base_driver/lib:/home/ub2004/ros2_ws/install/canopen_core/lib:/opt/ros/humble/opt/rviz_ogre_vendor/lib:/opt/ros/humble/lib/x86_64-linux-gnu:/opt/ros/humble/lib PYTHONPATH=/home/ub2004/ros2_ws/install/lely_core_libraries/lib/python3.10/site-packages:/home/ub2004/ros2_ws/build/urdf_tutorial:/home/ub2004/ros2_ws/build/canopen_utils:/home/ub2004/ros2_ws/build/can_comm:/home/ub2004/ros2_ws/build/agv_pak:/home/ub2004/ros2_ws/install/urdf_tutorial/lib/python3.10/site-packages:/home/ub2004/ros2_ws/install/test_py/lib/python3.10/site-packages:/home/ub2004/ros2_ws/install/lely_core_libraries/local/lib/python3.10/dist-packages:/home/ub2004/ros2_ws/install/canopen_utils/lib/python3.10/site-packages:/home/ub2004/ros2_ws/install/canopen_interfaces/local/lib/python3.10/dist-packages:/home/ub2004/ros2_ws/install/can_comm/lib/python3.10/site-packages:/home/ub2004/ros2_ws/install/agv_pak/lib/python3.10/site-packages:/opt/ros/humble/lib/python3.10/site-packages:/opt/ros/humble/local/lib/python3.10/dist-packages /usr/bin/cmake --install /home/ub2004/ros2_ws/build/canopen_core
