[0.021s] Invoking command in '/home/ub2004/ros2_ws/build/canopen_base_driver': CMAKE_PREFIX_PATH=/home/ub2004/ros2_ws/install/canopen_core:/home/ub2004/ros2_ws/install/lely_core_libraries:/home/ub2004/ros2_ws/install/canopen_interfaces:/home/ub2004/ros2_ws/install/canopen_tests:/home/ub2004/ros2_ws/install/canopen_ros2_controllers:/home/ub2004/ros2_ws/install/canopen_ros2_control:/home/ub2004/ros2_ws/install/canopen:/home/ub2004/ros2_ws/install/canopen_402_driver:/home/ub2004/ros2_ws/install/canopen_proxy_driver:/home/ub2004/ros2_ws/install/canopen_master_driver:/home/ub2004/ros2_ws/install/canopen_fake_slaves:/home/ub2004/ros2_ws/install/canopen_base_driver:/home/ub2004/ros2_ws/install/test_py:/home/ub2004/ros2_ws/install/urdf_tutorial:/home/ub2004/ros2_ws/install/canopen_utils:/home/ub2004/ros2_ws/install/can_comm:/home/ub2004/ros2_ws/install/agv_pak:/opt/ros/humble LD_LIBRARY_PATH=/home/ub2004/ros2_ws/install/canopen_core/lib:/home/ub2004/ros2_ws/install/lely_core_libraries/lib:/home/ub2004/ros2_ws/install/canopen_interfaces/lib:/home/ub2004/ros2_ws/install/canopen_ros2_controllers/lib:/home/ub2004/ros2_ws/install/canopen_ros2_control/lib:/home/ub2004/ros2_ws/install/canopen_402_driver/lib:/home/ub2004/ros2_ws/install/canopen_proxy_driver/lib:/home/ub2004/ros2_ws/install/canopen_master_driver/lib:/home/ub2004/ros2_ws/install/canopen_base_driver/lib:/opt/ros/humble/opt/rviz_ogre_vendor/lib:/opt/ros/humble/lib/x86_64-linux-gnu:/opt/ros/humble/lib PYTHONPATH=/home/ub2004/ros2_ws/install/lely_core_libraries/lib/python3.10/site-packages:/home/ub2004/ros2_ws/install/test_py/lib/python3.10/site-packages:/home/ub2004/ros2_ws/install/urdf_tutorial/lib/python3.10/site-packages:/home/ub2004/ros2_ws/install/lely_core_libraries/local/lib/python3.10/dist-packages:/home/ub2004/ros2_ws/install/canopen_utils/lib/python3.10/site-packages:/home/ub2004/ros2_ws/install/canopen_interfaces/local/lib/python3.10/dist-packages:/home/ub2004/ros2_ws/install/can_comm/lib/python3.10/site-packages:/home/ub2004/ros2_ws/install/agv_pak/lib/python3.10/site-packages:/opt/ros/humble/lib/python3.10/site-packages:/opt/ros/humble/local/lib/python3.10/dist-packages /usr/bin/cmake --build /home/ub2004/ros2_ws/build/canopen_base_driver -- -j8 -l8
[0.084s] [35m[1mConsolidate compiler generated dependencies of target lely_driver_bridge[0m
[0.090s] [ 12%] Built target gtest
[0.092s] [ 25%] Built target gtest_main
[0.113s] [35m[1mConsolidate compiler generated dependencies of target test_base_driver_component[0m
[0.121s] [ 31%] [32mBuilding CXX object CMakeFiles/lely_driver_bridge.dir/src/lely_driver_bridge.cpp.o[0m
[0.146s] [ 37%] [32mBuilding CXX object test/CMakeFiles/test_base_driver_component.dir/test_base_driver_component.cpp.o[0m
[6.837s] [ 43%] [32m[1mLinking CXX shared library liblely_driver_bridge.so[0m
[7.058s] [ 43%] Built target lely_driver_bridge
[7.079s] [35m[1mConsolidate compiler generated dependencies of target node_canopen_base_driver[0m
[7.113s] [ 50%] [32mBuilding CXX object CMakeFiles/node_canopen_base_driver.dir/src/node_interfaces/node_canopen_base_driver.cpp.o[0m
[7.839s] [ 56%] [32m[1mLinking CXX executable test_base_driver_component[0m
[8.125s] [ 56%] Built target test_base_driver_component
[17.817s] [ 62%] [32m[1mLinking CXX shared library libnode_canopen_base_driver.so[0m
[18.374s] [ 62%] Built target node_canopen_base_driver
[18.395s] [35m[1mConsolidate compiler generated dependencies of target base_driver[0m
[18.400s] [35m[1mConsolidate compiler generated dependencies of target test_node_canopen_base_driver_ros[0m
[18.404s] [35m[1mConsolidate compiler generated dependencies of target lifecycle_base_driver[0m
[18.430s] [ 68%] [32mBuilding CXX object CMakeFiles/base_driver.dir/src/base_driver.cpp.o[0m
[18.441s] [ 75%] [32mBuilding CXX object test/CMakeFiles/test_node_canopen_base_driver_ros.dir/test_node_canopen_base_driver_ros.cpp.o[0m
[18.448s] [ 81%] [32mBuilding CXX object CMakeFiles/lifecycle_base_driver.dir/src/lifecycle_base_driver.cpp.o[0m
[28.216s] [ 87%] [32m[1mLinking CXX executable test_node_canopen_base_driver_ros[0m
[29.112s] [ 93%] [32m[1mLinking CXX shared library liblifecycle_base_driver.so[0m
[29.161s] [ 93%] Built target test_node_canopen_base_driver_ros
[29.567s] [100%] [32m[1mLinking CXX shared library libbase_driver.so[0m
[30.075s] [100%] Built target lifecycle_base_driver
[30.362s] [100%] Built target base_driver
[30.376s] Invoked command in '/home/ub2004/ros2_ws/build/canopen_base_driver' returned '0': CMAKE_PREFIX_PATH=/home/ub2004/ros2_ws/install/canopen_core:/home/ub2004/ros2_ws/install/lely_core_libraries:/home/ub2004/ros2_ws/install/canopen_interfaces:/home/ub2004/ros2_ws/install/canopen_tests:/home/ub2004/ros2_ws/install/canopen_ros2_controllers:/home/ub2004/ros2_ws/install/canopen_ros2_control:/home/ub2004/ros2_ws/install/canopen:/home/ub2004/ros2_ws/install/canopen_402_driver:/home/ub2004/ros2_ws/install/canopen_proxy_driver:/home/ub2004/ros2_ws/install/canopen_master_driver:/home/ub2004/ros2_ws/install/canopen_fake_slaves:/home/ub2004/ros2_ws/install/canopen_base_driver:/home/ub2004/ros2_ws/install/test_py:/home/ub2004/ros2_ws/install/urdf_tutorial:/home/ub2004/ros2_ws/install/canopen_utils:/home/ub2004/ros2_ws/install/can_comm:/home/ub2004/ros2_ws/install/agv_pak:/opt/ros/humble LD_LIBRARY_PATH=/home/ub2004/ros2_ws/install/canopen_core/lib:/home/ub2004/ros2_ws/install/lely_core_libraries/lib:/home/ub2004/ros2_ws/install/canopen_interfaces/lib:/home/ub2004/ros2_ws/install/canopen_ros2_controllers/lib:/home/ub2004/ros2_ws/install/canopen_ros2_control/lib:/home/ub2004/ros2_ws/install/canopen_402_driver/lib:/home/ub2004/ros2_ws/install/canopen_proxy_driver/lib:/home/ub2004/ros2_ws/install/canopen_master_driver/lib:/home/ub2004/ros2_ws/install/canopen_base_driver/lib:/opt/ros/humble/opt/rviz_ogre_vendor/lib:/opt/ros/humble/lib/x86_64-linux-gnu:/opt/ros/humble/lib PYTHONPATH=/home/ub2004/ros2_ws/install/lely_core_libraries/lib/python3.10/site-packages:/home/ub2004/ros2_ws/install/test_py/lib/python3.10/site-packages:/home/ub2004/ros2_ws/install/urdf_tutorial/lib/python3.10/site-packages:/home/ub2004/ros2_ws/install/lely_core_libraries/local/lib/python3.10/dist-packages:/home/ub2004/ros2_ws/install/canopen_utils/lib/python3.10/site-packages:/home/ub2004/ros2_ws/install/canopen_interfaces/local/lib/python3.10/dist-packages:/home/ub2004/ros2_ws/install/can_comm/lib/python3.10/site-packages:/home/ub2004/ros2_ws/install/agv_pak/lib/python3.10/site-packages:/opt/ros/humble/lib/python3.10/site-packages:/opt/ros/humble/local/lib/python3.10/dist-packages /usr/bin/cmake --build /home/ub2004/ros2_ws/build/canopen_base_driver -- -j8 -l8
[30.378s] Invoking command in '/home/ub2004/ros2_ws/build/canopen_base_driver': CMAKE_PREFIX_PATH=/home/ub2004/ros2_ws/install/canopen_core:/home/ub2004/ros2_ws/install/lely_core_libraries:/home/ub2004/ros2_ws/install/canopen_interfaces:/home/ub2004/ros2_ws/install/canopen_tests:/home/ub2004/ros2_ws/install/canopen_ros2_controllers:/home/ub2004/ros2_ws/install/canopen_ros2_control:/home/ub2004/ros2_ws/install/canopen:/home/ub2004/ros2_ws/install/canopen_402_driver:/home/ub2004/ros2_ws/install/canopen_proxy_driver:/home/ub2004/ros2_ws/install/canopen_master_driver:/home/ub2004/ros2_ws/install/canopen_fake_slaves:/home/ub2004/ros2_ws/install/canopen_base_driver:/home/ub2004/ros2_ws/install/test_py:/home/ub2004/ros2_ws/install/urdf_tutorial:/home/ub2004/ros2_ws/install/canopen_utils:/home/ub2004/ros2_ws/install/can_comm:/home/ub2004/ros2_ws/install/agv_pak:/opt/ros/humble LD_LIBRARY_PATH=/home/ub2004/ros2_ws/install/canopen_core/lib:/home/ub2004/ros2_ws/install/lely_core_libraries/lib:/home/ub2004/ros2_ws/install/canopen_interfaces/lib:/home/ub2004/ros2_ws/install/canopen_ros2_controllers/lib:/home/ub2004/ros2_ws/install/canopen_ros2_control/lib:/home/ub2004/ros2_ws/install/canopen_402_driver/lib:/home/ub2004/ros2_ws/install/canopen_proxy_driver/lib:/home/ub2004/ros2_ws/install/canopen_master_driver/lib:/home/ub2004/ros2_ws/install/canopen_base_driver/lib:/opt/ros/humble/opt/rviz_ogre_vendor/lib:/opt/ros/humble/lib/x86_64-linux-gnu:/opt/ros/humble/lib PYTHONPATH=/home/ub2004/ros2_ws/install/lely_core_libraries/lib/python3.10/site-packages:/home/ub2004/ros2_ws/install/test_py/lib/python3.10/site-packages:/home/ub2004/ros2_ws/install/urdf_tutorial/lib/python3.10/site-packages:/home/ub2004/ros2_ws/install/lely_core_libraries/local/lib/python3.10/dist-packages:/home/ub2004/ros2_ws/install/canopen_utils/lib/python3.10/site-packages:/home/ub2004/ros2_ws/install/canopen_interfaces/local/lib/python3.10/dist-packages:/home/ub2004/ros2_ws/install/can_comm/lib/python3.10/site-packages:/home/ub2004/ros2_ws/install/agv_pak/lib/python3.10/site-packages:/opt/ros/humble/lib/python3.10/site-packages:/opt/ros/humble/local/lib/python3.10/dist-packages /usr/bin/cmake --install /home/ub2004/ros2_ws/build/canopen_base_driver
[30.388s] -- Install configuration: ""
[30.388s] -- Up-to-date: /home/ub2004/ros2_ws/install/canopen_base_driver/include
[30.388s] -- Up-to-date: /home/ub2004/ros2_ws/install/canopen_base_driver/include/canopen_base_driver
[30.388s] -- Up-to-date: /home/ub2004/ros2_ws/install/canopen_base_driver/include/canopen_base_driver/lely_driver_bridge.hpp
[30.388s] -- Up-to-date: /home/ub2004/ros2_ws/install/canopen_base_driver/include/canopen_base_driver/node_interfaces
[30.388s] -- Up-to-date: /home/ub2004/ros2_ws/install/canopen_base_driver/include/canopen_base_driver/node_interfaces/node_canopen_base_driver_impl.hpp
[30.388s] -- Up-to-date: /home/ub2004/ros2_ws/install/canopen_base_driver/include/canopen_base_driver/node_interfaces/node_canopen_base_driver.hpp
[30.388s] -- Up-to-date: /home/ub2004/ros2_ws/install/canopen_base_driver/include/canopen_base_driver/base_driver.hpp
[30.389s] -- Up-to-date: /home/ub2004/ros2_ws/install/canopen_base_driver/include/canopen_base_driver/lifecycle_base_driver.hpp
[30.389s] -- Up-to-date: /home/ub2004/ros2_ws/install/canopen_base_driver/include/canopen_base_driver/visibility_control.h
[30.389s] -- Up-to-date: /home/ub2004/ros2_ws/install/canopen_base_driver/include/canopen_base_driver/diagnostic_collector.hpp
[30.389s] -- Installing: /home/ub2004/ros2_ws/install/canopen_base_driver/lib/liblifecycle_base_driver.so
[30.390s] -- Set runtime path of "/home/ub2004/ros2_ws/install/canopen_base_driver/lib/liblifecycle_base_driver.so" to ""
[30.390s] -- Installing: /home/ub2004/ros2_ws/install/canopen_base_driver/lib/libbase_driver.so
[30.392s] -- Set runtime path of "/home/ub2004/ros2_ws/install/canopen_base_driver/lib/libbase_driver.so" to ""
[30.392s] -- Installing: /home/ub2004/ros2_ws/install/canopen_base_driver/lib/libnode_canopen_base_driver.so
[30.397s] -- Set runtime path of "/home/ub2004/ros2_ws/install/canopen_base_driver/lib/libnode_canopen_base_driver.so" to ""
[30.397s] -- Installing: /home/ub2004/ros2_ws/install/canopen_base_driver/lib/liblely_driver_bridge.so
[30.399s] -- Set runtime path of "/home/ub2004/ros2_ws/install/canopen_base_driver/lib/liblely_driver_bridge.so" to ""
[30.399s] -- Up-to-date: /home/ub2004/ros2_ws/install/canopen_base_driver/share/canopen_base_driver/environment/library_path.sh
[30.399s] -- Up-to-date: /home/ub2004/ros2_ws/install/canopen_base_driver/share/canopen_base_driver/environment/library_path.dsv
[30.399s] -- Up-to-date: /home/ub2004/ros2_ws/install/canopen_base_driver/share/ament_index/resource_index/package_run_dependencies/canopen_base_driver
[30.399s] -- Up-to-date: /home/ub2004/ros2_ws/install/canopen_base_driver/share/ament_index/resource_index/parent_prefix_path/canopen_base_driver
[30.400s] -- Up-to-date: /home/ub2004/ros2_ws/install/canopen_base_driver/share/canopen_base_driver/environment/ament_prefix_path.sh
[30.400s] -- Up-to-date: /home/ub2004/ros2_ws/install/canopen_base_driver/share/canopen_base_driver/environment/ament_prefix_path.dsv
[30.400s] -- Up-to-date: /home/ub2004/ros2_ws/install/canopen_base_driver/share/canopen_base_driver/environment/path.sh
[30.400s] -- Up-to-date: /home/ub2004/ros2_ws/install/canopen_base_driver/share/canopen_base_driver/environment/path.dsv
[30.400s] -- Up-to-date: /home/ub2004/ros2_ws/install/canopen_base_driver/share/canopen_base_driver/local_setup.bash
[30.400s] -- Up-to-date: /home/ub2004/ros2_ws/install/canopen_base_driver/share/canopen_base_driver/local_setup.sh
[30.400s] -- Up-to-date: /home/ub2004/ros2_ws/install/canopen_base_driver/share/canopen_base_driver/local_setup.zsh
[30.401s] -- Up-to-date: /home/ub2004/ros2_ws/install/canopen_base_driver/share/canopen_base_driver/local_setup.dsv
[30.401s] -- Installing: /home/ub2004/ros2_ws/install/canopen_base_driver/share/canopen_base_driver/package.dsv
[30.401s] -- Up-to-date: /home/ub2004/ros2_ws/install/canopen_base_driver/share/ament_index/resource_index/packages/canopen_base_driver
[30.401s] -- Up-to-date: /home/ub2004/ros2_ws/install/canopen_base_driver/share/ament_index/resource_index/rclcpp_components/canopen_base_driver
[30.401s] -- Up-to-date: /home/ub2004/ros2_ws/install/canopen_base_driver/share/canopen_base_driver/cmake/export_canopen_base_driverExport.cmake
[30.401s] -- Up-to-date: /home/ub2004/ros2_ws/install/canopen_base_driver/share/canopen_base_driver/cmake/export_canopen_base_driverExport-noconfig.cmake
[30.401s] -- Up-to-date: /home/ub2004/ros2_ws/install/canopen_base_driver/share/canopen_base_driver/cmake/ament_cmake_export_include_directories-extras.cmake
[30.401s] -- Up-to-date: /home/ub2004/ros2_ws/install/canopen_base_driver/share/canopen_base_driver/cmake/ament_cmake_export_libraries-extras.cmake
[30.402s] -- Up-to-date: /home/ub2004/ros2_ws/install/canopen_base_driver/share/canopen_base_driver/cmake/ament_cmake_export_targets-extras.cmake
[30.402s] -- Up-to-date: /home/ub2004/ros2_ws/install/canopen_base_driver/share/canopen_base_driver/cmake/ament_cmake_export_dependencies-extras.cmake
[30.402s] -- Up-to-date: /home/ub2004/ros2_ws/install/canopen_base_driver/share/canopen_base_driver/cmake/canopen_base_driverConfig.cmake
[30.402s] -- Up-to-date: /home/ub2004/ros2_ws/install/canopen_base_driver/share/canopen_base_driver/cmake/canopen_base_driverConfig-version.cmake
[30.402s] -- Up-to-date: /home/ub2004/ros2_ws/install/canopen_base_driver/share/canopen_base_driver/package.xml
[30.404s] Invoked command in '/home/ub2004/ros2_ws/build/canopen_base_driver' returned '0': CMAKE_PREFIX_PATH=/home/ub2004/ros2_ws/install/canopen_core:/home/ub2004/ros2_ws/install/lely_core_libraries:/home/ub2004/ros2_ws/install/canopen_interfaces:/home/ub2004/ros2_ws/install/canopen_tests:/home/ub2004/ros2_ws/install/canopen_ros2_controllers:/home/ub2004/ros2_ws/install/canopen_ros2_control:/home/ub2004/ros2_ws/install/canopen:/home/ub2004/ros2_ws/install/canopen_402_driver:/home/ub2004/ros2_ws/install/canopen_proxy_driver:/home/ub2004/ros2_ws/install/canopen_master_driver:/home/ub2004/ros2_ws/install/canopen_fake_slaves:/home/ub2004/ros2_ws/install/canopen_base_driver:/home/ub2004/ros2_ws/install/test_py:/home/ub2004/ros2_ws/install/urdf_tutorial:/home/ub2004/ros2_ws/install/canopen_utils:/home/ub2004/ros2_ws/install/can_comm:/home/ub2004/ros2_ws/install/agv_pak:/opt/ros/humble LD_LIBRARY_PATH=/home/ub2004/ros2_ws/install/canopen_core/lib:/home/ub2004/ros2_ws/install/lely_core_libraries/lib:/home/ub2004/ros2_ws/install/canopen_interfaces/lib:/home/ub2004/ros2_ws/install/canopen_ros2_controllers/lib:/home/ub2004/ros2_ws/install/canopen_ros2_control/lib:/home/ub2004/ros2_ws/install/canopen_402_driver/lib:/home/ub2004/ros2_ws/install/canopen_proxy_driver/lib:/home/ub2004/ros2_ws/install/canopen_master_driver/lib:/home/ub2004/ros2_ws/install/canopen_base_driver/lib:/opt/ros/humble/opt/rviz_ogre_vendor/lib:/opt/ros/humble/lib/x86_64-linux-gnu:/opt/ros/humble/lib PYTHONPATH=/home/ub2004/ros2_ws/install/lely_core_libraries/lib/python3.10/site-packages:/home/ub2004/ros2_ws/install/test_py/lib/python3.10/site-packages:/home/ub2004/ros2_ws/install/urdf_tutorial/lib/python3.10/site-packages:/home/ub2004/ros2_ws/install/lely_core_libraries/local/lib/python3.10/dist-packages:/home/ub2004/ros2_ws/install/canopen_utils/lib/python3.10/site-packages:/home/ub2004/ros2_ws/install/canopen_interfaces/local/lib/python3.10/dist-packages:/home/ub2004/ros2_ws/install/can_comm/lib/python3.10/site-packages:/home/ub2004/ros2_ws/install/agv_pak/lib/python3.10/site-packages:/opt/ros/humble/lib/python3.10/site-packages:/opt/ros/humble/local/lib/python3.10/dist-packages /usr/bin/cmake --install /home/ub2004/ros2_ws/build/canopen_base_driver
