[2.473s] Invoking command in '/home/ub2004/ros2_ws/src/can_comm': PYTHONPATH=/home/ub2004/ros2_ws/build/can_comm/prefix_override:/usr/lib/python3/dist-packages/colcon_core/task/python/colcon_distutils_commands:/home/ub2004/ros2_ws/install/can_comm/lib/python3.10/site-packages:${PYTHONPATH} /usr/bin/python3 -W ignore:setup.py install is deprecated -W ignore:easy_install command is deprecated setup.py egg_info --egg-base ../../build/can_comm build --build-base /home/ub2004/ros2_ws/build/can_comm/build install --record /home/ub2004/ros2_ws/build/can_comm/install.log --single-version-externally-managed install_data
[3.181s] running egg_info
[3.183s] writing ../../build/can_comm/can_comm.egg-info/PKG-INFO
[3.186s] writing dependency_links to ../../build/can_comm/can_comm.egg-info/dependency_links.txt
[3.189s] writing entry points to ../../build/can_comm/can_comm.egg-info/entry_points.txt
[3.190s] writing requirements to ../../build/can_comm/can_comm.egg-info/requires.txt
[3.190s] writing top-level names to ../../build/can_comm/can_comm.egg-info/top_level.txt
[3.190s] reading manifest file '../../build/can_comm/can_comm.egg-info/SOURCES.txt'
[3.193s] writing manifest file '../../build/can_comm/can_comm.egg-info/SOURCES.txt'
[3.197s] running build
[3.197s] running build_py
[3.202s] running install
[3.203s] running install_lib
[3.208s] running install_data
[3.208s] copying launch/agv.launch.py -> /home/ub2004/ros2_ws/install/can_comm/share/can_comm/launch
[3.209s] running install_egg_info
[3.214s] removing '/home/ub2004/ros2_ws/install/can_comm/lib/python3.10/site-packages/can_comm-0.0.0-py3.10.egg-info' (and everything under it)
[3.217s] Copying ../../build/can_comm/can_comm.egg-info to /home/ub2004/ros2_ws/install/can_comm/lib/python3.10/site-packages/can_comm-0.0.0-py3.10.egg-info
[3.218s] running install_scripts
[3.272s] Installing can_publisher script to /home/ub2004/ros2_ws/install/can_comm/lib/can_comm
[3.273s] Installing can_velocity script to /home/ub2004/ros2_ws/install/can_comm/lib/can_comm
[3.273s] Installing joystick_node script to /home/ub2004/ros2_ws/install/can_comm/lib/can_comm
[3.273s] writing list of installed files to '/home/ub2004/ros2_ws/build/can_comm/install.log'
[3.405s] Invoked command in '/home/ub2004/ros2_ws/src/can_comm' returned '0': PYTHONPATH=/home/ub2004/ros2_ws/build/can_comm/prefix_override:/usr/lib/python3/dist-packages/colcon_core/task/python/colcon_distutils_commands:/home/ub2004/ros2_ws/install/can_comm/lib/python3.10/site-packages:${PYTHONPATH} /usr/bin/python3 -W ignore:setup.py install is deprecated -W ignore:easy_install command is deprecated setup.py egg_info --egg-base ../../build/can_comm build --build-base /home/ub2004/ros2_ws/build/can_comm/build install --record /home/ub2004/ros2_ws/build/can_comm/install.log --single-version-externally-managed install_data
