[0.671s] Invoking command in '/home/ub2004/ros2_ws/src/agv_pak': PYTHONPATH=/home/ub2004/ros2_ws/build/agv_pak/prefix_override:/usr/lib/python3/dist-packages/colcon_core/task/python/colcon_distutils_commands:/home/ub2004/ros2_ws/install/agv_pak/lib/python3.10/site-packages:${PYTHONPATH} /usr/bin/python3 -W ignore:setup.py install is deprecated -W ignore:easy_install command is deprecated setup.py egg_info --egg-base ../../build/agv_pak build --build-base /home/ub2004/ros2_ws/build/agv_pak/build install --record /home/ub2004/ros2_ws/build/agv_pak/install.log --single-version-externally-managed install_data
[0.934s] running egg_info
[0.934s] writing ../../build/agv_pak/agv_pak.egg-info/PKG-INFO
[0.935s] writing dependency_links to ../../build/agv_pak/agv_pak.egg-info/dependency_links.txt
[0.935s] writing entry points to ../../build/agv_pak/agv_pak.egg-info/entry_points.txt
[0.935s] writing requirements to ../../build/agv_pak/agv_pak.egg-info/requires.txt
[0.935s] writing top-level names to ../../build/agv_pak/agv_pak.egg-info/top_level.txt
[0.937s] reading manifest file '../../build/agv_pak/agv_pak.egg-info/SOURCES.txt'
[0.937s] adding license file 'LICENSE'
[0.938s] writing manifest file '../../build/agv_pak/agv_pak.egg-info/SOURCES.txt'
[0.939s] running build
[0.939s] running build_py
[0.939s] copying agv_pak/agv_test_node.py -> /home/ub2004/ros2_ws/build/agv_pak/build/lib/agv_pak
[0.940s] copying agv_pak/agv_node_2.py -> /home/ub2004/ros2_ws/build/agv_pak/build/lib/agv_pak
[0.943s] running install
[0.944s] running install_lib
[0.944s] copying /home/ub2004/ros2_ws/build/agv_pak/build/lib/agv_pak/agv_test_node.py -> /home/ub2004/ros2_ws/install/agv_pak/lib/python3.10/site-packages/agv_pak
[0.945s] copying /home/ub2004/ros2_ws/build/agv_pak/build/lib/agv_pak/agv_node_2.py -> /home/ub2004/ros2_ws/install/agv_pak/lib/python3.10/site-packages/agv_pak
[0.945s] byte-compiling /home/ub2004/ros2_ws/install/agv_pak/lib/python3.10/site-packages/agv_pak/agv_test_node.py to agv_test_node.cpython-310.pyc
[0.946s] byte-compiling /home/ub2004/ros2_ws/install/agv_pak/lib/python3.10/site-packages/agv_pak/agv_node_2.py to agv_node_2.cpython-310.pyc
[0.947s] running install_data
[0.947s] running install_egg_info
[0.949s] removing '/home/ub2004/ros2_ws/install/agv_pak/lib/python3.10/site-packages/agv_pak-0.0.0-py3.10.egg-info' (and everything under it)
[0.950s] Copying ../../build/agv_pak/agv_pak.egg-info to /home/ub2004/ros2_ws/install/agv_pak/lib/python3.10/site-packages/agv_pak-0.0.0-py3.10.egg-info
[0.951s] running install_scripts
[0.971s] Installing agv_node script to /home/ub2004/ros2_ws/install/agv_pak/lib/agv_pak
[0.971s] Installing agv_node_2 script to /home/ub2004/ros2_ws/install/agv_pak/lib/agv_pak
[0.972s] Installing agv_test_node.py script to /home/ub2004/ros2_ws/install/agv_pak/lib/agv_pak
[0.972s] writing list of installed files to '/home/ub2004/ros2_ws/build/agv_pak/install.log'
[0.993s] Invoked command in '/home/ub2004/ros2_ws/src/agv_pak' returned '0': PYTHONPATH=/home/ub2004/ros2_ws/build/agv_pak/prefix_override:/usr/lib/python3/dist-packages/colcon_core/task/python/colcon_distutils_commands:/home/ub2004/ros2_ws/install/agv_pak/lib/python3.10/site-packages:${PYTHONPATH} /usr/bin/python3 -W ignore:setup.py install is deprecated -W ignore:easy_install command is deprecated setup.py egg_info --egg-base ../../build/agv_pak build --build-base /home/ub2004/ros2_ws/build/agv_pak/build install --record /home/ub2004/ros2_ws/build/agv_pak/install.log --single-version-externally-managed install_data
