[2.042s] Invoking command in '/home/ub2004/ros2_ws/src/agv_pak': PYTHONPATH=/home/ub2004/ros2_ws/build/agv_pak/prefix_override:/usr/lib/python3/dist-packages/colcon_core/task/python/colcon_distutils_commands:/home/ub2004/ros2_ws/install/agv_pak/lib/python3.10/site-packages:${PYTHONPATH} /usr/bin/python3 -W ignore:setup.py install is deprecated -W ignore:easy_install command is deprecated setup.py egg_info --egg-base ../../build/agv_pak build --build-base /home/ub2004/ros2_ws/build/agv_pak/build install --record /home/ub2004/ros2_ws/build/agv_pak/install.log --single-version-externally-managed install_data
[2.496s] running egg_info
[2.497s] writing ../../build/agv_pak/agv_pak.egg-info/PKG-INFO
[2.499s] writing dependency_links to ../../build/agv_pak/agv_pak.egg-info/dependency_links.txt
[2.499s] writing entry points to ../../build/agv_pak/agv_pak.egg-info/entry_points.txt
[2.499s] writing requirements to ../../build/agv_pak/agv_pak.egg-info/requires.txt
[2.499s] writing top-level names to ../../build/agv_pak/agv_pak.egg-info/top_level.txt
[2.502s] reading manifest file '../../build/agv_pak/agv_pak.egg-info/SOURCES.txt'
[2.503s] adding license file 'LICENSE'
[2.504s] writing manifest file '../../build/agv_pak/agv_pak.egg-info/SOURCES.txt'
[2.504s] running build
[2.504s] running build_py
[2.507s] running install
[2.508s] running install_lib
[2.510s] running install_data
[2.511s] running install_egg_info
[2.513s] removing '/home/ub2004/ros2_ws/install/agv_pak/lib/python3.10/site-packages/agv_pak-0.0.0-py3.10.egg-info' (and everything under it)
[2.513s] Copying ../../build/agv_pak/agv_pak.egg-info to /home/ub2004/ros2_ws/install/agv_pak/lib/python3.10/site-packages/agv_pak-0.0.0-py3.10.egg-info
[2.515s] running install_scripts
[2.545s] Installing agv_node script to /home/ub2004/ros2_ws/install/agv_pak/lib/agv_pak
[2.545s] Installing agv_node_2 script to /home/ub2004/ros2_ws/install/agv_pak/lib/agv_pak
[2.545s] Installing agv_test_node.py script to /home/ub2004/ros2_ws/install/agv_pak/lib/agv_pak
[2.545s] Installing can_talker script to /home/ub2004/ros2_ws/install/agv_pak/lib/agv_pak
[2.546s] writing list of installed files to '/home/ub2004/ros2_ws/build/agv_pak/install.log'
[2.588s] Invoked command in '/home/ub2004/ros2_ws/src/agv_pak' returned '0': PYTHONPATH=/home/ub2004/ros2_ws/build/agv_pak/prefix_override:/usr/lib/python3/dist-packages/colcon_core/task/python/colcon_distutils_commands:/home/ub2004/ros2_ws/install/agv_pak/lib/python3.10/site-packages:${PYTHONPATH} /usr/bin/python3 -W ignore:setup.py install is deprecated -W ignore:easy_install command is deprecated setup.py egg_info --egg-base ../../build/agv_pak build --build-base /home/ub2004/ros2_ws/build/agv_pak/build install --record /home/ub2004/ros2_ws/build/agv_pak/install.log --single-version-externally-managed install_data
