[0.028s] Invoking command in '/home/ub2004/ros2_ws/build/canopen_402_driver': CMAKE_PREFIX_PATH=/home/ub2004/ros2_ws/install/canopen_proxy_driver:/home/ub2004/ros2_ws/install/canopen_base_driver:/home/ub2004/ros2_ws/install/canopen_core:/home/ub2004/ros2_ws/install/lely_core_libraries:/home/ub2004/ros2_ws/install/canopen_interfaces:/home/ub2004/ros2_ws/install/canopen_tests:/home/ub2004/ros2_ws/install/canopen_ros2_controllers:/home/ub2004/ros2_ws/install/canopen_ros2_control:/home/ub2004/ros2_ws/install/canopen:/home/ub2004/ros2_ws/install/canopen_402_driver:/home/ub2004/ros2_ws/install/canopen_master_driver:/home/ub2004/ros2_ws/install/canopen_fake_slaves:/home/ub2004/ros2_ws/install/urdf_tutorial:/home/ub2004/ros2_ws/install/test_py:/home/ub2004/ros2_ws/install/canopen_utils:/home/ub2004/ros2_ws/install/can_comm:/home/ub2004/ros2_ws/install/agv_pak:/opt/ros/humble LD_LIBRARY_PATH=/home/ub2004/ros2_ws/install/canopen_proxy_driver/lib:/home/ub2004/ros2_ws/install/canopen_base_driver/lib:/home/ub2004/ros2_ws/install/canopen_core/lib:/home/ub2004/ros2_ws/install/lely_core_libraries/lib:/home/ub2004/ros2_ws/install/canopen_interfaces/lib:/home/ub2004/ros2_ws/install/canopen_ros2_controllers/lib:/home/ub2004/ros2_ws/install/canopen_ros2_control/lib:/home/ub2004/ros2_ws/install/canopen_402_driver/lib:/home/ub2004/ros2_ws/install/canopen_master_driver/lib:/opt/ros/humble/opt/rviz_ogre_vendor/lib:/opt/ros/humble/lib/x86_64-linux-gnu:/opt/ros/humble/lib PYTHONPATH=/home/ub2004/ros2_ws/install/lely_core_libraries/lib/python3.10/site-packages:/home/ub2004/ros2_ws/install/urdf_tutorial/lib/python3.10/site-packages:/home/ub2004/ros2_ws/install/test_py/lib/python3.10/site-packages:/home/ub2004/ros2_ws/install/lely_core_libraries/local/lib/python3.10/dist-packages:/home/ub2004/ros2_ws/install/canopen_utils/lib/python3.10/site-packages:/home/ub2004/ros2_ws/install/canopen_interfaces/local/lib/python3.10/dist-packages:/home/ub2004/ros2_ws/install/can_comm/lib/python3.10/site-packages:/home/ub2004/ros2_ws/install/agv_pak/lib/python3.10/site-packages:/opt/ros/humble/lib/python3.10/site-packages:/opt/ros/humble/local/lib/python3.10/dist-packages /usr/bin/cmake --build /home/ub2004/ros2_ws/build/canopen_402_driver -- -j8 -l8
[0.099s] [35m[1mConsolidate compiler generated dependencies of target lely_motion_controller_bridge[0m
[0.099s] [ 23%] Built target gtest
[0.099s] [ 23%] Built target gtest_main
[0.123s] [35m[1mConsolidate compiler generated dependencies of target test_driver_component[0m
[0.148s] [ 29%] [32mBuilding CXX object CMakeFiles/lely_motion_controller_bridge.dir/src/motor.cpp.o[0m
[0.149s] [ 35%] [32mBuilding CXX object CMakeFiles/lely_motion_controller_bridge.dir/src/default_homing_mode.cpp.o[0m
[0.161s] [ 41%] [32mBuilding CXX object test/CMakeFiles/test_driver_component.dir/test_driver_component.cpp.o[0m
[7.892s] [ 47%] [32m[1mLinking CXX executable test_driver_component[0m
[8.253s] [ 47%] Built target test_driver_component
[8.803s] [ 52%] [32m[1mLinking CXX shared library liblely_motion_controller_bridge.so[0m
[9.145s] [ 64%] Built target lely_motion_controller_bridge
[9.168s] [35m[1mConsolidate compiler generated dependencies of target node_canopen_cia402_driver[0m
[9.204s] [ 70%] [32mBuilding CXX object CMakeFiles/node_canopen_cia402_driver.dir/src/node_interfaces/node_canopen_402_driver.cpp.o[0m
[20.037s] [ 76%] [32m[1mLinking CXX shared library libnode_canopen_cia402_driver.so[0m
[20.901s] [ 76%] Built target node_canopen_cia402_driver
[20.926s] [35m[1mConsolidate compiler generated dependencies of target cia402_driver[0m
[20.926s] [35m[1mConsolidate compiler generated dependencies of target lifecycle_cia402_driver[0m
[20.964s] [ 82%] [32mBuilding CXX object CMakeFiles/lifecycle_cia402_driver.dir/src/lifecycle_cia402_driver.cpp.o[0m
[20.966s] [ 88%] [32mBuilding CXX object CMakeFiles/cia402_driver.dir/src/cia402_driver.cpp.o[0m
[28.923s] [ 94%] [32m[1mLinking CXX shared library libcia402_driver.so[0m
[28.945s] [100%] [32m[1mLinking CXX shared library liblifecycle_cia402_driver.so[0m
[29.384s] [100%] Built target cia402_driver
[29.402s] [100%] Built target lifecycle_cia402_driver
[29.415s] Invoked command in '/home/ub2004/ros2_ws/build/canopen_402_driver' returned '0': CMAKE_PREFIX_PATH=/home/ub2004/ros2_ws/install/canopen_proxy_driver:/home/ub2004/ros2_ws/install/canopen_base_driver:/home/ub2004/ros2_ws/install/canopen_core:/home/ub2004/ros2_ws/install/lely_core_libraries:/home/ub2004/ros2_ws/install/canopen_interfaces:/home/ub2004/ros2_ws/install/canopen_tests:/home/ub2004/ros2_ws/install/canopen_ros2_controllers:/home/ub2004/ros2_ws/install/canopen_ros2_control:/home/ub2004/ros2_ws/install/canopen:/home/ub2004/ros2_ws/install/canopen_402_driver:/home/ub2004/ros2_ws/install/canopen_master_driver:/home/ub2004/ros2_ws/install/canopen_fake_slaves:/home/ub2004/ros2_ws/install/urdf_tutorial:/home/ub2004/ros2_ws/install/test_py:/home/ub2004/ros2_ws/install/canopen_utils:/home/ub2004/ros2_ws/install/can_comm:/home/ub2004/ros2_ws/install/agv_pak:/opt/ros/humble LD_LIBRARY_PATH=/home/ub2004/ros2_ws/install/canopen_proxy_driver/lib:/home/ub2004/ros2_ws/install/canopen_base_driver/lib:/home/ub2004/ros2_ws/install/canopen_core/lib:/home/ub2004/ros2_ws/install/lely_core_libraries/lib:/home/ub2004/ros2_ws/install/canopen_interfaces/lib:/home/ub2004/ros2_ws/install/canopen_ros2_controllers/lib:/home/ub2004/ros2_ws/install/canopen_ros2_control/lib:/home/ub2004/ros2_ws/install/canopen_402_driver/lib:/home/ub2004/ros2_ws/install/canopen_master_driver/lib:/opt/ros/humble/opt/rviz_ogre_vendor/lib:/opt/ros/humble/lib/x86_64-linux-gnu:/opt/ros/humble/lib PYTHONPATH=/home/ub2004/ros2_ws/install/lely_core_libraries/lib/python3.10/site-packages:/home/ub2004/ros2_ws/install/urdf_tutorial/lib/python3.10/site-packages:/home/ub2004/ros2_ws/install/test_py/lib/python3.10/site-packages:/home/ub2004/ros2_ws/install/lely_core_libraries/local/lib/python3.10/dist-packages:/home/ub2004/ros2_ws/install/canopen_utils/lib/python3.10/site-packages:/home/ub2004/ros2_ws/install/canopen_interfaces/local/lib/python3.10/dist-packages:/home/ub2004/ros2_ws/install/can_comm/lib/python3.10/site-packages:/home/ub2004/ros2_ws/install/agv_pak/lib/python3.10/site-packages:/opt/ros/humble/lib/python3.10/site-packages:/opt/ros/humble/local/lib/python3.10/dist-packages /usr/bin/cmake --build /home/ub2004/ros2_ws/build/canopen_402_driver -- -j8 -l8
[29.418s] Invoking command in '/home/ub2004/ros2_ws/build/canopen_402_driver': CMAKE_PREFIX_PATH=/home/ub2004/ros2_ws/install/canopen_proxy_driver:/home/ub2004/ros2_ws/install/canopen_base_driver:/home/ub2004/ros2_ws/install/canopen_core:/home/ub2004/ros2_ws/install/lely_core_libraries:/home/ub2004/ros2_ws/install/canopen_interfaces:/home/ub2004/ros2_ws/install/canopen_tests:/home/ub2004/ros2_ws/install/canopen_ros2_controllers:/home/ub2004/ros2_ws/install/canopen_ros2_control:/home/ub2004/ros2_ws/install/canopen:/home/ub2004/ros2_ws/install/canopen_402_driver:/home/ub2004/ros2_ws/install/canopen_master_driver:/home/ub2004/ros2_ws/install/canopen_fake_slaves:/home/ub2004/ros2_ws/install/urdf_tutorial:/home/ub2004/ros2_ws/install/test_py:/home/ub2004/ros2_ws/install/canopen_utils:/home/ub2004/ros2_ws/install/can_comm:/home/ub2004/ros2_ws/install/agv_pak:/opt/ros/humble LD_LIBRARY_PATH=/home/ub2004/ros2_ws/install/canopen_proxy_driver/lib:/home/ub2004/ros2_ws/install/canopen_base_driver/lib:/home/ub2004/ros2_ws/install/canopen_core/lib:/home/ub2004/ros2_ws/install/lely_core_libraries/lib:/home/ub2004/ros2_ws/install/canopen_interfaces/lib:/home/ub2004/ros2_ws/install/canopen_ros2_controllers/lib:/home/ub2004/ros2_ws/install/canopen_ros2_control/lib:/home/ub2004/ros2_ws/install/canopen_402_driver/lib:/home/ub2004/ros2_ws/install/canopen_master_driver/lib:/opt/ros/humble/opt/rviz_ogre_vendor/lib:/opt/ros/humble/lib/x86_64-linux-gnu:/opt/ros/humble/lib PYTHONPATH=/home/ub2004/ros2_ws/install/lely_core_libraries/lib/python3.10/site-packages:/home/ub2004/ros2_ws/install/urdf_tutorial/lib/python3.10/site-packages:/home/ub2004/ros2_ws/install/test_py/lib/python3.10/site-packages:/home/ub2004/ros2_ws/install/lely_core_libraries/local/lib/python3.10/dist-packages:/home/ub2004/ros2_ws/install/canopen_utils/lib/python3.10/site-packages:/home/ub2004/ros2_ws/install/canopen_interfaces/local/lib/python3.10/dist-packages:/home/ub2004/ros2_ws/install/can_comm/lib/python3.10/site-packages:/home/ub2004/ros2_ws/install/agv_pak/lib/python3.10/site-packages:/opt/ros/humble/lib/python3.10/site-packages:/opt/ros/humble/local/lib/python3.10/dist-packages /usr/bin/cmake --install /home/ub2004/ros2_ws/build/canopen_402_driver
[29.427s] -- Install configuration: ""
[29.427s] -- Up-to-date: /home/ub2004/ros2_ws/install/canopen_402_driver/include
[29.427s] -- Up-to-date: /home/ub2004/ros2_ws/install/canopen_402_driver/include/canopen_402_driver
[29.427s] -- Up-to-date: /home/ub2004/ros2_ws/install/canopen_402_driver/include/canopen_402_driver/profiled_position_mode.hpp
[29.428s] -- Up-to-date: /home/ub2004/ros2_ws/install/canopen_402_driver/include/canopen_402_driver/cia402_driver.hpp
[29.428s] -- Up-to-date: /home/ub2004/ros2_ws/install/canopen_402_driver/include/canopen_402_driver/state.hpp
[29.428s] -- Up-to-date: /home/ub2004/ros2_ws/install/canopen_402_driver/include/canopen_402_driver/mode_forward_helper.hpp
[29.428s] -- Up-to-date: /home/ub2004/ros2_ws/install/canopen_402_driver/include/canopen_402_driver/mode.hpp
[29.428s] -- Up-to-date: /home/ub2004/ros2_ws/install/canopen_402_driver/include/canopen_402_driver/homing_mode.hpp
[29.428s] -- Up-to-date: /home/ub2004/ros2_ws/install/canopen_402_driver/include/canopen_402_driver/lifecycle_cia402_driver.hpp
[29.428s] -- Up-to-date: /home/ub2004/ros2_ws/install/canopen_402_driver/include/canopen_402_driver/node_interfaces
[29.428s] -- Up-to-date: /home/ub2004/ros2_ws/install/canopen_402_driver/include/canopen_402_driver/node_interfaces/node_canopen_402_driver_impl.hpp
[29.428s] -- Up-to-date: /home/ub2004/ros2_ws/install/canopen_402_driver/include/canopen_402_driver/node_interfaces/node_canopen_402_driver.hpp
[29.428s] -- Up-to-date: /home/ub2004/ros2_ws/install/canopen_402_driver/include/canopen_402_driver/word_accessor.hpp
[29.428s] -- Up-to-date: /home/ub2004/ros2_ws/install/canopen_402_driver/include/canopen_402_driver/mode_target_helper.hpp
[29.428s] -- Up-to-date: /home/ub2004/ros2_ws/install/canopen_402_driver/include/canopen_402_driver/command.hpp
[29.428s] -- Up-to-date: /home/ub2004/ros2_ws/install/canopen_402_driver/include/canopen_402_driver/default_homing_mode.hpp
[29.428s] -- Up-to-date: /home/ub2004/ros2_ws/install/canopen_402_driver/include/canopen_402_driver/motor.hpp
[29.428s] -- Up-to-date: /home/ub2004/ros2_ws/install/canopen_402_driver/include/canopen_402_driver/visibility_control.h
[29.428s] -- Up-to-date: /home/ub2004/ros2_ws/install/canopen_402_driver/include/canopen_402_driver/base.hpp
[29.428s] -- Installing: /home/ub2004/ros2_ws/install/canopen_402_driver/lib/liblifecycle_cia402_driver.so
[29.430s] -- Set runtime path of "/home/ub2004/ros2_ws/install/canopen_402_driver/lib/liblifecycle_cia402_driver.so" to ""
[29.431s] -- Installing: /home/ub2004/ros2_ws/install/canopen_402_driver/lib/libcia402_driver.so
[29.432s] -- Set runtime path of "/home/ub2004/ros2_ws/install/canopen_402_driver/lib/libcia402_driver.so" to ""
[29.433s] -- Installing: /home/ub2004/ros2_ws/install/canopen_402_driver/lib/libnode_canopen_cia402_driver.so
[29.438s] -- Set runtime path of "/home/ub2004/ros2_ws/install/canopen_402_driver/lib/libnode_canopen_cia402_driver.so" to ""
[29.439s] -- Installing: /home/ub2004/ros2_ws/install/canopen_402_driver/lib/liblely_motion_controller_bridge.so
[29.441s] -- Set runtime path of "/home/ub2004/ros2_ws/install/canopen_402_driver/lib/liblely_motion_controller_bridge.so" to ""
[29.441s] -- Up-to-date: /home/ub2004/ros2_ws/install/canopen_402_driver/share/canopen_402_driver/environment/library_path.sh
[29.442s] -- Up-to-date: /home/ub2004/ros2_ws/install/canopen_402_driver/share/canopen_402_driver/environment/library_path.dsv
[29.442s] -- Up-to-date: /home/ub2004/ros2_ws/install/canopen_402_driver/share/ament_index/resource_index/package_run_dependencies/canopen_402_driver
[29.442s] -- Up-to-date: /home/ub2004/ros2_ws/install/canopen_402_driver/share/ament_index/resource_index/parent_prefix_path/canopen_402_driver
[29.442s] -- Up-to-date: /home/ub2004/ros2_ws/install/canopen_402_driver/share/canopen_402_driver/environment/ament_prefix_path.sh
[29.442s] -- Up-to-date: /home/ub2004/ros2_ws/install/canopen_402_driver/share/canopen_402_driver/environment/ament_prefix_path.dsv
[29.442s] -- Up-to-date: /home/ub2004/ros2_ws/install/canopen_402_driver/share/canopen_402_driver/environment/path.sh
[29.442s] -- Up-to-date: /home/ub2004/ros2_ws/install/canopen_402_driver/share/canopen_402_driver/environment/path.dsv
[29.442s] -- Up-to-date: /home/ub2004/ros2_ws/install/canopen_402_driver/share/canopen_402_driver/local_setup.bash
[29.442s] -- Up-to-date: /home/ub2004/ros2_ws/install/canopen_402_driver/share/canopen_402_driver/local_setup.sh
[29.442s] -- Up-to-date: /home/ub2004/ros2_ws/install/canopen_402_driver/share/canopen_402_driver/local_setup.zsh
[29.442s] -- Up-to-date: /home/ub2004/ros2_ws/install/canopen_402_driver/share/canopen_402_driver/local_setup.dsv
[29.442s] -- Installing: /home/ub2004/ros2_ws/install/canopen_402_driver/share/canopen_402_driver/package.dsv
[29.442s] -- Up-to-date: /home/ub2004/ros2_ws/install/canopen_402_driver/share/ament_index/resource_index/packages/canopen_402_driver
[29.442s] -- Up-to-date: /home/ub2004/ros2_ws/install/canopen_402_driver/share/ament_index/resource_index/rclcpp_components/canopen_402_driver
[29.443s] -- Up-to-date: /home/ub2004/ros2_ws/install/canopen_402_driver/share/canopen_402_driver/cmake/export_canopen_402_driverExport.cmake
[29.443s] -- Up-to-date: /home/ub2004/ros2_ws/install/canopen_402_driver/share/canopen_402_driver/cmake/export_canopen_402_driverExport-noconfig.cmake
[29.443s] -- Up-to-date: /home/ub2004/ros2_ws/install/canopen_402_driver/share/canopen_402_driver/cmake/ament_cmake_export_include_directories-extras.cmake
[29.443s] -- Up-to-date: /home/ub2004/ros2_ws/install/canopen_402_driver/share/canopen_402_driver/cmake/ament_cmake_export_libraries-extras.cmake
[29.443s] -- Up-to-date: /home/ub2004/ros2_ws/install/canopen_402_driver/share/canopen_402_driver/cmake/ament_cmake_export_targets-extras.cmake
[29.443s] -- Up-to-date: /home/ub2004/ros2_ws/install/canopen_402_driver/share/canopen_402_driver/cmake/ament_cmake_export_dependencies-extras.cmake
[29.443s] -- Up-to-date: /home/ub2004/ros2_ws/install/canopen_402_driver/share/canopen_402_driver/cmake/canopen_402_driverConfig.cmake
[29.443s] -- Up-to-date: /home/ub2004/ros2_ws/install/canopen_402_driver/share/canopen_402_driver/cmake/canopen_402_driverConfig-version.cmake
[29.444s] -- Up-to-date: /home/ub2004/ros2_ws/install/canopen_402_driver/share/canopen_402_driver/package.xml
[29.447s] Invoked command in '/home/ub2004/ros2_ws/build/canopen_402_driver' returned '0': CMAKE_PREFIX_PATH=/home/ub2004/ros2_ws/install/canopen_proxy_driver:/home/ub2004/ros2_ws/install/canopen_base_driver:/home/ub2004/ros2_ws/install/canopen_core:/home/ub2004/ros2_ws/install/lely_core_libraries:/home/ub2004/ros2_ws/install/canopen_interfaces:/home/ub2004/ros2_ws/install/canopen_tests:/home/ub2004/ros2_ws/install/canopen_ros2_controllers:/home/ub2004/ros2_ws/install/canopen_ros2_control:/home/ub2004/ros2_ws/install/canopen:/home/ub2004/ros2_ws/install/canopen_402_driver:/home/ub2004/ros2_ws/install/canopen_master_driver:/home/ub2004/ros2_ws/install/canopen_fake_slaves:/home/ub2004/ros2_ws/install/urdf_tutorial:/home/ub2004/ros2_ws/install/test_py:/home/ub2004/ros2_ws/install/canopen_utils:/home/ub2004/ros2_ws/install/can_comm:/home/ub2004/ros2_ws/install/agv_pak:/opt/ros/humble LD_LIBRARY_PATH=/home/ub2004/ros2_ws/install/canopen_proxy_driver/lib:/home/ub2004/ros2_ws/install/canopen_base_driver/lib:/home/ub2004/ros2_ws/install/canopen_core/lib:/home/ub2004/ros2_ws/install/lely_core_libraries/lib:/home/ub2004/ros2_ws/install/canopen_interfaces/lib:/home/ub2004/ros2_ws/install/canopen_ros2_controllers/lib:/home/ub2004/ros2_ws/install/canopen_ros2_control/lib:/home/ub2004/ros2_ws/install/canopen_402_driver/lib:/home/ub2004/ros2_ws/install/canopen_master_driver/lib:/opt/ros/humble/opt/rviz_ogre_vendor/lib:/opt/ros/humble/lib/x86_64-linux-gnu:/opt/ros/humble/lib PYTHONPATH=/home/ub2004/ros2_ws/install/lely_core_libraries/lib/python3.10/site-packages:/home/ub2004/ros2_ws/install/urdf_tutorial/lib/python3.10/site-packages:/home/ub2004/ros2_ws/install/test_py/lib/python3.10/site-packages:/home/ub2004/ros2_ws/install/lely_core_libraries/local/lib/python3.10/dist-packages:/home/ub2004/ros2_ws/install/canopen_utils/lib/python3.10/site-packages:/home/ub2004/ros2_ws/install/canopen_interfaces/local/lib/python3.10/dist-packages:/home/ub2004/ros2_ws/install/can_comm/lib/python3.10/site-packages:/home/ub2004/ros2_ws/install/agv_pak/lib/python3.10/site-packages:/opt/ros/humble/lib/python3.10/site-packages:/opt/ros/humble/local/lib/python3.10/dist-packages /usr/bin/cmake --install /home/ub2004/ros2_ws/build/canopen_402_driver
