[1.152s] Invoking command in '/home/ub2004/ros2_ws/build/agv_pak': PYTHONPATH=/home/ub2004/ros2_ws/build/agv_pak/prefix_override:/usr/lib/python3/dist-packages/colcon_core/task/python/colcon_distutils_commands:/home/ub2004/ros2_ws/install/agv_pak/lib/python3.10/site-packages:${PYTHONPATH} /usr/bin/python3 -W ignore:setup.py install is deprecated -W ignore:easy_install command is deprecated setup.py develop --uninstall --editable --build-directory /home/ub2004/ros2_ws/build/agv_pak/build
[1.499s] running develop
[1.748s] Removing /home/ub2004/ros2_ws/install/agv_pak/lib/python3.10/site-packages/agv-pak.egg-link (link to .)
[1.776s] Invoked command in '/home/ub2004/ros2_ws/build/agv_pak' returned '0': PYTHONPATH=/home/ub2004/ros2_ws/build/agv_pak/prefix_override:/usr/lib/python3/dist-packages/colcon_core/task/python/colcon_distutils_commands:/home/ub2004/ros2_ws/install/agv_pak/lib/python3.10/site-packages:${PYTHONPATH} /usr/bin/python3 -W ignore:setup.py install is deprecated -W ignore:easy_install command is deprecated setup.py develop --uninstall --editable --build-directory /home/ub2004/ros2_ws/build/agv_pak/build
[1.778s] Invoking command in '/home/ub2004/ros2_ws/src/agv_pak': PYTHONPATH=/home/ub2004/ros2_ws/build/agv_pak/prefix_override:/usr/lib/python3/dist-packages/colcon_core/task/python/colcon_distutils_commands:/home/ub2004/ros2_ws/install/agv_pak/lib/python3.10/site-packages:${PYTHONPATH} /usr/bin/python3 -W ignore:setup.py install is deprecated -W ignore:easy_install command is deprecated setup.py egg_info --egg-base ../../build/agv_pak build --build-base /home/ub2004/ros2_ws/build/agv_pak/build install --record /home/ub2004/ros2_ws/build/agv_pak/install.log --single-version-externally-managed install_data --force
[2.080s] running egg_info
[2.081s] writing ../../build/agv_pak/agv_pak.egg-info/PKG-INFO
[2.081s] writing dependency_links to ../../build/agv_pak/agv_pak.egg-info/dependency_links.txt
[2.081s] writing entry points to ../../build/agv_pak/agv_pak.egg-info/entry_points.txt
[2.082s] writing requirements to ../../build/agv_pak/agv_pak.egg-info/requires.txt
[2.082s] writing top-level names to ../../build/agv_pak/agv_pak.egg-info/top_level.txt
[2.084s] reading manifest file '../../build/agv_pak/agv_pak.egg-info/SOURCES.txt'
[2.084s] adding license file 'LICENSE'
[2.085s] writing manifest file '../../build/agv_pak/agv_pak.egg-info/SOURCES.txt'
[2.085s] running build
[2.086s] running build_py
[2.088s] running install
[2.088s] running install_lib
[2.089s] creating /home/ub2004/ros2_ws/install/agv_pak/lib/python3.10/site-packages/agv_pak
[2.089s] copying /home/ub2004/ros2_ws/build/agv_pak/build/lib/agv_pak/agv_node_2.py -> /home/ub2004/ros2_ws/install/agv_pak/lib/python3.10/site-packages/agv_pak
[2.089s] copying /home/ub2004/ros2_ws/build/agv_pak/build/lib/agv_pak/agv_node.py -> /home/ub2004/ros2_ws/install/agv_pak/lib/python3.10/site-packages/agv_pak
[2.090s] copying /home/ub2004/ros2_ws/build/agv_pak/build/lib/agv_pak/__init__.py -> /home/ub2004/ros2_ws/install/agv_pak/lib/python3.10/site-packages/agv_pak
[2.090s] byte-compiling /home/ub2004/ros2_ws/install/agv_pak/lib/python3.10/site-packages/agv_pak/agv_node_2.py to agv_node_2.cpython-310.pyc
[2.092s] byte-compiling /home/ub2004/ros2_ws/install/agv_pak/lib/python3.10/site-packages/agv_pak/agv_node.py to agv_node.cpython-310.pyc
[2.094s] byte-compiling /home/ub2004/ros2_ws/install/agv_pak/lib/python3.10/site-packages/agv_pak/__init__.py to __init__.cpython-310.pyc
[2.094s] running install_data
[2.094s] copying resource/agv_pak -> /home/ub2004/ros2_ws/install/agv_pak/share/ament_index/resource_index/packages
[2.095s] copying package.xml -> /home/ub2004/ros2_ws/install/agv_pak/share/agv_pak
[2.095s] running install_egg_info
[2.098s] Copying ../../build/agv_pak/agv_pak.egg-info to /home/ub2004/ros2_ws/install/agv_pak/lib/python3.10/site-packages/agv_pak-0.0.0-py3.10.egg-info
[2.100s] running install_scripts
[2.124s] Installing agv_node script to /home/ub2004/ros2_ws/install/agv_pak/lib/agv_pak
[2.125s] Installing agv_node_2 script to /home/ub2004/ros2_ws/install/agv_pak/lib/agv_pak
[2.125s] writing list of installed files to '/home/ub2004/ros2_ws/build/agv_pak/install.log'
[2.384s] Invoked command in '/home/ub2004/ros2_ws/src/agv_pak' returned '0': PYTHONPATH=/home/ub2004/ros2_ws/build/agv_pak/prefix_override:/usr/lib/python3/dist-packages/colcon_core/task/python/colcon_distutils_commands:/home/ub2004/ros2_ws/install/agv_pak/lib/python3.10/site-packages:${PYTHONPATH} /usr/bin/python3 -W ignore:setup.py install is deprecated -W ignore:easy_install command is deprecated setup.py egg_info --egg-base ../../build/agv_pak build --build-base /home/ub2004/ros2_ws/build/agv_pak/build install --record /home/ub2004/ros2_ws/build/agv_pak/install.log --single-version-externally-managed install_data --force
