[2.173s] Invoking command in '/home/ub2004/ros2_ws/src/agv_pak': PYTHONPATH=/home/ub2004/ros2_ws/build/agv_pak/prefix_override:/usr/lib/python3/dist-packages/colcon_core/task/python/colcon_distutils_commands:/home/ub2004/ros2_ws/install/agv_pak/lib/python3.10/site-packages:${PYTHONPATH} /usr/bin/python3 -W ignore:setup.py install is deprecated -W ignore:easy_install command is deprecated setup.py egg_info --egg-base ../../build/agv_pak build --build-base /home/ub2004/ros2_ws/build/agv_pak/build install --record /home/ub2004/ros2_ws/build/agv_pak/install.log --single-version-externally-managed install_data
[2.643s] running egg_info
[2.644s] writing ../../build/agv_pak/agv_pak.egg-info/PKG-INFO
[2.645s] writing dependency_links to ../../build/agv_pak/agv_pak.egg-info/dependency_links.txt
[2.645s] writing entry points to ../../build/agv_pak/agv_pak.egg-info/entry_points.txt
[2.646s] writing requirements to ../../build/agv_pak/agv_pak.egg-info/requires.txt
[2.646s] writing top-level names to ../../build/agv_pak/agv_pak.egg-info/top_level.txt
[2.649s] reading manifest file '../../build/agv_pak/agv_pak.egg-info/SOURCES.txt'
[2.650s] adding license file 'LICENSE'
[2.651s] writing manifest file '../../build/agv_pak/agv_pak.egg-info/SOURCES.txt'
[2.651s] running build
[2.651s] running build_py
[2.654s] running install
[2.654s] running install_lib
[2.656s] running install_data
[2.657s] running install_egg_info
[2.660s] removing '/home/ub2004/ros2_ws/install/agv_pak/lib/python3.10/site-packages/agv_pak-0.0.0-py3.10.egg-info' (and everything under it)
[2.661s] Copying ../../build/agv_pak/agv_pak.egg-info to /home/ub2004/ros2_ws/install/agv_pak/lib/python3.10/site-packages/agv_pak-0.0.0-py3.10.egg-info
[2.662s] running install_scripts
[2.697s] Installing agv_node script to /home/ub2004/ros2_ws/install/agv_pak/lib/agv_pak
[2.698s] Installing agv_node_2 script to /home/ub2004/ros2_ws/install/agv_pak/lib/agv_pak
[2.698s] Installing agv_test_node.py script to /home/ub2004/ros2_ws/install/agv_pak/lib/agv_pak
[2.698s] Installing can_talker script to /home/ub2004/ros2_ws/install/agv_pak/lib/agv_pak
[2.699s] writing list of installed files to '/home/ub2004/ros2_ws/build/agv_pak/install.log'
[2.766s] Invoked command in '/home/ub2004/ros2_ws/src/agv_pak' returned '0': PYTHONPATH=/home/ub2004/ros2_ws/build/agv_pak/prefix_override:/usr/lib/python3/dist-packages/colcon_core/task/python/colcon_distutils_commands:/home/ub2004/ros2_ws/install/agv_pak/lib/python3.10/site-packages:${PYTHONPATH} /usr/bin/python3 -W ignore:setup.py install is deprecated -W ignore:easy_install command is deprecated setup.py egg_info --egg-base ../../build/agv_pak build --build-base /home/ub2004/ros2_ws/build/agv_pak/build install --record /home/ub2004/ros2_ws/build/agv_pak/install.log --single-version-externally-managed install_data
