[0.028s] Invoking command in '/home/ub2004/ros2_ws/build/lely_core_libraries': CMAKE_PREFIX_PATH=${CMAKE_PREFIX_PATH}:/home/ub2004/ros2_ws/install/canopen_utils:/home/ub2004/ros2_ws/install/agv_pak:/opt/ros/humble /usr/bin/cmake /home/ub2004/ros2_ws/src/ros2_canopen/lely_core_libraries -DCMAKE_INSTALL_PREFIX=/home/ub2004/ros2_ws/install/lely_core_libraries
[0.347s] -- The C compiler identification is GNU 11.4.0
[0.347s] -- The CXX compiler identification is GNU 11.4.0
[0.347s] -- Detecting C compiler ABI info
[0.347s] -- Detecting C compiler ABI info - done
[0.347s] -- Check for working C compiler: /usr/bin/cc - skipped
[0.347s] -- Detecting C compile features
[0.347s] -- Detecting C compile features - done
[0.347s] -- Detecting CXX compiler ABI info
[0.362s] -- Detecting CXX compiler ABI info - done
[0.370s] -- Check for working CXX compiler: /usr/bin/c++ - skipped
[0.371s] -- Detecting CXX compile features
[0.371s] -- Detecting CXX compile features - done
[0.374s] -- Found ament_cmake: 1.3.11 (/opt/ros/humble/share/ament_cmake/cmake)
[0.552s] -- Found Python3: /usr/bin/python3 (found version "3.10.12") found components: Interpreter 
[0.856s] -- Configuring done
[0.862s] -- Generating done
[0.865s] -- Build files have been written to: /home/ub2004/ros2_ws/build/lely_core_libraries
[0.870s] Invoked command in '/home/ub2004/ros2_ws/build/lely_core_libraries' returned '0': CMAKE_PREFIX_PATH=${CMAKE_PREFIX_PATH}:/home/ub2004/ros2_ws/install/canopen_utils:/home/ub2004/ros2_ws/install/agv_pak:/opt/ros/humble /usr/bin/cmake /home/ub2004/ros2_ws/src/ros2_canopen/lely_core_libraries -DCMAKE_INSTALL_PREFIX=/home/ub2004/ros2_ws/install/lely_core_libraries
[0.872s] Invoking command in '/home/ub2004/ros2_ws/build/lely_core_libraries': CMAKE_PREFIX_PATH=${CMAKE_PREFIX_PATH}:/home/ub2004/ros2_ws/install/canopen_utils:/home/ub2004/ros2_ws/install/agv_pak:/opt/ros/humble /usr/bin/cmake --build /home/ub2004/ros2_ws/build/lely_core_libraries -- -j8 -l8
[0.932s] [ 12%] [34m[1mCreating directories for 'upstr_lely_core_libraries'[0m
[0.940s] [ 12%] Built target ament_cmake_python_copy_cogen
[0.944s] [ 12%] Built target ament_cmake_python_copy_cogen_setup
[1.049s] [ 25%] [34m[1mPerforming download step (git clone) for 'upstr_lely_core_libraries'[0m
[1.080s] 'upstream'에 복제합니다...
[1.305s] running egg_info
[1.306s] creating cogen.egg-info
[1.306s] writing cogen.egg-info/PKG-INFO
[1.307s] writing dependency_links to cogen.egg-info/dependency_links.txt
[1.307s] writing entry points to cogen.egg-info/entry_points.txt
[1.307s] writing top-level names to cogen.egg-info/top_level.txt
[1.307s] writing manifest file 'cogen.egg-info/SOURCES.txt'
[1.309s] reading manifest file 'cogen.egg-info/SOURCES.txt'
[1.310s] writing manifest file 'cogen.egg-info/SOURCES.txt'
[1.355s] [ 25%] Built target ament_cmake_python_build_cogen_egg
[1.411s] running install_scripts
[1.415s] /usr/lib/python3/dist-packages/setuptools/command/install.py:34: SetuptoolsDeprecationWarning: setup.py install is deprecated. Use build and pip and other standards-based tools.
[1.415s]   warnings.warn(
[1.458s] running egg_info
[1.460s] writing cogen.egg-info/PKG-INFO
[1.460s] writing dependency_links to cogen.egg-info/dependency_links.txt
[1.460s] writing entry points to cogen.egg-info/entry_points.txt
[1.460s] writing top-level names to cogen.egg-info/top_level.txt
[1.464s] reading manifest file 'cogen.egg-info/SOURCES.txt'
[1.465s] writing manifest file 'cogen.egg-info/SOURCES.txt'
[1.467s] Installing cogen script to scripts
[1.517s] [ 25%] Built target ament_cmake_python_build_cogen_scripts
[4.185s] HEAD의 현재 위치는 b63a0b6f co: fix co_time_of_day_set() to actually store the result
[4.275s] [ 37%] [34m[1mPerforming update step for 'upstr_lely_core_libraries'[0m
[4.362s] HEAD의 현재 위치는 b63a0b6f입니다 co: fix co_time_of_day_set() to actually store the result
[4.368s] configure.ac 패치를 확인하는 중입니다...
[4.368s] 패치 1번 부분 577번 줄에서 성공 (오프셋 8번 줄)
[4.368s] python/dcf-tools/Makefile.am 패치를 확인하는 중입니다...
[4.368s] configure.ac 패치 깔끔하게 적용.
[4.368s] python/dcf-tools/Makefile.am 패치 깔끔하게 적용.
[4.384s] [ 50%] [34m[1mNo patch step for 'upstr_lely_core_libraries'[0m
[4.420s] [ 62%] [34m[1mPerforming configure step for 'upstr_lely_core_libraries'[0m
[8.779s] libtoolize: putting auxiliary files in '.'.
[8.779s] libtoolize: copying file './ltmain.sh'
[8.806s] libtoolize: putting macros in AC_CONFIG_MACRO_DIRS, 'm4'.
[8.806s] libtoolize: copying file 'm4/libtool.m4'
[8.842s] libtoolize: copying file 'm4/ltoptions.m4'
[8.885s] libtoolize: copying file 'm4/ltsugar.m4'
[8.923s] libtoolize: copying file 'm4/ltversion.m4'
[8.960s] libtoolize: copying file 'm4/lt~obsolete.m4'
[10.894s] configure.ac:17: warning: The macro `AC_PROG_CC_STDC' is obsolete.
[10.894s] configure.ac:17: You should run autoupdate.
[10.894s] ./lib/autoconf/c.m4:1666: AC_PROG_CC_STDC is expanded from...
[10.894s] configure.ac:17: the top level
[10.894s] configure.ac:442: warning: AC_CHECK_HEADERS($ixxat_header): you should use literals
[10.894s] ./lib/autoconf/headers.m4:217: AC_CHECK_HEADERS is expanded from...
[10.894s] lib/m4sugar/m4sh.m4:699: AS_IF is expanded from...
[10.894s] lib/m4sugar/m4sh.m4:699: AS_IF is expanded from...
[10.894s] configure.ac:442: the top level
[12.013s] configure.ac:17: installing './compile'
[12.016s] configure.ac:6: installing './config.guess'
[12.018s] configure.ac:6: installing './config.sub'
[12.021s] configure.ac:7: installing './install-sh'
[12.023s] configure.ac:7: installing './missing'
[12.025s] configure.ac:610: installing './tap-driver.sh'
[12.296s] src/can/Makefile.am: installing './depcomp'
[12.859s] parallel-tests: installing './test-driver'
[13.076s] checking build system type... x86_64-pc-linux-gnu
[13.076s] checking host system type... x86_64-pc-linux-gnu
[13.077s] checking target system type... x86_64-pc-linux-gnu
[13.089s] checking for a BSD-compatible install... /usr/bin/install -c
[13.093s] checking whether build environment is sane... yes
[13.105s] checking for a race-free mkdir -p... /usr/bin/mkdir -p
[13.105s] checking for gawk... no
[13.106s] checking for mawk... mawk
[13.114s] checking whether make sets $(MAKE)... yes
[13.122s] checking whether make supports nested variables... yes
[13.127s] checking whether to enable maintainer-specific portions of Makefiles... yes
[13.128s] checking whether make supports nested variables... (cached) yes
[13.132s] checking for a sed that does not truncate output... /usr/bin/sed
[13.134s] checking whether to build with code coverage support... no
[13.135s] checking for valgrind... no
[13.146s] checking whether make supports the include directive... yes (GNU style)
[13.146s] checking for gcc... gcc
[13.218s] checking whether the C compiler works... yes
[13.219s] checking for C compiler default output file name... a.out
[13.253s] checking for suffix of executables... 
[13.297s] checking whether we are cross compiling... no
[13.319s] checking for suffix of object files... o
[13.338s] checking whether the compiler supports GNU C... yes
[13.357s] checking whether gcc accepts -g... yes
[13.410s] checking for gcc option to enable C11 features... none needed
[13.445s] checking whether gcc understands -c and -o together... yes
[13.483s] checking dependency style of gcc... gcc3
[13.506s] checking for stdio.h... yes
[13.531s] checking for stdlib.h... yes
[13.558s] checking for string.h... yes
[13.587s] checking for inttypes.h... yes
[13.617s] checking for stdint.h... yes
[13.645s] checking for strings.h... yes
[13.673s] checking for sys/stat.h... yes
[13.704s] checking for sys/types.h... yes
[13.737s] checking for unistd.h... yes
[13.774s] checking for wchar.h... yes
[13.813s] checking for minix/config.h... no
[13.849s] checking whether it is safe to define __EXTENSIONS__... yes
[13.875s] checking whether _XOPEN_SOURCE should be defined... no
[13.876s] checking for g++... g++
[13.925s] checking whether the compiler supports GNU C++... yes
[13.945s] checking whether g++ accepts -g... yes
[14.026s] checking for g++ option to enable C++11 features... none needed
[14.063s] checking dependency style of g++... gcc3
[14.109s] checking whether g++ supports C++11 features with -std=gnu++11... yes
[14.135s] checking how to print strings... printf
[14.136s] checking for a sed that does not truncate output... (cached) /usr/bin/sed
[14.140s] checking for grep that handles long lines and -e... /usr/bin/grep
[14.142s] checking for egrep... /usr/bin/grep -E
[14.144s] checking for fgrep... /usr/bin/grep -F
[14.151s] checking for ld used by gcc... /usr/bin/ld
[14.152s] checking if the linker (/usr/bin/ld) is GNU ld... yes
[14.155s] checking for BSD- or MS-compatible name lister (nm)... /usr/bin/nm -B
[14.179s] checking the name lister (/usr/bin/nm -B) interface... BSD nm
[14.179s] checking whether ln -s works... yes
[14.186s] checking the maximum length of command line arguments... 1572864
[14.189s] checking how to convert x86_64-pc-linux-gnu file names to x86_64-pc-linux-gnu format... func_convert_file_noop
[14.190s] checking how to convert x86_64-pc-linux-gnu file names to toolchain format... func_convert_file_noop
[14.190s] checking for /usr/bin/ld option to reload object files... -r
[14.190s] checking for objdump... objdump
[14.191s] checking how to recognize dependent libraries... pass_all
[14.191s] checking for dlltool... no
[14.191s] checking how to associate runtime and link libraries... printf %s\n
[14.192s] checking for ar... ar
[14.223s] checking for archiver @FILE support... @
[14.223s] checking for strip... strip
[14.224s] checking for ranlib... ranlib
[14.312s] checking command to parse /usr/bin/nm -B output from gcc object... ok
[14.314s] checking for sysroot... no
[14.320s] checking for a working dd... /usr/bin/dd
[14.325s] checking how to truncate binary pipes... /usr/bin/dd bs=4096 count=1
[14.341s] checking for mt... mt
[14.346s] checking if mt is a manifest tool... no
[14.401s] checking for dlfcn.h... yes
[14.406s] checking for objdir... .libs
[14.488s] checking if gcc supports -fno-rtti -fno-exceptions... no
[14.489s] checking for gcc option to produce PIC... -fPIC -DPIC
[14.512s] checking if gcc PIC flag -fPIC -DPIC works... yes
[14.597s] checking if gcc static flag -static works... yes
[14.631s] checking if gcc supports -c -o file.o... yes
[14.631s] checking if gcc supports -c -o file.o... (cached) yes
[14.643s] checking whether the gcc linker (/usr/bin/ld -m elf_x86_64) supports shared libraries... yes
[14.670s] checking whether -lc should be explicitly linked in... no
[14.733s] checking dynamic linker characteristics... GNU/Linux ld.so
[14.733s] checking how to hardcode library paths into programs... immediate
[14.735s] checking whether stripping libraries is possible... yes
[14.736s] checking if libtool supports shared libraries... yes
[14.736s] checking whether to build shared libraries... yes
[14.736s] checking whether to build static libraries... no
[14.769s] checking how to run the C++ preprocessor... g++ -std=gnu++11 -E
[14.875s] checking for ld used by g++ -std=gnu++11... /usr/bin/ld -m elf_x86_64
[14.878s] checking if the linker (/usr/bin/ld -m elf_x86_64) is GNU ld... yes
[14.888s] checking whether the g++ -std=gnu++11 linker (/usr/bin/ld -m elf_x86_64) supports shared libraries... yes
[14.970s] checking for g++ -std=gnu++11 option to produce PIC... -fPIC -DPIC
[14.997s] checking if g++ -std=gnu++11 PIC flag -fPIC -DPIC works... yes
[15.083s] checking if g++ -std=gnu++11 static flag -static works... yes
[15.119s] checking if g++ -std=gnu++11 supports -c -o file.o... yes
[15.119s] checking if g++ -std=gnu++11 supports -c -o file.o... (cached) yes
[15.119s] checking whether the g++ -std=gnu++11 linker (/usr/bin/ld -m elf_x86_64) supports shared libraries... yes
[15.124s] checking dynamic linker characteristics... (cached) GNU/Linux ld.so
[15.124s] checking how to hardcode library paths into programs... immediate
[15.125s] checking for windres... no
[15.200s] checking for timer_create in -lrt... yes
[15.232s] checking how to run the C preprocessor... gcc -E
[15.271s] checking whether gcc is Clang... no
[15.329s] checking whether pthreads work with "-pthread" and "-lpthread"... yes
[15.372s] checking for joinable pthread attribute... PTHREAD_CREATE_JOINABLE
[15.372s] checking whether more special flags are required for pthreads... no
[15.420s] checking for PTHREAD_PRIO_INHERIT... yes
[15.422s] checking for pkg-config... /usr/bin/pkg-config
[15.424s] checking pkg-config is at least version 0.9.0... yes
[15.428s] checking for cpputest >= 4... no
[15.470s] checking for valgrind/valgrind.h... no
[15.526s] checking for linux/can.h... yes
[15.577s] checking for linux/can/error.h... yes
[15.601s] checking for bluetooth/bluetooth.h... no
[15.621s] checking for bluetooth/rfcomm.h... no
[15.726s] checking for library containing str2ba... no
[15.782s] checking for ifaddrs.h... yes
[15.839s] checking for linux/can/netlink.h... yes
[15.894s] checking for linux/can/raw.h... yes
[15.960s] checking for linux/rtnetlink.h... yes
[16.013s] checking for sys/epoll.h... yes
[16.064s] checking for sys/ioctl.h... yes
[16.091s] checking for a Python interpreter with version >= 3.3... python3
[16.091s] checking for python3... /usr/bin/python3
[16.112s] checking for python3 version... 3.10
[16.130s] checking for python3 platform... linux
[16.131s] checking for GNU default python3 prefix... ${prefix}
[16.131s] checking for GNU default python3 exec_prefix... ${exec_prefix}
[16.165s] checking for python3 script directory (pythondir)... ${PYTHON_PREFIX}/lib/python3.10/site-packages
[16.205s] checking for python3 extension module directory (pyexecdir)... ${PYTHON_EXEC_PREFIX}/lib/python3.10/site-packages
[16.205s] checking for gawk... (cached) mawk
[16.233s] checking that generated files are newer than configure... done
[16.235s] configure: creating ./config.status
[17.201s] config.status: creating doc/Doxyfile
[17.224s] config.status: creating doc/Makefile
[17.242s] config.status: creating include/Makefile
[17.262s] config.status: creating pkgconfig/liblely-can.pc
[17.284s] config.status: creating pkgconfig/liblely-co.pc
[17.307s] config.status: creating pkgconfig/liblely-coapp.pc
[17.326s] config.status: creating pkgconfig/liblely-ev.pc
[17.346s] config.status: creating pkgconfig/liblely-io.pc
[17.365s] config.status: creating pkgconfig/liblely-io2.pc
[17.385s] config.status: creating pkgconfig/liblely-libc.pc
[17.408s] config.status: creating pkgconfig/liblely-libc_rt.pc
[17.428s] config.status: creating pkgconfig/liblely-tap.pc
[17.447s] config.status: creating pkgconfig/liblely-util.pc
[17.466s] config.status: creating pkgconfig/Makefile
[17.486s] config.status: creating python/can/Makefile
[17.510s] config.status: creating python/dcf-tools/Makefile
[17.530s] config.status: creating python/io/Makefile
[17.549s] config.status: creating python/Makefile
[17.568s] config.status: creating src/can/Makefile
[17.590s] config.status: creating src/co/Makefile
[17.614s] config.status: creating src/co/version.rc
[17.636s] config.status: creating src/coapp/Makefile
[17.656s] config.status: creating src/coapp/version.rc
[17.676s] config.status: creating src/ev/Makefile
[17.701s] config.status: creating src/ev/version.rc
[17.720s] config.status: creating src/io/Makefile
[17.741s] config.status: creating src/io2/Makefile
[17.761s] config.status: creating src/io2/version.rc
[17.782s] config.status: creating src/libc/Makefile
[17.806s] config.status: creating src/libc/version.rc
[17.825s] config.status: creating src/tap/Makefile
[17.845s] config.status: creating src/tap/version.rc
[17.865s] config.status: creating src/util/Makefile
[17.886s] config.status: creating src/util/version.rc
[17.909s] config.status: creating src/Makefile
[17.928s] config.status: creating tools/Makefile
[17.948s] config.status: creating tools/version.dcf2c.rc
[17.968s] config.status: creating test/co-nmt-master.dcf
[17.991s] config.status: creating test/Makefile
[18.013s] config.status: creating unit-tests/Makefile
[18.034s] config.status: creating exec-wrapper.sh
[18.048s] config.status: creating lcov-wrapper.sh
[18.063s] config.status: creating Makefile
[18.077s] config.status: creating config.h
[18.090s] config.status: executing depfiles commands
[19.425s] config.status: executing libtool commands
[19.508s] [ 75%] [34m[1mPerforming build step for 'upstr_lely_core_libraries'[0m
[19.525s] Making all in doc
[19.527s] Making all in include
[19.533s] Making all in src
[19.542s] Making all in libc
[19.547s]   CC       liblely_libc_la-clock.lo
[19.547s]   CC       liblely_libc_la-getopt.lo
[19.547s]   CC       liblely_libc_la-stdatomic.lo
[19.550s]   CC       liblely_libc_la-stdio.lo
[19.550s]   CC       liblely_libc_la-stdlib.lo
[19.550s]   CC       liblely_libc_la-string.lo
[19.550s]   CC       liblely_libc_la-strings.lo
[19.551s]   CC       liblely_libc_la-sleep.lo
[19.639s]   CC       liblely_libc_la-threads-pthread.lo
[19.639s]   CC       liblely_libc_la-time.lo
[19.701s]   CCLD     liblely-libc.la
[19.807s] Making all in tap
[19.812s]   CC       liblely_tap_la-tap.lo
[19.915s]   CCLD     liblely-tap.la
[20.035s] Making all in util
[20.040s]   CC       liblely_util_la-bimap.lo
[20.040s]   CC       liblely_util_la-mkjmp.lo
[20.041s]   CC       liblely_util_la-sllist.lo
[20.041s]   CC       liblely_util_la-spscring.lo
[20.042s]   CC       liblely_util_la-bits.lo
[20.045s]   CC       liblely_util_la-bitset.lo
[20.045s]   CC       liblely_util_la-cmp.lo
[20.045s]   CC       liblely_util_la-config.lo
[20.185s]   CC       liblely_util_la-config_ini.lo
[20.224s]   CC       liblely_util_la-daemon.lo
[20.250s]   CC       liblely_util_la-diag.lo
[20.259s]   CC       liblely_util_la-dllist.lo
[20.283s]   CC       liblely_util_la-endian.lo
[20.311s]   CC       liblely_util_la-errnum.lo
[20.339s]   CXX      liblely_util_la-exception.lo
[20.340s]   CC       liblely_util_la-fiber.lo
[20.467s]   CC       liblely_util_la-frbuf.lo
[20.467s]   CC       liblely_util_la-fwbuf.lo
[20.483s]   CC       liblely_util_la-lex.lo
[20.490s]   CC       liblely_util_la-membuf.lo
[20.533s]   CC       liblely_util_la-pheap.lo
[20.582s]   CC       liblely_util_la-print.lo
[20.605s]   CC       liblely_util_la-rbtree.lo
[20.691s]   CC       liblely_util_la-stop.lo
[20.699s]   CC       liblely_util_la-time.lo
[20.729s]   CC       liblely_util_la-ustring.lo
[21.028s]   CXXLD    liblely-util.la
[21.210s] Making all in can
[21.214s]   CC       liblely_can_la-buf.lo
[21.215s]   CC       liblely_can_la-msg.lo
[21.215s]   CC       liblely_can_la-net.lo
[21.216s]   CC       liblely_can_la-socket.lo
[21.446s]   CCLD     liblely-can.la
[21.582s] Making all in co
[21.587s]   CC       liblely_co_la-crc.lo
[21.587s]   CC       liblely_co_la-csdo.lo
[21.587s]   CC       liblely_co_la-dcf.lo
[21.588s]   CC       liblely_co_la-dev.lo
[21.593s]   CC       liblely_co_la-emcy.lo
[21.593s]   CC       liblely_co_la-gw.lo
[21.593s]   CC       liblely_co_la-gw_txt.lo
[21.593s]   CC       liblely_co_la-lss.lo
[21.699s]   CC       liblely_co_la-nmt.lo
[22.038s]   CC       liblely_co_la-nmt_boot.lo
[22.290s]   CC       liblely_co_la-nmt_cfg.lo
[22.330s]   CC       liblely_co_la-nmt_hb.lo
[22.468s]   CC       liblely_co_la-nmt_srv.lo
[22.541s]   CC       liblely_co_la-obj.lo
[22.632s]   CC       liblely_co_la-pdo.lo
[22.694s]   CC       liblely_co_la-rpdo.lo
[22.741s]   CC       liblely_co_la-sdev.lo
[22.773s]   CC       liblely_co_la-sdo.lo
[22.817s]   CC       liblely_co_la-ssdo.lo
[22.820s]   CC       liblely_co_la-sync.lo
[23.031s]   CC       liblely_co_la-time.lo
[23.079s]   CC       liblely_co_la-tpdo.lo
[23.127s]   CC       liblely_co_la-type.lo
[23.145s]   CC       liblely_co_la-val.lo
[23.156s]   CC       liblely_co_la-wtm.lo
[23.717s]   CCLD     liblely-co.la
[23.902s] Making all in io
[23.907s]   CC       liblely_io_la-addr.lo
[23.908s]   CC       liblely_io_la-attr.lo
[23.908s]   CC       liblely_io_la-can.lo
[23.908s]   CC       liblely_io_la-file.lo
[23.909s]   CC       liblely_io_la-handle.lo
[23.909s]   CC       liblely_io_la-if.lo
[23.913s]   CC       liblely_io_la-io.lo
[23.915s]   CC       liblely_io_la-pipe.lo
[24.090s]   CC       liblely_io_la-poll.lo
[24.098s]   CC       liblely_io_la-rtnl.lo
[24.103s]   CC       liblely_io_la-serial.lo
[24.105s]   CC       liblely_io_la-sock.lo
[24.538s]   CCLD     liblely-io.la
[24.698s] Making all in ev
[24.703s]   CC       liblely_ev_la-exec.lo
[24.703s]   CC       liblely_ev_la-fiber_exec.lo
[24.703s]   CC       liblely_ev_la-future.lo
[24.706s]   CC       liblely_ev_la-loop.lo
[24.706s]   CC       liblely_ev_la-poll.lo
[24.706s]   CC       liblely_ev_la-std_exec.lo
[24.706s]   CC       liblely_ev_la-strand.lo
[24.707s]   CC       liblely_ev_la-task.lo
[24.806s]   CC       liblely_ev_la-thrd_loop.lo
[25.117s]   CCLD     liblely-ev.la
[25.265s] Making all in io2
[25.278s]   CC       liblely_io2_la-can.lo
[25.278s]   CC       liblely_io2_la-can_net.lo
[25.279s]   CC       liblely_io2_la-can_rt.lo
[25.279s]   CC       liblely_io2_la-clock.lo
[25.281s]   CC       liblely_io2_la-ctx.lo
[25.282s]   CC       liblely_io2_la-dev.lo
[25.284s]   CC       liblely_io2_la-sigset.lo
[25.287s]   CC       liblely_io2_la-timer.lo
[25.389s]   CC       liblely_io2_la-tqueue.lo
[25.395s]   CC       liblely_io2_la-vcan.lo
[25.425s]   CC       can/liblely_io2_la-msg.lo
[25.438s]   CC       linux/liblely_io2_la-can_chan.lo
[25.449s]   CC       linux/liblely_io2_la-can_ctrl.lo
[25.484s]   CC       linux/liblely_io2_la-poll.lo
[25.556s]   CC       linux/liblely_io2_la-timer.lo
[25.760s]   CC       posix/liblely_io2_la-fd.lo
[25.768s]   CC       posix/liblely_io2_la-io.lo
[25.784s]   CC       posix/liblely_io2_la-sigset.lo
[25.812s]   CC       sys/liblely_io2_la-clock.lo
[25.875s]   CC       sys/liblely_io2_la-io.lo
[25.921s]   CC       user/liblely_io2_la-can.lo
[25.929s]   CC       user/liblely_io2_la-timer.lo
[26.308s]   CCLD     liblely-io2.la
[26.501s] Making all in coapp
[26.506s]   CXX      liblely_coapp_la-device.lo
[26.506s]   CXX      liblely_coapp_la-driver.lo
[26.506s]   CXX      liblely_coapp_la-fiber_driver.lo
[26.509s]   CXX      liblely_coapp_la-logical_driver.lo
[26.510s]   CXX      liblely_coapp_la-loop_driver.lo
[26.510s]   CXX      liblely_coapp_la-lss_master.lo
[26.510s]   CXX      liblely_coapp_la-master.lo
[26.510s]   CXX      liblely_coapp_la-node.lo
[27.634s]   CXX      liblely_coapp_la-sdo.lo
[27.962s]   CXX      liblely_coapp_la-sdo_error.lo
[28.622s]   CXX      liblely_coapp_la-slave.lo
[28.639s]   CXX      liblely_coapp_la-type_traits.lo
[32.968s]   CXXLD    liblely-coapp.la
[33.344s] Making all in python
[33.354s] Making all in dcf-tools
[33.360s] Making all in pkgconfig
[33.389s] [ 87%] [34m[1mNo install step for 'upstr_lely_core_libraries'[0m
[33.415s] [100%] [34m[1mCompleted 'upstr_lely_core_libraries'[0m
[33.448s] [100%] Built target upstr_lely_core_libraries
[33.462s] Invoked command in '/home/ub2004/ros2_ws/build/lely_core_libraries' returned '0': CMAKE_PREFIX_PATH=${CMAKE_PREFIX_PATH}:/home/ub2004/ros2_ws/install/canopen_utils:/home/ub2004/ros2_ws/install/agv_pak:/opt/ros/humble /usr/bin/cmake --build /home/ub2004/ros2_ws/build/lely_core_libraries -- -j8 -l8
[33.463s] Invoking command in '/home/ub2004/ros2_ws/build/lely_core_libraries': CMAKE_PREFIX_PATH=${CMAKE_PREFIX_PATH}:/home/ub2004/ros2_ws/install/canopen_utils:/home/ub2004/ros2_ws/install/agv_pak:/opt/ros/humble /usr/bin/cmake --install /home/ub2004/ros2_ws/build/lely_core_libraries
[33.474s] -- Install configuration: ""
[33.481s] Making install in doc
[33.483s] gmake[1]: 디렉터리 '/home/ub2004/ros2_ws/build/lely_core_libraries/build/doc' 들어감
[33.487s] gmake[2]: 디렉터리 '/home/ub2004/ros2_ws/build/lely_core_libraries/build/doc' 들어감
[33.487s] gmake[2]: 'install-exec-am'을(를) 위해 할 일이 없습니다.
[33.487s] gmake[2]: 'install-data-am'을(를) 위해 할 일이 없습니다.
[33.487s] gmake[2]: 디렉터리 '/home/ub2004/ros2_ws/build/lely_core_libraries/build/doc' 나감
[33.487s] gmake[1]: 디렉터리 '/home/ub2004/ros2_ws/build/lely_core_libraries/build/doc' 나감
[33.487s] Making install in include
[33.493s] gmake[1]: 디렉터리 '/home/ub2004/ros2_ws/build/lely_core_libraries/build/include' 들어감
[33.497s] gmake[2]: 디렉터리 '/home/ub2004/ros2_ws/build/lely_core_libraries/build/include' 들어감
[33.497s] gmake[2]: 'install-exec-am'을(를) 위해 할 일이 없습니다.
[33.502s]  /usr/bin/mkdir -p '/home/ub2004/ros2_ws/install/lely_core_libraries/include'
[33.510s]  /usr/bin/mkdir -p '/home/ub2004/ros2_ws/install/lely_core_libraries/include/lely/co'
[33.511s]  /usr/bin/install -c -m 644  /home/ub2004/ros2_ws/build/lely_core_libraries/upstream/include/lely/co/co.h /home/ub2004/ros2_ws/build/lely_core_libraries/upstream/include/lely/co/crc.h /home/ub2004/ros2_ws/build/lely_core_libraries/upstream/include/lely/co/csdo.h /home/ub2004/ros2_ws/build/lely_core_libraries/upstream/include/lely/co/csdo.hpp /home/ub2004/ros2_ws/build/lely_core_libraries/upstream/include/lely/co/dcf.h /home/ub2004/ros2_ws/build/lely_core_libraries/upstream/include/lely/co/dcf.hpp /home/ub2004/ros2_ws/build/lely_core_libraries/upstream/include/lely/co/dev.h /home/ub2004/ros2_ws/build/lely_core_libraries/upstream/include/lely/co/dev.hpp /home/ub2004/ros2_ws/build/lely_core_libraries/upstream/include/lely/co/emcy.h /home/ub2004/ros2_ws/build/lely_core_libraries/upstream/include/lely/co/emcy.hpp /home/ub2004/ros2_ws/build/lely_core_libraries/upstream/include/lely/co/gw.h /home/ub2004/ros2_ws/build/lely_core_libraries/upstream/include/lely/co/gw.hpp /home/ub2004/ros2_ws/build/lely_core_libraries/upstream/include/lely/co/gw_txt.h /home/ub2004/ros2_ws/build/lely_core_libraries/upstream/include/lely/co/gw_txt.hpp /home/ub2004/ros2_ws/build/lely_core_libraries/upstream/include/lely/co/lss.h /home/ub2004/ros2_ws/build/lely_core_libraries/upstream/include/lely/co/lss.hpp /home/ub2004/ros2_ws/build/lely_core_libraries/upstream/include/lely/co/nmt.h /home/ub2004/ros2_ws/build/lely_core_libraries/upstream/include/lely/co/nmt.hpp /home/ub2004/ros2_ws/build/lely_core_libraries/upstream/include/lely/co/obj.h /home/ub2004/ros2_ws/build/lely_core_libraries/upstream/include/lely/co/obj.hpp /home/ub2004/ros2_ws/build/lely_core_libraries/upstream/include/lely/co/pdo.h /home/ub2004/ros2_ws/build/lely_core_libraries/upstream/include/lely/co/rpdo.h /home/ub2004/ros2_ws/build/lely_core_libraries/upstream/include/lely/co/rpdo.hpp /home/ub2004/ros2_ws/build/lely_core_libraries/upstream/include/lely/co/sdev.h /home/ub2004/ros2_ws/build/lely_core_libraries/upstream/include/lely/co/sdev.hpp /home/ub2004/ros2_ws/build/lely_core_libraries/upstream/include/lely/co/sdo.h /home/ub2004/ros2_ws/build/lely_core_libraries/upstream/include/lely/co/ssdo.h /home/ub2004/ros2_ws/build/lely_core_libraries/upstream/include/lely/co/ssdo.hpp /home/ub2004/ros2_ws/build/lely_core_libraries/upstream/include/lely/co/sync.h /home/ub2004/ros2_ws/build/lely_core_libraries/upstream/include/lely/co/sync.hpp /home/ub2004/ros2_ws/build/lely_core_libraries/upstream/include/lely/co/time.h /home/ub2004/ros2_ws/build/lely_core_libraries/upstream/include/lely/co/time.hpp /home/ub2004/ros2_ws/build/lely_core_libraries/upstream/include/lely/co/tpdo.h /home/ub2004/ros2_ws/build/lely_core_libraries/upstream/include/lely/co/tpdo.hpp /home/ub2004/ros2_ws/build/lely_core_libraries/upstream/include/lely/co/type.h /home/ub2004/ros2_ws/build/lely_core_libraries/upstream/include/lely/co/type.hpp /home/ub2004/ros2_ws/build/lely_core_libraries/upstream/include/lely/co/val.h /home/ub2004/ros2_ws/build/lely_core_libraries/upstream/include/lely/co/val.hpp /home/ub2004/ros2_ws/build/lely_core_libraries/upstream/include/lely/co/wtm.h /home/ub2004/ros2_ws/build/lely_core_libraries/upstream/include/lely/co/wtm.hpp '/home/ub2004/ros2_ws/install/lely_core_libraries/include/lely/co'
[33.515s]  /usr/bin/mkdir -p '/home/ub2004/ros2_ws/install/lely_core_libraries/include/lely/io2/posix'
[33.516s]  /usr/bin/install -c -m 644  /home/ub2004/ros2_ws/build/lely_core_libraries/upstream/include/lely/io2/posix/poll.h /home/ub2004/ros2_ws/build/lely_core_libraries/upstream/include/lely/io2/posix/poll.hpp '/home/ub2004/ros2_ws/install/lely_core_libraries/include/lely/io2/posix'
[33.518s]  /usr/bin/mkdir -p '/home/ub2004/ros2_ws/install/lely_core_libraries/include/lely/can'
[33.520s]  /usr/bin/install -c -m 644  /home/ub2004/ros2_ws/build/lely_core_libraries/upstream/include/lely/can/buf.h /home/ub2004/ros2_ws/build/lely_core_libraries/upstream/include/lely/can/buf.hpp /home/ub2004/ros2_ws/build/lely_core_libraries/upstream/include/lely/can/err.h /home/ub2004/ros2_ws/build/lely_core_libraries/upstream/include/lely/can/msg.h /home/ub2004/ros2_ws/build/lely_core_libraries/upstream/include/lely/can/net.h /home/ub2004/ros2_ws/build/lely_core_libraries/upstream/include/lely/can/net.hpp /home/ub2004/ros2_ws/build/lely_core_libraries/upstream/include/lely/can/socket.h '/home/ub2004/ros2_ws/install/lely_core_libraries/include/lely/can'
[33.522s]  /usr/bin/mkdir -p '/home/ub2004/ros2_ws/install/lely_core_libraries/include/lely/ev'
[33.524s]  /usr/bin/install -c -m 644  /home/ub2004/ros2_ws/build/lely_core_libraries/upstream/include/lely/ev/co_task.hpp /home/ub2004/ros2_ws/build/lely_core_libraries/upstream/include/lely/ev/ev.h /home/ub2004/ros2_ws/build/lely_core_libraries/upstream/include/lely/ev/exec.h /home/ub2004/ros2_ws/build/lely_core_libraries/upstream/include/lely/ev/exec.hpp /home/ub2004/ros2_ws/build/lely_core_libraries/upstream/include/lely/ev/fiber_exec.h /home/ub2004/ros2_ws/build/lely_core_libraries/upstream/include/lely/ev/fiber_exec.hpp /home/ub2004/ros2_ws/build/lely_core_libraries/upstream/include/lely/ev/future.h /home/ub2004/ros2_ws/build/lely_core_libraries/upstream/include/lely/ev/future.hpp /home/ub2004/ros2_ws/build/lely_core_libraries/upstream/include/lely/ev/loop.h /home/ub2004/ros2_ws/build/lely_core_libraries/upstream/include/lely/ev/loop.hpp /home/ub2004/ros2_ws/build/lely_core_libraries/upstream/include/lely/ev/poll.h /home/ub2004/ros2_ws/build/lely_core_libraries/upstream/include/lely/ev/poll.hpp /home/ub2004/ros2_ws/build/lely_core_libraries/upstream/include/lely/ev/std_exec.h /home/ub2004/ros2_ws/build/lely_core_libraries/upstream/include/lely/ev/strand.h /home/ub2004/ros2_ws/build/lely_core_libraries/upstream/include/lely/ev/strand.hpp /home/ub2004/ros2_ws/build/lely_core_libraries/upstream/include/lely/ev/task.h /home/ub2004/ros2_ws/build/lely_core_libraries/upstream/include/lely/ev/task.hpp /home/ub2004/ros2_ws/build/lely_core_libraries/upstream/include/lely/ev/thrd_loop.h /home/ub2004/ros2_ws/build/lely_core_libraries/upstream/include/lely/ev/thrd_loop.hpp '/home/ub2004/ros2_ws/install/lely_core_libraries/include/lely/ev'
[33.526s]  /usr/bin/mkdir -p '/home/ub2004/ros2_ws/install/lely_core_libraries/include/lely/co/def'
[33.528s]  /usr/bin/install -c -m 644  /home/ub2004/ros2_ws/build/lely_core_libraries/upstream/include/lely/co/def/array.def /home/ub2004/ros2_ws/build/lely_core_libraries/upstream/include/lely/co/def/basic.def /home/ub2004/ros2_ws/build/lely_core_libraries/upstream/include/lely/co/def/cxx.def /home/ub2004/ros2_ws/build/lely_core_libraries/upstream/include/lely/co/def/time.def /home/ub2004/ros2_ws/build/lely_core_libraries/upstream/include/lely/co/def/type.def '/home/ub2004/ros2_ws/install/lely_core_libraries/include/lely/co/def'
[33.530s]  /usr/bin/mkdir -p '/home/ub2004/ros2_ws/install/lely_core_libraries/include/lely'
[33.531s]  /usr/bin/install -c -m 644  /home/ub2004/ros2_ws/build/lely_core_libraries/upstream/include/lely/features.h '/home/ub2004/ros2_ws/install/lely_core_libraries/include/lely'
[33.533s]  /usr/bin/mkdir -p '/home/ub2004/ros2_ws/install/lely_core_libraries/include/lely/io'
[33.535s]  /usr/bin/install -c -m 644  /home/ub2004/ros2_ws/build/lely_core_libraries/upstream/include/lely/io/addr.h /home/ub2004/ros2_ws/build/lely_core_libraries/upstream/include/lely/io/attr.h /home/ub2004/ros2_ws/build/lely_core_libraries/upstream/include/lely/io/can.h /home/ub2004/ros2_ws/build/lely_core_libraries/upstream/include/lely/io/can.hpp /home/ub2004/ros2_ws/build/lely_core_libraries/upstream/include/lely/io/file.h /home/ub2004/ros2_ws/build/lely_core_libraries/upstream/include/lely/io/file.hpp /home/ub2004/ros2_ws/build/lely_core_libraries/upstream/include/lely/io/if.h /home/ub2004/ros2_ws/build/lely_core_libraries/upstream/include/lely/io/io.h /home/ub2004/ros2_ws/build/lely_core_libraries/upstream/include/lely/io/io.hpp /home/ub2004/ros2_ws/build/lely_core_libraries/upstream/include/lely/io/pipe.h /home/ub2004/ros2_ws/build/lely_core_libraries/upstream/include/lely/io/pipe.hpp /home/ub2004/ros2_ws/build/lely_core_libraries/upstream/include/lely/io/poll.h /home/ub2004/ros2_ws/build/lely_core_libraries/upstream/include/lely/io/poll.hpp /home/ub2004/ros2_ws/build/lely_core_libraries/upstream/include/lely/io/serial.h /home/ub2004/ros2_ws/build/lely_core_libraries/upstream/include/lely/io/serial.hpp /home/ub2004/ros2_ws/build/lely_core_libraries/upstream/include/lely/io/sock.h /home/ub2004/ros2_ws/build/lely_core_libraries/upstream/include/lely/io/sock.hpp '/home/ub2004/ros2_ws/install/lely_core_libraries/include/lely/io'
[33.537s]  /usr/bin/mkdir -p '/home/ub2004/ros2_ws/install/lely_core_libraries/include/lely/util/def'
[33.539s]  /usr/bin/install -c -m 644  /home/ub2004/ros2_ws/build/lely_core_libraries/upstream/include/lely/util/def/type.def '/home/ub2004/ros2_ws/install/lely_core_libraries/include/lely/util/def'
[33.540s]  /usr/bin/mkdir -p '/home/ub2004/ros2_ws/install/lely_core_libraries/include/lely/co/detail'
[33.542s]  /usr/bin/install -c -m 644  /home/ub2004/ros2_ws/build/lely_core_libraries/upstream/include/lely/co/detail/dev.h /home/ub2004/ros2_ws/build/lely_core_libraries/upstream/include/lely/co/detail/obj.h '/home/ub2004/ros2_ws/install/lely_core_libraries/include/lely/co/detail'
[33.544s]  /usr/bin/mkdir -p '/home/ub2004/ros2_ws/install/lely_core_libraries/include/lely/io2/can'
[33.545s]  /usr/bin/install -c -m 644  /home/ub2004/ros2_ws/build/lely_core_libraries/upstream/include/lely/io2/can/err.h /home/ub2004/ros2_ws/build/lely_core_libraries/upstream/include/lely/io2/can/err.hpp /home/ub2004/ros2_ws/build/lely_core_libraries/upstream/include/lely/io2/can/msg.h /home/ub2004/ros2_ws/build/lely_core_libraries/upstream/include/lely/io2/can/msg.hpp '/home/ub2004/ros2_ws/install/lely_core_libraries/include/lely/io2/can'
[33.547s]  /usr/bin/mkdir -p '/home/ub2004/ros2_ws/install/lely_core_libraries/include/lely/coapp'
[33.549s]  /usr/bin/install -c -m 644  /home/ub2004/ros2_ws/build/lely_core_libraries/upstream/include/lely/coapp/type_traits.hpp /home/ub2004/ros2_ws/build/lely_core_libraries/upstream/include/lely/coapp/device.hpp /home/ub2004/ros2_ws/build/lely_core_libraries/upstream/include/lely/coapp/driver.hpp /home/ub2004/ros2_ws/build/lely_core_libraries/upstream/include/lely/coapp/fiber_driver.hpp /home/ub2004/ros2_ws/build/lely_core_libraries/upstream/include/lely/coapp/logical_driver.hpp /home/ub2004/ros2_ws/build/lely_core_libraries/upstream/include/lely/coapp/loop_driver.hpp /home/ub2004/ros2_ws/build/lely_core_libraries/upstream/include/lely/coapp/lss_master.hpp /home/ub2004/ros2_ws/build/lely_core_libraries/upstream/include/lely/coapp/master.hpp /home/ub2004/ros2_ws/build/lely_core_libraries/upstream/include/lely/coapp/node.hpp /home/ub2004/ros2_ws/build/lely_core_libraries/upstream/include/lely/coapp/sdo.hpp /home/ub2004/ros2_ws/build/lely_core_libraries/upstream/include/lely/coapp/sdo_error.hpp /home/ub2004/ros2_ws/build/lely_core_libraries/upstream/include/lely/coapp/slave.hpp '/home/ub2004/ros2_ws/install/lely_core_libraries/include/lely/coapp'
[33.553s]  /usr/bin/mkdir -p '/home/ub2004/ros2_ws/install/lely_core_libraries/include/lely/io2'
[33.555s]  /usr/bin/install -c -m 644  /home/ub2004/ros2_ws/build/lely_core_libraries/upstream/include/lely/io2/can.h /home/ub2004/ros2_ws/build/lely_core_libraries/upstream/include/lely/io2/can.hpp /home/ub2004/ros2_ws/build/lely_core_libraries/upstream/include/lely/io2/can_net.h /home/ub2004/ros2_ws/build/lely_core_libraries/upstream/include/lely/io2/can_net.hpp /home/ub2004/ros2_ws/build/lely_core_libraries/upstream/include/lely/io2/can_rt.h /home/ub2004/ros2_ws/build/lely_core_libraries/upstream/include/lely/io2/can_rt.hpp /home/ub2004/ros2_ws/build/lely_core_libraries/upstream/include/lely/io2/clock.h /home/ub2004/ros2_ws/build/lely_core_libraries/upstream/include/lely/io2/clock.hpp /home/ub2004/ros2_ws/build/lely_core_libraries/upstream/include/lely/io2/co_can.hpp /home/ub2004/ros2_ws/build/lely_core_libraries/upstream/include/lely/io2/co_can_rt.hpp /home/ub2004/ros2_ws/build/lely_core_libraries/upstream/include/lely/io2/co_sigset.hpp /home/ub2004/ros2_ws/build/lely_core_libraries/upstream/include/lely/io2/co_timer.hpp /home/ub2004/ros2_ws/build/lely_core_libraries/upstream/include/lely/io2/co_tqueue.hpp /home/ub2004/ros2_ws/build/lely_core_libraries/upstream/include/lely/io2/ctx.h /home/ub2004/ros2_ws/build/lely_core_libraries/upstream/include/lely/io2/ctx.hpp /home/ub2004/ros2_ws/build/lely_core_libraries/upstream/include/lely/io2/dev.h /home/ub2004/ros2_ws/build/lely_core_libraries/upstream/include/lely/io2/dev.hpp /home/ub2004/ros2_ws/build/lely_core_libraries/upstream/include/lely/io2/event.h /home/ub2004/ros2_ws/build/lely_core_libraries/upstream/include/lely/io2/event.hpp /home/ub2004/ros2_ws/build/lely_core_libraries/upstream/include/lely/io2/io2.h /home/ub2004/ros2_ws/build/lely_core_libraries/upstream/include/lely/io2/sigset.h /home/ub2004/ros2_ws/build/lely_core_libraries/upstream/include/lely/io2/sigset.hpp /home/ub2004/ros2_ws/build/lely_core_libraries/upstream/include/lely/io2/timer.h /home/ub2004/ros2_ws/build/lely_core_libraries/upstream/include/lely/io2/timer.hpp /home/ub2004/ros2_ws/build/lely_core_libraries/upstream/include/lely/io2/tqueue.h /home/ub2004/ros2_ws/build/lely_core_libraries/upstream/include/lely/io2/tqueue.hpp /home/ub2004/ros2_ws/build/lely_core_libraries/upstream/include/lely/io2/vcan.h /home/ub2004/ros2_ws/build/lely_core_libraries/upstream/include/lely/io2/vcan.hpp '/home/ub2004/ros2_ws/install/lely_core_libraries/include/lely/io2'
[33.559s]  /usr/bin/mkdir -p '/home/ub2004/ros2_ws/install/lely_core_libraries/include/lely/io2/linux'
[33.560s]  /usr/bin/install -c -m 644  /home/ub2004/ros2_ws/build/lely_core_libraries/upstream/include/lely/io2/linux/can.h /home/ub2004/ros2_ws/build/lely_core_libraries/upstream/include/lely/io2/linux/can.hpp '/home/ub2004/ros2_ws/install/lely_core_libraries/include/lely/io2/linux'
[33.562s]  /usr/bin/mkdir -p '/home/ub2004/ros2_ws/install/lely_core_libraries/include/lely/libc/sys'
[33.564s]  /usr/bin/install -c -m 644  /home/ub2004/ros2_ws/build/lely_core_libraries/upstream/include/lely/libc/sys/types.h '/home/ub2004/ros2_ws/install/lely_core_libraries/include/lely/libc/sys'
[33.566s]  /usr/bin/mkdir -p '/home/ub2004/ros2_ws/install/lely_core_libraries/include/lely/io2/user'
[33.569s]  /usr/bin/install -c -m 644  /home/ub2004/ros2_ws/build/lely_core_libraries/upstream/include/lely/io2/user/can.h /home/ub2004/ros2_ws/build/lely_core_libraries/upstream/include/lely/io2/user/can.hpp /home/ub2004/ros2_ws/build/lely_core_libraries/upstream/include/lely/io2/user/timer.h /home/ub2004/ros2_ws/build/lely_core_libraries/upstream/include/lely/io2/user/timer.hpp '/home/ub2004/ros2_ws/install/lely_core_libraries/include/lely/io2/user'
[33.572s]  /usr/bin/mkdir -p '/home/ub2004/ros2_ws/install/lely_core_libraries/include/lely/io2/sys'
[33.574s]  /usr/bin/install -c -m 644  /home/ub2004/ros2_ws/build/lely_core_libraries/upstream/include/lely/io2/sys/clock.h /home/ub2004/ros2_ws/build/lely_core_libraries/upstream/include/lely/io2/sys/clock.hpp /home/ub2004/ros2_ws/build/lely_core_libraries/upstream/include/lely/io2/sys/io.h /home/ub2004/ros2_ws/build/lely_core_libraries/upstream/include/lely/io2/sys/io.hpp /home/ub2004/ros2_ws/build/lely_core_libraries/upstream/include/lely/io2/sys/sigset.h /home/ub2004/ros2_ws/build/lely_core_libraries/upstream/include/lely/io2/sys/sigset.hpp /home/ub2004/ros2_ws/build/lely_core_libraries/upstream/include/lely/io2/sys/timer.h /home/ub2004/ros2_ws/build/lely_core_libraries/upstream/include/lely/io2/sys/timer.hpp '/home/ub2004/ros2_ws/install/lely_core_libraries/include/lely/io2/sys'
[33.576s]  /usr/bin/mkdir -p '/home/ub2004/ros2_ws/install/lely_core_libraries/include/lely/tap'
[33.578s]  /usr/bin/install -c -m 644  /home/ub2004/ros2_ws/build/lely_core_libraries/upstream/include/lely/tap/tap.h '/home/ub2004/ros2_ws/install/lely_core_libraries/include/lely/tap'
[33.581s]  /usr/bin/mkdir -p '/home/ub2004/ros2_ws/install/lely_core_libraries/include/lely/util'
[33.582s]  /usr/bin/install -c -m 644  /home/ub2004/ros2_ws/build/lely_core_libraries/upstream/include/lely/util/bimap.h /home/ub2004/ros2_ws/build/lely_core_libraries/upstream/include/lely/util/coroutine.h /home/ub2004/ros2_ws/build/lely_core_libraries/upstream/include/lely/util/coroutine.hpp /home/ub2004/ros2_ws/build/lely_core_libraries/upstream/include/lely/util/mkjmp.h /home/ub2004/ros2_ws/build/lely_core_libraries/upstream/include/lely/util/sllist.h /home/ub2004/ros2_ws/build/lely_core_libraries/upstream/include/lely/util/spscring.h /home/ub2004/ros2_ws/build/lely_core_libraries/upstream/include/lely/util/bits.h /home/ub2004/ros2_ws/build/lely_core_libraries/upstream/include/lely/util/bitset.h /home/ub2004/ros2_ws/build/lely_core_libraries/upstream/include/lely/util/c_call.hpp /home/ub2004/ros2_ws/build/lely_core_libraries/upstream/include/lely/util/c_type.hpp /home/ub2004/ros2_ws/build/lely_core_libraries/upstream/include/lely/util/chrono.hpp /home/ub2004/ros2_ws/build/lely_core_libraries/upstream/include/lely/util/cmp.h /home/ub2004/ros2_ws/build/lely_core_libraries/upstream/include/lely/util/config.h /home/ub2004/ros2_ws/build/lely_core_libraries/upstream/include/lely/util/daemon.h /home/ub2004/ros2_ws/build/lely_core_libraries/upstream/include/lely/util/diag.h /home/ub2004/ros2_ws/build/lely_core_libraries/upstream/include/lely/util/dllist.h /home/ub2004/ros2_ws/build/lely_core_libraries/upstream/include/lely/util/endian.h /home/ub2004/ros2_ws/build/lely_core_libraries/upstream/include/lely/util/errnum.h /home/ub2004/ros2_ws/build/lely_core_libraries/upstream/include/lely/util/error.hpp /home/ub2004/ros2_ws/build/lely_core_libraries/upstream/include/lely/util/exception.hpp /home/ub2004/ros2_ws/build/lely_core_libraries/upstream/include/lely/util/fiber.h /home/ub2004/ros2_ws/build/lely_core_libraries/upstream/include/lely/util/fiber.hpp /home/ub2004/ros2_ws/build/lely_core_libraries/upstream/include/lely/util/float.h /home/ub2004/ros2_ws/build/lely_core_libraries/upstream/include/lely/util/frbuf.h /home/ub2004/ros2_ws/build/lely_core_libraries/upstream/include/lely/util/fwbuf.h /home/ub2004/ros2_ws/build/lely_core_libraries/upstream/include/lely/util/invoker.hpp /home/ub2004/ros2_ws/build/lely_core_libraries/upstream/include/lely/util/lex.h /home/ub2004/ros2_ws/build/lely_core_libraries/upstream/include/lely/util/membuf.h /home/ub2004/ros2_ws/build/lely_core_libraries/upstream/include/lely/util/mutex.hpp /home/ub2004/ros2_ws/build/lely_core_libraries/upstream/include/lely/util/pheap.h /home/ub2004/ros2_ws/build/lely_core_libraries/upstream/include/lely/util/print.h /home/ub2004/ros2_ws/build/lely_core_libraries/upstream/include/lely/util/rbtree.h /home/ub2004/ros2_ws/build/lely_core_libraries/upstream/include/lely/util/result.hpp /home/ub2004/ros2_ws/build/lely_core_libraries/upstream/include/lely/util/stop.h /home/ub2004/ros2_ws/build/lely_core_libraries/upstream/include/lely/util/stop.hpp /home/ub2004/ros2_ws/build/lely_core_libraries/upstream/include/lely/util/time.h /home/ub2004/ros2_ws/build/lely_core_libraries/upstream/include/lely/util/ustring.h /home/ub2004/ros2_ws/build/lely_core_libraries/upstream/include/lely/util/util.h '/home/ub2004/ros2_ws/install/lely_core_libraries/include/lely/util'
[33.586s]  /usr/bin/mkdir -p '/home/ub2004/ros2_ws/install/lely_core_libraries/include/lely/libc'
[33.588s]  /usr/bin/install -c -m 644  /home/ub2004/ros2_ws/build/lely_core_libraries/upstream/include/lely/libc/chrono.hpp /home/ub2004/ros2_ws/build/lely_core_libraries/upstream/include/lely/libc/functional.hpp /home/ub2004/ros2_ws/build/lely_core_libraries/upstream/include/lely/libc/stdatomic.h /home/ub2004/ros2_ws/build/lely_core_libraries/upstream/include/lely/libc/stddef.h /home/ub2004/ros2_ws/build/lely_core_libraries/upstream/include/lely/libc/stdint.h /home/ub2004/ros2_ws/build/lely_core_libraries/upstream/include/lely/libc/stdio.h /home/ub2004/ros2_ws/build/lely_core_libraries/upstream/include/lely/libc/stdlib.h /home/ub2004/ros2_ws/build/lely_core_libraries/upstream/include/lely/libc/string.h /home/ub2004/ros2_ws/build/lely_core_libraries/upstream/include/lely/libc/strings.h /home/ub2004/ros2_ws/build/lely_core_libraries/upstream/include/lely/libc/threads.h /home/ub2004/ros2_ws/build/lely_core_libraries/upstream/include/lely/libc/time.h /home/ub2004/ros2_ws/build/lely_core_libraries/upstream/include/lely/libc/type_traits.hpp /home/ub2004/ros2_ws/build/lely_core_libraries/upstream/include/lely/libc/uchar.h /home/ub2004/ros2_ws/build/lely_core_libraries/upstream/include/lely/libc/unistd.h /home/ub2004/ros2_ws/build/lely_core_libraries/upstream/include/lely/libc/utility.hpp '/home/ub2004/ros2_ws/install/lely_core_libraries/include/lely/libc'
[33.590s] gmake[2]: 디렉터리 '/home/ub2004/ros2_ws/build/lely_core_libraries/build/include' 나감
[33.591s] gmake[1]: 디렉터리 '/home/ub2004/ros2_ws/build/lely_core_libraries/build/include' 나감
[33.591s] Making install in src
[33.594s] gmake[1]: 디렉터리 '/home/ub2004/ros2_ws/build/lely_core_libraries/build/src' 들어감
[33.598s] Making install in libc
[33.606s] gmake[2]: 디렉터리 '/home/ub2004/ros2_ws/build/lely_core_libraries/build/src/libc' 들어감
[33.615s] gmake[3]: 디렉터리 '/home/ub2004/ros2_ws/build/lely_core_libraries/build/src/libc' 들어감
[33.617s]  /usr/bin/mkdir -p '/home/ub2004/ros2_ws/install/lely_core_libraries/lib'
[33.618s]  /bin/bash ../../libtool   --mode=install /usr/bin/install -c   liblely-libc.la '/home/ub2004/ros2_ws/install/lely_core_libraries/lib'
[33.637s] libtool: install: /usr/bin/install -c .libs/liblely-libc.so.2.4.0 /home/ub2004/ros2_ws/install/lely_core_libraries/lib/liblely-libc.so.2.4.0
[33.639s] libtool: install: (cd /home/ub2004/ros2_ws/install/lely_core_libraries/lib && { ln -s -f liblely-libc.so.2.4.0 liblely-libc.so.2 || { rm -f liblely-libc.so.2 && ln -s liblely-libc.so.2.4.0 liblely-libc.so.2; }; })
[33.641s] libtool: install: (cd /home/ub2004/ros2_ws/install/lely_core_libraries/lib && { ln -s -f liblely-libc.so.2.4.0 liblely-libc.so || { rm -f liblely-libc.so && ln -s liblely-libc.so.2.4.0 liblely-libc.so; }; })
[33.643s] libtool: install: /usr/bin/install -c .libs/liblely-libc.lai /home/ub2004/ros2_ws/install/lely_core_libraries/lib/liblely-libc.la
[33.676s] libtool: finish: PATH="/home/ub2004/ros2_ws/install/lely_core_libraries/bin:/opt/ros/humble/bin:/usr/local/sbin:/usr/local/bin:/usr/sbin:/usr/bin:/sbin:/bin:/usr/games:/usr/local/games:/snap/bin:/snap/bin:/sbin" ldconfig -n /home/ub2004/ros2_ws/install/lely_core_libraries/lib
[33.678s] ----------------------------------------------------------------------
[33.678s] Libraries have been installed in:
[33.678s]    /home/ub2004/ros2_ws/install/lely_core_libraries/lib
[33.678s] 
[33.678s] If you ever happen to want to link against installed libraries
[33.679s] in a given directory, LIBDIR, you must either use libtool, and
[33.679s] specify the full pathname of the library, or use the '-LLIBDIR'
[33.679s] flag during linking and do at least one of the following:
[33.679s]    - add LIBDIR to the 'LD_LIBRARY_PATH' environment variable
[33.679s]      during execution
[33.679s]    - add LIBDIR to the 'LD_RUN_PATH' environment variable
[33.679s]      during linking
[33.679s]    - use the '-Wl,-rpath -Wl,LIBDIR' linker flag
[33.679s]    - have your system administrator add LIBDIR to '/etc/ld.so.conf'
[33.679s] 
[33.679s] See any operating system documentation about shared libraries for
[33.679s] more information, such as the ld(1) and ld.so(8) manual pages.
[33.679s] ----------------------------------------------------------------------
[33.683s] gmake[3]: 디렉터리 '/home/ub2004/ros2_ws/build/lely_core_libraries/build/src/libc' 나감
[33.683s] gmake[2]: 디렉터리 '/home/ub2004/ros2_ws/build/lely_core_libraries/build/src/libc' 나감
[33.683s] Making install in tap
[33.689s] gmake[2]: 디렉터리 '/home/ub2004/ros2_ws/build/lely_core_libraries/build/src/tap' 들어감
[33.696s] gmake[3]: 디렉터리 '/home/ub2004/ros2_ws/build/lely_core_libraries/build/src/tap' 들어감
[33.698s]  /usr/bin/mkdir -p '/home/ub2004/ros2_ws/install/lely_core_libraries/lib'
[33.699s]  /bin/bash ../../libtool   --mode=install /usr/bin/install -c   liblely-tap.la '/home/ub2004/ros2_ws/install/lely_core_libraries/lib'
[33.726s] libtool: warning: relinking 'liblely-tap.la'
[33.728s] libtool: install: (cd /home/ub2004/ros2_ws/build/lely_core_libraries/build/src/tap; /bin/bash "/home/ub2004/ros2_ws/build/lely_core_libraries/build/libtool"  --silent --tag CC --mode=relink gcc -Wall -Wextra -pedantic -Werror -Wno-static-in-inline -pthread -g -O2 -no-undefined -version-number 2:4:0 -Wl,--as-needed -o liblely-tap.la -rpath /home/ub2004/ros2_ws/install/lely_core_libraries/lib liblely_tap_la-tap.lo ../../src/libc/liblely-libc.la -lpthread )
[33.829s] libtool: install: /usr/bin/install -c .libs/liblely-tap.so.2.4.0T /home/ub2004/ros2_ws/install/lely_core_libraries/lib/liblely-tap.so.2.4.0
[33.831s] libtool: install: (cd /home/ub2004/ros2_ws/install/lely_core_libraries/lib && { ln -s -f liblely-tap.so.2.4.0 liblely-tap.so.2 || { rm -f liblely-tap.so.2 && ln -s liblely-tap.so.2.4.0 liblely-tap.so.2; }; })
[33.833s] libtool: install: (cd /home/ub2004/ros2_ws/install/lely_core_libraries/lib && { ln -s -f liblely-tap.so.2.4.0 liblely-tap.so || { rm -f liblely-tap.so && ln -s liblely-tap.so.2.4.0 liblely-tap.so; }; })
[33.835s] libtool: install: /usr/bin/install -c .libs/liblely-tap.lai /home/ub2004/ros2_ws/install/lely_core_libraries/lib/liblely-tap.la
[33.864s] libtool: finish: PATH="/home/ub2004/ros2_ws/install/lely_core_libraries/bin:/opt/ros/humble/bin:/usr/local/sbin:/usr/local/bin:/usr/sbin:/usr/bin:/sbin:/bin:/usr/games:/usr/local/games:/snap/bin:/snap/bin:/sbin" ldconfig -n /home/ub2004/ros2_ws/install/lely_core_libraries/lib
[33.866s] ----------------------------------------------------------------------
[33.867s] Libraries have been installed in:
[33.867s]    /home/ub2004/ros2_ws/install/lely_core_libraries/lib
[33.867s] 
[33.867s] If you ever happen to want to link against installed libraries
[33.867s] in a given directory, LIBDIR, you must either use libtool, and
[33.867s] specify the full pathname of the library, or use the '-LLIBDIR'
[33.867s] flag during linking and do at least one of the following:
[33.867s]    - add LIBDIR to the 'LD_LIBRARY_PATH' environment variable
[33.867s]      during execution
[33.867s]    - add LIBDIR to the 'LD_RUN_PATH' environment variable
[33.867s]      during linking
[33.867s]    - use the '-Wl,-rpath -Wl,LIBDIR' linker flag
[33.867s]    - have your system administrator add LIBDIR to '/etc/ld.so.conf'
[33.867s] 
[33.867s] See any operating system documentation about shared libraries for
[33.868s] more information, such as the ld(1) and ld.so(8) manual pages.
[33.868s] ----------------------------------------------------------------------
[33.871s] gmake[3]: 디렉터리 '/home/ub2004/ros2_ws/build/lely_core_libraries/build/src/tap' 나감
[33.871s] gmake[2]: 디렉터리 '/home/ub2004/ros2_ws/build/lely_core_libraries/build/src/tap' 나감
[33.872s] Making install in util
[33.897s] gmake[2]: 디렉터리 '/home/ub2004/ros2_ws/build/lely_core_libraries/build/src/util' 들어감
[33.921s] gmake[3]: 디렉터리 '/home/ub2004/ros2_ws/build/lely_core_libraries/build/src/util' 들어감
[33.922s]  /usr/bin/mkdir -p '/home/ub2004/ros2_ws/install/lely_core_libraries/lib'
[33.924s]  /bin/bash ../../libtool   --mode=install /usr/bin/install -c   liblely-util.la '/home/ub2004/ros2_ws/install/lely_core_libraries/lib'
[33.949s] libtool: warning: relinking 'liblely-util.la'
[33.953s] libtool: install: (cd /home/ub2004/ros2_ws/build/lely_core_libraries/build/src/util; /bin/bash "/home/ub2004/ros2_ws/build/lely_core_libraries/build/libtool"  --silent --tag CXX --mode=relink g++ -std=gnu++11 -Wall -Wextra -pedantic -Werror -g -O2 -no-undefined -version-number 2:4:0 -Wl,--as-needed -o liblely-util.la -rpath /home/ub2004/ros2_ws/install/lely_core_libraries/lib liblely_util_la-bimap.lo liblely_util_la-mkjmp.lo liblely_util_la-sllist.lo liblely_util_la-spscring.lo liblely_util_la-bits.lo liblely_util_la-bitset.lo liblely_util_la-cmp.lo liblely_util_la-config.lo liblely_util_la-config_ini.lo liblely_util_la-daemon.lo liblely_util_la-diag.lo liblely_util_la-dllist.lo liblely_util_la-endian.lo liblely_util_la-errnum.lo liblely_util_la-exception.lo liblely_util_la-fiber.lo liblely_util_la-frbuf.lo liblely_util_la-fwbuf.lo liblely_util_la-lex.lo liblely_util_la-membuf.lo liblely_util_la-pheap.lo liblely_util_la-print.lo liblely_util_la-rbtree.lo liblely_util_la-stop.lo liblely_util_la-time.lo liblely_util_la-ustring.lo ../../src/libc/liblely-libc.la -lm -lpthread )
[34.110s] libtool: install: /usr/bin/install -c .libs/liblely-util.so.2.4.0T /home/ub2004/ros2_ws/install/lely_core_libraries/lib/liblely-util.so.2.4.0
[34.112s] libtool: install: (cd /home/ub2004/ros2_ws/install/lely_core_libraries/lib && { ln -s -f liblely-util.so.2.4.0 liblely-util.so.2 || { rm -f liblely-util.so.2 && ln -s liblely-util.so.2.4.0 liblely-util.so.2; }; })
[34.114s] libtool: install: (cd /home/ub2004/ros2_ws/install/lely_core_libraries/lib && { ln -s -f liblely-util.so.2.4.0 liblely-util.so || { rm -f liblely-util.so && ln -s liblely-util.so.2.4.0 liblely-util.so; }; })
[34.116s] libtool: install: /usr/bin/install -c .libs/liblely-util.lai /home/ub2004/ros2_ws/install/lely_core_libraries/lib/liblely-util.la
[34.143s] libtool: finish: PATH="/home/ub2004/ros2_ws/install/lely_core_libraries/bin:/opt/ros/humble/bin:/usr/local/sbin:/usr/local/bin:/usr/sbin:/usr/bin:/sbin:/bin:/usr/games:/usr/local/games:/snap/bin:/snap/bin:/sbin" ldconfig -n /home/ub2004/ros2_ws/install/lely_core_libraries/lib
[34.145s] ----------------------------------------------------------------------
[34.145s] Libraries have been installed in:
[34.145s]    /home/ub2004/ros2_ws/install/lely_core_libraries/lib
[34.145s] 
[34.146s] If you ever happen to want to link against installed libraries
[34.146s] in a given directory, LIBDIR, you must either use libtool, and
[34.146s] specify the full pathname of the library, or use the '-LLIBDIR'
[34.146s] flag during linking and do at least one of the following:
[34.146s]    - add LIBDIR to the 'LD_LIBRARY_PATH' environment variable
[34.146s]      during execution
[34.146s]    - add LIBDIR to the 'LD_RUN_PATH' environment variable
[34.146s]      during linking
[34.146s]    - use the '-Wl,-rpath -Wl,LIBDIR' linker flag
[34.146s]    - have your system administrator add LIBDIR to '/etc/ld.so.conf'
[34.146s] 
[34.146s] See any operating system documentation about shared libraries for
[34.146s] more information, such as the ld(1) and ld.so(8) manual pages.
[34.146s] ----------------------------------------------------------------------
[34.150s] gmake[3]: 디렉터리 '/home/ub2004/ros2_ws/build/lely_core_libraries/build/src/util' 나감
[34.150s] gmake[2]: 디렉터리 '/home/ub2004/ros2_ws/build/lely_core_libraries/build/src/util' 나감
[34.150s] Making install in can
[34.166s] gmake[2]: 디렉터리 '/home/ub2004/ros2_ws/build/lely_core_libraries/build/src/can' 들어감
[34.173s] gmake[3]: 디렉터리 '/home/ub2004/ros2_ws/build/lely_core_libraries/build/src/can' 들어감
[34.175s]  /usr/bin/mkdir -p '/home/ub2004/ros2_ws/install/lely_core_libraries/lib'
[34.176s]  /bin/bash ../../libtool   --mode=install /usr/bin/install -c   liblely-can.la '/home/ub2004/ros2_ws/install/lely_core_libraries/lib'
[34.201s] libtool: warning: relinking 'liblely-can.la'
[34.204s] libtool: install: (cd /home/ub2004/ros2_ws/build/lely_core_libraries/build/src/can; /bin/bash "/home/ub2004/ros2_ws/build/lely_core_libraries/build/libtool"  --silent --tag CC --mode=relink gcc -Wall -Wextra -pedantic -Werror -Wno-static-in-inline -pthread -g -O2 -no-undefined -version-number 1:9:2 -Wl,--as-needed -o liblely-can.la -rpath /home/ub2004/ros2_ws/install/lely_core_libraries/lib liblely_can_la-buf.lo liblely_can_la-msg.lo liblely_can_la-net.lo liblely_can_la-socket.lo ../../src/libc/liblely-libc.la ../../src/util/liblely-util.la -lpthread )
[34.317s] libtool: install: /usr/bin/install -c .libs/liblely-can.so.1.9.2T /home/ub2004/ros2_ws/install/lely_core_libraries/lib/liblely-can.so.1.9.2
[34.319s] libtool: install: (cd /home/ub2004/ros2_ws/install/lely_core_libraries/lib && { ln -s -f liblely-can.so.1.9.2 liblely-can.so.1 || { rm -f liblely-can.so.1 && ln -s liblely-can.so.1.9.2 liblely-can.so.1; }; })
[34.321s] libtool: install: (cd /home/ub2004/ros2_ws/install/lely_core_libraries/lib && { ln -s -f liblely-can.so.1.9.2 liblely-can.so || { rm -f liblely-can.so && ln -s liblely-can.so.1.9.2 liblely-can.so; }; })
[34.323s] libtool: install: /usr/bin/install -c .libs/liblely-can.lai /home/ub2004/ros2_ws/install/lely_core_libraries/lib/liblely-can.la
[34.351s] libtool: finish: PATH="/home/ub2004/ros2_ws/install/lely_core_libraries/bin:/opt/ros/humble/bin:/usr/local/sbin:/usr/local/bin:/usr/sbin:/usr/bin:/sbin:/bin:/usr/games:/usr/local/games:/snap/bin:/snap/bin:/sbin" ldconfig -n /home/ub2004/ros2_ws/install/lely_core_libraries/lib
[34.354s] ----------------------------------------------------------------------
[34.354s] Libraries have been installed in:
[34.354s]    /home/ub2004/ros2_ws/install/lely_core_libraries/lib
[34.354s] 
[34.354s] If you ever happen to want to link against installed libraries
[34.354s] in a given directory, LIBDIR, you must either use libtool, and
[34.354s] specify the full pathname of the library, or use the '-LLIBDIR'
[34.354s] flag during linking and do at least one of the following:
[34.354s]    - add LIBDIR to the 'LD_LIBRARY_PATH' environment variable
[34.354s]      during execution
[34.354s]    - add LIBDIR to the 'LD_RUN_PATH' environment variable
[34.354s]      during linking
[34.355s]    - use the '-Wl,-rpath -Wl,LIBDIR' linker flag
[34.355s]    - have your system administrator add LIBDIR to '/etc/ld.so.conf'
[34.355s] 
[34.355s] See any operating system documentation about shared libraries for
[34.355s] more information, such as the ld(1) and ld.so(8) manual pages.
[34.355s] ----------------------------------------------------------------------
[34.358s] gmake[3]: 디렉터리 '/home/ub2004/ros2_ws/build/lely_core_libraries/build/src/can' 나감
[34.359s] gmake[2]: 디렉터리 '/home/ub2004/ros2_ws/build/lely_core_libraries/build/src/can' 나감
[34.360s] Making install in co
[34.379s] gmake[2]: 디렉터리 '/home/ub2004/ros2_ws/build/lely_core_libraries/build/src/co' 들어감
[34.397s] gmake[3]: 디렉터리 '/home/ub2004/ros2_ws/build/lely_core_libraries/build/src/co' 들어감
[34.398s]  /usr/bin/mkdir -p '/home/ub2004/ros2_ws/install/lely_core_libraries/lib'
[34.400s]  /bin/bash ../../libtool   --mode=install /usr/bin/install -c   liblely-co.la '/home/ub2004/ros2_ws/install/lely_core_libraries/lib'
[34.428s] libtool: warning: relinking 'liblely-co.la'
[34.431s] libtool: install: (cd /home/ub2004/ros2_ws/build/lely_core_libraries/build/src/co; /bin/bash "/home/ub2004/ros2_ws/build/lely_core_libraries/build/libtool"  --silent --tag CC --mode=relink gcc -Wall -Wextra -pedantic -Werror -Wno-static-in-inline -pthread -g -O2 -no-undefined -version-number 2:4:0 -Wl,--as-needed -o liblely-co.la -rpath /home/ub2004/ros2_ws/install/lely_core_libraries/lib liblely_co_la-crc.lo liblely_co_la-csdo.lo liblely_co_la-dcf.lo liblely_co_la-dev.lo liblely_co_la-emcy.lo liblely_co_la-gw.lo liblely_co_la-gw_txt.lo liblely_co_la-lss.lo liblely_co_la-nmt.lo liblely_co_la-nmt_boot.lo liblely_co_la-nmt_cfg.lo liblely_co_la-nmt_hb.lo liblely_co_la-nmt_srv.lo liblely_co_la-obj.lo liblely_co_la-pdo.lo liblely_co_la-rpdo.lo liblely_co_la-sdev.lo liblely_co_la-sdo.lo liblely_co_la-ssdo.lo liblely_co_la-sync.lo liblely_co_la-time.lo liblely_co_la-tpdo.lo liblely_co_la-type.lo liblely_co_la-val.lo liblely_co_la-wtm.lo ../../src/libc/liblely-libc.la ../../src/util/liblely-util.la ../../src/can/liblely-can.la -lpthread )
[34.589s] libtool: install: /usr/bin/install -c .libs/liblely-co.so.2.4.0T /home/ub2004/ros2_ws/install/lely_core_libraries/lib/liblely-co.so.2.4.0
[34.592s] libtool: install: (cd /home/ub2004/ros2_ws/install/lely_core_libraries/lib && { ln -s -f liblely-co.so.2.4.0 liblely-co.so.2 || { rm -f liblely-co.so.2 && ln -s liblely-co.so.2.4.0 liblely-co.so.2; }; })
[34.594s] libtool: install: (cd /home/ub2004/ros2_ws/install/lely_core_libraries/lib && { ln -s -f liblely-co.so.2.4.0 liblely-co.so || { rm -f liblely-co.so && ln -s liblely-co.so.2.4.0 liblely-co.so; }; })
[34.596s] libtool: install: /usr/bin/install -c .libs/liblely-co.lai /home/ub2004/ros2_ws/install/lely_core_libraries/lib/liblely-co.la
[34.623s] libtool: finish: PATH="/home/ub2004/ros2_ws/install/lely_core_libraries/bin:/opt/ros/humble/bin:/usr/local/sbin:/usr/local/bin:/usr/sbin:/usr/bin:/sbin:/bin:/usr/games:/usr/local/games:/snap/bin:/snap/bin:/sbin" ldconfig -n /home/ub2004/ros2_ws/install/lely_core_libraries/lib
[34.625s] ----------------------------------------------------------------------
[34.625s] Libraries have been installed in:
[34.625s]    /home/ub2004/ros2_ws/install/lely_core_libraries/lib
[34.626s] 
[34.626s] If you ever happen to want to link against installed libraries
[34.626s] in a given directory, LIBDIR, you must either use libtool, and
[34.626s] specify the full pathname of the library, or use the '-LLIBDIR'
[34.626s] flag during linking and do at least one of the following:
[34.626s]    - add LIBDIR to the 'LD_LIBRARY_PATH' environment variable
[34.626s]      during execution
[34.626s]    - add LIBDIR to the 'LD_RUN_PATH' environment variable
[34.626s]      during linking
[34.626s]    - use the '-Wl,-rpath -Wl,LIBDIR' linker flag
[34.626s]    - have your system administrator add LIBDIR to '/etc/ld.so.conf'
[34.626s] 
[34.626s] See any operating system documentation about shared libraries for
[34.626s] more information, such as the ld(1) and ld.so(8) manual pages.
[34.626s] ----------------------------------------------------------------------
[34.630s] gmake[3]: 디렉터리 '/home/ub2004/ros2_ws/build/lely_core_libraries/build/src/co' 나감
[34.630s] gmake[2]: 디렉터리 '/home/ub2004/ros2_ws/build/lely_core_libraries/build/src/co' 나감
[34.630s] Making install in io
[34.646s] gmake[2]: 디렉터리 '/home/ub2004/ros2_ws/build/lely_core_libraries/build/src/io' 들어감
[34.663s] gmake[3]: 디렉터리 '/home/ub2004/ros2_ws/build/lely_core_libraries/build/src/io' 들어감
[34.664s]  /usr/bin/mkdir -p '/home/ub2004/ros2_ws/install/lely_core_libraries/lib'
[34.666s]  /bin/bash ../../libtool   --mode=install /usr/bin/install -c   liblely-io.la '/home/ub2004/ros2_ws/install/lely_core_libraries/lib'
[34.694s] libtool: warning: relinking 'liblely-io.la'
[34.697s] libtool: install: (cd /home/ub2004/ros2_ws/build/lely_core_libraries/build/src/io; /bin/bash "/home/ub2004/ros2_ws/build/lely_core_libraries/build/libtool"  --silent --tag CC --mode=relink gcc -Wall -Wextra -pedantic -Werror -Wno-static-in-inline -pthread -g -O2 -no-undefined -version-number 1:9:2 -Wl,--as-needed -o liblely-io.la -rpath /home/ub2004/ros2_ws/install/lely_core_libraries/lib liblely_io_la-addr.lo liblely_io_la-attr.lo liblely_io_la-can.lo liblely_io_la-file.lo liblely_io_la-handle.lo liblely_io_la-if.lo liblely_io_la-io.lo liblely_io_la-pipe.lo liblely_io_la-poll.lo liblely_io_la-rtnl.lo liblely_io_la-serial.lo liblely_io_la-sock.lo ../../src/libc/liblely-libc.la ../../src/util/liblely-util.la ../../src/can/liblely-can.la -lpthread )
[34.831s] libtool: install: /usr/bin/install -c .libs/liblely-io.so.1.9.2T /home/ub2004/ros2_ws/install/lely_core_libraries/lib/liblely-io.so.1.9.2
[34.833s] libtool: install: (cd /home/ub2004/ros2_ws/install/lely_core_libraries/lib && { ln -s -f liblely-io.so.1.9.2 liblely-io.so.1 || { rm -f liblely-io.so.1 && ln -s liblely-io.so.1.9.2 liblely-io.so.1; }; })
[34.835s] libtool: install: (cd /home/ub2004/ros2_ws/install/lely_core_libraries/lib && { ln -s -f liblely-io.so.1.9.2 liblely-io.so || { rm -f liblely-io.so && ln -s liblely-io.so.1.9.2 liblely-io.so; }; })
[34.837s] libtool: install: /usr/bin/install -c .libs/liblely-io.lai /home/ub2004/ros2_ws/install/lely_core_libraries/lib/liblely-io.la
[34.867s] libtool: finish: PATH="/home/ub2004/ros2_ws/install/lely_core_libraries/bin:/opt/ros/humble/bin:/usr/local/sbin:/usr/local/bin:/usr/sbin:/usr/bin:/sbin:/bin:/usr/games:/usr/local/games:/snap/bin:/snap/bin:/sbin" ldconfig -n /home/ub2004/ros2_ws/install/lely_core_libraries/lib
[34.869s] ----------------------------------------------------------------------
[34.870s] Libraries have been installed in:
[34.870s]    /home/ub2004/ros2_ws/install/lely_core_libraries/lib
[34.870s] 
[34.870s] If you ever happen to want to link against installed libraries
[34.870s] in a given directory, LIBDIR, you must either use libtool, and
[34.870s] specify the full pathname of the library, or use the '-LLIBDIR'
[34.870s] flag during linking and do at least one of the following:
[34.870s]    - add LIBDIR to the 'LD_LIBRARY_PATH' environment variable
[34.870s]      during execution
[34.870s]    - add LIBDIR to the 'LD_RUN_PATH' environment variable
[34.870s]      during linking
[34.870s]    - use the '-Wl,-rpath -Wl,LIBDIR' linker flag
[34.870s]    - have your system administrator add LIBDIR to '/etc/ld.so.conf'
[34.870s] 
[34.870s] See any operating system documentation about shared libraries for
[34.871s] more information, such as the ld(1) and ld.so(8) manual pages.
[34.871s] ----------------------------------------------------------------------
[34.875s] gmake[3]: 디렉터리 '/home/ub2004/ros2_ws/build/lely_core_libraries/build/src/io' 나감
[34.875s] gmake[2]: 디렉터리 '/home/ub2004/ros2_ws/build/lely_core_libraries/build/src/io' 나감
[34.876s] Making install in ev
[34.886s] gmake[2]: 디렉터리 '/home/ub2004/ros2_ws/build/lely_core_libraries/build/src/ev' 들어감
[34.896s] gmake[3]: 디렉터리 '/home/ub2004/ros2_ws/build/lely_core_libraries/build/src/ev' 들어감
[34.897s]  /usr/bin/mkdir -p '/home/ub2004/ros2_ws/install/lely_core_libraries/lib'
[34.899s]  /bin/bash ../../libtool   --mode=install /usr/bin/install -c   liblely-ev.la '/home/ub2004/ros2_ws/install/lely_core_libraries/lib'
[34.924s] libtool: warning: relinking 'liblely-ev.la'
[34.927s] libtool: install: (cd /home/ub2004/ros2_ws/build/lely_core_libraries/build/src/ev; /bin/bash "/home/ub2004/ros2_ws/build/lely_core_libraries/build/libtool"  --silent --tag CC --mode=relink gcc -Wall -Wextra -pedantic -Werror -Wno-static-in-inline -pthread -g -O2 -no-undefined -version-number 2:4:0 -Wl,--as-needed -o liblely-ev.la -rpath /home/ub2004/ros2_ws/install/lely_core_libraries/lib liblely_ev_la-exec.lo liblely_ev_la-fiber_exec.lo liblely_ev_la-future.lo liblely_ev_la-loop.lo liblely_ev_la-poll.lo liblely_ev_la-std_exec.lo liblely_ev_la-strand.lo liblely_ev_la-task.lo liblely_ev_la-thrd_loop.lo ../../src/libc/liblely-libc.la ../../src/util/liblely-util.la -lpthread )
[35.046s] libtool: install: /usr/bin/install -c .libs/liblely-ev.so.2.4.0T /home/ub2004/ros2_ws/install/lely_core_libraries/lib/liblely-ev.so.2.4.0
[35.048s] libtool: install: (cd /home/ub2004/ros2_ws/install/lely_core_libraries/lib && { ln -s -f liblely-ev.so.2.4.0 liblely-ev.so.2 || { rm -f liblely-ev.so.2 && ln -s liblely-ev.so.2.4.0 liblely-ev.so.2; }; })
[35.050s] libtool: install: (cd /home/ub2004/ros2_ws/install/lely_core_libraries/lib && { ln -s -f liblely-ev.so.2.4.0 liblely-ev.so || { rm -f liblely-ev.so && ln -s liblely-ev.so.2.4.0 liblely-ev.so; }; })
[35.053s] libtool: install: /usr/bin/install -c .libs/liblely-ev.lai /home/ub2004/ros2_ws/install/lely_core_libraries/lib/liblely-ev.la
[35.085s] libtool: finish: PATH="/home/ub2004/ros2_ws/install/lely_core_libraries/bin:/opt/ros/humble/bin:/usr/local/sbin:/usr/local/bin:/usr/sbin:/usr/bin:/sbin:/bin:/usr/games:/usr/local/games:/snap/bin:/snap/bin:/sbin" ldconfig -n /home/ub2004/ros2_ws/install/lely_core_libraries/lib
[35.088s] ----------------------------------------------------------------------
[35.088s] Libraries have been installed in:
[35.088s]    /home/ub2004/ros2_ws/install/lely_core_libraries/lib
[35.088s] 
[35.088s] If you ever happen to want to link against installed libraries
[35.088s] in a given directory, LIBDIR, you must either use libtool, and
[35.088s] specify the full pathname of the library, or use the '-LLIBDIR'
[35.088s] flag during linking and do at least one of the following:
[35.088s]    - add LIBDIR to the 'LD_LIBRARY_PATH' environment variable
[35.088s]      during execution
[35.088s]    - add LIBDIR to the 'LD_RUN_PATH' environment variable
[35.088s]      during linking
[35.088s]    - use the '-Wl,-rpath -Wl,LIBDIR' linker flag
[35.088s]    - have your system administrator add LIBDIR to '/etc/ld.so.conf'
[35.088s] 
[35.089s] See any operating system documentation about shared libraries for
[35.089s] more information, such as the ld(1) and ld.so(8) manual pages.
[35.089s] ----------------------------------------------------------------------
[35.092s] gmake[3]: 디렉터리 '/home/ub2004/ros2_ws/build/lely_core_libraries/build/src/ev' 나감
[35.092s] gmake[2]: 디렉터리 '/home/ub2004/ros2_ws/build/lely_core_libraries/build/src/ev' 나감
[35.093s] Making install in io2
[35.111s] gmake[2]: 디렉터리 '/home/ub2004/ros2_ws/build/lely_core_libraries/build/src/io2' 들어감
[35.131s] gmake[3]: 디렉터리 '/home/ub2004/ros2_ws/build/lely_core_libraries/build/src/io2' 들어감
[35.132s]  /usr/bin/mkdir -p '/home/ub2004/ros2_ws/install/lely_core_libraries/lib'
[35.134s]  /bin/bash ../../libtool   --mode=install /usr/bin/install -c   liblely-io2.la '/home/ub2004/ros2_ws/install/lely_core_libraries/lib'
[35.162s] libtool: warning: relinking 'liblely-io2.la'
[35.165s] libtool: install: (cd /home/ub2004/ros2_ws/build/lely_core_libraries/build/src/io2; /bin/bash "/home/ub2004/ros2_ws/build/lely_core_libraries/build/libtool"  --silent --tag CC --mode=relink gcc -Wall -Wextra -pedantic -Werror -Wno-static-in-inline -pthread -g -O2 -no-undefined -version-number 2:4:0 -Wl,--as-needed -o liblely-io2.la -rpath /home/ub2004/ros2_ws/install/lely_core_libraries/lib can/liblely_io2_la-msg.lo linux/liblely_io2_la-can_chan.lo linux/liblely_io2_la-can_ctrl.lo linux/liblely_io2_la-poll.lo linux/liblely_io2_la-timer.lo posix/liblely_io2_la-fd.lo posix/liblely_io2_la-io.lo posix/liblely_io2_la-sigset.lo sys/liblely_io2_la-clock.lo sys/liblely_io2_la-io.lo user/liblely_io2_la-can.lo user/liblely_io2_la-timer.lo liblely_io2_la-can.lo liblely_io2_la-can_net.lo liblely_io2_la-can_rt.lo liblely_io2_la-clock.lo liblely_io2_la-ctx.lo liblely_io2_la-dev.lo liblely_io2_la-sigset.lo liblely_io2_la-timer.lo liblely_io2_la-tqueue.lo liblely_io2_la-vcan.lo ../../src/libc/liblely-libc.la ../../src/util/liblely-util.la ../../src/can/liblely-can.la ../../src/ev/liblely-ev.la -lrt -lpthread )
[35.328s] libtool: install: /usr/bin/install -c .libs/liblely-io2.so.2.4.0T /home/ub2004/ros2_ws/install/lely_core_libraries/lib/liblely-io2.so.2.4.0
[35.331s] libtool: install: (cd /home/ub2004/ros2_ws/install/lely_core_libraries/lib && { ln -s -f liblely-io2.so.2.4.0 liblely-io2.so.2 || { rm -f liblely-io2.so.2 && ln -s liblely-io2.so.2.4.0 liblely-io2.so.2; }; })
[35.333s] libtool: install: (cd /home/ub2004/ros2_ws/install/lely_core_libraries/lib && { ln -s -f liblely-io2.so.2.4.0 liblely-io2.so || { rm -f liblely-io2.so && ln -s liblely-io2.so.2.4.0 liblely-io2.so; }; })
[35.335s] libtool: install: /usr/bin/install -c .libs/liblely-io2.lai /home/ub2004/ros2_ws/install/lely_core_libraries/lib/liblely-io2.la
[35.364s] libtool: finish: PATH="/home/ub2004/ros2_ws/install/lely_core_libraries/bin:/opt/ros/humble/bin:/usr/local/sbin:/usr/local/bin:/usr/sbin:/usr/bin:/sbin:/bin:/usr/games:/usr/local/games:/snap/bin:/snap/bin:/sbin" ldconfig -n /home/ub2004/ros2_ws/install/lely_core_libraries/lib
[35.367s] ----------------------------------------------------------------------
[35.367s] Libraries have been installed in:
[35.367s]    /home/ub2004/ros2_ws/install/lely_core_libraries/lib
[35.368s] 
[35.368s] If you ever happen to want to link against installed libraries
[35.368s] in a given directory, LIBDIR, you must either use libtool, and
[35.368s] specify the full pathname of the library, or use the '-LLIBDIR'
[35.368s] flag during linking and do at least one of the following:
[35.368s]    - add LIBDIR to the 'LD_LIBRARY_PATH' environment variable
[35.368s]      during execution
[35.368s]    - add LIBDIR to the 'LD_RUN_PATH' environment variable
[35.368s]      during linking
[35.368s]    - use the '-Wl,-rpath -Wl,LIBDIR' linker flag
[35.368s]    - have your system administrator add LIBDIR to '/etc/ld.so.conf'
[35.368s] 
[35.368s] See any operating system documentation about shared libraries for
[35.368s] more information, such as the ld(1) and ld.so(8) manual pages.
[35.368s] ----------------------------------------------------------------------
[35.373s] gmake[3]: 디렉터리 '/home/ub2004/ros2_ws/build/lely_core_libraries/build/src/io2' 나감
[35.374s] gmake[2]: 디렉터리 '/home/ub2004/ros2_ws/build/lely_core_libraries/build/src/io2' 나감
[35.374s] Making install in coapp
[35.396s] gmake[2]: 디렉터리 '/home/ub2004/ros2_ws/build/lely_core_libraries/build/src/coapp' 들어감
[35.418s] gmake[3]: 디렉터리 '/home/ub2004/ros2_ws/build/lely_core_libraries/build/src/coapp' 들어감
[35.419s]  /usr/bin/mkdir -p '/home/ub2004/ros2_ws/install/lely_core_libraries/lib'
[35.421s]  /bin/bash ../../libtool   --mode=install /usr/bin/install -c   liblely-coapp.la '/home/ub2004/ros2_ws/install/lely_core_libraries/lib'
[35.447s] libtool: warning: relinking 'liblely-coapp.la'
[35.450s] libtool: install: (cd /home/ub2004/ros2_ws/build/lely_core_libraries/build/src/coapp; /bin/bash "/home/ub2004/ros2_ws/build/lely_core_libraries/build/libtool"  --silent --tag CXX --mode=relink g++ -std=gnu++11 -Wall -Wextra -pedantic -Werror -g -O2 -no-undefined -version-number 2:4:0 -Wl,--as-needed -o liblely-coapp.la -rpath /home/ub2004/ros2_ws/install/lely_core_libraries/lib liblely_coapp_la-device.lo liblely_coapp_la-driver.lo liblely_coapp_la-fiber_driver.lo liblely_coapp_la-logical_driver.lo liblely_coapp_la-loop_driver.lo liblely_coapp_la-lss_master.lo liblely_coapp_la-master.lo liblely_coapp_la-node.lo liblely_coapp_la-sdo.lo liblely_coapp_la-sdo_error.lo liblely_coapp_la-slave.lo liblely_coapp_la-type_traits.lo ../../src/libc/liblely-libc.la ../../src/util/liblely-util.la ../../src/can/liblely-can.la ../../src/ev/liblely-ev.la ../../src/io2/liblely-io2.la ../../src/co/liblely-co.la -lpthread )
[35.790s] libtool: install: /usr/bin/install -c .libs/liblely-coapp.so.2.4.0T /home/ub2004/ros2_ws/install/lely_core_libraries/lib/liblely-coapp.so.2.4.0
[35.796s] libtool: install: (cd /home/ub2004/ros2_ws/install/lely_core_libraries/lib && { ln -s -f liblely-coapp.so.2.4.0 liblely-coapp.so.2 || { rm -f liblely-coapp.so.2 && ln -s liblely-coapp.so.2.4.0 liblely-coapp.so.2; }; })
[35.798s] libtool: install: (cd /home/ub2004/ros2_ws/install/lely_core_libraries/lib && { ln -s -f liblely-coapp.so.2.4.0 liblely-coapp.so || { rm -f liblely-coapp.so && ln -s liblely-coapp.so.2.4.0 liblely-coapp.so; }; })
[35.800s] libtool: install: /usr/bin/install -c .libs/liblely-coapp.lai /home/ub2004/ros2_ws/install/lely_core_libraries/lib/liblely-coapp.la
[35.828s] libtool: finish: PATH="/home/ub2004/ros2_ws/install/lely_core_libraries/bin:/opt/ros/humble/bin:/usr/local/sbin:/usr/local/bin:/usr/sbin:/usr/bin:/sbin:/bin:/usr/games:/usr/local/games:/snap/bin:/snap/bin:/sbin" ldconfig -n /home/ub2004/ros2_ws/install/lely_core_libraries/lib
[35.830s] ----------------------------------------------------------------------
[35.831s] Libraries have been installed in:
[35.831s]    /home/ub2004/ros2_ws/install/lely_core_libraries/lib
[35.831s] 
[35.831s] If you ever happen to want to link against installed libraries
[35.831s] in a given directory, LIBDIR, you must either use libtool, and
[35.831s] specify the full pathname of the library, or use the '-LLIBDIR'
[35.831s] flag during linking and do at least one of the following:
[35.831s]    - add LIBDIR to the 'LD_LIBRARY_PATH' environment variable
[35.831s]      during execution
[35.831s]    - add LIBDIR to the 'LD_RUN_PATH' environment variable
[35.831s]      during linking
[35.831s]    - use the '-Wl,-rpath -Wl,LIBDIR' linker flag
[35.831s]    - have your system administrator add LIBDIR to '/etc/ld.so.conf'
[35.831s] 
[35.831s] See any operating system documentation about shared libraries for
[35.831s] more information, such as the ld(1) and ld.so(8) manual pages.
[35.831s] ----------------------------------------------------------------------
[35.835s] gmake[3]: 디렉터리 '/home/ub2004/ros2_ws/build/lely_core_libraries/build/src/coapp' 나감
[35.835s] gmake[2]: 디렉터리 '/home/ub2004/ros2_ws/build/lely_core_libraries/build/src/coapp' 나감
[35.837s] gmake[2]: 디렉터리 '/home/ub2004/ros2_ws/build/lely_core_libraries/build/src' 들어감
[35.841s] gmake[3]: 디렉터리 '/home/ub2004/ros2_ws/build/lely_core_libraries/build/src' 들어감
[35.841s] gmake[3]: 'install-exec-am'을(를) 위해 할 일이 없습니다.
[35.841s] gmake[3]: 'install-data-am'을(를) 위해 할 일이 없습니다.
[35.841s] gmake[3]: 디렉터리 '/home/ub2004/ros2_ws/build/lely_core_libraries/build/src' 나감
[35.842s] gmake[2]: 디렉터리 '/home/ub2004/ros2_ws/build/lely_core_libraries/build/src' 나감
[35.842s] gmake[1]: 디렉터리 '/home/ub2004/ros2_ws/build/lely_core_libraries/build/src' 나감
[35.842s] Making install in python
[35.845s] gmake[1]: 디렉터리 '/home/ub2004/ros2_ws/build/lely_core_libraries/build/python' 들어감
[35.849s] Making install in dcf-tools
[35.851s] gmake[2]: 디렉터리 '/home/ub2004/ros2_ws/build/lely_core_libraries/build/python/dcf-tools' 들어감
[35.855s] gmake[3]: 디렉터리 '/home/ub2004/ros2_ws/build/lely_core_libraries/build/python/dcf-tools' 들어감
[36.097s] running egg_info
[36.098s] creating dcf_tools.egg-info
[36.098s] writing dcf_tools.egg-info/PKG-INFO
[36.099s] writing dependency_links to dcf_tools.egg-info/dependency_links.txt
[36.099s] writing entry points to dcf_tools.egg-info/entry_points.txt
[36.099s] writing requirements to dcf_tools.egg-info/requires.txt
[36.099s] writing top-level names to dcf_tools.egg-info/top_level.txt
[36.099s] writing manifest file 'dcf_tools.egg-info/SOURCES.txt'
[36.101s] reading manifest file 'dcf_tools.egg-info/SOURCES.txt'
[36.102s] writing manifest file 'dcf_tools.egg-info/SOURCES.txt'
[36.102s] running build
[36.102s] running build_py
[36.102s] creating build
[36.102s] creating build/lib
[36.102s] creating build/lib/dcf2dev
[36.102s] copying dcf2dev/cdevice.py -> build/lib/dcf2dev
[36.103s] copying dcf2dev/cli.py -> build/lib/dcf2dev
[36.103s] copying dcf2dev/__init__.py -> build/lib/dcf2dev
[36.103s] creating build/lib/dcfgen
[36.103s] copying dcfgen/cli.py -> build/lib/dcfgen
[36.103s] copying dcfgen/__init__.py -> build/lib/dcfgen
[36.103s] creating build/lib/dcf
[36.103s] copying dcf/device.py -> build/lib/dcf
[36.103s] copying dcf/print.py -> build/lib/dcf
[36.104s] copying dcf/parse.py -> build/lib/dcf
[36.104s] copying dcf/lint.py -> build/lib/dcf
[36.104s] copying dcf/cli.py -> build/lib/dcf
[36.104s] copying dcf/__init__.py -> build/lib/dcf
[36.104s] creating build/lib/dcf2dev/data
[36.105s] copying dcf2dev/data/dev.c.em -> build/lib/dcf2dev/data
[36.105s] copying dcf2dev/data/dev.h.em -> build/lib/dcf2dev/data
[36.105s] creating build/lib/dcfgen/data
[36.105s] copying dcfgen/data/master.dcf.em -> build/lib/dcfgen/data
[36.105s] running install
[36.105s] /usr/lib/python3/dist-packages/setuptools/command/install.py:34: SetuptoolsDeprecationWarning: setup.py install is deprecated. Use build and pip and other standards-based tools.
[36.106s]   warnings.warn(
[36.106s] running install_lib
[36.107s] creating /home/ub2004/ros2_ws/install/lely_core_libraries/lib/python3.10
[36.107s] creating /home/ub2004/ros2_ws/install/lely_core_libraries/lib/python3.10/site-packages
[36.107s] creating /home/ub2004/ros2_ws/install/lely_core_libraries/lib/python3.10/site-packages/dcf2dev
[36.107s] creating /home/ub2004/ros2_ws/install/lely_core_libraries/lib/python3.10/site-packages/dcf2dev/data
[36.107s] copying build/lib/dcf2dev/data/dev.c.em -> /home/ub2004/ros2_ws/install/lely_core_libraries/lib/python3.10/site-packages/dcf2dev/data
[36.107s] copying build/lib/dcf2dev/data/dev.h.em -> /home/ub2004/ros2_ws/install/lely_core_libraries/lib/python3.10/site-packages/dcf2dev/data
[36.107s] copying build/lib/dcf2dev/cdevice.py -> /home/ub2004/ros2_ws/install/lely_core_libraries/lib/python3.10/site-packages/dcf2dev
[36.107s] copying build/lib/dcf2dev/cli.py -> /home/ub2004/ros2_ws/install/lely_core_libraries/lib/python3.10/site-packages/dcf2dev
[36.107s] copying build/lib/dcf2dev/__init__.py -> /home/ub2004/ros2_ws/install/lely_core_libraries/lib/python3.10/site-packages/dcf2dev
[36.107s] creating /home/ub2004/ros2_ws/install/lely_core_libraries/lib/python3.10/site-packages/dcfgen
[36.107s] creating /home/ub2004/ros2_ws/install/lely_core_libraries/lib/python3.10/site-packages/dcfgen/data
[36.108s] copying build/lib/dcfgen/data/master.dcf.em -> /home/ub2004/ros2_ws/install/lely_core_libraries/lib/python3.10/site-packages/dcfgen/data
[36.108s] copying build/lib/dcfgen/cli.py -> /home/ub2004/ros2_ws/install/lely_core_libraries/lib/python3.10/site-packages/dcfgen
[36.108s] copying build/lib/dcfgen/__init__.py -> /home/ub2004/ros2_ws/install/lely_core_libraries/lib/python3.10/site-packages/dcfgen
[36.108s] creating /home/ub2004/ros2_ws/install/lely_core_libraries/lib/python3.10/site-packages/dcf
[36.108s] copying build/lib/dcf/device.py -> /home/ub2004/ros2_ws/install/lely_core_libraries/lib/python3.10/site-packages/dcf
[36.108s] copying build/lib/dcf/print.py -> /home/ub2004/ros2_ws/install/lely_core_libraries/lib/python3.10/site-packages/dcf
[36.108s] copying build/lib/dcf/parse.py -> /home/ub2004/ros2_ws/install/lely_core_libraries/lib/python3.10/site-packages/dcf
[36.108s] copying build/lib/dcf/lint.py -> /home/ub2004/ros2_ws/install/lely_core_libraries/lib/python3.10/site-packages/dcf
[36.108s] copying build/lib/dcf/cli.py -> /home/ub2004/ros2_ws/install/lely_core_libraries/lib/python3.10/site-packages/dcf
[36.108s] copying build/lib/dcf/__init__.py -> /home/ub2004/ros2_ws/install/lely_core_libraries/lib/python3.10/site-packages/dcf
[36.109s] byte-compiling /home/ub2004/ros2_ws/install/lely_core_libraries/lib/python3.10/site-packages/dcf2dev/cdevice.py to cdevice.cpython-310.pyc
[36.111s] byte-compiling /home/ub2004/ros2_ws/install/lely_core_libraries/lib/python3.10/site-packages/dcf2dev/cli.py to cli.cpython-310.pyc
[36.111s] byte-compiling /home/ub2004/ros2_ws/install/lely_core_libraries/lib/python3.10/site-packages/dcf2dev/__init__.py to __init__.cpython-310.pyc
[36.112s] byte-compiling /home/ub2004/ros2_ws/install/lely_core_libraries/lib/python3.10/site-packages/dcfgen/cli.py to cli.cpython-310.pyc
[36.116s] byte-compiling /home/ub2004/ros2_ws/install/lely_core_libraries/lib/python3.10/site-packages/dcfgen/__init__.py to __init__.cpython-310.pyc
[36.116s] byte-compiling /home/ub2004/ros2_ws/install/lely_core_libraries/lib/python3.10/site-packages/dcf/device.py to device.cpython-310.pyc
[36.120s] byte-compiling /home/ub2004/ros2_ws/install/lely_core_libraries/lib/python3.10/site-packages/dcf/print.py to print.cpython-310.pyc
[36.120s] byte-compiling /home/ub2004/ros2_ws/install/lely_core_libraries/lib/python3.10/site-packages/dcf/parse.py to parse.cpython-310.pyc
[36.121s] byte-compiling /home/ub2004/ros2_ws/install/lely_core_libraries/lib/python3.10/site-packages/dcf/lint.py to lint.cpython-310.pyc
[36.124s] byte-compiling /home/ub2004/ros2_ws/install/lely_core_libraries/lib/python3.10/site-packages/dcf/cli.py to cli.cpython-310.pyc
[36.125s] byte-compiling /home/ub2004/ros2_ws/install/lely_core_libraries/lib/python3.10/site-packages/dcf/__init__.py to __init__.cpython-310.pyc
[36.125s] running install_egg_info
[36.127s] Copying dcf_tools.egg-info to /home/ub2004/ros2_ws/install/lely_core_libraries/lib/python3.10/site-packages/dcf_tools-2.4.0.egg-info
[36.128s] running install_scripts
[36.147s] Installing dcf2dev script to /home/ub2004/ros2_ws/install/lely_core_libraries/bin/
[36.147s] Installing dcfchk script to /home/ub2004/ros2_ws/install/lely_core_libraries/bin/
[36.147s] Installing dcfgen script to /home/ub2004/ros2_ws/install/lely_core_libraries/bin/
[36.147s] writing list of installed files to 'install.log'
[36.175s] gmake[3]: 'install-data-am'을(를) 위해 할 일이 없습니다.
[36.175s] gmake[3]: 디렉터리 '/home/ub2004/ros2_ws/build/lely_core_libraries/build/python/dcf-tools' 나감
[36.175s] gmake[2]: 디렉터리 '/home/ub2004/ros2_ws/build/lely_core_libraries/build/python/dcf-tools' 나감
[36.179s] gmake[2]: 디렉터리 '/home/ub2004/ros2_ws/build/lely_core_libraries/build/python' 들어감
[36.182s] gmake[3]: 디렉터리 '/home/ub2004/ros2_ws/build/lely_core_libraries/build/python' 들어감
[36.182s] gmake[3]: 'install-exec-am'을(를) 위해 할 일이 없습니다.
[36.182s] gmake[3]: 'install-data-am'을(를) 위해 할 일이 없습니다.
[36.182s] gmake[3]: 디렉터리 '/home/ub2004/ros2_ws/build/lely_core_libraries/build/python' 나감
[36.183s] gmake[2]: 디렉터리 '/home/ub2004/ros2_ws/build/lely_core_libraries/build/python' 나감
[36.183s] gmake[1]: 디렉터리 '/home/ub2004/ros2_ws/build/lely_core_libraries/build/python' 나감
[36.183s] Making install in pkgconfig
[36.186s] gmake[1]: 디렉터리 '/home/ub2004/ros2_ws/build/lely_core_libraries/build/pkgconfig' 들어감
[36.189s] gmake[2]: 디렉터리 '/home/ub2004/ros2_ws/build/lely_core_libraries/build/pkgconfig' 들어감
[36.189s] gmake[2]: 'install-exec-am'을(를) 위해 할 일이 없습니다.
[36.191s]  /usr/bin/mkdir -p '/home/ub2004/ros2_ws/install/lely_core_libraries/lib/pkgconfig'
[36.194s]  /usr/bin/install -c -m 644 liblely-can.pc liblely-co.pc liblely-coapp.pc liblely-ev.pc liblely-io.pc liblely-io2.pc liblely-libc.pc liblely-libc_rt.pc liblely-tap.pc liblely-util.pc '/home/ub2004/ros2_ws/install/lely_core_libraries/lib/pkgconfig'
[36.197s] gmake[2]: 디렉터리 '/home/ub2004/ros2_ws/build/lely_core_libraries/build/pkgconfig' 나감
[36.197s] gmake[1]: 디렉터리 '/home/ub2004/ros2_ws/build/lely_core_libraries/build/pkgconfig' 나감
[36.199s] gmake[1]: 디렉터리 '/home/ub2004/ros2_ws/build/lely_core_libraries/build' 들어감
[36.206s] gmake[2]: 디렉터리 '/home/ub2004/ros2_ws/build/lely_core_libraries/build' 들어감
[36.206s] gmake[2]: 'install-exec-am'을(를) 위해 할 일이 없습니다.
[36.206s] gmake[2]: 'install-data-am'을(를) 위해 할 일이 없습니다.
[36.206s] gmake[2]: 디렉터리 '/home/ub2004/ros2_ws/build/lely_core_libraries/build' 나감
[36.206s] gmake[1]: 디렉터리 '/home/ub2004/ros2_ws/build/lely_core_libraries/build' 나감
[36.207s] -- Installing: /home/ub2004/ros2_ws/install/lely_core_libraries/share/lely_core_libraries/cmake
[36.207s] -- Installing: /home/ub2004/ros2_ws/install/lely_core_libraries/share/lely_core_libraries/cmake/lely_core_libraries-extras.cmake
[36.207s] -- Installing: /home/ub2004/ros2_ws/install/lely_core_libraries/share/lely_core_libraries/environment/pythonpath.sh
[36.207s] -- Installing: /home/ub2004/ros2_ws/install/lely_core_libraries/share/lely_core_libraries/environment/pythonpath.dsv
[36.207s] -- Installing: /home/ub2004/ros2_ws/install/lely_core_libraries/local/lib/python3.10/dist-packages/cogen-0.2.11-py3.10.egg-info
[36.208s] -- Installing: /home/ub2004/ros2_ws/install/lely_core_libraries/local/lib/python3.10/dist-packages/cogen-0.2.11-py3.10.egg-info/PKG-INFO
[36.208s] -- Installing: /home/ub2004/ros2_ws/install/lely_core_libraries/local/lib/python3.10/dist-packages/cogen-0.2.11-py3.10.egg-info/dependency_links.txt
[36.208s] -- Installing: /home/ub2004/ros2_ws/install/lely_core_libraries/local/lib/python3.10/dist-packages/cogen-0.2.11-py3.10.egg-info/SOURCES.txt
[36.208s] -- Installing: /home/ub2004/ros2_ws/install/lely_core_libraries/local/lib/python3.10/dist-packages/cogen-0.2.11-py3.10.egg-info/entry_points.txt
[36.208s] -- Installing: /home/ub2004/ros2_ws/install/lely_core_libraries/local/lib/python3.10/dist-packages/cogen-0.2.11-py3.10.egg-info/top_level.txt
[36.208s] -- Installing: /home/ub2004/ros2_ws/install/lely_core_libraries/lib/cogen/
[36.208s] -- Installing: /home/ub2004/ros2_ws/install/lely_core_libraries/lib/cogen//cogen
[36.208s] -- Installing: /home/ub2004/ros2_ws/install/lely_core_libraries/local/lib/python3.10/dist-packages/cogen
[36.208s] -- Installing: /home/ub2004/ros2_ws/install/lely_core_libraries/local/lib/python3.10/dist-packages/cogen/cogen.py
[36.209s] -- Installing: /home/ub2004/ros2_ws/install/lely_core_libraries/local/lib/python3.10/dist-packages/cogen/__init__.py
[36.247s] Listing '/home/ub2004/ros2_ws/install/lely_core_libraries/local/lib/python3.10/dist-packages/cogen'...
[36.247s] Compiling '/home/ub2004/ros2_ws/install/lely_core_libraries/local/lib/python3.10/dist-packages/cogen/__init__.py'...
[36.247s] Compiling '/home/ub2004/ros2_ws/install/lely_core_libraries/local/lib/python3.10/dist-packages/cogen/cogen.py'...
[36.252s] -- Up-to-date: /home/ub2004/ros2_ws/install/lely_core_libraries/bin/
[36.252s] -- Installing: /home/ub2004/ros2_ws/install/lely_core_libraries/bin//cogen
[36.252s] -- Installing: /home/ub2004/ros2_ws/install/lely_core_libraries/share/lely_core_libraries/environment/library_path.sh
[36.252s] -- Installing: /home/ub2004/ros2_ws/install/lely_core_libraries/share/lely_core_libraries/environment/library_path.dsv
[36.252s] -- Installing: /home/ub2004/ros2_ws/install/lely_core_libraries/share/ament_index/resource_index/package_run_dependencies/lely_core_libraries
[36.253s] -- Installing: /home/ub2004/ros2_ws/install/lely_core_libraries/share/ament_index/resource_index/parent_prefix_path/lely_core_libraries
[36.253s] -- Installing: /home/ub2004/ros2_ws/install/lely_core_libraries/share/lely_core_libraries/environment/ament_prefix_path.sh
[36.253s] -- Installing: /home/ub2004/ros2_ws/install/lely_core_libraries/share/lely_core_libraries/environment/ament_prefix_path.dsv
[36.253s] -- Installing: /home/ub2004/ros2_ws/install/lely_core_libraries/share/lely_core_libraries/environment/path.sh
[36.253s] -- Installing: /home/ub2004/ros2_ws/install/lely_core_libraries/share/lely_core_libraries/environment/path.dsv
[36.254s] -- Installing: /home/ub2004/ros2_ws/install/lely_core_libraries/share/lely_core_libraries/local_setup.bash
[36.254s] -- Installing: /home/ub2004/ros2_ws/install/lely_core_libraries/share/lely_core_libraries/local_setup.sh
[36.254s] -- Installing: /home/ub2004/ros2_ws/install/lely_core_libraries/share/lely_core_libraries/local_setup.zsh
[36.254s] -- Installing: /home/ub2004/ros2_ws/install/lely_core_libraries/share/lely_core_libraries/local_setup.dsv
[36.254s] -- Installing: /home/ub2004/ros2_ws/install/lely_core_libraries/share/lely_core_libraries/package.dsv
[36.254s] -- Installing: /home/ub2004/ros2_ws/install/lely_core_libraries/share/ament_index/resource_index/packages/lely_core_libraries
[36.255s] -- Up-to-date: /home/ub2004/ros2_ws/install/lely_core_libraries/share/lely_core_libraries/cmake/lely_core_libraries-extras.cmake
[36.255s] -- Installing: /home/ub2004/ros2_ws/install/lely_core_libraries/share/lely_core_libraries/cmake/ament_cmake_export_include_directories-extras.cmake
[36.255s] -- Installing: /home/ub2004/ros2_ws/install/lely_core_libraries/share/lely_core_libraries/cmake/ament_cmake_export_libraries-extras.cmake
[36.255s] -- Installing: /home/ub2004/ros2_ws/install/lely_core_libraries/share/lely_core_libraries/cmake/lely_core_librariesConfig.cmake
[36.255s] -- Installing: /home/ub2004/ros2_ws/install/lely_core_libraries/share/lely_core_libraries/cmake/lely_core_librariesConfig-version.cmake
[36.255s] -- Installing: /home/ub2004/ros2_ws/install/lely_core_libraries/share/lely_core_libraries/package.xml
[36.259s] Invoked command in '/home/ub2004/ros2_ws/build/lely_core_libraries' returned '0': CMAKE_PREFIX_PATH=${CMAKE_PREFIX_PATH}:/home/ub2004/ros2_ws/install/canopen_utils:/home/ub2004/ros2_ws/install/agv_pak:/opt/ros/humble /usr/bin/cmake --install /home/ub2004/ros2_ws/build/lely_core_libraries
