[0.041s] Invoking command in '/home/ub2004/ros2_ws/build/lely_core_libraries': CMAKE_PREFIX_PATH=${CMAKE_PREFIX_PATH}:/home/ub2004/ros2_ws/install/urdf_tutorial:/home/ub2004/ros2_ws/install/test_py:/home/ub2004/ros2_ws/install/canopen_utils:/home/ub2004/ros2_ws/install/can_comm:/home/ub2004/ros2_ws/install/agv_pak:/opt/ros/humble /usr/bin/cmake --build /home/ub2004/ros2_ws/build/lely_core_libraries -- -j8 -l8
[0.787s] [ 12%] [34m[1mPerforming update step for 'upstr_lely_core_libraries'[0m
[0.787s] HEAD의 현재 위치는 b63a0b6f입니다 co: fix co_time_of_day_set() to actually store the result
[0.787s] [ 12%] Built target ament_cmake_python_copy_cogen_setup
[0.787s] [ 12%] Built target ament_cmake_python_copy_cogen
[0.787s] [ 25%] [34m[1mNo patch step for 'upstr_lely_core_libraries'[0m
[0.787s] [ 37%] [34m[1mPerforming configure step for 'upstr_lely_core_libraries'[0m
[0.787s] running egg_info
[0.787s] writing cogen.egg-info/PKG-INFO
[0.787s] writing dependency_links to cogen.egg-info/dependency_links.txt
[0.788s] writing entry points to cogen.egg-info/entry_points.txt
[0.788s] writing top-level names to cogen.egg-info/top_level.txt
[0.788s] reading manifest file 'cogen.egg-info/SOURCES.txt'
[0.788s] writing manifest file 'cogen.egg-info/SOURCES.txt'
[0.788s] running install_scripts
[0.788s] [ 37%] Built target ament_cmake_python_build_cogen_egg
[0.788s] running egg_info
[0.788s] writing cogen.egg-info/PKG-INFO
[0.788s] writing dependency_links to cogen.egg-info/dependency_links.txt
[0.788s] writing entry points to cogen.egg-info/entry_points.txt
[0.788s] writing top-level names to cogen.egg-info/top_level.txt
[0.788s] reading manifest file 'cogen.egg-info/SOURCES.txt'
[0.788s] writing manifest file 'cogen.egg-info/SOURCES.txt'
[0.788s] Installing cogen script to scripts
[0.788s] [ 37%] Built target ament_cmake_python_build_cogen_scripts
[0.789s] configure.ac 패치를 확인하는 중입니다...
[0.789s] 패치 1번 부분 577번 줄에서 성공 (오프셋 8번 줄)
[0.789s] python/dcf-tools/Makefile.am 패치를 확인하는 중입니다...
[0.789s] configure.ac 패치 깔끔하게 적용.
[0.789s] python/dcf-tools/Makefile.am 패치 깔끔하게 적용.
[0.789s] /usr/lib/python3/dist-packages/setuptools/command/install.py:34: SetuptoolsDeprecationWarning: setup.py install is deprecated. Use build and pip and other standards-based tools.
[0.789s]   warnings.warn(
[4.939s] configure.ac:17: warning: The macro `AC_PROG_CC_STDC' is obsolete.
[4.939s] configure.ac:17: You should run autoupdate.
[4.939s] ./lib/autoconf/c.m4:1666: AC_PROG_CC_STDC is expanded from...
[4.939s] configure.ac:17: the top level
[4.939s] configure.ac:442: warning: AC_CHECK_HEADERS($ixxat_header): you should use literals
[4.939s] ./lib/autoconf/headers.m4:217: AC_CHECK_HEADERS is expanded from...
[4.939s] lib/m4sugar/m4sh.m4:699: AS_IF is expanded from...
[4.940s] lib/m4sugar/m4sh.m4:699: AS_IF is expanded from...
[4.940s] configure.ac:442: the top level
[6.620s] checking build system type... x86_64-pc-linux-gnu
[6.620s] checking host system type... x86_64-pc-linux-gnu
[6.620s] checking target system type... x86_64-pc-linux-gnu
[6.631s] checking for a BSD-compatible install... /usr/bin/install -c
[6.634s] checking whether build environment is sane... yes
[6.646s] checking for a race-free mkdir -p... /usr/bin/mkdir -p
[6.646s] checking for gawk... no
[6.647s] checking for mawk... mawk
[6.658s] checking whether make sets $(MAKE)... yes
[6.669s] checking whether make supports nested variables... yes
[6.675s] checking whether to enable maintainer-specific portions of Makefiles... yes
[6.675s] checking whether make supports nested variables... (cached) yes
[6.680s] checking for a sed that does not truncate output... /usr/bin/sed
[6.681s] checking whether to build with code coverage support... no
[6.683s] checking for valgrind... no
[6.693s] checking whether make supports the include directive... yes (GNU style)
[6.694s] checking for gcc... gcc
[6.770s] checking whether the C compiler works... yes
[6.770s] checking for C compiler default output file name... a.out
[6.804s] checking for suffix of executables... 
[6.845s] checking whether we are cross compiling... no
[6.870s] checking for suffix of object files... o
[6.890s] checking whether the compiler supports GNU C... yes
[6.909s] checking whether gcc accepts -g... yes
[6.960s] checking for gcc option to enable C11 features... none needed
[6.994s] checking whether gcc understands -c and -o together... yes
[7.031s] checking dependency style of gcc... gcc3
[7.055s] checking for stdio.h... yes
[7.081s] checking for stdlib.h... yes
[7.108s] checking for string.h... yes
[7.135s] checking for inttypes.h... yes
[7.166s] checking for stdint.h... yes
[7.194s] checking for strings.h... yes
[7.223s] checking for sys/stat.h... yes
[7.254s] checking for sys/types.h... yes
[7.287s] checking for unistd.h... yes
[7.327s] checking for wchar.h... yes
[7.366s] checking for minix/config.h... no
[7.404s] checking whether it is safe to define __EXTENSIONS__... yes
[7.430s] checking whether _XOPEN_SOURCE should be defined... no
[7.431s] checking for g++... g++
[7.480s] checking whether the compiler supports GNU C++... yes
[7.500s] checking whether g++ accepts -g... yes
[7.578s] checking for g++ option to enable C++11 features... none needed
[7.615s] checking dependency style of g++... gcc3
[7.662s] checking whether g++ supports C++11 features with -std=gnu++11... yes
[7.689s] checking how to print strings... printf
[7.689s] checking for a sed that does not truncate output... (cached) /usr/bin/sed
[7.693s] checking for grep that handles long lines and -e... /usr/bin/grep
[7.695s] checking for egrep... /usr/bin/grep -E
[7.697s] checking for fgrep... /usr/bin/grep -F
[7.703s] checking for ld used by gcc... /usr/bin/ld
[7.706s] checking if the linker (/usr/bin/ld) is GNU ld... yes
[7.709s] checking for BSD- or MS-compatible name lister (nm)... /usr/bin/nm -B
[7.732s] checking the name lister (/usr/bin/nm -B) interface... BSD nm
[7.732s] checking whether ln -s works... yes
[7.739s] checking the maximum length of command line arguments... 1572864
[7.743s] checking how to convert x86_64-pc-linux-gnu file names to x86_64-pc-linux-gnu format... func_convert_file_noop
[7.743s] checking how to convert x86_64-pc-linux-gnu file names to toolchain format... func_convert_file_noop
[7.743s] checking for /usr/bin/ld option to reload object files... -r
[7.744s] checking for objdump... objdump
[7.744s] checking how to recognize dependent libraries... pass_all
[7.745s] checking for dlltool... no
[7.745s] checking how to associate runtime and link libraries... printf %s\n
[7.745s] checking for ar... ar
[7.777s] checking for archiver @FILE support... @
[7.777s] checking for strip... strip
[7.778s] checking for ranlib... ranlib
[7.870s] checking command to parse /usr/bin/nm -B output from gcc object... ok
[7.872s] checking for sysroot... no
[7.878s] checking for a working dd... /usr/bin/dd
[7.884s] checking how to truncate binary pipes... /usr/bin/dd bs=4096 count=1
[7.901s] checking for mt... mt
[7.907s] checking if mt is a manifest tool... no
[7.965s] checking for dlfcn.h... yes
[7.971s] checking for objdir... .libs
[8.056s] checking if gcc supports -fno-rtti -fno-exceptions... no
[8.056s] checking for gcc option to produce PIC... -fPIC -DPIC
[8.080s] checking if gcc PIC flag -fPIC -DPIC works... yes
[8.188s] checking if gcc static flag -static works... yes
[8.225s] checking if gcc supports -c -o file.o... yes
[8.225s] checking if gcc supports -c -o file.o... (cached) yes
[8.240s] checking whether the gcc linker (/usr/bin/ld -m elf_x86_64) supports shared libraries... yes
[8.275s] checking whether -lc should be explicitly linked in... no
[8.340s] checking dynamic linker characteristics... GNU/Linux ld.so
[8.340s] checking how to hardcode library paths into programs... immediate
[8.343s] checking whether stripping libraries is possible... yes
[8.343s] checking if libtool supports shared libraries... yes
[8.343s] checking whether to build shared libraries... yes
[8.343s] checking whether to build static libraries... no
[8.383s] checking how to run the C++ preprocessor... g++ -std=gnu++11 -E
[8.509s] checking for ld used by g++ -std=gnu++11... /usr/bin/ld -m elf_x86_64
[8.514s] checking if the linker (/usr/bin/ld -m elf_x86_64) is GNU ld... yes
[8.524s] checking whether the g++ -std=gnu++11 linker (/usr/bin/ld -m elf_x86_64) supports shared libraries... yes
[8.625s] checking for g++ -std=gnu++11 option to produce PIC... -fPIC -DPIC
[8.656s] checking if g++ -std=gnu++11 PIC flag -fPIC -DPIC works... yes
[8.771s] checking if g++ -std=gnu++11 static flag -static works... yes
[8.810s] checking if g++ -std=gnu++11 supports -c -o file.o... yes
[8.810s] checking if g++ -std=gnu++11 supports -c -o file.o... (cached) yes
[8.810s] checking whether the g++ -std=gnu++11 linker (/usr/bin/ld -m elf_x86_64) supports shared libraries... yes
[8.815s] checking dynamic linker characteristics... (cached) GNU/Linux ld.so
[8.815s] checking how to hardcode library paths into programs... immediate
[8.817s] checking for windres... no
[8.909s] checking for timer_create in -lrt... yes
[8.942s] checking how to run the C preprocessor... gcc -E
[8.988s] checking whether gcc is Clang... no
[9.046s] checking whether pthreads work with "-pthread" and "-lpthread"... yes
[9.093s] checking for joinable pthread attribute... PTHREAD_CREATE_JOINABLE
[9.093s] checking whether more special flags are required for pthreads... no
[9.144s] checking for PTHREAD_PRIO_INHERIT... yes
[9.147s] checking for pkg-config... /usr/bin/pkg-config
[9.149s] checking pkg-config is at least version 0.9.0... yes
[9.155s] checking for cpputest >= 4... no
[9.201s] checking for valgrind/valgrind.h... no
[9.259s] checking for linux/can.h... yes
[9.316s] checking for linux/can/error.h... yes
[9.338s] checking for bluetooth/bluetooth.h... no
[9.368s] checking for bluetooth/rfcomm.h... no
[9.488s] checking for library containing str2ba... no
[9.547s] checking for ifaddrs.h... yes
[9.606s] checking for linux/can/netlink.h... yes
[9.665s] checking for linux/can/raw.h... yes
[9.741s] checking for linux/rtnetlink.h... yes
[9.797s] checking for sys/epoll.h... yes
[9.856s] checking for sys/ioctl.h... yes
[9.885s] checking for a Python interpreter with version >= 3.3... python3
[9.886s] checking for python3... /usr/bin/python3
[9.909s] checking for python3 version... 3.10
[9.930s] checking for python3 platform... linux
[9.931s] checking for GNU default python3 prefix... ${prefix}
[9.931s] checking for GNU default python3 exec_prefix... ${exec_prefix}
[9.972s] checking for python3 script directory (pythondir)... ${PYTHON_PREFIX}/lib/python3.10/site-packages
[10.012s] checking for python3 extension module directory (pyexecdir)... ${PYTHON_EXEC_PREFIX}/lib/python3.10/site-packages
[10.012s] checking for gawk... (cached) mawk
[10.045s] checking that generated files are newer than configure... done
[10.047s] configure: creating ./config.status
[11.236s] config.status: creating doc/Doxyfile
[11.265s] config.status: creating doc/Makefile
[11.293s] config.status: creating include/Makefile
[11.318s] config.status: creating pkgconfig/liblely-can.pc
[11.341s] config.status: creating pkgconfig/liblely-co.pc
[11.366s] config.status: creating pkgconfig/liblely-coapp.pc
[11.392s] config.status: creating pkgconfig/liblely-ev.pc
[11.416s] config.status: creating pkgconfig/liblely-io.pc
[11.440s] config.status: creating pkgconfig/liblely-io2.pc
[11.468s] config.status: creating pkgconfig/liblely-libc.pc
[11.494s] config.status: creating pkgconfig/liblely-libc_rt.pc
[11.519s] config.status: creating pkgconfig/liblely-tap.pc
[11.542s] config.status: creating pkgconfig/liblely-util.pc
[11.568s] config.status: creating pkgconfig/Makefile
[11.592s] config.status: creating python/can/Makefile
[11.615s] config.status: creating python/dcf-tools/Makefile
[11.637s] config.status: creating python/io/Makefile
[11.661s] config.status: creating python/Makefile
[11.686s] config.status: creating src/can/Makefile
[11.708s] config.status: creating src/co/Makefile
[11.730s] config.status: creating src/co/version.rc
[11.756s] config.status: creating src/coapp/Makefile
[11.781s] config.status: creating src/coapp/version.rc
[11.803s] config.status: creating src/ev/Makefile
[11.827s] config.status: creating src/ev/version.rc
[11.851s] config.status: creating src/io/Makefile
[11.874s] config.status: creating src/io2/Makefile
[11.897s] config.status: creating src/io2/version.rc
[11.920s] config.status: creating src/libc/Makefile
[11.947s] config.status: creating src/libc/version.rc
[11.969s] config.status: creating src/tap/Makefile
[11.997s] config.status: creating src/tap/version.rc
[12.020s] config.status: creating src/util/Makefile
[12.044s] config.status: creating src/util/version.rc
[12.070s] config.status: creating src/Makefile
[12.092s] config.status: creating tools/Makefile
[12.114s] config.status: creating tools/version.dcf2c.rc
[12.138s] config.status: creating test/co-nmt-master.dcf
[12.164s] config.status: creating test/Makefile
[12.191s] config.status: creating unit-tests/Makefile
[12.214s] config.status: creating exec-wrapper.sh
[12.233s] config.status: creating lcov-wrapper.sh
[12.252s] config.status: creating Makefile
[12.270s] config.status: creating config.h
[12.275s] config.status: config.h is unchanged
[12.279s] config.status: executing depfiles commands
[12.590s] config.status: executing libtool commands
[12.688s] [ 50%] [34m[1mPerforming build step for 'upstr_lely_core_libraries'[0m
[13.119s] config.status: creating config.h
[13.124s] config.status: config.h is unchanged
[13.142s] Making all in doc
[13.144s] Making all in include
[13.151s] Making all in src
[13.161s] Making all in libc
[13.171s] Making all in tap
[13.178s] Making all in util
[13.202s] Making all in can
[13.212s] Making all in co
[13.230s] Making all in io
[13.246s] Making all in ev
[13.257s] Making all in io2
[13.279s] Making all in coapp
[13.306s] Making all in python
[13.317s] Making all in dcf-tools
[13.325s] Making all in pkgconfig
[13.356s] [ 62%] [34m[1mNo install step for 'upstr_lely_core_libraries'[0m
[13.393s] [ 75%] [34m[1mCompleted 'upstr_lely_core_libraries'[0m
[13.432s] [100%] Built target upstr_lely_core_libraries
[13.444s] Invoked command in '/home/ub2004/ros2_ws/build/lely_core_libraries' returned '0': CMAKE_PREFIX_PATH=${CMAKE_PREFIX_PATH}:/home/ub2004/ros2_ws/install/urdf_tutorial:/home/ub2004/ros2_ws/install/test_py:/home/ub2004/ros2_ws/install/canopen_utils:/home/ub2004/ros2_ws/install/can_comm:/home/ub2004/ros2_ws/install/agv_pak:/opt/ros/humble /usr/bin/cmake --build /home/ub2004/ros2_ws/build/lely_core_libraries -- -j8 -l8
[13.446s] Invoking command in '/home/ub2004/ros2_ws/build/lely_core_libraries': CMAKE_PREFIX_PATH=${CMAKE_PREFIX_PATH}:/home/ub2004/ros2_ws/install/urdf_tutorial:/home/ub2004/ros2_ws/install/test_py:/home/ub2004/ros2_ws/install/canopen_utils:/home/ub2004/ros2_ws/install/can_comm:/home/ub2004/ros2_ws/install/agv_pak:/opt/ros/humble /usr/bin/cmake --install /home/ub2004/ros2_ws/build/lely_core_libraries
[13.456s] -- Install configuration: ""
[13.464s] Making install in doc
[13.467s] gmake[1]: 디렉터리 '/home/ub2004/ros2_ws/build/lely_core_libraries/build/doc' 들어감
[13.471s] gmake[2]: 디렉터리 '/home/ub2004/ros2_ws/build/lely_core_libraries/build/doc' 들어감
[13.471s] gmake[2]: 'install-exec-am'을(를) 위해 할 일이 없습니다.
[13.471s] gmake[2]: 'install-data-am'을(를) 위해 할 일이 없습니다.
[13.471s] gmake[2]: 디렉터리 '/home/ub2004/ros2_ws/build/lely_core_libraries/build/doc' 나감
[13.472s] gmake[1]: 디렉터리 '/home/ub2004/ros2_ws/build/lely_core_libraries/build/doc' 나감
[13.472s] Making install in include
[13.477s] gmake[1]: 디렉터리 '/home/ub2004/ros2_ws/build/lely_core_libraries/build/include' 들어감
[13.481s] gmake[2]: 디렉터리 '/home/ub2004/ros2_ws/build/lely_core_libraries/build/include' 들어감
[13.481s] gmake[2]: 'install-exec-am'을(를) 위해 할 일이 없습니다.
[13.486s]  /usr/bin/mkdir -p '/home/ub2004/ros2_ws/install/lely_core_libraries/include'
[13.495s]  /usr/bin/mkdir -p '/home/ub2004/ros2_ws/install/lely_core_libraries/include/lely/co'
[13.496s]  /usr/bin/install -c -m 644  /home/ub2004/ros2_ws/build/lely_core_libraries/upstream/include/lely/co/co.h /home/ub2004/ros2_ws/build/lely_core_libraries/upstream/include/lely/co/crc.h /home/ub2004/ros2_ws/build/lely_core_libraries/upstream/include/lely/co/csdo.h /home/ub2004/ros2_ws/build/lely_core_libraries/upstream/include/lely/co/csdo.hpp /home/ub2004/ros2_ws/build/lely_core_libraries/upstream/include/lely/co/dcf.h /home/ub2004/ros2_ws/build/lely_core_libraries/upstream/include/lely/co/dcf.hpp /home/ub2004/ros2_ws/build/lely_core_libraries/upstream/include/lely/co/dev.h /home/ub2004/ros2_ws/build/lely_core_libraries/upstream/include/lely/co/dev.hpp /home/ub2004/ros2_ws/build/lely_core_libraries/upstream/include/lely/co/emcy.h /home/ub2004/ros2_ws/build/lely_core_libraries/upstream/include/lely/co/emcy.hpp /home/ub2004/ros2_ws/build/lely_core_libraries/upstream/include/lely/co/gw.h /home/ub2004/ros2_ws/build/lely_core_libraries/upstream/include/lely/co/gw.hpp /home/ub2004/ros2_ws/build/lely_core_libraries/upstream/include/lely/co/gw_txt.h /home/ub2004/ros2_ws/build/lely_core_libraries/upstream/include/lely/co/gw_txt.hpp /home/ub2004/ros2_ws/build/lely_core_libraries/upstream/include/lely/co/lss.h /home/ub2004/ros2_ws/build/lely_core_libraries/upstream/include/lely/co/lss.hpp /home/ub2004/ros2_ws/build/lely_core_libraries/upstream/include/lely/co/nmt.h /home/ub2004/ros2_ws/build/lely_core_libraries/upstream/include/lely/co/nmt.hpp /home/ub2004/ros2_ws/build/lely_core_libraries/upstream/include/lely/co/obj.h /home/ub2004/ros2_ws/build/lely_core_libraries/upstream/include/lely/co/obj.hpp /home/ub2004/ros2_ws/build/lely_core_libraries/upstream/include/lely/co/pdo.h /home/ub2004/ros2_ws/build/lely_core_libraries/upstream/include/lely/co/rpdo.h /home/ub2004/ros2_ws/build/lely_core_libraries/upstream/include/lely/co/rpdo.hpp /home/ub2004/ros2_ws/build/lely_core_libraries/upstream/include/lely/co/sdev.h /home/ub2004/ros2_ws/build/lely_core_libraries/upstream/include/lely/co/sdev.hpp /home/ub2004/ros2_ws/build/lely_core_libraries/upstream/include/lely/co/sdo.h /home/ub2004/ros2_ws/build/lely_core_libraries/upstream/include/lely/co/ssdo.h /home/ub2004/ros2_ws/build/lely_core_libraries/upstream/include/lely/co/ssdo.hpp /home/ub2004/ros2_ws/build/lely_core_libraries/upstream/include/lely/co/sync.h /home/ub2004/ros2_ws/build/lely_core_libraries/upstream/include/lely/co/sync.hpp /home/ub2004/ros2_ws/build/lely_core_libraries/upstream/include/lely/co/time.h /home/ub2004/ros2_ws/build/lely_core_libraries/upstream/include/lely/co/time.hpp /home/ub2004/ros2_ws/build/lely_core_libraries/upstream/include/lely/co/tpdo.h /home/ub2004/ros2_ws/build/lely_core_libraries/upstream/include/lely/co/tpdo.hpp /home/ub2004/ros2_ws/build/lely_core_libraries/upstream/include/lely/co/type.h /home/ub2004/ros2_ws/build/lely_core_libraries/upstream/include/lely/co/type.hpp /home/ub2004/ros2_ws/build/lely_core_libraries/upstream/include/lely/co/val.h /home/ub2004/ros2_ws/build/lely_core_libraries/upstream/include/lely/co/val.hpp /home/ub2004/ros2_ws/build/lely_core_libraries/upstream/include/lely/co/wtm.h /home/ub2004/ros2_ws/build/lely_core_libraries/upstream/include/lely/co/wtm.hpp '/home/ub2004/ros2_ws/install/lely_core_libraries/include/lely/co'
[13.501s]  /usr/bin/mkdir -p '/home/ub2004/ros2_ws/install/lely_core_libraries/include/lely/io2/posix'
[13.502s]  /usr/bin/install -c -m 644  /home/ub2004/ros2_ws/build/lely_core_libraries/upstream/include/lely/io2/posix/poll.h /home/ub2004/ros2_ws/build/lely_core_libraries/upstream/include/lely/io2/posix/poll.hpp '/home/ub2004/ros2_ws/install/lely_core_libraries/include/lely/io2/posix'
[13.504s]  /usr/bin/mkdir -p '/home/ub2004/ros2_ws/install/lely_core_libraries/include/lely/can'
[13.506s]  /usr/bin/install -c -m 644  /home/ub2004/ros2_ws/build/lely_core_libraries/upstream/include/lely/can/buf.h /home/ub2004/ros2_ws/build/lely_core_libraries/upstream/include/lely/can/buf.hpp /home/ub2004/ros2_ws/build/lely_core_libraries/upstream/include/lely/can/err.h /home/ub2004/ros2_ws/build/lely_core_libraries/upstream/include/lely/can/msg.h /home/ub2004/ros2_ws/build/lely_core_libraries/upstream/include/lely/can/net.h /home/ub2004/ros2_ws/build/lely_core_libraries/upstream/include/lely/can/net.hpp /home/ub2004/ros2_ws/build/lely_core_libraries/upstream/include/lely/can/socket.h '/home/ub2004/ros2_ws/install/lely_core_libraries/include/lely/can'
[13.509s]  /usr/bin/mkdir -p '/home/ub2004/ros2_ws/install/lely_core_libraries/include/lely/ev'
[13.510s]  /usr/bin/install -c -m 644  /home/ub2004/ros2_ws/build/lely_core_libraries/upstream/include/lely/ev/co_task.hpp /home/ub2004/ros2_ws/build/lely_core_libraries/upstream/include/lely/ev/ev.h /home/ub2004/ros2_ws/build/lely_core_libraries/upstream/include/lely/ev/exec.h /home/ub2004/ros2_ws/build/lely_core_libraries/upstream/include/lely/ev/exec.hpp /home/ub2004/ros2_ws/build/lely_core_libraries/upstream/include/lely/ev/fiber_exec.h /home/ub2004/ros2_ws/build/lely_core_libraries/upstream/include/lely/ev/fiber_exec.hpp /home/ub2004/ros2_ws/build/lely_core_libraries/upstream/include/lely/ev/future.h /home/ub2004/ros2_ws/build/lely_core_libraries/upstream/include/lely/ev/future.hpp /home/ub2004/ros2_ws/build/lely_core_libraries/upstream/include/lely/ev/loop.h /home/ub2004/ros2_ws/build/lely_core_libraries/upstream/include/lely/ev/loop.hpp /home/ub2004/ros2_ws/build/lely_core_libraries/upstream/include/lely/ev/poll.h /home/ub2004/ros2_ws/build/lely_core_libraries/upstream/include/lely/ev/poll.hpp /home/ub2004/ros2_ws/build/lely_core_libraries/upstream/include/lely/ev/std_exec.h /home/ub2004/ros2_ws/build/lely_core_libraries/upstream/include/lely/ev/strand.h /home/ub2004/ros2_ws/build/lely_core_libraries/upstream/include/lely/ev/strand.hpp /home/ub2004/ros2_ws/build/lely_core_libraries/upstream/include/lely/ev/task.h /home/ub2004/ros2_ws/build/lely_core_libraries/upstream/include/lely/ev/task.hpp /home/ub2004/ros2_ws/build/lely_core_libraries/upstream/include/lely/ev/thrd_loop.h /home/ub2004/ros2_ws/build/lely_core_libraries/upstream/include/lely/ev/thrd_loop.hpp '/home/ub2004/ros2_ws/install/lely_core_libraries/include/lely/ev'
[13.514s]  /usr/bin/mkdir -p '/home/ub2004/ros2_ws/install/lely_core_libraries/include/lely/co/def'
[13.515s]  /usr/bin/install -c -m 644  /home/ub2004/ros2_ws/build/lely_core_libraries/upstream/include/lely/co/def/array.def /home/ub2004/ros2_ws/build/lely_core_libraries/upstream/include/lely/co/def/basic.def /home/ub2004/ros2_ws/build/lely_core_libraries/upstream/include/lely/co/def/cxx.def /home/ub2004/ros2_ws/build/lely_core_libraries/upstream/include/lely/co/def/time.def /home/ub2004/ros2_ws/build/lely_core_libraries/upstream/include/lely/co/def/type.def '/home/ub2004/ros2_ws/install/lely_core_libraries/include/lely/co/def'
[13.517s]  /usr/bin/mkdir -p '/home/ub2004/ros2_ws/install/lely_core_libraries/include/lely'
[13.519s]  /usr/bin/install -c -m 644  /home/ub2004/ros2_ws/build/lely_core_libraries/upstream/include/lely/features.h '/home/ub2004/ros2_ws/install/lely_core_libraries/include/lely'
[13.521s]  /usr/bin/mkdir -p '/home/ub2004/ros2_ws/install/lely_core_libraries/include/lely/io'
[13.523s]  /usr/bin/install -c -m 644  /home/ub2004/ros2_ws/build/lely_core_libraries/upstream/include/lely/io/addr.h /home/ub2004/ros2_ws/build/lely_core_libraries/upstream/include/lely/io/attr.h /home/ub2004/ros2_ws/build/lely_core_libraries/upstream/include/lely/io/can.h /home/ub2004/ros2_ws/build/lely_core_libraries/upstream/include/lely/io/can.hpp /home/ub2004/ros2_ws/build/lely_core_libraries/upstream/include/lely/io/file.h /home/ub2004/ros2_ws/build/lely_core_libraries/upstream/include/lely/io/file.hpp /home/ub2004/ros2_ws/build/lely_core_libraries/upstream/include/lely/io/if.h /home/ub2004/ros2_ws/build/lely_core_libraries/upstream/include/lely/io/io.h /home/ub2004/ros2_ws/build/lely_core_libraries/upstream/include/lely/io/io.hpp /home/ub2004/ros2_ws/build/lely_core_libraries/upstream/include/lely/io/pipe.h /home/ub2004/ros2_ws/build/lely_core_libraries/upstream/include/lely/io/pipe.hpp /home/ub2004/ros2_ws/build/lely_core_libraries/upstream/include/lely/io/poll.h /home/ub2004/ros2_ws/build/lely_core_libraries/upstream/include/lely/io/poll.hpp /home/ub2004/ros2_ws/build/lely_core_libraries/upstream/include/lely/io/serial.h /home/ub2004/ros2_ws/build/lely_core_libraries/upstream/include/lely/io/serial.hpp /home/ub2004/ros2_ws/build/lely_core_libraries/upstream/include/lely/io/sock.h /home/ub2004/ros2_ws/build/lely_core_libraries/upstream/include/lely/io/sock.hpp '/home/ub2004/ros2_ws/install/lely_core_libraries/include/lely/io'
[13.526s]  /usr/bin/mkdir -p '/home/ub2004/ros2_ws/install/lely_core_libraries/include/lely/util/def'
[13.527s]  /usr/bin/install -c -m 644  /home/ub2004/ros2_ws/build/lely_core_libraries/upstream/include/lely/util/def/type.def '/home/ub2004/ros2_ws/install/lely_core_libraries/include/lely/util/def'
[13.529s]  /usr/bin/mkdir -p '/home/ub2004/ros2_ws/install/lely_core_libraries/include/lely/co/detail'
[13.531s]  /usr/bin/install -c -m 644  /home/ub2004/ros2_ws/build/lely_core_libraries/upstream/include/lely/co/detail/dev.h /home/ub2004/ros2_ws/build/lely_core_libraries/upstream/include/lely/co/detail/obj.h '/home/ub2004/ros2_ws/install/lely_core_libraries/include/lely/co/detail'
[13.533s]  /usr/bin/mkdir -p '/home/ub2004/ros2_ws/install/lely_core_libraries/include/lely/io2/can'
[13.534s]  /usr/bin/install -c -m 644  /home/ub2004/ros2_ws/build/lely_core_libraries/upstream/include/lely/io2/can/err.h /home/ub2004/ros2_ws/build/lely_core_libraries/upstream/include/lely/io2/can/err.hpp /home/ub2004/ros2_ws/build/lely_core_libraries/upstream/include/lely/io2/can/msg.h /home/ub2004/ros2_ws/build/lely_core_libraries/upstream/include/lely/io2/can/msg.hpp '/home/ub2004/ros2_ws/install/lely_core_libraries/include/lely/io2/can'
[13.537s]  /usr/bin/mkdir -p '/home/ub2004/ros2_ws/install/lely_core_libraries/include/lely/coapp'
[13.538s]  /usr/bin/install -c -m 644  /home/ub2004/ros2_ws/build/lely_core_libraries/upstream/include/lely/coapp/type_traits.hpp /home/ub2004/ros2_ws/build/lely_core_libraries/upstream/include/lely/coapp/device.hpp /home/ub2004/ros2_ws/build/lely_core_libraries/upstream/include/lely/coapp/driver.hpp /home/ub2004/ros2_ws/build/lely_core_libraries/upstream/include/lely/coapp/fiber_driver.hpp /home/ub2004/ros2_ws/build/lely_core_libraries/upstream/include/lely/coapp/logical_driver.hpp /home/ub2004/ros2_ws/build/lely_core_libraries/upstream/include/lely/coapp/loop_driver.hpp /home/ub2004/ros2_ws/build/lely_core_libraries/upstream/include/lely/coapp/lss_master.hpp /home/ub2004/ros2_ws/build/lely_core_libraries/upstream/include/lely/coapp/master.hpp /home/ub2004/ros2_ws/build/lely_core_libraries/upstream/include/lely/coapp/node.hpp /home/ub2004/ros2_ws/build/lely_core_libraries/upstream/include/lely/coapp/sdo.hpp /home/ub2004/ros2_ws/build/lely_core_libraries/upstream/include/lely/coapp/sdo_error.hpp /home/ub2004/ros2_ws/build/lely_core_libraries/upstream/include/lely/coapp/slave.hpp '/home/ub2004/ros2_ws/install/lely_core_libraries/include/lely/coapp'
[13.542s]  /usr/bin/mkdir -p '/home/ub2004/ros2_ws/install/lely_core_libraries/include/lely/io2'
[13.544s]  /usr/bin/install -c -m 644  /home/ub2004/ros2_ws/build/lely_core_libraries/upstream/include/lely/io2/can.h /home/ub2004/ros2_ws/build/lely_core_libraries/upstream/include/lely/io2/can.hpp /home/ub2004/ros2_ws/build/lely_core_libraries/upstream/include/lely/io2/can_net.h /home/ub2004/ros2_ws/build/lely_core_libraries/upstream/include/lely/io2/can_net.hpp /home/ub2004/ros2_ws/build/lely_core_libraries/upstream/include/lely/io2/can_rt.h /home/ub2004/ros2_ws/build/lely_core_libraries/upstream/include/lely/io2/can_rt.hpp /home/ub2004/ros2_ws/build/lely_core_libraries/upstream/include/lely/io2/clock.h /home/ub2004/ros2_ws/build/lely_core_libraries/upstream/include/lely/io2/clock.hpp /home/ub2004/ros2_ws/build/lely_core_libraries/upstream/include/lely/io2/co_can.hpp /home/ub2004/ros2_ws/build/lely_core_libraries/upstream/include/lely/io2/co_can_rt.hpp /home/ub2004/ros2_ws/build/lely_core_libraries/upstream/include/lely/io2/co_sigset.hpp /home/ub2004/ros2_ws/build/lely_core_libraries/upstream/include/lely/io2/co_timer.hpp /home/ub2004/ros2_ws/build/lely_core_libraries/upstream/include/lely/io2/co_tqueue.hpp /home/ub2004/ros2_ws/build/lely_core_libraries/upstream/include/lely/io2/ctx.h /home/ub2004/ros2_ws/build/lely_core_libraries/upstream/include/lely/io2/ctx.hpp /home/ub2004/ros2_ws/build/lely_core_libraries/upstream/include/lely/io2/dev.h /home/ub2004/ros2_ws/build/lely_core_libraries/upstream/include/lely/io2/dev.hpp /home/ub2004/ros2_ws/build/lely_core_libraries/upstream/include/lely/io2/event.h /home/ub2004/ros2_ws/build/lely_core_libraries/upstream/include/lely/io2/event.hpp /home/ub2004/ros2_ws/build/lely_core_libraries/upstream/include/lely/io2/io2.h /home/ub2004/ros2_ws/build/lely_core_libraries/upstream/include/lely/io2/sigset.h /home/ub2004/ros2_ws/build/lely_core_libraries/upstream/include/lely/io2/sigset.hpp /home/ub2004/ros2_ws/build/lely_core_libraries/upstream/include/lely/io2/timer.h /home/ub2004/ros2_ws/build/lely_core_libraries/upstream/include/lely/io2/timer.hpp /home/ub2004/ros2_ws/build/lely_core_libraries/upstream/include/lely/io2/tqueue.h /home/ub2004/ros2_ws/build/lely_core_libraries/upstream/include/lely/io2/tqueue.hpp /home/ub2004/ros2_ws/build/lely_core_libraries/upstream/include/lely/io2/vcan.h /home/ub2004/ros2_ws/build/lely_core_libraries/upstream/include/lely/io2/vcan.hpp '/home/ub2004/ros2_ws/install/lely_core_libraries/include/lely/io2'
[13.548s]  /usr/bin/mkdir -p '/home/ub2004/ros2_ws/install/lely_core_libraries/include/lely/io2/linux'
[13.550s]  /usr/bin/install -c -m 644  /home/ub2004/ros2_ws/build/lely_core_libraries/upstream/include/lely/io2/linux/can.h /home/ub2004/ros2_ws/build/lely_core_libraries/upstream/include/lely/io2/linux/can.hpp '/home/ub2004/ros2_ws/install/lely_core_libraries/include/lely/io2/linux'
[13.552s]  /usr/bin/mkdir -p '/home/ub2004/ros2_ws/install/lely_core_libraries/include/lely/libc/sys'
[13.554s]  /usr/bin/install -c -m 644  /home/ub2004/ros2_ws/build/lely_core_libraries/upstream/include/lely/libc/sys/types.h '/home/ub2004/ros2_ws/install/lely_core_libraries/include/lely/libc/sys'
[13.556s]  /usr/bin/mkdir -p '/home/ub2004/ros2_ws/install/lely_core_libraries/include/lely/io2/user'
[13.558s]  /usr/bin/install -c -m 644  /home/ub2004/ros2_ws/build/lely_core_libraries/upstream/include/lely/io2/user/can.h /home/ub2004/ros2_ws/build/lely_core_libraries/upstream/include/lely/io2/user/can.hpp /home/ub2004/ros2_ws/build/lely_core_libraries/upstream/include/lely/io2/user/timer.h /home/ub2004/ros2_ws/build/lely_core_libraries/upstream/include/lely/io2/user/timer.hpp '/home/ub2004/ros2_ws/install/lely_core_libraries/include/lely/io2/user'
[13.561s]  /usr/bin/mkdir -p '/home/ub2004/ros2_ws/install/lely_core_libraries/include/lely/io2/sys'
[13.563s]  /usr/bin/install -c -m 644  /home/ub2004/ros2_ws/build/lely_core_libraries/upstream/include/lely/io2/sys/clock.h /home/ub2004/ros2_ws/build/lely_core_libraries/upstream/include/lely/io2/sys/clock.hpp /home/ub2004/ros2_ws/build/lely_core_libraries/upstream/include/lely/io2/sys/io.h /home/ub2004/ros2_ws/build/lely_core_libraries/upstream/include/lely/io2/sys/io.hpp /home/ub2004/ros2_ws/build/lely_core_libraries/upstream/include/lely/io2/sys/sigset.h /home/ub2004/ros2_ws/build/lely_core_libraries/upstream/include/lely/io2/sys/sigset.hpp /home/ub2004/ros2_ws/build/lely_core_libraries/upstream/include/lely/io2/sys/timer.h /home/ub2004/ros2_ws/build/lely_core_libraries/upstream/include/lely/io2/sys/timer.hpp '/home/ub2004/ros2_ws/install/lely_core_libraries/include/lely/io2/sys'
[13.567s]  /usr/bin/mkdir -p '/home/ub2004/ros2_ws/install/lely_core_libraries/include/lely/tap'
[13.569s]  /usr/bin/install -c -m 644  /home/ub2004/ros2_ws/build/lely_core_libraries/upstream/include/lely/tap/tap.h '/home/ub2004/ros2_ws/install/lely_core_libraries/include/lely/tap'
[13.572s]  /usr/bin/mkdir -p '/home/ub2004/ros2_ws/install/lely_core_libraries/include/lely/util'
[13.574s]  /usr/bin/install -c -m 644  /home/ub2004/ros2_ws/build/lely_core_libraries/upstream/include/lely/util/bimap.h /home/ub2004/ros2_ws/build/lely_core_libraries/upstream/include/lely/util/coroutine.h /home/ub2004/ros2_ws/build/lely_core_libraries/upstream/include/lely/util/coroutine.hpp /home/ub2004/ros2_ws/build/lely_core_libraries/upstream/include/lely/util/mkjmp.h /home/ub2004/ros2_ws/build/lely_core_libraries/upstream/include/lely/util/sllist.h /home/ub2004/ros2_ws/build/lely_core_libraries/upstream/include/lely/util/spscring.h /home/ub2004/ros2_ws/build/lely_core_libraries/upstream/include/lely/util/bits.h /home/ub2004/ros2_ws/build/lely_core_libraries/upstream/include/lely/util/bitset.h /home/ub2004/ros2_ws/build/lely_core_libraries/upstream/include/lely/util/c_call.hpp /home/ub2004/ros2_ws/build/lely_core_libraries/upstream/include/lely/util/c_type.hpp /home/ub2004/ros2_ws/build/lely_core_libraries/upstream/include/lely/util/chrono.hpp /home/ub2004/ros2_ws/build/lely_core_libraries/upstream/include/lely/util/cmp.h /home/ub2004/ros2_ws/build/lely_core_libraries/upstream/include/lely/util/config.h /home/ub2004/ros2_ws/build/lely_core_libraries/upstream/include/lely/util/daemon.h /home/ub2004/ros2_ws/build/lely_core_libraries/upstream/include/lely/util/diag.h /home/ub2004/ros2_ws/build/lely_core_libraries/upstream/include/lely/util/dllist.h /home/ub2004/ros2_ws/build/lely_core_libraries/upstream/include/lely/util/endian.h /home/ub2004/ros2_ws/build/lely_core_libraries/upstream/include/lely/util/errnum.h /home/ub2004/ros2_ws/build/lely_core_libraries/upstream/include/lely/util/error.hpp /home/ub2004/ros2_ws/build/lely_core_libraries/upstream/include/lely/util/exception.hpp /home/ub2004/ros2_ws/build/lely_core_libraries/upstream/include/lely/util/fiber.h /home/ub2004/ros2_ws/build/lely_core_libraries/upstream/include/lely/util/fiber.hpp /home/ub2004/ros2_ws/build/lely_core_libraries/upstream/include/lely/util/float.h /home/ub2004/ros2_ws/build/lely_core_libraries/upstream/include/lely/util/frbuf.h /home/ub2004/ros2_ws/build/lely_core_libraries/upstream/include/lely/util/fwbuf.h /home/ub2004/ros2_ws/build/lely_core_libraries/upstream/include/lely/util/invoker.hpp /home/ub2004/ros2_ws/build/lely_core_libraries/upstream/include/lely/util/lex.h /home/ub2004/ros2_ws/build/lely_core_libraries/upstream/include/lely/util/membuf.h /home/ub2004/ros2_ws/build/lely_core_libraries/upstream/include/lely/util/mutex.hpp /home/ub2004/ros2_ws/build/lely_core_libraries/upstream/include/lely/util/pheap.h /home/ub2004/ros2_ws/build/lely_core_libraries/upstream/include/lely/util/print.h /home/ub2004/ros2_ws/build/lely_core_libraries/upstream/include/lely/util/rbtree.h /home/ub2004/ros2_ws/build/lely_core_libraries/upstream/include/lely/util/result.hpp /home/ub2004/ros2_ws/build/lely_core_libraries/upstream/include/lely/util/stop.h /home/ub2004/ros2_ws/build/lely_core_libraries/upstream/include/lely/util/stop.hpp /home/ub2004/ros2_ws/build/lely_core_libraries/upstream/include/lely/util/time.h /home/ub2004/ros2_ws/build/lely_core_libraries/upstream/include/lely/util/ustring.h /home/ub2004/ros2_ws/build/lely_core_libraries/upstream/include/lely/util/util.h '/home/ub2004/ros2_ws/install/lely_core_libraries/include/lely/util'
[13.580s]  /usr/bin/mkdir -p '/home/ub2004/ros2_ws/install/lely_core_libraries/include/lely/libc'
[13.582s]  /usr/bin/install -c -m 644  /home/ub2004/ros2_ws/build/lely_core_libraries/upstream/include/lely/libc/chrono.hpp /home/ub2004/ros2_ws/build/lely_core_libraries/upstream/include/lely/libc/functional.hpp /home/ub2004/ros2_ws/build/lely_core_libraries/upstream/include/lely/libc/stdatomic.h /home/ub2004/ros2_ws/build/lely_core_libraries/upstream/include/lely/libc/stddef.h /home/ub2004/ros2_ws/build/lely_core_libraries/upstream/include/lely/libc/stdint.h /home/ub2004/ros2_ws/build/lely_core_libraries/upstream/include/lely/libc/stdio.h /home/ub2004/ros2_ws/build/lely_core_libraries/upstream/include/lely/libc/stdlib.h /home/ub2004/ros2_ws/build/lely_core_libraries/upstream/include/lely/libc/string.h /home/ub2004/ros2_ws/build/lely_core_libraries/upstream/include/lely/libc/strings.h /home/ub2004/ros2_ws/build/lely_core_libraries/upstream/include/lely/libc/threads.h /home/ub2004/ros2_ws/build/lely_core_libraries/upstream/include/lely/libc/time.h /home/ub2004/ros2_ws/build/lely_core_libraries/upstream/include/lely/libc/type_traits.hpp /home/ub2004/ros2_ws/build/lely_core_libraries/upstream/include/lely/libc/uchar.h /home/ub2004/ros2_ws/build/lely_core_libraries/upstream/include/lely/libc/unistd.h /home/ub2004/ros2_ws/build/lely_core_libraries/upstream/include/lely/libc/utility.hpp '/home/ub2004/ros2_ws/install/lely_core_libraries/include/lely/libc'
[13.586s] gmake[2]: 디렉터리 '/home/ub2004/ros2_ws/build/lely_core_libraries/build/include' 나감
[13.587s] gmake[1]: 디렉터리 '/home/ub2004/ros2_ws/build/lely_core_libraries/build/include' 나감
[13.587s] Making install in src
[13.589s] gmake[1]: 디렉터리 '/home/ub2004/ros2_ws/build/lely_core_libraries/build/src' 들어감
[13.594s] Making install in libc
[13.604s] gmake[2]: 디렉터리 '/home/ub2004/ros2_ws/build/lely_core_libraries/build/src/libc' 들어감
[13.614s] gmake[3]: 디렉터리 '/home/ub2004/ros2_ws/build/lely_core_libraries/build/src/libc' 들어감
[13.616s]  /usr/bin/mkdir -p '/home/ub2004/ros2_ws/install/lely_core_libraries/lib'
[13.618s]  /bin/bash ../../libtool   --mode=install /usr/bin/install -c   liblely-libc.la '/home/ub2004/ros2_ws/install/lely_core_libraries/lib'
[13.640s] libtool: install: /usr/bin/install -c .libs/liblely-libc.so.2.4.0 /home/ub2004/ros2_ws/install/lely_core_libraries/lib/liblely-libc.so.2.4.0
[13.644s] libtool: install: (cd /home/ub2004/ros2_ws/install/lely_core_libraries/lib && { ln -s -f liblely-libc.so.2.4.0 liblely-libc.so.2 || { rm -f liblely-libc.so.2 && ln -s liblely-libc.so.2.4.0 liblely-libc.so.2; }; })
[13.647s] libtool: install: (cd /home/ub2004/ros2_ws/install/lely_core_libraries/lib && { ln -s -f liblely-libc.so.2.4.0 liblely-libc.so || { rm -f liblely-libc.so && ln -s liblely-libc.so.2.4.0 liblely-libc.so; }; })
[13.650s] libtool: install: /usr/bin/install -c .libs/liblely-libc.lai /home/ub2004/ros2_ws/install/lely_core_libraries/lib/liblely-libc.la
[13.687s] libtool: finish: PATH="/home/ub2004/ros2_ws/install/lely_core_libraries/bin:/opt/ros/humble/bin:/home/ub2004/.local/bin:/usr/local/sbin:/usr/local/bin:/usr/sbin:/usr/bin:/sbin:/bin:/usr/games:/usr/local/games:/snap/bin:/snap/bin:/sbin" ldconfig -n /home/ub2004/ros2_ws/install/lely_core_libraries/lib
[13.690s] ----------------------------------------------------------------------
[13.690s] Libraries have been installed in:
[13.690s]    /home/ub2004/ros2_ws/install/lely_core_libraries/lib
[13.690s] 
[13.690s] If you ever happen to want to link against installed libraries
[13.690s] in a given directory, LIBDIR, you must either use libtool, and
[13.690s] specify the full pathname of the library, or use the '-LLIBDIR'
[13.691s] flag during linking and do at least one of the following:
[13.691s]    - add LIBDIR to the 'LD_LIBRARY_PATH' environment variable
[13.691s]      during execution
[13.691s]    - add LIBDIR to the 'LD_RUN_PATH' environment variable
[13.691s]      during linking
[13.691s]    - use the '-Wl,-rpath -Wl,LIBDIR' linker flag
[13.691s]    - have your system administrator add LIBDIR to '/etc/ld.so.conf'
[13.691s] 
[13.691s] See any operating system documentation about shared libraries for
[13.691s] more information, such as the ld(1) and ld.so(8) manual pages.
[13.691s] ----------------------------------------------------------------------
[13.696s] gmake[3]: 디렉터리 '/home/ub2004/ros2_ws/build/lely_core_libraries/build/src/libc' 나감
[13.696s] gmake[2]: 디렉터리 '/home/ub2004/ros2_ws/build/lely_core_libraries/build/src/libc' 나감
[13.696s] Making install in tap
[13.702s] gmake[2]: 디렉터리 '/home/ub2004/ros2_ws/build/lely_core_libraries/build/src/tap' 들어감
[13.710s] gmake[3]: 디렉터리 '/home/ub2004/ros2_ws/build/lely_core_libraries/build/src/tap' 들어감
[13.712s]  /usr/bin/mkdir -p '/home/ub2004/ros2_ws/install/lely_core_libraries/lib'
[13.714s]  /bin/bash ../../libtool   --mode=install /usr/bin/install -c   liblely-tap.la '/home/ub2004/ros2_ws/install/lely_core_libraries/lib'
[13.742s] libtool: warning: relinking 'liblely-tap.la'
[13.746s] libtool: install: (cd /home/ub2004/ros2_ws/build/lely_core_libraries/build/src/tap; /bin/bash "/home/ub2004/ros2_ws/build/lely_core_libraries/build/libtool"  --silent --tag CC --mode=relink gcc -Wall -Wextra -pedantic -Werror -Wno-static-in-inline -pthread -g -O2 -no-undefined -version-number 2:4:0 -Wl,--as-needed -o liblely-tap.la -rpath /home/ub2004/ros2_ws/install/lely_core_libraries/lib liblely_tap_la-tap.lo ../../src/libc/liblely-libc.la -lpthread )
[13.851s] libtool: install: /usr/bin/install -c .libs/liblely-tap.so.2.4.0T /home/ub2004/ros2_ws/install/lely_core_libraries/lib/liblely-tap.so.2.4.0
[13.854s] libtool: install: (cd /home/ub2004/ros2_ws/install/lely_core_libraries/lib && { ln -s -f liblely-tap.so.2.4.0 liblely-tap.so.2 || { rm -f liblely-tap.so.2 && ln -s liblely-tap.so.2.4.0 liblely-tap.so.2; }; })
[13.857s] libtool: install: (cd /home/ub2004/ros2_ws/install/lely_core_libraries/lib && { ln -s -f liblely-tap.so.2.4.0 liblely-tap.so || { rm -f liblely-tap.so && ln -s liblely-tap.so.2.4.0 liblely-tap.so; }; })
[13.860s] libtool: install: /usr/bin/install -c .libs/liblely-tap.lai /home/ub2004/ros2_ws/install/lely_core_libraries/lib/liblely-tap.la
[13.892s] libtool: finish: PATH="/home/ub2004/ros2_ws/install/lely_core_libraries/bin:/opt/ros/humble/bin:/home/ub2004/.local/bin:/usr/local/sbin:/usr/local/bin:/usr/sbin:/usr/bin:/sbin:/bin:/usr/games:/usr/local/games:/snap/bin:/snap/bin:/sbin" ldconfig -n /home/ub2004/ros2_ws/install/lely_core_libraries/lib
[13.895s] ----------------------------------------------------------------------
[13.895s] Libraries have been installed in:
[13.895s]    /home/ub2004/ros2_ws/install/lely_core_libraries/lib
[13.895s] 
[13.895s] If you ever happen to want to link against installed libraries
[13.895s] in a given directory, LIBDIR, you must either use libtool, and
[13.895s] specify the full pathname of the library, or use the '-LLIBDIR'
[13.895s] flag during linking and do at least one of the following:
[13.895s]    - add LIBDIR to the 'LD_LIBRARY_PATH' environment variable
[13.895s]      during execution
[13.895s]    - add LIBDIR to the 'LD_RUN_PATH' environment variable
[13.895s]      during linking
[13.895s]    - use the '-Wl,-rpath -Wl,LIBDIR' linker flag
[13.895s]    - have your system administrator add LIBDIR to '/etc/ld.so.conf'
[13.896s] 
[13.896s] See any operating system documentation about shared libraries for
[13.896s] more information, such as the ld(1) and ld.so(8) manual pages.
[13.896s] ----------------------------------------------------------------------
[13.899s] gmake[3]: 디렉터리 '/home/ub2004/ros2_ws/build/lely_core_libraries/build/src/tap' 나감
[13.899s] gmake[2]: 디렉터리 '/home/ub2004/ros2_ws/build/lely_core_libraries/build/src/tap' 나감
[13.900s] Making install in util
[13.925s] gmake[2]: 디렉터리 '/home/ub2004/ros2_ws/build/lely_core_libraries/build/src/util' 들어감
[13.964s] gmake[3]: 디렉터리 '/home/ub2004/ros2_ws/build/lely_core_libraries/build/src/util' 들어감
[13.968s]  /usr/bin/mkdir -p '/home/ub2004/ros2_ws/install/lely_core_libraries/lib'
[13.970s]  /bin/bash ../../libtool   --mode=install /usr/bin/install -c   liblely-util.la '/home/ub2004/ros2_ws/install/lely_core_libraries/lib'
[14.004s] libtool: warning: relinking 'liblely-util.la'
[14.008s] libtool: install: (cd /home/ub2004/ros2_ws/build/lely_core_libraries/build/src/util; /bin/bash "/home/ub2004/ros2_ws/build/lely_core_libraries/build/libtool"  --silent --tag CXX --mode=relink g++ -std=gnu++11 -Wall -Wextra -pedantic -Werror -g -O2 -no-undefined -version-number 2:4:0 -Wl,--as-needed -o liblely-util.la -rpath /home/ub2004/ros2_ws/install/lely_core_libraries/lib liblely_util_la-bimap.lo liblely_util_la-mkjmp.lo liblely_util_la-sllist.lo liblely_util_la-spscring.lo liblely_util_la-bits.lo liblely_util_la-bitset.lo liblely_util_la-cmp.lo liblely_util_la-config.lo liblely_util_la-config_ini.lo liblely_util_la-daemon.lo liblely_util_la-diag.lo liblely_util_la-dllist.lo liblely_util_la-endian.lo liblely_util_la-errnum.lo liblely_util_la-exception.lo liblely_util_la-fiber.lo liblely_util_la-frbuf.lo liblely_util_la-fwbuf.lo liblely_util_la-lex.lo liblely_util_la-membuf.lo liblely_util_la-pheap.lo liblely_util_la-print.lo liblely_util_la-rbtree.lo liblely_util_la-stop.lo liblely_util_la-time.lo liblely_util_la-ustring.lo ../../src/libc/liblely-libc.la -lm -lpthread )
[14.191s] libtool: install: /usr/bin/install -c .libs/liblely-util.so.2.4.0T /home/ub2004/ros2_ws/install/lely_core_libraries/lib/liblely-util.so.2.4.0
[14.193s] libtool: install: (cd /home/ub2004/ros2_ws/install/lely_core_libraries/lib && { ln -s -f liblely-util.so.2.4.0 liblely-util.so.2 || { rm -f liblely-util.so.2 && ln -s liblely-util.so.2.4.0 liblely-util.so.2; }; })
[14.195s] libtool: install: (cd /home/ub2004/ros2_ws/install/lely_core_libraries/lib && { ln -s -f liblely-util.so.2.4.0 liblely-util.so || { rm -f liblely-util.so && ln -s liblely-util.so.2.4.0 liblely-util.so; }; })
[14.198s] libtool: install: /usr/bin/install -c .libs/liblely-util.lai /home/ub2004/ros2_ws/install/lely_core_libraries/lib/liblely-util.la
[14.227s] libtool: finish: PATH="/home/ub2004/ros2_ws/install/lely_core_libraries/bin:/opt/ros/humble/bin:/home/ub2004/.local/bin:/usr/local/sbin:/usr/local/bin:/usr/sbin:/usr/bin:/sbin:/bin:/usr/games:/usr/local/games:/snap/bin:/snap/bin:/sbin" ldconfig -n /home/ub2004/ros2_ws/install/lely_core_libraries/lib
[14.229s] ----------------------------------------------------------------------
[14.229s] Libraries have been installed in:
[14.230s]    /home/ub2004/ros2_ws/install/lely_core_libraries/lib
[14.230s] 
[14.230s] If you ever happen to want to link against installed libraries
[14.230s] in a given directory, LIBDIR, you must either use libtool, and
[14.230s] specify the full pathname of the library, or use the '-LLIBDIR'
[14.230s] flag during linking and do at least one of the following:
[14.230s]    - add LIBDIR to the 'LD_LIBRARY_PATH' environment variable
[14.230s]      during execution
[14.230s]    - add LIBDIR to the 'LD_RUN_PATH' environment variable
[14.230s]      during linking
[14.230s]    - use the '-Wl,-rpath -Wl,LIBDIR' linker flag
[14.230s]    - have your system administrator add LIBDIR to '/etc/ld.so.conf'
[14.230s] 
[14.230s] See any operating system documentation about shared libraries for
[14.230s] more information, such as the ld(1) and ld.so(8) manual pages.
[14.230s] ----------------------------------------------------------------------
[14.234s] gmake[3]: 디렉터리 '/home/ub2004/ros2_ws/build/lely_core_libraries/build/src/util' 나감
[14.234s] gmake[2]: 디렉터리 '/home/ub2004/ros2_ws/build/lely_core_libraries/build/src/util' 나감
[14.235s] Making install in can
[14.245s] gmake[2]: 디렉터리 '/home/ub2004/ros2_ws/build/lely_core_libraries/build/src/can' 들어감
[14.257s] gmake[3]: 디렉터리 '/home/ub2004/ros2_ws/build/lely_core_libraries/build/src/can' 들어감
[14.258s]  /usr/bin/mkdir -p '/home/ub2004/ros2_ws/install/lely_core_libraries/lib'
[14.260s]  /bin/bash ../../libtool   --mode=install /usr/bin/install -c   liblely-can.la '/home/ub2004/ros2_ws/install/lely_core_libraries/lib'
[14.288s] libtool: warning: relinking 'liblely-can.la'
[14.291s] libtool: install: (cd /home/ub2004/ros2_ws/build/lely_core_libraries/build/src/can; /bin/bash "/home/ub2004/ros2_ws/build/lely_core_libraries/build/libtool"  --silent --tag CC --mode=relink gcc -Wall -Wextra -pedantic -Werror -Wno-static-in-inline -pthread -g -O2 -no-undefined -version-number 1:9:2 -Wl,--as-needed -o liblely-can.la -rpath /home/ub2004/ros2_ws/install/lely_core_libraries/lib liblely_can_la-buf.lo liblely_can_la-msg.lo liblely_can_la-net.lo liblely_can_la-socket.lo ../../src/libc/liblely-libc.la ../../src/util/liblely-util.la -lpthread )
[14.406s] libtool: install: /usr/bin/install -c .libs/liblely-can.so.1.9.2T /home/ub2004/ros2_ws/install/lely_core_libraries/lib/liblely-can.so.1.9.2
[14.408s] libtool: install: (cd /home/ub2004/ros2_ws/install/lely_core_libraries/lib && { ln -s -f liblely-can.so.1.9.2 liblely-can.so.1 || { rm -f liblely-can.so.1 && ln -s liblely-can.so.1.9.2 liblely-can.so.1; }; })
[14.411s] libtool: install: (cd /home/ub2004/ros2_ws/install/lely_core_libraries/lib && { ln -s -f liblely-can.so.1.9.2 liblely-can.so || { rm -f liblely-can.so && ln -s liblely-can.so.1.9.2 liblely-can.so; }; })
[14.413s] libtool: install: /usr/bin/install -c .libs/liblely-can.lai /home/ub2004/ros2_ws/install/lely_core_libraries/lib/liblely-can.la
[14.442s] libtool: finish: PATH="/home/ub2004/ros2_ws/install/lely_core_libraries/bin:/opt/ros/humble/bin:/home/ub2004/.local/bin:/usr/local/sbin:/usr/local/bin:/usr/sbin:/usr/bin:/sbin:/bin:/usr/games:/usr/local/games:/snap/bin:/snap/bin:/sbin" ldconfig -n /home/ub2004/ros2_ws/install/lely_core_libraries/lib
[14.444s] ----------------------------------------------------------------------
[14.444s] Libraries have been installed in:
[14.444s]    /home/ub2004/ros2_ws/install/lely_core_libraries/lib
[14.444s] 
[14.444s] If you ever happen to want to link against installed libraries
[14.445s] in a given directory, LIBDIR, you must either use libtool, and
[14.445s] specify the full pathname of the library, or use the '-LLIBDIR'
[14.445s] flag during linking and do at least one of the following:
[14.445s]    - add LIBDIR to the 'LD_LIBRARY_PATH' environment variable
[14.445s]      during execution
[14.445s]    - add LIBDIR to the 'LD_RUN_PATH' environment variable
[14.445s]      during linking
[14.445s]    - use the '-Wl,-rpath -Wl,LIBDIR' linker flag
[14.445s]    - have your system administrator add LIBDIR to '/etc/ld.so.conf'
[14.445s] 
[14.445s] See any operating system documentation about shared libraries for
[14.445s] more information, such as the ld(1) and ld.so(8) manual pages.
[14.445s] ----------------------------------------------------------------------
[14.449s] gmake[3]: 디렉터리 '/home/ub2004/ros2_ws/build/lely_core_libraries/build/src/can' 나감
[14.449s] gmake[2]: 디렉터리 '/home/ub2004/ros2_ws/build/lely_core_libraries/build/src/can' 나감
[14.449s] Making install in co
[14.469s] gmake[2]: 디렉터리 '/home/ub2004/ros2_ws/build/lely_core_libraries/build/src/co' 들어감
[14.490s] gmake[3]: 디렉터리 '/home/ub2004/ros2_ws/build/lely_core_libraries/build/src/co' 들어감
[14.492s]  /usr/bin/mkdir -p '/home/ub2004/ros2_ws/install/lely_core_libraries/lib'
[14.494s]  /bin/bash ../../libtool   --mode=install /usr/bin/install -c   liblely-co.la '/home/ub2004/ros2_ws/install/lely_core_libraries/lib'
[14.525s] libtool: warning: relinking 'liblely-co.la'
[14.529s] libtool: install: (cd /home/ub2004/ros2_ws/build/lely_core_libraries/build/src/co; /bin/bash "/home/ub2004/ros2_ws/build/lely_core_libraries/build/libtool"  --silent --tag CC --mode=relink gcc -Wall -Wextra -pedantic -Werror -Wno-static-in-inline -pthread -g -O2 -no-undefined -version-number 2:4:0 -Wl,--as-needed -o liblely-co.la -rpath /home/ub2004/ros2_ws/install/lely_core_libraries/lib liblely_co_la-crc.lo liblely_co_la-csdo.lo liblely_co_la-dcf.lo liblely_co_la-dev.lo liblely_co_la-emcy.lo liblely_co_la-gw.lo liblely_co_la-gw_txt.lo liblely_co_la-lss.lo liblely_co_la-nmt.lo liblely_co_la-nmt_boot.lo liblely_co_la-nmt_cfg.lo liblely_co_la-nmt_hb.lo liblely_co_la-nmt_srv.lo liblely_co_la-obj.lo liblely_co_la-pdo.lo liblely_co_la-rpdo.lo liblely_co_la-sdev.lo liblely_co_la-sdo.lo liblely_co_la-ssdo.lo liblely_co_la-sync.lo liblely_co_la-time.lo liblely_co_la-tpdo.lo liblely_co_la-type.lo liblely_co_la-val.lo liblely_co_la-wtm.lo ../../src/libc/liblely-libc.la ../../src/util/liblely-util.la ../../src/can/liblely-can.la -lpthread )
[14.725s] libtool: install: /usr/bin/install -c .libs/liblely-co.so.2.4.0T /home/ub2004/ros2_ws/install/lely_core_libraries/lib/liblely-co.so.2.4.0
[14.729s] libtool: install: (cd /home/ub2004/ros2_ws/install/lely_core_libraries/lib && { ln -s -f liblely-co.so.2.4.0 liblely-co.so.2 || { rm -f liblely-co.so.2 && ln -s liblely-co.so.2.4.0 liblely-co.so.2; }; })
[14.732s] libtool: install: (cd /home/ub2004/ros2_ws/install/lely_core_libraries/lib && { ln -s -f liblely-co.so.2.4.0 liblely-co.so || { rm -f liblely-co.so && ln -s liblely-co.so.2.4.0 liblely-co.so; }; })
[14.734s] libtool: install: /usr/bin/install -c .libs/liblely-co.lai /home/ub2004/ros2_ws/install/lely_core_libraries/lib/liblely-co.la
[14.767s] libtool: finish: PATH="/home/ub2004/ros2_ws/install/lely_core_libraries/bin:/opt/ros/humble/bin:/home/ub2004/.local/bin:/usr/local/sbin:/usr/local/bin:/usr/sbin:/usr/bin:/sbin:/bin:/usr/games:/usr/local/games:/snap/bin:/snap/bin:/sbin" ldconfig -n /home/ub2004/ros2_ws/install/lely_core_libraries/lib
[14.770s] ----------------------------------------------------------------------
[14.770s] Libraries have been installed in:
[14.771s]    /home/ub2004/ros2_ws/install/lely_core_libraries/lib
[14.771s] 
[14.771s] If you ever happen to want to link against installed libraries
[14.771s] in a given directory, LIBDIR, you must either use libtool, and
[14.771s] specify the full pathname of the library, or use the '-LLIBDIR'
[14.771s] flag during linking and do at least one of the following:
[14.771s]    - add LIBDIR to the 'LD_LIBRARY_PATH' environment variable
[14.771s]      during execution
[14.771s]    - add LIBDIR to the 'LD_RUN_PATH' environment variable
[14.771s]      during linking
[14.772s]    - use the '-Wl,-rpath -Wl,LIBDIR' linker flag
[14.772s]    - have your system administrator add LIBDIR to '/etc/ld.so.conf'
[14.772s] 
[14.772s] See any operating system documentation about shared libraries for
[14.772s] more information, such as the ld(1) and ld.so(8) manual pages.
[14.772s] ----------------------------------------------------------------------
[14.777s] gmake[3]: 디렉터리 '/home/ub2004/ros2_ws/build/lely_core_libraries/build/src/co' 나감
[14.777s] gmake[2]: 디렉터리 '/home/ub2004/ros2_ws/build/lely_core_libraries/build/src/co' 나감
[14.778s] Making install in io
[14.795s] gmake[2]: 디렉터리 '/home/ub2004/ros2_ws/build/lely_core_libraries/build/src/io' 들어감
[14.811s] gmake[3]: 디렉터리 '/home/ub2004/ros2_ws/build/lely_core_libraries/build/src/io' 들어감
[14.813s]  /usr/bin/mkdir -p '/home/ub2004/ros2_ws/install/lely_core_libraries/lib'
[14.815s]  /bin/bash ../../libtool   --mode=install /usr/bin/install -c   liblely-io.la '/home/ub2004/ros2_ws/install/lely_core_libraries/lib'
[14.843s] libtool: warning: relinking 'liblely-io.la'
[14.847s] libtool: install: (cd /home/ub2004/ros2_ws/build/lely_core_libraries/build/src/io; /bin/bash "/home/ub2004/ros2_ws/build/lely_core_libraries/build/libtool"  --silent --tag CC --mode=relink gcc -Wall -Wextra -pedantic -Werror -Wno-static-in-inline -pthread -g -O2 -no-undefined -version-number 1:9:2 -Wl,--as-needed -o liblely-io.la -rpath /home/ub2004/ros2_ws/install/lely_core_libraries/lib liblely_io_la-addr.lo liblely_io_la-attr.lo liblely_io_la-can.lo liblely_io_la-file.lo liblely_io_la-handle.lo liblely_io_la-if.lo liblely_io_la-io.lo liblely_io_la-pipe.lo liblely_io_la-poll.lo liblely_io_la-rtnl.lo liblely_io_la-serial.lo liblely_io_la-sock.lo ../../src/libc/liblely-libc.la ../../src/util/liblely-util.la ../../src/can/liblely-can.la -lpthread )
[14.992s] libtool: install: /usr/bin/install -c .libs/liblely-io.so.1.9.2T /home/ub2004/ros2_ws/install/lely_core_libraries/lib/liblely-io.so.1.9.2
[14.995s] libtool: install: (cd /home/ub2004/ros2_ws/install/lely_core_libraries/lib && { ln -s -f liblely-io.so.1.9.2 liblely-io.so.1 || { rm -f liblely-io.so.1 && ln -s liblely-io.so.1.9.2 liblely-io.so.1; }; })
[14.998s] libtool: install: (cd /home/ub2004/ros2_ws/install/lely_core_libraries/lib && { ln -s -f liblely-io.so.1.9.2 liblely-io.so || { rm -f liblely-io.so && ln -s liblely-io.so.1.9.2 liblely-io.so; }; })
[15.000s] libtool: install: /usr/bin/install -c .libs/liblely-io.lai /home/ub2004/ros2_ws/install/lely_core_libraries/lib/liblely-io.la
[15.034s] libtool: finish: PATH="/home/ub2004/ros2_ws/install/lely_core_libraries/bin:/opt/ros/humble/bin:/home/ub2004/.local/bin:/usr/local/sbin:/usr/local/bin:/usr/sbin:/usr/bin:/sbin:/bin:/usr/games:/usr/local/games:/snap/bin:/snap/bin:/sbin" ldconfig -n /home/ub2004/ros2_ws/install/lely_core_libraries/lib
[15.037s] ----------------------------------------------------------------------
[15.037s] Libraries have been installed in:
[15.037s]    /home/ub2004/ros2_ws/install/lely_core_libraries/lib
[15.037s] 
[15.037s] If you ever happen to want to link against installed libraries
[15.037s] in a given directory, LIBDIR, you must either use libtool, and
[15.037s] specify the full pathname of the library, or use the '-LLIBDIR'
[15.037s] flag during linking and do at least one of the following:
[15.037s]    - add LIBDIR to the 'LD_LIBRARY_PATH' environment variable
[15.037s]      during execution
[15.037s]    - add LIBDIR to the 'LD_RUN_PATH' environment variable
[15.037s]      during linking
[15.037s]    - use the '-Wl,-rpath -Wl,LIBDIR' linker flag
[15.038s]    - have your system administrator add LIBDIR to '/etc/ld.so.conf'
[15.038s] 
[15.038s] See any operating system documentation about shared libraries for
[15.038s] more information, such as the ld(1) and ld.so(8) manual pages.
[15.038s] ----------------------------------------------------------------------
[15.041s] gmake[3]: 디렉터리 '/home/ub2004/ros2_ws/build/lely_core_libraries/build/src/io' 나감
[15.041s] gmake[2]: 디렉터리 '/home/ub2004/ros2_ws/build/lely_core_libraries/build/src/io' 나감
[15.042s] Making install in ev
[15.052s] gmake[2]: 디렉터리 '/home/ub2004/ros2_ws/build/lely_core_libraries/build/src/ev' 들어감
[15.064s] gmake[3]: 디렉터리 '/home/ub2004/ros2_ws/build/lely_core_libraries/build/src/ev' 들어감
[15.066s]  /usr/bin/mkdir -p '/home/ub2004/ros2_ws/install/lely_core_libraries/lib'
[15.068s]  /bin/bash ../../libtool   --mode=install /usr/bin/install -c   liblely-ev.la '/home/ub2004/ros2_ws/install/lely_core_libraries/lib'
[15.098s] libtool: warning: relinking 'liblely-ev.la'
[15.102s] libtool: install: (cd /home/ub2004/ros2_ws/build/lely_core_libraries/build/src/ev; /bin/bash "/home/ub2004/ros2_ws/build/lely_core_libraries/build/libtool"  --silent --tag CC --mode=relink gcc -Wall -Wextra -pedantic -Werror -Wno-static-in-inline -pthread -g -O2 -no-undefined -version-number 2:4:0 -Wl,--as-needed -o liblely-ev.la -rpath /home/ub2004/ros2_ws/install/lely_core_libraries/lib liblely_ev_la-exec.lo liblely_ev_la-fiber_exec.lo liblely_ev_la-future.lo liblely_ev_la-loop.lo liblely_ev_la-poll.lo liblely_ev_la-std_exec.lo liblely_ev_la-strand.lo liblely_ev_la-task.lo liblely_ev_la-thrd_loop.lo ../../src/libc/liblely-libc.la ../../src/util/liblely-util.la -lpthread )
[15.238s] libtool: install: /usr/bin/install -c .libs/liblely-ev.so.2.4.0T /home/ub2004/ros2_ws/install/lely_core_libraries/lib/liblely-ev.so.2.4.0
[15.240s] libtool: install: (cd /home/ub2004/ros2_ws/install/lely_core_libraries/lib && { ln -s -f liblely-ev.so.2.4.0 liblely-ev.so.2 || { rm -f liblely-ev.so.2 && ln -s liblely-ev.so.2.4.0 liblely-ev.so.2; }; })
[15.242s] libtool: install: (cd /home/ub2004/ros2_ws/install/lely_core_libraries/lib && { ln -s -f liblely-ev.so.2.4.0 liblely-ev.so || { rm -f liblely-ev.so && ln -s liblely-ev.so.2.4.0 liblely-ev.so; }; })
[15.245s] libtool: install: /usr/bin/install -c .libs/liblely-ev.lai /home/ub2004/ros2_ws/install/lely_core_libraries/lib/liblely-ev.la
[15.277s] libtool: finish: PATH="/home/ub2004/ros2_ws/install/lely_core_libraries/bin:/opt/ros/humble/bin:/home/ub2004/.local/bin:/usr/local/sbin:/usr/local/bin:/usr/sbin:/usr/bin:/sbin:/bin:/usr/games:/usr/local/games:/snap/bin:/snap/bin:/sbin" ldconfig -n /home/ub2004/ros2_ws/install/lely_core_libraries/lib
[15.280s] ----------------------------------------------------------------------
[15.280s] Libraries have been installed in:
[15.280s]    /home/ub2004/ros2_ws/install/lely_core_libraries/lib
[15.280s] 
[15.280s] If you ever happen to want to link against installed libraries
[15.280s] in a given directory, LIBDIR, you must either use libtool, and
[15.280s] specify the full pathname of the library, or use the '-LLIBDIR'
[15.281s] flag during linking and do at least one of the following:
[15.281s]    - add LIBDIR to the 'LD_LIBRARY_PATH' environment variable
[15.281s]      during execution
[15.281s]    - add LIBDIR to the 'LD_RUN_PATH' environment variable
[15.281s]      during linking
[15.281s]    - use the '-Wl,-rpath -Wl,LIBDIR' linker flag
[15.281s]    - have your system administrator add LIBDIR to '/etc/ld.so.conf'
[15.281s] 
[15.281s] See any operating system documentation about shared libraries for
[15.281s] more information, such as the ld(1) and ld.so(8) manual pages.
[15.281s] ----------------------------------------------------------------------
[15.285s] gmake[3]: 디렉터리 '/home/ub2004/ros2_ws/build/lely_core_libraries/build/src/ev' 나감
[15.285s] gmake[2]: 디렉터리 '/home/ub2004/ros2_ws/build/lely_core_libraries/build/src/ev' 나감
[15.285s] Making install in io2
[15.306s] gmake[2]: 디렉터리 '/home/ub2004/ros2_ws/build/lely_core_libraries/build/src/io2' 들어감
[15.328s] gmake[3]: 디렉터리 '/home/ub2004/ros2_ws/build/lely_core_libraries/build/src/io2' 들어감
[15.330s]  /usr/bin/mkdir -p '/home/ub2004/ros2_ws/install/lely_core_libraries/lib'
[15.332s]  /bin/bash ../../libtool   --mode=install /usr/bin/install -c   liblely-io2.la '/home/ub2004/ros2_ws/install/lely_core_libraries/lib'
[15.364s] libtool: warning: relinking 'liblely-io2.la'
[15.368s] libtool: install: (cd /home/ub2004/ros2_ws/build/lely_core_libraries/build/src/io2; /bin/bash "/home/ub2004/ros2_ws/build/lely_core_libraries/build/libtool"  --silent --tag CC --mode=relink gcc -Wall -Wextra -pedantic -Werror -Wno-static-in-inline -pthread -g -O2 -no-undefined -version-number 2:4:0 -Wl,--as-needed -o liblely-io2.la -rpath /home/ub2004/ros2_ws/install/lely_core_libraries/lib can/liblely_io2_la-msg.lo linux/liblely_io2_la-can_chan.lo linux/liblely_io2_la-can_ctrl.lo linux/liblely_io2_la-poll.lo linux/liblely_io2_la-timer.lo posix/liblely_io2_la-fd.lo posix/liblely_io2_la-io.lo posix/liblely_io2_la-sigset.lo sys/liblely_io2_la-clock.lo sys/liblely_io2_la-io.lo user/liblely_io2_la-can.lo user/liblely_io2_la-timer.lo liblely_io2_la-can.lo liblely_io2_la-can_net.lo liblely_io2_la-can_rt.lo liblely_io2_la-clock.lo liblely_io2_la-ctx.lo liblely_io2_la-dev.lo liblely_io2_la-sigset.lo liblely_io2_la-timer.lo liblely_io2_la-tqueue.lo liblely_io2_la-vcan.lo ../../src/libc/liblely-libc.la ../../src/util/liblely-util.la ../../src/can/liblely-can.la ../../src/ev/liblely-ev.la -lrt -lpthread )
[15.537s] libtool: install: /usr/bin/install -c .libs/liblely-io2.so.2.4.0T /home/ub2004/ros2_ws/install/lely_core_libraries/lib/liblely-io2.so.2.4.0
[15.540s] libtool: install: (cd /home/ub2004/ros2_ws/install/lely_core_libraries/lib && { ln -s -f liblely-io2.so.2.4.0 liblely-io2.so.2 || { rm -f liblely-io2.so.2 && ln -s liblely-io2.so.2.4.0 liblely-io2.so.2; }; })
[15.542s] libtool: install: (cd /home/ub2004/ros2_ws/install/lely_core_libraries/lib && { ln -s -f liblely-io2.so.2.4.0 liblely-io2.so || { rm -f liblely-io2.so && ln -s liblely-io2.so.2.4.0 liblely-io2.so; }; })
[15.544s] libtool: install: /usr/bin/install -c .libs/liblely-io2.lai /home/ub2004/ros2_ws/install/lely_core_libraries/lib/liblely-io2.la
[15.576s] libtool: finish: PATH="/home/ub2004/ros2_ws/install/lely_core_libraries/bin:/opt/ros/humble/bin:/home/ub2004/.local/bin:/usr/local/sbin:/usr/local/bin:/usr/sbin:/usr/bin:/sbin:/bin:/usr/games:/usr/local/games:/snap/bin:/snap/bin:/sbin" ldconfig -n /home/ub2004/ros2_ws/install/lely_core_libraries/lib
[15.579s] ----------------------------------------------------------------------
[15.579s] Libraries have been installed in:
[15.579s]    /home/ub2004/ros2_ws/install/lely_core_libraries/lib
[15.579s] 
[15.579s] If you ever happen to want to link against installed libraries
[15.579s] in a given directory, LIBDIR, you must either use libtool, and
[15.579s] specify the full pathname of the library, or use the '-LLIBDIR'
[15.579s] flag during linking and do at least one of the following:
[15.579s]    - add LIBDIR to the 'LD_LIBRARY_PATH' environment variable
[15.579s]      during execution
[15.580s]    - add LIBDIR to the 'LD_RUN_PATH' environment variable
[15.580s]      during linking
[15.580s]    - use the '-Wl,-rpath -Wl,LIBDIR' linker flag
[15.580s]    - have your system administrator add LIBDIR to '/etc/ld.so.conf'
[15.580s] 
[15.580s] See any operating system documentation about shared libraries for
[15.580s] more information, such as the ld(1) and ld.so(8) manual pages.
[15.580s] ----------------------------------------------------------------------
[15.583s] gmake[3]: 디렉터리 '/home/ub2004/ros2_ws/build/lely_core_libraries/build/src/io2' 나감
[15.583s] gmake[2]: 디렉터리 '/home/ub2004/ros2_ws/build/lely_core_libraries/build/src/io2' 나감
[15.584s] Making install in coapp
[15.605s] gmake[2]: 디렉터리 '/home/ub2004/ros2_ws/build/lely_core_libraries/build/src/coapp' 들어감
[15.627s] gmake[3]: 디렉터리 '/home/ub2004/ros2_ws/build/lely_core_libraries/build/src/coapp' 들어감
[15.629s]  /usr/bin/mkdir -p '/home/ub2004/ros2_ws/install/lely_core_libraries/lib'
[15.630s]  /bin/bash ../../libtool   --mode=install /usr/bin/install -c   liblely-coapp.la '/home/ub2004/ros2_ws/install/lely_core_libraries/lib'
[15.658s] libtool: warning: relinking 'liblely-coapp.la'
[15.661s] libtool: install: (cd /home/ub2004/ros2_ws/build/lely_core_libraries/build/src/coapp; /bin/bash "/home/ub2004/ros2_ws/build/lely_core_libraries/build/libtool"  --silent --tag CXX --mode=relink g++ -std=gnu++11 -Wall -Wextra -pedantic -Werror -g -O2 -no-undefined -version-number 2:4:0 -Wl,--as-needed -o liblely-coapp.la -rpath /home/ub2004/ros2_ws/install/lely_core_libraries/lib liblely_coapp_la-device.lo liblely_coapp_la-driver.lo liblely_coapp_la-fiber_driver.lo liblely_coapp_la-logical_driver.lo liblely_coapp_la-loop_driver.lo liblely_coapp_la-lss_master.lo liblely_coapp_la-master.lo liblely_coapp_la-node.lo liblely_coapp_la-sdo.lo liblely_coapp_la-sdo_error.lo liblely_coapp_la-slave.lo liblely_coapp_la-type_traits.lo ../../src/libc/liblely-libc.la ../../src/util/liblely-util.la ../../src/can/liblely-can.la ../../src/ev/liblely-ev.la ../../src/io2/liblely-io2.la ../../src/co/liblely-co.la -lpthread )
[16.001s] libtool: install: /usr/bin/install -c .libs/liblely-coapp.so.2.4.0T /home/ub2004/ros2_ws/install/lely_core_libraries/lib/liblely-coapp.so.2.4.0
[16.007s] libtool: install: (cd /home/ub2004/ros2_ws/install/lely_core_libraries/lib && { ln -s -f liblely-coapp.so.2.4.0 liblely-coapp.so.2 || { rm -f liblely-coapp.so.2 && ln -s liblely-coapp.so.2.4.0 liblely-coapp.so.2; }; })
[16.009s] libtool: install: (cd /home/ub2004/ros2_ws/install/lely_core_libraries/lib && { ln -s -f liblely-coapp.so.2.4.0 liblely-coapp.so || { rm -f liblely-coapp.so && ln -s liblely-coapp.so.2.4.0 liblely-coapp.so; }; })
[16.012s] libtool: install: /usr/bin/install -c .libs/liblely-coapp.lai /home/ub2004/ros2_ws/install/lely_core_libraries/lib/liblely-coapp.la
[16.039s] libtool: finish: PATH="/home/ub2004/ros2_ws/install/lely_core_libraries/bin:/opt/ros/humble/bin:/home/ub2004/.local/bin:/usr/local/sbin:/usr/local/bin:/usr/sbin:/usr/bin:/sbin:/bin:/usr/games:/usr/local/games:/snap/bin:/snap/bin:/sbin" ldconfig -n /home/ub2004/ros2_ws/install/lely_core_libraries/lib
[16.042s] ----------------------------------------------------------------------
[16.042s] Libraries have been installed in:
[16.042s]    /home/ub2004/ros2_ws/install/lely_core_libraries/lib
[16.042s] 
[16.042s] If you ever happen to want to link against installed libraries
[16.042s] in a given directory, LIBDIR, you must either use libtool, and
[16.042s] specify the full pathname of the library, or use the '-LLIBDIR'
[16.042s] flag during linking and do at least one of the following:
[16.042s]    - add LIBDIR to the 'LD_LIBRARY_PATH' environment variable
[16.042s]      during execution
[16.043s]    - add LIBDIR to the 'LD_RUN_PATH' environment variable
[16.043s]      during linking
[16.043s]    - use the '-Wl,-rpath -Wl,LIBDIR' linker flag
[16.043s]    - have your system administrator add LIBDIR to '/etc/ld.so.conf'
[16.043s] 
[16.043s] See any operating system documentation about shared libraries for
[16.043s] more information, such as the ld(1) and ld.so(8) manual pages.
[16.043s] ----------------------------------------------------------------------
[16.046s] gmake[3]: 디렉터리 '/home/ub2004/ros2_ws/build/lely_core_libraries/build/src/coapp' 나감
[16.047s] gmake[2]: 디렉터리 '/home/ub2004/ros2_ws/build/lely_core_libraries/build/src/coapp' 나감
[16.049s] gmake[2]: 디렉터리 '/home/ub2004/ros2_ws/build/lely_core_libraries/build/src' 들어감
[16.053s] gmake[3]: 디렉터리 '/home/ub2004/ros2_ws/build/lely_core_libraries/build/src' 들어감
[16.053s] gmake[3]: 'install-exec-am'을(를) 위해 할 일이 없습니다.
[16.053s] gmake[3]: 'install-data-am'을(를) 위해 할 일이 없습니다.
[16.053s] gmake[3]: 디렉터리 '/home/ub2004/ros2_ws/build/lely_core_libraries/build/src' 나감
[16.053s] gmake[2]: 디렉터리 '/home/ub2004/ros2_ws/build/lely_core_libraries/build/src' 나감
[16.054s] gmake[1]: 디렉터리 '/home/ub2004/ros2_ws/build/lely_core_libraries/build/src' 나감
[16.054s] Making install in python
[16.057s] gmake[1]: 디렉터리 '/home/ub2004/ros2_ws/build/lely_core_libraries/build/python' 들어감
[16.062s] Making install in dcf-tools
[16.064s] gmake[2]: 디렉터리 '/home/ub2004/ros2_ws/build/lely_core_libraries/build/python/dcf-tools' 들어감
[16.068s] gmake[3]: 디렉터리 '/home/ub2004/ros2_ws/build/lely_core_libraries/build/python/dcf-tools' 들어감
[16.328s] running egg_info
[16.329s] writing dcf_tools.egg-info/PKG-INFO
[16.329s] writing dependency_links to dcf_tools.egg-info/dependency_links.txt
[16.330s] writing entry points to dcf_tools.egg-info/entry_points.txt
[16.330s] writing requirements to dcf_tools.egg-info/requires.txt
[16.330s] writing top-level names to dcf_tools.egg-info/top_level.txt
[16.332s] reading manifest file 'dcf_tools.egg-info/SOURCES.txt'
[16.333s] writing manifest file 'dcf_tools.egg-info/SOURCES.txt'
[16.333s] running build
[16.333s] running build_py
[16.335s] running install
[16.335s] /usr/lib/python3/dist-packages/setuptools/command/install.py:34: SetuptoolsDeprecationWarning: setup.py install is deprecated. Use build and pip and other standards-based tools.
[16.335s]   warnings.warn(
[16.335s] running install_lib
[16.337s] running install_egg_info
[16.339s] removing '/home/ub2004/ros2_ws/install/lely_core_libraries/lib/python3.10/site-packages/dcf_tools-2.4.0.egg-info' (and everything under it)
[16.340s] Copying dcf_tools.egg-info to /home/ub2004/ros2_ws/install/lely_core_libraries/lib/python3.10/site-packages/dcf_tools-2.4.0.egg-info
[16.340s] running install_scripts
[16.362s] Installing dcf2dev script to /home/ub2004/ros2_ws/install/lely_core_libraries/bin/
[16.362s] Installing dcfchk script to /home/ub2004/ros2_ws/install/lely_core_libraries/bin/
[16.362s] Installing dcfgen script to /home/ub2004/ros2_ws/install/lely_core_libraries/bin/
[16.363s] writing list of installed files to 'install.log'
[16.388s] gmake[3]: 'install-data-am'을(를) 위해 할 일이 없습니다.
[16.388s] gmake[3]: 디렉터리 '/home/ub2004/ros2_ws/build/lely_core_libraries/build/python/dcf-tools' 나감
[16.388s] gmake[2]: 디렉터리 '/home/ub2004/ros2_ws/build/lely_core_libraries/build/python/dcf-tools' 나감
[16.391s] gmake[2]: 디렉터리 '/home/ub2004/ros2_ws/build/lely_core_libraries/build/python' 들어감
[16.395s] gmake[3]: 디렉터리 '/home/ub2004/ros2_ws/build/lely_core_libraries/build/python' 들어감
[16.396s] gmake[3]: 'install-exec-am'을(를) 위해 할 일이 없습니다.
[16.396s] gmake[3]: 'install-data-am'을(를) 위해 할 일이 없습니다.
[16.396s] gmake[3]: 디렉터리 '/home/ub2004/ros2_ws/build/lely_core_libraries/build/python' 나감
[16.396s] gmake[2]: 디렉터리 '/home/ub2004/ros2_ws/build/lely_core_libraries/build/python' 나감
[16.396s] gmake[1]: 디렉터리 '/home/ub2004/ros2_ws/build/lely_core_libraries/build/python' 나감
[16.396s] Making install in pkgconfig
[16.400s] gmake[1]: 디렉터리 '/home/ub2004/ros2_ws/build/lely_core_libraries/build/pkgconfig' 들어감
[16.405s] gmake[2]: 디렉터리 '/home/ub2004/ros2_ws/build/lely_core_libraries/build/pkgconfig' 들어감
[16.405s] gmake[2]: 'install-exec-am'을(를) 위해 할 일이 없습니다.
[16.407s]  /usr/bin/mkdir -p '/home/ub2004/ros2_ws/install/lely_core_libraries/lib/pkgconfig'
[16.412s]  /usr/bin/install -c -m 644 liblely-can.pc liblely-co.pc liblely-coapp.pc liblely-ev.pc liblely-io.pc liblely-io2.pc liblely-libc.pc liblely-libc_rt.pc liblely-tap.pc liblely-util.pc '/home/ub2004/ros2_ws/install/lely_core_libraries/lib/pkgconfig'
[16.415s] gmake[2]: 디렉터리 '/home/ub2004/ros2_ws/build/lely_core_libraries/build/pkgconfig' 나감
[16.415s] gmake[1]: 디렉터리 '/home/ub2004/ros2_ws/build/lely_core_libraries/build/pkgconfig' 나감
[16.417s] gmake[1]: 디렉터리 '/home/ub2004/ros2_ws/build/lely_core_libraries/build' 들어감
[16.424s] gmake[2]: 디렉터리 '/home/ub2004/ros2_ws/build/lely_core_libraries/build' 들어감
[16.424s] gmake[2]: 'install-exec-am'을(를) 위해 할 일이 없습니다.
[16.424s] gmake[2]: 'install-data-am'을(를) 위해 할 일이 없습니다.
[16.424s] gmake[2]: 디렉터리 '/home/ub2004/ros2_ws/build/lely_core_libraries/build' 나감
[16.425s] gmake[1]: 디렉터리 '/home/ub2004/ros2_ws/build/lely_core_libraries/build' 나감
[16.425s] -- Up-to-date: /home/ub2004/ros2_ws/install/lely_core_libraries/share/lely_core_libraries/cmake
[16.425s] -- Up-to-date: /home/ub2004/ros2_ws/install/lely_core_libraries/share/lely_core_libraries/cmake/lely_core_libraries-extras.cmake
[16.426s] -- Up-to-date: /home/ub2004/ros2_ws/install/lely_core_libraries/share/lely_core_libraries/environment/pythonpath.sh
[16.426s] -- Up-to-date: /home/ub2004/ros2_ws/install/lely_core_libraries/share/lely_core_libraries/environment/pythonpath.dsv
[16.426s] -- Up-to-date: /home/ub2004/ros2_ws/install/lely_core_libraries/local/lib/python3.10/dist-packages/cogen-0.2.11-py3.10.egg-info
[16.426s] -- Installing: /home/ub2004/ros2_ws/install/lely_core_libraries/local/lib/python3.10/dist-packages/cogen-0.2.11-py3.10.egg-info/PKG-INFO
[16.426s] -- Installing: /home/ub2004/ros2_ws/install/lely_core_libraries/local/lib/python3.10/dist-packages/cogen-0.2.11-py3.10.egg-info/dependency_links.txt
[16.427s] -- Installing: /home/ub2004/ros2_ws/install/lely_core_libraries/local/lib/python3.10/dist-packages/cogen-0.2.11-py3.10.egg-info/SOURCES.txt
[16.427s] -- Installing: /home/ub2004/ros2_ws/install/lely_core_libraries/local/lib/python3.10/dist-packages/cogen-0.2.11-py3.10.egg-info/entry_points.txt
[16.427s] -- Installing: /home/ub2004/ros2_ws/install/lely_core_libraries/local/lib/python3.10/dist-packages/cogen-0.2.11-py3.10.egg-info/top_level.txt
[16.427s] -- Up-to-date: /home/ub2004/ros2_ws/install/lely_core_libraries/lib/cogen/
[16.427s] -- Installing: /home/ub2004/ros2_ws/install/lely_core_libraries/lib/cogen//cogen
[16.428s] -- Up-to-date: /home/ub2004/ros2_ws/install/lely_core_libraries/local/lib/python3.10/dist-packages/cogen
[16.428s] -- Up-to-date: /home/ub2004/ros2_ws/install/lely_core_libraries/local/lib/python3.10/dist-packages/cogen/cogen.py
[16.428s] -- Up-to-date: /home/ub2004/ros2_ws/install/lely_core_libraries/local/lib/python3.10/dist-packages/cogen/__init__.py
[16.467s] Listing '/home/ub2004/ros2_ws/install/lely_core_libraries/local/lib/python3.10/dist-packages/cogen'...
[16.477s] -- Up-to-date: /home/ub2004/ros2_ws/install/lely_core_libraries/bin/
[16.477s] -- Installing: /home/ub2004/ros2_ws/install/lely_core_libraries/bin//cogen
[16.478s] -- Up-to-date: /home/ub2004/ros2_ws/install/lely_core_libraries/share/lely_core_libraries/environment/library_path.sh
[16.478s] -- Up-to-date: /home/ub2004/ros2_ws/install/lely_core_libraries/share/lely_core_libraries/environment/library_path.dsv
[16.478s] -- Up-to-date: /home/ub2004/ros2_ws/install/lely_core_libraries/share/ament_index/resource_index/package_run_dependencies/lely_core_libraries
[16.478s] -- Up-to-date: /home/ub2004/ros2_ws/install/lely_core_libraries/share/ament_index/resource_index/parent_prefix_path/lely_core_libraries
[16.478s] -- Up-to-date: /home/ub2004/ros2_ws/install/lely_core_libraries/share/lely_core_libraries/environment/ament_prefix_path.sh
[16.478s] -- Up-to-date: /home/ub2004/ros2_ws/install/lely_core_libraries/share/lely_core_libraries/environment/ament_prefix_path.dsv
[16.478s] -- Up-to-date: /home/ub2004/ros2_ws/install/lely_core_libraries/share/lely_core_libraries/environment/path.sh
[16.479s] -- Up-to-date: /home/ub2004/ros2_ws/install/lely_core_libraries/share/lely_core_libraries/environment/path.dsv
[16.479s] -- Up-to-date: /home/ub2004/ros2_ws/install/lely_core_libraries/share/lely_core_libraries/local_setup.bash
[16.479s] -- Up-to-date: /home/ub2004/ros2_ws/install/lely_core_libraries/share/lely_core_libraries/local_setup.sh
[16.479s] -- Up-to-date: /home/ub2004/ros2_ws/install/lely_core_libraries/share/lely_core_libraries/local_setup.zsh
[16.479s] -- Up-to-date: /home/ub2004/ros2_ws/install/lely_core_libraries/share/lely_core_libraries/local_setup.dsv
[16.479s] -- Installing: /home/ub2004/ros2_ws/install/lely_core_libraries/share/lely_core_libraries/package.dsv
[16.480s] -- Up-to-date: /home/ub2004/ros2_ws/install/lely_core_libraries/share/ament_index/resource_index/packages/lely_core_libraries
[16.480s] -- Up-to-date: /home/ub2004/ros2_ws/install/lely_core_libraries/share/lely_core_libraries/cmake/lely_core_libraries-extras.cmake
[16.480s] -- Up-to-date: /home/ub2004/ros2_ws/install/lely_core_libraries/share/lely_core_libraries/cmake/ament_cmake_export_include_directories-extras.cmake
[16.480s] -- Up-to-date: /home/ub2004/ros2_ws/install/lely_core_libraries/share/lely_core_libraries/cmake/ament_cmake_export_libraries-extras.cmake
[16.480s] -- Up-to-date: /home/ub2004/ros2_ws/install/lely_core_libraries/share/lely_core_libraries/cmake/lely_core_librariesConfig.cmake
[16.480s] -- Up-to-date: /home/ub2004/ros2_ws/install/lely_core_libraries/share/lely_core_libraries/cmake/lely_core_librariesConfig-version.cmake
[16.480s] -- Up-to-date: /home/ub2004/ros2_ws/install/lely_core_libraries/share/lely_core_libraries/package.xml
[16.482s] Invoked command in '/home/ub2004/ros2_ws/build/lely_core_libraries' returned '0': CMAKE_PREFIX_PATH=${CMAKE_PREFIX_PATH}:/home/ub2004/ros2_ws/install/urdf_tutorial:/home/ub2004/ros2_ws/install/test_py:/home/ub2004/ros2_ws/install/canopen_utils:/home/ub2004/ros2_ws/install/can_comm:/home/ub2004/ros2_ws/install/agv_pak:/opt/ros/humble /usr/bin/cmake --install /home/ub2004/ros2_ws/build/lely_core_libraries
