[0.027s] Invoking command in '/home/ub2004/ros2_ws/src/build/canopen_402_driver': AMENT_PREFIX_PATH=/home/ub2004/ros2_ws/src/install/canopen_proxy_driver:/home/ub2004/ros2_ws/src/install/canopen_base_driver:/home/ub2004/ros2_ws/src/install/canopen_core:/home/ub2004/ros2_ws/src/install/lely_core_libraries:/home/ub2004/ros2_ws/src/install/canopen_interfaces:${AMENT_PREFIX_PATH} CMAKE_PREFIX_PATH=/home/ub2004/ros2_ws/src/install/canopen_proxy_driver:/home/ub2004/ros2_ws/src/install/canopen_base_driver:/home/ub2004/ros2_ws/src/install/canopen_core:/home/ub2004/ros2_ws/src/install/lely_core_libraries:/home/ub2004/ros2_ws/src/install/canopen_interfaces:/home/ub2004/ros2_ws/install/canopen_tests:/home/ub2004/ros2_ws/install/canopen_ros2_controllers:/home/ub2004/ros2_ws/install/canopen_ros2_control:/home/ub2004/ros2_ws/install/canopen:/home/ub2004/ros2_ws/install/canopen_402_driver:/home/ub2004/ros2_ws/install/canopen_proxy_driver:/home/ub2004/ros2_ws/install/canopen_master_driver:/home/ub2004/ros2_ws/install/canopen_fake_slaves:/home/ub2004/ros2_ws/install/canopen_base_driver:/home/ub2004/ros2_ws/install/canopen_core:/home/ub2004/ros2_ws/install/lely_core_libraries:/home/ub2004/ros2_ws/install/canopen_interfaces:/home/ub2004/ros2_ws/install/urdf_tutorial:/home/ub2004/ros2_ws/install/test_py:/home/ub2004/ros2_ws/install/canopen_utils:/home/ub2004/ros2_ws/install/can_comm:/home/ub2004/ros2_ws/install/agv_pak:/opt/ros/humble LD_LIBRARY_PATH=/home/ub2004/ros2_ws/src/install/canopen_proxy_driver/lib:/home/ub2004/ros2_ws/src/install/canopen_base_driver/lib:/home/ub2004/ros2_ws/src/install/canopen_core/lib:/home/ub2004/ros2_ws/src/install/lely_core_libraries/lib:/home/ub2004/ros2_ws/src/install/canopen_interfaces/lib:${LD_LIBRARY_PATH} PATH=/home/ub2004/ros2_ws/src/install/lely_core_libraries/bin:${PATH} PYTHONPATH=/home/ub2004/ros2_ws/src/install/lely_core_libraries/local/lib/python3.10/dist-packages:/home/ub2004/ros2_ws/src/install/lely_core_libraries/lib/python3.10/site-packages:/home/ub2004/ros2_ws/src/install/canopen_interfaces/local/lib/python3.10/dist-packages:${PYTHONPATH} /usr/bin/cmake /home/ub2004/ros2_ws/src/ros2_canopen/canopen_402_driver -DCMAKE_INSTALL_PREFIX=/home/ub2004/ros2_ws/src/install/canopen_402_driver
[0.090s] -- The C compiler identification is GNU 11.4.0
[0.155s] -- The CXX compiler identification is GNU 11.4.0
[0.163s] -- Detecting C compiler ABI info
[0.249s] -- Detecting C compiler ABI info - done
[0.263s] -- Check for working C compiler: /usr/bin/cc - skipped
[0.263s] -- Detecting C compile features
[0.263s] -- Detecting C compile features - done
[0.268s] -- Detecting CXX compiler ABI info
[0.368s] -- Detecting CXX compiler ABI info - done
[0.382s] -- Check for working CXX compiler: /usr/bin/c++ - skipped
[0.382s] -- Detecting CXX compile features
[0.383s] -- Detecting CXX compile features - done
[0.390s] -- Found ament_cmake: 1.3.11 (/opt/ros/humble/share/ament_cmake/cmake)
[0.581s] -- Found Python3: /usr/bin/python3 (found version "3.10.12") found components: Interpreter 
[0.711s] -- Found ament_cmake_ros: 0.10.0 (/opt/ros/humble/share/ament_cmake_ros/cmake)
[0.726s] -- Found canopen_base_driver: 0.2.11 (/home/ub2004/ros2_ws/src/install/canopen_base_driver/share/canopen_base_driver/cmake)
[0.935s] -- Found Boost: /usr/lib/x86_64-linux-gnu/cmake/Boost-1.74.0/BoostConfig.cmake (found version "1.74.0") found components: system thread 
[0.993s] -- Found rosidl_generator_c: 3.1.6 (/opt/ros/humble/share/rosidl_generator_c/cmake)
[1.003s] -- Found rosidl_adapter: 3.1.6 (/opt/ros/humble/share/rosidl_adapter/cmake)
[1.016s] -- Found rosidl_generator_cpp: 3.1.6 (/opt/ros/humble/share/rosidl_generator_cpp/cmake)
[1.035s] -- Using all available rosidl_typesupport_c: rosidl_typesupport_fastrtps_c;rosidl_typesupport_introspection_c
[1.060s] -- Using all available rosidl_typesupport_cpp: rosidl_typesupport_fastrtps_cpp;rosidl_typesupport_introspection_cpp
[1.182s] -- Found rmw_implementation_cmake: 6.1.2 (/opt/ros/humble/share/rmw_implementation_cmake/cmake)
[1.188s] -- Found rmw_fastrtps_cpp: 6.2.7 (/opt/ros/humble/share/rmw_fastrtps_cpp/cmake)
[1.310s] -- Found OpenSSL: /usr/lib/x86_64-linux-gnu/libcrypto.so (found version "3.0.2")  
[1.343s] -- Found FastRTPS: /opt/ros/humble/include  
[1.390s] -- Using RMW implementation 'rmw_fastrtps_cpp' as default
[1.406s] -- Found Threads: TRUE  
[1.587s] -- Found canopen_proxy_driver: 0.2.11 (/home/ub2004/ros2_ws/src/install/canopen_proxy_driver/share/canopen_proxy_driver/cmake)
[1.606s] -- Found sensor_msgs: 4.2.4 (/opt/ros/humble/share/sensor_msgs/cmake)
[1.686s] -- Found gtest sources under '/opt/ros/humble/src/gtest_vendor': C++ tests using 'Google Test' will be built
[1.774s] -- Configuring done
[1.851s] -- Generating done
[1.867s] -- Build files have been written to: /home/ub2004/ros2_ws/src/build/canopen_402_driver
[1.881s] Invoked command in '/home/ub2004/ros2_ws/src/build/canopen_402_driver' returned '0': AMENT_PREFIX_PATH=/home/ub2004/ros2_ws/src/install/canopen_proxy_driver:/home/ub2004/ros2_ws/src/install/canopen_base_driver:/home/ub2004/ros2_ws/src/install/canopen_core:/home/ub2004/ros2_ws/src/install/lely_core_libraries:/home/ub2004/ros2_ws/src/install/canopen_interfaces:${AMENT_PREFIX_PATH} CMAKE_PREFIX_PATH=/home/ub2004/ros2_ws/src/install/canopen_proxy_driver:/home/ub2004/ros2_ws/src/install/canopen_base_driver:/home/ub2004/ros2_ws/src/install/canopen_core:/home/ub2004/ros2_ws/src/install/lely_core_libraries:/home/ub2004/ros2_ws/src/install/canopen_interfaces:/home/ub2004/ros2_ws/install/canopen_tests:/home/ub2004/ros2_ws/install/canopen_ros2_controllers:/home/ub2004/ros2_ws/install/canopen_ros2_control:/home/ub2004/ros2_ws/install/canopen:/home/ub2004/ros2_ws/install/canopen_402_driver:/home/ub2004/ros2_ws/install/canopen_proxy_driver:/home/ub2004/ros2_ws/install/canopen_master_driver:/home/ub2004/ros2_ws/install/canopen_fake_slaves:/home/ub2004/ros2_ws/install/canopen_base_driver:/home/ub2004/ros2_ws/install/canopen_core:/home/ub2004/ros2_ws/install/lely_core_libraries:/home/ub2004/ros2_ws/install/canopen_interfaces:/home/ub2004/ros2_ws/install/urdf_tutorial:/home/ub2004/ros2_ws/install/test_py:/home/ub2004/ros2_ws/install/canopen_utils:/home/ub2004/ros2_ws/install/can_comm:/home/ub2004/ros2_ws/install/agv_pak:/opt/ros/humble LD_LIBRARY_PATH=/home/ub2004/ros2_ws/src/install/canopen_proxy_driver/lib:/home/ub2004/ros2_ws/src/install/canopen_base_driver/lib:/home/ub2004/ros2_ws/src/install/canopen_core/lib:/home/ub2004/ros2_ws/src/install/lely_core_libraries/lib:/home/ub2004/ros2_ws/src/install/canopen_interfaces/lib:${LD_LIBRARY_PATH} PATH=/home/ub2004/ros2_ws/src/install/lely_core_libraries/bin:${PATH} PYTHONPATH=/home/ub2004/ros2_ws/src/install/lely_core_libraries/local/lib/python3.10/dist-packages:/home/ub2004/ros2_ws/src/install/lely_core_libraries/lib/python3.10/site-packages:/home/ub2004/ros2_ws/src/install/canopen_interfaces/local/lib/python3.10/dist-packages:${PYTHONPATH} /usr/bin/cmake /home/ub2004/ros2_ws/src/ros2_canopen/canopen_402_driver -DCMAKE_INSTALL_PREFIX=/home/ub2004/ros2_ws/src/install/canopen_402_driver
[1.883s] Invoking command in '/home/ub2004/ros2_ws/src/build/canopen_402_driver': AMENT_PREFIX_PATH=/home/ub2004/ros2_ws/src/install/canopen_proxy_driver:/home/ub2004/ros2_ws/src/install/canopen_base_driver:/home/ub2004/ros2_ws/src/install/canopen_core:/home/ub2004/ros2_ws/src/install/lely_core_libraries:/home/ub2004/ros2_ws/src/install/canopen_interfaces:${AMENT_PREFIX_PATH} CMAKE_PREFIX_PATH=/home/ub2004/ros2_ws/src/install/canopen_proxy_driver:/home/ub2004/ros2_ws/src/install/canopen_base_driver:/home/ub2004/ros2_ws/src/install/canopen_core:/home/ub2004/ros2_ws/src/install/lely_core_libraries:/home/ub2004/ros2_ws/src/install/canopen_interfaces:/home/ub2004/ros2_ws/install/canopen_tests:/home/ub2004/ros2_ws/install/canopen_ros2_controllers:/home/ub2004/ros2_ws/install/canopen_ros2_control:/home/ub2004/ros2_ws/install/canopen:/home/ub2004/ros2_ws/install/canopen_402_driver:/home/ub2004/ros2_ws/install/canopen_proxy_driver:/home/ub2004/ros2_ws/install/canopen_master_driver:/home/ub2004/ros2_ws/install/canopen_fake_slaves:/home/ub2004/ros2_ws/install/canopen_base_driver:/home/ub2004/ros2_ws/install/canopen_core:/home/ub2004/ros2_ws/install/lely_core_libraries:/home/ub2004/ros2_ws/install/canopen_interfaces:/home/ub2004/ros2_ws/install/urdf_tutorial:/home/ub2004/ros2_ws/install/test_py:/home/ub2004/ros2_ws/install/canopen_utils:/home/ub2004/ros2_ws/install/can_comm:/home/ub2004/ros2_ws/install/agv_pak:/opt/ros/humble LD_LIBRARY_PATH=/home/ub2004/ros2_ws/src/install/canopen_proxy_driver/lib:/home/ub2004/ros2_ws/src/install/canopen_base_driver/lib:/home/ub2004/ros2_ws/src/install/canopen_core/lib:/home/ub2004/ros2_ws/src/install/lely_core_libraries/lib:/home/ub2004/ros2_ws/src/install/canopen_interfaces/lib:${LD_LIBRARY_PATH} PATH=/home/ub2004/ros2_ws/src/install/lely_core_libraries/bin:${PATH} PYTHONPATH=/home/ub2004/ros2_ws/src/install/lely_core_libraries/local/lib/python3.10/dist-packages:/home/ub2004/ros2_ws/src/install/lely_core_libraries/lib/python3.10/site-packages:/home/ub2004/ros2_ws/src/install/canopen_interfaces/local/lib/python3.10/dist-packages:${PYTHONPATH} /usr/bin/cmake --build /home/ub2004/ros2_ws/src/build/canopen_402_driver -- -j8 -l8
[1.949s] [  5%] [32mBuilding CXX object gtest/CMakeFiles/gtest.dir/src/gtest-all.cc.o[0m
[1.952s] [ 11%] [32mBuilding CXX object CMakeFiles/lely_motion_controller_bridge.dir/src/state.cpp.o[0m
[1.954s] [ 17%] [32mBuilding CXX object gtest/CMakeFiles/gtest_main.dir/src/gtest_main.cc.o[0m
[1.956s] [ 29%] [32mBuilding CXX object CMakeFiles/lely_motion_controller_bridge.dir/src/motor.cpp.o[0m
[1.956s] [ 29%] [32mBuilding CXX object CMakeFiles/lely_motion_controller_bridge.dir/src/command.cpp.o[0m
[1.956s] [ 35%] [32mBuilding CXX object CMakeFiles/lely_motion_controller_bridge.dir/src/default_homing_mode.cpp.o[0m
[3.647s] [ 41%] [32m[1mLinking CXX static library libgtest_main.a[0m
[3.691s] [ 41%] Built target gtest_main
[6.040s] [ 47%] [32m[1mLinking CXX static library libgtest.a[0m
[6.113s] [ 47%] Built target gtest
[6.142s] [ 52%] [32mBuilding CXX object test/CMakeFiles/test_driver_component.dir/test_driver_component.cpp.o[0m
[11.355s] [ 58%] [32m[1mLinking CXX shared library liblely_motion_controller_bridge.so[0m
[11.744s] [ 58%] Built target lely_motion_controller_bridge
[11.774s] [ 64%] [32mBuilding CXX object CMakeFiles/node_canopen_cia402_driver.dir/src/node_interfaces/node_canopen_402_driver.cpp.o[0m
[13.886s] [ 70%] [32m[1mLinking CXX executable test_driver_component[0m
[14.200s] [ 70%] Built target test_driver_component
[23.001s] [ 76%] [32m[1mLinking CXX shared library libnode_canopen_cia402_driver.so[0m
[23.860s] [ 76%] Built target node_canopen_cia402_driver
[23.888s] [ 88%] [32mBuilding CXX object CMakeFiles/lifecycle_cia402_driver.dir/src/lifecycle_cia402_driver.cpp.o[0m
[23.889s] [ 88%] [32mBuilding CXX object CMakeFiles/cia402_driver.dir/src/cia402_driver.cpp.o[0m
[32.064s] [ 94%] [32m[1mLinking CXX shared library liblifecycle_cia402_driver.so[0m
[32.086s] [100%] [32m[1mLinking CXX shared library libcia402_driver.so[0m
[32.536s] [100%] Built target lifecycle_cia402_driver
[32.548s] [100%] Built target cia402_driver
[32.562s] Invoked command in '/home/ub2004/ros2_ws/src/build/canopen_402_driver' returned '0': AMENT_PREFIX_PATH=/home/ub2004/ros2_ws/src/install/canopen_proxy_driver:/home/ub2004/ros2_ws/src/install/canopen_base_driver:/home/ub2004/ros2_ws/src/install/canopen_core:/home/ub2004/ros2_ws/src/install/lely_core_libraries:/home/ub2004/ros2_ws/src/install/canopen_interfaces:${AMENT_PREFIX_PATH} CMAKE_PREFIX_PATH=/home/ub2004/ros2_ws/src/install/canopen_proxy_driver:/home/ub2004/ros2_ws/src/install/canopen_base_driver:/home/ub2004/ros2_ws/src/install/canopen_core:/home/ub2004/ros2_ws/src/install/lely_core_libraries:/home/ub2004/ros2_ws/src/install/canopen_interfaces:/home/ub2004/ros2_ws/install/canopen_tests:/home/ub2004/ros2_ws/install/canopen_ros2_controllers:/home/ub2004/ros2_ws/install/canopen_ros2_control:/home/ub2004/ros2_ws/install/canopen:/home/ub2004/ros2_ws/install/canopen_402_driver:/home/ub2004/ros2_ws/install/canopen_proxy_driver:/home/ub2004/ros2_ws/install/canopen_master_driver:/home/ub2004/ros2_ws/install/canopen_fake_slaves:/home/ub2004/ros2_ws/install/canopen_base_driver:/home/ub2004/ros2_ws/install/canopen_core:/home/ub2004/ros2_ws/install/lely_core_libraries:/home/ub2004/ros2_ws/install/canopen_interfaces:/home/ub2004/ros2_ws/install/urdf_tutorial:/home/ub2004/ros2_ws/install/test_py:/home/ub2004/ros2_ws/install/canopen_utils:/home/ub2004/ros2_ws/install/can_comm:/home/ub2004/ros2_ws/install/agv_pak:/opt/ros/humble LD_LIBRARY_PATH=/home/ub2004/ros2_ws/src/install/canopen_proxy_driver/lib:/home/ub2004/ros2_ws/src/install/canopen_base_driver/lib:/home/ub2004/ros2_ws/src/install/canopen_core/lib:/home/ub2004/ros2_ws/src/install/lely_core_libraries/lib:/home/ub2004/ros2_ws/src/install/canopen_interfaces/lib:${LD_LIBRARY_PATH} PATH=/home/ub2004/ros2_ws/src/install/lely_core_libraries/bin:${PATH} PYTHONPATH=/home/ub2004/ros2_ws/src/install/lely_core_libraries/local/lib/python3.10/dist-packages:/home/ub2004/ros2_ws/src/install/lely_core_libraries/lib/python3.10/site-packages:/home/ub2004/ros2_ws/src/install/canopen_interfaces/local/lib/python3.10/dist-packages:${PYTHONPATH} /usr/bin/cmake --build /home/ub2004/ros2_ws/src/build/canopen_402_driver -- -j8 -l8
[32.564s] Invoking command in '/home/ub2004/ros2_ws/src/build/canopen_402_driver': AMENT_PREFIX_PATH=/home/ub2004/ros2_ws/src/install/canopen_proxy_driver:/home/ub2004/ros2_ws/src/install/canopen_base_driver:/home/ub2004/ros2_ws/src/install/canopen_core:/home/ub2004/ros2_ws/src/install/lely_core_libraries:/home/ub2004/ros2_ws/src/install/canopen_interfaces:${AMENT_PREFIX_PATH} CMAKE_PREFIX_PATH=/home/ub2004/ros2_ws/src/install/canopen_proxy_driver:/home/ub2004/ros2_ws/src/install/canopen_base_driver:/home/ub2004/ros2_ws/src/install/canopen_core:/home/ub2004/ros2_ws/src/install/lely_core_libraries:/home/ub2004/ros2_ws/src/install/canopen_interfaces:/home/ub2004/ros2_ws/install/canopen_tests:/home/ub2004/ros2_ws/install/canopen_ros2_controllers:/home/ub2004/ros2_ws/install/canopen_ros2_control:/home/ub2004/ros2_ws/install/canopen:/home/ub2004/ros2_ws/install/canopen_402_driver:/home/ub2004/ros2_ws/install/canopen_proxy_driver:/home/ub2004/ros2_ws/install/canopen_master_driver:/home/ub2004/ros2_ws/install/canopen_fake_slaves:/home/ub2004/ros2_ws/install/canopen_base_driver:/home/ub2004/ros2_ws/install/canopen_core:/home/ub2004/ros2_ws/install/lely_core_libraries:/home/ub2004/ros2_ws/install/canopen_interfaces:/home/ub2004/ros2_ws/install/urdf_tutorial:/home/ub2004/ros2_ws/install/test_py:/home/ub2004/ros2_ws/install/canopen_utils:/home/ub2004/ros2_ws/install/can_comm:/home/ub2004/ros2_ws/install/agv_pak:/opt/ros/humble LD_LIBRARY_PATH=/home/ub2004/ros2_ws/src/install/canopen_proxy_driver/lib:/home/ub2004/ros2_ws/src/install/canopen_base_driver/lib:/home/ub2004/ros2_ws/src/install/canopen_core/lib:/home/ub2004/ros2_ws/src/install/lely_core_libraries/lib:/home/ub2004/ros2_ws/src/install/canopen_interfaces/lib:${LD_LIBRARY_PATH} PATH=/home/ub2004/ros2_ws/src/install/lely_core_libraries/bin:${PATH} PYTHONPATH=/home/ub2004/ros2_ws/src/install/lely_core_libraries/local/lib/python3.10/dist-packages:/home/ub2004/ros2_ws/src/install/lely_core_libraries/lib/python3.10/site-packages:/home/ub2004/ros2_ws/src/install/canopen_interfaces/local/lib/python3.10/dist-packages:${PYTHONPATH} /usr/bin/cmake --install /home/ub2004/ros2_ws/src/build/canopen_402_driver
[32.573s] -- Install configuration: ""
[32.574s] -- Installing: /home/ub2004/ros2_ws/src/install/canopen_402_driver/include
[32.574s] -- Installing: /home/ub2004/ros2_ws/src/install/canopen_402_driver/include/canopen_402_driver
[32.574s] -- Installing: /home/ub2004/ros2_ws/src/install/canopen_402_driver/include/canopen_402_driver/profiled_position_mode.hpp
[32.574s] -- Installing: /home/ub2004/ros2_ws/src/install/canopen_402_driver/include/canopen_402_driver/cia402_driver.hpp
[32.574s] -- Installing: /home/ub2004/ros2_ws/src/install/canopen_402_driver/include/canopen_402_driver/state.hpp
[32.574s] -- Installing: /home/ub2004/ros2_ws/src/install/canopen_402_driver/include/canopen_402_driver/mode_forward_helper.hpp
[32.574s] -- Installing: /home/ub2004/ros2_ws/src/install/canopen_402_driver/include/canopen_402_driver/mode.hpp
[32.574s] -- Installing: /home/ub2004/ros2_ws/src/install/canopen_402_driver/include/canopen_402_driver/homing_mode.hpp
[32.575s] -- Installing: /home/ub2004/ros2_ws/src/install/canopen_402_driver/include/canopen_402_driver/lifecycle_cia402_driver.hpp
[32.575s] -- Installing: /home/ub2004/ros2_ws/src/install/canopen_402_driver/include/canopen_402_driver/node_interfaces
[32.575s] -- Installing: /home/ub2004/ros2_ws/src/install/canopen_402_driver/include/canopen_402_driver/node_interfaces/node_canopen_402_driver_impl.hpp
[32.575s] -- Installing: /home/ub2004/ros2_ws/src/install/canopen_402_driver/include/canopen_402_driver/node_interfaces/node_canopen_402_driver.hpp
[32.575s] -- Installing: /home/ub2004/ros2_ws/src/install/canopen_402_driver/include/canopen_402_driver/word_accessor.hpp
[32.575s] -- Installing: /home/ub2004/ros2_ws/src/install/canopen_402_driver/include/canopen_402_driver/mode_target_helper.hpp
[32.575s] -- Installing: /home/ub2004/ros2_ws/src/install/canopen_402_driver/include/canopen_402_driver/command.hpp
[32.575s] -- Installing: /home/ub2004/ros2_ws/src/install/canopen_402_driver/include/canopen_402_driver/default_homing_mode.hpp
[32.575s] -- Installing: /home/ub2004/ros2_ws/src/install/canopen_402_driver/include/canopen_402_driver/motor.hpp
[32.575s] -- Installing: /home/ub2004/ros2_ws/src/install/canopen_402_driver/include/canopen_402_driver/visibility_control.h
[32.575s] -- Installing: /home/ub2004/ros2_ws/src/install/canopen_402_driver/include/canopen_402_driver/base.hpp
[32.576s] -- Installing: /home/ub2004/ros2_ws/src/install/canopen_402_driver/lib/liblifecycle_cia402_driver.so
[32.577s] -- Set runtime path of "/home/ub2004/ros2_ws/src/install/canopen_402_driver/lib/liblifecycle_cia402_driver.so" to ""
[32.577s] -- Installing: /home/ub2004/ros2_ws/src/install/canopen_402_driver/lib/libcia402_driver.so
[32.579s] -- Set runtime path of "/home/ub2004/ros2_ws/src/install/canopen_402_driver/lib/libcia402_driver.so" to ""
[32.579s] -- Installing: /home/ub2004/ros2_ws/src/install/canopen_402_driver/lib/libnode_canopen_cia402_driver.so
[32.584s] -- Set runtime path of "/home/ub2004/ros2_ws/src/install/canopen_402_driver/lib/libnode_canopen_cia402_driver.so" to ""
[32.584s] -- Installing: /home/ub2004/ros2_ws/src/install/canopen_402_driver/lib/liblely_motion_controller_bridge.so
[32.586s] -- Set runtime path of "/home/ub2004/ros2_ws/src/install/canopen_402_driver/lib/liblely_motion_controller_bridge.so" to ""
[32.587s] -- Installing: /home/ub2004/ros2_ws/src/install/canopen_402_driver/share/canopen_402_driver/environment/library_path.sh
[32.587s] -- Installing: /home/ub2004/ros2_ws/src/install/canopen_402_driver/share/canopen_402_driver/environment/library_path.dsv
[32.587s] -- Installing: /home/ub2004/ros2_ws/src/install/canopen_402_driver/share/ament_index/resource_index/package_run_dependencies/canopen_402_driver
[32.587s] -- Installing: /home/ub2004/ros2_ws/src/install/canopen_402_driver/share/ament_index/resource_index/parent_prefix_path/canopen_402_driver
[32.588s] -- Installing: /home/ub2004/ros2_ws/src/install/canopen_402_driver/share/canopen_402_driver/environment/ament_prefix_path.sh
[32.588s] -- Installing: /home/ub2004/ros2_ws/src/install/canopen_402_driver/share/canopen_402_driver/environment/ament_prefix_path.dsv
[32.588s] -- Installing: /home/ub2004/ros2_ws/src/install/canopen_402_driver/share/canopen_402_driver/environment/path.sh
[32.588s] -- Installing: /home/ub2004/ros2_ws/src/install/canopen_402_driver/share/canopen_402_driver/environment/path.dsv
[32.588s] -- Installing: /home/ub2004/ros2_ws/src/install/canopen_402_driver/share/canopen_402_driver/local_setup.bash
[32.589s] -- Installing: /home/ub2004/ros2_ws/src/install/canopen_402_driver/share/canopen_402_driver/local_setup.sh
[32.589s] -- Installing: /home/ub2004/ros2_ws/src/install/canopen_402_driver/share/canopen_402_driver/local_setup.zsh
[32.589s] -- Installing: /home/ub2004/ros2_ws/src/install/canopen_402_driver/share/canopen_402_driver/local_setup.dsv
[32.589s] -- Installing: /home/ub2004/ros2_ws/src/install/canopen_402_driver/share/canopen_402_driver/package.dsv
[32.589s] -- Installing: /home/ub2004/ros2_ws/src/install/canopen_402_driver/share/ament_index/resource_index/packages/canopen_402_driver
[32.589s] -- Installing: /home/ub2004/ros2_ws/src/install/canopen_402_driver/share/ament_index/resource_index/rclcpp_components/canopen_402_driver
[32.590s] -- Installing: /home/ub2004/ros2_ws/src/install/canopen_402_driver/share/canopen_402_driver/cmake/export_canopen_402_driverExport.cmake
[32.590s] -- Installing: /home/ub2004/ros2_ws/src/install/canopen_402_driver/share/canopen_402_driver/cmake/export_canopen_402_driverExport-noconfig.cmake
[32.590s] -- Installing: /home/ub2004/ros2_ws/src/install/canopen_402_driver/share/canopen_402_driver/cmake/ament_cmake_export_include_directories-extras.cmake
[32.590s] -- Installing: /home/ub2004/ros2_ws/src/install/canopen_402_driver/share/canopen_402_driver/cmake/ament_cmake_export_libraries-extras.cmake
[32.591s] -- Installing: /home/ub2004/ros2_ws/src/install/canopen_402_driver/share/canopen_402_driver/cmake/ament_cmake_export_targets-extras.cmake
[32.591s] -- Installing: /home/ub2004/ros2_ws/src/install/canopen_402_driver/share/canopen_402_driver/cmake/ament_cmake_export_dependencies-extras.cmake
[32.591s] -- Installing: /home/ub2004/ros2_ws/src/install/canopen_402_driver/share/canopen_402_driver/cmake/canopen_402_driverConfig.cmake
[32.591s] -- Installing: /home/ub2004/ros2_ws/src/install/canopen_402_driver/share/canopen_402_driver/cmake/canopen_402_driverConfig-version.cmake
[32.591s] -- Installing: /home/ub2004/ros2_ws/src/install/canopen_402_driver/share/canopen_402_driver/package.xml
[32.595s] Invoked command in '/home/ub2004/ros2_ws/src/build/canopen_402_driver' returned '0': AMENT_PREFIX_PATH=/home/ub2004/ros2_ws/src/install/canopen_proxy_driver:/home/ub2004/ros2_ws/src/install/canopen_base_driver:/home/ub2004/ros2_ws/src/install/canopen_core:/home/ub2004/ros2_ws/src/install/lely_core_libraries:/home/ub2004/ros2_ws/src/install/canopen_interfaces:${AMENT_PREFIX_PATH} CMAKE_PREFIX_PATH=/home/ub2004/ros2_ws/src/install/canopen_proxy_driver:/home/ub2004/ros2_ws/src/install/canopen_base_driver:/home/ub2004/ros2_ws/src/install/canopen_core:/home/ub2004/ros2_ws/src/install/lely_core_libraries:/home/ub2004/ros2_ws/src/install/canopen_interfaces:/home/ub2004/ros2_ws/install/canopen_tests:/home/ub2004/ros2_ws/install/canopen_ros2_controllers:/home/ub2004/ros2_ws/install/canopen_ros2_control:/home/ub2004/ros2_ws/install/canopen:/home/ub2004/ros2_ws/install/canopen_402_driver:/home/ub2004/ros2_ws/install/canopen_proxy_driver:/home/ub2004/ros2_ws/install/canopen_master_driver:/home/ub2004/ros2_ws/install/canopen_fake_slaves:/home/ub2004/ros2_ws/install/canopen_base_driver:/home/ub2004/ros2_ws/install/canopen_core:/home/ub2004/ros2_ws/install/lely_core_libraries:/home/ub2004/ros2_ws/install/canopen_interfaces:/home/ub2004/ros2_ws/install/urdf_tutorial:/home/ub2004/ros2_ws/install/test_py:/home/ub2004/ros2_ws/install/canopen_utils:/home/ub2004/ros2_ws/install/can_comm:/home/ub2004/ros2_ws/install/agv_pak:/opt/ros/humble LD_LIBRARY_PATH=/home/ub2004/ros2_ws/src/install/canopen_proxy_driver/lib:/home/ub2004/ros2_ws/src/install/canopen_base_driver/lib:/home/ub2004/ros2_ws/src/install/canopen_core/lib:/home/ub2004/ros2_ws/src/install/lely_core_libraries/lib:/home/ub2004/ros2_ws/src/install/canopen_interfaces/lib:${LD_LIBRARY_PATH} PATH=/home/ub2004/ros2_ws/src/install/lely_core_libraries/bin:${PATH} PYTHONPATH=/home/ub2004/ros2_ws/src/install/lely_core_libraries/local/lib/python3.10/dist-packages:/home/ub2004/ros2_ws/src/install/lely_core_libraries/lib/python3.10/site-packages:/home/ub2004/ros2_ws/src/install/canopen_interfaces/local/lib/python3.10/dist-packages:${PYTHONPATH} /usr/bin/cmake --install /home/ub2004/ros2_ws/src/build/canopen_402_driver
