[0.045s] Invoking command in '/home/ub2004/ros2_ws/src/build/slam_gmapping': AMENT_PREFIX_PATH=/home/ub2004/ros2_ws/src/install/openslam_gmapping:${AMENT_PREFIX_PATH} CMAKE_PREFIX_PATH=/home/ub2004/ros2_ws/src/install/openslam_gmapping:/home/ub2004/ros2_ws/install/canopen_tests:/home/ub2004/ros2_ws/install/canopen_ros2_controllers:/home/ub2004/ros2_ws/install/canopen_ros2_control:/home/ub2004/ros2_ws/install/canopen:/home/ub2004/ros2_ws/install/canopen_402_driver:/home/ub2004/ros2_ws/install/canopen_proxy_driver:/home/ub2004/ros2_ws/install/canopen_master_driver:/home/ub2004/ros2_ws/install/canopen_fake_slaves:/home/ub2004/ros2_ws/install/canopen_base_driver:/home/ub2004/ros2_ws/install/canopen_core:/home/ub2004/ros2_ws/install/lely_core_libraries:/home/ub2004/ros2_ws/install/canopen_interfaces:/home/ub2004/ros2_ws/install/urdf_tutorial:/home/ub2004/ros2_ws/install/test_py:/home/ub2004/ros2_ws/install/canopen_utils:/home/ub2004/ros2_ws/install/can_comm:/home/ub2004/ros2_ws/install/agv_pak:/opt/ros/humble LD_LIBRARY_PATH=/home/ub2004/ros2_ws/src/install/openslam_gmapping/lib:${LD_LIBRARY_PATH} /usr/bin/cmake /home/ub2004/ros2_ws/src/slam_gmapping_Humble/slam_gmapping -DCMAKE_INSTALL_PREFIX=/home/ub2004/ros2_ws/src/install/slam_gmapping
[0.265s] -- The C compiler identification is GNU 11.4.0
[0.491s] -- The CXX compiler identification is GNU 11.4.0
[0.530s] -- Detecting C compiler ABI info
[0.771s] -- Detecting C compiler ABI info - done
[0.801s] -- Check for working C compiler: /usr/bin/cc - skipped
[0.802s] -- Detecting C compile features
[0.803s] -- Detecting C compile features - done
[0.809s] -- Detecting CXX compiler ABI info
[0.994s] -- Detecting CXX compiler ABI info - done
[1.047s] -- Check for working CXX compiler: /usr/bin/c++ - skipped
[1.049s] -- Detecting CXX compile features
[1.049s] -- Detecting CXX compile features - done
[1.054s] [0m -fuse-ld=lld -Wl,--disable-new-dtags[0m
[1.059s] -- Found ament_cmake: 1.3.11 (/opt/ros/humble/share/ament_cmake/cmake)
[1.637s] -- Found Python3: /usr/bin/python3 (found version "3.10.12") found components: Interpreter 
[1.901s] -- Found std_msgs: 4.2.4 (/opt/ros/humble/share/std_msgs/cmake)
[2.080s] -- Found rosidl_generator_c: 3.1.6 (/opt/ros/humble/share/rosidl_generator_c/cmake)
[2.103s] -- Found rosidl_adapter: 3.1.6 (/opt/ros/humble/share/rosidl_adapter/cmake)
[2.125s] -- Found rosidl_generator_cpp: 3.1.6 (/opt/ros/humble/share/rosidl_generator_cpp/cmake)
[2.157s] -- Using all available rosidl_typesupport_c: rosidl_typesupport_fastrtps_c;rosidl_typesupport_introspection_c
[2.200s] -- Using all available rosidl_typesupport_cpp: rosidl_typesupport_fastrtps_cpp;rosidl_typesupport_introspection_cpp
[2.265s] -- Found nav_msgs: 4.2.4 (/opt/ros/humble/share/nav_msgs/cmake)
[2.323s] -- Found tf2: 0.25.12 (/opt/ros/humble/share/tf2/cmake)
[2.351s] -- Found tf2_ros: 0.25.12 (/opt/ros/humble/share/tf2_ros/cmake)
[2.513s] -- Found rmw_implementation_cmake: 6.1.2 (/opt/ros/humble/share/rmw_implementation_cmake/cmake)
[2.521s] -- Found rmw_fastrtps_cpp: 6.2.7 (/opt/ros/humble/share/rmw_fastrtps_cpp/cmake)
[2.662s] -- Found OpenSSL: /usr/lib/x86_64-linux-gnu/libcrypto.so (found version "3.0.2")  
[2.696s] -- Found FastRTPS: /opt/ros/humble/include  
[2.746s] -- Using RMW implementation 'rmw_fastrtps_cpp' as default
[2.763s] -- Looking for pthread.h
[2.849s] -- Looking for pthread.h - found
[2.849s] -- Performing Test CMAKE_HAVE_LIBC_PTHREAD
[2.941s] -- Performing Test CMAKE_HAVE_LIBC_PTHREAD - Success
[2.942s] -- Found Threads: TRUE  
[3.091s] -- Found tf2_geometry_msgs: 0.25.12 (/opt/ros/humble/share/tf2_geometry_msgs/cmake)
[3.116s] -- Found eigen3_cmake_module: 0.1.1 (/opt/ros/humble/share/eigen3_cmake_module/cmake)
[3.118s] -- Found Eigen3: TRUE (found version "3.4.0") 
[3.118s] -- Ensuring Eigen3 include directory is part of orocos-kdl CMake target
[3.123s] -- Found sensor_msgs: 4.2.4 (/opt/ros/humble/share/sensor_msgs/cmake)
[3.145s] -- Found visualization_msgs: 4.2.4 (/opt/ros/humble/share/visualization_msgs/cmake)
[3.167s] -- Found openslam_gmapping: 0.1.2 (/home/ub2004/ros2_ws/src/install/openslam_gmapping/share/openslam_gmapping/cmake)
[3.172s] -- Found ament_lint_auto: 0.12.11 (/opt/ros/humble/share/ament_lint_auto/cmake)
[3.278s] -- Added test 'cppcheck' to perform static code analysis on C / C++ code
[3.278s] -- Configured cppcheck include dirs: /home/ub2004/ros2_ws/src/slam_gmapping_Humble/slam_gmapping/include
[3.278s] -- Configured cppcheck exclude dirs and/or files: 
[3.279s] -- Added test 'flake8' to check Python code syntax and style conventions
[3.280s] -- Added test 'lint_cmake' to check CMake code style
[3.281s] -- Added test 'pep257' to check Python code against some of the docstring style conventions in PEP 257
[3.283s] -- Added test 'uncrustify' to check C / C++ code style
[3.283s] -- Configured uncrustify additional arguments: 
[3.284s] -- Added test 'xmllint' to check XML markup files
[3.286s] -- Configuring done
[3.305s] -- Generating done
[3.310s] -- Build files have been written to: /home/ub2004/ros2_ws/src/build/slam_gmapping
[3.321s] Invoked command in '/home/ub2004/ros2_ws/src/build/slam_gmapping' returned '0': AMENT_PREFIX_PATH=/home/ub2004/ros2_ws/src/install/openslam_gmapping:${AMENT_PREFIX_PATH} CMAKE_PREFIX_PATH=/home/ub2004/ros2_ws/src/install/openslam_gmapping:/home/ub2004/ros2_ws/install/canopen_tests:/home/ub2004/ros2_ws/install/canopen_ros2_controllers:/home/ub2004/ros2_ws/install/canopen_ros2_control:/home/ub2004/ros2_ws/install/canopen:/home/ub2004/ros2_ws/install/canopen_402_driver:/home/ub2004/ros2_ws/install/canopen_proxy_driver:/home/ub2004/ros2_ws/install/canopen_master_driver:/home/ub2004/ros2_ws/install/canopen_fake_slaves:/home/ub2004/ros2_ws/install/canopen_base_driver:/home/ub2004/ros2_ws/install/canopen_core:/home/ub2004/ros2_ws/install/lely_core_libraries:/home/ub2004/ros2_ws/install/canopen_interfaces:/home/ub2004/ros2_ws/install/urdf_tutorial:/home/ub2004/ros2_ws/install/test_py:/home/ub2004/ros2_ws/install/canopen_utils:/home/ub2004/ros2_ws/install/can_comm:/home/ub2004/ros2_ws/install/agv_pak:/opt/ros/humble LD_LIBRARY_PATH=/home/ub2004/ros2_ws/src/install/openslam_gmapping/lib:${LD_LIBRARY_PATH} /usr/bin/cmake /home/ub2004/ros2_ws/src/slam_gmapping_Humble/slam_gmapping -DCMAKE_INSTALL_PREFIX=/home/ub2004/ros2_ws/src/install/slam_gmapping
[3.322s] Invoking command in '/home/ub2004/ros2_ws/src/build/slam_gmapping': AMENT_PREFIX_PATH=/home/ub2004/ros2_ws/src/install/openslam_gmapping:${AMENT_PREFIX_PATH} CMAKE_PREFIX_PATH=/home/ub2004/ros2_ws/src/install/openslam_gmapping:/home/ub2004/ros2_ws/install/canopen_tests:/home/ub2004/ros2_ws/install/canopen_ros2_controllers:/home/ub2004/ros2_ws/install/canopen_ros2_control:/home/ub2004/ros2_ws/install/canopen:/home/ub2004/ros2_ws/install/canopen_402_driver:/home/ub2004/ros2_ws/install/canopen_proxy_driver:/home/ub2004/ros2_ws/install/canopen_master_driver:/home/ub2004/ros2_ws/install/canopen_fake_slaves:/home/ub2004/ros2_ws/install/canopen_base_driver:/home/ub2004/ros2_ws/install/canopen_core:/home/ub2004/ros2_ws/install/lely_core_libraries:/home/ub2004/ros2_ws/install/canopen_interfaces:/home/ub2004/ros2_ws/install/urdf_tutorial:/home/ub2004/ros2_ws/install/test_py:/home/ub2004/ros2_ws/install/canopen_utils:/home/ub2004/ros2_ws/install/can_comm:/home/ub2004/ros2_ws/install/agv_pak:/opt/ros/humble LD_LIBRARY_PATH=/home/ub2004/ros2_ws/src/install/openslam_gmapping/lib:${LD_LIBRARY_PATH} /usr/bin/cmake --build /home/ub2004/ros2_ws/src/build/slam_gmapping -- -j8 -l8
[3.387s] [ 50%] [32mBuilding CXX object CMakeFiles/slam_gmapping.dir/src/slam_gmapping.cpp.o[0m
[3.761s] In file included from [01m[K/home/ub2004/ros2_ws/src/slam_gmapping_Humble/slam_gmapping/include/slam_gmapping/slam_gmapping.h:38[m[K,
[3.761s]                  from [01m[K/home/ub2004/ros2_ws/src/slam_gmapping_Humble/slam_gmapping/src/slam_gmapping.cpp:24[m[K:
[3.761s] [01m[K/opt/ros/humble/include/tf2_geometry_msgs/tf2_geometry_msgs/tf2_geometry_msgs.h:35:2:[m[K [01;35m[Kwarning: [m[K#warning This header is obsolete, please include tf2_geometry_msgs/tf2_geometry_msgs.hpp instead [[01;35m[K]8;;https://gcc.gnu.org/onlinedocs/gcc/Warning-Options.html#index-Wcpp-Wcpp]8;;[m[K]
[3.762s]    35 | #[01;35m[Kwarning[m[K This header is obsolete, please include tf2_geometry_msgs/tf2_geometry_msgs.hpp instead
[3.762s]       |  [01;35m[K^~~~~~~[m[K
[6.772s] In file included from [01m[K/home/ub2004/ros2_ws/src/install/openslam_gmapping/include/gmapping/gridfastslam/gridslamprocessor.h:9[m[K,
[6.772s]                  from [01m[K/home/ub2004/ros2_ws/src/slam_gmapping_Humble/slam_gmapping/include/slam_gmapping/slam_gmapping.h:45[m[K,
[6.772s]                  from [01m[K/home/ub2004/ros2_ws/src/slam_gmapping_Humble/slam_gmapping/src/slam_gmapping.cpp:24[m[K:
[6.772s] [01m[K/home/ub2004/ros2_ws/src/install/openslam_gmapping/include/gmapping/particlefilter/particlefilter.h:[m[K In function ‘[01m[Kvoid rle(OutputIterator&, const Iterator&, const Iterator&)[m[K’:
[6.772s] [01m[K/home/ub2004/ros2_ws/src/install/openslam_gmapping/include/gmapping/particlefilter/particlefilter.h:140:9:[m[K [01;35m[Kwarning: [m[Kthis ‘[01m[Kif[m[K’ clause does not guard... [[01;35m[K]8;;https://gcc.gnu.org/onlinedocs/gcc/Warning-Options.html#index-Wmisleading-indentation-Wmisleading-indentation]8;;[m[K]
[6.772s]   140 |         [01;35m[Kif[m[K (count>0)
[6.772s]       |         [01;35m[K^~[m[K
[6.772s] [01m[K/home/ub2004/ros2_ws/src/install/openslam_gmapping/include/gmapping/particlefilter/particlefilter.h:142:17:[m[K [01;36m[Knote: [m[K...this statement, but the latter is misleadingly indented as if it were guarded by the ‘[01m[Kif[m[K’
[6.772s]   142 |                 [01;36m[Kout[m[K++;
[6.773s]       |                 [01;36m[K^~~[m[K
[18.873s] [100%] [32m[1mLinking CXX executable slam_gmapping[0m
[19.957s] [100%] Built target slam_gmapping
[19.981s] Invoked command in '/home/ub2004/ros2_ws/src/build/slam_gmapping' returned '0': AMENT_PREFIX_PATH=/home/ub2004/ros2_ws/src/install/openslam_gmapping:${AMENT_PREFIX_PATH} CMAKE_PREFIX_PATH=/home/ub2004/ros2_ws/src/install/openslam_gmapping:/home/ub2004/ros2_ws/install/canopen_tests:/home/ub2004/ros2_ws/install/canopen_ros2_controllers:/home/ub2004/ros2_ws/install/canopen_ros2_control:/home/ub2004/ros2_ws/install/canopen:/home/ub2004/ros2_ws/install/canopen_402_driver:/home/ub2004/ros2_ws/install/canopen_proxy_driver:/home/ub2004/ros2_ws/install/canopen_master_driver:/home/ub2004/ros2_ws/install/canopen_fake_slaves:/home/ub2004/ros2_ws/install/canopen_base_driver:/home/ub2004/ros2_ws/install/canopen_core:/home/ub2004/ros2_ws/install/lely_core_libraries:/home/ub2004/ros2_ws/install/canopen_interfaces:/home/ub2004/ros2_ws/install/urdf_tutorial:/home/ub2004/ros2_ws/install/test_py:/home/ub2004/ros2_ws/install/canopen_utils:/home/ub2004/ros2_ws/install/can_comm:/home/ub2004/ros2_ws/install/agv_pak:/opt/ros/humble LD_LIBRARY_PATH=/home/ub2004/ros2_ws/src/install/openslam_gmapping/lib:${LD_LIBRARY_PATH} /usr/bin/cmake --build /home/ub2004/ros2_ws/src/build/slam_gmapping -- -j8 -l8
[19.982s] Invoking command in '/home/ub2004/ros2_ws/src/build/slam_gmapping': AMENT_PREFIX_PATH=/home/ub2004/ros2_ws/src/install/openslam_gmapping:${AMENT_PREFIX_PATH} CMAKE_PREFIX_PATH=/home/ub2004/ros2_ws/src/install/openslam_gmapping:/home/ub2004/ros2_ws/install/canopen_tests:/home/ub2004/ros2_ws/install/canopen_ros2_controllers:/home/ub2004/ros2_ws/install/canopen_ros2_control:/home/ub2004/ros2_ws/install/canopen:/home/ub2004/ros2_ws/install/canopen_402_driver:/home/ub2004/ros2_ws/install/canopen_proxy_driver:/home/ub2004/ros2_ws/install/canopen_master_driver:/home/ub2004/ros2_ws/install/canopen_fake_slaves:/home/ub2004/ros2_ws/install/canopen_base_driver:/home/ub2004/ros2_ws/install/canopen_core:/home/ub2004/ros2_ws/install/lely_core_libraries:/home/ub2004/ros2_ws/install/canopen_interfaces:/home/ub2004/ros2_ws/install/urdf_tutorial:/home/ub2004/ros2_ws/install/test_py:/home/ub2004/ros2_ws/install/canopen_utils:/home/ub2004/ros2_ws/install/can_comm:/home/ub2004/ros2_ws/install/agv_pak:/opt/ros/humble LD_LIBRARY_PATH=/home/ub2004/ros2_ws/src/install/openslam_gmapping/lib:${LD_LIBRARY_PATH} /usr/bin/cmake --install /home/ub2004/ros2_ws/src/build/slam_gmapping
[19.993s] -- Install configuration: ""
[19.993s] -- Installing: /home/ub2004/ros2_ws/src/install/slam_gmapping/lib/slam_gmapping/slam_gmapping
[20.001s] -- Set runtime path of "/home/ub2004/ros2_ws/src/install/slam_gmapping/lib/slam_gmapping/slam_gmapping" to ""
[20.001s] -- Installing: /home/ub2004/ros2_ws/src/install/slam_gmapping/share/slam_gmapping/launch
[20.001s] -- Installing: /home/ub2004/ros2_ws/src/install/slam_gmapping/share/slam_gmapping/launch/slam_gmapping.launch.py
[20.002s] -- Installing: /home/ub2004/ros2_ws/src/install/slam_gmapping/share/ament_index/resource_index/package_run_dependencies/slam_gmapping
[20.002s] -- Installing: /home/ub2004/ros2_ws/src/install/slam_gmapping/share/ament_index/resource_index/parent_prefix_path/slam_gmapping
[20.003s] -- Installing: /home/ub2004/ros2_ws/src/install/slam_gmapping/share/slam_gmapping/environment/ament_prefix_path.sh
[20.003s] -- Installing: /home/ub2004/ros2_ws/src/install/slam_gmapping/share/slam_gmapping/environment/ament_prefix_path.dsv
[20.003s] -- Installing: /home/ub2004/ros2_ws/src/install/slam_gmapping/share/slam_gmapping/environment/path.sh
[20.003s] -- Installing: /home/ub2004/ros2_ws/src/install/slam_gmapping/share/slam_gmapping/environment/path.dsv
[20.003s] -- Installing: /home/ub2004/ros2_ws/src/install/slam_gmapping/share/slam_gmapping/local_setup.bash
[20.003s] -- Installing: /home/ub2004/ros2_ws/src/install/slam_gmapping/share/slam_gmapping/local_setup.sh
[20.003s] -- Installing: /home/ub2004/ros2_ws/src/install/slam_gmapping/share/slam_gmapping/local_setup.zsh
[20.004s] -- Installing: /home/ub2004/ros2_ws/src/install/slam_gmapping/share/slam_gmapping/local_setup.dsv
[20.004s] -- Installing: /home/ub2004/ros2_ws/src/install/slam_gmapping/share/slam_gmapping/package.dsv
[20.004s] -- Installing: /home/ub2004/ros2_ws/src/install/slam_gmapping/share/ament_index/resource_index/packages/slam_gmapping
[20.004s] -- Installing: /home/ub2004/ros2_ws/src/install/slam_gmapping/share/slam_gmapping/cmake/slam_gmappingConfig.cmake
[20.004s] -- Installing: /home/ub2004/ros2_ws/src/install/slam_gmapping/share/slam_gmapping/cmake/slam_gmappingConfig-version.cmake
[20.005s] -- Installing: /home/ub2004/ros2_ws/src/install/slam_gmapping/share/slam_gmapping/package.xml
[20.010s] Invoked command in '/home/ub2004/ros2_ws/src/build/slam_gmapping' returned '0': AMENT_PREFIX_PATH=/home/ub2004/ros2_ws/src/install/openslam_gmapping:${AMENT_PREFIX_PATH} CMAKE_PREFIX_PATH=/home/ub2004/ros2_ws/src/install/openslam_gmapping:/home/ub2004/ros2_ws/install/canopen_tests:/home/ub2004/ros2_ws/install/canopen_ros2_controllers:/home/ub2004/ros2_ws/install/canopen_ros2_control:/home/ub2004/ros2_ws/install/canopen:/home/ub2004/ros2_ws/install/canopen_402_driver:/home/ub2004/ros2_ws/install/canopen_proxy_driver:/home/ub2004/ros2_ws/install/canopen_master_driver:/home/ub2004/ros2_ws/install/canopen_fake_slaves:/home/ub2004/ros2_ws/install/canopen_base_driver:/home/ub2004/ros2_ws/install/canopen_core:/home/ub2004/ros2_ws/install/lely_core_libraries:/home/ub2004/ros2_ws/install/canopen_interfaces:/home/ub2004/ros2_ws/install/urdf_tutorial:/home/ub2004/ros2_ws/install/test_py:/home/ub2004/ros2_ws/install/canopen_utils:/home/ub2004/ros2_ws/install/can_comm:/home/ub2004/ros2_ws/install/agv_pak:/opt/ros/humble LD_LIBRARY_PATH=/home/ub2004/ros2_ws/src/install/openslam_gmapping/lib:${LD_LIBRARY_PATH} /usr/bin/cmake --install /home/ub2004/ros2_ws/src/build/slam_gmapping
