running egg_info
creating ../../build/agv_pak/agv_pak.egg-info
writing ../../build/agv_pak/agv_pak.egg-info/PKG-INFO
writing dependency_links to ../../build/agv_pak/agv_pak.egg-info/dependency_links.txt
writing entry points to ../../build/agv_pak/agv_pak.egg-info/entry_points.txt
writing requirements to ../../build/agv_pak/agv_pak.egg-info/requires.txt
writing top-level names to ../../build/agv_pak/agv_pak.egg-info/top_level.txt
writing manifest file '../../build/agv_pak/agv_pak.egg-info/SOURCES.txt'
reading manifest file '../../build/agv_pak/agv_pak.egg-info/SOURCES.txt'
adding license file 'LICENSE'
writing manifest file '../../build/agv_pak/agv_pak.egg-info/SOURCES.txt'
running build
running build_py
creating /home/ub2004/ros2_ws/build/agv_pak/build
creating /home/ub2004/ros2_ws/build/agv_pak/build/lib
creating /home/ub2004/ros2_ws/build/agv_pak/build/lib/scripts
copying scripts/can_talker.py -> /home/ub2004/ros2_ws/build/agv_pak/build/lib/scripts
copying scripts/__init__.py -> /home/ub2004/ros2_ws/build/agv_pak/build/lib/scripts
creating /home/ub2004/ros2_ws/build/agv_pak/build/lib/agv_pak
copying agv_pak/agv_test_node.py -> /home/ub2004/ros2_ws/build/agv_pak/build/lib/agv_pak
copying agv_pak/agv_node_2.py -> /home/ub2004/ros2_ws/build/agv_pak/build/lib/agv_pak
copying agv_pak/agv_node.py -> /home/ub2004/ros2_ws/build/agv_pak/build/lib/agv_pak
copying agv_pak/__init__.py -> /home/ub2004/ros2_ws/build/agv_pak/build/lib/agv_pak
running install
running install_lib
creating /home/ub2004/ros2_ws/install/agv_pak/lib/python3.10/site-packages/scripts
copying /home/ub2004/ros2_ws/build/agv_pak/build/lib/scripts/can_talker.py -> /home/ub2004/ros2_ws/install/agv_pak/lib/python3.10/site-packages/scripts
copying /home/ub2004/ros2_ws/build/agv_pak/build/lib/scripts/__init__.py -> /home/ub2004/ros2_ws/install/agv_pak/lib/python3.10/site-packages/scripts
creating /home/ub2004/ros2_ws/install/agv_pak/lib/python3.10/site-packages/agv_pak
copying /home/ub2004/ros2_ws/build/agv_pak/build/lib/agv_pak/agv_test_node.py -> /home/ub2004/ros2_ws/install/agv_pak/lib/python3.10/site-packages/agv_pak
copying /home/ub2004/ros2_ws/build/agv_pak/build/lib/agv_pak/agv_node_2.py -> /home/ub2004/ros2_ws/install/agv_pak/lib/python3.10/site-packages/agv_pak
copying /home/ub2004/ros2_ws/build/agv_pak/build/lib/agv_pak/agv_node.py -> /home/ub2004/ros2_ws/install/agv_pak/lib/python3.10/site-packages/agv_pak
copying /home/ub2004/ros2_ws/build/agv_pak/build/lib/agv_pak/__init__.py -> /home/ub2004/ros2_ws/install/agv_pak/lib/python3.10/site-packages/agv_pak
byte-compiling /home/ub2004/ros2_ws/install/agv_pak/lib/python3.10/site-packages/scripts/can_talker.py to can_talker.cpython-310.pyc
byte-compiling /home/ub2004/ros2_ws/install/agv_pak/lib/python3.10/site-packages/scripts/__init__.py to __init__.cpython-310.pyc
byte-compiling /home/ub2004/ros2_ws/install/agv_pak/lib/python3.10/site-packages/agv_pak/agv_test_node.py to agv_test_node.cpython-310.pyc
byte-compiling /home/ub2004/ros2_ws/install/agv_pak/lib/python3.10/site-packages/agv_pak/agv_node_2.py to agv_node_2.cpython-310.pyc
byte-compiling /home/ub2004/ros2_ws/install/agv_pak/lib/python3.10/site-packages/agv_pak/agv_node.py to agv_node.cpython-310.pyc
byte-compiling /home/ub2004/ros2_ws/install/agv_pak/lib/python3.10/site-packages/agv_pak/__init__.py to __init__.cpython-310.pyc
running install_data
creating /home/ub2004/ros2_ws/install/agv_pak/share/ament_index
creating /home/ub2004/ros2_ws/install/agv_pak/share/ament_index/resource_index
creating /home/ub2004/ros2_ws/install/agv_pak/share/ament_index/resource_index/packages
copying resource/agv_pak -> /home/ub2004/ros2_ws/install/agv_pak/share/ament_index/resource_index/packages
copying package.xml -> /home/ub2004/ros2_ws/install/agv_pak/share/agv_pak
creating /home/ub2004/ros2_ws/install/agv_pak/share/agv_pak/scripts
copying scripts/can_talker.py -> /home/ub2004/ros2_ws/install/agv_pak/share/agv_pak/scripts
running install_egg_info
Copying ../../build/agv_pak/agv_pak.egg-info to /home/ub2004/ros2_ws/install/agv_pak/lib/python3.10/site-packages/agv_pak-0.0.0-py3.10.egg-info
running install_scripts
Installing agv_node script to /home/ub2004/ros2_ws/install/agv_pak/lib/agv_pak
Installing agv_node_2 script to /home/ub2004/ros2_ws/install/agv_pak/lib/agv_pak
Installing agv_test_node.py script to /home/ub2004/ros2_ws/install/agv_pak/lib/agv_pak
Installing can_talker script to /home/ub2004/ros2_ws/install/agv_pak/lib/agv_pak
writing list of installed files to '/home/ub2004/ros2_ws/build/agv_pak/install.log'
