[2.473s] Invoking command in '/home/ub2004/ros2_ws/src/urdf_tutorial': PYTHONPATH=/home/ub2004/ros2_ws/build/urdf_tutorial/prefix_override:/usr/lib/python3/dist-packages/colcon_core/task/python/colcon_distutils_commands:/home/ub2004/ros2_ws/install/urdf_tutorial/lib/python3.10/site-packages:${PYTHONPATH} /usr/bin/python3 -W ignore:setup.py install is deprecated -W ignore:easy_install command is deprecated setup.py egg_info --egg-base ../../build/urdf_tutorial build --build-base /home/ub2004/ros2_ws/build/urdf_tutorial/build install --record /home/ub2004/ros2_ws/build/urdf_tutorial/install.log --single-version-externally-managed install_data
[3.092s] running egg_info
[3.094s] writing ../../build/urdf_tutorial/urdf_tutorial.egg-info/PKG-INFO
[3.095s] writing dependency_links to ../../build/urdf_tutorial/urdf_tutorial.egg-info/dependency_links.txt
[3.098s] writing entry points to ../../build/urdf_tutorial/urdf_tutorial.egg-info/entry_points.txt
[3.098s] writing requirements to ../../build/urdf_tutorial/urdf_tutorial.egg-info/requires.txt
[3.098s] writing top-level names to ../../build/urdf_tutorial/urdf_tutorial.egg-info/top_level.txt
[3.101s] reading manifest file '../../build/urdf_tutorial/urdf_tutorial.egg-info/SOURCES.txt'
[3.107s] writing manifest file '../../build/urdf_tutorial/urdf_tutorial.egg-info/SOURCES.txt'
[3.107s] running build
[3.107s] running build_py
[3.108s] running install
[3.109s] running install_lib
[3.114s] running install_data
[3.114s] running install_egg_info
[3.123s] removing '/home/ub2004/ros2_ws/install/urdf_tutorial/lib/python3.10/site-packages/urdf_tutorial-0.0.0-py3.10.egg-info' (and everything under it)
[3.123s] Copying ../../build/urdf_tutorial/urdf_tutorial.egg-info to /home/ub2004/ros2_ws/install/urdf_tutorial/lib/python3.10/site-packages/urdf_tutorial-0.0.0-py3.10.egg-info
[3.131s] running install_scripts
[3.208s] writing list of installed files to '/home/ub2004/ros2_ws/build/urdf_tutorial/install.log'
[3.323s] Invoked command in '/home/ub2004/ros2_ws/src/urdf_tutorial' returned '0': PYTHONPATH=/home/ub2004/ros2_ws/build/urdf_tutorial/prefix_override:/usr/lib/python3/dist-packages/colcon_core/task/python/colcon_distutils_commands:/home/ub2004/ros2_ws/install/urdf_tutorial/lib/python3.10/site-packages:${PYTHONPATH} /usr/bin/python3 -W ignore:setup.py install is deprecated -W ignore:easy_install command is deprecated setup.py egg_info --egg-base ../../build/urdf_tutorial build --build-base /home/ub2004/ros2_ws/build/urdf_tutorial/build install --record /home/ub2004/ros2_ws/build/urdf_tutorial/install.log --single-version-externally-managed install_data
