[0.737s] Invoking command in '/home/ub2004/ros2_ws/src/can_comm': PYTHONPATH=/home/ub2004/ros2_ws/build/can_comm/prefix_override:/usr/lib/python3/dist-packages/colcon_core/task/python/colcon_distutils_commands:/home/ub2004/ros2_ws/install/can_comm/lib/python3.10/site-packages:${PYTHONPATH} /usr/bin/python3 -W ignore:setup.py install is deprecated -W ignore:easy_install command is deprecated setup.py egg_info --egg-base ../../build/can_comm build --build-base /home/ub2004/ros2_ws/build/can_comm/build install --record /home/ub2004/ros2_ws/build/can_comm/install.log --single-version-externally-managed install_data
[0.994s] running egg_info
[0.995s] writing ../../build/can_comm/can_comm.egg-info/PKG-INFO
[0.995s] writing dependency_links to ../../build/can_comm/can_comm.egg-info/dependency_links.txt
[0.996s] writing entry points to ../../build/can_comm/can_comm.egg-info/entry_points.txt
[0.996s] writing requirements to ../../build/can_comm/can_comm.egg-info/requires.txt
[0.996s] writing top-level names to ../../build/can_comm/can_comm.egg-info/top_level.txt
[0.997s] reading manifest file '../../build/can_comm/can_comm.egg-info/SOURCES.txt'
[0.999s] writing manifest file '../../build/can_comm/can_comm.egg-info/SOURCES.txt'
[0.999s] running build
[0.999s] running build_py
[1.000s] copying can_comm/auto_drive.py -> /home/ub2004/ros2_ws/build/can_comm/build/lib/can_comm
[1.000s] running install
[1.001s] running install_lib
[1.002s] copying /home/ub2004/ros2_ws/build/can_comm/build/lib/can_comm/auto_drive.py -> /home/ub2004/ros2_ws/install/can_comm/lib/python3.10/site-packages/can_comm
[1.002s] byte-compiling /home/ub2004/ros2_ws/install/can_comm/lib/python3.10/site-packages/can_comm/auto_drive.py to auto_drive.cpython-310.pyc
[1.003s] running install_data
[1.004s] running install_egg_info
[1.005s] removing '/home/ub2004/ros2_ws/install/can_comm/lib/python3.10/site-packages/can_comm-0.0.0-py3.10.egg-info' (and everything under it)
[1.006s] Copying ../../build/can_comm/can_comm.egg-info to /home/ub2004/ros2_ws/install/can_comm/lib/python3.10/site-packages/can_comm-0.0.0-py3.10.egg-info
[1.007s] running install_scripts
[1.030s] Installing agv_odometry_pub script to /home/ub2004/ros2_ws/install/can_comm/lib/can_comm
[1.031s] Installing agv_odometry_sub script to /home/ub2004/ros2_ws/install/can_comm/lib/can_comm
[1.031s] Installing auto_drive script to /home/ub2004/ros2_ws/install/can_comm/lib/can_comm
[1.031s] Installing can_velocity script to /home/ub2004/ros2_ws/install/can_comm/lib/can_comm
[1.031s] Installing joystick_node script to /home/ub2004/ros2_ws/install/can_comm/lib/can_comm
[1.032s] writing list of installed files to '/home/ub2004/ros2_ws/build/can_comm/install.log'
[1.059s] Invoked command in '/home/ub2004/ros2_ws/src/can_comm' returned '0': PYTHONPATH=/home/ub2004/ros2_ws/build/can_comm/prefix_override:/usr/lib/python3/dist-packages/colcon_core/task/python/colcon_distutils_commands:/home/ub2004/ros2_ws/install/can_comm/lib/python3.10/site-packages:${PYTHONPATH} /usr/bin/python3 -W ignore:setup.py install is deprecated -W ignore:easy_install command is deprecated setup.py egg_info --egg-base ../../build/can_comm build --build-base /home/ub2004/ros2_ws/build/can_comm/build install --record /home/ub2004/ros2_ws/build/can_comm/install.log --single-version-externally-managed install_data
