[0.672s] Invoking command in '/home/ub2004/ros2_ws/src/agv_pak': PYTHONPATH=/home/ub2004/ros2_ws/build/agv_pak/prefix_override:/usr/lib/python3/dist-packages/colcon_core/task/python/colcon_distutils_commands:/home/ub2004/ros2_ws/install/agv_pak/lib/python3.10/site-packages:${PYTHONPATH} /usr/bin/python3 -W ignore:setup.py install is deprecated -W ignore:easy_install command is deprecated setup.py egg_info --egg-base ../../build/agv_pak build --build-base /home/ub2004/ros2_ws/build/agv_pak/build install --record /home/ub2004/ros2_ws/build/agv_pak/install.log --single-version-externally-managed install_data
[0.922s] running egg_info
[0.922s] writing ../../build/agv_pak/agv_pak.egg-info/PKG-INFO
[0.922s] writing dependency_links to ../../build/agv_pak/agv_pak.egg-info/dependency_links.txt
[0.923s] writing entry points to ../../build/agv_pak/agv_pak.egg-info/entry_points.txt
[0.923s] writing requirements to ../../build/agv_pak/agv_pak.egg-info/requires.txt
[0.923s] writing top-level names to ../../build/agv_pak/agv_pak.egg-info/top_level.txt
[0.925s] reading manifest file '../../build/agv_pak/agv_pak.egg-info/SOURCES.txt'
[0.925s] adding license file 'LICENSE'
[0.926s] writing manifest file '../../build/agv_pak/agv_pak.egg-info/SOURCES.txt'
[0.926s] running build
[0.926s] running build_py
[0.927s] running install
[0.928s] running install_lib
[0.929s] byte-compiling /home/ub2004/ros2_ws/install/agv_pak/lib/python3.10/site-packages/agv_pak/agv_node_2.py to agv_node_2.cpython-310.pyc
[0.930s] Sorry: TabError: inconsistent use of tabs and spaces in indentation (agv_node_2.py, line 163)
[0.931s] running install_data
[0.931s] running install_egg_info
[0.932s] removing '/home/ub2004/ros2_ws/install/agv_pak/lib/python3.10/site-packages/agv_pak-0.0.0-py3.10.egg-info' (and everything under it)
[0.933s] Copying ../../build/agv_pak/agv_pak.egg-info to /home/ub2004/ros2_ws/install/agv_pak/lib/python3.10/site-packages/agv_pak-0.0.0-py3.10.egg-info
[0.934s] running install_scripts
[0.955s] Installing agv_node script to /home/ub2004/ros2_ws/install/agv_pak/lib/agv_pak
[0.956s] Installing agv_node_2 script to /home/ub2004/ros2_ws/install/agv_pak/lib/agv_pak
[0.956s] Installing agv_test_node.py script to /home/ub2004/ros2_ws/install/agv_pak/lib/agv_pak
[0.956s] writing list of installed files to '/home/ub2004/ros2_ws/build/agv_pak/install.log'
[0.977s] Invoked command in '/home/ub2004/ros2_ws/src/agv_pak' returned '0': PYTHONPATH=/home/ub2004/ros2_ws/build/agv_pak/prefix_override:/usr/lib/python3/dist-packages/colcon_core/task/python/colcon_distutils_commands:/home/ub2004/ros2_ws/install/agv_pak/lib/python3.10/site-packages:${PYTHONPATH} /usr/bin/python3 -W ignore:setup.py install is deprecated -W ignore:easy_install command is deprecated setup.py egg_info --egg-base ../../build/agv_pak build --build-base /home/ub2004/ros2_ws/build/agv_pak/build install --record /home/ub2004/ros2_ws/build/agv_pak/install.log --single-version-externally-managed install_data
