[0.044s] Invoking command in '/home/ub2004/ros2_ws/build/lely_core_libraries': CMAKE_PREFIX_PATH=${CMAKE_PREFIX_PATH}:/home/ub2004/ros2_ws/install/test_py:/home/ub2004/ros2_ws/install/urdf_tutorial:/home/ub2004/ros2_ws/install/canopen_utils:/home/ub2004/ros2_ws/install/can_comm:/home/ub2004/ros2_ws/install/agv_pak:/opt/ros/humble /usr/bin/cmake --build /home/ub2004/ros2_ws/build/lely_core_libraries -- -j8 -l8
[1.032s] configure.ac 패치를 확인하는 중입니다...
[1.032s] 패치 1번 부분 577번 줄에서 성공 (오프셋 8번 줄)
[1.032s] python/dcf-tools/Makefile.am 패치를 확인하는 중입니다...
[1.033s] configure.ac 패치 깔끔하게 적용.
[1.033s] python/dcf-tools/Makefile.am 패치 깔끔하게 적용.
[1.033s] /usr/lib/python3/dist-packages/setuptools/command/install.py:34: SetuptoolsDeprecationWarning: setup.py install is deprecated. Use build and pip and other standards-based tools.
[1.033s]   warnings.warn(
[1.033s] [ 12%] [34m[1mPerforming update step for 'upstr_lely_core_libraries'[0m
[1.033s] [ 12%] Built target ament_cmake_python_copy_cogen_setup
[1.033s] [ 12%] Built target ament_cmake_python_copy_cogen
[1.033s] HEAD의 현재 위치는 b63a0b6f입니다 co: fix co_time_of_day_set() to actually store the result
[1.033s] [ 25%] [34m[1mNo patch step for 'upstr_lely_core_libraries'[0m
[1.033s] [ 37%] [34m[1mPerforming configure step for 'upstr_lely_core_libraries'[0m
[1.033s] running install_scripts
[1.033s] running egg_info
[1.033s] writing cogen.egg-info/PKG-INFO
[1.033s] writing dependency_links to cogen.egg-info/dependency_links.txt
[1.033s] writing entry points to cogen.egg-info/entry_points.txt
[1.033s] writing top-level names to cogen.egg-info/top_level.txt
[1.034s] reading manifest file 'cogen.egg-info/SOURCES.txt'
[1.034s] writing manifest file 'cogen.egg-info/SOURCES.txt'
[1.034s] running egg_info
[1.034s] writing cogen.egg-info/PKG-INFO
[1.034s] writing dependency_links to cogen.egg-info/dependency_links.txt
[1.034s] writing entry points to cogen.egg-info/entry_points.txt
[1.034s] writing top-level names to cogen.egg-info/top_level.txt
[1.034s] reading manifest file 'cogen.egg-info/SOURCES.txt'
[1.034s] writing manifest file 'cogen.egg-info/SOURCES.txt'
[1.034s] Installing cogen script to scripts
[1.034s] [ 37%] Built target ament_cmake_python_build_cogen_egg
[1.034s] [ 37%] Built target ament_cmake_python_build_cogen_scripts
[5.130s] configure.ac:17: warning: The macro `AC_PROG_CC_STDC' is obsolete.
[5.130s] configure.ac:17: You should run autoupdate.
[5.130s] ./lib/autoconf/c.m4:1666: AC_PROG_CC_STDC is expanded from...
[5.130s] configure.ac:17: the top level
[5.130s] configure.ac:442: warning: AC_CHECK_HEADERS($ixxat_header): you should use literals
[5.131s] ./lib/autoconf/headers.m4:217: AC_CHECK_HEADERS is expanded from...
[5.131s] lib/m4sugar/m4sh.m4:699: AS_IF is expanded from...
[5.131s] lib/m4sugar/m4sh.m4:699: AS_IF is expanded from...
[5.131s] configure.ac:442: the top level
[6.886s] checking build system type... x86_64-pc-linux-gnu
[6.886s] checking host system type... x86_64-pc-linux-gnu
[6.886s] checking target system type... x86_64-pc-linux-gnu
[6.897s] checking for a BSD-compatible install... /usr/bin/install -c
[6.901s] checking whether build environment is sane... yes
[6.912s] checking for a race-free mkdir -p... /usr/bin/mkdir -p
[6.913s] checking for gawk... no
[6.913s] checking for mawk... mawk
[6.923s] checking whether make sets $(MAKE)... yes
[6.931s] checking whether make supports nested variables... yes
[6.937s] checking whether to enable maintainer-specific portions of Makefiles... yes
[6.937s] checking whether make supports nested variables... (cached) yes
[6.942s] checking for a sed that does not truncate output... /usr/bin/sed
[6.944s] checking whether to build with code coverage support... no
[6.945s] checking for valgrind... no
[6.956s] checking whether make supports the include directive... yes (GNU style)
[6.957s] checking for gcc... gcc
[7.066s] checking whether the C compiler works... yes
[7.066s] checking for C compiler default output file name... a.out
[7.102s] checking for suffix of executables... 
[7.153s] checking whether we are cross compiling... no
[7.176s] checking for suffix of object files... o
[7.195s] checking whether the compiler supports GNU C... yes
[7.215s] checking whether gcc accepts -g... yes
[7.288s] checking for gcc option to enable C11 features... none needed
[7.323s] checking whether gcc understands -c and -o together... yes
[7.363s] checking dependency style of gcc... gcc3
[7.385s] checking for stdio.h... yes
[7.419s] checking for stdlib.h... yes
[7.449s] checking for string.h... yes
[7.479s] checking for inttypes.h... yes
[7.508s] checking for stdint.h... yes
[7.537s] checking for strings.h... yes
[7.568s] checking for sys/stat.h... yes
[7.598s] checking for sys/types.h... yes
[7.634s] checking for unistd.h... yes
[7.675s] checking for wchar.h... yes
[7.712s] checking for minix/config.h... no
[7.753s] checking whether it is safe to define __EXTENSIONS__... yes
[7.780s] checking whether _XOPEN_SOURCE should be defined... no
[7.781s] checking for g++... g++
[7.893s] checking whether the compiler supports GNU C++... yes
[7.914s] checking whether g++ accepts -g... yes
[8.030s] checking for g++ option to enable C++11 features... none needed
[8.070s] checking dependency style of g++... gcc3
[8.116s] checking whether g++ supports C++11 features with -std=gnu++11... yes
[8.150s] checking how to print strings... printf
[8.150s] checking for a sed that does not truncate output... (cached) /usr/bin/sed
[8.154s] checking for grep that handles long lines and -e... /usr/bin/grep
[8.156s] checking for egrep... /usr/bin/grep -E
[8.159s] checking for fgrep... /usr/bin/grep -F
[8.165s] checking for ld used by gcc... /usr/bin/ld
[8.167s] checking if the linker (/usr/bin/ld) is GNU ld... yes
[8.171s] checking for BSD- or MS-compatible name lister (nm)... /usr/bin/nm -B
[8.196s] checking the name lister (/usr/bin/nm -B) interface... BSD nm
[8.196s] checking whether ln -s works... yes
[8.202s] checking the maximum length of command line arguments... 1572864
[8.206s] checking how to convert x86_64-pc-linux-gnu file names to x86_64-pc-linux-gnu format... func_convert_file_noop
[8.206s] checking how to convert x86_64-pc-linux-gnu file names to toolchain format... func_convert_file_noop
[8.206s] checking for /usr/bin/ld option to reload object files... -r
[8.207s] checking for objdump... objdump
[8.207s] checking how to recognize dependent libraries... pass_all
[8.208s] checking for dlltool... no
[8.208s] checking how to associate runtime and link libraries... printf %s\n
[8.209s] checking for ar... ar
[8.240s] checking for archiver @FILE support... @
[8.240s] checking for strip... strip
[8.241s] checking for ranlib... ranlib
[8.331s] checking command to parse /usr/bin/nm -B output from gcc object... ok
[8.333s] checking for sysroot... no
[8.341s] checking for a working dd... /usr/bin/dd
[8.346s] checking how to truncate binary pipes... /usr/bin/dd bs=4096 count=1
[8.371s] checking for mt... mt
[8.378s] checking if mt is a manifest tool... no
[8.437s] checking for dlfcn.h... yes
[8.443s] checking for objdir... .libs
[8.527s] checking if gcc supports -fno-rtti -fno-exceptions... no
[8.527s] checking for gcc option to produce PIC... -fPIC -DPIC
[8.550s] checking if gcc PIC flag -fPIC -DPIC works... yes
[8.672s] checking if gcc static flag -static works... yes
[8.705s] checking if gcc supports -c -o file.o... yes
[8.705s] checking if gcc supports -c -o file.o... (cached) yes
[8.717s] checking whether the gcc linker (/usr/bin/ld -m elf_x86_64) supports shared libraries... yes
[8.746s] checking whether -lc should be explicitly linked in... no
[8.810s] checking dynamic linker characteristics... GNU/Linux ld.so
[8.810s] checking how to hardcode library paths into programs... immediate
[8.814s] checking whether stripping libraries is possible... yes
[8.814s] checking if libtool supports shared libraries... yes
[8.814s] checking whether to build shared libraries... yes
[8.814s] checking whether to build static libraries... no
[8.852s] checking how to run the C++ preprocessor... g++ -std=gnu++11 -E
[8.960s] checking for ld used by g++ -std=gnu++11... /usr/bin/ld -m elf_x86_64
[8.963s] checking if the linker (/usr/bin/ld -m elf_x86_64) is GNU ld... yes
[8.972s] checking whether the g++ -std=gnu++11 linker (/usr/bin/ld -m elf_x86_64) supports shared libraries... yes
[9.057s] checking for g++ -std=gnu++11 option to produce PIC... -fPIC -DPIC
[9.082s] checking if g++ -std=gnu++11 PIC flag -fPIC -DPIC works... yes
[9.175s] checking if g++ -std=gnu++11 static flag -static works... yes
[9.210s] checking if g++ -std=gnu++11 supports -c -o file.o... yes
[9.210s] checking if g++ -std=gnu++11 supports -c -o file.o... (cached) yes
[9.210s] checking whether the g++ -std=gnu++11 linker (/usr/bin/ld -m elf_x86_64) supports shared libraries... yes
[9.216s] checking dynamic linker characteristics... (cached) GNU/Linux ld.so
[9.216s] checking how to hardcode library paths into programs... immediate
[9.217s] checking for windres... no
[9.292s] checking for timer_create in -lrt... yes
[9.322s] checking how to run the C preprocessor... gcc -E
[9.364s] checking whether gcc is Clang... no
[9.425s] checking whether pthreads work with "-pthread" and "-lpthread"... yes
[9.470s] checking for joinable pthread attribute... PTHREAD_CREATE_JOINABLE
[9.470s] checking whether more special flags are required for pthreads... no
[9.516s] checking for PTHREAD_PRIO_INHERIT... yes
[9.518s] checking for pkg-config... /usr/bin/pkg-config
[9.521s] checking pkg-config is at least version 0.9.0... yes
[9.527s] checking for cpputest >= 4... no
[9.568s] checking for valgrind/valgrind.h... no
[9.624s] checking for linux/can.h... yes
[9.679s] checking for linux/can/error.h... yes
[9.699s] checking for bluetooth/bluetooth.h... no
[9.719s] checking for bluetooth/rfcomm.h... no
[9.825s] checking for library containing str2ba... no
[9.884s] checking for ifaddrs.h... yes
[9.937s] checking for linux/can/netlink.h... yes
[9.991s] checking for linux/can/raw.h... yes
[10.065s] checking for linux/rtnetlink.h... yes
[10.120s] checking for sys/epoll.h... yes
[10.176s] checking for sys/ioctl.h... yes
[10.202s] checking for a Python interpreter with version >= 3.3... python3
[10.202s] checking for python3... /usr/bin/python3
[10.224s] checking for python3 version... 3.10
[10.246s] checking for python3 platform... linux
[10.246s] checking for GNU default python3 prefix... ${prefix}
[10.247s] checking for GNU default python3 exec_prefix... ${exec_prefix}
[10.286s] checking for python3 script directory (pythondir)... ${PYTHON_PREFIX}/lib/python3.10/site-packages
[10.325s] checking for python3 extension module directory (pyexecdir)... ${PYTHON_EXEC_PREFIX}/lib/python3.10/site-packages
[10.325s] checking for gawk... (cached) mawk
[10.355s] checking that generated files are newer than configure... done
[10.356s] configure: creating ./config.status
[11.344s] config.status: creating doc/Doxyfile
[11.367s] config.status: creating doc/Makefile
[11.387s] config.status: creating include/Makefile
[11.407s] config.status: creating pkgconfig/liblely-can.pc
[11.428s] config.status: creating pkgconfig/liblely-co.pc
[11.449s] config.status: creating pkgconfig/liblely-coapp.pc
[11.470s] config.status: creating pkgconfig/liblely-ev.pc
[11.490s] config.status: creating pkgconfig/liblely-io.pc
[11.511s] config.status: creating pkgconfig/liblely-io2.pc
[11.531s] config.status: creating pkgconfig/liblely-libc.pc
[11.553s] config.status: creating pkgconfig/liblely-libc_rt.pc
[11.574s] config.status: creating pkgconfig/liblely-tap.pc
[11.594s] config.status: creating pkgconfig/liblely-util.pc
[11.615s] config.status: creating pkgconfig/Makefile
[11.639s] config.status: creating python/can/Makefile
[11.660s] config.status: creating python/dcf-tools/Makefile
[11.680s] config.status: creating python/io/Makefile
[11.699s] config.status: creating python/Makefile
[11.719s] config.status: creating src/can/Makefile
[11.740s] config.status: creating src/co/Makefile
[11.761s] config.status: creating src/co/version.rc
[11.782s] config.status: creating src/coapp/Makefile
[11.801s] config.status: creating src/coapp/version.rc
[11.822s] config.status: creating src/ev/Makefile
[11.842s] config.status: creating src/ev/version.rc
[11.864s] config.status: creating src/io/Makefile
[11.884s] config.status: creating src/io2/Makefile
[11.904s] config.status: creating src/io2/version.rc
[11.925s] config.status: creating src/libc/Makefile
[11.945s] config.status: creating src/libc/version.rc
[11.967s] config.status: creating src/tap/Makefile
[11.986s] config.status: creating src/tap/version.rc
[12.007s] config.status: creating src/util/Makefile
[12.028s] config.status: creating src/util/version.rc
[12.050s] config.status: creating src/Makefile
[12.074s] config.status: creating tools/Makefile
[12.094s] config.status: creating tools/version.dcf2c.rc
[12.114s] config.status: creating test/co-nmt-master.dcf
[12.135s] config.status: creating test/Makefile
[12.157s] config.status: creating unit-tests/Makefile
[12.177s] config.status: creating exec-wrapper.sh
[12.193s] config.status: creating lcov-wrapper.sh
[12.208s] config.status: creating Makefile
[12.223s] config.status: creating config.h
[12.232s] config.status: config.h is unchanged
[12.236s] config.status: executing depfiles commands
[12.534s] config.status: executing libtool commands
[12.617s] [ 50%] [34m[1mPerforming build step for 'upstr_lely_core_libraries'[0m
[13.007s] config.status: creating config.h
[13.012s] config.status: config.h is unchanged
[13.030s] Making all in doc
[13.032s] Making all in include
[13.039s] Making all in src
[13.048s] Making all in libc
[13.064s] Making all in tap
[13.070s] Making all in util
[13.101s] Making all in can
[13.112s] Making all in co
[13.135s] Making all in io
[13.154s] Making all in ev
[13.166s] Making all in io2
[13.193s] Making all in coapp
[13.222s] Making all in python
[13.232s] Making all in dcf-tools
[13.237s] Making all in pkgconfig
[13.266s] [ 62%] [34m[1mNo install step for 'upstr_lely_core_libraries'[0m
[13.296s] [ 75%] [34m[1mCompleted 'upstr_lely_core_libraries'[0m
[13.332s] [100%] Built target upstr_lely_core_libraries
[13.346s] Invoked command in '/home/ub2004/ros2_ws/build/lely_core_libraries' returned '0': CMAKE_PREFIX_PATH=${CMAKE_PREFIX_PATH}:/home/ub2004/ros2_ws/install/test_py:/home/ub2004/ros2_ws/install/urdf_tutorial:/home/ub2004/ros2_ws/install/canopen_utils:/home/ub2004/ros2_ws/install/can_comm:/home/ub2004/ros2_ws/install/agv_pak:/opt/ros/humble /usr/bin/cmake --build /home/ub2004/ros2_ws/build/lely_core_libraries -- -j8 -l8
[13.348s] Invoking command in '/home/ub2004/ros2_ws/build/lely_core_libraries': CMAKE_PREFIX_PATH=${CMAKE_PREFIX_PATH}:/home/ub2004/ros2_ws/install/test_py:/home/ub2004/ros2_ws/install/urdf_tutorial:/home/ub2004/ros2_ws/install/canopen_utils:/home/ub2004/ros2_ws/install/can_comm:/home/ub2004/ros2_ws/install/agv_pak:/opt/ros/humble /usr/bin/cmake --install /home/ub2004/ros2_ws/build/lely_core_libraries
[13.358s] -- Install configuration: ""
[13.365s] Making install in doc
[13.368s] gmake[1]: 디렉터리 '/home/ub2004/ros2_ws/build/lely_core_libraries/build/doc' 들어감
[13.372s] gmake[2]: 디렉터리 '/home/ub2004/ros2_ws/build/lely_core_libraries/build/doc' 들어감
[13.372s] gmake[2]: 'install-exec-am'을(를) 위해 할 일이 없습니다.
[13.372s] gmake[2]: 'install-data-am'을(를) 위해 할 일이 없습니다.
[13.372s] gmake[2]: 디렉터리 '/home/ub2004/ros2_ws/build/lely_core_libraries/build/doc' 나감
[13.372s] gmake[1]: 디렉터리 '/home/ub2004/ros2_ws/build/lely_core_libraries/build/doc' 나감
[13.372s] Making install in include
[13.378s] gmake[1]: 디렉터리 '/home/ub2004/ros2_ws/build/lely_core_libraries/build/include' 들어감
[13.382s] gmake[2]: 디렉터리 '/home/ub2004/ros2_ws/build/lely_core_libraries/build/include' 들어감
[13.383s] gmake[2]: 'install-exec-am'을(를) 위해 할 일이 없습니다.
[13.387s]  /usr/bin/mkdir -p '/home/ub2004/ros2_ws/install/lely_core_libraries/include'
[13.396s]  /usr/bin/mkdir -p '/home/ub2004/ros2_ws/install/lely_core_libraries/include/lely/co'
[13.398s]  /usr/bin/install -c -m 644  /home/ub2004/ros2_ws/build/lely_core_libraries/upstream/include/lely/co/co.h /home/ub2004/ros2_ws/build/lely_core_libraries/upstream/include/lely/co/crc.h /home/ub2004/ros2_ws/build/lely_core_libraries/upstream/include/lely/co/csdo.h /home/ub2004/ros2_ws/build/lely_core_libraries/upstream/include/lely/co/csdo.hpp /home/ub2004/ros2_ws/build/lely_core_libraries/upstream/include/lely/co/dcf.h /home/ub2004/ros2_ws/build/lely_core_libraries/upstream/include/lely/co/dcf.hpp /home/ub2004/ros2_ws/build/lely_core_libraries/upstream/include/lely/co/dev.h /home/ub2004/ros2_ws/build/lely_core_libraries/upstream/include/lely/co/dev.hpp /home/ub2004/ros2_ws/build/lely_core_libraries/upstream/include/lely/co/emcy.h /home/ub2004/ros2_ws/build/lely_core_libraries/upstream/include/lely/co/emcy.hpp /home/ub2004/ros2_ws/build/lely_core_libraries/upstream/include/lely/co/gw.h /home/ub2004/ros2_ws/build/lely_core_libraries/upstream/include/lely/co/gw.hpp /home/ub2004/ros2_ws/build/lely_core_libraries/upstream/include/lely/co/gw_txt.h /home/ub2004/ros2_ws/build/lely_core_libraries/upstream/include/lely/co/gw_txt.hpp /home/ub2004/ros2_ws/build/lely_core_libraries/upstream/include/lely/co/lss.h /home/ub2004/ros2_ws/build/lely_core_libraries/upstream/include/lely/co/lss.hpp /home/ub2004/ros2_ws/build/lely_core_libraries/upstream/include/lely/co/nmt.h /home/ub2004/ros2_ws/build/lely_core_libraries/upstream/include/lely/co/nmt.hpp /home/ub2004/ros2_ws/build/lely_core_libraries/upstream/include/lely/co/obj.h /home/ub2004/ros2_ws/build/lely_core_libraries/upstream/include/lely/co/obj.hpp /home/ub2004/ros2_ws/build/lely_core_libraries/upstream/include/lely/co/pdo.h /home/ub2004/ros2_ws/build/lely_core_libraries/upstream/include/lely/co/rpdo.h /home/ub2004/ros2_ws/build/lely_core_libraries/upstream/include/lely/co/rpdo.hpp /home/ub2004/ros2_ws/build/lely_core_libraries/upstream/include/lely/co/sdev.h /home/ub2004/ros2_ws/build/lely_core_libraries/upstream/include/lely/co/sdev.hpp /home/ub2004/ros2_ws/build/lely_core_libraries/upstream/include/lely/co/sdo.h /home/ub2004/ros2_ws/build/lely_core_libraries/upstream/include/lely/co/ssdo.h /home/ub2004/ros2_ws/build/lely_core_libraries/upstream/include/lely/co/ssdo.hpp /home/ub2004/ros2_ws/build/lely_core_libraries/upstream/include/lely/co/sync.h /home/ub2004/ros2_ws/build/lely_core_libraries/upstream/include/lely/co/sync.hpp /home/ub2004/ros2_ws/build/lely_core_libraries/upstream/include/lely/co/time.h /home/ub2004/ros2_ws/build/lely_core_libraries/upstream/include/lely/co/time.hpp /home/ub2004/ros2_ws/build/lely_core_libraries/upstream/include/lely/co/tpdo.h /home/ub2004/ros2_ws/build/lely_core_libraries/upstream/include/lely/co/tpdo.hpp /home/ub2004/ros2_ws/build/lely_core_libraries/upstream/include/lely/co/type.h /home/ub2004/ros2_ws/build/lely_core_libraries/upstream/include/lely/co/type.hpp /home/ub2004/ros2_ws/build/lely_core_libraries/upstream/include/lely/co/val.h /home/ub2004/ros2_ws/build/lely_core_libraries/upstream/include/lely/co/val.hpp /home/ub2004/ros2_ws/build/lely_core_libraries/upstream/include/lely/co/wtm.h /home/ub2004/ros2_ws/build/lely_core_libraries/upstream/include/lely/co/wtm.hpp '/home/ub2004/ros2_ws/install/lely_core_libraries/include/lely/co'
[13.403s]  /usr/bin/mkdir -p '/home/ub2004/ros2_ws/install/lely_core_libraries/include/lely/io2/posix'
[13.404s]  /usr/bin/install -c -m 644  /home/ub2004/ros2_ws/build/lely_core_libraries/upstream/include/lely/io2/posix/poll.h /home/ub2004/ros2_ws/build/lely_core_libraries/upstream/include/lely/io2/posix/poll.hpp '/home/ub2004/ros2_ws/install/lely_core_libraries/include/lely/io2/posix'
[13.407s]  /usr/bin/mkdir -p '/home/ub2004/ros2_ws/install/lely_core_libraries/include/lely/can'
[13.408s]  /usr/bin/install -c -m 644  /home/ub2004/ros2_ws/build/lely_core_libraries/upstream/include/lely/can/buf.h /home/ub2004/ros2_ws/build/lely_core_libraries/upstream/include/lely/can/buf.hpp /home/ub2004/ros2_ws/build/lely_core_libraries/upstream/include/lely/can/err.h /home/ub2004/ros2_ws/build/lely_core_libraries/upstream/include/lely/can/msg.h /home/ub2004/ros2_ws/build/lely_core_libraries/upstream/include/lely/can/net.h /home/ub2004/ros2_ws/build/lely_core_libraries/upstream/include/lely/can/net.hpp /home/ub2004/ros2_ws/build/lely_core_libraries/upstream/include/lely/can/socket.h '/home/ub2004/ros2_ws/install/lely_core_libraries/include/lely/can'
[13.411s]  /usr/bin/mkdir -p '/home/ub2004/ros2_ws/install/lely_core_libraries/include/lely/ev'
[13.413s]  /usr/bin/install -c -m 644  /home/ub2004/ros2_ws/build/lely_core_libraries/upstream/include/lely/ev/co_task.hpp /home/ub2004/ros2_ws/build/lely_core_libraries/upstream/include/lely/ev/ev.h /home/ub2004/ros2_ws/build/lely_core_libraries/upstream/include/lely/ev/exec.h /home/ub2004/ros2_ws/build/lely_core_libraries/upstream/include/lely/ev/exec.hpp /home/ub2004/ros2_ws/build/lely_core_libraries/upstream/include/lely/ev/fiber_exec.h /home/ub2004/ros2_ws/build/lely_core_libraries/upstream/include/lely/ev/fiber_exec.hpp /home/ub2004/ros2_ws/build/lely_core_libraries/upstream/include/lely/ev/future.h /home/ub2004/ros2_ws/build/lely_core_libraries/upstream/include/lely/ev/future.hpp /home/ub2004/ros2_ws/build/lely_core_libraries/upstream/include/lely/ev/loop.h /home/ub2004/ros2_ws/build/lely_core_libraries/upstream/include/lely/ev/loop.hpp /home/ub2004/ros2_ws/build/lely_core_libraries/upstream/include/lely/ev/poll.h /home/ub2004/ros2_ws/build/lely_core_libraries/upstream/include/lely/ev/poll.hpp /home/ub2004/ros2_ws/build/lely_core_libraries/upstream/include/lely/ev/std_exec.h /home/ub2004/ros2_ws/build/lely_core_libraries/upstream/include/lely/ev/strand.h /home/ub2004/ros2_ws/build/lely_core_libraries/upstream/include/lely/ev/strand.hpp /home/ub2004/ros2_ws/build/lely_core_libraries/upstream/include/lely/ev/task.h /home/ub2004/ros2_ws/build/lely_core_libraries/upstream/include/lely/ev/task.hpp /home/ub2004/ros2_ws/build/lely_core_libraries/upstream/include/lely/ev/thrd_loop.h /home/ub2004/ros2_ws/build/lely_core_libraries/upstream/include/lely/ev/thrd_loop.hpp '/home/ub2004/ros2_ws/install/lely_core_libraries/include/lely/ev'
[13.416s]  /usr/bin/mkdir -p '/home/ub2004/ros2_ws/install/lely_core_libraries/include/lely/co/def'
[13.418s]  /usr/bin/install -c -m 644  /home/ub2004/ros2_ws/build/lely_core_libraries/upstream/include/lely/co/def/array.def /home/ub2004/ros2_ws/build/lely_core_libraries/upstream/include/lely/co/def/basic.def /home/ub2004/ros2_ws/build/lely_core_libraries/upstream/include/lely/co/def/cxx.def /home/ub2004/ros2_ws/build/lely_core_libraries/upstream/include/lely/co/def/time.def /home/ub2004/ros2_ws/build/lely_core_libraries/upstream/include/lely/co/def/type.def '/home/ub2004/ros2_ws/install/lely_core_libraries/include/lely/co/def'
[13.420s]  /usr/bin/mkdir -p '/home/ub2004/ros2_ws/install/lely_core_libraries/include/lely'
[13.422s]  /usr/bin/install -c -m 644  /home/ub2004/ros2_ws/build/lely_core_libraries/upstream/include/lely/features.h '/home/ub2004/ros2_ws/install/lely_core_libraries/include/lely'
[13.424s]  /usr/bin/mkdir -p '/home/ub2004/ros2_ws/install/lely_core_libraries/include/lely/io'
[13.426s]  /usr/bin/install -c -m 644  /home/ub2004/ros2_ws/build/lely_core_libraries/upstream/include/lely/io/addr.h /home/ub2004/ros2_ws/build/lely_core_libraries/upstream/include/lely/io/attr.h /home/ub2004/ros2_ws/build/lely_core_libraries/upstream/include/lely/io/can.h /home/ub2004/ros2_ws/build/lely_core_libraries/upstream/include/lely/io/can.hpp /home/ub2004/ros2_ws/build/lely_core_libraries/upstream/include/lely/io/file.h /home/ub2004/ros2_ws/build/lely_core_libraries/upstream/include/lely/io/file.hpp /home/ub2004/ros2_ws/build/lely_core_libraries/upstream/include/lely/io/if.h /home/ub2004/ros2_ws/build/lely_core_libraries/upstream/include/lely/io/io.h /home/ub2004/ros2_ws/build/lely_core_libraries/upstream/include/lely/io/io.hpp /home/ub2004/ros2_ws/build/lely_core_libraries/upstream/include/lely/io/pipe.h /home/ub2004/ros2_ws/build/lely_core_libraries/upstream/include/lely/io/pipe.hpp /home/ub2004/ros2_ws/build/lely_core_libraries/upstream/include/lely/io/poll.h /home/ub2004/ros2_ws/build/lely_core_libraries/upstream/include/lely/io/poll.hpp /home/ub2004/ros2_ws/build/lely_core_libraries/upstream/include/lely/io/serial.h /home/ub2004/ros2_ws/build/lely_core_libraries/upstream/include/lely/io/serial.hpp /home/ub2004/ros2_ws/build/lely_core_libraries/upstream/include/lely/io/sock.h /home/ub2004/ros2_ws/build/lely_core_libraries/upstream/include/lely/io/sock.hpp '/home/ub2004/ros2_ws/install/lely_core_libraries/include/lely/io'
[13.429s]  /usr/bin/mkdir -p '/home/ub2004/ros2_ws/install/lely_core_libraries/include/lely/util/def'
[13.431s]  /usr/bin/install -c -m 644  /home/ub2004/ros2_ws/build/lely_core_libraries/upstream/include/lely/util/def/type.def '/home/ub2004/ros2_ws/install/lely_core_libraries/include/lely/util/def'
[13.433s]  /usr/bin/mkdir -p '/home/ub2004/ros2_ws/install/lely_core_libraries/include/lely/co/detail'
[13.434s]  /usr/bin/install -c -m 644  /home/ub2004/ros2_ws/build/lely_core_libraries/upstream/include/lely/co/detail/dev.h /home/ub2004/ros2_ws/build/lely_core_libraries/upstream/include/lely/co/detail/obj.h '/home/ub2004/ros2_ws/install/lely_core_libraries/include/lely/co/detail'
[13.436s]  /usr/bin/mkdir -p '/home/ub2004/ros2_ws/install/lely_core_libraries/include/lely/io2/can'
[13.438s]  /usr/bin/install -c -m 644  /home/ub2004/ros2_ws/build/lely_core_libraries/upstream/include/lely/io2/can/err.h /home/ub2004/ros2_ws/build/lely_core_libraries/upstream/include/lely/io2/can/err.hpp /home/ub2004/ros2_ws/build/lely_core_libraries/upstream/include/lely/io2/can/msg.h /home/ub2004/ros2_ws/build/lely_core_libraries/upstream/include/lely/io2/can/msg.hpp '/home/ub2004/ros2_ws/install/lely_core_libraries/include/lely/io2/can'
[13.441s]  /usr/bin/mkdir -p '/home/ub2004/ros2_ws/install/lely_core_libraries/include/lely/coapp'
[13.442s]  /usr/bin/install -c -m 644  /home/ub2004/ros2_ws/build/lely_core_libraries/upstream/include/lely/coapp/type_traits.hpp /home/ub2004/ros2_ws/build/lely_core_libraries/upstream/include/lely/coapp/device.hpp /home/ub2004/ros2_ws/build/lely_core_libraries/upstream/include/lely/coapp/driver.hpp /home/ub2004/ros2_ws/build/lely_core_libraries/upstream/include/lely/coapp/fiber_driver.hpp /home/ub2004/ros2_ws/build/lely_core_libraries/upstream/include/lely/coapp/logical_driver.hpp /home/ub2004/ros2_ws/build/lely_core_libraries/upstream/include/lely/coapp/loop_driver.hpp /home/ub2004/ros2_ws/build/lely_core_libraries/upstream/include/lely/coapp/lss_master.hpp /home/ub2004/ros2_ws/build/lely_core_libraries/upstream/include/lely/coapp/master.hpp /home/ub2004/ros2_ws/build/lely_core_libraries/upstream/include/lely/coapp/node.hpp /home/ub2004/ros2_ws/build/lely_core_libraries/upstream/include/lely/coapp/sdo.hpp /home/ub2004/ros2_ws/build/lely_core_libraries/upstream/include/lely/coapp/sdo_error.hpp /home/ub2004/ros2_ws/build/lely_core_libraries/upstream/include/lely/coapp/slave.hpp '/home/ub2004/ros2_ws/install/lely_core_libraries/include/lely/coapp'
[13.446s]  /usr/bin/mkdir -p '/home/ub2004/ros2_ws/install/lely_core_libraries/include/lely/io2'
[13.448s]  /usr/bin/install -c -m 644  /home/ub2004/ros2_ws/build/lely_core_libraries/upstream/include/lely/io2/can.h /home/ub2004/ros2_ws/build/lely_core_libraries/upstream/include/lely/io2/can.hpp /home/ub2004/ros2_ws/build/lely_core_libraries/upstream/include/lely/io2/can_net.h /home/ub2004/ros2_ws/build/lely_core_libraries/upstream/include/lely/io2/can_net.hpp /home/ub2004/ros2_ws/build/lely_core_libraries/upstream/include/lely/io2/can_rt.h /home/ub2004/ros2_ws/build/lely_core_libraries/upstream/include/lely/io2/can_rt.hpp /home/ub2004/ros2_ws/build/lely_core_libraries/upstream/include/lely/io2/clock.h /home/ub2004/ros2_ws/build/lely_core_libraries/upstream/include/lely/io2/clock.hpp /home/ub2004/ros2_ws/build/lely_core_libraries/upstream/include/lely/io2/co_can.hpp /home/ub2004/ros2_ws/build/lely_core_libraries/upstream/include/lely/io2/co_can_rt.hpp /home/ub2004/ros2_ws/build/lely_core_libraries/upstream/include/lely/io2/co_sigset.hpp /home/ub2004/ros2_ws/build/lely_core_libraries/upstream/include/lely/io2/co_timer.hpp /home/ub2004/ros2_ws/build/lely_core_libraries/upstream/include/lely/io2/co_tqueue.hpp /home/ub2004/ros2_ws/build/lely_core_libraries/upstream/include/lely/io2/ctx.h /home/ub2004/ros2_ws/build/lely_core_libraries/upstream/include/lely/io2/ctx.hpp /home/ub2004/ros2_ws/build/lely_core_libraries/upstream/include/lely/io2/dev.h /home/ub2004/ros2_ws/build/lely_core_libraries/upstream/include/lely/io2/dev.hpp /home/ub2004/ros2_ws/build/lely_core_libraries/upstream/include/lely/io2/event.h /home/ub2004/ros2_ws/build/lely_core_libraries/upstream/include/lely/io2/event.hpp /home/ub2004/ros2_ws/build/lely_core_libraries/upstream/include/lely/io2/io2.h /home/ub2004/ros2_ws/build/lely_core_libraries/upstream/include/lely/io2/sigset.h /home/ub2004/ros2_ws/build/lely_core_libraries/upstream/include/lely/io2/sigset.hpp /home/ub2004/ros2_ws/build/lely_core_libraries/upstream/include/lely/io2/timer.h /home/ub2004/ros2_ws/build/lely_core_libraries/upstream/include/lely/io2/timer.hpp /home/ub2004/ros2_ws/build/lely_core_libraries/upstream/include/lely/io2/tqueue.h /home/ub2004/ros2_ws/build/lely_core_libraries/upstream/include/lely/io2/tqueue.hpp /home/ub2004/ros2_ws/build/lely_core_libraries/upstream/include/lely/io2/vcan.h /home/ub2004/ros2_ws/build/lely_core_libraries/upstream/include/lely/io2/vcan.hpp '/home/ub2004/ros2_ws/install/lely_core_libraries/include/lely/io2'
[13.452s]  /usr/bin/mkdir -p '/home/ub2004/ros2_ws/install/lely_core_libraries/include/lely/io2/linux'
[13.453s]  /usr/bin/install -c -m 644  /home/ub2004/ros2_ws/build/lely_core_libraries/upstream/include/lely/io2/linux/can.h /home/ub2004/ros2_ws/build/lely_core_libraries/upstream/include/lely/io2/linux/can.hpp '/home/ub2004/ros2_ws/install/lely_core_libraries/include/lely/io2/linux'
[13.456s]  /usr/bin/mkdir -p '/home/ub2004/ros2_ws/install/lely_core_libraries/include/lely/libc/sys'
[13.458s]  /usr/bin/install -c -m 644  /home/ub2004/ros2_ws/build/lely_core_libraries/upstream/include/lely/libc/sys/types.h '/home/ub2004/ros2_ws/install/lely_core_libraries/include/lely/libc/sys'
[13.460s]  /usr/bin/mkdir -p '/home/ub2004/ros2_ws/install/lely_core_libraries/include/lely/io2/user'
[13.462s]  /usr/bin/install -c -m 644  /home/ub2004/ros2_ws/build/lely_core_libraries/upstream/include/lely/io2/user/can.h /home/ub2004/ros2_ws/build/lely_core_libraries/upstream/include/lely/io2/user/can.hpp /home/ub2004/ros2_ws/build/lely_core_libraries/upstream/include/lely/io2/user/timer.h /home/ub2004/ros2_ws/build/lely_core_libraries/upstream/include/lely/io2/user/timer.hpp '/home/ub2004/ros2_ws/install/lely_core_libraries/include/lely/io2/user'
[13.464s]  /usr/bin/mkdir -p '/home/ub2004/ros2_ws/install/lely_core_libraries/include/lely/io2/sys'
[13.466s]  /usr/bin/install -c -m 644  /home/ub2004/ros2_ws/build/lely_core_libraries/upstream/include/lely/io2/sys/clock.h /home/ub2004/ros2_ws/build/lely_core_libraries/upstream/include/lely/io2/sys/clock.hpp /home/ub2004/ros2_ws/build/lely_core_libraries/upstream/include/lely/io2/sys/io.h /home/ub2004/ros2_ws/build/lely_core_libraries/upstream/include/lely/io2/sys/io.hpp /home/ub2004/ros2_ws/build/lely_core_libraries/upstream/include/lely/io2/sys/sigset.h /home/ub2004/ros2_ws/build/lely_core_libraries/upstream/include/lely/io2/sys/sigset.hpp /home/ub2004/ros2_ws/build/lely_core_libraries/upstream/include/lely/io2/sys/timer.h /home/ub2004/ros2_ws/build/lely_core_libraries/upstream/include/lely/io2/sys/timer.hpp '/home/ub2004/ros2_ws/install/lely_core_libraries/include/lely/io2/sys'
[13.468s]  /usr/bin/mkdir -p '/home/ub2004/ros2_ws/install/lely_core_libraries/include/lely/tap'
[13.469s]  /usr/bin/install -c -m 644  /home/ub2004/ros2_ws/build/lely_core_libraries/upstream/include/lely/tap/tap.h '/home/ub2004/ros2_ws/install/lely_core_libraries/include/lely/tap'
[13.473s]  /usr/bin/mkdir -p '/home/ub2004/ros2_ws/install/lely_core_libraries/include/lely/util'
[13.475s]  /usr/bin/install -c -m 644  /home/ub2004/ros2_ws/build/lely_core_libraries/upstream/include/lely/util/bimap.h /home/ub2004/ros2_ws/build/lely_core_libraries/upstream/include/lely/util/coroutine.h /home/ub2004/ros2_ws/build/lely_core_libraries/upstream/include/lely/util/coroutine.hpp /home/ub2004/ros2_ws/build/lely_core_libraries/upstream/include/lely/util/mkjmp.h /home/ub2004/ros2_ws/build/lely_core_libraries/upstream/include/lely/util/sllist.h /home/ub2004/ros2_ws/build/lely_core_libraries/upstream/include/lely/util/spscring.h /home/ub2004/ros2_ws/build/lely_core_libraries/upstream/include/lely/util/bits.h /home/ub2004/ros2_ws/build/lely_core_libraries/upstream/include/lely/util/bitset.h /home/ub2004/ros2_ws/build/lely_core_libraries/upstream/include/lely/util/c_call.hpp /home/ub2004/ros2_ws/build/lely_core_libraries/upstream/include/lely/util/c_type.hpp /home/ub2004/ros2_ws/build/lely_core_libraries/upstream/include/lely/util/chrono.hpp /home/ub2004/ros2_ws/build/lely_core_libraries/upstream/include/lely/util/cmp.h /home/ub2004/ros2_ws/build/lely_core_libraries/upstream/include/lely/util/config.h /home/ub2004/ros2_ws/build/lely_core_libraries/upstream/include/lely/util/daemon.h /home/ub2004/ros2_ws/build/lely_core_libraries/upstream/include/lely/util/diag.h /home/ub2004/ros2_ws/build/lely_core_libraries/upstream/include/lely/util/dllist.h /home/ub2004/ros2_ws/build/lely_core_libraries/upstream/include/lely/util/endian.h /home/ub2004/ros2_ws/build/lely_core_libraries/upstream/include/lely/util/errnum.h /home/ub2004/ros2_ws/build/lely_core_libraries/upstream/include/lely/util/error.hpp /home/ub2004/ros2_ws/build/lely_core_libraries/upstream/include/lely/util/exception.hpp /home/ub2004/ros2_ws/build/lely_core_libraries/upstream/include/lely/util/fiber.h /home/ub2004/ros2_ws/build/lely_core_libraries/upstream/include/lely/util/fiber.hpp /home/ub2004/ros2_ws/build/lely_core_libraries/upstream/include/lely/util/float.h /home/ub2004/ros2_ws/build/lely_core_libraries/upstream/include/lely/util/frbuf.h /home/ub2004/ros2_ws/build/lely_core_libraries/upstream/include/lely/util/fwbuf.h /home/ub2004/ros2_ws/build/lely_core_libraries/upstream/include/lely/util/invoker.hpp /home/ub2004/ros2_ws/build/lely_core_libraries/upstream/include/lely/util/lex.h /home/ub2004/ros2_ws/build/lely_core_libraries/upstream/include/lely/util/membuf.h /home/ub2004/ros2_ws/build/lely_core_libraries/upstream/include/lely/util/mutex.hpp /home/ub2004/ros2_ws/build/lely_core_libraries/upstream/include/lely/util/pheap.h /home/ub2004/ros2_ws/build/lely_core_libraries/upstream/include/lely/util/print.h /home/ub2004/ros2_ws/build/lely_core_libraries/upstream/include/lely/util/rbtree.h /home/ub2004/ros2_ws/build/lely_core_libraries/upstream/include/lely/util/result.hpp /home/ub2004/ros2_ws/build/lely_core_libraries/upstream/include/lely/util/stop.h /home/ub2004/ros2_ws/build/lely_core_libraries/upstream/include/lely/util/stop.hpp /home/ub2004/ros2_ws/build/lely_core_libraries/upstream/include/lely/util/time.h /home/ub2004/ros2_ws/build/lely_core_libraries/upstream/include/lely/util/ustring.h /home/ub2004/ros2_ws/build/lely_core_libraries/upstream/include/lely/util/util.h '/home/ub2004/ros2_ws/install/lely_core_libraries/include/lely/util'
[13.480s]  /usr/bin/mkdir -p '/home/ub2004/ros2_ws/install/lely_core_libraries/include/lely/libc'
[13.481s]  /usr/bin/install -c -m 644  /home/ub2004/ros2_ws/build/lely_core_libraries/upstream/include/lely/libc/chrono.hpp /home/ub2004/ros2_ws/build/lely_core_libraries/upstream/include/lely/libc/functional.hpp /home/ub2004/ros2_ws/build/lely_core_libraries/upstream/include/lely/libc/stdatomic.h /home/ub2004/ros2_ws/build/lely_core_libraries/upstream/include/lely/libc/stddef.h /home/ub2004/ros2_ws/build/lely_core_libraries/upstream/include/lely/libc/stdint.h /home/ub2004/ros2_ws/build/lely_core_libraries/upstream/include/lely/libc/stdio.h /home/ub2004/ros2_ws/build/lely_core_libraries/upstream/include/lely/libc/stdlib.h /home/ub2004/ros2_ws/build/lely_core_libraries/upstream/include/lely/libc/string.h /home/ub2004/ros2_ws/build/lely_core_libraries/upstream/include/lely/libc/strings.h /home/ub2004/ros2_ws/build/lely_core_libraries/upstream/include/lely/libc/threads.h /home/ub2004/ros2_ws/build/lely_core_libraries/upstream/include/lely/libc/time.h /home/ub2004/ros2_ws/build/lely_core_libraries/upstream/include/lely/libc/type_traits.hpp /home/ub2004/ros2_ws/build/lely_core_libraries/upstream/include/lely/libc/uchar.h /home/ub2004/ros2_ws/build/lely_core_libraries/upstream/include/lely/libc/unistd.h /home/ub2004/ros2_ws/build/lely_core_libraries/upstream/include/lely/libc/utility.hpp '/home/ub2004/ros2_ws/install/lely_core_libraries/include/lely/libc'
[13.484s] gmake[2]: 디렉터리 '/home/ub2004/ros2_ws/build/lely_core_libraries/build/include' 나감
[13.485s] gmake[1]: 디렉터리 '/home/ub2004/ros2_ws/build/lely_core_libraries/build/include' 나감
[13.485s] Making install in src
[13.487s] gmake[1]: 디렉터리 '/home/ub2004/ros2_ws/build/lely_core_libraries/build/src' 들어감
[13.492s] Making install in libc
[13.500s] gmake[2]: 디렉터리 '/home/ub2004/ros2_ws/build/lely_core_libraries/build/src/libc' 들어감
[13.511s] gmake[3]: 디렉터리 '/home/ub2004/ros2_ws/build/lely_core_libraries/build/src/libc' 들어감
[13.511s]  /usr/bin/mkdir -p '/home/ub2004/ros2_ws/install/lely_core_libraries/lib'
[13.513s]  /bin/bash ../../libtool   --mode=install /usr/bin/install -c   liblely-libc.la '/home/ub2004/ros2_ws/install/lely_core_libraries/lib'
[13.531s] libtool: install: /usr/bin/install -c .libs/liblely-libc.so.2.4.0 /home/ub2004/ros2_ws/install/lely_core_libraries/lib/liblely-libc.so.2.4.0
[13.534s] libtool: install: (cd /home/ub2004/ros2_ws/install/lely_core_libraries/lib && { ln -s -f liblely-libc.so.2.4.0 liblely-libc.so.2 || { rm -f liblely-libc.so.2 && ln -s liblely-libc.so.2.4.0 liblely-libc.so.2; }; })
[13.536s] libtool: install: (cd /home/ub2004/ros2_ws/install/lely_core_libraries/lib && { ln -s -f liblely-libc.so.2.4.0 liblely-libc.so || { rm -f liblely-libc.so && ln -s liblely-libc.so.2.4.0 liblely-libc.so; }; })
[13.539s] libtool: install: /usr/bin/install -c .libs/liblely-libc.lai /home/ub2004/ros2_ws/install/lely_core_libraries/lib/liblely-libc.la
[13.568s] libtool: finish: PATH="/home/ub2004/ros2_ws/install/lely_core_libraries/bin:/opt/ros/humble/bin:/home/ub2004/.local/bin:/usr/local/sbin:/usr/local/bin:/usr/sbin:/usr/bin:/sbin:/bin:/usr/games:/usr/local/games:/snap/bin:/snap/bin:/sbin" ldconfig -n /home/ub2004/ros2_ws/install/lely_core_libraries/lib
[13.585s] ----------------------------------------------------------------------
[13.585s] Libraries have been installed in:
[13.585s]    /home/ub2004/ros2_ws/install/lely_core_libraries/lib
[13.585s] 
[13.586s] If you ever happen to want to link against installed libraries
[13.586s] in a given directory, LIBDIR, you must either use libtool, and
[13.586s] specify the full pathname of the library, or use the '-LLIBDIR'
[13.586s] flag during linking and do at least one of the following:
[13.586s]    - add LIBDIR to the 'LD_LIBRARY_PATH' environment variable
[13.586s]      during execution
[13.586s]    - add LIBDIR to the 'LD_RUN_PATH' environment variable
[13.586s]      during linking
[13.586s]    - use the '-Wl,-rpath -Wl,LIBDIR' linker flag
[13.586s]    - have your system administrator add LIBDIR to '/etc/ld.so.conf'
[13.586s] 
[13.586s] See any operating system documentation about shared libraries for
[13.586s] more information, such as the ld(1) and ld.so(8) manual pages.
[13.586s] ----------------------------------------------------------------------
[13.590s] gmake[3]: 디렉터리 '/home/ub2004/ros2_ws/build/lely_core_libraries/build/src/libc' 나감
[13.590s] gmake[2]: 디렉터리 '/home/ub2004/ros2_ws/build/lely_core_libraries/build/src/libc' 나감
[13.590s] Making install in tap
[13.596s] gmake[2]: 디렉터리 '/home/ub2004/ros2_ws/build/lely_core_libraries/build/src/tap' 들어감
[13.603s] gmake[3]: 디렉터리 '/home/ub2004/ros2_ws/build/lely_core_libraries/build/src/tap' 들어감
[13.605s]  /usr/bin/mkdir -p '/home/ub2004/ros2_ws/install/lely_core_libraries/lib'
[13.607s]  /bin/bash ../../libtool   --mode=install /usr/bin/install -c   liblely-tap.la '/home/ub2004/ros2_ws/install/lely_core_libraries/lib'
[13.633s] libtool: warning: relinking 'liblely-tap.la'
[13.636s] libtool: install: (cd /home/ub2004/ros2_ws/build/lely_core_libraries/build/src/tap; /bin/bash "/home/ub2004/ros2_ws/build/lely_core_libraries/build/libtool"  --silent --tag CC --mode=relink gcc -Wall -Wextra -pedantic -Werror -Wno-static-in-inline -pthread -g -O2 -no-undefined -version-number 2:4:0 -Wl,--as-needed -o liblely-tap.la -rpath /home/ub2004/ros2_ws/install/lely_core_libraries/lib liblely_tap_la-tap.lo ../../src/libc/liblely-libc.la -lpthread )
[13.732s] libtool: install: /usr/bin/install -c .libs/liblely-tap.so.2.4.0T /home/ub2004/ros2_ws/install/lely_core_libraries/lib/liblely-tap.so.2.4.0
[13.734s] libtool: install: (cd /home/ub2004/ros2_ws/install/lely_core_libraries/lib && { ln -s -f liblely-tap.so.2.4.0 liblely-tap.so.2 || { rm -f liblely-tap.so.2 && ln -s liblely-tap.so.2.4.0 liblely-tap.so.2; }; })
[13.736s] libtool: install: (cd /home/ub2004/ros2_ws/install/lely_core_libraries/lib && { ln -s -f liblely-tap.so.2.4.0 liblely-tap.so || { rm -f liblely-tap.so && ln -s liblely-tap.so.2.4.0 liblely-tap.so; }; })
[13.738s] libtool: install: /usr/bin/install -c .libs/liblely-tap.lai /home/ub2004/ros2_ws/install/lely_core_libraries/lib/liblely-tap.la
[13.768s] libtool: finish: PATH="/home/ub2004/ros2_ws/install/lely_core_libraries/bin:/opt/ros/humble/bin:/home/ub2004/.local/bin:/usr/local/sbin:/usr/local/bin:/usr/sbin:/usr/bin:/sbin:/bin:/usr/games:/usr/local/games:/snap/bin:/snap/bin:/sbin" ldconfig -n /home/ub2004/ros2_ws/install/lely_core_libraries/lib
[13.771s] ----------------------------------------------------------------------
[13.771s] Libraries have been installed in:
[13.771s]    /home/ub2004/ros2_ws/install/lely_core_libraries/lib
[13.771s] 
[13.771s] If you ever happen to want to link against installed libraries
[13.771s] in a given directory, LIBDIR, you must either use libtool, and
[13.771s] specify the full pathname of the library, or use the '-LLIBDIR'
[13.771s] flag during linking and do at least one of the following:
[13.771s]    - add LIBDIR to the 'LD_LIBRARY_PATH' environment variable
[13.771s]      during execution
[13.771s]    - add LIBDIR to the 'LD_RUN_PATH' environment variable
[13.771s]      during linking
[13.772s]    - use the '-Wl,-rpath -Wl,LIBDIR' linker flag
[13.772s]    - have your system administrator add LIBDIR to '/etc/ld.so.conf'
[13.772s] 
[13.772s] See any operating system documentation about shared libraries for
[13.772s] more information, such as the ld(1) and ld.so(8) manual pages.
[13.772s] ----------------------------------------------------------------------
[13.775s] gmake[3]: 디렉터리 '/home/ub2004/ros2_ws/build/lely_core_libraries/build/src/tap' 나감
[13.776s] gmake[2]: 디렉터리 '/home/ub2004/ros2_ws/build/lely_core_libraries/build/src/tap' 나감
[13.776s] Making install in util
[13.799s] gmake[2]: 디렉터리 '/home/ub2004/ros2_ws/build/lely_core_libraries/build/src/util' 들어감
[13.824s] gmake[3]: 디렉터리 '/home/ub2004/ros2_ws/build/lely_core_libraries/build/src/util' 들어감
[13.825s]  /usr/bin/mkdir -p '/home/ub2004/ros2_ws/install/lely_core_libraries/lib'
[13.827s]  /bin/bash ../../libtool   --mode=install /usr/bin/install -c   liblely-util.la '/home/ub2004/ros2_ws/install/lely_core_libraries/lib'
[13.858s] libtool: warning: relinking 'liblely-util.la'
[13.861s] libtool: install: (cd /home/ub2004/ros2_ws/build/lely_core_libraries/build/src/util; /bin/bash "/home/ub2004/ros2_ws/build/lely_core_libraries/build/libtool"  --silent --tag CXX --mode=relink g++ -std=gnu++11 -Wall -Wextra -pedantic -Werror -g -O2 -no-undefined -version-number 2:4:0 -Wl,--as-needed -o liblely-util.la -rpath /home/ub2004/ros2_ws/install/lely_core_libraries/lib liblely_util_la-bimap.lo liblely_util_la-mkjmp.lo liblely_util_la-sllist.lo liblely_util_la-spscring.lo liblely_util_la-bits.lo liblely_util_la-bitset.lo liblely_util_la-cmp.lo liblely_util_la-config.lo liblely_util_la-config_ini.lo liblely_util_la-daemon.lo liblely_util_la-diag.lo liblely_util_la-dllist.lo liblely_util_la-endian.lo liblely_util_la-errnum.lo liblely_util_la-exception.lo liblely_util_la-fiber.lo liblely_util_la-frbuf.lo liblely_util_la-fwbuf.lo liblely_util_la-lex.lo liblely_util_la-membuf.lo liblely_util_la-pheap.lo liblely_util_la-print.lo liblely_util_la-rbtree.lo liblely_util_la-stop.lo liblely_util_la-time.lo liblely_util_la-ustring.lo ../../src/libc/liblely-libc.la -lm -lpthread )
[14.044s] libtool: install: /usr/bin/install -c .libs/liblely-util.so.2.4.0T /home/ub2004/ros2_ws/install/lely_core_libraries/lib/liblely-util.so.2.4.0
[14.046s] libtool: install: (cd /home/ub2004/ros2_ws/install/lely_core_libraries/lib && { ln -s -f liblely-util.so.2.4.0 liblely-util.so.2 || { rm -f liblely-util.so.2 && ln -s liblely-util.so.2.4.0 liblely-util.so.2; }; })
[14.048s] libtool: install: (cd /home/ub2004/ros2_ws/install/lely_core_libraries/lib && { ln -s -f liblely-util.so.2.4.0 liblely-util.so || { rm -f liblely-util.so && ln -s liblely-util.so.2.4.0 liblely-util.so; }; })
[14.051s] libtool: install: /usr/bin/install -c .libs/liblely-util.lai /home/ub2004/ros2_ws/install/lely_core_libraries/lib/liblely-util.la
[14.081s] libtool: finish: PATH="/home/ub2004/ros2_ws/install/lely_core_libraries/bin:/opt/ros/humble/bin:/home/ub2004/.local/bin:/usr/local/sbin:/usr/local/bin:/usr/sbin:/usr/bin:/sbin:/bin:/usr/games:/usr/local/games:/snap/bin:/snap/bin:/sbin" ldconfig -n /home/ub2004/ros2_ws/install/lely_core_libraries/lib
[14.084s] ----------------------------------------------------------------------
[14.084s] Libraries have been installed in:
[14.084s]    /home/ub2004/ros2_ws/install/lely_core_libraries/lib
[14.084s] 
[14.084s] If you ever happen to want to link against installed libraries
[14.084s] in a given directory, LIBDIR, you must either use libtool, and
[14.084s] specify the full pathname of the library, or use the '-LLIBDIR'
[14.084s] flag during linking and do at least one of the following:
[14.084s]    - add LIBDIR to the 'LD_LIBRARY_PATH' environment variable
[14.084s]      during execution
[14.085s]    - add LIBDIR to the 'LD_RUN_PATH' environment variable
[14.085s]      during linking
[14.085s]    - use the '-Wl,-rpath -Wl,LIBDIR' linker flag
[14.085s]    - have your system administrator add LIBDIR to '/etc/ld.so.conf'
[14.085s] 
[14.085s] See any operating system documentation about shared libraries for
[14.085s] more information, such as the ld(1) and ld.so(8) manual pages.
[14.085s] ----------------------------------------------------------------------
[14.088s] gmake[3]: 디렉터리 '/home/ub2004/ros2_ws/build/lely_core_libraries/build/src/util' 나감
[14.089s] gmake[2]: 디렉터리 '/home/ub2004/ros2_ws/build/lely_core_libraries/build/src/util' 나감
[14.089s] Making install in can
[14.099s] gmake[2]: 디렉터리 '/home/ub2004/ros2_ws/build/lely_core_libraries/build/src/can' 들어감
[14.109s] gmake[3]: 디렉터리 '/home/ub2004/ros2_ws/build/lely_core_libraries/build/src/can' 들어감
[14.111s]  /usr/bin/mkdir -p '/home/ub2004/ros2_ws/install/lely_core_libraries/lib'
[14.112s]  /bin/bash ../../libtool   --mode=install /usr/bin/install -c   liblely-can.la '/home/ub2004/ros2_ws/install/lely_core_libraries/lib'
[14.143s] libtool: warning: relinking 'liblely-can.la'
[14.145s] libtool: install: (cd /home/ub2004/ros2_ws/build/lely_core_libraries/build/src/can; /bin/bash "/home/ub2004/ros2_ws/build/lely_core_libraries/build/libtool"  --silent --tag CC --mode=relink gcc -Wall -Wextra -pedantic -Werror -Wno-static-in-inline -pthread -g -O2 -no-undefined -version-number 1:9:2 -Wl,--as-needed -o liblely-can.la -rpath /home/ub2004/ros2_ws/install/lely_core_libraries/lib liblely_can_la-buf.lo liblely_can_la-msg.lo liblely_can_la-net.lo liblely_can_la-socket.lo ../../src/libc/liblely-libc.la ../../src/util/liblely-util.la -lpthread )
[14.261s] libtool: install: /usr/bin/install -c .libs/liblely-can.so.1.9.2T /home/ub2004/ros2_ws/install/lely_core_libraries/lib/liblely-can.so.1.9.2
[14.264s] libtool: install: (cd /home/ub2004/ros2_ws/install/lely_core_libraries/lib && { ln -s -f liblely-can.so.1.9.2 liblely-can.so.1 || { rm -f liblely-can.so.1 && ln -s liblely-can.so.1.9.2 liblely-can.so.1; }; })
[14.266s] libtool: install: (cd /home/ub2004/ros2_ws/install/lely_core_libraries/lib && { ln -s -f liblely-can.so.1.9.2 liblely-can.so || { rm -f liblely-can.so && ln -s liblely-can.so.1.9.2 liblely-can.so; }; })
[14.268s] libtool: install: /usr/bin/install -c .libs/liblely-can.lai /home/ub2004/ros2_ws/install/lely_core_libraries/lib/liblely-can.la
[14.296s] libtool: finish: PATH="/home/ub2004/ros2_ws/install/lely_core_libraries/bin:/opt/ros/humble/bin:/home/ub2004/.local/bin:/usr/local/sbin:/usr/local/bin:/usr/sbin:/usr/bin:/sbin:/bin:/usr/games:/usr/local/games:/snap/bin:/snap/bin:/sbin" ldconfig -n /home/ub2004/ros2_ws/install/lely_core_libraries/lib
[14.299s] ----------------------------------------------------------------------
[14.299s] Libraries have been installed in:
[14.299s]    /home/ub2004/ros2_ws/install/lely_core_libraries/lib
[14.299s] 
[14.299s] If you ever happen to want to link against installed libraries
[14.300s] in a given directory, LIBDIR, you must either use libtool, and
[14.300s] specify the full pathname of the library, or use the '-LLIBDIR'
[14.300s] flag during linking and do at least one of the following:
[14.300s]    - add LIBDIR to the 'LD_LIBRARY_PATH' environment variable
[14.300s]      during execution
[14.300s]    - add LIBDIR to the 'LD_RUN_PATH' environment variable
[14.300s]      during linking
[14.300s]    - use the '-Wl,-rpath -Wl,LIBDIR' linker flag
[14.300s]    - have your system administrator add LIBDIR to '/etc/ld.so.conf'
[14.300s] 
[14.300s] See any operating system documentation about shared libraries for
[14.300s] more information, such as the ld(1) and ld.so(8) manual pages.
[14.300s] ----------------------------------------------------------------------
[14.304s] gmake[3]: 디렉터리 '/home/ub2004/ros2_ws/build/lely_core_libraries/build/src/can' 나감
[14.304s] gmake[2]: 디렉터리 '/home/ub2004/ros2_ws/build/lely_core_libraries/build/src/can' 나감
[14.304s] Making install in co
[14.321s] gmake[2]: 디렉터리 '/home/ub2004/ros2_ws/build/lely_core_libraries/build/src/co' 들어감
[14.340s] gmake[3]: 디렉터리 '/home/ub2004/ros2_ws/build/lely_core_libraries/build/src/co' 들어감
[14.342s]  /usr/bin/mkdir -p '/home/ub2004/ros2_ws/install/lely_core_libraries/lib'
[14.343s]  /bin/bash ../../libtool   --mode=install /usr/bin/install -c   liblely-co.la '/home/ub2004/ros2_ws/install/lely_core_libraries/lib'
[14.374s] libtool: warning: relinking 'liblely-co.la'
[14.377s] libtool: install: (cd /home/ub2004/ros2_ws/build/lely_core_libraries/build/src/co; /bin/bash "/home/ub2004/ros2_ws/build/lely_core_libraries/build/libtool"  --silent --tag CC --mode=relink gcc -Wall -Wextra -pedantic -Werror -Wno-static-in-inline -pthread -g -O2 -no-undefined -version-number 2:4:0 -Wl,--as-needed -o liblely-co.la -rpath /home/ub2004/ros2_ws/install/lely_core_libraries/lib liblely_co_la-crc.lo liblely_co_la-csdo.lo liblely_co_la-dcf.lo liblely_co_la-dev.lo liblely_co_la-emcy.lo liblely_co_la-gw.lo liblely_co_la-gw_txt.lo liblely_co_la-lss.lo liblely_co_la-nmt.lo liblely_co_la-nmt_boot.lo liblely_co_la-nmt_cfg.lo liblely_co_la-nmt_hb.lo liblely_co_la-nmt_srv.lo liblely_co_la-obj.lo liblely_co_la-pdo.lo liblely_co_la-rpdo.lo liblely_co_la-sdev.lo liblely_co_la-sdo.lo liblely_co_la-ssdo.lo liblely_co_la-sync.lo liblely_co_la-time.lo liblely_co_la-tpdo.lo liblely_co_la-type.lo liblely_co_la-val.lo liblely_co_la-wtm.lo ../../src/libc/liblely-libc.la ../../src/util/liblely-util.la ../../src/can/liblely-can.la -lpthread )
[14.576s] libtool: install: /usr/bin/install -c .libs/liblely-co.so.2.4.0T /home/ub2004/ros2_ws/install/lely_core_libraries/lib/liblely-co.so.2.4.0
[14.579s] libtool: install: (cd /home/ub2004/ros2_ws/install/lely_core_libraries/lib && { ln -s -f liblely-co.so.2.4.0 liblely-co.so.2 || { rm -f liblely-co.so.2 && ln -s liblely-co.so.2.4.0 liblely-co.so.2; }; })
[14.581s] libtool: install: (cd /home/ub2004/ros2_ws/install/lely_core_libraries/lib && { ln -s -f liblely-co.so.2.4.0 liblely-co.so || { rm -f liblely-co.so && ln -s liblely-co.so.2.4.0 liblely-co.so; }; })
[14.583s] libtool: install: /usr/bin/install -c .libs/liblely-co.lai /home/ub2004/ros2_ws/install/lely_core_libraries/lib/liblely-co.la
[14.612s] libtool: finish: PATH="/home/ub2004/ros2_ws/install/lely_core_libraries/bin:/opt/ros/humble/bin:/home/ub2004/.local/bin:/usr/local/sbin:/usr/local/bin:/usr/sbin:/usr/bin:/sbin:/bin:/usr/games:/usr/local/games:/snap/bin:/snap/bin:/sbin" ldconfig -n /home/ub2004/ros2_ws/install/lely_core_libraries/lib
[14.614s] ----------------------------------------------------------------------
[14.615s] Libraries have been installed in:
[14.615s]    /home/ub2004/ros2_ws/install/lely_core_libraries/lib
[14.615s] 
[14.615s] If you ever happen to want to link against installed libraries
[14.615s] in a given directory, LIBDIR, you must either use libtool, and
[14.615s] specify the full pathname of the library, or use the '-LLIBDIR'
[14.615s] flag during linking and do at least one of the following:
[14.615s]    - add LIBDIR to the 'LD_LIBRARY_PATH' environment variable
[14.615s]      during execution
[14.615s]    - add LIBDIR to the 'LD_RUN_PATH' environment variable
[14.615s]      during linking
[14.615s]    - use the '-Wl,-rpath -Wl,LIBDIR' linker flag
[14.615s]    - have your system administrator add LIBDIR to '/etc/ld.so.conf'
[14.615s] 
[14.616s] See any operating system documentation about shared libraries for
[14.616s] more information, such as the ld(1) and ld.so(8) manual pages.
[14.616s] ----------------------------------------------------------------------
[14.619s] gmake[3]: 디렉터리 '/home/ub2004/ros2_ws/build/lely_core_libraries/build/src/co' 나감
[14.619s] gmake[2]: 디렉터리 '/home/ub2004/ros2_ws/build/lely_core_libraries/build/src/co' 나감
[14.620s] Making install in io
[14.635s] gmake[2]: 디렉터리 '/home/ub2004/ros2_ws/build/lely_core_libraries/build/src/io' 들어감
[14.652s] gmake[3]: 디렉터리 '/home/ub2004/ros2_ws/build/lely_core_libraries/build/src/io' 들어감
[14.653s]  /usr/bin/mkdir -p '/home/ub2004/ros2_ws/install/lely_core_libraries/lib'
[14.655s]  /bin/bash ../../libtool   --mode=install /usr/bin/install -c   liblely-io.la '/home/ub2004/ros2_ws/install/lely_core_libraries/lib'
[14.685s] libtool: warning: relinking 'liblely-io.la'
[14.688s] libtool: install: (cd /home/ub2004/ros2_ws/build/lely_core_libraries/build/src/io; /bin/bash "/home/ub2004/ros2_ws/build/lely_core_libraries/build/libtool"  --silent --tag CC --mode=relink gcc -Wall -Wextra -pedantic -Werror -Wno-static-in-inline -pthread -g -O2 -no-undefined -version-number 1:9:2 -Wl,--as-needed -o liblely-io.la -rpath /home/ub2004/ros2_ws/install/lely_core_libraries/lib liblely_io_la-addr.lo liblely_io_la-attr.lo liblely_io_la-can.lo liblely_io_la-file.lo liblely_io_la-handle.lo liblely_io_la-if.lo liblely_io_la-io.lo liblely_io_la-pipe.lo liblely_io_la-poll.lo liblely_io_la-rtnl.lo liblely_io_la-serial.lo liblely_io_la-sock.lo ../../src/libc/liblely-libc.la ../../src/util/liblely-util.la ../../src/can/liblely-can.la -lpthread )
[14.837s] libtool: install: /usr/bin/install -c .libs/liblely-io.so.1.9.2T /home/ub2004/ros2_ws/install/lely_core_libraries/lib/liblely-io.so.1.9.2
[14.839s] libtool: install: (cd /home/ub2004/ros2_ws/install/lely_core_libraries/lib && { ln -s -f liblely-io.so.1.9.2 liblely-io.so.1 || { rm -f liblely-io.so.1 && ln -s liblely-io.so.1.9.2 liblely-io.so.1; }; })
[14.842s] libtool: install: (cd /home/ub2004/ros2_ws/install/lely_core_libraries/lib && { ln -s -f liblely-io.so.1.9.2 liblely-io.so || { rm -f liblely-io.so && ln -s liblely-io.so.1.9.2 liblely-io.so; }; })
[14.844s] libtool: install: /usr/bin/install -c .libs/liblely-io.lai /home/ub2004/ros2_ws/install/lely_core_libraries/lib/liblely-io.la
[14.874s] libtool: finish: PATH="/home/ub2004/ros2_ws/install/lely_core_libraries/bin:/opt/ros/humble/bin:/home/ub2004/.local/bin:/usr/local/sbin:/usr/local/bin:/usr/sbin:/usr/bin:/sbin:/bin:/usr/games:/usr/local/games:/snap/bin:/snap/bin:/sbin" ldconfig -n /home/ub2004/ros2_ws/install/lely_core_libraries/lib
[14.876s] ----------------------------------------------------------------------
[14.876s] Libraries have been installed in:
[14.877s]    /home/ub2004/ros2_ws/install/lely_core_libraries/lib
[14.877s] 
[14.877s] If you ever happen to want to link against installed libraries
[14.877s] in a given directory, LIBDIR, you must either use libtool, and
[14.877s] specify the full pathname of the library, or use the '-LLIBDIR'
[14.877s] flag during linking and do at least one of the following:
[14.877s]    - add LIBDIR to the 'LD_LIBRARY_PATH' environment variable
[14.877s]      during execution
[14.877s]    - add LIBDIR to the 'LD_RUN_PATH' environment variable
[14.877s]      during linking
[14.877s]    - use the '-Wl,-rpath -Wl,LIBDIR' linker flag
[14.877s]    - have your system administrator add LIBDIR to '/etc/ld.so.conf'
[14.877s] 
[14.877s] See any operating system documentation about shared libraries for
[14.877s] more information, such as the ld(1) and ld.so(8) manual pages.
[14.877s] ----------------------------------------------------------------------
[14.881s] gmake[3]: 디렉터리 '/home/ub2004/ros2_ws/build/lely_core_libraries/build/src/io' 나감
[14.881s] gmake[2]: 디렉터리 '/home/ub2004/ros2_ws/build/lely_core_libraries/build/src/io' 나감
[14.882s] Making install in ev
[14.891s] gmake[2]: 디렉터리 '/home/ub2004/ros2_ws/build/lely_core_libraries/build/src/ev' 들어감
[14.901s] gmake[3]: 디렉터리 '/home/ub2004/ros2_ws/build/lely_core_libraries/build/src/ev' 들어감
[14.903s]  /usr/bin/mkdir -p '/home/ub2004/ros2_ws/install/lely_core_libraries/lib'
[14.905s]  /bin/bash ../../libtool   --mode=install /usr/bin/install -c   liblely-ev.la '/home/ub2004/ros2_ws/install/lely_core_libraries/lib'
[14.934s] libtool: warning: relinking 'liblely-ev.la'
[14.937s] libtool: install: (cd /home/ub2004/ros2_ws/build/lely_core_libraries/build/src/ev; /bin/bash "/home/ub2004/ros2_ws/build/lely_core_libraries/build/libtool"  --silent --tag CC --mode=relink gcc -Wall -Wextra -pedantic -Werror -Wno-static-in-inline -pthread -g -O2 -no-undefined -version-number 2:4:0 -Wl,--as-needed -o liblely-ev.la -rpath /home/ub2004/ros2_ws/install/lely_core_libraries/lib liblely_ev_la-exec.lo liblely_ev_la-fiber_exec.lo liblely_ev_la-future.lo liblely_ev_la-loop.lo liblely_ev_la-poll.lo liblely_ev_la-std_exec.lo liblely_ev_la-strand.lo liblely_ev_la-task.lo liblely_ev_la-thrd_loop.lo ../../src/libc/liblely-libc.la ../../src/util/liblely-util.la -lpthread )
[15.063s] libtool: install: /usr/bin/install -c .libs/liblely-ev.so.2.4.0T /home/ub2004/ros2_ws/install/lely_core_libraries/lib/liblely-ev.so.2.4.0
[15.066s] libtool: install: (cd /home/ub2004/ros2_ws/install/lely_core_libraries/lib && { ln -s -f liblely-ev.so.2.4.0 liblely-ev.so.2 || { rm -f liblely-ev.so.2 && ln -s liblely-ev.so.2.4.0 liblely-ev.so.2; }; })
[15.068s] libtool: install: (cd /home/ub2004/ros2_ws/install/lely_core_libraries/lib && { ln -s -f liblely-ev.so.2.4.0 liblely-ev.so || { rm -f liblely-ev.so && ln -s liblely-ev.so.2.4.0 liblely-ev.so; }; })
[15.070s] libtool: install: /usr/bin/install -c .libs/liblely-ev.lai /home/ub2004/ros2_ws/install/lely_core_libraries/lib/liblely-ev.la
[15.099s] libtool: finish: PATH="/home/ub2004/ros2_ws/install/lely_core_libraries/bin:/opt/ros/humble/bin:/home/ub2004/.local/bin:/usr/local/sbin:/usr/local/bin:/usr/sbin:/usr/bin:/sbin:/bin:/usr/games:/usr/local/games:/snap/bin:/snap/bin:/sbin" ldconfig -n /home/ub2004/ros2_ws/install/lely_core_libraries/lib
[15.101s] ----------------------------------------------------------------------
[15.102s] Libraries have been installed in:
[15.102s]    /home/ub2004/ros2_ws/install/lely_core_libraries/lib
[15.102s] 
[15.102s] If you ever happen to want to link against installed libraries
[15.102s] in a given directory, LIBDIR, you must either use libtool, and
[15.102s] specify the full pathname of the library, or use the '-LLIBDIR'
[15.102s] flag during linking and do at least one of the following:
[15.102s]    - add LIBDIR to the 'LD_LIBRARY_PATH' environment variable
[15.102s]      during execution
[15.102s]    - add LIBDIR to the 'LD_RUN_PATH' environment variable
[15.102s]      during linking
[15.102s]    - use the '-Wl,-rpath -Wl,LIBDIR' linker flag
[15.102s]    - have your system administrator add LIBDIR to '/etc/ld.so.conf'
[15.102s] 
[15.102s] See any operating system documentation about shared libraries for
[15.102s] more information, such as the ld(1) and ld.so(8) manual pages.
[15.103s] ----------------------------------------------------------------------
[15.106s] gmake[3]: 디렉터리 '/home/ub2004/ros2_ws/build/lely_core_libraries/build/src/ev' 나감
[15.106s] gmake[2]: 디렉터리 '/home/ub2004/ros2_ws/build/lely_core_libraries/build/src/ev' 나감
[15.107s] Making install in io2
[15.126s] gmake[2]: 디렉터리 '/home/ub2004/ros2_ws/build/lely_core_libraries/build/src/io2' 들어감
[15.146s] gmake[3]: 디렉터리 '/home/ub2004/ros2_ws/build/lely_core_libraries/build/src/io2' 들어감
[15.148s]  /usr/bin/mkdir -p '/home/ub2004/ros2_ws/install/lely_core_libraries/lib'
[15.149s]  /bin/bash ../../libtool   --mode=install /usr/bin/install -c   liblely-io2.la '/home/ub2004/ros2_ws/install/lely_core_libraries/lib'
[15.181s] libtool: warning: relinking 'liblely-io2.la'
[15.184s] libtool: install: (cd /home/ub2004/ros2_ws/build/lely_core_libraries/build/src/io2; /bin/bash "/home/ub2004/ros2_ws/build/lely_core_libraries/build/libtool"  --silent --tag CC --mode=relink gcc -Wall -Wextra -pedantic -Werror -Wno-static-in-inline -pthread -g -O2 -no-undefined -version-number 2:4:0 -Wl,--as-needed -o liblely-io2.la -rpath /home/ub2004/ros2_ws/install/lely_core_libraries/lib can/liblely_io2_la-msg.lo linux/liblely_io2_la-can_chan.lo linux/liblely_io2_la-can_ctrl.lo linux/liblely_io2_la-poll.lo linux/liblely_io2_la-timer.lo posix/liblely_io2_la-fd.lo posix/liblely_io2_la-io.lo posix/liblely_io2_la-sigset.lo sys/liblely_io2_la-clock.lo sys/liblely_io2_la-io.lo user/liblely_io2_la-can.lo user/liblely_io2_la-timer.lo liblely_io2_la-can.lo liblely_io2_la-can_net.lo liblely_io2_la-can_rt.lo liblely_io2_la-clock.lo liblely_io2_la-ctx.lo liblely_io2_la-dev.lo liblely_io2_la-sigset.lo liblely_io2_la-timer.lo liblely_io2_la-tqueue.lo liblely_io2_la-vcan.lo ../../src/libc/liblely-libc.la ../../src/util/liblely-util.la ../../src/can/liblely-can.la ../../src/ev/liblely-ev.la -lrt -lpthread )
[15.372s] libtool: install: /usr/bin/install -c .libs/liblely-io2.so.2.4.0T /home/ub2004/ros2_ws/install/lely_core_libraries/lib/liblely-io2.so.2.4.0
[15.375s] libtool: install: (cd /home/ub2004/ros2_ws/install/lely_core_libraries/lib && { ln -s -f liblely-io2.so.2.4.0 liblely-io2.so.2 || { rm -f liblely-io2.so.2 && ln -s liblely-io2.so.2.4.0 liblely-io2.so.2; }; })
[15.377s] libtool: install: (cd /home/ub2004/ros2_ws/install/lely_core_libraries/lib && { ln -s -f liblely-io2.so.2.4.0 liblely-io2.so || { rm -f liblely-io2.so && ln -s liblely-io2.so.2.4.0 liblely-io2.so; }; })
[15.380s] libtool: install: /usr/bin/install -c .libs/liblely-io2.lai /home/ub2004/ros2_ws/install/lely_core_libraries/lib/liblely-io2.la
[15.409s] libtool: finish: PATH="/home/ub2004/ros2_ws/install/lely_core_libraries/bin:/opt/ros/humble/bin:/home/ub2004/.local/bin:/usr/local/sbin:/usr/local/bin:/usr/sbin:/usr/bin:/sbin:/bin:/usr/games:/usr/local/games:/snap/bin:/snap/bin:/sbin" ldconfig -n /home/ub2004/ros2_ws/install/lely_core_libraries/lib
[15.411s] ----------------------------------------------------------------------
[15.411s] Libraries have been installed in:
[15.411s]    /home/ub2004/ros2_ws/install/lely_core_libraries/lib
[15.411s] 
[15.412s] If you ever happen to want to link against installed libraries
[15.412s] in a given directory, LIBDIR, you must either use libtool, and
[15.412s] specify the full pathname of the library, or use the '-LLIBDIR'
[15.412s] flag during linking and do at least one of the following:
[15.412s]    - add LIBDIR to the 'LD_LIBRARY_PATH' environment variable
[15.412s]      during execution
[15.412s]    - add LIBDIR to the 'LD_RUN_PATH' environment variable
[15.412s]      during linking
[15.412s]    - use the '-Wl,-rpath -Wl,LIBDIR' linker flag
[15.412s]    - have your system administrator add LIBDIR to '/etc/ld.so.conf'
[15.412s] 
[15.412s] See any operating system documentation about shared libraries for
[15.412s] more information, such as the ld(1) and ld.so(8) manual pages.
[15.412s] ----------------------------------------------------------------------
[15.416s] gmake[3]: 디렉터리 '/home/ub2004/ros2_ws/build/lely_core_libraries/build/src/io2' 나감
[15.416s] gmake[2]: 디렉터리 '/home/ub2004/ros2_ws/build/lely_core_libraries/build/src/io2' 나감
[15.416s] Making install in coapp
[15.438s] gmake[2]: 디렉터리 '/home/ub2004/ros2_ws/build/lely_core_libraries/build/src/coapp' 들어감
[15.460s] gmake[3]: 디렉터리 '/home/ub2004/ros2_ws/build/lely_core_libraries/build/src/coapp' 들어감
[15.462s]  /usr/bin/mkdir -p '/home/ub2004/ros2_ws/install/lely_core_libraries/lib'
[15.463s]  /bin/bash ../../libtool   --mode=install /usr/bin/install -c   liblely-coapp.la '/home/ub2004/ros2_ws/install/lely_core_libraries/lib'
[15.493s] libtool: warning: relinking 'liblely-coapp.la'
[15.496s] libtool: install: (cd /home/ub2004/ros2_ws/build/lely_core_libraries/build/src/coapp; /bin/bash "/home/ub2004/ros2_ws/build/lely_core_libraries/build/libtool"  --silent --tag CXX --mode=relink g++ -std=gnu++11 -Wall -Wextra -pedantic -Werror -g -O2 -no-undefined -version-number 2:4:0 -Wl,--as-needed -o liblely-coapp.la -rpath /home/ub2004/ros2_ws/install/lely_core_libraries/lib liblely_coapp_la-device.lo liblely_coapp_la-driver.lo liblely_coapp_la-fiber_driver.lo liblely_coapp_la-logical_driver.lo liblely_coapp_la-loop_driver.lo liblely_coapp_la-lss_master.lo liblely_coapp_la-master.lo liblely_coapp_la-node.lo liblely_coapp_la-sdo.lo liblely_coapp_la-sdo_error.lo liblely_coapp_la-slave.lo liblely_coapp_la-type_traits.lo ../../src/libc/liblely-libc.la ../../src/util/liblely-util.la ../../src/can/liblely-can.la ../../src/ev/liblely-ev.la ../../src/io2/liblely-io2.la ../../src/co/liblely-co.la -lpthread )
[15.932s] libtool: install: /usr/bin/install -c .libs/liblely-coapp.so.2.4.0T /home/ub2004/ros2_ws/install/lely_core_libraries/lib/liblely-coapp.so.2.4.0
[15.938s] libtool: install: (cd /home/ub2004/ros2_ws/install/lely_core_libraries/lib && { ln -s -f liblely-coapp.so.2.4.0 liblely-coapp.so.2 || { rm -f liblely-coapp.so.2 && ln -s liblely-coapp.so.2.4.0 liblely-coapp.so.2; }; })
[15.940s] libtool: install: (cd /home/ub2004/ros2_ws/install/lely_core_libraries/lib && { ln -s -f liblely-coapp.so.2.4.0 liblely-coapp.so || { rm -f liblely-coapp.so && ln -s liblely-coapp.so.2.4.0 liblely-coapp.so; }; })
[15.943s] libtool: install: /usr/bin/install -c .libs/liblely-coapp.lai /home/ub2004/ros2_ws/install/lely_core_libraries/lib/liblely-coapp.la
[15.973s] libtool: finish: PATH="/home/ub2004/ros2_ws/install/lely_core_libraries/bin:/opt/ros/humble/bin:/home/ub2004/.local/bin:/usr/local/sbin:/usr/local/bin:/usr/sbin:/usr/bin:/sbin:/bin:/usr/games:/usr/local/games:/snap/bin:/snap/bin:/sbin" ldconfig -n /home/ub2004/ros2_ws/install/lely_core_libraries/lib
[15.975s] ----------------------------------------------------------------------
[15.976s] Libraries have been installed in:
[15.976s]    /home/ub2004/ros2_ws/install/lely_core_libraries/lib
[15.976s] 
[15.976s] If you ever happen to want to link against installed libraries
[15.976s] in a given directory, LIBDIR, you must either use libtool, and
[15.976s] specify the full pathname of the library, or use the '-LLIBDIR'
[15.976s] flag during linking and do at least one of the following:
[15.976s]    - add LIBDIR to the 'LD_LIBRARY_PATH' environment variable
[15.976s]      during execution
[15.976s]    - add LIBDIR to the 'LD_RUN_PATH' environment variable
[15.976s]      during linking
[15.976s]    - use the '-Wl,-rpath -Wl,LIBDIR' linker flag
[15.976s]    - have your system administrator add LIBDIR to '/etc/ld.so.conf'
[15.976s] 
[15.976s] See any operating system documentation about shared libraries for
[15.977s] more information, such as the ld(1) and ld.so(8) manual pages.
[15.977s] ----------------------------------------------------------------------
[15.980s] gmake[3]: 디렉터리 '/home/ub2004/ros2_ws/build/lely_core_libraries/build/src/coapp' 나감
[15.980s] gmake[2]: 디렉터리 '/home/ub2004/ros2_ws/build/lely_core_libraries/build/src/coapp' 나감
[15.983s] gmake[2]: 디렉터리 '/home/ub2004/ros2_ws/build/lely_core_libraries/build/src' 들어감
[15.986s] gmake[3]: 디렉터리 '/home/ub2004/ros2_ws/build/lely_core_libraries/build/src' 들어감
[15.987s] gmake[3]: 'install-exec-am'을(를) 위해 할 일이 없습니다.
[15.987s] gmake[3]: 'install-data-am'을(를) 위해 할 일이 없습니다.
[15.987s] gmake[3]: 디렉터리 '/home/ub2004/ros2_ws/build/lely_core_libraries/build/src' 나감
[15.987s] gmake[2]: 디렉터리 '/home/ub2004/ros2_ws/build/lely_core_libraries/build/src' 나감
[15.987s] gmake[1]: 디렉터리 '/home/ub2004/ros2_ws/build/lely_core_libraries/build/src' 나감
[15.987s] Making install in python
[15.990s] gmake[1]: 디렉터리 '/home/ub2004/ros2_ws/build/lely_core_libraries/build/python' 들어감
[15.995s] Making install in dcf-tools
[15.997s] gmake[2]: 디렉터리 '/home/ub2004/ros2_ws/build/lely_core_libraries/build/python/dcf-tools' 들어감
[16.000s] gmake[3]: 디렉터리 '/home/ub2004/ros2_ws/build/lely_core_libraries/build/python/dcf-tools' 들어감
[16.266s] running egg_info
[16.267s] writing dcf_tools.egg-info/PKG-INFO
[16.267s] writing dependency_links to dcf_tools.egg-info/dependency_links.txt
[16.268s] writing entry points to dcf_tools.egg-info/entry_points.txt
[16.268s] writing requirements to dcf_tools.egg-info/requires.txt
[16.268s] writing top-level names to dcf_tools.egg-info/top_level.txt
[16.270s] reading manifest file 'dcf_tools.egg-info/SOURCES.txt'
[16.271s] writing manifest file 'dcf_tools.egg-info/SOURCES.txt'
[16.272s] running build
[16.272s] running build_py
[16.274s] running install
[16.274s] /usr/lib/python3/dist-packages/setuptools/command/install.py:34: SetuptoolsDeprecationWarning: setup.py install is deprecated. Use build and pip and other standards-based tools.
[16.275s]   warnings.warn(
[16.275s] running install_lib
[16.278s] running install_egg_info
[16.280s] removing '/home/ub2004/ros2_ws/install/lely_core_libraries/lib/python3.10/site-packages/dcf_tools-2.4.0.egg-info' (and everything under it)
[16.281s] Copying dcf_tools.egg-info to /home/ub2004/ros2_ws/install/lely_core_libraries/lib/python3.10/site-packages/dcf_tools-2.4.0.egg-info
[16.281s] running install_scripts
[16.302s] Installing dcf2dev script to /home/ub2004/ros2_ws/install/lely_core_libraries/bin/
[16.303s] Installing dcfchk script to /home/ub2004/ros2_ws/install/lely_core_libraries/bin/
[16.303s] Installing dcfgen script to /home/ub2004/ros2_ws/install/lely_core_libraries/bin/
[16.303s] writing list of installed files to 'install.log'
[16.326s] gmake[3]: 'install-data-am'을(를) 위해 할 일이 없습니다.
[16.326s] gmake[3]: 디렉터리 '/home/ub2004/ros2_ws/build/lely_core_libraries/build/python/dcf-tools' 나감
[16.326s] gmake[2]: 디렉터리 '/home/ub2004/ros2_ws/build/lely_core_libraries/build/python/dcf-tools' 나감
[16.328s] gmake[2]: 디렉터리 '/home/ub2004/ros2_ws/build/lely_core_libraries/build/python' 들어감
[16.332s] gmake[3]: 디렉터리 '/home/ub2004/ros2_ws/build/lely_core_libraries/build/python' 들어감
[16.332s] gmake[3]: 'install-exec-am'을(를) 위해 할 일이 없습니다.
[16.332s] gmake[3]: 'install-data-am'을(를) 위해 할 일이 없습니다.
[16.332s] gmake[3]: 디렉터리 '/home/ub2004/ros2_ws/build/lely_core_libraries/build/python' 나감
[16.332s] gmake[2]: 디렉터리 '/home/ub2004/ros2_ws/build/lely_core_libraries/build/python' 나감
[16.333s] gmake[1]: 디렉터리 '/home/ub2004/ros2_ws/build/lely_core_libraries/build/python' 나감
[16.333s] Making install in pkgconfig
[16.336s] gmake[1]: 디렉터리 '/home/ub2004/ros2_ws/build/lely_core_libraries/build/pkgconfig' 들어감
[16.339s] gmake[2]: 디렉터리 '/home/ub2004/ros2_ws/build/lely_core_libraries/build/pkgconfig' 들어감
[16.340s] gmake[2]: 'install-exec-am'을(를) 위해 할 일이 없습니다.
[16.341s]  /usr/bin/mkdir -p '/home/ub2004/ros2_ws/install/lely_core_libraries/lib/pkgconfig'
[16.345s]  /usr/bin/install -c -m 644 liblely-can.pc liblely-co.pc liblely-coapp.pc liblely-ev.pc liblely-io.pc liblely-io2.pc liblely-libc.pc liblely-libc_rt.pc liblely-tap.pc liblely-util.pc '/home/ub2004/ros2_ws/install/lely_core_libraries/lib/pkgconfig'
[16.348s] gmake[2]: 디렉터리 '/home/ub2004/ros2_ws/build/lely_core_libraries/build/pkgconfig' 나감
[16.348s] gmake[1]: 디렉터리 '/home/ub2004/ros2_ws/build/lely_core_libraries/build/pkgconfig' 나감
[16.351s] gmake[1]: 디렉터리 '/home/ub2004/ros2_ws/build/lely_core_libraries/build' 들어감
[16.359s] gmake[2]: 디렉터리 '/home/ub2004/ros2_ws/build/lely_core_libraries/build' 들어감
[16.359s] gmake[2]: 'install-exec-am'을(를) 위해 할 일이 없습니다.
[16.359s] gmake[2]: 'install-data-am'을(를) 위해 할 일이 없습니다.
[16.359s] gmake[2]: 디렉터리 '/home/ub2004/ros2_ws/build/lely_core_libraries/build' 나감
[16.359s] gmake[1]: 디렉터리 '/home/ub2004/ros2_ws/build/lely_core_libraries/build' 나감
[16.359s] -- Up-to-date: /home/ub2004/ros2_ws/install/lely_core_libraries/share/lely_core_libraries/cmake
[16.360s] -- Up-to-date: /home/ub2004/ros2_ws/install/lely_core_libraries/share/lely_core_libraries/cmake/lely_core_libraries-extras.cmake
[16.360s] -- Up-to-date: /home/ub2004/ros2_ws/install/lely_core_libraries/share/lely_core_libraries/environment/pythonpath.sh
[16.360s] -- Up-to-date: /home/ub2004/ros2_ws/install/lely_core_libraries/share/lely_core_libraries/environment/pythonpath.dsv
[16.360s] -- Up-to-date: /home/ub2004/ros2_ws/install/lely_core_libraries/local/lib/python3.10/dist-packages/cogen-0.2.11-py3.10.egg-info
[16.360s] -- Installing: /home/ub2004/ros2_ws/install/lely_core_libraries/local/lib/python3.10/dist-packages/cogen-0.2.11-py3.10.egg-info/PKG-INFO
[16.360s] -- Installing: /home/ub2004/ros2_ws/install/lely_core_libraries/local/lib/python3.10/dist-packages/cogen-0.2.11-py3.10.egg-info/dependency_links.txt
[16.360s] -- Installing: /home/ub2004/ros2_ws/install/lely_core_libraries/local/lib/python3.10/dist-packages/cogen-0.2.11-py3.10.egg-info/SOURCES.txt
[16.360s] -- Installing: /home/ub2004/ros2_ws/install/lely_core_libraries/local/lib/python3.10/dist-packages/cogen-0.2.11-py3.10.egg-info/entry_points.txt
[16.361s] -- Installing: /home/ub2004/ros2_ws/install/lely_core_libraries/local/lib/python3.10/dist-packages/cogen-0.2.11-py3.10.egg-info/top_level.txt
[16.361s] -- Up-to-date: /home/ub2004/ros2_ws/install/lely_core_libraries/lib/cogen/
[16.361s] -- Installing: /home/ub2004/ros2_ws/install/lely_core_libraries/lib/cogen//cogen
[16.361s] -- Up-to-date: /home/ub2004/ros2_ws/install/lely_core_libraries/local/lib/python3.10/dist-packages/cogen
[16.362s] -- Up-to-date: /home/ub2004/ros2_ws/install/lely_core_libraries/local/lib/python3.10/dist-packages/cogen/cogen.py
[16.362s] -- Up-to-date: /home/ub2004/ros2_ws/install/lely_core_libraries/local/lib/python3.10/dist-packages/cogen/__init__.py
[16.399s] Listing '/home/ub2004/ros2_ws/install/lely_core_libraries/local/lib/python3.10/dist-packages/cogen'...
[16.403s] -- Up-to-date: /home/ub2004/ros2_ws/install/lely_core_libraries/bin/
[16.403s] -- Installing: /home/ub2004/ros2_ws/install/lely_core_libraries/bin//cogen
[16.404s] -- Up-to-date: /home/ub2004/ros2_ws/install/lely_core_libraries/share/lely_core_libraries/environment/library_path.sh
[16.404s] -- Up-to-date: /home/ub2004/ros2_ws/install/lely_core_libraries/share/lely_core_libraries/environment/library_path.dsv
[16.404s] -- Up-to-date: /home/ub2004/ros2_ws/install/lely_core_libraries/share/ament_index/resource_index/package_run_dependencies/lely_core_libraries
[16.404s] -- Up-to-date: /home/ub2004/ros2_ws/install/lely_core_libraries/share/ament_index/resource_index/parent_prefix_path/lely_core_libraries
[16.404s] -- Up-to-date: /home/ub2004/ros2_ws/install/lely_core_libraries/share/lely_core_libraries/environment/ament_prefix_path.sh
[16.404s] -- Up-to-date: /home/ub2004/ros2_ws/install/lely_core_libraries/share/lely_core_libraries/environment/ament_prefix_path.dsv
[16.404s] -- Up-to-date: /home/ub2004/ros2_ws/install/lely_core_libraries/share/lely_core_libraries/environment/path.sh
[16.405s] -- Up-to-date: /home/ub2004/ros2_ws/install/lely_core_libraries/share/lely_core_libraries/environment/path.dsv
[16.405s] -- Up-to-date: /home/ub2004/ros2_ws/install/lely_core_libraries/share/lely_core_libraries/local_setup.bash
[16.405s] -- Up-to-date: /home/ub2004/ros2_ws/install/lely_core_libraries/share/lely_core_libraries/local_setup.sh
[16.405s] -- Up-to-date: /home/ub2004/ros2_ws/install/lely_core_libraries/share/lely_core_libraries/local_setup.zsh
[16.405s] -- Up-to-date: /home/ub2004/ros2_ws/install/lely_core_libraries/share/lely_core_libraries/local_setup.dsv
[16.405s] -- Installing: /home/ub2004/ros2_ws/install/lely_core_libraries/share/lely_core_libraries/package.dsv
[16.405s] -- Up-to-date: /home/ub2004/ros2_ws/install/lely_core_libraries/share/ament_index/resource_index/packages/lely_core_libraries
[16.405s] -- Up-to-date: /home/ub2004/ros2_ws/install/lely_core_libraries/share/lely_core_libraries/cmake/lely_core_libraries-extras.cmake
[16.406s] -- Up-to-date: /home/ub2004/ros2_ws/install/lely_core_libraries/share/lely_core_libraries/cmake/ament_cmake_export_include_directories-extras.cmake
[16.406s] -- Up-to-date: /home/ub2004/ros2_ws/install/lely_core_libraries/share/lely_core_libraries/cmake/ament_cmake_export_libraries-extras.cmake
[16.406s] -- Up-to-date: /home/ub2004/ros2_ws/install/lely_core_libraries/share/lely_core_libraries/cmake/lely_core_librariesConfig.cmake
[16.406s] -- Up-to-date: /home/ub2004/ros2_ws/install/lely_core_libraries/share/lely_core_libraries/cmake/lely_core_librariesConfig-version.cmake
[16.406s] -- Up-to-date: /home/ub2004/ros2_ws/install/lely_core_libraries/share/lely_core_libraries/package.xml
[16.408s] Invoked command in '/home/ub2004/ros2_ws/build/lely_core_libraries' returned '0': CMAKE_PREFIX_PATH=${CMAKE_PREFIX_PATH}:/home/ub2004/ros2_ws/install/test_py:/home/ub2004/ros2_ws/install/urdf_tutorial:/home/ub2004/ros2_ws/install/canopen_utils:/home/ub2004/ros2_ws/install/can_comm:/home/ub2004/ros2_ws/install/agv_pak:/opt/ros/humble /usr/bin/cmake --install /home/ub2004/ros2_ws/build/lely_core_libraries
