[0.132s] DEBUG:colcon:Command line arguments: ['/usr/bin/colcon', 'build', '--symlink-install']
[0.132s] DEBUG:colcon:Parsed command line arguments: Namespace(log_base=None, log_level=None, verb_name='build', build_base='build', install_base='install', merge_install=False, symlink_install=True, test_result_base=None, continue_on_error=False, executor='parallel', parallel_workers=8, event_handlers=None, ignore_user_meta=False, metas=['./colcon.meta'], base_paths=['.'], packages_ignore=None, packages_ignore_regex=None, paths=None, packages_up_to=None, packages_up_to_regex=None, packages_above=None, packages_above_and_dependencies=None, packages_above_depth=None, packages_select_by_dep=None, packages_skip_by_dep=None, packages_skip_up_to=None, packages_select_build_failed=False, packages_skip_build_finished=False, packages_select_test_failures=False, packages_skip_test_passed=False, packages_select=None, packages_skip=None, packages_select_regex=None, packages_skip_regex=None, packages_start=None, packages_end=None, allow_overriding=[], cmake_args=None, cmake_target=None, cmake_target_skip_unavailable=False, cmake_clean_cache=False, cmake_clean_first=False, cmake_force_configure=False, ament_cmake_args=None, catkin_cmake_args=None, catkin_skip_building_tests=False, mixin_files=None, mixin=None, verb_parser=<colcon_mixin.mixin.mixin_argument.MixinArgumentDecorator object at 0x71548d156b00>, verb_extension=<colcon_core.verb.build.BuildVerb object at 0x71548d2a0190>, main=<bound method BuildVerb.main of <colcon_core.verb.build.BuildVerb object at 0x71548d2a0190>>, mixin_verb=('build',))
[0.307s] Level 1:colcon.colcon_core.package_discovery:discover_packages(colcon_meta) check parameters
[0.307s] Level 1:colcon.colcon_core.package_discovery:discover_packages(recursive) check parameters
[0.307s] Level 1:colcon.colcon_core.package_discovery:discover_packages(ignore) check parameters
[0.307s] Level 1:colcon.colcon_core.package_discovery:discover_packages(path) check parameters
[0.307s] Level 1:colcon.colcon_core.package_discovery:discover_packages(colcon_meta) discover
[0.307s] Level 1:colcon.colcon_core.package_discovery:discover_packages(recursive) discover
[0.307s] INFO:colcon.colcon_core.package_discovery:Crawling recursively for packages in '/home/ub2004/ros2_ws'
[0.307s] Level 1:colcon.colcon_core.package_identification:_identify(.) by extensions ['ignore', 'ignore_ament_install']
[0.307s] Level 1:colcon.colcon_core.package_identification:_identify(.) by extension 'ignore'
[0.307s] Level 1:colcon.colcon_core.package_identification:_identify(.) by extension 'ignore_ament_install'
[0.307s] Level 1:colcon.colcon_core.package_identification:_identify(.) by extensions ['colcon_pkg']
[0.307s] Level 1:colcon.colcon_core.package_identification:_identify(.) by extension 'colcon_pkg'
[0.307s] Level 1:colcon.colcon_core.package_identification:_identify(.) by extensions ['colcon_meta']
[0.307s] Level 1:colcon.colcon_core.package_identification:_identify(.) by extension 'colcon_meta'
[0.307s] Level 1:colcon.colcon_core.package_identification:_identify(.) by extensions ['ros']
[0.307s] Level 1:colcon.colcon_core.package_identification:_identify(.) by extension 'ros'
[0.318s] Level 1:colcon.colcon_core.package_identification:_identify(.) by extensions ['cmake', 'python']
[0.318s] Level 1:colcon.colcon_core.package_identification:_identify(.) by extension 'cmake'
[0.318s] Level 1:colcon.colcon_core.package_identification:_identify(.) by extension 'python'
[0.318s] Level 1:colcon.colcon_core.package_identification:_identify(.) by extensions ['python_setup_py']
[0.318s] Level 1:colcon.colcon_core.package_identification:_identify(.) by extension 'python_setup_py'
[0.319s] Level 1:colcon.colcon_core.package_identification:_identify(build) by extensions ['ignore', 'ignore_ament_install']
[0.319s] Level 1:colcon.colcon_core.package_identification:_identify(build) by extension 'ignore'
[0.319s] Level 1:colcon.colcon_core.package_identification:_identify(build) ignored
[0.319s] Level 1:colcon.colcon_core.package_identification:_identify(install) by extensions ['ignore', 'ignore_ament_install']
[0.319s] Level 1:colcon.colcon_core.package_identification:_identify(install) by extension 'ignore'
[0.319s] Level 1:colcon.colcon_core.package_identification:_identify(install) ignored
[0.319s] Level 1:colcon.colcon_core.package_identification:_identify(log) by extensions ['ignore', 'ignore_ament_install']
[0.319s] Level 1:colcon.colcon_core.package_identification:_identify(log) by extension 'ignore'
[0.319s] Level 1:colcon.colcon_core.package_identification:_identify(log) ignored
[0.319s] Level 1:colcon.colcon_core.package_identification:_identify(src) by extensions ['ignore', 'ignore_ament_install']
[0.319s] Level 1:colcon.colcon_core.package_identification:_identify(src) by extension 'ignore'
[0.319s] Level 1:colcon.colcon_core.package_identification:_identify(src) by extension 'ignore_ament_install'
[0.319s] Level 1:colcon.colcon_core.package_identification:_identify(src) by extensions ['colcon_pkg']
[0.319s] Level 1:colcon.colcon_core.package_identification:_identify(src) by extension 'colcon_pkg'
[0.320s] Level 1:colcon.colcon_core.package_identification:_identify(src) by extensions ['colcon_meta']
[0.320s] Level 1:colcon.colcon_core.package_identification:_identify(src) by extension 'colcon_meta'
[0.320s] Level 1:colcon.colcon_core.package_identification:_identify(src) by extensions ['ros']
[0.320s] Level 1:colcon.colcon_core.package_identification:_identify(src) by extension 'ros'
[0.320s] Level 1:colcon.colcon_core.package_identification:_identify(src) by extensions ['cmake', 'python']
[0.320s] Level 1:colcon.colcon_core.package_identification:_identify(src) by extension 'cmake'
[0.320s] Level 1:colcon.colcon_core.package_identification:_identify(src) by extension 'python'
[0.320s] Level 1:colcon.colcon_core.package_identification:_identify(src) by extensions ['python_setup_py']
[0.320s] Level 1:colcon.colcon_core.package_identification:_identify(src) by extension 'python_setup_py'
[0.320s] Level 1:colcon.colcon_core.package_identification:_identify(src/agv_pak) by extensions ['ignore', 'ignore_ament_install']
[0.320s] Level 1:colcon.colcon_core.package_identification:_identify(src/agv_pak) by extension 'ignore'
[0.320s] Level 1:colcon.colcon_core.package_identification:_identify(src/agv_pak) by extension 'ignore_ament_install'
[0.320s] Level 1:colcon.colcon_core.package_identification:_identify(src/agv_pak) by extensions ['colcon_pkg']
[0.320s] Level 1:colcon.colcon_core.package_identification:_identify(src/agv_pak) by extension 'colcon_pkg'
[0.320s] Level 1:colcon.colcon_core.package_identification:_identify(src/agv_pak) by extensions ['colcon_meta']
[0.320s] Level 1:colcon.colcon_core.package_identification:_identify(src/agv_pak) by extension 'colcon_meta'
[0.320s] Level 1:colcon.colcon_core.package_identification:_identify(src/agv_pak) by extensions ['ros']
[0.320s] Level 1:colcon.colcon_core.package_identification:_identify(src/agv_pak) by extension 'ros'
[0.323s] DEBUG:colcon.colcon_core.package_identification:Package 'src/agv_pak' with type 'ros.ament_python' and name 'agv_pak'
[0.323s] Level 1:colcon.colcon_core.package_identification:_identify(src/ros2_canopen) by extensions ['ignore', 'ignore_ament_install']
[0.323s] Level 1:colcon.colcon_core.package_identification:_identify(src/ros2_canopen) by extension 'ignore'
[0.323s] Level 1:colcon.colcon_core.package_identification:_identify(src/ros2_canopen) by extension 'ignore_ament_install'
[0.323s] Level 1:colcon.colcon_core.package_identification:_identify(src/ros2_canopen) by extensions ['colcon_pkg']
[0.323s] Level 1:colcon.colcon_core.package_identification:_identify(src/ros2_canopen) by extension 'colcon_pkg'
[0.323s] Level 1:colcon.colcon_core.package_identification:_identify(src/ros2_canopen) by extensions ['colcon_meta']
[0.323s] Level 1:colcon.colcon_core.package_identification:_identify(src/ros2_canopen) by extension 'colcon_meta'
[0.323s] Level 1:colcon.colcon_core.package_identification:_identify(src/ros2_canopen) by extensions ['ros']
[0.323s] Level 1:colcon.colcon_core.package_identification:_identify(src/ros2_canopen) by extension 'ros'
[0.323s] Level 1:colcon.colcon_core.package_identification:_identify(src/ros2_canopen) by extensions ['cmake', 'python']
[0.323s] Level 1:colcon.colcon_core.package_identification:_identify(src/ros2_canopen) by extension 'cmake'
[0.323s] Level 1:colcon.colcon_core.package_identification:_identify(src/ros2_canopen) by extension 'python'
[0.323s] Level 1:colcon.colcon_core.package_identification:_identify(src/ros2_canopen) by extensions ['python_setup_py']
[0.323s] Level 1:colcon.colcon_core.package_identification:_identify(src/ros2_canopen) by extension 'python_setup_py'
[0.323s] Level 1:colcon.colcon_core.package_identification:_identify(src/ros2_canopen/canopen) by extensions ['ignore', 'ignore_ament_install']
[0.323s] Level 1:colcon.colcon_core.package_identification:_identify(src/ros2_canopen/canopen) by extension 'ignore'
[0.324s] Level 1:colcon.colcon_core.package_identification:_identify(src/ros2_canopen/canopen) by extension 'ignore_ament_install'
[0.324s] Level 1:colcon.colcon_core.package_identification:_identify(src/ros2_canopen/canopen) by extensions ['colcon_pkg']
[0.324s] Level 1:colcon.colcon_core.package_identification:_identify(src/ros2_canopen/canopen) by extension 'colcon_pkg'
[0.324s] Level 1:colcon.colcon_core.package_identification:_identify(src/ros2_canopen/canopen) by extensions ['colcon_meta']
[0.324s] Level 1:colcon.colcon_core.package_identification:_identify(src/ros2_canopen/canopen) by extension 'colcon_meta'
[0.324s] Level 1:colcon.colcon_core.package_identification:_identify(src/ros2_canopen/canopen) by extensions ['ros']
[0.324s] Level 1:colcon.colcon_core.package_identification:_identify(src/ros2_canopen/canopen) by extension 'ros'
[0.324s] DEBUG:colcon.colcon_core.package_identification:Package 'src/ros2_canopen/canopen' with type 'ros.ament_cmake' and name 'canopen'
[0.324s] Level 1:colcon.colcon_core.package_identification:_identify(src/ros2_canopen/canopen_402_driver) by extensions ['ignore', 'ignore_ament_install']
[0.325s] Level 1:colcon.colcon_core.package_identification:_identify(src/ros2_canopen/canopen_402_driver) by extension 'ignore'
[0.325s] Level 1:colcon.colcon_core.package_identification:_identify(src/ros2_canopen/canopen_402_driver) by extension 'ignore_ament_install'
[0.325s] Level 1:colcon.colcon_core.package_identification:_identify(src/ros2_canopen/canopen_402_driver) by extensions ['colcon_pkg']
[0.325s] Level 1:colcon.colcon_core.package_identification:_identify(src/ros2_canopen/canopen_402_driver) by extension 'colcon_pkg'
[0.325s] Level 1:colcon.colcon_core.package_identification:_identify(src/ros2_canopen/canopen_402_driver) by extensions ['colcon_meta']
[0.325s] Level 1:colcon.colcon_core.package_identification:_identify(src/ros2_canopen/canopen_402_driver) by extension 'colcon_meta'
[0.325s] Level 1:colcon.colcon_core.package_identification:_identify(src/ros2_canopen/canopen_402_driver) by extensions ['ros']
[0.325s] Level 1:colcon.colcon_core.package_identification:_identify(src/ros2_canopen/canopen_402_driver) by extension 'ros'
[0.326s] DEBUG:colcon.colcon_core.package_identification:Package 'src/ros2_canopen/canopen_402_driver' with type 'ros.ament_cmake' and name 'canopen_402_driver'
[0.326s] Level 1:colcon.colcon_core.package_identification:_identify(src/ros2_canopen/canopen_base_driver) by extensions ['ignore', 'ignore_ament_install']
[0.326s] Level 1:colcon.colcon_core.package_identification:_identify(src/ros2_canopen/canopen_base_driver) by extension 'ignore'
[0.326s] Level 1:colcon.colcon_core.package_identification:_identify(src/ros2_canopen/canopen_base_driver) by extension 'ignore_ament_install'
[0.326s] Level 1:colcon.colcon_core.package_identification:_identify(src/ros2_canopen/canopen_base_driver) by extensions ['colcon_pkg']
[0.326s] Level 1:colcon.colcon_core.package_identification:_identify(src/ros2_canopen/canopen_base_driver) by extension 'colcon_pkg'
[0.326s] Level 1:colcon.colcon_core.package_identification:_identify(src/ros2_canopen/canopen_base_driver) by extensions ['colcon_meta']
[0.326s] Level 1:colcon.colcon_core.package_identification:_identify(src/ros2_canopen/canopen_base_driver) by extension 'colcon_meta'
[0.326s] Level 1:colcon.colcon_core.package_identification:_identify(src/ros2_canopen/canopen_base_driver) by extensions ['ros']
[0.326s] Level 1:colcon.colcon_core.package_identification:_identify(src/ros2_canopen/canopen_base_driver) by extension 'ros'
[0.328s] DEBUG:colcon.colcon_core.package_identification:Package 'src/ros2_canopen/canopen_base_driver' with type 'ros.ament_cmake' and name 'canopen_base_driver'
[0.328s] Level 1:colcon.colcon_core.package_identification:_identify(src/ros2_canopen/canopen_core) by extensions ['ignore', 'ignore_ament_install']
[0.328s] Level 1:colcon.colcon_core.package_identification:_identify(src/ros2_canopen/canopen_core) by extension 'ignore'
[0.328s] Level 1:colcon.colcon_core.package_identification:_identify(src/ros2_canopen/canopen_core) by extension 'ignore_ament_install'
[0.328s] Level 1:colcon.colcon_core.package_identification:_identify(src/ros2_canopen/canopen_core) by extensions ['colcon_pkg']
[0.328s] Level 1:colcon.colcon_core.package_identification:_identify(src/ros2_canopen/canopen_core) by extension 'colcon_pkg'
[0.328s] Level 1:colcon.colcon_core.package_identification:_identify(src/ros2_canopen/canopen_core) by extensions ['colcon_meta']
[0.328s] Level 1:colcon.colcon_core.package_identification:_identify(src/ros2_canopen/canopen_core) by extension 'colcon_meta'
[0.328s] Level 1:colcon.colcon_core.package_identification:_identify(src/ros2_canopen/canopen_core) by extensions ['ros']
[0.328s] Level 1:colcon.colcon_core.package_identification:_identify(src/ros2_canopen/canopen_core) by extension 'ros'
[0.329s] DEBUG:colcon.colcon_core.package_identification:Package 'src/ros2_canopen/canopen_core' with type 'ros.ament_cmake' and name 'canopen_core'
[0.329s] Level 1:colcon.colcon_core.package_identification:_identify(src/ros2_canopen/canopen_fake_slaves) by extensions ['ignore', 'ignore_ament_install']
[0.330s] Level 1:colcon.colcon_core.package_identification:_identify(src/ros2_canopen/canopen_fake_slaves) by extension 'ignore'
[0.330s] Level 1:colcon.colcon_core.package_identification:_identify(src/ros2_canopen/canopen_fake_slaves) by extension 'ignore_ament_install'
[0.330s] Level 1:colcon.colcon_core.package_identification:_identify(src/ros2_canopen/canopen_fake_slaves) by extensions ['colcon_pkg']
[0.330s] Level 1:colcon.colcon_core.package_identification:_identify(src/ros2_canopen/canopen_fake_slaves) by extension 'colcon_pkg'
[0.330s] Level 1:colcon.colcon_core.package_identification:_identify(src/ros2_canopen/canopen_fake_slaves) by extensions ['colcon_meta']
[0.330s] Level 1:colcon.colcon_core.package_identification:_identify(src/ros2_canopen/canopen_fake_slaves) by extension 'colcon_meta'
[0.330s] Level 1:colcon.colcon_core.package_identification:_identify(src/ros2_canopen/canopen_fake_slaves) by extensions ['ros']
[0.330s] Level 1:colcon.colcon_core.package_identification:_identify(src/ros2_canopen/canopen_fake_slaves) by extension 'ros'
[0.331s] DEBUG:colcon.colcon_core.package_identification:Package 'src/ros2_canopen/canopen_fake_slaves' with type 'ros.ament_cmake' and name 'canopen_fake_slaves'
[0.331s] Level 1:colcon.colcon_core.package_identification:_identify(src/ros2_canopen/canopen_interfaces) by extensions ['ignore', 'ignore_ament_install']
[0.331s] Level 1:colcon.colcon_core.package_identification:_identify(src/ros2_canopen/canopen_interfaces) by extension 'ignore'
[0.331s] Level 1:colcon.colcon_core.package_identification:_identify(src/ros2_canopen/canopen_interfaces) by extension 'ignore_ament_install'
[0.331s] Level 1:colcon.colcon_core.package_identification:_identify(src/ros2_canopen/canopen_interfaces) by extensions ['colcon_pkg']
[0.331s] Level 1:colcon.colcon_core.package_identification:_identify(src/ros2_canopen/canopen_interfaces) by extension 'colcon_pkg'
[0.331s] Level 1:colcon.colcon_core.package_identification:_identify(src/ros2_canopen/canopen_interfaces) by extensions ['colcon_meta']
[0.331s] Level 1:colcon.colcon_core.package_identification:_identify(src/ros2_canopen/canopen_interfaces) by extension 'colcon_meta'
[0.331s] Level 1:colcon.colcon_core.package_identification:_identify(src/ros2_canopen/canopen_interfaces) by extensions ['ros']
[0.331s] Level 1:colcon.colcon_core.package_identification:_identify(src/ros2_canopen/canopen_interfaces) by extension 'ros'
[0.332s] DEBUG:colcon.colcon_core.package_identification:Package 'src/ros2_canopen/canopen_interfaces' with type 'ros.ament_cmake' and name 'canopen_interfaces'
[0.332s] Level 1:colcon.colcon_core.package_identification:_identify(src/ros2_canopen/canopen_master_driver) by extensions ['ignore', 'ignore_ament_install']
[0.332s] Level 1:colcon.colcon_core.package_identification:_identify(src/ros2_canopen/canopen_master_driver) by extension 'ignore'
[0.332s] Level 1:colcon.colcon_core.package_identification:_identify(src/ros2_canopen/canopen_master_driver) by extension 'ignore_ament_install'
[0.332s] Level 1:colcon.colcon_core.package_identification:_identify(src/ros2_canopen/canopen_master_driver) by extensions ['colcon_pkg']
[0.332s] Level 1:colcon.colcon_core.package_identification:_identify(src/ros2_canopen/canopen_master_driver) by extension 'colcon_pkg'
[0.332s] Level 1:colcon.colcon_core.package_identification:_identify(src/ros2_canopen/canopen_master_driver) by extensions ['colcon_meta']
[0.332s] Level 1:colcon.colcon_core.package_identification:_identify(src/ros2_canopen/canopen_master_driver) by extension 'colcon_meta'
[0.332s] Level 1:colcon.colcon_core.package_identification:_identify(src/ros2_canopen/canopen_master_driver) by extensions ['ros']
[0.332s] Level 1:colcon.colcon_core.package_identification:_identify(src/ros2_canopen/canopen_master_driver) by extension 'ros'
[0.333s] DEBUG:colcon.colcon_core.package_identification:Package 'src/ros2_canopen/canopen_master_driver' with type 'ros.ament_cmake' and name 'canopen_master_driver'
[0.333s] Level 1:colcon.colcon_core.package_identification:_identify(src/ros2_canopen/canopen_proxy_driver) by extensions ['ignore', 'ignore_ament_install']
[0.333s] Level 1:colcon.colcon_core.package_identification:_identify(src/ros2_canopen/canopen_proxy_driver) by extension 'ignore'
[0.333s] Level 1:colcon.colcon_core.package_identification:_identify(src/ros2_canopen/canopen_proxy_driver) by extension 'ignore_ament_install'
[0.333s] Level 1:colcon.colcon_core.package_identification:_identify(src/ros2_canopen/canopen_proxy_driver) by extensions ['colcon_pkg']
[0.333s] Level 1:colcon.colcon_core.package_identification:_identify(src/ros2_canopen/canopen_proxy_driver) by extension 'colcon_pkg'
[0.333s] Level 1:colcon.colcon_core.package_identification:_identify(src/ros2_canopen/canopen_proxy_driver) by extensions ['colcon_meta']
[0.333s] Level 1:colcon.colcon_core.package_identification:_identify(src/ros2_canopen/canopen_proxy_driver) by extension 'colcon_meta'
[0.333s] Level 1:colcon.colcon_core.package_identification:_identify(src/ros2_canopen/canopen_proxy_driver) by extensions ['ros']
[0.333s] Level 1:colcon.colcon_core.package_identification:_identify(src/ros2_canopen/canopen_proxy_driver) by extension 'ros'
[0.334s] DEBUG:colcon.colcon_core.package_identification:Package 'src/ros2_canopen/canopen_proxy_driver' with type 'ros.ament_cmake' and name 'canopen_proxy_driver'
[0.335s] Level 1:colcon.colcon_core.package_identification:_identify(src/ros2_canopen/canopen_ros2_control) by extensions ['ignore', 'ignore_ament_install']
[0.335s] Level 1:colcon.colcon_core.package_identification:_identify(src/ros2_canopen/canopen_ros2_control) by extension 'ignore'
[0.335s] Level 1:colcon.colcon_core.package_identification:_identify(src/ros2_canopen/canopen_ros2_control) by extension 'ignore_ament_install'
[0.335s] Level 1:colcon.colcon_core.package_identification:_identify(src/ros2_canopen/canopen_ros2_control) by extensions ['colcon_pkg']
[0.335s] Level 1:colcon.colcon_core.package_identification:_identify(src/ros2_canopen/canopen_ros2_control) by extension 'colcon_pkg'
[0.335s] Level 1:colcon.colcon_core.package_identification:_identify(src/ros2_canopen/canopen_ros2_control) by extensions ['colcon_meta']
[0.335s] Level 1:colcon.colcon_core.package_identification:_identify(src/ros2_canopen/canopen_ros2_control) by extension 'colcon_meta'
[0.335s] Level 1:colcon.colcon_core.package_identification:_identify(src/ros2_canopen/canopen_ros2_control) by extensions ['ros']
[0.335s] Level 1:colcon.colcon_core.package_identification:_identify(src/ros2_canopen/canopen_ros2_control) by extension 'ros'
[0.336s] DEBUG:colcon.colcon_core.package_identification:Package 'src/ros2_canopen/canopen_ros2_control' with type 'ros.ament_cmake' and name 'canopen_ros2_control'
[0.336s] Level 1:colcon.colcon_core.package_identification:_identify(src/ros2_canopen/canopen_ros2_controllers) by extensions ['ignore', 'ignore_ament_install']
[0.336s] Level 1:colcon.colcon_core.package_identification:_identify(src/ros2_canopen/canopen_ros2_controllers) by extension 'ignore'
[0.336s] Level 1:colcon.colcon_core.package_identification:_identify(src/ros2_canopen/canopen_ros2_controllers) by extension 'ignore_ament_install'
[0.336s] Level 1:colcon.colcon_core.package_identification:_identify(src/ros2_canopen/canopen_ros2_controllers) by extensions ['colcon_pkg']
[0.336s] Level 1:colcon.colcon_core.package_identification:_identify(src/ros2_canopen/canopen_ros2_controllers) by extension 'colcon_pkg'
[0.336s] Level 1:colcon.colcon_core.package_identification:_identify(src/ros2_canopen/canopen_ros2_controllers) by extensions ['colcon_meta']
[0.336s] Level 1:colcon.colcon_core.package_identification:_identify(src/ros2_canopen/canopen_ros2_controllers) by extension 'colcon_meta'
[0.336s] Level 1:colcon.colcon_core.package_identification:_identify(src/ros2_canopen/canopen_ros2_controllers) by extensions ['ros']
[0.336s] Level 1:colcon.colcon_core.package_identification:_identify(src/ros2_canopen/canopen_ros2_controllers) by extension 'ros'
[0.338s] DEBUG:colcon.colcon_core.package_identification:Package 'src/ros2_canopen/canopen_ros2_controllers' with type 'ros.ament_cmake' and name 'canopen_ros2_controllers'
[0.338s] Level 1:colcon.colcon_core.package_identification:_identify(src/ros2_canopen/canopen_tests) by extensions ['ignore', 'ignore_ament_install']
[0.338s] Level 1:colcon.colcon_core.package_identification:_identify(src/ros2_canopen/canopen_tests) by extension 'ignore'
[0.338s] Level 1:colcon.colcon_core.package_identification:_identify(src/ros2_canopen/canopen_tests) by extension 'ignore_ament_install'
[0.338s] Level 1:colcon.colcon_core.package_identification:_identify(src/ros2_canopen/canopen_tests) by extensions ['colcon_pkg']
[0.338s] Level 1:colcon.colcon_core.package_identification:_identify(src/ros2_canopen/canopen_tests) by extension 'colcon_pkg'
[0.338s] Level 1:colcon.colcon_core.package_identification:_identify(src/ros2_canopen/canopen_tests) by extensions ['colcon_meta']
[0.338s] Level 1:colcon.colcon_core.package_identification:_identify(src/ros2_canopen/canopen_tests) by extension 'colcon_meta'
[0.338s] Level 1:colcon.colcon_core.package_identification:_identify(src/ros2_canopen/canopen_tests) by extensions ['ros']
[0.338s] Level 1:colcon.colcon_core.package_identification:_identify(src/ros2_canopen/canopen_tests) by extension 'ros'
[0.339s] DEBUG:colcon.colcon_core.package_identification:Package 'src/ros2_canopen/canopen_tests' with type 'ros.ament_cmake' and name 'canopen_tests'
[0.340s] Level 1:colcon.colcon_core.package_identification:_identify(src/ros2_canopen/canopen_utils) by extensions ['ignore', 'ignore_ament_install']
[0.340s] Level 1:colcon.colcon_core.package_identification:_identify(src/ros2_canopen/canopen_utils) by extension 'ignore'
[0.340s] Level 1:colcon.colcon_core.package_identification:_identify(src/ros2_canopen/canopen_utils) by extension 'ignore_ament_install'
[0.340s] Level 1:colcon.colcon_core.package_identification:_identify(src/ros2_canopen/canopen_utils) by extensions ['colcon_pkg']
[0.340s] Level 1:colcon.colcon_core.package_identification:_identify(src/ros2_canopen/canopen_utils) by extension 'colcon_pkg'
[0.340s] Level 1:colcon.colcon_core.package_identification:_identify(src/ros2_canopen/canopen_utils) by extensions ['colcon_meta']
[0.340s] Level 1:colcon.colcon_core.package_identification:_identify(src/ros2_canopen/canopen_utils) by extension 'colcon_meta'
[0.340s] Level 1:colcon.colcon_core.package_identification:_identify(src/ros2_canopen/canopen_utils) by extensions ['ros']
[0.340s] Level 1:colcon.colcon_core.package_identification:_identify(src/ros2_canopen/canopen_utils) by extension 'ros'
[0.341s] DEBUG:colcon.colcon_core.package_identification:Package 'src/ros2_canopen/canopen_utils' with type 'ros.ament_python' and name 'canopen_utils'
[0.341s] Level 1:colcon.colcon_core.package_identification:_identify(src/ros2_canopen/lely_core_libraries) by extensions ['ignore', 'ignore_ament_install']
[0.341s] Level 1:colcon.colcon_core.package_identification:_identify(src/ros2_canopen/lely_core_libraries) by extension 'ignore'
[0.341s] Level 1:colcon.colcon_core.package_identification:_identify(src/ros2_canopen/lely_core_libraries) by extension 'ignore_ament_install'
[0.341s] Level 1:colcon.colcon_core.package_identification:_identify(src/ros2_canopen/lely_core_libraries) by extensions ['colcon_pkg']
[0.341s] Level 1:colcon.colcon_core.package_identification:_identify(src/ros2_canopen/lely_core_libraries) by extension 'colcon_pkg'
[0.341s] Level 1:colcon.colcon_core.package_identification:_identify(src/ros2_canopen/lely_core_libraries) by extensions ['colcon_meta']
[0.341s] Level 1:colcon.colcon_core.package_identification:_identify(src/ros2_canopen/lely_core_libraries) by extension 'colcon_meta'
[0.341s] Level 1:colcon.colcon_core.package_identification:_identify(src/ros2_canopen/lely_core_libraries) by extensions ['ros']
[0.341s] Level 1:colcon.colcon_core.package_identification:_identify(src/ros2_canopen/lely_core_libraries) by extension 'ros'
[0.342s] DEBUG:colcon.colcon_core.package_identification:Package 'src/ros2_canopen/lely_core_libraries' with type 'ros.ament_cmake' and name 'lely_core_libraries'
[0.342s] Level 1:colcon.colcon_core.package_identification:_identify(src/urdf_tutorial) by extensions ['ignore', 'ignore_ament_install']
[0.342s] Level 1:colcon.colcon_core.package_identification:_identify(src/urdf_tutorial) by extension 'ignore'
[0.342s] Level 1:colcon.colcon_core.package_identification:_identify(src/urdf_tutorial) by extension 'ignore_ament_install'
[0.342s] Level 1:colcon.colcon_core.package_identification:_identify(src/urdf_tutorial) by extensions ['colcon_pkg']
[0.342s] Level 1:colcon.colcon_core.package_identification:_identify(src/urdf_tutorial) by extension 'colcon_pkg'
[0.342s] Level 1:colcon.colcon_core.package_identification:_identify(src/urdf_tutorial) by extensions ['colcon_meta']
[0.342s] Level 1:colcon.colcon_core.package_identification:_identify(src/urdf_tutorial) by extension 'colcon_meta'
[0.342s] Level 1:colcon.colcon_core.package_identification:_identify(src/urdf_tutorial) by extensions ['ros']
[0.342s] Level 1:colcon.colcon_core.package_identification:_identify(src/urdf_tutorial) by extension 'ros'
[0.343s] DEBUG:colcon.colcon_core.package_identification:Package 'src/urdf_tutorial' with type 'ros.ament_python' and name 'urdf_tutorial'
[0.343s] Level 1:colcon.colcon_core.package_discovery:discover_packages(recursive) using defaults
[0.343s] Level 1:colcon.colcon_core.package_discovery:discover_packages(ignore) discover
[0.343s] Level 1:colcon.colcon_core.package_discovery:discover_packages(ignore) using defaults
[0.343s] Level 1:colcon.colcon_core.package_discovery:discover_packages(path) discover
[0.343s] Level 1:colcon.colcon_core.package_discovery:discover_packages(path) using defaults
[0.375s] Level 1:colcon.colcon_core.package_discovery:discover_packages(prefix_path) check parameters
[0.375s] Level 1:colcon.colcon_core.package_discovery:discover_packages(prefix_path) discover
[0.377s] WARNING:colcon.colcon_ros.prefix_path.ament:The path '/home/ub2004/ros2_ws/install/canopen_interfaces' in the environment variable AMENT_PREFIX_PATH doesn't exist
[0.377s] WARNING:colcon.colcon_ros.prefix_path.catkin:The path '/home/ub2004/ros2_ws/install/canopen_interfaces' in the environment variable CMAKE_PREFIX_PATH doesn't exist
[0.378s] DEBUG:colcon.colcon_installed_package_information.package_discovery:Found 14 installed packages in /home/ub2004/ros2_ws/install
[0.379s] DEBUG:colcon.colcon_installed_package_information.package_discovery:Found 292 installed packages in /opt/ros/humble
[0.381s] Level 1:colcon.colcon_core.package_discovery:discover_packages(prefix_path) using defaults
[0.425s] Level 5:colcon.colcon_core.verb:set package 'agv_pak' build argument 'cmake_args' from command line to 'None'
[0.425s] Level 5:colcon.colcon_core.verb:set package 'agv_pak' build argument 'cmake_target' from command line to 'None'
[0.425s] Level 5:colcon.colcon_core.verb:set package 'agv_pak' build argument 'cmake_target_skip_unavailable' from command line to 'False'
[0.425s] Level 5:colcon.colcon_core.verb:set package 'agv_pak' build argument 'cmake_clean_cache' from command line to 'False'
[0.425s] Level 5:colcon.colcon_core.verb:set package 'agv_pak' build argument 'cmake_clean_first' from command line to 'False'
[0.425s] Level 5:colcon.colcon_core.verb:set package 'agv_pak' build argument 'cmake_force_configure' from command line to 'False'
[0.425s] Level 5:colcon.colcon_core.verb:set package 'agv_pak' build argument 'ament_cmake_args' from command line to 'None'
[0.425s] Level 5:colcon.colcon_core.verb:set package 'agv_pak' build argument 'catkin_cmake_args' from command line to 'None'
[0.425s] Level 5:colcon.colcon_core.verb:set package 'agv_pak' build argument 'catkin_skip_building_tests' from command line to 'False'
[0.425s] DEBUG:colcon.colcon_core.verb:Building package 'agv_pak' with the following arguments: {'ament_cmake_args': None, 'build_base': '/home/ub2004/ros2_ws/build/agv_pak', 'catkin_cmake_args': None, 'catkin_skip_building_tests': False, 'cmake_args': None, 'cmake_clean_cache': False, 'cmake_clean_first': False, 'cmake_force_configure': False, 'cmake_target': None, 'cmake_target_skip_unavailable': False, 'install_base': '/home/ub2004/ros2_ws/install/agv_pak', 'merge_install': False, 'path': '/home/ub2004/ros2_ws/src/agv_pak', 'symlink_install': True, 'test_result_base': None}
[0.425s] Level 5:colcon.colcon_core.verb:set package 'canopen_interfaces' build argument 'cmake_args' from command line to 'None'
[0.426s] Level 5:colcon.colcon_core.verb:set package 'canopen_interfaces' build argument 'cmake_target' from command line to 'None'
[0.426s] Level 5:colcon.colcon_core.verb:set package 'canopen_interfaces' build argument 'cmake_target_skip_unavailable' from command line to 'False'
[0.426s] Level 5:colcon.colcon_core.verb:set package 'canopen_interfaces' build argument 'cmake_clean_cache' from command line to 'False'
[0.426s] Level 5:colcon.colcon_core.verb:set package 'canopen_interfaces' build argument 'cmake_clean_first' from command line to 'False'
[0.426s] Level 5:colcon.colcon_core.verb:set package 'canopen_interfaces' build argument 'cmake_force_configure' from command line to 'False'
[0.426s] Level 5:colcon.colcon_core.verb:set package 'canopen_interfaces' build argument 'ament_cmake_args' from command line to 'None'
[0.426s] Level 5:colcon.colcon_core.verb:set package 'canopen_interfaces' build argument 'catkin_cmake_args' from command line to 'None'
[0.426s] Level 5:colcon.colcon_core.verb:set package 'canopen_interfaces' build argument 'catkin_skip_building_tests' from command line to 'False'
[0.426s] DEBUG:colcon.colcon_core.verb:Building package 'canopen_interfaces' with the following arguments: {'ament_cmake_args': None, 'build_base': '/home/ub2004/ros2_ws/build/canopen_interfaces', 'catkin_cmake_args': None, 'catkin_skip_building_tests': False, 'cmake_args': None, 'cmake_clean_cache': False, 'cmake_clean_first': False, 'cmake_force_configure': False, 'cmake_target': None, 'cmake_target_skip_unavailable': False, 'install_base': '/home/ub2004/ros2_ws/install/canopen_interfaces', 'merge_install': False, 'path': '/home/ub2004/ros2_ws/src/ros2_canopen/canopen_interfaces', 'symlink_install': True, 'test_result_base': None}
[0.426s] Level 5:colcon.colcon_core.verb:set package 'lely_core_libraries' build argument 'cmake_args' from command line to 'None'
[0.426s] Level 5:colcon.colcon_core.verb:set package 'lely_core_libraries' build argument 'cmake_target' from command line to 'None'
[0.426s] Level 5:colcon.colcon_core.verb:set package 'lely_core_libraries' build argument 'cmake_target_skip_unavailable' from command line to 'False'
[0.426s] Level 5:colcon.colcon_core.verb:set package 'lely_core_libraries' build argument 'cmake_clean_cache' from command line to 'False'
[0.426s] Level 5:colcon.colcon_core.verb:set package 'lely_core_libraries' build argument 'cmake_clean_first' from command line to 'False'
[0.426s] Level 5:colcon.colcon_core.verb:set package 'lely_core_libraries' build argument 'cmake_force_configure' from command line to 'False'
[0.426s] Level 5:colcon.colcon_core.verb:set package 'lely_core_libraries' build argument 'ament_cmake_args' from command line to 'None'
[0.426s] Level 5:colcon.colcon_core.verb:set package 'lely_core_libraries' build argument 'catkin_cmake_args' from command line to 'None'
[0.426s] Level 5:colcon.colcon_core.verb:set package 'lely_core_libraries' build argument 'catkin_skip_building_tests' from command line to 'False'
[0.426s] DEBUG:colcon.colcon_core.verb:Building package 'lely_core_libraries' with the following arguments: {'ament_cmake_args': None, 'build_base': '/home/ub2004/ros2_ws/build/lely_core_libraries', 'catkin_cmake_args': None, 'catkin_skip_building_tests': False, 'cmake_args': None, 'cmake_clean_cache': False, 'cmake_clean_first': False, 'cmake_force_configure': False, 'cmake_target': None, 'cmake_target_skip_unavailable': False, 'install_base': '/home/ub2004/ros2_ws/install/lely_core_libraries', 'merge_install': False, 'path': '/home/ub2004/ros2_ws/src/ros2_canopen/lely_core_libraries', 'symlink_install': True, 'test_result_base': None}
[0.427s] Level 5:colcon.colcon_core.verb:set package 'urdf_tutorial' build argument 'cmake_args' from command line to 'None'
[0.427s] Level 5:colcon.colcon_core.verb:set package 'urdf_tutorial' build argument 'cmake_target' from command line to 'None'
[0.427s] Level 5:colcon.colcon_core.verb:set package 'urdf_tutorial' build argument 'cmake_target_skip_unavailable' from command line to 'False'
[0.427s] Level 5:colcon.colcon_core.verb:set package 'urdf_tutorial' build argument 'cmake_clean_cache' from command line to 'False'
[0.427s] Level 5:colcon.colcon_core.verb:set package 'urdf_tutorial' build argument 'cmake_clean_first' from command line to 'False'
[0.427s] Level 5:colcon.colcon_core.verb:set package 'urdf_tutorial' build argument 'cmake_force_configure' from command line to 'False'
[0.427s] Level 5:colcon.colcon_core.verb:set package 'urdf_tutorial' build argument 'ament_cmake_args' from command line to 'None'
[0.427s] Level 5:colcon.colcon_core.verb:set package 'urdf_tutorial' build argument 'catkin_cmake_args' from command line to 'None'
[0.427s] Level 5:colcon.colcon_core.verb:set package 'urdf_tutorial' build argument 'catkin_skip_building_tests' from command line to 'False'
[0.427s] DEBUG:colcon.colcon_core.verb:Building package 'urdf_tutorial' with the following arguments: {'ament_cmake_args': None, 'build_base': '/home/ub2004/ros2_ws/build/urdf_tutorial', 'catkin_cmake_args': None, 'catkin_skip_building_tests': False, 'cmake_args': None, 'cmake_clean_cache': False, 'cmake_clean_first': False, 'cmake_force_configure': False, 'cmake_target': None, 'cmake_target_skip_unavailable': False, 'install_base': '/home/ub2004/ros2_ws/install/urdf_tutorial', 'merge_install': False, 'path': '/home/ub2004/ros2_ws/src/urdf_tutorial', 'symlink_install': True, 'test_result_base': None}
[0.427s] Level 5:colcon.colcon_core.verb:set package 'canopen_core' build argument 'cmake_args' from command line to 'None'
[0.427s] Level 5:colcon.colcon_core.verb:set package 'canopen_core' build argument 'cmake_target' from command line to 'None'
[0.427s] Level 5:colcon.colcon_core.verb:set package 'canopen_core' build argument 'cmake_target_skip_unavailable' from command line to 'False'
[0.427s] Level 5:colcon.colcon_core.verb:set package 'canopen_core' build argument 'cmake_clean_cache' from command line to 'False'
[0.427s] Level 5:colcon.colcon_core.verb:set package 'canopen_core' build argument 'cmake_clean_first' from command line to 'False'
[0.427s] Level 5:colcon.colcon_core.verb:set package 'canopen_core' build argument 'cmake_force_configure' from command line to 'False'
[0.427s] Level 5:colcon.colcon_core.verb:set package 'canopen_core' build argument 'ament_cmake_args' from command line to 'None'
[0.427s] Level 5:colcon.colcon_core.verb:set package 'canopen_core' build argument 'catkin_cmake_args' from command line to 'None'
[0.427s] Level 5:colcon.colcon_core.verb:set package 'canopen_core' build argument 'catkin_skip_building_tests' from command line to 'False'
[0.427s] DEBUG:colcon.colcon_core.verb:Building package 'canopen_core' with the following arguments: {'ament_cmake_args': None, 'build_base': '/home/ub2004/ros2_ws/build/canopen_core', 'catkin_cmake_args': None, 'catkin_skip_building_tests': False, 'cmake_args': None, 'cmake_clean_cache': False, 'cmake_clean_first': False, 'cmake_force_configure': False, 'cmake_target': None, 'cmake_target_skip_unavailable': False, 'install_base': '/home/ub2004/ros2_ws/install/canopen_core', 'merge_install': False, 'path': '/home/ub2004/ros2_ws/src/ros2_canopen/canopen_core', 'symlink_install': True, 'test_result_base': None}
[0.428s] Level 5:colcon.colcon_core.verb:set package 'canopen_fake_slaves' build argument 'cmake_args' from command line to 'None'
[0.428s] Level 5:colcon.colcon_core.verb:set package 'canopen_fake_slaves' build argument 'cmake_target' from command line to 'None'
[0.428s] Level 5:colcon.colcon_core.verb:set package 'canopen_fake_slaves' build argument 'cmake_target_skip_unavailable' from command line to 'False'
[0.428s] Level 5:colcon.colcon_core.verb:set package 'canopen_fake_slaves' build argument 'cmake_clean_cache' from command line to 'False'
[0.428s] Level 5:colcon.colcon_core.verb:set package 'canopen_fake_slaves' build argument 'cmake_clean_first' from command line to 'False'
[0.428s] Level 5:colcon.colcon_core.verb:set package 'canopen_fake_slaves' build argument 'cmake_force_configure' from command line to 'False'
[0.428s] Level 5:colcon.colcon_core.verb:set package 'canopen_fake_slaves' build argument 'ament_cmake_args' from command line to 'None'
[0.428s] Level 5:colcon.colcon_core.verb:set package 'canopen_fake_slaves' build argument 'catkin_cmake_args' from command line to 'None'
[0.428s] Level 5:colcon.colcon_core.verb:set package 'canopen_fake_slaves' build argument 'catkin_skip_building_tests' from command line to 'False'
[0.428s] DEBUG:colcon.colcon_core.verb:Building package 'canopen_fake_slaves' with the following arguments: {'ament_cmake_args': None, 'build_base': '/home/ub2004/ros2_ws/build/canopen_fake_slaves', 'catkin_cmake_args': None, 'catkin_skip_building_tests': False, 'cmake_args': None, 'cmake_clean_cache': False, 'cmake_clean_first': False, 'cmake_force_configure': False, 'cmake_target': None, 'cmake_target_skip_unavailable': False, 'install_base': '/home/ub2004/ros2_ws/install/canopen_fake_slaves', 'merge_install': False, 'path': '/home/ub2004/ros2_ws/src/ros2_canopen/canopen_fake_slaves', 'symlink_install': True, 'test_result_base': None}
[0.428s] Level 5:colcon.colcon_core.verb:set package 'canopen_utils' build argument 'cmake_args' from command line to 'None'
[0.428s] Level 5:colcon.colcon_core.verb:set package 'canopen_utils' build argument 'cmake_target' from command line to 'None'
[0.428s] Level 5:colcon.colcon_core.verb:set package 'canopen_utils' build argument 'cmake_target_skip_unavailable' from command line to 'False'
[0.428s] Level 5:colcon.colcon_core.verb:set package 'canopen_utils' build argument 'cmake_clean_cache' from command line to 'False'
[0.428s] Level 5:colcon.colcon_core.verb:set package 'canopen_utils' build argument 'cmake_clean_first' from command line to 'False'
[0.428s] Level 5:colcon.colcon_core.verb:set package 'canopen_utils' build argument 'cmake_force_configure' from command line to 'False'
[0.429s] Level 5:colcon.colcon_core.verb:set package 'canopen_utils' build argument 'ament_cmake_args' from command line to 'None'
[0.429s] Level 5:colcon.colcon_core.verb:set package 'canopen_utils' build argument 'catkin_cmake_args' from command line to 'None'
[0.429s] Level 5:colcon.colcon_core.verb:set package 'canopen_utils' build argument 'catkin_skip_building_tests' from command line to 'False'
[0.429s] DEBUG:colcon.colcon_core.verb:Building package 'canopen_utils' with the following arguments: {'ament_cmake_args': None, 'build_base': '/home/ub2004/ros2_ws/build/canopen_utils', 'catkin_cmake_args': None, 'catkin_skip_building_tests': False, 'cmake_args': None, 'cmake_clean_cache': False, 'cmake_clean_first': False, 'cmake_force_configure': False, 'cmake_target': None, 'cmake_target_skip_unavailable': False, 'install_base': '/home/ub2004/ros2_ws/install/canopen_utils', 'merge_install': False, 'path': '/home/ub2004/ros2_ws/src/ros2_canopen/canopen_utils', 'symlink_install': True, 'test_result_base': None}
[0.429s] Level 5:colcon.colcon_core.verb:set package 'canopen_base_driver' build argument 'cmake_args' from command line to 'None'
[0.429s] Level 5:colcon.colcon_core.verb:set package 'canopen_base_driver' build argument 'cmake_target' from command line to 'None'
[0.429s] Level 5:colcon.colcon_core.verb:set package 'canopen_base_driver' build argument 'cmake_target_skip_unavailable' from command line to 'False'
[0.429s] Level 5:colcon.colcon_core.verb:set package 'canopen_base_driver' build argument 'cmake_clean_cache' from command line to 'False'
[0.429s] Level 5:colcon.colcon_core.verb:set package 'canopen_base_driver' build argument 'cmake_clean_first' from command line to 'False'
[0.429s] Level 5:colcon.colcon_core.verb:set package 'canopen_base_driver' build argument 'cmake_force_configure' from command line to 'False'
[0.429s] Level 5:colcon.colcon_core.verb:set package 'canopen_base_driver' build argument 'ament_cmake_args' from command line to 'None'
[0.429s] Level 5:colcon.colcon_core.verb:set package 'canopen_base_driver' build argument 'catkin_cmake_args' from command line to 'None'
[0.429s] Level 5:colcon.colcon_core.verb:set package 'canopen_base_driver' build argument 'catkin_skip_building_tests' from command line to 'False'
[0.429s] DEBUG:colcon.colcon_core.verb:Building package 'canopen_base_driver' with the following arguments: {'ament_cmake_args': None, 'build_base': '/home/ub2004/ros2_ws/build/canopen_base_driver', 'catkin_cmake_args': None, 'catkin_skip_building_tests': False, 'cmake_args': None, 'cmake_clean_cache': False, 'cmake_clean_first': False, 'cmake_force_configure': False, 'cmake_target': None, 'cmake_target_skip_unavailable': False, 'install_base': '/home/ub2004/ros2_ws/install/canopen_base_driver', 'merge_install': False, 'path': '/home/ub2004/ros2_ws/src/ros2_canopen/canopen_base_driver', 'symlink_install': True, 'test_result_base': None}
[0.429s] Level 5:colcon.colcon_core.verb:set package 'canopen_master_driver' build argument 'cmake_args' from command line to 'None'
[0.430s] Level 5:colcon.colcon_core.verb:set package 'canopen_master_driver' build argument 'cmake_target' from command line to 'None'
[0.430s] Level 5:colcon.colcon_core.verb:set package 'canopen_master_driver' build argument 'cmake_target_skip_unavailable' from command line to 'False'
[0.430s] Level 5:colcon.colcon_core.verb:set package 'canopen_master_driver' build argument 'cmake_clean_cache' from command line to 'False'
[0.430s] Level 5:colcon.colcon_core.verb:set package 'canopen_master_driver' build argument 'cmake_clean_first' from command line to 'False'
[0.430s] Level 5:colcon.colcon_core.verb:set package 'canopen_master_driver' build argument 'cmake_force_configure' from command line to 'False'
[0.430s] Level 5:colcon.colcon_core.verb:set package 'canopen_master_driver' build argument 'ament_cmake_args' from command line to 'None'
[0.430s] Level 5:colcon.colcon_core.verb:set package 'canopen_master_driver' build argument 'catkin_cmake_args' from command line to 'None'
[0.430s] Level 5:colcon.colcon_core.verb:set package 'canopen_master_driver' build argument 'catkin_skip_building_tests' from command line to 'False'
[0.430s] DEBUG:colcon.colcon_core.verb:Building package 'canopen_master_driver' with the following arguments: {'ament_cmake_args': None, 'build_base': '/home/ub2004/ros2_ws/build/canopen_master_driver', 'catkin_cmake_args': None, 'catkin_skip_building_tests': False, 'cmake_args': None, 'cmake_clean_cache': False, 'cmake_clean_first': False, 'cmake_force_configure': False, 'cmake_target': None, 'cmake_target_skip_unavailable': False, 'install_base': '/home/ub2004/ros2_ws/install/canopen_master_driver', 'merge_install': False, 'path': '/home/ub2004/ros2_ws/src/ros2_canopen/canopen_master_driver', 'symlink_install': True, 'test_result_base': None}
[0.430s] Level 5:colcon.colcon_core.verb:set package 'canopen_proxy_driver' build argument 'cmake_args' from command line to 'None'
[0.430s] Level 5:colcon.colcon_core.verb:set package 'canopen_proxy_driver' build argument 'cmake_target' from command line to 'None'
[0.430s] Level 5:colcon.colcon_core.verb:set package 'canopen_proxy_driver' build argument 'cmake_target_skip_unavailable' from command line to 'False'
[0.430s] Level 5:colcon.colcon_core.verb:set package 'canopen_proxy_driver' build argument 'cmake_clean_cache' from command line to 'False'
[0.430s] Level 5:colcon.colcon_core.verb:set package 'canopen_proxy_driver' build argument 'cmake_clean_first' from command line to 'False'
[0.430s] Level 5:colcon.colcon_core.verb:set package 'canopen_proxy_driver' build argument 'cmake_force_configure' from command line to 'False'
[0.430s] Level 5:colcon.colcon_core.verb:set package 'canopen_proxy_driver' build argument 'ament_cmake_args' from command line to 'None'
[0.430s] Level 5:colcon.colcon_core.verb:set package 'canopen_proxy_driver' build argument 'catkin_cmake_args' from command line to 'None'
[0.430s] Level 5:colcon.colcon_core.verb:set package 'canopen_proxy_driver' build argument 'catkin_skip_building_tests' from command line to 'False'
[0.430s] DEBUG:colcon.colcon_core.verb:Building package 'canopen_proxy_driver' with the following arguments: {'ament_cmake_args': None, 'build_base': '/home/ub2004/ros2_ws/build/canopen_proxy_driver', 'catkin_cmake_args': None, 'catkin_skip_building_tests': False, 'cmake_args': None, 'cmake_clean_cache': False, 'cmake_clean_first': False, 'cmake_force_configure': False, 'cmake_target': None, 'cmake_target_skip_unavailable': False, 'install_base': '/home/ub2004/ros2_ws/install/canopen_proxy_driver', 'merge_install': False, 'path': '/home/ub2004/ros2_ws/src/ros2_canopen/canopen_proxy_driver', 'symlink_install': True, 'test_result_base': None}
[0.431s] Level 5:colcon.colcon_core.verb:set package 'canopen_402_driver' build argument 'cmake_args' from command line to 'None'
[0.431s] Level 5:colcon.colcon_core.verb:set package 'canopen_402_driver' build argument 'cmake_target' from command line to 'None'
[0.431s] Level 5:colcon.colcon_core.verb:set package 'canopen_402_driver' build argument 'cmake_target_skip_unavailable' from command line to 'False'
[0.431s] Level 5:colcon.colcon_core.verb:set package 'canopen_402_driver' build argument 'cmake_clean_cache' from command line to 'False'
[0.431s] Level 5:colcon.colcon_core.verb:set package 'canopen_402_driver' build argument 'cmake_clean_first' from command line to 'False'
[0.431s] Level 5:colcon.colcon_core.verb:set package 'canopen_402_driver' build argument 'cmake_force_configure' from command line to 'False'
[0.431s] Level 5:colcon.colcon_core.verb:set package 'canopen_402_driver' build argument 'ament_cmake_args' from command line to 'None'
[0.431s] Level 5:colcon.colcon_core.verb:set package 'canopen_402_driver' build argument 'catkin_cmake_args' from command line to 'None'
[0.431s] Level 5:colcon.colcon_core.verb:set package 'canopen_402_driver' build argument 'catkin_skip_building_tests' from command line to 'False'
[0.431s] DEBUG:colcon.colcon_core.verb:Building package 'canopen_402_driver' with the following arguments: {'ament_cmake_args': None, 'build_base': '/home/ub2004/ros2_ws/build/canopen_402_driver', 'catkin_cmake_args': None, 'catkin_skip_building_tests': False, 'cmake_args': None, 'cmake_clean_cache': False, 'cmake_clean_first': False, 'cmake_force_configure': False, 'cmake_target': None, 'cmake_target_skip_unavailable': False, 'install_base': '/home/ub2004/ros2_ws/install/canopen_402_driver', 'merge_install': False, 'path': '/home/ub2004/ros2_ws/src/ros2_canopen/canopen_402_driver', 'symlink_install': True, 'test_result_base': None}
[0.431s] Level 5:colcon.colcon_core.verb:set package 'canopen' build argument 'cmake_args' from command line to 'None'
[0.431s] Level 5:colcon.colcon_core.verb:set package 'canopen' build argument 'cmake_target' from command line to 'None'
[0.431s] Level 5:colcon.colcon_core.verb:set package 'canopen' build argument 'cmake_target_skip_unavailable' from command line to 'False'
[0.431s] Level 5:colcon.colcon_core.verb:set package 'canopen' build argument 'cmake_clean_cache' from command line to 'False'
[0.431s] Level 5:colcon.colcon_core.verb:set package 'canopen' build argument 'cmake_clean_first' from command line to 'False'
[0.431s] Level 5:colcon.colcon_core.verb:set package 'canopen' build argument 'cmake_force_configure' from command line to 'False'
[0.431s] Level 5:colcon.colcon_core.verb:set package 'canopen' build argument 'ament_cmake_args' from command line to 'None'
[0.431s] Level 5:colcon.colcon_core.verb:set package 'canopen' build argument 'catkin_cmake_args' from command line to 'None'
[0.431s] Level 5:colcon.colcon_core.verb:set package 'canopen' build argument 'catkin_skip_building_tests' from command line to 'False'
[0.431s] DEBUG:colcon.colcon_core.verb:Building package 'canopen' with the following arguments: {'ament_cmake_args': None, 'build_base': '/home/ub2004/ros2_ws/build/canopen', 'catkin_cmake_args': None, 'catkin_skip_building_tests': False, 'cmake_args': None, 'cmake_clean_cache': False, 'cmake_clean_first': False, 'cmake_force_configure': False, 'cmake_target': None, 'cmake_target_skip_unavailable': False, 'install_base': '/home/ub2004/ros2_ws/install/canopen', 'merge_install': False, 'path': '/home/ub2004/ros2_ws/src/ros2_canopen/canopen', 'symlink_install': True, 'test_result_base': None}
[0.432s] Level 5:colcon.colcon_core.verb:set package 'canopen_ros2_control' build argument 'cmake_args' from command line to 'None'
[0.432s] Level 5:colcon.colcon_core.verb:set package 'canopen_ros2_control' build argument 'cmake_target' from command line to 'None'
[0.432s] Level 5:colcon.colcon_core.verb:set package 'canopen_ros2_control' build argument 'cmake_target_skip_unavailable' from command line to 'False'
[0.432s] Level 5:colcon.colcon_core.verb:set package 'canopen_ros2_control' build argument 'cmake_clean_cache' from command line to 'False'
[0.432s] Level 5:colcon.colcon_core.verb:set package 'canopen_ros2_control' build argument 'cmake_clean_first' from command line to 'False'
[0.432s] Level 5:colcon.colcon_core.verb:set package 'canopen_ros2_control' build argument 'cmake_force_configure' from command line to 'False'
[0.432s] Level 5:colcon.colcon_core.verb:set package 'canopen_ros2_control' build argument 'ament_cmake_args' from command line to 'None'
[0.432s] Level 5:colcon.colcon_core.verb:set package 'canopen_ros2_control' build argument 'catkin_cmake_args' from command line to 'None'
[0.432s] Level 5:colcon.colcon_core.verb:set package 'canopen_ros2_control' build argument 'catkin_skip_building_tests' from command line to 'False'
[0.432s] DEBUG:colcon.colcon_core.verb:Building package 'canopen_ros2_control' with the following arguments: {'ament_cmake_args': None, 'build_base': '/home/ub2004/ros2_ws/build/canopen_ros2_control', 'catkin_cmake_args': None, 'catkin_skip_building_tests': False, 'cmake_args': None, 'cmake_clean_cache': False, 'cmake_clean_first': False, 'cmake_force_configure': False, 'cmake_target': None, 'cmake_target_skip_unavailable': False, 'install_base': '/home/ub2004/ros2_ws/install/canopen_ros2_control', 'merge_install': False, 'path': '/home/ub2004/ros2_ws/src/ros2_canopen/canopen_ros2_control', 'symlink_install': True, 'test_result_base': None}
[0.432s] Level 5:colcon.colcon_core.verb:set package 'canopen_ros2_controllers' build argument 'cmake_args' from command line to 'None'
[0.432s] Level 5:colcon.colcon_core.verb:set package 'canopen_ros2_controllers' build argument 'cmake_target' from command line to 'None'
[0.432s] Level 5:colcon.colcon_core.verb:set package 'canopen_ros2_controllers' build argument 'cmake_target_skip_unavailable' from command line to 'False'
[0.432s] Level 5:colcon.colcon_core.verb:set package 'canopen_ros2_controllers' build argument 'cmake_clean_cache' from command line to 'False'
[0.432s] Level 5:colcon.colcon_core.verb:set package 'canopen_ros2_controllers' build argument 'cmake_clean_first' from command line to 'False'
[0.432s] Level 5:colcon.colcon_core.verb:set package 'canopen_ros2_controllers' build argument 'cmake_force_configure' from command line to 'False'
[0.432s] Level 5:colcon.colcon_core.verb:set package 'canopen_ros2_controllers' build argument 'ament_cmake_args' from command line to 'None'
[0.432s] Level 5:colcon.colcon_core.verb:set package 'canopen_ros2_controllers' build argument 'catkin_cmake_args' from command line to 'None'
[0.433s] Level 5:colcon.colcon_core.verb:set package 'canopen_ros2_controllers' build argument 'catkin_skip_building_tests' from command line to 'False'
[0.433s] DEBUG:colcon.colcon_core.verb:Building package 'canopen_ros2_controllers' with the following arguments: {'ament_cmake_args': None, 'build_base': '/home/ub2004/ros2_ws/build/canopen_ros2_controllers', 'catkin_cmake_args': None, 'catkin_skip_building_tests': False, 'cmake_args': None, 'cmake_clean_cache': False, 'cmake_clean_first': False, 'cmake_force_configure': False, 'cmake_target': None, 'cmake_target_skip_unavailable': False, 'install_base': '/home/ub2004/ros2_ws/install/canopen_ros2_controllers', 'merge_install': False, 'path': '/home/ub2004/ros2_ws/src/ros2_canopen/canopen_ros2_controllers', 'symlink_install': True, 'test_result_base': None}
[0.433s] Level 5:colcon.colcon_core.verb:set package 'canopen_tests' build argument 'cmake_args' from command line to 'None'
[0.433s] Level 5:colcon.colcon_core.verb:set package 'canopen_tests' build argument 'cmake_target' from command line to 'None'
[0.433s] Level 5:colcon.colcon_core.verb:set package 'canopen_tests' build argument 'cmake_target_skip_unavailable' from command line to 'False'
[0.433s] Level 5:colcon.colcon_core.verb:set package 'canopen_tests' build argument 'cmake_clean_cache' from command line to 'False'
[0.433s] Level 5:colcon.colcon_core.verb:set package 'canopen_tests' build argument 'cmake_clean_first' from command line to 'False'
[0.433s] Level 5:colcon.colcon_core.verb:set package 'canopen_tests' build argument 'cmake_force_configure' from command line to 'False'
[0.433s] Level 5:colcon.colcon_core.verb:set package 'canopen_tests' build argument 'ament_cmake_args' from command line to 'None'
[0.433s] Level 5:colcon.colcon_core.verb:set package 'canopen_tests' build argument 'catkin_cmake_args' from command line to 'None'
[0.433s] Level 5:colcon.colcon_core.verb:set package 'canopen_tests' build argument 'catkin_skip_building_tests' from command line to 'False'
[0.433s] DEBUG:colcon.colcon_core.verb:Building package 'canopen_tests' with the following arguments: {'ament_cmake_args': None, 'build_base': '/home/ub2004/ros2_ws/build/canopen_tests', 'catkin_cmake_args': None, 'catkin_skip_building_tests': False, 'cmake_args': None, 'cmake_clean_cache': False, 'cmake_clean_first': False, 'cmake_force_configure': False, 'cmake_target': None, 'cmake_target_skip_unavailable': False, 'install_base': '/home/ub2004/ros2_ws/install/canopen_tests', 'merge_install': False, 'path': '/home/ub2004/ros2_ws/src/ros2_canopen/canopen_tests', 'symlink_install': True, 'test_result_base': None}
[0.433s] INFO:colcon.colcon_core.executor:Executing jobs using 'parallel' executor
[0.435s] DEBUG:colcon.colcon_parallel_executor.executor.parallel:run_until_complete
[0.435s] INFO:colcon.colcon_ros.task.ament_cmake.build:Building ROS package in '/home/ub2004/ros2_ws/src/ros2_canopen/canopen_interfaces' with build type 'ament_cmake'
[0.435s] INFO:colcon.colcon_cmake.task.cmake.build:Building CMake package in '/home/ub2004/ros2_ws/src/ros2_canopen/canopen_interfaces'
[0.437s] INFO:colcon.colcon_core.plugin_system:Skipping extension 'colcon_core.shell.bat': Not used on non-Windows systems
[0.438s] INFO:colcon.colcon_core.shell:Skip shell extension 'powershell' for command environment: Not usable outside of PowerShell
[0.438s] DEBUG:colcon.colcon_core.shell:Skip shell extension 'dsv' for command environment
[0.442s] INFO:colcon.colcon_ros.task.ament_cmake.build:Building ROS package in '/home/ub2004/ros2_ws/src/ros2_canopen/lely_core_libraries' with build type 'ament_cmake'
[0.442s] INFO:colcon.colcon_cmake.task.cmake.build:Building CMake package in '/home/ub2004/ros2_ws/src/ros2_canopen/lely_core_libraries'
[0.442s] INFO:colcon.colcon_core.shell:Skip shell extension 'powershell' for command environment: Not usable outside of PowerShell
[0.442s] DEBUG:colcon.colcon_core.shell:Skip shell extension 'dsv' for command environment
[0.446s] INFO:colcon.colcon_ros.task.ament_python.build:Building ROS package in '/home/ub2004/ros2_ws/src/agv_pak' with build type 'ament_python'
[0.446s] Level 1:colcon.colcon_core.shell:create_environment_hook('agv_pak', 'ament_prefix_path')
[0.447s] INFO:colcon.colcon_core.shell:Creating environment hook '/home/ub2004/ros2_ws/install/agv_pak/share/agv_pak/hook/ament_prefix_path.ps1'
[0.447s] INFO:colcon.colcon_core.shell:Creating environment descriptor '/home/ub2004/ros2_ws/install/agv_pak/share/agv_pak/hook/ament_prefix_path.dsv'
[0.448s] INFO:colcon.colcon_core.shell:Creating environment hook '/home/ub2004/ros2_ws/install/agv_pak/share/agv_pak/hook/ament_prefix_path.sh'
[0.449s] INFO:colcon.colcon_core.shell:Skip shell extension 'powershell' for command environment: Not usable outside of PowerShell
[0.449s] DEBUG:colcon.colcon_core.shell:Skip shell extension 'dsv' for command environment
[0.453s] INFO:colcon.colcon_ros.task.ament_python.build:Building ROS package in '/home/ub2004/ros2_ws/src/urdf_tutorial' with build type 'ament_python'
[0.453s] Level 1:colcon.colcon_core.shell:create_environment_hook('urdf_tutorial', 'ament_prefix_path')
[0.454s] INFO:colcon.colcon_core.shell:Creating environment hook '/home/ub2004/ros2_ws/install/urdf_tutorial/share/urdf_tutorial/hook/ament_prefix_path.ps1'
[0.454s] INFO:colcon.colcon_core.shell:Creating environment descriptor '/home/ub2004/ros2_ws/install/urdf_tutorial/share/urdf_tutorial/hook/ament_prefix_path.dsv'
[0.455s] INFO:colcon.colcon_core.shell:Creating environment hook '/home/ub2004/ros2_ws/install/urdf_tutorial/share/urdf_tutorial/hook/ament_prefix_path.sh'
[0.455s] INFO:colcon.colcon_core.shell:Skip shell extension 'powershell' for command environment: Not usable outside of PowerShell
[0.455s] DEBUG:colcon.colcon_core.shell:Skip shell extension 'dsv' for command environment
[0.465s] DEBUG:colcon.colcon_core.event_handler.log_command:Invoking command in '/home/ub2004/ros2_ws/build/canopen_interfaces': CMAKE_PREFIX_PATH=${CMAKE_PREFIX_PATH}:/home/ub2004/ros2_ws/install/urdf_tutorial:/home/ub2004/ros2_ws/install/canopen_utils:/home/ub2004/ros2_ws/install/agv_pak:/opt/ros/humble /usr/bin/cmake /home/ub2004/ros2_ws/src/ros2_canopen/canopen_interfaces -DAMENT_CMAKE_SYMLINK_INSTALL=1 -DCMAKE_INSTALL_PREFIX=/home/ub2004/ros2_ws/install/canopen_interfaces
[0.471s] DEBUG:colcon.colcon_core.event_handler.log_command:Invoking command in '/home/ub2004/ros2_ws/build/lely_core_libraries': CMAKE_PREFIX_PATH=${CMAKE_PREFIX_PATH}:/home/ub2004/ros2_ws/install/urdf_tutorial:/home/ub2004/ros2_ws/install/canopen_utils:/home/ub2004/ros2_ws/install/agv_pak:/opt/ros/humble /usr/bin/cmake --build /home/ub2004/ros2_ws/build/lely_core_libraries -- -j8 -l8
[0.811s] INFO:colcon.colcon_core.task.python.build:Building Python package in '/home/ub2004/ros2_ws/src/agv_pak'
[0.812s] INFO:colcon.colcon_core.shell:Skip shell extension 'powershell' for command environment: Not usable outside of PowerShell
[0.812s] DEBUG:colcon.colcon_core.shell:Skip shell extension 'dsv' for command environment
[1.136s] INFO:colcon.colcon_core.task.python.build:Building Python package in '/home/ub2004/ros2_ws/src/urdf_tutorial'
[1.137s] INFO:colcon.colcon_core.shell:Skip shell extension 'powershell' for command environment: Not usable outside of PowerShell
[1.137s] DEBUG:colcon.colcon_core.shell:Skip shell extension 'dsv' for command environment
[1.547s] DEBUG:colcon.colcon_core.event_handler.log_command:Invoking command in '/home/ub2004/ros2_ws/build/agv_pak': PYTHONPATH=/home/ub2004/ros2_ws/build/agv_pak/prefix_override:/usr/lib/python3/dist-packages/colcon_core/task/python/colcon_distutils_commands:/home/ub2004/ros2_ws/install/agv_pak/lib/python3.10/site-packages:${PYTHONPATH} /usr/bin/python3 -W ignore:setup.py install is deprecated -W ignore:easy_install command is deprecated setup.py develop --editable --build-directory /home/ub2004/ros2_ws/build/agv_pak/build --no-deps symlink_data
[1.556s] DEBUG:colcon.colcon_core.event_handler.log_command:Invoking command in '/home/ub2004/ros2_ws/build/urdf_tutorial': PYTHONPATH=/home/ub2004/ros2_ws/build/urdf_tutorial/prefix_override:/usr/lib/python3/dist-packages/colcon_core/task/python/colcon_distutils_commands:/home/ub2004/ros2_ws/install/urdf_tutorial/lib/python3.10/site-packages:${PYTHONPATH} /usr/bin/python3 -W ignore:setup.py install is deprecated -W ignore:easy_install command is deprecated setup.py develop --editable --build-directory /home/ub2004/ros2_ws/build/urdf_tutorial/build --no-deps symlink_data
[2.185s] Level 1:colcon.colcon_core.shell:create_environment_hook('urdf_tutorial', 'pythonpath_develop')
[2.186s] INFO:colcon.colcon_core.shell:Creating environment hook '/home/ub2004/ros2_ws/build/urdf_tutorial/share/urdf_tutorial/hook/pythonpath_develop.ps1'
[2.186s] DEBUG:colcon.colcon_core.event_handler.log_command:Invoked command in '/home/ub2004/ros2_ws/build/urdf_tutorial' returned '0': PYTHONPATH=/home/ub2004/ros2_ws/build/urdf_tutorial/prefix_override:/usr/lib/python3/dist-packages/colcon_core/task/python/colcon_distutils_commands:/home/ub2004/ros2_ws/install/urdf_tutorial/lib/python3.10/site-packages:${PYTHONPATH} /usr/bin/python3 -W ignore:setup.py install is deprecated -W ignore:easy_install command is deprecated setup.py develop --editable --build-directory /home/ub2004/ros2_ws/build/urdf_tutorial/build --no-deps symlink_data
[2.187s] INFO:colcon.colcon_core.shell:Creating environment descriptor '/home/ub2004/ros2_ws/build/urdf_tutorial/share/urdf_tutorial/hook/pythonpath_develop.dsv'
[2.188s] INFO:colcon.colcon_core.shell:Creating environment hook '/home/ub2004/ros2_ws/build/urdf_tutorial/share/urdf_tutorial/hook/pythonpath_develop.sh'
[2.191s] Level 1:colcon.colcon_core.environment:checking '/home/ub2004/ros2_ws/install/urdf_tutorial' for CMake module files
[2.192s] Level 1:colcon.colcon_core.environment:checking '/home/ub2004/ros2_ws/install/urdf_tutorial' for CMake config files
[2.193s] Level 1:colcon.colcon_core.environment:checking '/home/ub2004/ros2_ws/install/urdf_tutorial/lib'
[2.193s] Level 1:colcon.colcon_core.environment:checking '/home/ub2004/ros2_ws/install/urdf_tutorial/bin'
[2.193s] Level 1:colcon.colcon_core.environment:checking '/home/ub2004/ros2_ws/install/urdf_tutorial/lib/pkgconfig/urdf_tutorial.pc'
[2.194s] Level 1:colcon.colcon_core.environment:checking '/home/ub2004/ros2_ws/install/urdf_tutorial/lib/python3.10/site-packages'
[2.194s] Level 1:colcon.colcon_core.shell:create_environment_hook('urdf_tutorial', 'pythonpath')
[2.194s] INFO:colcon.colcon_core.shell:Creating environment hook '/home/ub2004/ros2_ws/install/urdf_tutorial/share/urdf_tutorial/hook/pythonpath.ps1'
[2.195s] INFO:colcon.colcon_core.shell:Creating environment descriptor '/home/ub2004/ros2_ws/install/urdf_tutorial/share/urdf_tutorial/hook/pythonpath.dsv'
[2.195s] INFO:colcon.colcon_core.shell:Creating environment hook '/home/ub2004/ros2_ws/install/urdf_tutorial/share/urdf_tutorial/hook/pythonpath.sh'
[2.196s] Level 1:colcon.colcon_core.environment:checking '/home/ub2004/ros2_ws/install/urdf_tutorial/bin'
[2.196s] Level 1:colcon.colcon_core.environment:create_environment_scripts_only(urdf_tutorial)
[2.197s] INFO:colcon.colcon_core.shell:Creating package script '/home/ub2004/ros2_ws/install/urdf_tutorial/share/urdf_tutorial/package.ps1'
[2.198s] INFO:colcon.colcon_core.shell:Creating package descriptor '/home/ub2004/ros2_ws/install/urdf_tutorial/share/urdf_tutorial/package.dsv'
[2.198s] INFO:colcon.colcon_core.shell:Creating package script '/home/ub2004/ros2_ws/install/urdf_tutorial/share/urdf_tutorial/package.sh'
[2.199s] INFO:colcon.colcon_core.shell:Creating package script '/home/ub2004/ros2_ws/install/urdf_tutorial/share/urdf_tutorial/package.bash'
[2.200s] INFO:colcon.colcon_core.shell:Creating package script '/home/ub2004/ros2_ws/install/urdf_tutorial/share/urdf_tutorial/package.zsh'
[2.202s] Level 1:colcon.colcon_core.environment:create_file_with_runtime_dependencies(/home/ub2004/ros2_ws/install/urdf_tutorial/share/colcon-core/packages/urdf_tutorial)
[2.203s] Level 1:colcon.colcon_core.shell:create_environment_hook('agv_pak', 'pythonpath_develop')
[2.204s] INFO:colcon.colcon_core.shell:Creating environment hook '/home/ub2004/ros2_ws/build/agv_pak/share/agv_pak/hook/pythonpath_develop.ps1'
[2.205s] DEBUG:colcon.colcon_core.event_handler.log_command:Invoked command in '/home/ub2004/ros2_ws/build/agv_pak' returned '0': PYTHONPATH=/home/ub2004/ros2_ws/build/agv_pak/prefix_override:/usr/lib/python3/dist-packages/colcon_core/task/python/colcon_distutils_commands:/home/ub2004/ros2_ws/install/agv_pak/lib/python3.10/site-packages:${PYTHONPATH} /usr/bin/python3 -W ignore:setup.py install is deprecated -W ignore:easy_install command is deprecated setup.py develop --editable --build-directory /home/ub2004/ros2_ws/build/agv_pak/build --no-deps symlink_data
[2.205s] INFO:colcon.colcon_core.shell:Creating environment descriptor '/home/ub2004/ros2_ws/build/agv_pak/share/agv_pak/hook/pythonpath_develop.dsv'
[2.206s] INFO:colcon.colcon_core.shell:Creating environment hook '/home/ub2004/ros2_ws/build/agv_pak/share/agv_pak/hook/pythonpath_develop.sh'
[2.207s] Level 1:colcon.colcon_core.environment:checking '/home/ub2004/ros2_ws/install/agv_pak' for CMake module files
[2.207s] Level 1:colcon.colcon_core.environment:checking '/home/ub2004/ros2_ws/install/agv_pak' for CMake config files
[2.208s] Level 1:colcon.colcon_core.environment:checking '/home/ub2004/ros2_ws/install/agv_pak/lib'
[2.208s] Level 1:colcon.colcon_core.environment:checking '/home/ub2004/ros2_ws/install/agv_pak/bin'
[2.208s] Level 1:colcon.colcon_core.environment:checking '/home/ub2004/ros2_ws/install/agv_pak/lib/pkgconfig/agv_pak.pc'
[2.208s] Level 1:colcon.colcon_core.environment:checking '/home/ub2004/ros2_ws/install/agv_pak/lib/python3.10/site-packages'
[2.208s] Level 1:colcon.colcon_core.shell:create_environment_hook('agv_pak', 'pythonpath')
[2.209s] INFO:colcon.colcon_core.shell:Creating environment hook '/home/ub2004/ros2_ws/install/agv_pak/share/agv_pak/hook/pythonpath.ps1'
[2.209s] INFO:colcon.colcon_core.shell:Creating environment descriptor '/home/ub2004/ros2_ws/install/agv_pak/share/agv_pak/hook/pythonpath.dsv'
[2.209s] INFO:colcon.colcon_core.shell:Creating environment hook '/home/ub2004/ros2_ws/install/agv_pak/share/agv_pak/hook/pythonpath.sh'
[2.210s] Level 1:colcon.colcon_core.environment:checking '/home/ub2004/ros2_ws/install/agv_pak/bin'
[2.210s] Level 1:colcon.colcon_core.environment:create_environment_scripts_only(agv_pak)
[2.210s] INFO:colcon.colcon_core.shell:Creating package script '/home/ub2004/ros2_ws/install/agv_pak/share/agv_pak/package.ps1'
[2.211s] INFO:colcon.colcon_core.shell:Creating package descriptor '/home/ub2004/ros2_ws/install/agv_pak/share/agv_pak/package.dsv'
[2.211s] INFO:colcon.colcon_core.shell:Creating package script '/home/ub2004/ros2_ws/install/agv_pak/share/agv_pak/package.sh'
[2.212s] INFO:colcon.colcon_core.shell:Creating package script '/home/ub2004/ros2_ws/install/agv_pak/share/agv_pak/package.bash'
[2.212s] INFO:colcon.colcon_core.shell:Creating package script '/home/ub2004/ros2_ws/install/agv_pak/share/agv_pak/package.zsh'
[2.213s] Level 1:colcon.colcon_core.environment:create_file_with_runtime_dependencies(/home/ub2004/ros2_ws/install/agv_pak/share/colcon-core/packages/agv_pak)
[2.598s] DEBUG:colcon.colcon_core.event_handler.log_command:Invoked command in '/home/ub2004/ros2_ws/build/canopen_interfaces' returned '0': CMAKE_PREFIX_PATH=${CMAKE_PREFIX_PATH}:/home/ub2004/ros2_ws/install/urdf_tutorial:/home/ub2004/ros2_ws/install/canopen_utils:/home/ub2004/ros2_ws/install/agv_pak:/opt/ros/humble /usr/bin/cmake /home/ub2004/ros2_ws/src/ros2_canopen/canopen_interfaces -DAMENT_CMAKE_SYMLINK_INSTALL=1 -DCMAKE_INSTALL_PREFIX=/home/ub2004/ros2_ws/install/canopen_interfaces
[2.600s] DEBUG:colcon.colcon_core.event_handler.log_command:Invoking command in '/home/ub2004/ros2_ws/build/canopen_interfaces': CMAKE_PREFIX_PATH=${CMAKE_PREFIX_PATH}:/home/ub2004/ros2_ws/install/urdf_tutorial:/home/ub2004/ros2_ws/install/canopen_utils:/home/ub2004/ros2_ws/install/agv_pak:/opt/ros/humble /usr/bin/cmake --build /home/ub2004/ros2_ws/build/canopen_interfaces -- -j8 -l8
[11.523s] DEBUG:colcon.colcon_core.event_handler.log_command:Invoked command in '/home/ub2004/ros2_ws/build/canopen_interfaces' returned '0': CMAKE_PREFIX_PATH=${CMAKE_PREFIX_PATH}:/home/ub2004/ros2_ws/install/urdf_tutorial:/home/ub2004/ros2_ws/install/canopen_utils:/home/ub2004/ros2_ws/install/agv_pak:/opt/ros/humble /usr/bin/cmake --build /home/ub2004/ros2_ws/build/canopen_interfaces -- -j8 -l8
[11.535s] DEBUG:colcon.colcon_core.event_handler.log_command:Invoking command in '/home/ub2004/ros2_ws/build/canopen_interfaces': CMAKE_PREFIX_PATH=${CMAKE_PREFIX_PATH}:/home/ub2004/ros2_ws/install/urdf_tutorial:/home/ub2004/ros2_ws/install/canopen_utils:/home/ub2004/ros2_ws/install/agv_pak:/opt/ros/humble /usr/bin/cmake --install /home/ub2004/ros2_ws/build/canopen_interfaces
[13.898s] Level 1:colcon.colcon_core.environment:create_environment_scripts_only(canopen_interfaces)
[13.899s] Level 1:colcon.colcon_core.environment:checking '/home/ub2004/ros2_ws/install/canopen_interfaces' for CMake module files
[13.899s] DEBUG:colcon.colcon_core.event_handler.log_command:Invoked command in '/home/ub2004/ros2_ws/build/canopen_interfaces' returned '0': CMAKE_PREFIX_PATH=${CMAKE_PREFIX_PATH}:/home/ub2004/ros2_ws/install/urdf_tutorial:/home/ub2004/ros2_ws/install/canopen_utils:/home/ub2004/ros2_ws/install/agv_pak:/opt/ros/humble /usr/bin/cmake --install /home/ub2004/ros2_ws/build/canopen_interfaces
[13.900s] Level 1:colcon.colcon_core.environment:checking '/home/ub2004/ros2_ws/install/canopen_interfaces' for CMake config files
[13.900s] Level 1:colcon.colcon_core.shell:create_environment_hook('canopen_interfaces', 'cmake_prefix_path')
[13.900s] INFO:colcon.colcon_core.shell:Creating environment hook '/home/ub2004/ros2_ws/install/canopen_interfaces/share/canopen_interfaces/hook/cmake_prefix_path.ps1'
[13.901s] INFO:colcon.colcon_core.shell:Creating environment descriptor '/home/ub2004/ros2_ws/install/canopen_interfaces/share/canopen_interfaces/hook/cmake_prefix_path.dsv'
[13.901s] INFO:colcon.colcon_core.shell:Creating environment hook '/home/ub2004/ros2_ws/install/canopen_interfaces/share/canopen_interfaces/hook/cmake_prefix_path.sh'
[13.902s] Level 1:colcon.colcon_core.environment:checking '/home/ub2004/ros2_ws/install/canopen_interfaces/lib'
[13.902s] Level 1:colcon.colcon_core.shell:create_environment_hook('canopen_interfaces', 'ld_library_path_lib')
[13.902s] INFO:colcon.colcon_core.shell:Creating environment hook '/home/ub2004/ros2_ws/install/canopen_interfaces/share/canopen_interfaces/hook/ld_library_path_lib.ps1'
[13.903s] INFO:colcon.colcon_core.shell:Creating environment descriptor '/home/ub2004/ros2_ws/install/canopen_interfaces/share/canopen_interfaces/hook/ld_library_path_lib.dsv'
[13.903s] INFO:colcon.colcon_core.shell:Creating environment hook '/home/ub2004/ros2_ws/install/canopen_interfaces/share/canopen_interfaces/hook/ld_library_path_lib.sh'
[13.903s] Level 1:colcon.colcon_core.environment:checking '/home/ub2004/ros2_ws/install/canopen_interfaces/bin'
[13.903s] Level 1:colcon.colcon_core.environment:checking '/home/ub2004/ros2_ws/install/canopen_interfaces/lib/pkgconfig/canopen_interfaces.pc'
[13.904s] Level 1:colcon.colcon_core.environment:checking '/home/ub2004/ros2_ws/install/canopen_interfaces/lib/python3.10/site-packages'
[13.904s] Level 1:colcon.colcon_core.environment:checking '/home/ub2004/ros2_ws/install/canopen_interfaces/bin'
[13.904s] INFO:colcon.colcon_core.shell:Creating package script '/home/ub2004/ros2_ws/install/canopen_interfaces/share/canopen_interfaces/package.ps1'
[13.905s] INFO:colcon.colcon_core.shell:Creating package descriptor '/home/ub2004/ros2_ws/install/canopen_interfaces/share/canopen_interfaces/package.dsv'
[13.905s] INFO:colcon.colcon_core.shell:Creating package script '/home/ub2004/ros2_ws/install/canopen_interfaces/share/canopen_interfaces/package.sh'
[13.906s] INFO:colcon.colcon_core.shell:Creating package script '/home/ub2004/ros2_ws/install/canopen_interfaces/share/canopen_interfaces/package.bash'
[13.906s] INFO:colcon.colcon_core.shell:Creating package script '/home/ub2004/ros2_ws/install/canopen_interfaces/share/canopen_interfaces/package.zsh'
[13.906s] Level 1:colcon.colcon_core.environment:create_file_with_runtime_dependencies(/home/ub2004/ros2_ws/install/canopen_interfaces/share/colcon-core/packages/canopen_interfaces)
[13.907s] Level 1:colcon.colcon_core.environment:create_environment_scripts_only(canopen_interfaces)
[13.907s] Level 1:colcon.colcon_core.environment:checking '/home/ub2004/ros2_ws/install/canopen_interfaces' for CMake module files
[13.908s] Level 1:colcon.colcon_core.environment:checking '/home/ub2004/ros2_ws/install/canopen_interfaces' for CMake config files
[13.908s] Level 1:colcon.colcon_core.shell:create_environment_hook('canopen_interfaces', 'cmake_prefix_path')
[13.909s] INFO:colcon.colcon_core.shell:Creating environment hook '/home/ub2004/ros2_ws/install/canopen_interfaces/share/canopen_interfaces/hook/cmake_prefix_path.ps1'
[13.909s] INFO:colcon.colcon_core.shell:Creating environment descriptor '/home/ub2004/ros2_ws/install/canopen_interfaces/share/canopen_interfaces/hook/cmake_prefix_path.dsv'
[13.910s] INFO:colcon.colcon_core.shell:Creating environment hook '/home/ub2004/ros2_ws/install/canopen_interfaces/share/canopen_interfaces/hook/cmake_prefix_path.sh'
[13.910s] Level 1:colcon.colcon_core.environment:checking '/home/ub2004/ros2_ws/install/canopen_interfaces/lib'
[13.910s] Level 1:colcon.colcon_core.shell:create_environment_hook('canopen_interfaces', 'ld_library_path_lib')
[13.910s] INFO:colcon.colcon_core.shell:Creating environment hook '/home/ub2004/ros2_ws/install/canopen_interfaces/share/canopen_interfaces/hook/ld_library_path_lib.ps1'
[13.911s] INFO:colcon.colcon_core.shell:Creating environment descriptor '/home/ub2004/ros2_ws/install/canopen_interfaces/share/canopen_interfaces/hook/ld_library_path_lib.dsv'
[13.911s] INFO:colcon.colcon_core.shell:Creating environment hook '/home/ub2004/ros2_ws/install/canopen_interfaces/share/canopen_interfaces/hook/ld_library_path_lib.sh'
[13.912s] Level 1:colcon.colcon_core.environment:checking '/home/ub2004/ros2_ws/install/canopen_interfaces/bin'
[13.912s] Level 1:colcon.colcon_core.environment:checking '/home/ub2004/ros2_ws/install/canopen_interfaces/lib/pkgconfig/canopen_interfaces.pc'
[13.912s] Level 1:colcon.colcon_core.environment:checking '/home/ub2004/ros2_ws/install/canopen_interfaces/lib/python3.10/site-packages'
[13.912s] Level 1:colcon.colcon_core.environment:checking '/home/ub2004/ros2_ws/install/canopen_interfaces/bin'
[13.913s] INFO:colcon.colcon_core.shell:Creating package script '/home/ub2004/ros2_ws/install/canopen_interfaces/share/canopen_interfaces/package.ps1'
[13.913s] INFO:colcon.colcon_core.shell:Creating package descriptor '/home/ub2004/ros2_ws/install/canopen_interfaces/share/canopen_interfaces/package.dsv'
[13.914s] INFO:colcon.colcon_core.shell:Creating package script '/home/ub2004/ros2_ws/install/canopen_interfaces/share/canopen_interfaces/package.sh'
[13.915s] INFO:colcon.colcon_core.shell:Creating package script '/home/ub2004/ros2_ws/install/canopen_interfaces/share/canopen_interfaces/package.bash'
[13.915s] INFO:colcon.colcon_core.shell:Creating package script '/home/ub2004/ros2_ws/install/canopen_interfaces/share/canopen_interfaces/package.zsh'
[13.916s] Level 1:colcon.colcon_core.environment:create_file_with_runtime_dependencies(/home/ub2004/ros2_ws/install/canopen_interfaces/share/colcon-core/packages/canopen_interfaces)
[13.916s] INFO:colcon.colcon_ros.task.ament_python.build:Building ROS package in '/home/ub2004/ros2_ws/src/ros2_canopen/canopen_utils' with build type 'ament_python'
[13.916s] Level 1:colcon.colcon_core.shell:create_environment_hook('canopen_utils', 'ament_prefix_path')
[13.917s] INFO:colcon.colcon_core.shell:Creating environment hook '/home/ub2004/ros2_ws/install/canopen_utils/share/canopen_utils/hook/ament_prefix_path.ps1'
[13.918s] INFO:colcon.colcon_core.shell:Creating environment descriptor '/home/ub2004/ros2_ws/install/canopen_utils/share/canopen_utils/hook/ament_prefix_path.dsv'
[13.918s] INFO:colcon.colcon_core.shell:Creating environment hook '/home/ub2004/ros2_ws/install/canopen_utils/share/canopen_utils/hook/ament_prefix_path.sh'
[13.919s] INFO:colcon.colcon_core.shell:Skip shell extension 'powershell' for command environment: Not usable outside of PowerShell
[13.919s] DEBUG:colcon.colcon_core.shell:Skip shell extension 'dsv' for command environment
[14.248s] INFO:colcon.colcon_core.task.python.build:Building Python package in '/home/ub2004/ros2_ws/src/ros2_canopen/canopen_utils'
[14.248s] INFO:colcon.colcon_core.shell:Skip shell extension 'powershell' for command environment: Not usable outside of PowerShell
[14.248s] DEBUG:colcon.colcon_core.shell:Skip shell extension 'dsv' for command environment
[14.688s] DEBUG:colcon.colcon_core.task.python.build:While undoing a previous installation files outside the Python library path are being ignored: /home/ub2004/ros2_ws/install/canopen_utils/share/ament_index/resource_index/packages/canopen_utils
[14.688s] DEBUG:colcon.colcon_core.task.python.build:While undoing a previous installation files outside the Python library path are being ignored: /home/ub2004/ros2_ws/install/canopen_utils/share/canopen_utils/package.xml
[14.689s] DEBUG:colcon.colcon_core.task.python.build:While undoing a previous installation files outside the Python library path are being ignored: /home/ub2004/ros2_ws/install/canopen_utils/lib/canopen_utils/cyclic_tester
[14.689s] DEBUG:colcon.colcon_core.task.python.build:While undoing a previous installation files outside the Python library path are being ignored: /home/ub2004/ros2_ws/install/canopen_utils/lib/canopen_utils/simple_tester
[14.692s] DEBUG:colcon.colcon_core.event_handler.log_command:Invoking command in '/home/ub2004/ros2_ws/build/canopen_utils': CMAKE_PREFIX_PATH=/home/ub2004/ros2_ws/install/canopen_interfaces:/home/ub2004/ros2_ws/install/canopen_tests:/home/ub2004/ros2_ws/install/canopen_ros2_controllers:/home/ub2004/ros2_ws/install/canopen_ros2_control:/home/ub2004/ros2_ws/install/canopen:/home/ub2004/ros2_ws/install/canopen_402_driver:/home/ub2004/ros2_ws/install/canopen_proxy_driver:/home/ub2004/ros2_ws/install/canopen_master_driver:/home/ub2004/ros2_ws/install/canopen_fake_slaves:/home/ub2004/ros2_ws/install/canopen_base_driver:/home/ub2004/ros2_ws/install/canopen_core:/home/ub2004/ros2_ws/install/lely_core_libraries LD_LIBRARY_PATH=/home/ub2004/ros2_ws/install/canopen_interfaces/lib:/home/ub2004/ros2_ws/install/canopen_ros2_controllers/lib:/home/ub2004/ros2_ws/install/canopen_ros2_control/lib:/home/ub2004/ros2_ws/install/canopen_402_driver/lib:/home/ub2004/ros2_ws/install/canopen_proxy_driver/lib:/home/ub2004/ros2_ws/install/canopen_master_driver/lib:/home/ub2004/ros2_ws/install/canopen_base_driver/lib:/home/ub2004/ros2_ws/install/canopen_core/lib:/home/ub2004/ros2_ws/install/lely_core_libraries/lib:/opt/ros/humble/opt/rviz_ogre_vendor/lib:/opt/ros/humble/lib/x86_64-linux-gnu:/opt/ros/humble/lib PYTHONPATH=/home/ub2004/ros2_ws/build/canopen_utils/prefix_override:/usr/lib/python3/dist-packages/colcon_core/task/python/colcon_distutils_commands:/home/ub2004/ros2_ws/install/canopen_utils/lib/python3.10/site-packages:${PYTHONPATH} /usr/bin/python3 -W ignore:setup.py install is deprecated -W ignore:easy_install command is deprecated setup.py develop --editable --build-directory /home/ub2004/ros2_ws/build/canopen_utils/build --no-deps symlink_data --force
[15.250s] Level 1:colcon.colcon_core.shell:create_environment_hook('canopen_utils', 'pythonpath_develop')
[15.251s] INFO:colcon.colcon_core.shell:Creating environment hook '/home/ub2004/ros2_ws/build/canopen_utils/share/canopen_utils/hook/pythonpath_develop.ps1'
[15.251s] DEBUG:colcon.colcon_core.event_handler.log_command:Invoked command in '/home/ub2004/ros2_ws/build/canopen_utils' returned '0': CMAKE_PREFIX_PATH=/home/ub2004/ros2_ws/install/canopen_interfaces:/home/ub2004/ros2_ws/install/canopen_tests:/home/ub2004/ros2_ws/install/canopen_ros2_controllers:/home/ub2004/ros2_ws/install/canopen_ros2_control:/home/ub2004/ros2_ws/install/canopen:/home/ub2004/ros2_ws/install/canopen_402_driver:/home/ub2004/ros2_ws/install/canopen_proxy_driver:/home/ub2004/ros2_ws/install/canopen_master_driver:/home/ub2004/ros2_ws/install/canopen_fake_slaves:/home/ub2004/ros2_ws/install/canopen_base_driver:/home/ub2004/ros2_ws/install/canopen_core:/home/ub2004/ros2_ws/install/lely_core_libraries LD_LIBRARY_PATH=/home/ub2004/ros2_ws/install/canopen_interfaces/lib:/home/ub2004/ros2_ws/install/canopen_ros2_controllers/lib:/home/ub2004/ros2_ws/install/canopen_ros2_control/lib:/home/ub2004/ros2_ws/install/canopen_402_driver/lib:/home/ub2004/ros2_ws/install/canopen_proxy_driver/lib:/home/ub2004/ros2_ws/install/canopen_master_driver/lib:/home/ub2004/ros2_ws/install/canopen_base_driver/lib:/home/ub2004/ros2_ws/install/canopen_core/lib:/home/ub2004/ros2_ws/install/lely_core_libraries/lib:/opt/ros/humble/opt/rviz_ogre_vendor/lib:/opt/ros/humble/lib/x86_64-linux-gnu:/opt/ros/humble/lib PYTHONPATH=/home/ub2004/ros2_ws/build/canopen_utils/prefix_override:/usr/lib/python3/dist-packages/colcon_core/task/python/colcon_distutils_commands:/home/ub2004/ros2_ws/install/canopen_utils/lib/python3.10/site-packages:${PYTHONPATH} /usr/bin/python3 -W ignore:setup.py install is deprecated -W ignore:easy_install command is deprecated setup.py develop --editable --build-directory /home/ub2004/ros2_ws/build/canopen_utils/build --no-deps symlink_data --force
[15.251s] INFO:colcon.colcon_core.shell:Creating environment descriptor '/home/ub2004/ros2_ws/build/canopen_utils/share/canopen_utils/hook/pythonpath_develop.dsv'
[15.252s] INFO:colcon.colcon_core.shell:Creating environment hook '/home/ub2004/ros2_ws/build/canopen_utils/share/canopen_utils/hook/pythonpath_develop.sh'
[15.252s] Level 1:colcon.colcon_core.environment:checking '/home/ub2004/ros2_ws/install/canopen_utils' for CMake module files
[15.253s] Level 1:colcon.colcon_core.environment:checking '/home/ub2004/ros2_ws/install/canopen_utils' for CMake config files
[15.253s] Level 1:colcon.colcon_core.environment:checking '/home/ub2004/ros2_ws/install/canopen_utils/lib'
[15.253s] Level 1:colcon.colcon_core.environment:checking '/home/ub2004/ros2_ws/install/canopen_utils/bin'
[15.254s] Level 1:colcon.colcon_core.environment:checking '/home/ub2004/ros2_ws/install/canopen_utils/lib/pkgconfig/canopen_utils.pc'
[15.254s] Level 1:colcon.colcon_core.environment:checking '/home/ub2004/ros2_ws/install/canopen_utils/lib/python3.10/site-packages'
[15.254s] Level 1:colcon.colcon_core.shell:create_environment_hook('canopen_utils', 'pythonpath')
[15.254s] INFO:colcon.colcon_core.shell:Creating environment hook '/home/ub2004/ros2_ws/install/canopen_utils/share/canopen_utils/hook/pythonpath.ps1'
[15.255s] INFO:colcon.colcon_core.shell:Creating environment descriptor '/home/ub2004/ros2_ws/install/canopen_utils/share/canopen_utils/hook/pythonpath.dsv'
[15.255s] INFO:colcon.colcon_core.shell:Creating environment hook '/home/ub2004/ros2_ws/install/canopen_utils/share/canopen_utils/hook/pythonpath.sh'
[15.255s] Level 1:colcon.colcon_core.environment:checking '/home/ub2004/ros2_ws/install/canopen_utils/bin'
[15.256s] Level 1:colcon.colcon_core.environment:create_environment_scripts_only(canopen_utils)
[15.256s] INFO:colcon.colcon_core.shell:Creating package script '/home/ub2004/ros2_ws/install/canopen_utils/share/canopen_utils/package.ps1'
[15.257s] INFO:colcon.colcon_core.shell:Creating package descriptor '/home/ub2004/ros2_ws/install/canopen_utils/share/canopen_utils/package.dsv'
[15.257s] INFO:colcon.colcon_core.shell:Creating package script '/home/ub2004/ros2_ws/install/canopen_utils/share/canopen_utils/package.sh'
[15.258s] INFO:colcon.colcon_core.shell:Creating package script '/home/ub2004/ros2_ws/install/canopen_utils/share/canopen_utils/package.bash'
[15.258s] INFO:colcon.colcon_core.shell:Creating package script '/home/ub2004/ros2_ws/install/canopen_utils/share/canopen_utils/package.zsh'
[15.258s] Level 1:colcon.colcon_core.environment:create_file_with_runtime_dependencies(/home/ub2004/ros2_ws/install/canopen_utils/share/colcon-core/packages/canopen_utils)
[16.402s] DEBUG:colcon.colcon_core.event_handler.log_command:Invoked command in '/home/ub2004/ros2_ws/build/lely_core_libraries' returned '2': CMAKE_PREFIX_PATH=${CMAKE_PREFIX_PATH}:/home/ub2004/ros2_ws/install/urdf_tutorial:/home/ub2004/ros2_ws/install/canopen_utils:/home/ub2004/ros2_ws/install/agv_pak:/opt/ros/humble /usr/bin/cmake --build /home/ub2004/ros2_ws/build/lely_core_libraries -- -j8 -l8
[16.403s] Level 1:colcon.colcon_core.environment:create_environment_scripts_only(lely_core_libraries)
[16.403s] Level 1:colcon.colcon_core.environment:checking '/home/ub2004/ros2_ws/install/lely_core_libraries' for CMake module files
[16.404s] Level 1:colcon.colcon_core.environment:checking '/home/ub2004/ros2_ws/install/lely_core_libraries' for CMake config files
[16.404s] Level 1:colcon.colcon_core.shell:create_environment_hook('lely_core_libraries', 'cmake_prefix_path')
[16.404s] INFO:colcon.colcon_core.shell:Creating environment hook '/home/ub2004/ros2_ws/install/lely_core_libraries/share/lely_core_libraries/hook/cmake_prefix_path.ps1'
[16.405s] INFO:colcon.colcon_core.shell:Creating environment descriptor '/home/ub2004/ros2_ws/install/lely_core_libraries/share/lely_core_libraries/hook/cmake_prefix_path.dsv'
[16.405s] INFO:colcon.colcon_core.shell:Creating environment hook '/home/ub2004/ros2_ws/install/lely_core_libraries/share/lely_core_libraries/hook/cmake_prefix_path.sh'
[16.406s] Level 1:colcon.colcon_core.environment:checking '/home/ub2004/ros2_ws/install/lely_core_libraries/lib'
[16.406s] Level 1:colcon.colcon_core.shell:create_environment_hook('lely_core_libraries', 'ld_library_path_lib')
[16.406s] INFO:colcon.colcon_core.shell:Creating environment hook '/home/ub2004/ros2_ws/install/lely_core_libraries/share/lely_core_libraries/hook/ld_library_path_lib.ps1'
[16.407s] INFO:colcon.colcon_core.shell:Creating environment descriptor '/home/ub2004/ros2_ws/install/lely_core_libraries/share/lely_core_libraries/hook/ld_library_path_lib.dsv'
[16.407s] INFO:colcon.colcon_core.shell:Creating environment hook '/home/ub2004/ros2_ws/install/lely_core_libraries/share/lely_core_libraries/hook/ld_library_path_lib.sh'
[16.407s] Level 1:colcon.colcon_core.environment:checking '/home/ub2004/ros2_ws/install/lely_core_libraries/bin'
[16.408s] Level 1:colcon.colcon_core.shell:create_environment_hook('lely_core_libraries', 'path')
[16.408s] INFO:colcon.colcon_core.shell:Creating environment hook '/home/ub2004/ros2_ws/install/lely_core_libraries/share/lely_core_libraries/hook/path.ps1'
[16.408s] INFO:colcon.colcon_core.shell:Creating environment descriptor '/home/ub2004/ros2_ws/install/lely_core_libraries/share/lely_core_libraries/hook/path.dsv'
[16.409s] INFO:colcon.colcon_core.shell:Creating environment hook '/home/ub2004/ros2_ws/install/lely_core_libraries/share/lely_core_libraries/hook/path.sh'
[16.409s] Level 1:colcon.colcon_core.environment:checking '/home/ub2004/ros2_ws/install/lely_core_libraries/lib/pkgconfig/lely_core_libraries.pc'
[16.410s] Level 1:colcon.colcon_core.environment:checking '/home/ub2004/ros2_ws/install/lely_core_libraries/lib/python3.10/site-packages'
[16.410s] Level 1:colcon.colcon_core.shell:create_environment_hook('lely_core_libraries', 'pythonpath')
[16.410s] INFO:colcon.colcon_core.shell:Creating environment hook '/home/ub2004/ros2_ws/install/lely_core_libraries/share/lely_core_libraries/hook/pythonpath.ps1'
[16.410s] INFO:colcon.colcon_core.shell:Creating environment descriptor '/home/ub2004/ros2_ws/install/lely_core_libraries/share/lely_core_libraries/hook/pythonpath.dsv'
[16.411s] INFO:colcon.colcon_core.shell:Creating environment hook '/home/ub2004/ros2_ws/install/lely_core_libraries/share/lely_core_libraries/hook/pythonpath.sh'
[16.411s] Level 1:colcon.colcon_core.environment:checking '/home/ub2004/ros2_ws/install/lely_core_libraries/bin'
[16.411s] Level 1:colcon.colcon_core.shell:create_environment_hook('lely_core_libraries', 'pythonscriptspath')
[16.412s] INFO:colcon.colcon_core.shell:Creating environment hook '/home/ub2004/ros2_ws/install/lely_core_libraries/share/lely_core_libraries/hook/pythonscriptspath.ps1'
[16.412s] INFO:colcon.colcon_core.shell:Creating environment descriptor '/home/ub2004/ros2_ws/install/lely_core_libraries/share/lely_core_libraries/hook/pythonscriptspath.dsv'
[16.412s] INFO:colcon.colcon_core.shell:Creating environment hook '/home/ub2004/ros2_ws/install/lely_core_libraries/share/lely_core_libraries/hook/pythonscriptspath.sh'
[16.413s] INFO:colcon.colcon_core.shell:Creating package script '/home/ub2004/ros2_ws/install/lely_core_libraries/share/lely_core_libraries/package.ps1'
[16.414s] INFO:colcon.colcon_core.shell:Creating package descriptor '/home/ub2004/ros2_ws/install/lely_core_libraries/share/lely_core_libraries/package.dsv'
[16.415s] INFO:colcon.colcon_core.shell:Creating package script '/home/ub2004/ros2_ws/install/lely_core_libraries/share/lely_core_libraries/package.sh'
[16.415s] INFO:colcon.colcon_core.shell:Creating package script '/home/ub2004/ros2_ws/install/lely_core_libraries/share/lely_core_libraries/package.bash'
[16.416s] INFO:colcon.colcon_core.shell:Creating package script '/home/ub2004/ros2_ws/install/lely_core_libraries/share/lely_core_libraries/package.zsh'
[16.416s] Level 1:colcon.colcon_core.environment:create_file_with_runtime_dependencies(/home/ub2004/ros2_ws/install/lely_core_libraries/share/colcon-core/packages/lely_core_libraries)
[16.426s] DEBUG:colcon.colcon_parallel_executor.executor.parallel:closing loop
[16.427s] DEBUG:colcon.colcon_parallel_executor.executor.parallel:loop closed
[16.427s] DEBUG:colcon.colcon_parallel_executor.executor.parallel:run_until_complete finished with '2'
[16.427s] DEBUG:colcon.colcon_core.event_reactor:joining thread
[16.433s] INFO:colcon.colcon_core.plugin_system:Skipping extension 'colcon_notification.desktop_notification.terminal_notifier': Not used on non-Darwin systems
[16.434s] INFO:colcon.colcon_core.plugin_system:Skipping extension 'colcon_notification.desktop_notification.win32': Not used on non-Windows systems
[16.434s] INFO:colcon.colcon_notification.desktop_notification:Sending desktop notification using 'notify2'
[16.445s] DEBUG:colcon.colcon_core.event_reactor:joined thread
[16.446s] INFO:colcon.colcon_core.shell:Creating prefix script '/home/ub2004/ros2_ws/install/local_setup.ps1'
[16.447s] INFO:colcon.colcon_core.shell:Creating prefix util module '/home/ub2004/ros2_ws/install/_local_setup_util_ps1.py'
[16.448s] INFO:colcon.colcon_core.shell:Creating prefix chain script '/home/ub2004/ros2_ws/install/setup.ps1'
[16.451s] INFO:colcon.colcon_core.shell:Creating prefix script '/home/ub2004/ros2_ws/install/local_setup.sh'
[16.452s] INFO:colcon.colcon_core.shell:Creating prefix util module '/home/ub2004/ros2_ws/install/_local_setup_util_sh.py'
[16.452s] INFO:colcon.colcon_core.shell:Creating prefix chain script '/home/ub2004/ros2_ws/install/setup.sh'
[16.454s] INFO:colcon.colcon_core.shell:Creating prefix script '/home/ub2004/ros2_ws/install/local_setup.bash'
[16.455s] INFO:colcon.colcon_core.shell:Creating prefix chain script '/home/ub2004/ros2_ws/install/setup.bash'
[16.456s] INFO:colcon.colcon_core.shell:Creating prefix script '/home/ub2004/ros2_ws/install/local_setup.zsh'
[16.457s] INFO:colcon.colcon_core.shell:Creating prefix chain script '/home/ub2004/ros2_ws/install/setup.zsh'
