[0.041s] Invoking command in '/home/ub2004/ros2_ws/src/build/openslam_gmapping': CMAKE_PREFIX_PATH=${CMAKE_PREFIX_PATH}:/home/ub2004/ros2_ws/install/urdf_tutorial:/home/ub2004/ros2_ws/install/test_py:/home/ub2004/ros2_ws/install/canopen_utils:/home/ub2004/ros2_ws/install/can_comm:/home/ub2004/ros2_ws/install/agv_pak:/opt/ros/humble /usr/bin/cmake /home/ub2004/ros2_ws/src/slam_gmapping_Humble/openslam_gmapping -DCMAKE_INSTALL_PREFIX=/home/ub2004/ros2_ws/src/install/openslam_gmapping
[0.771s] -- The C compiler identification is GNU 11.4.0
[0.771s] -- The CXX compiler identification is GNU 11.4.0
[0.771s] -- Detecting C compiler ABI info
[0.772s] -- Detecting C compiler ABI info - done
[0.772s] -- Check for working C compiler: /usr/bin/cc - skipped
[0.772s] -- Detecting C compile features
[0.773s] -- Detecting C compile features - done
[0.774s] -- Detecting CXX compiler ABI info
[0.774s] -- Detecting CXX compiler ABI info - done
[0.775s] -- Check for working CXX compiler: /usr/bin/c++ - skipped
[0.775s] -- Detecting CXX compile features
[0.775s] -- Detecting CXX compile features - done
[0.775s] -- Found ament_cmake: 1.3.11 (/opt/ros/humble/share/ament_cmake/cmake)
[0.775s] -- Found Python3: /usr/bin/python3 (found version "3.10.12") found components: Interpreter 
[0.911s] -- Configuring done
[0.929s] -- Generating done
[0.934s] -- Build files have been written to: /home/ub2004/ros2_ws/src/build/openslam_gmapping
[1.130s] Invoked command in '/home/ub2004/ros2_ws/src/build/openslam_gmapping' returned '0': CMAKE_PREFIX_PATH=${CMAKE_PREFIX_PATH}:/home/ub2004/ros2_ws/install/urdf_tutorial:/home/ub2004/ros2_ws/install/test_py:/home/ub2004/ros2_ws/install/canopen_utils:/home/ub2004/ros2_ws/install/can_comm:/home/ub2004/ros2_ws/install/agv_pak:/opt/ros/humble /usr/bin/cmake /home/ub2004/ros2_ws/src/slam_gmapping_Humble/openslam_gmapping -DCMAKE_INSTALL_PREFIX=/home/ub2004/ros2_ws/src/install/openslam_gmapping
[1.133s] Invoking command in '/home/ub2004/ros2_ws/src/build/openslam_gmapping': CMAKE_PREFIX_PATH=${CMAKE_PREFIX_PATH}:/home/ub2004/ros2_ws/install/urdf_tutorial:/home/ub2004/ros2_ws/install/test_py:/home/ub2004/ros2_ws/install/canopen_utils:/home/ub2004/ros2_ws/install/can_comm:/home/ub2004/ros2_ws/install/agv_pak:/opt/ros/humble /usr/bin/cmake --build /home/ub2004/ros2_ws/src/build/openslam_gmapping -- -j8 -l8
[1.228s] [  4%] [32mBuilding CXX object sensor/sensor_base/CMakeFiles/sensor_base.dir/sensor.cpp.o[0m
[1.233s] [  9%] [32mBuilding CXX object utils/CMakeFiles/utils.dir/movement.cpp.o[0m
[1.236s] [ 13%] [32mBuilding CXX object utils/CMakeFiles/utils.dir/stat.cpp.o[0m
[1.241s] [ 18%] [32mBuilding CXX object sensor/sensor_base/CMakeFiles/sensor_base.dir/sensorreading.cpp.o[0m
[1.830s] [ 22%] [32m[1mLinking CXX static library libsensor_base.a[0m
[1.911s] [ 22%] Built target sensor_base
[1.972s] [ 27%] [32mBuilding CXX object sensor/sensor_odometry/CMakeFiles/sensor_odometry.dir/odometrysensor.cpp.o[0m
[1.978s] [ 31%] [32mBuilding CXX object sensor/sensor_odometry/CMakeFiles/sensor_odometry.dir/odometryreading.cpp.o[0m
[1.991s] [ 36%] [32mBuilding CXX object sensor/sensor_range/CMakeFiles/sensor_range.dir/rangereading.cpp.o[0m
[1.996s] [ 40%] [32mBuilding CXX object sensor/sensor_range/CMakeFiles/sensor_range.dir/rangesensor.cpp.o[0m
[2.059s] [ 45%] [32m[1mLinking CXX static library libutils.a[0m
[2.157s] [ 45%] Built target utils
[2.636s] [ 50%] [32m[1mLinking CXX static library libsensor_odometry.a[0m
[2.703s] [ 50%] Built target sensor_odometry
[2.837s] [ 54%] [32m[1mLinking CXX static library libsensor_range.a[0m
[2.885s] [ 54%] Built target sensor_range
[2.911s] [ 59%] [32mBuilding CXX object scanmatcher/CMakeFiles/scanmatcher.dir/scanmatcher.cpp.o[0m
[2.912s] [ 63%] [32mBuilding CXX object scanmatcher/CMakeFiles/scanmatcher.dir/scanmatcherprocessor.cpp.o[0m
[2.914s] [ 68%] [32mBuilding CXX object scanmatcher/CMakeFiles/scanmatcher.dir/eig3.cpp.o[0m
[2.916s] [ 72%] [32mBuilding CXX object scanmatcher/CMakeFiles/scanmatcher.dir/smmap.cpp.o[0m
[4.677s] [ 77%] [32m[1mLinking CXX static library libscanmatcher.a[0m
[4.765s] [ 77%] Built target scanmatcher
[4.805s] [ 81%] [32mBuilding CXX object gridfastslam/CMakeFiles/gridfastslam.dir/gridslamprocessor.cpp.o[0m
[4.809s] [ 86%] [32mBuilding CXX object gridfastslam/CMakeFiles/gridfastslam.dir/gfsreader.cpp.o[0m
[4.810s] [ 90%] [32mBuilding CXX object gridfastslam/CMakeFiles/gridfastslam.dir/gridslamprocessor_tree.cpp.o[0m
[4.811s] [ 95%] [32mBuilding CXX object gridfastslam/CMakeFiles/gridfastslam.dir/motionmodel.cpp.o[0m
[8.229s] [100%] [32m[1mLinking CXX static library libgridfastslam.a[0m
[8.359s] [100%] Built target gridfastslam
[8.425s] Invoked command in '/home/ub2004/ros2_ws/src/build/openslam_gmapping' returned '0': CMAKE_PREFIX_PATH=${CMAKE_PREFIX_PATH}:/home/ub2004/ros2_ws/install/urdf_tutorial:/home/ub2004/ros2_ws/install/test_py:/home/ub2004/ros2_ws/install/canopen_utils:/home/ub2004/ros2_ws/install/can_comm:/home/ub2004/ros2_ws/install/agv_pak:/opt/ros/humble /usr/bin/cmake --build /home/ub2004/ros2_ws/src/build/openslam_gmapping -- -j8 -l8
[8.437s] Invoking command in '/home/ub2004/ros2_ws/src/build/openslam_gmapping': CMAKE_PREFIX_PATH=${CMAKE_PREFIX_PATH}:/home/ub2004/ros2_ws/install/urdf_tutorial:/home/ub2004/ros2_ws/install/test_py:/home/ub2004/ros2_ws/install/canopen_utils:/home/ub2004/ros2_ws/install/can_comm:/home/ub2004/ros2_ws/install/agv_pak:/opt/ros/humble /usr/bin/cmake --install /home/ub2004/ros2_ws/src/build/openslam_gmapping
[8.453s] -- Install configuration: ""
[8.454s] -- Installing: /home/ub2004/ros2_ws/src/install/openslam_gmapping/share/openslam_gmapping/environment/library_path.sh
[8.456s] -- Installing: /home/ub2004/ros2_ws/src/install/openslam_gmapping/share/openslam_gmapping/environment/library_path.dsv
[8.459s] -- Installing: /home/ub2004/ros2_ws/src/install/openslam_gmapping/include/
[8.460s] -- Installing: /home/ub2004/ros2_ws/src/install/openslam_gmapping/include//gmapping
[8.461s] -- Installing: /home/ub2004/ros2_ws/src/install/openslam_gmapping/include//gmapping/gridfastslam
[8.463s] -- Installing: /home/ub2004/ros2_ws/src/install/openslam_gmapping/include//gmapping/gridfastslam/gridslamprocessor.hxx
[8.464s] -- Installing: /home/ub2004/ros2_ws/src/install/openslam_gmapping/include//gmapping/gridfastslam/motionmodel.h
[8.467s] -- Installing: /home/ub2004/ros2_ws/src/install/openslam_gmapping/include//gmapping/gridfastslam/gridslamprocessor.h
[8.470s] -- Installing: /home/ub2004/ros2_ws/src/install/openslam_gmapping/include//gmapping/particlefilter
[8.471s] -- Installing: /home/ub2004/ros2_ws/src/install/openslam_gmapping/include//gmapping/particlefilter/particlefilter.h
[8.474s] -- Installing: /home/ub2004/ros2_ws/src/install/openslam_gmapping/include//gmapping/log
[8.475s] -- Installing: /home/ub2004/ros2_ws/src/install/openslam_gmapping/include//gmapping/log/sensorlog.h
[8.478s] -- Installing: /home/ub2004/ros2_ws/src/install/openslam_gmapping/include//gmapping/log/configuration.h
[8.479s] -- Installing: /home/ub2004/ros2_ws/src/install/openslam_gmapping/include//gmapping/utils
[8.480s] -- Installing: /home/ub2004/ros2_ws/src/install/openslam_gmapping/include//gmapping/utils/autoptr.h
[8.482s] -- Installing: /home/ub2004/ros2_ws/src/install/openslam_gmapping/include//gmapping/utils/stat.h
[8.484s] -- Installing: /home/ub2004/ros2_ws/src/install/openslam_gmapping/include//gmapping/utils/macro_params.h
[8.488s] -- Installing: /home/ub2004/ros2_ws/src/install/openslam_gmapping/include//gmapping/utils/gvalues.h
[8.489s] -- Installing: /home/ub2004/ros2_ws/src/install/openslam_gmapping/include//gmapping/utils/commandline.h
[8.490s] -- Installing: /home/ub2004/ros2_ws/src/install/openslam_gmapping/include//gmapping/utils/point.h
[8.493s] -- Installing: /home/ub2004/ros2_ws/src/install/openslam_gmapping/include//gmapping/grid
[8.495s] -- Installing: /home/ub2004/ros2_ws/src/install/openslam_gmapping/include//gmapping/grid/map.h
[8.497s] -- Installing: /home/ub2004/ros2_ws/src/install/openslam_gmapping/include//gmapping/grid/accessstate.h
[8.499s] -- Installing: /home/ub2004/ros2_ws/src/install/openslam_gmapping/include//gmapping/grid/array2d.h
[8.502s] -- Installing: /home/ub2004/ros2_ws/src/install/openslam_gmapping/include//gmapping/grid/harray2d.h
[8.502s] -- Installing: /home/ub2004/ros2_ws/src/install/openslam_gmapping/include//gmapping/scanmatcher
[8.504s] -- Installing: /home/ub2004/ros2_ws/src/install/openslam_gmapping/include//gmapping/scanmatcher/scanmatcher.h
[8.506s] -- Installing: /home/ub2004/ros2_ws/src/install/openslam_gmapping/include//gmapping/scanmatcher/smmap.h
[8.510s] -- Installing: /home/ub2004/ros2_ws/src/install/openslam_gmapping/include//gmapping/scanmatcher/icp.h
[8.510s] -- Installing: /home/ub2004/ros2_ws/src/install/openslam_gmapping/include//gmapping/sensor
[8.512s] -- Installing: /home/ub2004/ros2_ws/src/install/openslam_gmapping/include//gmapping/sensor/sensor_odometry
[8.513s] -- Installing: /home/ub2004/ros2_ws/src/install/openslam_gmapping/include//gmapping/sensor/sensor_odometry/odometryreading.h
[8.516s] -- Installing: /home/ub2004/ros2_ws/src/install/openslam_gmapping/include//gmapping/sensor/sensor_odometry/odometrysensor.h
[8.517s] -- Installing: /home/ub2004/ros2_ws/src/install/openslam_gmapping/include//gmapping/sensor/sensor_base
[8.517s] -- Installing: /home/ub2004/ros2_ws/src/install/openslam_gmapping/include//gmapping/sensor/sensor_base/sensorreading.h
[8.517s] -- Installing: /home/ub2004/ros2_ws/src/install/openslam_gmapping/include//gmapping/sensor/sensor_base/sensor.h
[8.517s] -- Installing: /home/ub2004/ros2_ws/src/install/openslam_gmapping/include//gmapping/sensor/sensor_range
[8.517s] -- Installing: /home/ub2004/ros2_ws/src/install/openslam_gmapping/include//gmapping/sensor/sensor_range/rangereading.h
[8.518s] -- Installing: /home/ub2004/ros2_ws/src/install/openslam_gmapping/include//gmapping/sensor/sensor_range/rangesensor.h
[8.520s] -- Installing: /home/ub2004/ros2_ws/src/install/openslam_gmapping/share/ament_index/resource_index/package_run_dependencies/openslam_gmapping
[8.520s] -- Installing: /home/ub2004/ros2_ws/src/install/openslam_gmapping/share/ament_index/resource_index/parent_prefix_path/openslam_gmapping
[8.520s] -- Installing: /home/ub2004/ros2_ws/src/install/openslam_gmapping/share/openslam_gmapping/environment/ament_prefix_path.sh
[8.520s] -- Installing: /home/ub2004/ros2_ws/src/install/openslam_gmapping/share/openslam_gmapping/environment/ament_prefix_path.dsv
[8.520s] -- Installing: /home/ub2004/ros2_ws/src/install/openslam_gmapping/share/openslam_gmapping/environment/path.sh
[8.520s] -- Installing: /home/ub2004/ros2_ws/src/install/openslam_gmapping/share/openslam_gmapping/environment/path.dsv
[8.527s] -- Installing: /home/ub2004/ros2_ws/src/install/openslam_gmapping/share/openslam_gmapping/local_setup.bash
[8.527s] -- Installing: /home/ub2004/ros2_ws/src/install/openslam_gmapping/share/openslam_gmapping/local_setup.sh
[8.529s] -- Installing: /home/ub2004/ros2_ws/src/install/openslam_gmapping/share/openslam_gmapping/local_setup.zsh
[8.531s] -- Installing: /home/ub2004/ros2_ws/src/install/openslam_gmapping/share/openslam_gmapping/local_setup.dsv
[8.535s] -- Installing: /home/ub2004/ros2_ws/src/install/openslam_gmapping/share/openslam_gmapping/package.dsv
[8.535s] -- Installing: /home/ub2004/ros2_ws/src/install/openslam_gmapping/share/ament_index/resource_index/packages/openslam_gmapping
[8.536s] -- Installing: /home/ub2004/ros2_ws/src/install/openslam_gmapping/share/openslam_gmapping/cmake/ament_cmake_export_libraries-extras.cmake
[8.539s] -- Installing: /home/ub2004/ros2_ws/src/install/openslam_gmapping/share/openslam_gmapping/cmake/ament_cmake_export_include_directories-extras.cmake
[8.542s] -- Installing: /home/ub2004/ros2_ws/src/install/openslam_gmapping/share/openslam_gmapping/cmake/openslam_gmappingConfig.cmake
[8.546s] -- Installing: /home/ub2004/ros2_ws/src/install/openslam_gmapping/share/openslam_gmapping/cmake/openslam_gmappingConfig-version.cmake
[8.547s] -- Installing: /home/ub2004/ros2_ws/src/install/openslam_gmapping/share/openslam_gmapping/package.xml
[8.549s] -- Installing: /home/ub2004/ros2_ws/src/install/openslam_gmapping/lib/libgridfastslam.a
[8.558s] -- Installing: /home/ub2004/ros2_ws/src/install/openslam_gmapping/lib/libscanmatcher.a
[8.559s] -- Up-to-date: /home/ub2004/ros2_ws/src/install/openslam_gmapping/share/openslam_gmapping/environment/library_path.sh
[8.559s] -- Up-to-date: /home/ub2004/ros2_ws/src/install/openslam_gmapping/share/openslam_gmapping/environment/library_path.dsv
[8.560s] -- Installing: /home/ub2004/ros2_ws/src/install/openslam_gmapping/lib/libsensor_base.a
[8.560s] -- Up-to-date: /home/ub2004/ros2_ws/src/install/openslam_gmapping/share/openslam_gmapping/environment/library_path.sh
[8.560s] -- Up-to-date: /home/ub2004/ros2_ws/src/install/openslam_gmapping/share/openslam_gmapping/environment/library_path.dsv
[8.560s] -- Installing: /home/ub2004/ros2_ws/src/install/openslam_gmapping/lib/libsensor_odometry.a
[8.561s] -- Installing: /home/ub2004/ros2_ws/src/install/openslam_gmapping/lib/libsensor_range.a
[8.565s] -- Installing: /home/ub2004/ros2_ws/src/install/openslam_gmapping/lib/libutils.a
[8.565s] -- Up-to-date: /home/ub2004/ros2_ws/src/install/openslam_gmapping/share/openslam_gmapping/environment/library_path.sh
[8.565s] -- Up-to-date: /home/ub2004/ros2_ws/src/install/openslam_gmapping/share/openslam_gmapping/environment/library_path.dsv
[8.572s] Invoked command in '/home/ub2004/ros2_ws/src/build/openslam_gmapping' returned '0': CMAKE_PREFIX_PATH=${CMAKE_PREFIX_PATH}:/home/ub2004/ros2_ws/install/urdf_tutorial:/home/ub2004/ros2_ws/install/test_py:/home/ub2004/ros2_ws/install/canopen_utils:/home/ub2004/ros2_ws/install/can_comm:/home/ub2004/ros2_ws/install/agv_pak:/opt/ros/humble /usr/bin/cmake --install /home/ub2004/ros2_ws/src/build/openslam_gmapping
