[0.842s] Invoking command in '/home/ub2004/ros2_ws/src/can_comm': PYTHONPATH=/home/ub2004/ros2_ws/build/can_comm/prefix_override:/usr/lib/python3/dist-packages/colcon_core/task/python/colcon_distutils_commands:/home/ub2004/ros2_ws/install/can_comm/lib/python3.10/site-packages:${PYTHONPATH} /usr/bin/python3 -W ignore:setup.py install is deprecated -W ignore:easy_install command is deprecated setup.py egg_info --egg-base ../../build/can_comm build --build-base /home/ub2004/ros2_ws/build/can_comm/build install --record /home/ub2004/ros2_ws/build/can_comm/install.log --single-version-externally-managed install_data
[1.107s] running egg_info
[1.108s] writing ../../build/can_comm/can_comm.egg-info/PKG-INFO
[1.109s] writing dependency_links to ../../build/can_comm/can_comm.egg-info/dependency_links.txt
[1.109s] writing entry points to ../../build/can_comm/can_comm.egg-info/entry_points.txt
[1.109s] writing requirements to ../../build/can_comm/can_comm.egg-info/requires.txt
[1.110s] writing top-level names to ../../build/can_comm/can_comm.egg-info/top_level.txt
[1.113s] reading manifest file '../../build/can_comm/can_comm.egg-info/SOURCES.txt'
[1.114s] writing manifest file '../../build/can_comm/can_comm.egg-info/SOURCES.txt'
[1.114s] running build
[1.114s] running build_py
[1.115s] copying can_comm/can_publisher.py -> /home/ub2004/ros2_ws/build/can_comm/build/lib/can_comm
[1.115s] copying can_comm/can_publisher_3_14_1.py -> /home/ub2004/ros2_ws/build/can_comm/build/lib/can_comm
[1.117s] running install
[1.117s] running install_lib
[1.118s] copying /home/ub2004/ros2_ws/build/can_comm/build/lib/can_comm/can_publisher.py -> /home/ub2004/ros2_ws/install/can_comm/lib/python3.10/site-packages/can_comm
[1.118s] copying /home/ub2004/ros2_ws/build/can_comm/build/lib/can_comm/can_publisher_3_14_1.py -> /home/ub2004/ros2_ws/install/can_comm/lib/python3.10/site-packages/can_comm
[1.119s] byte-compiling /home/ub2004/ros2_ws/install/can_comm/lib/python3.10/site-packages/can_comm/can_publisher.py to can_publisher.cpython-310.pyc
[1.120s] byte-compiling /home/ub2004/ros2_ws/install/can_comm/lib/python3.10/site-packages/can_comm/can_publisher_3_14_1.py to can_publisher_3_14_1.cpython-310.pyc
[1.121s] running install_data
[1.122s] running install_egg_info
[1.123s] removing '/home/ub2004/ros2_ws/install/can_comm/lib/python3.10/site-packages/can_comm-0.0.0-py3.10.egg-info' (and everything under it)
[1.124s] Copying ../../build/can_comm/can_comm.egg-info to /home/ub2004/ros2_ws/install/can_comm/lib/python3.10/site-packages/can_comm-0.0.0-py3.10.egg-info
[1.125s] running install_scripts
[1.149s] Installing can_publisher script to /home/ub2004/ros2_ws/install/can_comm/lib/can_comm
[1.150s] writing list of installed files to '/home/ub2004/ros2_ws/build/can_comm/install.log'
[1.175s] Invoked command in '/home/ub2004/ros2_ws/src/can_comm' returned '0': PYTHONPATH=/home/ub2004/ros2_ws/build/can_comm/prefix_override:/usr/lib/python3/dist-packages/colcon_core/task/python/colcon_distutils_commands:/home/ub2004/ros2_ws/install/can_comm/lib/python3.10/site-packages:${PYTHONPATH} /usr/bin/python3 -W ignore:setup.py install is deprecated -W ignore:easy_install command is deprecated setup.py egg_info --egg-base ../../build/can_comm build --build-base /home/ub2004/ros2_ws/build/can_comm/build install --record /home/ub2004/ros2_ws/build/can_comm/install.log --single-version-externally-managed install_data
