[0.674s] Invoking command in '/home/ub2004/ros2_ws/src/can_comm': PYTHONPATH=/home/ub2004/ros2_ws/build/can_comm/prefix_override:/usr/lib/python3/dist-packages/colcon_core/task/python/colcon_distutils_commands:/home/ub2004/ros2_ws/install/can_comm/lib/python3.10/site-packages:${PYTHONPATH} /usr/bin/python3 -W ignore:setup.py install is deprecated -W ignore:easy_install command is deprecated setup.py egg_info --egg-base ../../build/can_comm build --build-base /home/ub2004/ros2_ws/build/can_comm/build install --record /home/ub2004/ros2_ws/build/can_comm/install.log --single-version-externally-managed install_data
[0.952s] running egg_info
[0.952s] writing ../../build/can_comm/can_comm.egg-info/PKG-INFO
[0.953s] writing dependency_links to ../../build/can_comm/can_comm.egg-info/dependency_links.txt
[0.953s] writing entry points to ../../build/can_comm/can_comm.egg-info/entry_points.txt
[0.953s] writing requirements to ../../build/can_comm/can_comm.egg-info/requires.txt
[0.953s] writing top-level names to ../../build/can_comm/can_comm.egg-info/top_level.txt
[0.955s] reading manifest file '../../build/can_comm/can_comm.egg-info/SOURCES.txt'
[0.956s] writing manifest file '../../build/can_comm/can_comm.egg-info/SOURCES.txt'
[0.956s] running build
[0.956s] running build_py
[0.957s] copying can_comm/auto_drive.py -> /home/ub2004/ros2_ws/build/can_comm/build/lib/can_comm
[0.958s] running install
[0.958s] running install_lib
[0.959s] copying /home/ub2004/ros2_ws/build/can_comm/build/lib/can_comm/auto_drive.py -> /home/ub2004/ros2_ws/install/can_comm/lib/python3.10/site-packages/can_comm
[0.960s] byte-compiling /home/ub2004/ros2_ws/install/can_comm/lib/python3.10/site-packages/can_comm/auto_drive.py to auto_drive.cpython-310.pyc
[0.961s] running install_data
[0.961s] running install_egg_info
[0.963s] removing '/home/ub2004/ros2_ws/install/can_comm/lib/python3.10/site-packages/can_comm-0.0.0-py3.10.egg-info' (and everything under it)
[0.963s] Copying ../../build/can_comm/can_comm.egg-info to /home/ub2004/ros2_ws/install/can_comm/lib/python3.10/site-packages/can_comm-0.0.0-py3.10.egg-info
[0.964s] running install_scripts
[0.986s] Installing agv_odometry_pub script to /home/ub2004/ros2_ws/install/can_comm/lib/can_comm
[0.986s] Installing agv_odometry_sub script to /home/ub2004/ros2_ws/install/can_comm/lib/can_comm
[0.986s] Installing auto_drive script to /home/ub2004/ros2_ws/install/can_comm/lib/can_comm
[0.986s] Installing can_velocity script to /home/ub2004/ros2_ws/install/can_comm/lib/can_comm
[0.987s] Installing joystick_node script to /home/ub2004/ros2_ws/install/can_comm/lib/can_comm
[0.987s] writing list of installed files to '/home/ub2004/ros2_ws/build/can_comm/install.log'
[1.010s] Invoked command in '/home/ub2004/ros2_ws/src/can_comm' returned '0': PYTHONPATH=/home/ub2004/ros2_ws/build/can_comm/prefix_override:/usr/lib/python3/dist-packages/colcon_core/task/python/colcon_distutils_commands:/home/ub2004/ros2_ws/install/can_comm/lib/python3.10/site-packages:${PYTHONPATH} /usr/bin/python3 -W ignore:setup.py install is deprecated -W ignore:easy_install command is deprecated setup.py egg_info --egg-base ../../build/can_comm build --build-base /home/ub2004/ros2_ws/build/can_comm/build install --record /home/ub2004/ros2_ws/build/can_comm/install.log --single-version-externally-managed install_data
