[0.024s] Invoking command in '/home/ub2004/ros2_ws/build/canopen_master_driver': CMAKE_PREFIX_PATH=/home/ub2004/ros2_ws/install/canopen_core:/home/ub2004/ros2_ws/install/lely_core_libraries:/home/ub2004/ros2_ws/install/canopen_interfaces:/home/ub2004/ros2_ws/install/canopen_tests:/home/ub2004/ros2_ws/install/canopen_ros2_controllers:/home/ub2004/ros2_ws/install/canopen_ros2_control:/home/ub2004/ros2_ws/install/canopen:/home/ub2004/ros2_ws/install/canopen_402_driver:/home/ub2004/ros2_ws/install/canopen_proxy_driver:/home/ub2004/ros2_ws/install/canopen_master_driver:/home/ub2004/ros2_ws/install/canopen_fake_slaves:/home/ub2004/ros2_ws/install/canopen_base_driver:/home/ub2004/ros2_ws/install/test_py:/home/ub2004/ros2_ws/install/urdf_tutorial:/home/ub2004/ros2_ws/install/canopen_utils:/home/ub2004/ros2_ws/install/can_comm:/home/ub2004/ros2_ws/install/agv_pak:/opt/ros/humble LD_LIBRARY_PATH=/home/ub2004/ros2_ws/install/canopen_core/lib:/home/ub2004/ros2_ws/install/lely_core_libraries/lib:/home/ub2004/ros2_ws/install/canopen_interfaces/lib:/home/ub2004/ros2_ws/install/canopen_ros2_controllers/lib:/home/ub2004/ros2_ws/install/canopen_ros2_control/lib:/home/ub2004/ros2_ws/install/canopen_402_driver/lib:/home/ub2004/ros2_ws/install/canopen_proxy_driver/lib:/home/ub2004/ros2_ws/install/canopen_master_driver/lib:/home/ub2004/ros2_ws/install/canopen_base_driver/lib:/opt/ros/humble/opt/rviz_ogre_vendor/lib:/opt/ros/humble/lib/x86_64-linux-gnu:/opt/ros/humble/lib PYTHONPATH=/home/ub2004/ros2_ws/install/lely_core_libraries/lib/python3.10/site-packages:/home/ub2004/ros2_ws/install/test_py/lib/python3.10/site-packages:/home/ub2004/ros2_ws/install/urdf_tutorial/lib/python3.10/site-packages:/home/ub2004/ros2_ws/install/lely_core_libraries/local/lib/python3.10/dist-packages:/home/ub2004/ros2_ws/install/canopen_utils/lib/python3.10/site-packages:/home/ub2004/ros2_ws/install/canopen_interfaces/local/lib/python3.10/dist-packages:/home/ub2004/ros2_ws/install/can_comm/lib/python3.10/site-packages:/home/ub2004/ros2_ws/install/agv_pak/lib/python3.10/site-packages:/opt/ros/humble/lib/python3.10/site-packages:/opt/ros/humble/local/lib/python3.10/dist-packages /usr/bin/cmake --build /home/ub2004/ros2_ws/build/canopen_master_driver -- -j8 -l8
[0.108s] [35m[1mConsolidate compiler generated dependencies of target lely_master_bridge[0m
[0.110s] [ 11%] Built target gtest_main
[0.114s] [ 22%] Built target gtest
[0.182s] [ 27%] [32mBuilding CXX object CMakeFiles/lely_master_bridge.dir/src/lely_master_bridge.cpp.o[0m
[4.326s] [ 33%] [32m[1mLinking CXX shared library liblely_master_bridge.so[0m
[4.513s] [ 33%] Built target lely_master_bridge
[4.538s] [35m[1mConsolidate compiler generated dependencies of target node_canopen_basic_master[0m
[4.573s] [ 38%] [32mBuilding CXX object CMakeFiles/node_canopen_basic_master.dir/src/node_interfaces/node_canopen_basic_master.cpp.o[0m
[12.650s] [ 44%] [32m[1mLinking CXX shared library libnode_canopen_basic_master.so[0m
[12.997s] [ 44%] Built target node_canopen_basic_master
[13.026s] [35m[1mConsolidate compiler generated dependencies of target lifecycle_master_driver[0m
[13.026s] [35m[1mConsolidate compiler generated dependencies of target master_driver[0m
[13.059s] [ 55%] [32mBuilding CXX object CMakeFiles/lifecycle_master_driver.dir/src/lifecycle_master_driver.cpp.o[0m
[13.059s] [ 55%] [32mBuilding CXX object CMakeFiles/master_driver.dir/src/master_driver.cpp.o[0m
[20.079s] [ 61%] [32m[1mLinking CXX shared library liblifecycle_master_driver.so[0m
[20.457s] [ 61%] Built target lifecycle_master_driver
[20.994s] [ 66%] [32m[1mLinking CXX shared library libmaster_driver.so[0m
[21.316s] [ 66%] Built target master_driver
[21.347s] [35m[1mConsolidate compiler generated dependencies of target test_master_driver_component[0m
[21.350s] [35m[1mConsolidate compiler generated dependencies of target test_node_canopen_basic_driver[0m
[21.351s] [35m[1mConsolidate compiler generated dependencies of target test_node_canopen_basic_driver_ros[0m
[21.381s] [ 72%] [32mBuilding CXX object test/CMakeFiles/test_master_driver_component.dir/test_master_driver_component.cpp.o[0m
[21.398s] [ 77%] [32mBuilding CXX object test/CMakeFiles/test_node_canopen_basic_driver.dir/test_node_canopen_basic_master.cpp.o[0m
[21.400s] [ 83%] [32mBuilding CXX object test/CMakeFiles/test_node_canopen_basic_driver_ros.dir/test_node_canopen_basic_master_ros.cpp.o[0m
[31.406s] [ 88%] [32m[1mLinking CXX executable test_node_canopen_basic_driver[0m
[31.589s] [ 94%] [32m[1mLinking CXX executable test_node_canopen_basic_driver_ros[0m
[32.017s] [ 94%] Built target test_node_canopen_basic_driver
[32.155s] [ 94%] Built target test_node_canopen_basic_driver_ros
[32.375s] [100%] [32m[1mLinking CXX executable test_master_driver_component[0m
[32.672s] [100%] Built target test_master_driver_component
[32.687s] Invoked command in '/home/ub2004/ros2_ws/build/canopen_master_driver' returned '0': CMAKE_PREFIX_PATH=/home/ub2004/ros2_ws/install/canopen_core:/home/ub2004/ros2_ws/install/lely_core_libraries:/home/ub2004/ros2_ws/install/canopen_interfaces:/home/ub2004/ros2_ws/install/canopen_tests:/home/ub2004/ros2_ws/install/canopen_ros2_controllers:/home/ub2004/ros2_ws/install/canopen_ros2_control:/home/ub2004/ros2_ws/install/canopen:/home/ub2004/ros2_ws/install/canopen_402_driver:/home/ub2004/ros2_ws/install/canopen_proxy_driver:/home/ub2004/ros2_ws/install/canopen_master_driver:/home/ub2004/ros2_ws/install/canopen_fake_slaves:/home/ub2004/ros2_ws/install/canopen_base_driver:/home/ub2004/ros2_ws/install/test_py:/home/ub2004/ros2_ws/install/urdf_tutorial:/home/ub2004/ros2_ws/install/canopen_utils:/home/ub2004/ros2_ws/install/can_comm:/home/ub2004/ros2_ws/install/agv_pak:/opt/ros/humble LD_LIBRARY_PATH=/home/ub2004/ros2_ws/install/canopen_core/lib:/home/ub2004/ros2_ws/install/lely_core_libraries/lib:/home/ub2004/ros2_ws/install/canopen_interfaces/lib:/home/ub2004/ros2_ws/install/canopen_ros2_controllers/lib:/home/ub2004/ros2_ws/install/canopen_ros2_control/lib:/home/ub2004/ros2_ws/install/canopen_402_driver/lib:/home/ub2004/ros2_ws/install/canopen_proxy_driver/lib:/home/ub2004/ros2_ws/install/canopen_master_driver/lib:/home/ub2004/ros2_ws/install/canopen_base_driver/lib:/opt/ros/humble/opt/rviz_ogre_vendor/lib:/opt/ros/humble/lib/x86_64-linux-gnu:/opt/ros/humble/lib PYTHONPATH=/home/ub2004/ros2_ws/install/lely_core_libraries/lib/python3.10/site-packages:/home/ub2004/ros2_ws/install/test_py/lib/python3.10/site-packages:/home/ub2004/ros2_ws/install/urdf_tutorial/lib/python3.10/site-packages:/home/ub2004/ros2_ws/install/lely_core_libraries/local/lib/python3.10/dist-packages:/home/ub2004/ros2_ws/install/canopen_utils/lib/python3.10/site-packages:/home/ub2004/ros2_ws/install/canopen_interfaces/local/lib/python3.10/dist-packages:/home/ub2004/ros2_ws/install/can_comm/lib/python3.10/site-packages:/home/ub2004/ros2_ws/install/agv_pak/lib/python3.10/site-packages:/opt/ros/humble/lib/python3.10/site-packages:/opt/ros/humble/local/lib/python3.10/dist-packages /usr/bin/cmake --build /home/ub2004/ros2_ws/build/canopen_master_driver -- -j8 -l8
[32.690s] Invoking command in '/home/ub2004/ros2_ws/build/canopen_master_driver': CMAKE_PREFIX_PATH=/home/ub2004/ros2_ws/install/canopen_core:/home/ub2004/ros2_ws/install/lely_core_libraries:/home/ub2004/ros2_ws/install/canopen_interfaces:/home/ub2004/ros2_ws/install/canopen_tests:/home/ub2004/ros2_ws/install/canopen_ros2_controllers:/home/ub2004/ros2_ws/install/canopen_ros2_control:/home/ub2004/ros2_ws/install/canopen:/home/ub2004/ros2_ws/install/canopen_402_driver:/home/ub2004/ros2_ws/install/canopen_proxy_driver:/home/ub2004/ros2_ws/install/canopen_master_driver:/home/ub2004/ros2_ws/install/canopen_fake_slaves:/home/ub2004/ros2_ws/install/canopen_base_driver:/home/ub2004/ros2_ws/install/test_py:/home/ub2004/ros2_ws/install/urdf_tutorial:/home/ub2004/ros2_ws/install/canopen_utils:/home/ub2004/ros2_ws/install/can_comm:/home/ub2004/ros2_ws/install/agv_pak:/opt/ros/humble LD_LIBRARY_PATH=/home/ub2004/ros2_ws/install/canopen_core/lib:/home/ub2004/ros2_ws/install/lely_core_libraries/lib:/home/ub2004/ros2_ws/install/canopen_interfaces/lib:/home/ub2004/ros2_ws/install/canopen_ros2_controllers/lib:/home/ub2004/ros2_ws/install/canopen_ros2_control/lib:/home/ub2004/ros2_ws/install/canopen_402_driver/lib:/home/ub2004/ros2_ws/install/canopen_proxy_driver/lib:/home/ub2004/ros2_ws/install/canopen_master_driver/lib:/home/ub2004/ros2_ws/install/canopen_base_driver/lib:/opt/ros/humble/opt/rviz_ogre_vendor/lib:/opt/ros/humble/lib/x86_64-linux-gnu:/opt/ros/humble/lib PYTHONPATH=/home/ub2004/ros2_ws/install/lely_core_libraries/lib/python3.10/site-packages:/home/ub2004/ros2_ws/install/test_py/lib/python3.10/site-packages:/home/ub2004/ros2_ws/install/urdf_tutorial/lib/python3.10/site-packages:/home/ub2004/ros2_ws/install/lely_core_libraries/local/lib/python3.10/dist-packages:/home/ub2004/ros2_ws/install/canopen_utils/lib/python3.10/site-packages:/home/ub2004/ros2_ws/install/canopen_interfaces/local/lib/python3.10/dist-packages:/home/ub2004/ros2_ws/install/can_comm/lib/python3.10/site-packages:/home/ub2004/ros2_ws/install/agv_pak/lib/python3.10/site-packages:/opt/ros/humble/lib/python3.10/site-packages:/opt/ros/humble/local/lib/python3.10/dist-packages /usr/bin/cmake --install /home/ub2004/ros2_ws/build/canopen_master_driver
[32.700s] -- Install configuration: ""
[32.700s] -- Up-to-date: /home/ub2004/ros2_ws/install/canopen_master_driver/include
[32.700s] -- Up-to-date: /home/ub2004/ros2_ws/install/canopen_master_driver/include/canopen_master_driver
[32.701s] -- Up-to-date: /home/ub2004/ros2_ws/install/canopen_master_driver/include/canopen_master_driver/lely_master_bridge.hpp
[32.701s] -- Up-to-date: /home/ub2004/ros2_ws/install/canopen_master_driver/include/canopen_master_driver/lifecycle_master_driver.hpp
[32.701s] -- Up-to-date: /home/ub2004/ros2_ws/install/canopen_master_driver/include/canopen_master_driver/node_interfaces
[32.701s] -- Up-to-date: /home/ub2004/ros2_ws/install/canopen_master_driver/include/canopen_master_driver/node_interfaces/node_canopen_basic_master_impl.hpp
[32.701s] -- Up-to-date: /home/ub2004/ros2_ws/install/canopen_master_driver/include/canopen_master_driver/node_interfaces/node_canopen_basic_master.hpp
[32.701s] -- Up-to-date: /home/ub2004/ros2_ws/install/canopen_master_driver/include/canopen_master_driver/visibility_control.h
[32.702s] -- Up-to-date: /home/ub2004/ros2_ws/install/canopen_master_driver/include/canopen_master_driver/master_driver.hpp
[32.703s] -- Installing: /home/ub2004/ros2_ws/install/canopen_master_driver/lib/liblifecycle_master_driver.so
[32.705s] -- Set runtime path of "/home/ub2004/ros2_ws/install/canopen_master_driver/lib/liblifecycle_master_driver.so" to ""
[32.706s] -- Installing: /home/ub2004/ros2_ws/install/canopen_master_driver/lib/libmaster_driver.so
[32.707s] -- Set runtime path of "/home/ub2004/ros2_ws/install/canopen_master_driver/lib/libmaster_driver.so" to ""
[32.708s] -- Installing: /home/ub2004/ros2_ws/install/canopen_master_driver/lib/libnode_canopen_basic_master.so
[32.711s] -- Set runtime path of "/home/ub2004/ros2_ws/install/canopen_master_driver/lib/libnode_canopen_basic_master.so" to ""
[32.713s] -- Installing: /home/ub2004/ros2_ws/install/canopen_master_driver/lib/liblely_master_bridge.so
[32.714s] -- Set runtime path of "/home/ub2004/ros2_ws/install/canopen_master_driver/lib/liblely_master_bridge.so" to ""
[32.714s] -- Up-to-date: /home/ub2004/ros2_ws/install/canopen_master_driver/share/canopen_master_driver/environment/library_path.sh
[32.714s] -- Up-to-date: /home/ub2004/ros2_ws/install/canopen_master_driver/share/canopen_master_driver/environment/library_path.dsv
[32.715s] -- Up-to-date: /home/ub2004/ros2_ws/install/canopen_master_driver/share/ament_index/resource_index/package_run_dependencies/canopen_master_driver
[32.715s] -- Up-to-date: /home/ub2004/ros2_ws/install/canopen_master_driver/share/ament_index/resource_index/parent_prefix_path/canopen_master_driver
[32.715s] -- Up-to-date: /home/ub2004/ros2_ws/install/canopen_master_driver/share/canopen_master_driver/environment/ament_prefix_path.sh
[32.715s] -- Up-to-date: /home/ub2004/ros2_ws/install/canopen_master_driver/share/canopen_master_driver/environment/ament_prefix_path.dsv
[32.715s] -- Up-to-date: /home/ub2004/ros2_ws/install/canopen_master_driver/share/canopen_master_driver/environment/path.sh
[32.716s] -- Up-to-date: /home/ub2004/ros2_ws/install/canopen_master_driver/share/canopen_master_driver/environment/path.dsv
[32.716s] -- Up-to-date: /home/ub2004/ros2_ws/install/canopen_master_driver/share/canopen_master_driver/local_setup.bash
[32.716s] -- Up-to-date: /home/ub2004/ros2_ws/install/canopen_master_driver/share/canopen_master_driver/local_setup.sh
[32.716s] -- Up-to-date: /home/ub2004/ros2_ws/install/canopen_master_driver/share/canopen_master_driver/local_setup.zsh
[32.716s] -- Up-to-date: /home/ub2004/ros2_ws/install/canopen_master_driver/share/canopen_master_driver/local_setup.dsv
[32.716s] -- Installing: /home/ub2004/ros2_ws/install/canopen_master_driver/share/canopen_master_driver/package.dsv
[32.717s] -- Up-to-date: /home/ub2004/ros2_ws/install/canopen_master_driver/share/ament_index/resource_index/packages/canopen_master_driver
[32.717s] -- Up-to-date: /home/ub2004/ros2_ws/install/canopen_master_driver/share/ament_index/resource_index/rclcpp_components/canopen_master_driver
[32.718s] -- Up-to-date: /home/ub2004/ros2_ws/install/canopen_master_driver/share/canopen_master_driver/cmake/export_canopen_master_driverExport.cmake
[32.718s] -- Up-to-date: /home/ub2004/ros2_ws/install/canopen_master_driver/share/canopen_master_driver/cmake/export_canopen_master_driverExport-noconfig.cmake
[32.718s] -- Up-to-date: /home/ub2004/ros2_ws/install/canopen_master_driver/share/canopen_master_driver/cmake/ament_cmake_export_include_directories-extras.cmake
[32.718s] -- Up-to-date: /home/ub2004/ros2_ws/install/canopen_master_driver/share/canopen_master_driver/cmake/ament_cmake_export_libraries-extras.cmake
[32.719s] -- Up-to-date: /home/ub2004/ros2_ws/install/canopen_master_driver/share/canopen_master_driver/cmake/ament_cmake_export_targets-extras.cmake
[32.719s] -- Up-to-date: /home/ub2004/ros2_ws/install/canopen_master_driver/share/canopen_master_driver/cmake/ament_cmake_export_dependencies-extras.cmake
[32.719s] -- Up-to-date: /home/ub2004/ros2_ws/install/canopen_master_driver/share/canopen_master_driver/cmake/canopen_master_driverConfig.cmake
[32.719s] -- Up-to-date: /home/ub2004/ros2_ws/install/canopen_master_driver/share/canopen_master_driver/cmake/canopen_master_driverConfig-version.cmake
[32.719s] -- Up-to-date: /home/ub2004/ros2_ws/install/canopen_master_driver/share/canopen_master_driver/package.xml
[32.722s] Invoked command in '/home/ub2004/ros2_ws/build/canopen_master_driver' returned '0': CMAKE_PREFIX_PATH=/home/ub2004/ros2_ws/install/canopen_core:/home/ub2004/ros2_ws/install/lely_core_libraries:/home/ub2004/ros2_ws/install/canopen_interfaces:/home/ub2004/ros2_ws/install/canopen_tests:/home/ub2004/ros2_ws/install/canopen_ros2_controllers:/home/ub2004/ros2_ws/install/canopen_ros2_control:/home/ub2004/ros2_ws/install/canopen:/home/ub2004/ros2_ws/install/canopen_402_driver:/home/ub2004/ros2_ws/install/canopen_proxy_driver:/home/ub2004/ros2_ws/install/canopen_master_driver:/home/ub2004/ros2_ws/install/canopen_fake_slaves:/home/ub2004/ros2_ws/install/canopen_base_driver:/home/ub2004/ros2_ws/install/test_py:/home/ub2004/ros2_ws/install/urdf_tutorial:/home/ub2004/ros2_ws/install/canopen_utils:/home/ub2004/ros2_ws/install/can_comm:/home/ub2004/ros2_ws/install/agv_pak:/opt/ros/humble LD_LIBRARY_PATH=/home/ub2004/ros2_ws/install/canopen_core/lib:/home/ub2004/ros2_ws/install/lely_core_libraries/lib:/home/ub2004/ros2_ws/install/canopen_interfaces/lib:/home/ub2004/ros2_ws/install/canopen_ros2_controllers/lib:/home/ub2004/ros2_ws/install/canopen_ros2_control/lib:/home/ub2004/ros2_ws/install/canopen_402_driver/lib:/home/ub2004/ros2_ws/install/canopen_proxy_driver/lib:/home/ub2004/ros2_ws/install/canopen_master_driver/lib:/home/ub2004/ros2_ws/install/canopen_base_driver/lib:/opt/ros/humble/opt/rviz_ogre_vendor/lib:/opt/ros/humble/lib/x86_64-linux-gnu:/opt/ros/humble/lib PYTHONPATH=/home/ub2004/ros2_ws/install/lely_core_libraries/lib/python3.10/site-packages:/home/ub2004/ros2_ws/install/test_py/lib/python3.10/site-packages:/home/ub2004/ros2_ws/install/urdf_tutorial/lib/python3.10/site-packages:/home/ub2004/ros2_ws/install/lely_core_libraries/local/lib/python3.10/dist-packages:/home/ub2004/ros2_ws/install/canopen_utils/lib/python3.10/site-packages:/home/ub2004/ros2_ws/install/canopen_interfaces/local/lib/python3.10/dist-packages:/home/ub2004/ros2_ws/install/can_comm/lib/python3.10/site-packages:/home/ub2004/ros2_ws/install/agv_pak/lib/python3.10/site-packages:/opt/ros/humble/lib/python3.10/site-packages:/opt/ros/humble/local/lib/python3.10/dist-packages /usr/bin/cmake --install /home/ub2004/ros2_ws/build/canopen_master_driver
