[0.712s] Invoking command in '/home/ub2004/ros2_ws/src/can_comm': PYTHONPATH=/home/ub2004/ros2_ws/build/can_comm/prefix_override:/usr/lib/python3/dist-packages/colcon_core/task/python/colcon_distutils_commands:/home/ub2004/ros2_ws/install/can_comm/lib/python3.10/site-packages:${PYTHONPATH} /usr/bin/python3 -W ignore:setup.py install is deprecated -W ignore:easy_install command is deprecated setup.py egg_info --egg-base ../../build/can_comm build --build-base /home/ub2004/ros2_ws/build/can_comm/build install --record /home/ub2004/ros2_ws/build/can_comm/install.log --single-version-externally-managed install_data
[0.968s] running egg_info
[0.969s] writing ../../build/can_comm/can_comm.egg-info/PKG-INFO
[0.969s] writing dependency_links to ../../build/can_comm/can_comm.egg-info/dependency_links.txt
[0.969s] writing entry points to ../../build/can_comm/can_comm.egg-info/entry_points.txt
[0.970s] writing requirements to ../../build/can_comm/can_comm.egg-info/requires.txt
[0.970s] writing top-level names to ../../build/can_comm/can_comm.egg-info/top_level.txt
[0.971s] reading manifest file '../../build/can_comm/can_comm.egg-info/SOURCES.txt'
[0.972s] writing manifest file '../../build/can_comm/can_comm.egg-info/SOURCES.txt'
[0.972s] running build
[0.972s] running build_py
[0.973s] copying can_comm/can_velocity_node.py -> /home/ub2004/ros2_ws/build/can_comm/build/lib/can_comm
[0.974s] running install
[0.974s] running install_lib
[0.975s] copying /home/ub2004/ros2_ws/build/can_comm/build/lib/can_comm/can_velocity_node.py -> /home/ub2004/ros2_ws/install/can_comm/lib/python3.10/site-packages/can_comm
[0.976s] byte-compiling /home/ub2004/ros2_ws/install/can_comm/lib/python3.10/site-packages/can_comm/can_velocity_node.py to can_velocity_node.cpython-310.pyc
[0.977s] running install_data
[0.977s] running install_egg_info
[0.979s] removing '/home/ub2004/ros2_ws/install/can_comm/lib/python3.10/site-packages/can_comm-0.0.0-py3.10.egg-info' (and everything under it)
[0.979s] Copying ../../build/can_comm/can_comm.egg-info to /home/ub2004/ros2_ws/install/can_comm/lib/python3.10/site-packages/can_comm-0.0.0-py3.10.egg-info
[0.980s] running install_scripts
[1.000s] Installing can_publisher script to /home/ub2004/ros2_ws/install/can_comm/lib/can_comm
[1.000s] Installing can_velocity script to /home/ub2004/ros2_ws/install/can_comm/lib/can_comm
[1.000s] Installing joystick_node script to /home/ub2004/ros2_ws/install/can_comm/lib/can_comm
[1.001s] writing list of installed files to '/home/ub2004/ros2_ws/build/can_comm/install.log'
[1.022s] Invoked command in '/home/ub2004/ros2_ws/src/can_comm' returned '0': PYTHONPATH=/home/ub2004/ros2_ws/build/can_comm/prefix_override:/usr/lib/python3/dist-packages/colcon_core/task/python/colcon_distutils_commands:/home/ub2004/ros2_ws/install/can_comm/lib/python3.10/site-packages:${PYTHONPATH} /usr/bin/python3 -W ignore:setup.py install is deprecated -W ignore:easy_install command is deprecated setup.py egg_info --egg-base ../../build/can_comm build --build-base /home/ub2004/ros2_ws/build/can_comm/build install --record /home/ub2004/ros2_ws/build/can_comm/install.log --single-version-externally-managed install_data
