running egg_info
writing ../../build/agv_pak/agv_pak.egg-info/PKG-INFO
writing dependency_links to ../../build/agv_pak/agv_pak.egg-info/dependency_links.txt
writing entry points to ../../build/agv_pak/agv_pak.egg-info/entry_points.txt
writing requirements to ../../build/agv_pak/agv_pak.egg-info/requires.txt
writing top-level names to ../../build/agv_pak/agv_pak.egg-info/top_level.txt
reading manifest file '../../build/agv_pak/agv_pak.egg-info/SOURCES.txt'
adding license file 'LICENSE'
writing manifest file '../../build/agv_pak/agv_pak.egg-info/SOURCES.txt'
running build
running build_py
copying agv_pak/agv_node_2.py -> /home/ub2004/ros2_ws/build/agv_pak/build/lib/agv_pak
running install
running install_lib
copying /home/ub2004/ros2_ws/build/agv_pak/build/lib/agv_pak/agv_node_2.py -> /home/ub2004/ros2_ws/install/agv_pak/lib/python3.10/site-packages/agv_pak
byte-compiling /home/ub2004/ros2_ws/install/agv_pak/lib/python3.10/site-packages/agv_pak/agv_node_2.py to agv_node_2.cpython-310.pyc
running install_data
running install_egg_info
removing '/home/ub2004/ros2_ws/install/agv_pak/lib/python3.10/site-packages/agv_pak-0.0.0-py3.10.egg-info' (and everything under it)
Copying ../../build/agv_pak/agv_pak.egg-info to /home/ub2004/ros2_ws/install/agv_pak/lib/python3.10/site-packages/agv_pak-0.0.0-py3.10.egg-info
running install_scripts
Installing agv_node script to /home/ub2004/ros2_ws/install/agv_pak/lib/agv_pak
writing list of installed files to '/home/ub2004/ros2_ws/build/agv_pak/install.log'
