[0.679s] Invoking command in '/home/ub2004/ros2_ws/src/agv_pak': PYTHONPATH=/home/ub2004/ros2_ws/build/agv_pak/prefix_override:/usr/lib/python3/dist-packages/colcon_core/task/python/colcon_distutils_commands:/home/ub2004/ros2_ws/install/agv_pak/lib/python3.10/site-packages:${PYTHONPATH} /usr/bin/python3 -W ignore:setup.py install is deprecated -W ignore:easy_install command is deprecated setup.py egg_info --egg-base ../../build/agv_pak build --build-base /home/ub2004/ros2_ws/build/agv_pak/build install --record /home/ub2004/ros2_ws/build/agv_pak/install.log --single-version-externally-managed install_data
[0.948s] running egg_info
[0.949s] writing ../../build/agv_pak/agv_pak.egg-info/PKG-INFO
[0.949s] writing dependency_links to ../../build/agv_pak/agv_pak.egg-info/dependency_links.txt
[0.950s] writing entry points to ../../build/agv_pak/agv_pak.egg-info/entry_points.txt
[0.950s] writing requirements to ../../build/agv_pak/agv_pak.egg-info/requires.txt
[0.950s] writing top-level names to ../../build/agv_pak/agv_pak.egg-info/top_level.txt
[0.952s] reading manifest file '../../build/agv_pak/agv_pak.egg-info/SOURCES.txt'
[0.952s] adding license file 'LICENSE'
[0.953s] writing manifest file '../../build/agv_pak/agv_pak.egg-info/SOURCES.txt'
[0.953s] running build
[0.953s] running build_py
[0.953s] copying agv_pak/agv_node_2.py -> /home/ub2004/ros2_ws/build/agv_pak/build/lib/agv_pak
[0.955s] running install
[0.955s] running install_lib
[0.956s] copying /home/ub2004/ros2_ws/build/agv_pak/build/lib/agv_pak/agv_node_2.py -> /home/ub2004/ros2_ws/install/agv_pak/lib/python3.10/site-packages/agv_pak
[0.957s] byte-compiling /home/ub2004/ros2_ws/install/agv_pak/lib/python3.10/site-packages/agv_pak/agv_node_2.py to agv_node_2.cpython-310.pyc
[0.958s] running install_data
[0.958s] running install_egg_info
[0.960s] removing '/home/ub2004/ros2_ws/install/agv_pak/lib/python3.10/site-packages/agv_pak-0.0.0-py3.10.egg-info' (and everything under it)
[0.961s] Copying ../../build/agv_pak/agv_pak.egg-info to /home/ub2004/ros2_ws/install/agv_pak/lib/python3.10/site-packages/agv_pak-0.0.0-py3.10.egg-info
[0.961s] running install_scripts
[0.982s] Installing agv_node script to /home/ub2004/ros2_ws/install/agv_pak/lib/agv_pak
[0.982s] writing list of installed files to '/home/ub2004/ros2_ws/build/agv_pak/install.log'
[1.007s] Invoked command in '/home/ub2004/ros2_ws/src/agv_pak' returned '0': PYTHONPATH=/home/ub2004/ros2_ws/build/agv_pak/prefix_override:/usr/lib/python3/dist-packages/colcon_core/task/python/colcon_distutils_commands:/home/ub2004/ros2_ws/install/agv_pak/lib/python3.10/site-packages:${PYTHONPATH} /usr/bin/python3 -W ignore:setup.py install is deprecated -W ignore:easy_install command is deprecated setup.py egg_info --egg-base ../../build/agv_pak build --build-base /home/ub2004/ros2_ws/build/agv_pak/build install --record /home/ub2004/ros2_ws/build/agv_pak/install.log --single-version-externally-managed install_data
