[0.026s] Invoking command in '/home/ub2004/ros2_ws/build/canopen_402_driver': CMAKE_PREFIX_PATH=/home/ub2004/ros2_ws/install/canopen_proxy_driver:/home/ub2004/ros2_ws/install/canopen_base_driver:/home/ub2004/ros2_ws/install/canopen_core:/home/ub2004/ros2_ws/install/lely_core_libraries:/home/ub2004/ros2_ws/install/canopen_interfaces:/home/ub2004/ros2_ws/install/canopen_tests:/home/ub2004/ros2_ws/install/canopen_ros2_controllers:/home/ub2004/ros2_ws/install/canopen_ros2_control:/home/ub2004/ros2_ws/install/canopen:/home/ub2004/ros2_ws/install/canopen_402_driver:/home/ub2004/ros2_ws/install/canopen_master_driver:/home/ub2004/ros2_ws/install/canopen_fake_slaves:/home/ub2004/ros2_ws/install/urdf_tutorial:/home/ub2004/ros2_ws/install/test_py:/home/ub2004/ros2_ws/install/canopen_utils:/home/ub2004/ros2_ws/install/can_comm:/home/ub2004/ros2_ws/install/agv_pak:/opt/ros/humble LD_LIBRARY_PATH=/home/ub2004/ros2_ws/install/canopen_proxy_driver/lib:/home/ub2004/ros2_ws/install/canopen_base_driver/lib:/home/ub2004/ros2_ws/install/canopen_core/lib:/home/ub2004/ros2_ws/install/lely_core_libraries/lib:/home/ub2004/ros2_ws/install/canopen_interfaces/lib:/home/ub2004/ros2_ws/install/canopen_ros2_controllers/lib:/home/ub2004/ros2_ws/install/canopen_ros2_control/lib:/home/ub2004/ros2_ws/install/canopen_402_driver/lib:/home/ub2004/ros2_ws/install/canopen_master_driver/lib:/opt/ros/humble/opt/rviz_ogre_vendor/lib:/opt/ros/humble/lib/x86_64-linux-gnu:/opt/ros/humble/lib PYTHONPATH=/home/ub2004/ros2_ws/install/lely_core_libraries/lib/python3.10/site-packages:/home/ub2004/ros2_ws/build/urdf_tutorial:/home/ub2004/ros2_ws/build/canopen_utils:/home/ub2004/ros2_ws/build/can_comm:/home/ub2004/ros2_ws/build/agv_pak:/home/ub2004/ros2_ws/install/urdf_tutorial/lib/python3.10/site-packages:/home/ub2004/ros2_ws/install/test_py/lib/python3.10/site-packages:/home/ub2004/ros2_ws/install/lely_core_libraries/local/lib/python3.10/dist-packages:/home/ub2004/ros2_ws/install/canopen_utils/lib/python3.10/site-packages:/home/ub2004/ros2_ws/install/canopen_interfaces/local/lib/python3.10/dist-packages:/home/ub2004/ros2_ws/install/can_comm/lib/python3.10/site-packages:/home/ub2004/ros2_ws/install/agv_pak/lib/python3.10/site-packages:/opt/ros/humble/lib/python3.10/site-packages:/opt/ros/humble/local/lib/python3.10/dist-packages /usr/bin/cmake /home/ub2004/ros2_ws/src/ros2_canopen/canopen_402_driver -DCMAKE_INSTALL_PREFIX=/home/ub2004/ros2_ws/install/canopen_402_driver
[0.088s] -- The C compiler identification is GNU 11.4.0
[0.156s] -- The CXX compiler identification is GNU 11.4.0
[0.164s] -- Detecting C compiler ABI info
[0.248s] -- Detecting C compiler ABI info - done
[0.258s] -- Check for working C compiler: /usr/bin/cc - skipped
[0.259s] -- Detecting C compile features
[0.259s] -- Detecting C compile features - done
[0.262s] -- Detecting CXX compiler ABI info
[0.352s] -- Detecting CXX compiler ABI info - done
[0.368s] -- Check for working CXX compiler: /usr/bin/c++ - skipped
[0.368s] -- Detecting CXX compile features
[0.369s] -- Detecting CXX compile features - done
[0.374s] -- Found ament_cmake: 1.3.11 (/opt/ros/humble/share/ament_cmake/cmake)
[0.564s] -- Found Python3: /usr/bin/python3 (found version "3.10.12") found components: Interpreter 
[0.703s] -- Found ament_cmake_ros: 0.10.0 (/opt/ros/humble/share/ament_cmake_ros/cmake)
[0.713s] -- Found canopen_base_driver: 0.2.11 (/home/ub2004/ros2_ws/install/canopen_base_driver/share/canopen_base_driver/cmake)
[0.906s] -- Found Boost: /usr/lib/x86_64-linux-gnu/cmake/Boost-1.74.0/BoostConfig.cmake (found version "1.74.0") found components: system thread 
[0.954s] -- Found rosidl_generator_c: 3.1.6 (/opt/ros/humble/share/rosidl_generator_c/cmake)
[0.962s] -- Found rosidl_adapter: 3.1.6 (/opt/ros/humble/share/rosidl_adapter/cmake)
[0.973s] -- Found rosidl_generator_cpp: 3.1.6 (/opt/ros/humble/share/rosidl_generator_cpp/cmake)
[0.988s] -- Using all available rosidl_typesupport_c: rosidl_typesupport_fastrtps_c;rosidl_typesupport_introspection_c
[1.009s] -- Using all available rosidl_typesupport_cpp: rosidl_typesupport_fastrtps_cpp;rosidl_typesupport_introspection_cpp
[1.111s] -- Found rmw_implementation_cmake: 6.1.2 (/opt/ros/humble/share/rmw_implementation_cmake/cmake)
[1.115s] -- Found rmw_fastrtps_cpp: 6.2.7 (/opt/ros/humble/share/rmw_fastrtps_cpp/cmake)
[1.224s] -- Found OpenSSL: /usr/lib/x86_64-linux-gnu/libcrypto.so (found version "3.0.2")  
[1.256s] -- Found FastRTPS: /opt/ros/humble/include  
[1.302s] -- Using RMW implementation 'rmw_fastrtps_cpp' as default
[1.315s] -- Found Threads: TRUE  
[1.472s] -- Found canopen_proxy_driver: 0.2.11 (/home/ub2004/ros2_ws/install/canopen_proxy_driver/share/canopen_proxy_driver/cmake)
[1.489s] -- Found sensor_msgs: 4.2.4 (/opt/ros/humble/share/sensor_msgs/cmake)
[1.567s] -- Found gtest sources under '/opt/ros/humble/src/gtest_vendor': C++ tests using 'Google Test' will be built
[1.660s] -- Configuring done
[1.753s] -- Generating done
[1.774s] -- Build files have been written to: /home/ub2004/ros2_ws/build/canopen_402_driver
[1.787s] Invoked command in '/home/ub2004/ros2_ws/build/canopen_402_driver' returned '0': CMAKE_PREFIX_PATH=/home/ub2004/ros2_ws/install/canopen_proxy_driver:/home/ub2004/ros2_ws/install/canopen_base_driver:/home/ub2004/ros2_ws/install/canopen_core:/home/ub2004/ros2_ws/install/lely_core_libraries:/home/ub2004/ros2_ws/install/canopen_interfaces:/home/ub2004/ros2_ws/install/canopen_tests:/home/ub2004/ros2_ws/install/canopen_ros2_controllers:/home/ub2004/ros2_ws/install/canopen_ros2_control:/home/ub2004/ros2_ws/install/canopen:/home/ub2004/ros2_ws/install/canopen_402_driver:/home/ub2004/ros2_ws/install/canopen_master_driver:/home/ub2004/ros2_ws/install/canopen_fake_slaves:/home/ub2004/ros2_ws/install/urdf_tutorial:/home/ub2004/ros2_ws/install/test_py:/home/ub2004/ros2_ws/install/canopen_utils:/home/ub2004/ros2_ws/install/can_comm:/home/ub2004/ros2_ws/install/agv_pak:/opt/ros/humble LD_LIBRARY_PATH=/home/ub2004/ros2_ws/install/canopen_proxy_driver/lib:/home/ub2004/ros2_ws/install/canopen_base_driver/lib:/home/ub2004/ros2_ws/install/canopen_core/lib:/home/ub2004/ros2_ws/install/lely_core_libraries/lib:/home/ub2004/ros2_ws/install/canopen_interfaces/lib:/home/ub2004/ros2_ws/install/canopen_ros2_controllers/lib:/home/ub2004/ros2_ws/install/canopen_ros2_control/lib:/home/ub2004/ros2_ws/install/canopen_402_driver/lib:/home/ub2004/ros2_ws/install/canopen_master_driver/lib:/opt/ros/humble/opt/rviz_ogre_vendor/lib:/opt/ros/humble/lib/x86_64-linux-gnu:/opt/ros/humble/lib PYTHONPATH=/home/ub2004/ros2_ws/install/lely_core_libraries/lib/python3.10/site-packages:/home/ub2004/ros2_ws/build/urdf_tutorial:/home/ub2004/ros2_ws/build/canopen_utils:/home/ub2004/ros2_ws/build/can_comm:/home/ub2004/ros2_ws/build/agv_pak:/home/ub2004/ros2_ws/install/urdf_tutorial/lib/python3.10/site-packages:/home/ub2004/ros2_ws/install/test_py/lib/python3.10/site-packages:/home/ub2004/ros2_ws/install/lely_core_libraries/local/lib/python3.10/dist-packages:/home/ub2004/ros2_ws/install/canopen_utils/lib/python3.10/site-packages:/home/ub2004/ros2_ws/install/canopen_interfaces/local/lib/python3.10/dist-packages:/home/ub2004/ros2_ws/install/can_comm/lib/python3.10/site-packages:/home/ub2004/ros2_ws/install/agv_pak/lib/python3.10/site-packages:/opt/ros/humble/lib/python3.10/site-packages:/opt/ros/humble/local/lib/python3.10/dist-packages /usr/bin/cmake /home/ub2004/ros2_ws/src/ros2_canopen/canopen_402_driver -DCMAKE_INSTALL_PREFIX=/home/ub2004/ros2_ws/install/canopen_402_driver
[1.789s] Invoking command in '/home/ub2004/ros2_ws/build/canopen_402_driver': CMAKE_PREFIX_PATH=/home/ub2004/ros2_ws/install/canopen_proxy_driver:/home/ub2004/ros2_ws/install/canopen_base_driver:/home/ub2004/ros2_ws/install/canopen_core:/home/ub2004/ros2_ws/install/lely_core_libraries:/home/ub2004/ros2_ws/install/canopen_interfaces:/home/ub2004/ros2_ws/install/canopen_tests:/home/ub2004/ros2_ws/install/canopen_ros2_controllers:/home/ub2004/ros2_ws/install/canopen_ros2_control:/home/ub2004/ros2_ws/install/canopen:/home/ub2004/ros2_ws/install/canopen_402_driver:/home/ub2004/ros2_ws/install/canopen_master_driver:/home/ub2004/ros2_ws/install/canopen_fake_slaves:/home/ub2004/ros2_ws/install/urdf_tutorial:/home/ub2004/ros2_ws/install/test_py:/home/ub2004/ros2_ws/install/canopen_utils:/home/ub2004/ros2_ws/install/can_comm:/home/ub2004/ros2_ws/install/agv_pak:/opt/ros/humble LD_LIBRARY_PATH=/home/ub2004/ros2_ws/install/canopen_proxy_driver/lib:/home/ub2004/ros2_ws/install/canopen_base_driver/lib:/home/ub2004/ros2_ws/install/canopen_core/lib:/home/ub2004/ros2_ws/install/lely_core_libraries/lib:/home/ub2004/ros2_ws/install/canopen_interfaces/lib:/home/ub2004/ros2_ws/install/canopen_ros2_controllers/lib:/home/ub2004/ros2_ws/install/canopen_ros2_control/lib:/home/ub2004/ros2_ws/install/canopen_402_driver/lib:/home/ub2004/ros2_ws/install/canopen_master_driver/lib:/opt/ros/humble/opt/rviz_ogre_vendor/lib:/opt/ros/humble/lib/x86_64-linux-gnu:/opt/ros/humble/lib PYTHONPATH=/home/ub2004/ros2_ws/install/lely_core_libraries/lib/python3.10/site-packages:/home/ub2004/ros2_ws/build/urdf_tutorial:/home/ub2004/ros2_ws/build/canopen_utils:/home/ub2004/ros2_ws/build/can_comm:/home/ub2004/ros2_ws/build/agv_pak:/home/ub2004/ros2_ws/install/urdf_tutorial/lib/python3.10/site-packages:/home/ub2004/ros2_ws/install/test_py/lib/python3.10/site-packages:/home/ub2004/ros2_ws/install/lely_core_libraries/local/lib/python3.10/dist-packages:/home/ub2004/ros2_ws/install/canopen_utils/lib/python3.10/site-packages:/home/ub2004/ros2_ws/install/canopen_interfaces/local/lib/python3.10/dist-packages:/home/ub2004/ros2_ws/install/can_comm/lib/python3.10/site-packages:/home/ub2004/ros2_ws/install/agv_pak/lib/python3.10/site-packages:/opt/ros/humble/lib/python3.10/site-packages:/opt/ros/humble/local/lib/python3.10/dist-packages /usr/bin/cmake --build /home/ub2004/ros2_ws/build/canopen_402_driver -- -j8 -l8
[1.855s] [  5%] [32mBuilding CXX object gtest/CMakeFiles/gtest.dir/src/gtest-all.cc.o[0m
[1.855s] [ 17%] [32mBuilding CXX object CMakeFiles/lely_motion_controller_bridge.dir/src/motor.cpp.o[0m
[1.855s] [ 17%] [32mBuilding CXX object CMakeFiles/lely_motion_controller_bridge.dir/src/state.cpp.o[0m
[1.855s] [ 23%] [32mBuilding CXX object gtest/CMakeFiles/gtest_main.dir/src/gtest_main.cc.o[0m
[1.855s] [ 29%] [32mBuilding CXX object CMakeFiles/lely_motion_controller_bridge.dir/src/command.cpp.o[0m
[1.856s] [ 35%] [32mBuilding CXX object CMakeFiles/lely_motion_controller_bridge.dir/src/default_homing_mode.cpp.o[0m
[3.369s] [ 41%] [32m[1mLinking CXX static library libgtest_main.a[0m
[3.408s] [ 41%] Built target gtest_main
[5.937s] [ 47%] [32m[1mLinking CXX static library libgtest.a[0m
[6.007s] [ 47%] Built target gtest
[6.034s] [ 52%] [32mBuilding CXX object test/CMakeFiles/test_driver_component.dir/test_driver_component.cpp.o[0m
[11.023s] [ 58%] [32m[1mLinking CXX shared library liblely_motion_controller_bridge.so[0m
[11.410s] [ 58%] Built target lely_motion_controller_bridge
[11.438s] [ 64%] [32mBuilding CXX object CMakeFiles/node_canopen_cia402_driver.dir/src/node_interfaces/node_canopen_402_driver.cpp.o[0m
[13.870s] [ 70%] [32m[1mLinking CXX executable test_driver_component[0m
[14.189s] [ 70%] Built target test_driver_component
[22.746s] [ 76%] [32m[1mLinking CXX shared library libnode_canopen_cia402_driver.so[0m
[23.637s] [ 76%] Built target node_canopen_cia402_driver
[23.662s] [ 82%] [32mBuilding CXX object CMakeFiles/lifecycle_cia402_driver.dir/src/lifecycle_cia402_driver.cpp.o[0m
[23.662s] [ 88%] [32mBuilding CXX object CMakeFiles/cia402_driver.dir/src/cia402_driver.cpp.o[0m
[31.948s] [ 94%] [32m[1mLinking CXX shared library liblifecycle_cia402_driver.so[0m
[31.986s] [100%] [32m[1mLinking CXX shared library libcia402_driver.so[0m
[32.393s] [100%] Built target lifecycle_cia402_driver
[32.431s] [100%] Built target cia402_driver
[32.446s] Invoked command in '/home/ub2004/ros2_ws/build/canopen_402_driver' returned '0': CMAKE_PREFIX_PATH=/home/ub2004/ros2_ws/install/canopen_proxy_driver:/home/ub2004/ros2_ws/install/canopen_base_driver:/home/ub2004/ros2_ws/install/canopen_core:/home/ub2004/ros2_ws/install/lely_core_libraries:/home/ub2004/ros2_ws/install/canopen_interfaces:/home/ub2004/ros2_ws/install/canopen_tests:/home/ub2004/ros2_ws/install/canopen_ros2_controllers:/home/ub2004/ros2_ws/install/canopen_ros2_control:/home/ub2004/ros2_ws/install/canopen:/home/ub2004/ros2_ws/install/canopen_402_driver:/home/ub2004/ros2_ws/install/canopen_master_driver:/home/ub2004/ros2_ws/install/canopen_fake_slaves:/home/ub2004/ros2_ws/install/urdf_tutorial:/home/ub2004/ros2_ws/install/test_py:/home/ub2004/ros2_ws/install/canopen_utils:/home/ub2004/ros2_ws/install/can_comm:/home/ub2004/ros2_ws/install/agv_pak:/opt/ros/humble LD_LIBRARY_PATH=/home/ub2004/ros2_ws/install/canopen_proxy_driver/lib:/home/ub2004/ros2_ws/install/canopen_base_driver/lib:/home/ub2004/ros2_ws/install/canopen_core/lib:/home/ub2004/ros2_ws/install/lely_core_libraries/lib:/home/ub2004/ros2_ws/install/canopen_interfaces/lib:/home/ub2004/ros2_ws/install/canopen_ros2_controllers/lib:/home/ub2004/ros2_ws/install/canopen_ros2_control/lib:/home/ub2004/ros2_ws/install/canopen_402_driver/lib:/home/ub2004/ros2_ws/install/canopen_master_driver/lib:/opt/ros/humble/opt/rviz_ogre_vendor/lib:/opt/ros/humble/lib/x86_64-linux-gnu:/opt/ros/humble/lib PYTHONPATH=/home/ub2004/ros2_ws/install/lely_core_libraries/lib/python3.10/site-packages:/home/ub2004/ros2_ws/build/urdf_tutorial:/home/ub2004/ros2_ws/build/canopen_utils:/home/ub2004/ros2_ws/build/can_comm:/home/ub2004/ros2_ws/build/agv_pak:/home/ub2004/ros2_ws/install/urdf_tutorial/lib/python3.10/site-packages:/home/ub2004/ros2_ws/install/test_py/lib/python3.10/site-packages:/home/ub2004/ros2_ws/install/lely_core_libraries/local/lib/python3.10/dist-packages:/home/ub2004/ros2_ws/install/canopen_utils/lib/python3.10/site-packages:/home/ub2004/ros2_ws/install/canopen_interfaces/local/lib/python3.10/dist-packages:/home/ub2004/ros2_ws/install/can_comm/lib/python3.10/site-packages:/home/ub2004/ros2_ws/install/agv_pak/lib/python3.10/site-packages:/opt/ros/humble/lib/python3.10/site-packages:/opt/ros/humble/local/lib/python3.10/dist-packages /usr/bin/cmake --build /home/ub2004/ros2_ws/build/canopen_402_driver -- -j8 -l8
[32.448s] Invoking command in '/home/ub2004/ros2_ws/build/canopen_402_driver': CMAKE_PREFIX_PATH=/home/ub2004/ros2_ws/install/canopen_proxy_driver:/home/ub2004/ros2_ws/install/canopen_base_driver:/home/ub2004/ros2_ws/install/canopen_core:/home/ub2004/ros2_ws/install/lely_core_libraries:/home/ub2004/ros2_ws/install/canopen_interfaces:/home/ub2004/ros2_ws/install/canopen_tests:/home/ub2004/ros2_ws/install/canopen_ros2_controllers:/home/ub2004/ros2_ws/install/canopen_ros2_control:/home/ub2004/ros2_ws/install/canopen:/home/ub2004/ros2_ws/install/canopen_402_driver:/home/ub2004/ros2_ws/install/canopen_master_driver:/home/ub2004/ros2_ws/install/canopen_fake_slaves:/home/ub2004/ros2_ws/install/urdf_tutorial:/home/ub2004/ros2_ws/install/test_py:/home/ub2004/ros2_ws/install/canopen_utils:/home/ub2004/ros2_ws/install/can_comm:/home/ub2004/ros2_ws/install/agv_pak:/opt/ros/humble LD_LIBRARY_PATH=/home/ub2004/ros2_ws/install/canopen_proxy_driver/lib:/home/ub2004/ros2_ws/install/canopen_base_driver/lib:/home/ub2004/ros2_ws/install/canopen_core/lib:/home/ub2004/ros2_ws/install/lely_core_libraries/lib:/home/ub2004/ros2_ws/install/canopen_interfaces/lib:/home/ub2004/ros2_ws/install/canopen_ros2_controllers/lib:/home/ub2004/ros2_ws/install/canopen_ros2_control/lib:/home/ub2004/ros2_ws/install/canopen_402_driver/lib:/home/ub2004/ros2_ws/install/canopen_master_driver/lib:/opt/ros/humble/opt/rviz_ogre_vendor/lib:/opt/ros/humble/lib/x86_64-linux-gnu:/opt/ros/humble/lib PYTHONPATH=/home/ub2004/ros2_ws/install/lely_core_libraries/lib/python3.10/site-packages:/home/ub2004/ros2_ws/build/urdf_tutorial:/home/ub2004/ros2_ws/build/canopen_utils:/home/ub2004/ros2_ws/build/can_comm:/home/ub2004/ros2_ws/build/agv_pak:/home/ub2004/ros2_ws/install/urdf_tutorial/lib/python3.10/site-packages:/home/ub2004/ros2_ws/install/test_py/lib/python3.10/site-packages:/home/ub2004/ros2_ws/install/lely_core_libraries/local/lib/python3.10/dist-packages:/home/ub2004/ros2_ws/install/canopen_utils/lib/python3.10/site-packages:/home/ub2004/ros2_ws/install/canopen_interfaces/local/lib/python3.10/dist-packages:/home/ub2004/ros2_ws/install/can_comm/lib/python3.10/site-packages:/home/ub2004/ros2_ws/install/agv_pak/lib/python3.10/site-packages:/opt/ros/humble/lib/python3.10/site-packages:/opt/ros/humble/local/lib/python3.10/dist-packages /usr/bin/cmake --install /home/ub2004/ros2_ws/build/canopen_402_driver
[32.457s] -- Install configuration: ""
[32.458s] -- Installing: /home/ub2004/ros2_ws/install/canopen_402_driver/include
[32.458s] -- Installing: /home/ub2004/ros2_ws/install/canopen_402_driver/include/canopen_402_driver
[32.458s] -- Installing: /home/ub2004/ros2_ws/install/canopen_402_driver/include/canopen_402_driver/profiled_position_mode.hpp
[32.458s] -- Installing: /home/ub2004/ros2_ws/install/canopen_402_driver/include/canopen_402_driver/cia402_driver.hpp
[32.458s] -- Installing: /home/ub2004/ros2_ws/install/canopen_402_driver/include/canopen_402_driver/state.hpp
[32.458s] -- Installing: /home/ub2004/ros2_ws/install/canopen_402_driver/include/canopen_402_driver/mode_forward_helper.hpp
[32.458s] -- Installing: /home/ub2004/ros2_ws/install/canopen_402_driver/include/canopen_402_driver/mode.hpp
[32.459s] -- Installing: /home/ub2004/ros2_ws/install/canopen_402_driver/include/canopen_402_driver/homing_mode.hpp
[32.459s] -- Installing: /home/ub2004/ros2_ws/install/canopen_402_driver/include/canopen_402_driver/lifecycle_cia402_driver.hpp
[32.459s] -- Installing: /home/ub2004/ros2_ws/install/canopen_402_driver/include/canopen_402_driver/node_interfaces
[32.459s] -- Installing: /home/ub2004/ros2_ws/install/canopen_402_driver/include/canopen_402_driver/node_interfaces/node_canopen_402_driver_impl.hpp
[32.459s] -- Installing: /home/ub2004/ros2_ws/install/canopen_402_driver/include/canopen_402_driver/node_interfaces/node_canopen_402_driver.hpp
[32.459s] -- Installing: /home/ub2004/ros2_ws/install/canopen_402_driver/include/canopen_402_driver/word_accessor.hpp
[32.459s] -- Installing: /home/ub2004/ros2_ws/install/canopen_402_driver/include/canopen_402_driver/mode_target_helper.hpp
[32.460s] -- Installing: /home/ub2004/ros2_ws/install/canopen_402_driver/include/canopen_402_driver/command.hpp
[32.460s] -- Installing: /home/ub2004/ros2_ws/install/canopen_402_driver/include/canopen_402_driver/default_homing_mode.hpp
[32.460s] -- Installing: /home/ub2004/ros2_ws/install/canopen_402_driver/include/canopen_402_driver/motor.hpp
[32.460s] -- Installing: /home/ub2004/ros2_ws/install/canopen_402_driver/include/canopen_402_driver/visibility_control.h
[32.460s] -- Installing: /home/ub2004/ros2_ws/install/canopen_402_driver/include/canopen_402_driver/base.hpp
[32.460s] -- Installing: /home/ub2004/ros2_ws/install/canopen_402_driver/lib/liblifecycle_cia402_driver.so
[32.461s] -- Set runtime path of "/home/ub2004/ros2_ws/install/canopen_402_driver/lib/liblifecycle_cia402_driver.so" to ""
[32.461s] -- Installing: /home/ub2004/ros2_ws/install/canopen_402_driver/lib/libcia402_driver.so
[32.463s] -- Set runtime path of "/home/ub2004/ros2_ws/install/canopen_402_driver/lib/libcia402_driver.so" to ""
[32.463s] -- Installing: /home/ub2004/ros2_ws/install/canopen_402_driver/lib/libnode_canopen_cia402_driver.so
[32.469s] -- Set runtime path of "/home/ub2004/ros2_ws/install/canopen_402_driver/lib/libnode_canopen_cia402_driver.so" to ""
[32.469s] -- Installing: /home/ub2004/ros2_ws/install/canopen_402_driver/lib/liblely_motion_controller_bridge.so
[32.472s] -- Set runtime path of "/home/ub2004/ros2_ws/install/canopen_402_driver/lib/liblely_motion_controller_bridge.so" to ""
[32.472s] -- Installing: /home/ub2004/ros2_ws/install/canopen_402_driver/share/canopen_402_driver/environment/library_path.sh
[32.472s] -- Installing: /home/ub2004/ros2_ws/install/canopen_402_driver/share/canopen_402_driver/environment/library_path.dsv
[32.472s] -- Installing: /home/ub2004/ros2_ws/install/canopen_402_driver/share/ament_index/resource_index/package_run_dependencies/canopen_402_driver
[32.473s] -- Installing: /home/ub2004/ros2_ws/install/canopen_402_driver/share/ament_index/resource_index/parent_prefix_path/canopen_402_driver
[32.473s] -- Installing: /home/ub2004/ros2_ws/install/canopen_402_driver/share/canopen_402_driver/environment/ament_prefix_path.sh
[32.473s] -- Installing: /home/ub2004/ros2_ws/install/canopen_402_driver/share/canopen_402_driver/environment/ament_prefix_path.dsv
[32.473s] -- Installing: /home/ub2004/ros2_ws/install/canopen_402_driver/share/canopen_402_driver/environment/path.sh
[32.473s] -- Installing: /home/ub2004/ros2_ws/install/canopen_402_driver/share/canopen_402_driver/environment/path.dsv
[32.473s] -- Installing: /home/ub2004/ros2_ws/install/canopen_402_driver/share/canopen_402_driver/local_setup.bash
[32.474s] -- Installing: /home/ub2004/ros2_ws/install/canopen_402_driver/share/canopen_402_driver/local_setup.sh
[32.474s] -- Installing: /home/ub2004/ros2_ws/install/canopen_402_driver/share/canopen_402_driver/local_setup.zsh
[32.474s] -- Installing: /home/ub2004/ros2_ws/install/canopen_402_driver/share/canopen_402_driver/local_setup.dsv
[32.474s] -- Installing: /home/ub2004/ros2_ws/install/canopen_402_driver/share/canopen_402_driver/package.dsv
[32.474s] -- Installing: /home/ub2004/ros2_ws/install/canopen_402_driver/share/ament_index/resource_index/packages/canopen_402_driver
[32.474s] -- Installing: /home/ub2004/ros2_ws/install/canopen_402_driver/share/ament_index/resource_index/rclcpp_components/canopen_402_driver
[32.475s] -- Installing: /home/ub2004/ros2_ws/install/canopen_402_driver/share/canopen_402_driver/cmake/export_canopen_402_driverExport.cmake
[32.475s] -- Installing: /home/ub2004/ros2_ws/install/canopen_402_driver/share/canopen_402_driver/cmake/export_canopen_402_driverExport-noconfig.cmake
[32.475s] -- Installing: /home/ub2004/ros2_ws/install/canopen_402_driver/share/canopen_402_driver/cmake/ament_cmake_export_include_directories-extras.cmake
[32.475s] -- Installing: /home/ub2004/ros2_ws/install/canopen_402_driver/share/canopen_402_driver/cmake/ament_cmake_export_libraries-extras.cmake
[32.475s] -- Installing: /home/ub2004/ros2_ws/install/canopen_402_driver/share/canopen_402_driver/cmake/ament_cmake_export_targets-extras.cmake
[32.475s] -- Installing: /home/ub2004/ros2_ws/install/canopen_402_driver/share/canopen_402_driver/cmake/ament_cmake_export_dependencies-extras.cmake
[32.475s] -- Installing: /home/ub2004/ros2_ws/install/canopen_402_driver/share/canopen_402_driver/cmake/canopen_402_driverConfig.cmake
[32.476s] -- Installing: /home/ub2004/ros2_ws/install/canopen_402_driver/share/canopen_402_driver/cmake/canopen_402_driverConfig-version.cmake
[32.476s] -- Installing: /home/ub2004/ros2_ws/install/canopen_402_driver/share/canopen_402_driver/package.xml
[32.478s] Invoked command in '/home/ub2004/ros2_ws/build/canopen_402_driver' returned '0': CMAKE_PREFIX_PATH=/home/ub2004/ros2_ws/install/canopen_proxy_driver:/home/ub2004/ros2_ws/install/canopen_base_driver:/home/ub2004/ros2_ws/install/canopen_core:/home/ub2004/ros2_ws/install/lely_core_libraries:/home/ub2004/ros2_ws/install/canopen_interfaces:/home/ub2004/ros2_ws/install/canopen_tests:/home/ub2004/ros2_ws/install/canopen_ros2_controllers:/home/ub2004/ros2_ws/install/canopen_ros2_control:/home/ub2004/ros2_ws/install/canopen:/home/ub2004/ros2_ws/install/canopen_402_driver:/home/ub2004/ros2_ws/install/canopen_master_driver:/home/ub2004/ros2_ws/install/canopen_fake_slaves:/home/ub2004/ros2_ws/install/urdf_tutorial:/home/ub2004/ros2_ws/install/test_py:/home/ub2004/ros2_ws/install/canopen_utils:/home/ub2004/ros2_ws/install/can_comm:/home/ub2004/ros2_ws/install/agv_pak:/opt/ros/humble LD_LIBRARY_PATH=/home/ub2004/ros2_ws/install/canopen_proxy_driver/lib:/home/ub2004/ros2_ws/install/canopen_base_driver/lib:/home/ub2004/ros2_ws/install/canopen_core/lib:/home/ub2004/ros2_ws/install/lely_core_libraries/lib:/home/ub2004/ros2_ws/install/canopen_interfaces/lib:/home/ub2004/ros2_ws/install/canopen_ros2_controllers/lib:/home/ub2004/ros2_ws/install/canopen_ros2_control/lib:/home/ub2004/ros2_ws/install/canopen_402_driver/lib:/home/ub2004/ros2_ws/install/canopen_master_driver/lib:/opt/ros/humble/opt/rviz_ogre_vendor/lib:/opt/ros/humble/lib/x86_64-linux-gnu:/opt/ros/humble/lib PYTHONPATH=/home/ub2004/ros2_ws/install/lely_core_libraries/lib/python3.10/site-packages:/home/ub2004/ros2_ws/build/urdf_tutorial:/home/ub2004/ros2_ws/build/canopen_utils:/home/ub2004/ros2_ws/build/can_comm:/home/ub2004/ros2_ws/build/agv_pak:/home/ub2004/ros2_ws/install/urdf_tutorial/lib/python3.10/site-packages:/home/ub2004/ros2_ws/install/test_py/lib/python3.10/site-packages:/home/ub2004/ros2_ws/install/lely_core_libraries/local/lib/python3.10/dist-packages:/home/ub2004/ros2_ws/install/canopen_utils/lib/python3.10/site-packages:/home/ub2004/ros2_ws/install/canopen_interfaces/local/lib/python3.10/dist-packages:/home/ub2004/ros2_ws/install/can_comm/lib/python3.10/site-packages:/home/ub2004/ros2_ws/install/agv_pak/lib/python3.10/site-packages:/opt/ros/humble/lib/python3.10/site-packages:/opt/ros/humble/local/lib/python3.10/dist-packages /usr/bin/cmake --install /home/ub2004/ros2_ws/build/canopen_402_driver
