[2.064s] Invoking command in '/home/ub2004/ros2_ws/src/agv_pak': PYTHONPATH=/home/ub2004/ros2_ws/src/build/agv_pak/prefix_override:/usr/lib/python3/dist-packages/colcon_core/task/python/colcon_distutils_commands:/home/ub2004/ros2_ws/src/install/agv_pak/lib/python3.10/site-packages:${PYTHONPATH} /usr/bin/python3 -W ignore:setup.py install is deprecated -W ignore:easy_install command is deprecated setup.py egg_info --egg-base ../build/agv_pak build --build-base /home/ub2004/ros2_ws/src/build/agv_pak/build install --record /home/ub2004/ros2_ws/src/build/agv_pak/install.log --single-version-externally-managed install_data
[2.610s] running egg_info
[2.611s] creating ../build/agv_pak/agv_pak.egg-info
[2.611s] writing ../build/agv_pak/agv_pak.egg-info/PKG-INFO
[2.611s] writing dependency_links to ../build/agv_pak/agv_pak.egg-info/dependency_links.txt
[2.611s] writing entry points to ../build/agv_pak/agv_pak.egg-info/entry_points.txt
[2.612s] writing requirements to ../build/agv_pak/agv_pak.egg-info/requires.txt
[2.612s] writing top-level names to ../build/agv_pak/agv_pak.egg-info/top_level.txt
[2.612s] writing manifest file '../build/agv_pak/agv_pak.egg-info/SOURCES.txt'
[2.616s] reading manifest file '../build/agv_pak/agv_pak.egg-info/SOURCES.txt'
[2.616s] adding license file 'LICENSE'
[2.617s] writing manifest file '../build/agv_pak/agv_pak.egg-info/SOURCES.txt'
[2.618s] running build
[2.621s] running build_py
[2.621s] creating /home/ub2004/ros2_ws/src/build/agv_pak/build
[2.621s] creating /home/ub2004/ros2_ws/src/build/agv_pak/build/lib
[2.621s] creating /home/ub2004/ros2_ws/src/build/agv_pak/build/lib/scripts
[2.621s] copying scripts/can_talker.py -> /home/ub2004/ros2_ws/src/build/agv_pak/build/lib/scripts
[2.621s] copying scripts/__init__.py -> /home/ub2004/ros2_ws/src/build/agv_pak/build/lib/scripts
[2.621s] creating /home/ub2004/ros2_ws/src/build/agv_pak/build/lib/agv_pak
[2.622s] copying agv_pak/agv_test_node.py -> /home/ub2004/ros2_ws/src/build/agv_pak/build/lib/agv_pak
[2.622s] copying agv_pak/agv_node_2.py -> /home/ub2004/ros2_ws/src/build/agv_pak/build/lib/agv_pak
[2.622s] copying agv_pak/agv_node.py -> /home/ub2004/ros2_ws/src/build/agv_pak/build/lib/agv_pak
[2.622s] copying agv_pak/__init__.py -> /home/ub2004/ros2_ws/src/build/agv_pak/build/lib/agv_pak
[2.622s] running install
[2.622s] running install_lib
[2.622s] creating /home/ub2004/ros2_ws/src/install/agv_pak/lib/python3.10/site-packages/scripts
[2.623s] copying /home/ub2004/ros2_ws/src/build/agv_pak/build/lib/scripts/can_talker.py -> /home/ub2004/ros2_ws/src/install/agv_pak/lib/python3.10/site-packages/scripts
[2.623s] copying /home/ub2004/ros2_ws/src/build/agv_pak/build/lib/scripts/__init__.py -> /home/ub2004/ros2_ws/src/install/agv_pak/lib/python3.10/site-packages/scripts
[2.623s] creating /home/ub2004/ros2_ws/src/install/agv_pak/lib/python3.10/site-packages/agv_pak
[2.623s] copying /home/ub2004/ros2_ws/src/build/agv_pak/build/lib/agv_pak/agv_test_node.py -> /home/ub2004/ros2_ws/src/install/agv_pak/lib/python3.10/site-packages/agv_pak
[2.623s] copying /home/ub2004/ros2_ws/src/build/agv_pak/build/lib/agv_pak/agv_node_2.py -> /home/ub2004/ros2_ws/src/install/agv_pak/lib/python3.10/site-packages/agv_pak
[2.623s] copying /home/ub2004/ros2_ws/src/build/agv_pak/build/lib/agv_pak/agv_node.py -> /home/ub2004/ros2_ws/src/install/agv_pak/lib/python3.10/site-packages/agv_pak
[2.624s] copying /home/ub2004/ros2_ws/src/build/agv_pak/build/lib/agv_pak/__init__.py -> /home/ub2004/ros2_ws/src/install/agv_pak/lib/python3.10/site-packages/agv_pak
[2.624s] byte-compiling /home/ub2004/ros2_ws/src/install/agv_pak/lib/python3.10/site-packages/scripts/can_talker.py to can_talker.cpython-310.pyc
[2.625s] byte-compiling /home/ub2004/ros2_ws/src/install/agv_pak/lib/python3.10/site-packages/scripts/__init__.py to __init__.cpython-310.pyc
[2.625s] byte-compiling /home/ub2004/ros2_ws/src/install/agv_pak/lib/python3.10/site-packages/agv_pak/agv_test_node.py to agv_test_node.cpython-310.pyc
[2.625s] byte-compiling /home/ub2004/ros2_ws/src/install/agv_pak/lib/python3.10/site-packages/agv_pak/agv_node_2.py to agv_node_2.cpython-310.pyc
[2.628s] byte-compiling /home/ub2004/ros2_ws/src/install/agv_pak/lib/python3.10/site-packages/agv_pak/agv_node.py to agv_node.cpython-310.pyc
[2.629s] byte-compiling /home/ub2004/ros2_ws/src/install/agv_pak/lib/python3.10/site-packages/agv_pak/__init__.py to __init__.cpython-310.pyc
[2.629s] running install_data
[2.629s] creating /home/ub2004/ros2_ws/src/install/agv_pak/share/ament_index
[2.630s] creating /home/ub2004/ros2_ws/src/install/agv_pak/share/ament_index/resource_index
[2.630s] creating /home/ub2004/ros2_ws/src/install/agv_pak/share/ament_index/resource_index/packages
[2.630s] copying resource/agv_pak -> /home/ub2004/ros2_ws/src/install/agv_pak/share/ament_index/resource_index/packages
[2.630s] copying package.xml -> /home/ub2004/ros2_ws/src/install/agv_pak/share/agv_pak
[2.630s] creating /home/ub2004/ros2_ws/src/install/agv_pak/share/agv_pak/scripts
[2.631s] copying scripts/can_talker.py -> /home/ub2004/ros2_ws/src/install/agv_pak/share/agv_pak/scripts
[2.631s] running install_egg_info
[2.634s] Copying ../build/agv_pak/agv_pak.egg-info to /home/ub2004/ros2_ws/src/install/agv_pak/lib/python3.10/site-packages/agv_pak-0.0.0-py3.10.egg-info
[2.636s] running install_scripts
[2.680s] Installing agv_node script to /home/ub2004/ros2_ws/src/install/agv_pak/lib/agv_pak
[2.682s] Installing agv_node_2 script to /home/ub2004/ros2_ws/src/install/agv_pak/lib/agv_pak
[2.682s] Installing agv_test_node.py script to /home/ub2004/ros2_ws/src/install/agv_pak/lib/agv_pak
[2.682s] Installing can_talker script to /home/ub2004/ros2_ws/src/install/agv_pak/lib/agv_pak
[2.682s] writing list of installed files to '/home/ub2004/ros2_ws/src/build/agv_pak/install.log'
[2.729s] Invoked command in '/home/ub2004/ros2_ws/src/agv_pak' returned '0': PYTHONPATH=/home/ub2004/ros2_ws/src/build/agv_pak/prefix_override:/usr/lib/python3/dist-packages/colcon_core/task/python/colcon_distutils_commands:/home/ub2004/ros2_ws/src/install/agv_pak/lib/python3.10/site-packages:${PYTHONPATH} /usr/bin/python3 -W ignore:setup.py install is deprecated -W ignore:easy_install command is deprecated setup.py egg_info --egg-base ../build/agv_pak build --build-base /home/ub2004/ros2_ws/src/build/agv_pak/build install --record /home/ub2004/ros2_ws/src/build/agv_pak/install.log --single-version-externally-managed install_data
