[0.000000] (-) TimerEvent: {}
[0.000216] (-) JobUnselected: {'identifier': 'agv_pak'}
[0.000632] (-) JobUnselected: {'identifier': 'can_comm'}
[0.000659] (-) JobUnselected: {'identifier': 'canopen'}
[0.000677] (-) JobUnselected: {'identifier': 'canopen_402_driver'}
[0.000693] (-) JobUnselected: {'identifier': 'canopen_base_driver'}
[0.000709] (-) JobUnselected: {'identifier': 'canopen_core'}
[0.000724] (-) JobUnselected: {'identifier': 'canopen_fake_slaves'}
[0.000739] (-) JobUnselected: {'identifier': 'canopen_interfaces'}
[0.000754] (-) JobUnselected: {'identifier': 'canopen_master_driver'}
[0.000769] (-) JobUnselected: {'identifier': 'canopen_proxy_driver'}
[0.000783] (-) JobUnselected: {'identifier': 'canopen_ros2_control'}
[0.000798] (-) JobUnselected: {'identifier': 'canopen_ros2_controllers'}
[0.000812] (-) JobUnselected: {'identifier': 'canopen_tests'}
[0.000827] (-) JobUnselected: {'identifier': 'canopen_utils'}
[0.000841] (-) JobUnselected: {'identifier': 'lely_core_libraries'}
[0.000856] (-) JobUnselected: {'identifier': 'urdf_tutorial'}
[0.000873] (test_py) JobQueued: {'identifier': 'test_py', 'dependencies': OrderedDict()}
[0.000891] (test_py) JobStarted: {'identifier': 'test_py'}
[0.099729] (-) TimerEvent: {}
[0.199981] (-) TimerEvent: {}
[0.300302] (-) TimerEvent: {}
[0.301423] (test_py) StderrLine: {'line': b'Traceback (most recent call last):\n  File "/usr/lib/python3/dist-packages/colcon_core/executor/__init__.py", line 91, in __call__\n    rc = await self.task(*args, **kwargs)\n  File "/usr/lib/python3/dist-packages/colcon_core/task/__init__.py", line 93, in __call__\n    return await task_method(*args, **kwargs)\n  File "/usr/lib/python3/dist-packages/colcon_ros/task/ament_python/build.py", line 51, in build\n    setup_py_data = get_setup_data(self.context.pkg, env)\n  File "/usr/lib/python3/dist-packages/colcon_core/task/python/__init__.py", line 20, in get_setup_data\n    return dict(pkg.metadata[key](env))\n  File "/usr/lib/python3/dist-packages/colcon_ros/package_augmentation/ros_ament_python.py", line 57, in getter\n    return get_setup_information(\n  File "/usr/lib/python3/dist-packages/colcon_python_setup_py/package_identification/python_setup_py.py", line 249, in get_setup_information\n    _setup_information_cache[hashable_env] = _get_setup_information(\n  File "/usr/lib/python3/dist-packages/colcon_python_setup_py/package_identification/python_setup_py.py", line 296, in _get_setup_information\n    result = subprocess.run(\n  File "/usr/lib/python3.10/subprocess.py", line 526, in run\n    raise CalledProcessError(retcode, process.args,\nsubprocess.CalledProcessError: Command \'[\'/usr/bin/python3\', \'-c\', \'import sys;from contextlib import suppress;exec("with suppress(ImportError):    from setuptools.extern.packaging.specifiers    import SpecifierSet");exec("with suppress(ImportError):    from packaging.specifiers import SpecifierSet");from distutils.core import run_setup;dist = run_setup(    \\\'setup.py\\\', script_args=(\\\'--dry-run\\\',), stop_after=\\\'config\\\');skip_keys = (\\\'cmdclass\\\', \\\'distclass\\\', \\\'ext_modules\\\', \\\'metadata\\\');data = {    key: value for key, value in dist.__dict__.items()     if (        not key.startswith(\\\'_\\\') and         not callable(value) and         key not in skip_keys and         key not in dist.display_option_names    )};data[\\\'metadata\\\'] = {    k: v for k, v in dist.metadata.__dict__.items()     if k not in (\\\'license_files\\\', \\\'provides_extras\\\')};sys.stdout.buffer.write(repr(data).encode(\\\'utf-8\\\'))\']\' returned non-zero exit status 1.\n'}
[0.301828] (test_py) JobEnded: {'identifier': 'test_py', 'rc': 1}
[0.311955] (-) EventReactorShutdown: {}
