[0.761s] Invoking command in '/home/ub2004/ros2_ws/build/canopen_utils': CMAKE_PREFIX_PATH=/home/ub2004/ros2_ws/install/canopen_interfaces:/path/to/ydlidar_sdk:/home/ub2004/ros2_ws/install/canopen_tests:/home/ub2004/ros2_ws/install/canopen_ros2_controllers:/home/ub2004/ros2_ws/install/canopen_ros2_control:/home/ub2004/ros2_ws/install/canopen:/home/ub2004/ros2_ws/install/canopen_402_driver:/home/ub2004/ros2_ws/install/canopen_proxy_driver:/home/ub2004/ros2_ws/install/canopen_master_driver:/home/ub2004/ros2_ws/install/canopen_fake_slaves:/home/ub2004/ros2_ws/install/canopen_base_driver:/home/ub2004/ros2_ws/install/canopen_core:/home/ub2004/ros2_ws/install/lely_core_libraries LD_LIBRARY_PATH=/home/ub2004/ros2_ws/install/canopen_interfaces/lib:/home/ub2004/ros2_ws/install/canopen_ros2_controllers/lib:/home/ub2004/ros2_ws/install/canopen_ros2_control/lib:/home/ub2004/ros2_ws/install/canopen_402_driver/lib:/home/ub2004/ros2_ws/install/canopen_proxy_driver/lib:/home/ub2004/ros2_ws/install/canopen_master_driver/lib:/home/ub2004/ros2_ws/install/canopen_base_driver/lib:/home/ub2004/ros2_ws/install/canopen_core/lib:/home/ub2004/ros2_ws/install/lely_core_libraries/lib:/opt/ros/humble/opt/rviz_ogre_vendor/lib:/opt/ros/humble/lib/x86_64-linux-gnu:/opt/ros/humble/lib PYTHONPATH=/home/ub2004/ros2_ws/build/canopen_utils/prefix_override:/usr/lib/python3/dist-packages/colcon_core/task/python/colcon_distutils_commands:/home/ub2004/ros2_ws/install/canopen_utils/lib/python3.10/site-packages:${PYTHONPATH} /usr/bin/python3 -W ignore:setup.py install is deprecated -W ignore:easy_install command is deprecated setup.py develop --editable --build-directory /home/ub2004/ros2_ws/build/canopen_utils/build --no-deps symlink_data
[1.065s] running develop
[1.297s] running egg_info
[1.297s] creating canopen_utils.egg-info
[1.297s] writing canopen_utils.egg-info/PKG-INFO
[1.297s] writing dependency_links to canopen_utils.egg-info/dependency_links.txt
[1.297s] writing entry points to canopen_utils.egg-info/entry_points.txt
[1.298s] writing requirements to canopen_utils.egg-info/requires.txt
[1.298s] writing top-level names to canopen_utils.egg-info/top_level.txt
[1.298s] writing manifest file 'canopen_utils.egg-info/SOURCES.txt'
[1.301s] reading manifest file 'canopen_utils.egg-info/SOURCES.txt'
[1.302s] writing manifest file 'canopen_utils.egg-info/SOURCES.txt'
[1.305s] running build_ext
[1.305s] Creating /home/ub2004/ros2_ws/install/canopen_utils/lib/python3.10/site-packages/canopen-utils.egg-link (link to .)
[1.306s] Installing cyclic_tester script to /home/ub2004/ros2_ws/install/canopen_utils/lib/canopen_utils
[1.306s] Installing simple_tester script to /home/ub2004/ros2_ws/install/canopen_utils/lib/canopen_utils
[1.307s] 
[1.307s] Installed /home/ub2004/ros2_ws/build/canopen_utils
[1.307s] running symlink_data
[1.307s] creating /home/ub2004/ros2_ws/install/canopen_utils/share/ament_index
[1.307s] creating /home/ub2004/ros2_ws/install/canopen_utils/share/ament_index/resource_index
[1.308s] creating /home/ub2004/ros2_ws/install/canopen_utils/share/ament_index/resource_index/packages
[1.308s] symbolically linking /home/ub2004/ros2_ws/build/canopen_utils/resource/canopen_utils -> /home/ub2004/ros2_ws/install/canopen_utils/share/ament_index/resource_index/packages
[1.308s] symbolically linking /home/ub2004/ros2_ws/build/canopen_utils/package.xml -> /home/ub2004/ros2_ws/install/canopen_utils/share/canopen_utils
[1.367s] Invoked command in '/home/ub2004/ros2_ws/build/canopen_utils' returned '0': CMAKE_PREFIX_PATH=/home/ub2004/ros2_ws/install/canopen_interfaces:/path/to/ydlidar_sdk:/home/ub2004/ros2_ws/install/canopen_tests:/home/ub2004/ros2_ws/install/canopen_ros2_controllers:/home/ub2004/ros2_ws/install/canopen_ros2_control:/home/ub2004/ros2_ws/install/canopen:/home/ub2004/ros2_ws/install/canopen_402_driver:/home/ub2004/ros2_ws/install/canopen_proxy_driver:/home/ub2004/ros2_ws/install/canopen_master_driver:/home/ub2004/ros2_ws/install/canopen_fake_slaves:/home/ub2004/ros2_ws/install/canopen_base_driver:/home/ub2004/ros2_ws/install/canopen_core:/home/ub2004/ros2_ws/install/lely_core_libraries LD_LIBRARY_PATH=/home/ub2004/ros2_ws/install/canopen_interfaces/lib:/home/ub2004/ros2_ws/install/canopen_ros2_controllers/lib:/home/ub2004/ros2_ws/install/canopen_ros2_control/lib:/home/ub2004/ros2_ws/install/canopen_402_driver/lib:/home/ub2004/ros2_ws/install/canopen_proxy_driver/lib:/home/ub2004/ros2_ws/install/canopen_master_driver/lib:/home/ub2004/ros2_ws/install/canopen_base_driver/lib:/home/ub2004/ros2_ws/install/canopen_core/lib:/home/ub2004/ros2_ws/install/lely_core_libraries/lib:/opt/ros/humble/opt/rviz_ogre_vendor/lib:/opt/ros/humble/lib/x86_64-linux-gnu:/opt/ros/humble/lib PYTHONPATH=/home/ub2004/ros2_ws/build/canopen_utils/prefix_override:/usr/lib/python3/dist-packages/colcon_core/task/python/colcon_distutils_commands:/home/ub2004/ros2_ws/install/canopen_utils/lib/python3.10/site-packages:${PYTHONPATH} /usr/bin/python3 -W ignore:setup.py install is deprecated -W ignore:easy_install command is deprecated setup.py develop --editable --build-directory /home/ub2004/ros2_ws/build/canopen_utils/build --no-deps symlink_data
