[0.046s] Invoking command in '/home/ub2004/ros2_ws/src/build/canopen_interfaces': CMAKE_PREFIX_PATH=${CMAKE_PREFIX_PATH}:/home/ub2004/ros2_ws/install/urdf_tutorial:/home/ub2004/ros2_ws/install/test_py:/home/ub2004/ros2_ws/install/canopen_utils:/home/ub2004/ros2_ws/install/can_comm:/home/ub2004/ros2_ws/install/agv_pak:/opt/ros/humble /usr/bin/cmake /home/ub2004/ros2_ws/src/ros2_canopen/canopen_interfaces -DCMAKE_INSTALL_PREFIX=/home/ub2004/ros2_ws/src/install/canopen_interfaces
[0.779s] -- The C compiler identification is GNU 11.4.0
[0.780s] -- The CXX compiler identification is GNU 11.4.0
[0.780s] -- Detecting C compiler ABI info
[0.781s] -- Detecting C compiler ABI info - done
[0.781s] -- Check for working C compiler: /usr/bin/cc - skipped
[0.782s] -- Detecting C compile features
[0.782s] -- Detecting C compile features - done
[0.782s] -- Detecting CXX compiler ABI info
[0.782s] -- Detecting CXX compiler ABI info - done
[0.782s] -- Check for working CXX compiler: /usr/bin/c++ - skipped
[0.783s] -- Detecting CXX compile features
[0.783s] -- Detecting CXX compile features - done
[0.783s] -- Found ament_cmake: 1.3.11 (/opt/ros/humble/share/ament_cmake/cmake)
[0.783s] -- Found Python3: /usr/bin/python3 (found version "3.10.12") found components: Interpreter 
[0.817s] -- Found rosidl_default_generators: 1.2.0 (/opt/ros/humble/share/rosidl_default_generators/cmake)
[0.824s] -- Using all available rosidl_typesupport_c: rosidl_typesupport_fastrtps_c;rosidl_typesupport_introspection_c
[0.838s] -- Found rosidl_adapter: 3.1.6 (/opt/ros/humble/share/rosidl_adapter/cmake)
[0.900s] -- Using all available rosidl_typesupport_cpp: rosidl_typesupport_fastrtps_cpp;rosidl_typesupport_introspection_cpp
[1.680s] -- Found ament_cmake_ros: 0.10.0 (/opt/ros/humble/share/ament_cmake_ros/cmake)
[2.228s] -- Using all available rosidl_typesupport_c: rosidl_typesupport_fastrtps_c;rosidl_typesupport_introspection_c
[2.758s] -- Using all available rosidl_typesupport_cpp: rosidl_typesupport_fastrtps_cpp;rosidl_typesupport_introspection_cpp
[2.796s] -- Found PythonInterp: /usr/bin/python3 (found suitable version "3.10.12", minimum required is "3.6") 
[2.800s] -- Found python_cmake_module: 0.10.0 (/opt/ros/humble/share/python_cmake_module/cmake)
[2.836s] -- Found PythonLibs: /usr/lib/x86_64-linux-gnu/libpython3.10.so (found suitable version "3.10.12", minimum required is "3.5") 
[2.836s] -- Using PYTHON_EXECUTABLE: /usr/bin/python3
[2.837s] -- Using PYTHON_INCLUDE_DIRS: /usr/include/python3.10
[2.837s] -- Using PYTHON_LIBRARIES: /usr/lib/x86_64-linux-gnu/libpython3.10.so
[2.872s] -- Found PythonExtra: .so  
[2.925s] -- Found ament_lint_auto: 0.12.11 (/opt/ros/humble/share/ament_lint_auto/cmake)
[2.989s] -- Added test 'copyright' to check source files copyright and LICENSE
[2.991s] -- Added test 'lint_cmake' to check CMake code style
[2.994s] -- Added test 'xmllint' to check XML markup files
[2.999s] -- Configuring done
[3.084s] -- Generating done
[3.106s] -- Build files have been written to: /home/ub2004/ros2_ws/src/build/canopen_interfaces
[3.116s] Invoked command in '/home/ub2004/ros2_ws/src/build/canopen_interfaces' returned '0': CMAKE_PREFIX_PATH=${CMAKE_PREFIX_PATH}:/home/ub2004/ros2_ws/install/urdf_tutorial:/home/ub2004/ros2_ws/install/test_py:/home/ub2004/ros2_ws/install/canopen_utils:/home/ub2004/ros2_ws/install/can_comm:/home/ub2004/ros2_ws/install/agv_pak:/opt/ros/humble /usr/bin/cmake /home/ub2004/ros2_ws/src/ros2_canopen/canopen_interfaces -DCMAKE_INSTALL_PREFIX=/home/ub2004/ros2_ws/src/install/canopen_interfaces
[3.119s] Invoking command in '/home/ub2004/ros2_ws/src/build/canopen_interfaces': CMAKE_PREFIX_PATH=${CMAKE_PREFIX_PATH}:/home/ub2004/ros2_ws/install/urdf_tutorial:/home/ub2004/ros2_ws/install/test_py:/home/ub2004/ros2_ws/install/canopen_utils:/home/ub2004/ros2_ws/install/can_comm:/home/ub2004/ros2_ws/install/agv_pak:/opt/ros/humble /usr/bin/cmake --build /home/ub2004/ros2_ws/src/build/canopen_interfaces -- -j8 -l8
[3.190s] [  1%] [34m[1mGenerating C code for ROS interfaces[0m
[3.210s] [  2%] [34m[1mGenerating C++ code for ROS interfaces[0m
[3.224s] [  2%] Built target ament_cmake_python_copy_canopen_interfaces
[3.610s] running egg_info
[3.611s] creating canopen_interfaces.egg-info
[3.611s] writing canopen_interfaces.egg-info/PKG-INFO
[3.611s] writing dependency_links to canopen_interfaces.egg-info/dependency_links.txt
[3.612s] writing top-level names to canopen_interfaces.egg-info/top_level.txt
[3.612s] writing manifest file 'canopen_interfaces.egg-info/SOURCES.txt'
[3.615s] reading manifest file 'canopen_interfaces.egg-info/SOURCES.txt'
[3.616s] writing manifest file 'canopen_interfaces.egg-info/SOURCES.txt'
[3.655s] [  2%] Built target ament_cmake_python_build_canopen_interfaces_egg
[4.675s] [  3%] [32mBuilding C object CMakeFiles/canopen_interfaces__rosidl_generator_c.dir/rosidl_generator_c/canopen_interfaces/srv/detail/co_nmt_id__functions.c.o[0m
[4.675s] [  4%] [32mBuilding C object CMakeFiles/canopen_interfaces__rosidl_generator_c.dir/rosidl_generator_c/canopen_interfaces/srv/detail/co_write__functions.c.o[0m
[4.675s] [  5%] [32mBuilding C object CMakeFiles/canopen_interfaces__rosidl_generator_c.dir/rosidl_generator_c/canopen_interfaces/srv/detail/co_heartbeat_id__functions.c.o[0m
[4.675s] [  6%] [32mBuilding C object CMakeFiles/canopen_interfaces__rosidl_generator_c.dir/rosidl_generator_c/canopen_interfaces/srv/detail/co_read__functions.c.o[0m
[4.679s] [  7%] [32mBuilding C object CMakeFiles/canopen_interfaces__rosidl_generator_c.dir/rosidl_generator_c/canopen_interfaces/srv/detail/co_read_id__functions.c.o[0m
[4.680s] [  8%] [32mBuilding C object CMakeFiles/canopen_interfaces__rosidl_generator_c.dir/rosidl_generator_c/canopen_interfaces/srv/detail/co_target_double__functions.c.o[0m
[4.684s] [  9%] [32mBuilding C object CMakeFiles/canopen_interfaces__rosidl_generator_c.dir/rosidl_generator_c/canopen_interfaces/srv/detail/co_write_id__functions.c.o[0m
[4.807s] [ 10%] [32mBuilding C object CMakeFiles/canopen_interfaces__rosidl_generator_c.dir/rosidl_generator_c/canopen_interfaces/srv/detail/co_node__functions.c.o[0m
[4.821s] [ 11%] [32mBuilding C object CMakeFiles/canopen_interfaces__rosidl_generator_c.dir/rosidl_generator_c/canopen_interfaces/msg/detail/co_data__functions.c.o[0m
[4.988s] [ 12%] [32m[1mLinking C shared library libcanopen_interfaces__rosidl_generator_c.so[0m
[5.040s] [ 12%] Built target canopen_interfaces__cpp
[5.072s] [ 13%] [34m[1mGenerating C++ type support dispatch for ROS interfaces[0m
[5.073s] [ 14%] [34m[1mGenerating C++ introspection for ROS interfaces[0m
[5.077s] [ 14%] Built target canopen_interfaces__rosidl_generator_c
[5.081s] [ 15%] [34m[1mGenerating C++ type support for eProsima Fast-RTPS[0m
[5.114s] [ 16%] [34m[1mGenerating C introspection for ROS interfaces[0m
[5.114s] [ 17%] [34m[1mGenerating C type support for eProsima Fast-RTPS[0m
[5.123s] [ 18%] [34m[1mGenerating C type support dispatch for ROS interfaces[0m
[6.374s] [ 20%] [32mBuilding CXX object CMakeFiles/canopen_interfaces__rosidl_typesupport_cpp.dir/rosidl_typesupport_cpp/canopen_interfaces/srv/co_heartbeat_id__type_support.cpp.o[0m
[6.391s] [ 21%] [32mBuilding CXX object CMakeFiles/canopen_interfaces__rosidl_typesupport_cpp.dir/rosidl_typesupport_cpp/canopen_interfaces/srv/co_nmt_id__type_support.cpp.o[0m
[6.435s] [ 22%] [32mBuilding CXX object CMakeFiles/canopen_interfaces__rosidl_typesupport_cpp.dir/rosidl_typesupport_cpp/canopen_interfaces/srv/co_read__type_support.cpp.o[0m
[6.604s] [ 23%] [32mBuilding CXX object CMakeFiles/canopen_interfaces__rosidl_typesupport_c.dir/rosidl_typesupport_c/canopen_interfaces/srv/co_heartbeat_id__type_support.cpp.o[0m
[6.726s] [ 24%] [32mBuilding CXX object CMakeFiles/canopen_interfaces__rosidl_typesupport_c.dir/rosidl_typesupport_c/canopen_interfaces/srv/co_nmt_id__type_support.cpp.o[0m
[6.843s] [ 25%] [32mBuilding CXX object CMakeFiles/canopen_interfaces__rosidl_typesupport_c.dir/rosidl_typesupport_c/canopen_interfaces/srv/co_read__type_support.cpp.o[0m
[6.901s] [ 26%] [32mBuilding CXX object CMakeFiles/canopen_interfaces__rosidl_typesupport_c.dir/rosidl_typesupport_c/canopen_interfaces/srv/co_read_id__type_support.cpp.o[0m
[6.947s] [ 27%] [32mBuilding CXX object CMakeFiles/canopen_interfaces__rosidl_typesupport_c.dir/rosidl_typesupport_c/canopen_interfaces/srv/co_write__type_support.cpp.o[0m
[6.987s] [ 28%] [32mBuilding CXX object CMakeFiles/canopen_interfaces__rosidl_typesupport_cpp.dir/rosidl_typesupport_cpp/canopen_interfaces/srv/co_read_id__type_support.cpp.o[0m
[7.032s] [ 29%] [32mBuilding CXX object CMakeFiles/canopen_interfaces__rosidl_typesupport_cpp.dir/rosidl_typesupport_cpp/canopen_interfaces/srv/co_write__type_support.cpp.o[0m
[7.071s] [ 30%] [32mBuilding CXX object CMakeFiles/canopen_interfaces__rosidl_typesupport_c.dir/rosidl_typesupport_c/canopen_interfaces/srv/co_write_id__type_support.cpp.o[0m
[7.158s] [ 31%] [32mBuilding CXX object CMakeFiles/canopen_interfaces__rosidl_typesupport_c.dir/rosidl_typesupport_c/canopen_interfaces/srv/co_target_double__type_support.cpp.o[0m
[7.208s] [ 32%] [32mBuilding CXX object CMakeFiles/canopen_interfaces__rosidl_typesupport_c.dir/rosidl_typesupport_c/canopen_interfaces/srv/co_node__type_support.cpp.o[0m
[7.265s] [ 33%] [32mBuilding CXX object CMakeFiles/canopen_interfaces__rosidl_typesupport_cpp.dir/rosidl_typesupport_cpp/canopen_interfaces/srv/co_write_id__type_support.cpp.o[0m
[7.318s] [ 34%] [32mBuilding CXX object CMakeFiles/canopen_interfaces__rosidl_typesupport_c.dir/rosidl_typesupport_c/canopen_interfaces/msg/co_data__type_support.cpp.o[0m
[7.391s] [ 35%] [32m[1mLinking CXX shared library libcanopen_interfaces__rosidl_typesupport_c.so[0m
[7.474s] [ 36%] [32mBuilding C object CMakeFiles/canopen_interfaces__rosidl_typesupport_introspection_c.dir/rosidl_typesupport_introspection_c/canopen_interfaces/srv/detail/co_heartbeat_id__type_support.c.o[0m
[7.506s] [ 36%] Built target canopen_interfaces__rosidl_typesupport_c
[7.530s] [ 37%] [32mBuilding C object CMakeFiles/canopen_interfaces__rosidl_typesupport_introspection_c.dir/rosidl_typesupport_introspection_c/canopen_interfaces/srv/detail/co_nmt_id__type_support.c.o[0m
[7.541s] [ 38%] [32mBuilding C object CMakeFiles/canopen_interfaces__rosidl_typesupport_introspection_c.dir/rosidl_typesupport_introspection_c/canopen_interfaces/srv/detail/co_read__type_support.c.o[0m
[7.606s] [ 40%] [32mBuilding CXX object CMakeFiles/canopen_interfaces__rosidl_typesupport_cpp.dir/rosidl_typesupport_cpp/canopen_interfaces/srv/co_target_double__type_support.cpp.o[0m
[7.623s] [ 41%] [32mBuilding CXX object CMakeFiles/canopen_interfaces__rosidl_typesupport_introspection_cpp.dir/rosidl_typesupport_introspection_cpp/canopen_interfaces/srv/detail/co_heartbeat_id__type_support.cpp.o[0m
[7.627s] [ 42%] [32mBuilding CXX object CMakeFiles/canopen_interfaces__rosidl_typesupport_introspection_cpp.dir/rosidl_typesupport_introspection_cpp/canopen_interfaces/srv/detail/co_nmt_id__type_support.cpp.o[0m
[7.633s] [ 43%] [32mBuilding C object CMakeFiles/canopen_interfaces__rosidl_typesupport_introspection_c.dir/rosidl_typesupport_introspection_c/canopen_interfaces/srv/detail/co_read_id__type_support.c.o[0m
[7.637s] [ 44%] [32mBuilding CXX object CMakeFiles/canopen_interfaces__rosidl_typesupport_fastrtps_cpp.dir/rosidl_typesupport_fastrtps_cpp/canopen_interfaces/srv/detail/dds_fastrtps/co_heartbeat_id__type_support.cpp.o[0m
[7.647s] [ 45%] [32mBuilding C object CMakeFiles/canopen_interfaces__rosidl_typesupport_introspection_c.dir/rosidl_typesupport_introspection_c/canopen_interfaces/srv/detail/co_write__type_support.c.o[0m
[7.709s] [ 46%] [32mBuilding CXX object CMakeFiles/canopen_interfaces__rosidl_typesupport_fastrtps_c.dir/rosidl_typesupport_fastrtps_c/canopen_interfaces/srv/detail/co_heartbeat_id__type_support_c.cpp.o[0m
[7.735s] [ 47%] [32mBuilding CXX object CMakeFiles/canopen_interfaces__rosidl_typesupport_fastrtps_cpp.dir/rosidl_typesupport_fastrtps_cpp/canopen_interfaces/srv/detail/dds_fastrtps/co_nmt_id__type_support.cpp.o[0m
[7.751s] [ 48%] [32mBuilding C object CMakeFiles/canopen_interfaces__rosidl_typesupport_introspection_c.dir/rosidl_typesupport_introspection_c/canopen_interfaces/srv/detail/co_write_id__type_support.c.o[0m
[7.791s] [ 49%] [32mBuilding CXX object CMakeFiles/canopen_interfaces__rosidl_typesupport_introspection_cpp.dir/rosidl_typesupport_introspection_cpp/canopen_interfaces/srv/detail/co_read__type_support.cpp.o[0m
[7.832s] [ 50%] [32mBuilding C object CMakeFiles/canopen_interfaces__rosidl_typesupport_introspection_c.dir/rosidl_typesupport_introspection_c/canopen_interfaces/srv/detail/co_target_double__type_support.c.o[0m
[7.905s] [ 51%] [32mBuilding C object CMakeFiles/canopen_interfaces__rosidl_typesupport_introspection_c.dir/rosidl_typesupport_introspection_c/canopen_interfaces/srv/detail/co_node__type_support.c.o[0m
[8.036s] [ 52%] [32mBuilding C object CMakeFiles/canopen_interfaces__rosidl_typesupport_introspection_c.dir/rosidl_typesupport_introspection_c/canopen_interfaces/msg/detail/co_data__type_support.c.o[0m
[8.149s] [ 53%] [32m[1mLinking C shared library libcanopen_interfaces__rosidl_typesupport_introspection_c.so[0m
[8.178s] [ 54%] [32mBuilding CXX object CMakeFiles/canopen_interfaces__rosidl_typesupport_cpp.dir/rosidl_typesupport_cpp/canopen_interfaces/srv/co_node__type_support.cpp.o[0m
[8.240s] [ 54%] Built target canopen_interfaces__rosidl_typesupport_introspection_c
[8.267s] [ 55%] [32mBuilding CXX object CMakeFiles/canopen_interfaces__rosidl_typesupport_cpp.dir/rosidl_typesupport_cpp/canopen_interfaces/msg/co_data__type_support.cpp.o[0m
[8.412s] [ 56%] [32mBuilding CXX object CMakeFiles/canopen_interfaces__rosidl_typesupport_fastrtps_c.dir/rosidl_typesupport_fastrtps_c/canopen_interfaces/srv/detail/co_nmt_id__type_support_c.cpp.o[0m
[8.428s] [ 57%] [32mBuilding CXX object CMakeFiles/canopen_interfaces__rosidl_typesupport_fastrtps_cpp.dir/rosidl_typesupport_fastrtps_cpp/canopen_interfaces/srv/detail/dds_fastrtps/co_read__type_support.cpp.o[0m
[8.579s] [ 58%] [32mBuilding CXX object CMakeFiles/canopen_interfaces__rosidl_typesupport_fastrtps_c.dir/rosidl_typesupport_fastrtps_c/canopen_interfaces/srv/detail/co_read__type_support_c.cpp.o[0m
[8.648s] [ 60%] [32mBuilding CXX object CMakeFiles/canopen_interfaces__rosidl_typesupport_introspection_cpp.dir/rosidl_typesupport_introspection_cpp/canopen_interfaces/srv/detail/co_read_id__type_support.cpp.o[0m
[8.721s] [ 61%] [32mBuilding CXX object CMakeFiles/canopen_interfaces__rosidl_typesupport_fastrtps_cpp.dir/rosidl_typesupport_fastrtps_cpp/canopen_interfaces/srv/detail/dds_fastrtps/co_read_id__type_support.cpp.o[0m
[8.788s] [ 62%] [32mBuilding CXX object CMakeFiles/canopen_interfaces__rosidl_typesupport_fastrtps_c.dir/rosidl_typesupport_fastrtps_c/canopen_interfaces/srv/detail/co_read_id__type_support_c.cpp.o[0m
[8.893s] [ 63%] [32mBuilding CXX object CMakeFiles/canopen_interfaces__rosidl_typesupport_fastrtps_c.dir/rosidl_typesupport_fastrtps_c/canopen_interfaces/srv/detail/co_write__type_support_c.cpp.o[0m
[9.104s] [ 64%] [32m[1mLinking CXX shared library libcanopen_interfaces__rosidl_typesupport_cpp.so[0m
[9.254s] [ 65%] [32mBuilding CXX object CMakeFiles/canopen_interfaces__rosidl_typesupport_fastrtps_c.dir/rosidl_typesupport_fastrtps_c/canopen_interfaces/srv/detail/co_write_id__type_support_c.cpp.o[0m
[9.321s] [ 65%] Built target canopen_interfaces__rosidl_typesupport_cpp
[9.347s] [ 66%] [32mBuilding CXX object CMakeFiles/canopen_interfaces__rosidl_typesupport_introspection_cpp.dir/rosidl_typesupport_introspection_cpp/canopen_interfaces/srv/detail/co_write__type_support.cpp.o[0m
[9.373s] [ 67%] [32mBuilding CXX object CMakeFiles/canopen_interfaces__rosidl_typesupport_fastrtps_c.dir/rosidl_typesupport_fastrtps_c/canopen_interfaces/srv/detail/co_target_double__type_support_c.cpp.o[0m
[9.373s] [ 68%] [32mBuilding CXX object CMakeFiles/canopen_interfaces__rosidl_typesupport_fastrtps_cpp.dir/rosidl_typesupport_fastrtps_cpp/canopen_interfaces/srv/detail/dds_fastrtps/co_write__type_support.cpp.o[0m
[9.512s] [ 69%] [32mBuilding CXX object CMakeFiles/canopen_interfaces__rosidl_typesupport_fastrtps_c.dir/rosidl_typesupport_fastrtps_c/canopen_interfaces/srv/detail/co_node__type_support_c.cpp.o[0m
[9.735s] [ 70%] [32mBuilding CXX object CMakeFiles/canopen_interfaces__rosidl_typesupport_introspection_cpp.dir/rosidl_typesupport_introspection_cpp/canopen_interfaces/srv/detail/co_target_double__type_support.cpp.o[0m
[9.747s] [ 71%] [32mBuilding CXX object CMakeFiles/canopen_interfaces__rosidl_typesupport_introspection_cpp.dir/rosidl_typesupport_introspection_cpp/canopen_interfaces/srv/detail/co_write_id__type_support.cpp.o[0m
[9.863s] [ 72%] [32mBuilding CXX object CMakeFiles/canopen_interfaces__rosidl_typesupport_introspection_cpp.dir/rosidl_typesupport_introspection_cpp/canopen_interfaces/srv/detail/co_node__type_support.cpp.o[0m
[10.038s] [ 73%] [32mBuilding CXX object CMakeFiles/canopen_interfaces__rosidl_typesupport_fastrtps_cpp.dir/rosidl_typesupport_fastrtps_cpp/canopen_interfaces/srv/detail/dds_fastrtps/co_write_id__type_support.cpp.o[0m
[10.074s] [ 74%] [32mBuilding CXX object CMakeFiles/canopen_interfaces__rosidl_typesupport_introspection_cpp.dir/rosidl_typesupport_introspection_cpp/canopen_interfaces/msg/detail/co_data__type_support.cpp.o[0m
[10.144s] [ 75%] [32mBuilding CXX object CMakeFiles/canopen_interfaces__rosidl_typesupport_fastrtps_c.dir/rosidl_typesupport_fastrtps_c/canopen_interfaces/msg/detail/co_data__type_support_c.cpp.o[0m
[10.236s] [ 76%] [32mBuilding CXX object CMakeFiles/canopen_interfaces__rosidl_typesupport_fastrtps_cpp.dir/rosidl_typesupport_fastrtps_cpp/canopen_interfaces/srv/detail/dds_fastrtps/co_target_double__type_support.cpp.o[0m
[10.377s] [ 77%] [32mBuilding CXX object CMakeFiles/canopen_interfaces__rosidl_typesupport_fastrtps_cpp.dir/rosidl_typesupport_fastrtps_cpp/canopen_interfaces/srv/detail/dds_fastrtps/co_node__type_support.cpp.o[0m
[10.504s] [ 78%] [32mBuilding CXX object CMakeFiles/canopen_interfaces__rosidl_typesupport_fastrtps_cpp.dir/rosidl_typesupport_fastrtps_cpp/canopen_interfaces/msg/detail/dds_fastrtps/co_data__type_support.cpp.o[0m
[10.904s] [ 80%] [32m[1mLinking CXX shared library libcanopen_interfaces__rosidl_typesupport_introspection_cpp.so[0m
[10.992s] [ 80%] Built target canopen_interfaces__rosidl_typesupport_introspection_cpp
[11.038s] [ 81%] [32m[1mLinking CXX shared library libcanopen_interfaces__rosidl_typesupport_fastrtps_c.so[0m
[11.196s] [ 81%] Built target canopen_interfaces__rosidl_typesupport_fastrtps_c
[11.220s] [ 82%] [32m[1mLinking CXX shared library libcanopen_interfaces__rosidl_typesupport_fastrtps_cpp.so[0m
[11.336s] [ 82%] Built target canopen_interfaces__rosidl_typesupport_fastrtps_cpp
[11.361s] [ 82%] Built target canopen_interfaces
[11.386s] [ 83%] [34m[1mGenerating Python code for ROS interfaces[0m
[13.269s] [ 83%] Built target canopen_interfaces__py
[13.305s] [ 84%] [32mBuilding C object CMakeFiles/canopen_interfaces__rosidl_generator_py.dir/rosidl_generator_py/canopen_interfaces/srv/_co_nmt_id_s.c.o[0m
[13.305s] [ 85%] [32mBuilding C object CMakeFiles/canopen_interfaces__rosidl_generator_py.dir/rosidl_generator_py/canopen_interfaces/srv/_co_write_id_s.c.o[0m
[13.309s] [ 86%] [32mBuilding C object CMakeFiles/canopen_interfaces__rosidl_generator_py.dir/rosidl_generator_py/canopen_interfaces/srv/_co_write_s.c.o[0m
[13.309s] [ 87%] [32mBuilding C object CMakeFiles/canopen_interfaces__rosidl_generator_py.dir/rosidl_generator_py/canopen_interfaces/srv/_co_read_id_s.c.o[0m
[13.310s] [ 88%] [32mBuilding C object CMakeFiles/canopen_interfaces__rosidl_generator_py.dir/rosidl_generator_py/canopen_interfaces/srv/_co_read_s.c.o[0m
[13.310s] [ 89%] [32mBuilding C object CMakeFiles/canopen_interfaces__rosidl_generator_py.dir/rosidl_generator_py/canopen_interfaces/srv/_co_heartbeat_id_s.c.o[0m
[13.311s] [ 90%] [32mBuilding C object CMakeFiles/canopen_interfaces__rosidl_generator_py.dir/rosidl_generator_py/canopen_interfaces/srv/_co_node_s.c.o[0m
[13.314s] [ 91%] [32mBuilding C object CMakeFiles/canopen_interfaces__rosidl_generator_py.dir/rosidl_generator_py/canopen_interfaces/srv/_co_target_double_s.c.o[0m
[13.517s] [ 92%] [32mBuilding C object CMakeFiles/canopen_interfaces__rosidl_generator_py.dir/rosidl_generator_py/canopen_interfaces/msg/_co_data_s.c.o[0m
[13.641s] [ 93%] [32m[1mLinking C shared library rosidl_generator_py/canopen_interfaces/libcanopen_interfaces__rosidl_generator_py.so[0m
[13.691s] [ 93%] Built target canopen_interfaces__rosidl_generator_py
[13.718s] [ 94%] [32mBuilding C object CMakeFiles/canopen_interfaces__rosidl_typesupport_c__pyext.dir/rosidl_generator_py/canopen_interfaces/_canopen_interfaces_s.ep.rosidl_typesupport_c.c.o[0m
[13.718s] [ 95%] [32mBuilding C object CMakeFiles/canopen_interfaces__rosidl_typesupport_introspection_c__pyext.dir/rosidl_generator_py/canopen_interfaces/_canopen_interfaces_s.ep.rosidl_typesupport_introspection_c.c.o[0m
[13.726s] [ 96%] [32mBuilding C object CMakeFiles/canopen_interfaces__rosidl_typesupport_fastrtps_c__pyext.dir/rosidl_generator_py/canopen_interfaces/_canopen_interfaces_s.ep.rosidl_typesupport_fastrtps_c.c.o[0m
[13.883s] [ 97%] [32m[1mLinking C shared library rosidl_generator_py/canopen_interfaces/canopen_interfaces_s__rosidl_typesupport_c.cpython-310-x86_64-linux-gnu.so[0m
[13.898s] [ 98%] [32m[1mLinking C shared library rosidl_generator_py/canopen_interfaces/canopen_interfaces_s__rosidl_typesupport_fastrtps_c.cpython-310-x86_64-linux-gnu.so[0m
[13.927s] [ 98%] Built target canopen_interfaces__rosidl_typesupport_c__pyext
[13.945s] [ 98%] Built target canopen_interfaces__rosidl_typesupport_fastrtps_c__pyext
[13.975s] [100%] [32m[1mLinking C shared library rosidl_generator_py/canopen_interfaces/canopen_interfaces_s__rosidl_typesupport_introspection_c.cpython-310-x86_64-linux-gnu.so[0m
[14.017s] [100%] Built target canopen_interfaces__rosidl_typesupport_introspection_c__pyext
[14.036s] Invoked command in '/home/ub2004/ros2_ws/src/build/canopen_interfaces' returned '0': CMAKE_PREFIX_PATH=${CMAKE_PREFIX_PATH}:/home/ub2004/ros2_ws/install/urdf_tutorial:/home/ub2004/ros2_ws/install/test_py:/home/ub2004/ros2_ws/install/canopen_utils:/home/ub2004/ros2_ws/install/can_comm:/home/ub2004/ros2_ws/install/agv_pak:/opt/ros/humble /usr/bin/cmake --build /home/ub2004/ros2_ws/src/build/canopen_interfaces -- -j8 -l8
[14.038s] Invoking command in '/home/ub2004/ros2_ws/src/build/canopen_interfaces': CMAKE_PREFIX_PATH=${CMAKE_PREFIX_PATH}:/home/ub2004/ros2_ws/install/urdf_tutorial:/home/ub2004/ros2_ws/install/test_py:/home/ub2004/ros2_ws/install/canopen_utils:/home/ub2004/ros2_ws/install/can_comm:/home/ub2004/ros2_ws/install/agv_pak:/opt/ros/humble /usr/bin/cmake --install /home/ub2004/ros2_ws/src/build/canopen_interfaces
[14.048s] -- Install configuration: ""
[14.048s] -- Installing: /home/ub2004/ros2_ws/src/install/canopen_interfaces/share/ament_index/resource_index/rosidl_interfaces/canopen_interfaces
[14.048s] -- Installing: /home/ub2004/ros2_ws/src/install/canopen_interfaces/include/canopen_interfaces/canopen_interfaces
[14.048s] -- Installing: /home/ub2004/ros2_ws/src/install/canopen_interfaces/include/canopen_interfaces/canopen_interfaces/msg
[14.049s] -- Installing: /home/ub2004/ros2_ws/src/install/canopen_interfaces/include/canopen_interfaces/canopen_interfaces/msg/detail
[14.049s] -- Installing: /home/ub2004/ros2_ws/src/install/canopen_interfaces/include/canopen_interfaces/canopen_interfaces/msg/detail/co_data__functions.h
[14.049s] -- Installing: /home/ub2004/ros2_ws/src/install/canopen_interfaces/include/canopen_interfaces/canopen_interfaces/msg/detail/co_data__type_support.h
[14.049s] -- Installing: /home/ub2004/ros2_ws/src/install/canopen_interfaces/include/canopen_interfaces/canopen_interfaces/msg/detail/co_data__struct.h
[14.049s] -- Installing: /home/ub2004/ros2_ws/src/install/canopen_interfaces/include/canopen_interfaces/canopen_interfaces/msg/detail/co_data__functions.c
[14.050s] -- Installing: /home/ub2004/ros2_ws/src/install/canopen_interfaces/include/canopen_interfaces/canopen_interfaces/msg/co_data.h
[14.050s] -- Installing: /home/ub2004/ros2_ws/src/install/canopen_interfaces/include/canopen_interfaces/canopen_interfaces/msg/rosidl_generator_c__visibility_control.h
[14.050s] -- Installing: /home/ub2004/ros2_ws/src/install/canopen_interfaces/include/canopen_interfaces/canopen_interfaces/srv
[14.050s] -- Installing: /home/ub2004/ros2_ws/src/install/canopen_interfaces/include/canopen_interfaces/canopen_interfaces/srv/co_heartbeat_id.h
[14.050s] -- Installing: /home/ub2004/ros2_ws/src/install/canopen_interfaces/include/canopen_interfaces/canopen_interfaces/srv/co_write_id.h
[14.051s] -- Installing: /home/ub2004/ros2_ws/src/install/canopen_interfaces/include/canopen_interfaces/canopen_interfaces/srv/detail
[14.051s] -- Installing: /home/ub2004/ros2_ws/src/install/canopen_interfaces/include/canopen_interfaces/canopen_interfaces/srv/detail/co_target_double__functions.c
[14.051s] -- Installing: /home/ub2004/ros2_ws/src/install/canopen_interfaces/include/canopen_interfaces/canopen_interfaces/srv/detail/co_node__type_support.h
[14.051s] -- Installing: /home/ub2004/ros2_ws/src/install/canopen_interfaces/include/canopen_interfaces/canopen_interfaces/srv/detail/co_nmt_id__struct.h
[14.051s] -- Installing: /home/ub2004/ros2_ws/src/install/canopen_interfaces/include/canopen_interfaces/canopen_interfaces/srv/detail/co_target_double__functions.h
[14.051s] -- Installing: /home/ub2004/ros2_ws/src/install/canopen_interfaces/include/canopen_interfaces/canopen_interfaces/srv/detail/co_read_id__struct.h
[14.052s] -- Installing: /home/ub2004/ros2_ws/src/install/canopen_interfaces/include/canopen_interfaces/canopen_interfaces/srv/detail/co_nmt_id__functions.h
[14.052s] -- Installing: /home/ub2004/ros2_ws/src/install/canopen_interfaces/include/canopen_interfaces/canopen_interfaces/srv/detail/co_target_double__type_support.h
[14.052s] -- Installing: /home/ub2004/ros2_ws/src/install/canopen_interfaces/include/canopen_interfaces/canopen_interfaces/srv/detail/co_read_id__functions.h
[14.052s] -- Installing: /home/ub2004/ros2_ws/src/install/canopen_interfaces/include/canopen_interfaces/canopen_interfaces/srv/detail/co_nmt_id__functions.c
[14.052s] -- Installing: /home/ub2004/ros2_ws/src/install/canopen_interfaces/include/canopen_interfaces/canopen_interfaces/srv/detail/co_heartbeat_id__functions.c
[14.053s] -- Installing: /home/ub2004/ros2_ws/src/install/canopen_interfaces/include/canopen_interfaces/canopen_interfaces/srv/detail/co_write__functions.h
[14.053s] -- Installing: /home/ub2004/ros2_ws/src/install/canopen_interfaces/include/canopen_interfaces/canopen_interfaces/srv/detail/co_read__functions.h
[14.053s] -- Installing: /home/ub2004/ros2_ws/src/install/canopen_interfaces/include/canopen_interfaces/canopen_interfaces/srv/detail/co_read__functions.c
[14.053s] -- Installing: /home/ub2004/ros2_ws/src/install/canopen_interfaces/include/canopen_interfaces/canopen_interfaces/srv/detail/co_read__type_support.h
[14.053s] -- Installing: /home/ub2004/ros2_ws/src/install/canopen_interfaces/include/canopen_interfaces/canopen_interfaces/srv/detail/co_node__functions.c
[14.054s] -- Installing: /home/ub2004/ros2_ws/src/install/canopen_interfaces/include/canopen_interfaces/canopen_interfaces/srv/detail/co_read_id__type_support.h
[14.054s] -- Installing: /home/ub2004/ros2_ws/src/install/canopen_interfaces/include/canopen_interfaces/canopen_interfaces/srv/detail/co_heartbeat_id__type_support.h
[14.054s] -- Installing: /home/ub2004/ros2_ws/src/install/canopen_interfaces/include/canopen_interfaces/canopen_interfaces/srv/detail/co_node__functions.h
[14.054s] -- Installing: /home/ub2004/ros2_ws/src/install/canopen_interfaces/include/canopen_interfaces/canopen_interfaces/srv/detail/co_read__struct.h
[14.054s] -- Installing: /home/ub2004/ros2_ws/src/install/canopen_interfaces/include/canopen_interfaces/canopen_interfaces/srv/detail/co_write__functions.c
[14.055s] -- Installing: /home/ub2004/ros2_ws/src/install/canopen_interfaces/include/canopen_interfaces/canopen_interfaces/srv/detail/co_heartbeat_id__functions.h
[14.055s] -- Installing: /home/ub2004/ros2_ws/src/install/canopen_interfaces/include/canopen_interfaces/canopen_interfaces/srv/detail/co_node__struct.h
[14.055s] -- Installing: /home/ub2004/ros2_ws/src/install/canopen_interfaces/include/canopen_interfaces/canopen_interfaces/srv/detail/co_write__type_support.h
[14.055s] -- Installing: /home/ub2004/ros2_ws/src/install/canopen_interfaces/include/canopen_interfaces/canopen_interfaces/srv/detail/co_target_double__struct.h
[14.055s] -- Installing: /home/ub2004/ros2_ws/src/install/canopen_interfaces/include/canopen_interfaces/canopen_interfaces/srv/detail/co_heartbeat_id__struct.h
[14.056s] -- Installing: /home/ub2004/ros2_ws/src/install/canopen_interfaces/include/canopen_interfaces/canopen_interfaces/srv/detail/co_write__struct.h
[14.056s] -- Installing: /home/ub2004/ros2_ws/src/install/canopen_interfaces/include/canopen_interfaces/canopen_interfaces/srv/detail/co_write_id__functions.c
[14.056s] -- Installing: /home/ub2004/ros2_ws/src/install/canopen_interfaces/include/canopen_interfaces/canopen_interfaces/srv/detail/co_write_id__functions.h
[14.056s] -- Installing: /home/ub2004/ros2_ws/src/install/canopen_interfaces/include/canopen_interfaces/canopen_interfaces/srv/detail/co_nmt_id__type_support.h
[14.056s] -- Installing: /home/ub2004/ros2_ws/src/install/canopen_interfaces/include/canopen_interfaces/canopen_interfaces/srv/detail/co_read_id__functions.c
[14.057s] -- Installing: /home/ub2004/ros2_ws/src/install/canopen_interfaces/include/canopen_interfaces/canopen_interfaces/srv/detail/co_write_id__struct.h
[14.057s] -- Installing: /home/ub2004/ros2_ws/src/install/canopen_interfaces/include/canopen_interfaces/canopen_interfaces/srv/detail/co_write_id__type_support.h
[14.057s] -- Installing: /home/ub2004/ros2_ws/src/install/canopen_interfaces/include/canopen_interfaces/canopen_interfaces/srv/co_target_double.h
[14.057s] -- Installing: /home/ub2004/ros2_ws/src/install/canopen_interfaces/include/canopen_interfaces/canopen_interfaces/srv/co_read_id.h
[14.057s] -- Installing: /home/ub2004/ros2_ws/src/install/canopen_interfaces/include/canopen_interfaces/canopen_interfaces/srv/co_write.h
[14.058s] -- Installing: /home/ub2004/ros2_ws/src/install/canopen_interfaces/include/canopen_interfaces/canopen_interfaces/srv/co_node.h
[14.058s] -- Installing: /home/ub2004/ros2_ws/src/install/canopen_interfaces/include/canopen_interfaces/canopen_interfaces/srv/co_read.h
[14.058s] -- Installing: /home/ub2004/ros2_ws/src/install/canopen_interfaces/include/canopen_interfaces/canopen_interfaces/srv/co_nmt_id.h
[14.058s] -- Installing: /home/ub2004/ros2_ws/src/install/canopen_interfaces/share/canopen_interfaces/environment/library_path.sh
[14.059s] -- Installing: /home/ub2004/ros2_ws/src/install/canopen_interfaces/share/canopen_interfaces/environment/library_path.dsv
[14.059s] -- Installing: /home/ub2004/ros2_ws/src/install/canopen_interfaces/lib/libcanopen_interfaces__rosidl_generator_c.so
[14.060s] -- Set runtime path of "/home/ub2004/ros2_ws/src/install/canopen_interfaces/lib/libcanopen_interfaces__rosidl_generator_c.so" to ""
[14.060s] -- Up-to-date: /home/ub2004/ros2_ws/src/install/canopen_interfaces/include/canopen_interfaces/canopen_interfaces
[14.060s] -- Up-to-date: /home/ub2004/ros2_ws/src/install/canopen_interfaces/include/canopen_interfaces/canopen_interfaces/msg
[14.060s] -- Up-to-date: /home/ub2004/ros2_ws/src/install/canopen_interfaces/include/canopen_interfaces/canopen_interfaces/msg/detail
[14.061s] -- Installing: /home/ub2004/ros2_ws/src/install/canopen_interfaces/include/canopen_interfaces/canopen_interfaces/msg/detail/co_data__rosidl_typesupport_fastrtps_c.h
[14.061s] -- Installing: /home/ub2004/ros2_ws/src/install/canopen_interfaces/include/canopen_interfaces/canopen_interfaces/msg/rosidl_typesupport_fastrtps_c__visibility_control.h
[14.061s] -- Up-to-date: /home/ub2004/ros2_ws/src/install/canopen_interfaces/include/canopen_interfaces/canopen_interfaces/srv
[14.061s] -- Up-to-date: /home/ub2004/ros2_ws/src/install/canopen_interfaces/include/canopen_interfaces/canopen_interfaces/srv/detail
[14.061s] -- Installing: /home/ub2004/ros2_ws/src/install/canopen_interfaces/include/canopen_interfaces/canopen_interfaces/srv/detail/co_read_id__rosidl_typesupport_fastrtps_c.h
[14.061s] -- Installing: /home/ub2004/ros2_ws/src/install/canopen_interfaces/include/canopen_interfaces/canopen_interfaces/srv/detail/co_heartbeat_id__rosidl_typesupport_fastrtps_c.h
[14.062s] -- Installing: /home/ub2004/ros2_ws/src/install/canopen_interfaces/include/canopen_interfaces/canopen_interfaces/srv/detail/co_target_double__rosidl_typesupport_fastrtps_c.h
[14.062s] -- Installing: /home/ub2004/ros2_ws/src/install/canopen_interfaces/include/canopen_interfaces/canopen_interfaces/srv/detail/co_read__rosidl_typesupport_fastrtps_c.h
[14.062s] -- Installing: /home/ub2004/ros2_ws/src/install/canopen_interfaces/include/canopen_interfaces/canopen_interfaces/srv/detail/co_write__rosidl_typesupport_fastrtps_c.h
[14.062s] -- Installing: /home/ub2004/ros2_ws/src/install/canopen_interfaces/include/canopen_interfaces/canopen_interfaces/srv/detail/co_nmt_id__rosidl_typesupport_fastrtps_c.h
[14.062s] -- Installing: /home/ub2004/ros2_ws/src/install/canopen_interfaces/include/canopen_interfaces/canopen_interfaces/srv/detail/co_write_id__rosidl_typesupport_fastrtps_c.h
[14.063s] -- Installing: /home/ub2004/ros2_ws/src/install/canopen_interfaces/include/canopen_interfaces/canopen_interfaces/srv/detail/co_node__rosidl_typesupport_fastrtps_c.h
[14.063s] -- Installing: /home/ub2004/ros2_ws/src/install/canopen_interfaces/lib/libcanopen_interfaces__rosidl_typesupport_fastrtps_c.so
[14.063s] -- Set runtime path of "/home/ub2004/ros2_ws/src/install/canopen_interfaces/lib/libcanopen_interfaces__rosidl_typesupport_fastrtps_c.so" to ""
[14.063s] -- Up-to-date: /home/ub2004/ros2_ws/src/install/canopen_interfaces/include/canopen_interfaces/canopen_interfaces
[14.063s] -- Up-to-date: /home/ub2004/ros2_ws/src/install/canopen_interfaces/include/canopen_interfaces/canopen_interfaces/msg
[14.064s] -- Up-to-date: /home/ub2004/ros2_ws/src/install/canopen_interfaces/include/canopen_interfaces/canopen_interfaces/msg/detail
[14.064s] -- Installing: /home/ub2004/ros2_ws/src/install/canopen_interfaces/include/canopen_interfaces/canopen_interfaces/msg/detail/co_data__rosidl_typesupport_introspection_c.h
[14.064s] -- Installing: /home/ub2004/ros2_ws/src/install/canopen_interfaces/include/canopen_interfaces/canopen_interfaces/msg/detail/co_data__type_support.c
[14.064s] -- Installing: /home/ub2004/ros2_ws/src/install/canopen_interfaces/include/canopen_interfaces/canopen_interfaces/msg/rosidl_typesupport_introspection_c__visibility_control.h
[14.064s] -- Up-to-date: /home/ub2004/ros2_ws/src/install/canopen_interfaces/include/canopen_interfaces/canopen_interfaces/srv
[14.065s] -- Up-to-date: /home/ub2004/ros2_ws/src/install/canopen_interfaces/include/canopen_interfaces/canopen_interfaces/srv/detail
[14.065s] -- Installing: /home/ub2004/ros2_ws/src/install/canopen_interfaces/include/canopen_interfaces/canopen_interfaces/srv/detail/co_heartbeat_id__rosidl_typesupport_introspection_c.h
[14.065s] -- Installing: /home/ub2004/ros2_ws/src/install/canopen_interfaces/include/canopen_interfaces/canopen_interfaces/srv/detail/co_write_id__rosidl_typesupport_introspection_c.h
[14.065s] -- Installing: /home/ub2004/ros2_ws/src/install/canopen_interfaces/include/canopen_interfaces/canopen_interfaces/srv/detail/co_read_id__type_support.c
[14.065s] -- Installing: /home/ub2004/ros2_ws/src/install/canopen_interfaces/include/canopen_interfaces/canopen_interfaces/srv/detail/co_read_id__rosidl_typesupport_introspection_c.h
[14.066s] -- Installing: /home/ub2004/ros2_ws/src/install/canopen_interfaces/include/canopen_interfaces/canopen_interfaces/srv/detail/co_nmt_id__type_support.c
[14.066s] -- Installing: /home/ub2004/ros2_ws/src/install/canopen_interfaces/include/canopen_interfaces/canopen_interfaces/srv/detail/co_target_double__rosidl_typesupport_introspection_c.h
[14.066s] -- Installing: /home/ub2004/ros2_ws/src/install/canopen_interfaces/include/canopen_interfaces/canopen_interfaces/srv/detail/co_read__rosidl_typesupport_introspection_c.h
[14.066s] -- Installing: /home/ub2004/ros2_ws/src/install/canopen_interfaces/include/canopen_interfaces/canopen_interfaces/srv/detail/co_write_id__type_support.c
[14.066s] -- Installing: /home/ub2004/ros2_ws/src/install/canopen_interfaces/include/canopen_interfaces/canopen_interfaces/srv/detail/co_target_double__type_support.c
[14.066s] -- Installing: /home/ub2004/ros2_ws/src/install/canopen_interfaces/include/canopen_interfaces/canopen_interfaces/srv/detail/co_write__rosidl_typesupport_introspection_c.h
[14.067s] -- Installing: /home/ub2004/ros2_ws/src/install/canopen_interfaces/include/canopen_interfaces/canopen_interfaces/srv/detail/co_write__type_support.c
[14.067s] -- Installing: /home/ub2004/ros2_ws/src/install/canopen_interfaces/include/canopen_interfaces/canopen_interfaces/srv/detail/co_node__type_support.c
[14.067s] -- Installing: /home/ub2004/ros2_ws/src/install/canopen_interfaces/include/canopen_interfaces/canopen_interfaces/srv/detail/co_read__type_support.c
[14.067s] -- Installing: /home/ub2004/ros2_ws/src/install/canopen_interfaces/include/canopen_interfaces/canopen_interfaces/srv/detail/co_node__rosidl_typesupport_introspection_c.h
[14.067s] -- Installing: /home/ub2004/ros2_ws/src/install/canopen_interfaces/include/canopen_interfaces/canopen_interfaces/srv/detail/co_nmt_id__rosidl_typesupport_introspection_c.h
[14.067s] -- Installing: /home/ub2004/ros2_ws/src/install/canopen_interfaces/include/canopen_interfaces/canopen_interfaces/srv/detail/co_heartbeat_id__type_support.c
[14.068s] -- Installing: /home/ub2004/ros2_ws/src/install/canopen_interfaces/lib/libcanopen_interfaces__rosidl_typesupport_introspection_c.so
[14.068s] -- Set runtime path of "/home/ub2004/ros2_ws/src/install/canopen_interfaces/lib/libcanopen_interfaces__rosidl_typesupport_introspection_c.so" to ""
[14.068s] -- Installing: /home/ub2004/ros2_ws/src/install/canopen_interfaces/lib/libcanopen_interfaces__rosidl_typesupport_c.so
[14.069s] -- Set runtime path of "/home/ub2004/ros2_ws/src/install/canopen_interfaces/lib/libcanopen_interfaces__rosidl_typesupport_c.so" to ""
[14.069s] -- Up-to-date: /home/ub2004/ros2_ws/src/install/canopen_interfaces/include/canopen_interfaces/canopen_interfaces
[14.069s] -- Up-to-date: /home/ub2004/ros2_ws/src/install/canopen_interfaces/include/canopen_interfaces/canopen_interfaces/msg
[14.069s] -- Installing: /home/ub2004/ros2_ws/src/install/canopen_interfaces/include/canopen_interfaces/canopen_interfaces/msg/rosidl_generator_cpp__visibility_control.hpp
[14.070s] -- Up-to-date: /home/ub2004/ros2_ws/src/install/canopen_interfaces/include/canopen_interfaces/canopen_interfaces/msg/detail
[14.070s] -- Installing: /home/ub2004/ros2_ws/src/install/canopen_interfaces/include/canopen_interfaces/canopen_interfaces/msg/detail/co_data__struct.hpp
[14.070s] -- Installing: /home/ub2004/ros2_ws/src/install/canopen_interfaces/include/canopen_interfaces/canopen_interfaces/msg/detail/co_data__type_support.hpp
[14.070s] -- Installing: /home/ub2004/ros2_ws/src/install/canopen_interfaces/include/canopen_interfaces/canopen_interfaces/msg/detail/co_data__builder.hpp
[14.070s] -- Installing: /home/ub2004/ros2_ws/src/install/canopen_interfaces/include/canopen_interfaces/canopen_interfaces/msg/detail/co_data__traits.hpp
[14.070s] -- Installing: /home/ub2004/ros2_ws/src/install/canopen_interfaces/include/canopen_interfaces/canopen_interfaces/msg/co_data.hpp
[14.071s] -- Up-to-date: /home/ub2004/ros2_ws/src/install/canopen_interfaces/include/canopen_interfaces/canopen_interfaces/srv
[14.071s] -- Installing: /home/ub2004/ros2_ws/src/install/canopen_interfaces/include/canopen_interfaces/canopen_interfaces/srv/co_read.hpp
[14.071s] -- Up-to-date: /home/ub2004/ros2_ws/src/install/canopen_interfaces/include/canopen_interfaces/canopen_interfaces/srv/detail
[14.071s] -- Installing: /home/ub2004/ros2_ws/src/install/canopen_interfaces/include/canopen_interfaces/canopen_interfaces/srv/detail/co_read__struct.hpp
[14.071s] -- Installing: /home/ub2004/ros2_ws/src/install/canopen_interfaces/include/canopen_interfaces/canopen_interfaces/srv/detail/co_write__builder.hpp
[14.072s] -- Installing: /home/ub2004/ros2_ws/src/install/canopen_interfaces/include/canopen_interfaces/canopen_interfaces/srv/detail/co_write__traits.hpp
[14.072s] -- Installing: /home/ub2004/ros2_ws/src/install/canopen_interfaces/include/canopen_interfaces/canopen_interfaces/srv/detail/co_heartbeat_id__builder.hpp
[14.072s] -- Installing: /home/ub2004/ros2_ws/src/install/canopen_interfaces/include/canopen_interfaces/canopen_interfaces/srv/detail/co_write_id__type_support.hpp
[14.072s] -- Installing: /home/ub2004/ros2_ws/src/install/canopen_interfaces/include/canopen_interfaces/canopen_interfaces/srv/detail/co_node__builder.hpp
[14.072s] -- Installing: /home/ub2004/ros2_ws/src/install/canopen_interfaces/include/canopen_interfaces/canopen_interfaces/srv/detail/co_heartbeat_id__traits.hpp
[14.072s] -- Installing: /home/ub2004/ros2_ws/src/install/canopen_interfaces/include/canopen_interfaces/canopen_interfaces/srv/detail/co_write__type_support.hpp
[14.073s] -- Installing: /home/ub2004/ros2_ws/src/install/canopen_interfaces/include/canopen_interfaces/canopen_interfaces/srv/detail/co_nmt_id__traits.hpp
[14.073s] -- Installing: /home/ub2004/ros2_ws/src/install/canopen_interfaces/include/canopen_interfaces/canopen_interfaces/srv/detail/co_write_id__traits.hpp
[14.073s] -- Installing: /home/ub2004/ros2_ws/src/install/canopen_interfaces/include/canopen_interfaces/canopen_interfaces/srv/detail/co_read_id__builder.hpp
[14.073s] -- Installing: /home/ub2004/ros2_ws/src/install/canopen_interfaces/include/canopen_interfaces/canopen_interfaces/srv/detail/co_target_double__struct.hpp
[14.073s] -- Installing: /home/ub2004/ros2_ws/src/install/canopen_interfaces/include/canopen_interfaces/canopen_interfaces/srv/detail/co_node__traits.hpp
[14.074s] -- Installing: /home/ub2004/ros2_ws/src/install/canopen_interfaces/include/canopen_interfaces/canopen_interfaces/srv/detail/co_read__type_support.hpp
[14.074s] -- Installing: /home/ub2004/ros2_ws/src/install/canopen_interfaces/include/canopen_interfaces/canopen_interfaces/srv/detail/co_write_id__builder.hpp
[14.074s] -- Installing: /home/ub2004/ros2_ws/src/install/canopen_interfaces/include/canopen_interfaces/canopen_interfaces/srv/detail/co_node__struct.hpp
[14.074s] -- Installing: /home/ub2004/ros2_ws/src/install/canopen_interfaces/include/canopen_interfaces/canopen_interfaces/srv/detail/co_nmt_id__struct.hpp
[14.074s] -- Installing: /home/ub2004/ros2_ws/src/install/canopen_interfaces/include/canopen_interfaces/canopen_interfaces/srv/detail/co_target_double__traits.hpp
[14.074s] -- Installing: /home/ub2004/ros2_ws/src/install/canopen_interfaces/include/canopen_interfaces/canopen_interfaces/srv/detail/co_write__struct.hpp
[14.075s] -- Installing: /home/ub2004/ros2_ws/src/install/canopen_interfaces/include/canopen_interfaces/canopen_interfaces/srv/detail/co_node__type_support.hpp
[14.075s] -- Installing: /home/ub2004/ros2_ws/src/install/canopen_interfaces/include/canopen_interfaces/canopen_interfaces/srv/detail/co_read_id__traits.hpp
[14.075s] -- Installing: /home/ub2004/ros2_ws/src/install/canopen_interfaces/include/canopen_interfaces/canopen_interfaces/srv/detail/co_target_double__builder.hpp
[14.075s] -- Installing: /home/ub2004/ros2_ws/src/install/canopen_interfaces/include/canopen_interfaces/canopen_interfaces/srv/detail/co_heartbeat_id__type_support.hpp
[14.075s] -- Installing: /home/ub2004/ros2_ws/src/install/canopen_interfaces/include/canopen_interfaces/canopen_interfaces/srv/detail/co_nmt_id__type_support.hpp
[14.076s] -- Installing: /home/ub2004/ros2_ws/src/install/canopen_interfaces/include/canopen_interfaces/canopen_interfaces/srv/detail/co_read__builder.hpp
[14.076s] -- Installing: /home/ub2004/ros2_ws/src/install/canopen_interfaces/include/canopen_interfaces/canopen_interfaces/srv/detail/co_target_double__type_support.hpp
[14.076s] -- Installing: /home/ub2004/ros2_ws/src/install/canopen_interfaces/include/canopen_interfaces/canopen_interfaces/srv/detail/co_read_id__struct.hpp
[14.076s] -- Installing: /home/ub2004/ros2_ws/src/install/canopen_interfaces/include/canopen_interfaces/canopen_interfaces/srv/detail/co_nmt_id__builder.hpp
[14.076s] -- Installing: /home/ub2004/ros2_ws/src/install/canopen_interfaces/include/canopen_interfaces/canopen_interfaces/srv/detail/co_write_id__struct.hpp
[14.076s] -- Installing: /home/ub2004/ros2_ws/src/install/canopen_interfaces/include/canopen_interfaces/canopen_interfaces/srv/detail/co_read_id__type_support.hpp
[14.077s] -- Installing: /home/ub2004/ros2_ws/src/install/canopen_interfaces/include/canopen_interfaces/canopen_interfaces/srv/detail/co_heartbeat_id__struct.hpp
[14.077s] -- Installing: /home/ub2004/ros2_ws/src/install/canopen_interfaces/include/canopen_interfaces/canopen_interfaces/srv/detail/co_read__traits.hpp
[14.077s] -- Installing: /home/ub2004/ros2_ws/src/install/canopen_interfaces/include/canopen_interfaces/canopen_interfaces/srv/co_nmt_id.hpp
[14.077s] -- Installing: /home/ub2004/ros2_ws/src/install/canopen_interfaces/include/canopen_interfaces/canopen_interfaces/srv/co_write.hpp
[14.077s] -- Installing: /home/ub2004/ros2_ws/src/install/canopen_interfaces/include/canopen_interfaces/canopen_interfaces/srv/co_node.hpp
[14.078s] -- Installing: /home/ub2004/ros2_ws/src/install/canopen_interfaces/include/canopen_interfaces/canopen_interfaces/srv/co_target_double.hpp
[14.078s] -- Installing: /home/ub2004/ros2_ws/src/install/canopen_interfaces/include/canopen_interfaces/canopen_interfaces/srv/co_heartbeat_id.hpp
[14.078s] -- Installing: /home/ub2004/ros2_ws/src/install/canopen_interfaces/include/canopen_interfaces/canopen_interfaces/srv/co_write_id.hpp
[14.078s] -- Installing: /home/ub2004/ros2_ws/src/install/canopen_interfaces/include/canopen_interfaces/canopen_interfaces/srv/co_read_id.hpp
[14.078s] -- Up-to-date: /home/ub2004/ros2_ws/src/install/canopen_interfaces/include/canopen_interfaces/canopen_interfaces
[14.079s] -- Up-to-date: /home/ub2004/ros2_ws/src/install/canopen_interfaces/include/canopen_interfaces/canopen_interfaces/msg
[14.079s] -- Up-to-date: /home/ub2004/ros2_ws/src/install/canopen_interfaces/include/canopen_interfaces/canopen_interfaces/msg/detail
[14.079s] -- Installing: /home/ub2004/ros2_ws/src/install/canopen_interfaces/include/canopen_interfaces/canopen_interfaces/msg/detail/dds_fastrtps
[14.079s] -- Installing: /home/ub2004/ros2_ws/src/install/canopen_interfaces/include/canopen_interfaces/canopen_interfaces/msg/detail/co_data__rosidl_typesupport_fastrtps_cpp.hpp
[14.079s] -- Installing: /home/ub2004/ros2_ws/src/install/canopen_interfaces/include/canopen_interfaces/canopen_interfaces/msg/rosidl_typesupport_fastrtps_cpp__visibility_control.h
[14.079s] -- Up-to-date: /home/ub2004/ros2_ws/src/install/canopen_interfaces/include/canopen_interfaces/canopen_interfaces/srv
[14.080s] -- Up-to-date: /home/ub2004/ros2_ws/src/install/canopen_interfaces/include/canopen_interfaces/canopen_interfaces/srv/detail
[14.080s] -- Installing: /home/ub2004/ros2_ws/src/install/canopen_interfaces/include/canopen_interfaces/canopen_interfaces/srv/detail/dds_fastrtps
[14.080s] -- Installing: /home/ub2004/ros2_ws/src/install/canopen_interfaces/include/canopen_interfaces/canopen_interfaces/srv/detail/co_read_id__rosidl_typesupport_fastrtps_cpp.hpp
[14.080s] -- Installing: /home/ub2004/ros2_ws/src/install/canopen_interfaces/include/canopen_interfaces/canopen_interfaces/srv/detail/co_node__rosidl_typesupport_fastrtps_cpp.hpp
[14.080s] -- Installing: /home/ub2004/ros2_ws/src/install/canopen_interfaces/include/canopen_interfaces/canopen_interfaces/srv/detail/co_write_id__rosidl_typesupport_fastrtps_cpp.hpp
[14.080s] -- Installing: /home/ub2004/ros2_ws/src/install/canopen_interfaces/include/canopen_interfaces/canopen_interfaces/srv/detail/co_target_double__rosidl_typesupport_fastrtps_cpp.hpp
[14.081s] -- Installing: /home/ub2004/ros2_ws/src/install/canopen_interfaces/include/canopen_interfaces/canopen_interfaces/srv/detail/co_heartbeat_id__rosidl_typesupport_fastrtps_cpp.hpp
[14.081s] -- Installing: /home/ub2004/ros2_ws/src/install/canopen_interfaces/include/canopen_interfaces/canopen_interfaces/srv/detail/co_write__rosidl_typesupport_fastrtps_cpp.hpp
[14.081s] -- Installing: /home/ub2004/ros2_ws/src/install/canopen_interfaces/include/canopen_interfaces/canopen_interfaces/srv/detail/co_read__rosidl_typesupport_fastrtps_cpp.hpp
[14.081s] -- Installing: /home/ub2004/ros2_ws/src/install/canopen_interfaces/include/canopen_interfaces/canopen_interfaces/srv/detail/co_nmt_id__rosidl_typesupport_fastrtps_cpp.hpp
[14.081s] -- Installing: /home/ub2004/ros2_ws/src/install/canopen_interfaces/lib/libcanopen_interfaces__rosidl_typesupport_fastrtps_cpp.so
[14.082s] -- Set runtime path of "/home/ub2004/ros2_ws/src/install/canopen_interfaces/lib/libcanopen_interfaces__rosidl_typesupport_fastrtps_cpp.so" to ""
[14.082s] -- Up-to-date: /home/ub2004/ros2_ws/src/install/canopen_interfaces/include/canopen_interfaces/canopen_interfaces
[14.082s] -- Up-to-date: /home/ub2004/ros2_ws/src/install/canopen_interfaces/include/canopen_interfaces/canopen_interfaces/msg
[14.082s] -- Up-to-date: /home/ub2004/ros2_ws/src/install/canopen_interfaces/include/canopen_interfaces/canopen_interfaces/msg/detail
[14.082s] -- Installing: /home/ub2004/ros2_ws/src/install/canopen_interfaces/include/canopen_interfaces/canopen_interfaces/msg/detail/co_data__rosidl_typesupport_introspection_cpp.hpp
[14.083s] -- Installing: /home/ub2004/ros2_ws/src/install/canopen_interfaces/include/canopen_interfaces/canopen_interfaces/msg/detail/co_data__type_support.cpp
[14.083s] -- Up-to-date: /home/ub2004/ros2_ws/src/install/canopen_interfaces/include/canopen_interfaces/canopen_interfaces/srv
[14.083s] -- Up-to-date: /home/ub2004/ros2_ws/src/install/canopen_interfaces/include/canopen_interfaces/canopen_interfaces/srv/detail
[14.083s] -- Installing: /home/ub2004/ros2_ws/src/install/canopen_interfaces/include/canopen_interfaces/canopen_interfaces/srv/detail/co_target_double__rosidl_typesupport_introspection_cpp.hpp
[14.084s] -- Installing: /home/ub2004/ros2_ws/src/install/canopen_interfaces/include/canopen_interfaces/canopen_interfaces/srv/detail/co_read_id__rosidl_typesupport_introspection_cpp.hpp
[14.084s] -- Installing: /home/ub2004/ros2_ws/src/install/canopen_interfaces/include/canopen_interfaces/canopen_interfaces/srv/detail/co_heartbeat_id__rosidl_typesupport_introspection_cpp.hpp
[14.084s] -- Installing: /home/ub2004/ros2_ws/src/install/canopen_interfaces/include/canopen_interfaces/canopen_interfaces/srv/detail/co_read__type_support.cpp
[14.084s] -- Installing: /home/ub2004/ros2_ws/src/install/canopen_interfaces/include/canopen_interfaces/canopen_interfaces/srv/detail/co_read__rosidl_typesupport_introspection_cpp.hpp
[14.084s] -- Installing: /home/ub2004/ros2_ws/src/install/canopen_interfaces/include/canopen_interfaces/canopen_interfaces/srv/detail/co_read_id__type_support.cpp
[14.084s] -- Installing: /home/ub2004/ros2_ws/src/install/canopen_interfaces/include/canopen_interfaces/canopen_interfaces/srv/detail/co_write__type_support.cpp
[14.085s] -- Installing: /home/ub2004/ros2_ws/src/install/canopen_interfaces/include/canopen_interfaces/canopen_interfaces/srv/detail/co_write_id__rosidl_typesupport_introspection_cpp.hpp
[14.085s] -- Installing: /home/ub2004/ros2_ws/src/install/canopen_interfaces/include/canopen_interfaces/canopen_interfaces/srv/detail/co_node__rosidl_typesupport_introspection_cpp.hpp
[14.085s] -- Installing: /home/ub2004/ros2_ws/src/install/canopen_interfaces/include/canopen_interfaces/canopen_interfaces/srv/detail/co_node__type_support.cpp
[14.085s] -- Installing: /home/ub2004/ros2_ws/src/install/canopen_interfaces/include/canopen_interfaces/canopen_interfaces/srv/detail/co_nmt_id__rosidl_typesupport_introspection_cpp.hpp
[14.085s] -- Installing: /home/ub2004/ros2_ws/src/install/canopen_interfaces/include/canopen_interfaces/canopen_interfaces/srv/detail/co_heartbeat_id__type_support.cpp
[14.085s] -- Installing: /home/ub2004/ros2_ws/src/install/canopen_interfaces/include/canopen_interfaces/canopen_interfaces/srv/detail/co_write_id__type_support.cpp
[14.086s] -- Installing: /home/ub2004/ros2_ws/src/install/canopen_interfaces/include/canopen_interfaces/canopen_interfaces/srv/detail/co_nmt_id__type_support.cpp
[14.086s] -- Installing: /home/ub2004/ros2_ws/src/install/canopen_interfaces/include/canopen_interfaces/canopen_interfaces/srv/detail/co_write__rosidl_typesupport_introspection_cpp.hpp
[14.086s] -- Installing: /home/ub2004/ros2_ws/src/install/canopen_interfaces/include/canopen_interfaces/canopen_interfaces/srv/detail/co_target_double__type_support.cpp
[14.086s] -- Installing: /home/ub2004/ros2_ws/src/install/canopen_interfaces/lib/libcanopen_interfaces__rosidl_typesupport_introspection_cpp.so
[14.087s] -- Set runtime path of "/home/ub2004/ros2_ws/src/install/canopen_interfaces/lib/libcanopen_interfaces__rosidl_typesupport_introspection_cpp.so" to ""
[14.087s] -- Installing: /home/ub2004/ros2_ws/src/install/canopen_interfaces/lib/libcanopen_interfaces__rosidl_typesupport_cpp.so
[14.087s] -- Set runtime path of "/home/ub2004/ros2_ws/src/install/canopen_interfaces/lib/libcanopen_interfaces__rosidl_typesupport_cpp.so" to ""
[14.087s] -- Installing: /home/ub2004/ros2_ws/src/install/canopen_interfaces/share/canopen_interfaces/environment/pythonpath.sh
[14.088s] -- Installing: /home/ub2004/ros2_ws/src/install/canopen_interfaces/share/canopen_interfaces/environment/pythonpath.dsv
[14.088s] -- Installing: /home/ub2004/ros2_ws/src/install/canopen_interfaces/local/lib/python3.10/dist-packages/canopen_interfaces-0.2.11-py3.10.egg-info
[14.088s] -- Installing: /home/ub2004/ros2_ws/src/install/canopen_interfaces/local/lib/python3.10/dist-packages/canopen_interfaces-0.2.11-py3.10.egg-info/PKG-INFO
[14.088s] -- Installing: /home/ub2004/ros2_ws/src/install/canopen_interfaces/local/lib/python3.10/dist-packages/canopen_interfaces-0.2.11-py3.10.egg-info/dependency_links.txt
[14.088s] -- Installing: /home/ub2004/ros2_ws/src/install/canopen_interfaces/local/lib/python3.10/dist-packages/canopen_interfaces-0.2.11-py3.10.egg-info/SOURCES.txt
[14.089s] -- Installing: /home/ub2004/ros2_ws/src/install/canopen_interfaces/local/lib/python3.10/dist-packages/canopen_interfaces-0.2.11-py3.10.egg-info/top_level.txt
[14.089s] -- Installing: /home/ub2004/ros2_ws/src/install/canopen_interfaces/local/lib/python3.10/dist-packages/canopen_interfaces
[14.089s] -- Installing: /home/ub2004/ros2_ws/src/install/canopen_interfaces/local/lib/python3.10/dist-packages/canopen_interfaces/_canopen_interfaces_s.ep.rosidl_typesupport_fastrtps_c.c
[14.089s] -- Installing: /home/ub2004/ros2_ws/src/install/canopen_interfaces/local/lib/python3.10/dist-packages/canopen_interfaces/canopen_interfaces_s__rosidl_typesupport_fastrtps_c.cpython-310-x86_64-linux-gnu.so
[14.089s] -- Installing: /home/ub2004/ros2_ws/src/install/canopen_interfaces/local/lib/python3.10/dist-packages/canopen_interfaces/_canopen_interfaces_s.ep.rosidl_typesupport_introspection_c.c
[14.090s] -- Installing: /home/ub2004/ros2_ws/src/install/canopen_interfaces/local/lib/python3.10/dist-packages/canopen_interfaces/canopen_interfaces_s__rosidl_typesupport_introspection_c.cpython-310-x86_64-linux-gnu.so
[14.090s] -- Installing: /home/ub2004/ros2_ws/src/install/canopen_interfaces/local/lib/python3.10/dist-packages/canopen_interfaces/msg
[14.090s] -- Installing: /home/ub2004/ros2_ws/src/install/canopen_interfaces/local/lib/python3.10/dist-packages/canopen_interfaces/msg/_co_data.py
[14.090s] -- Installing: /home/ub2004/ros2_ws/src/install/canopen_interfaces/local/lib/python3.10/dist-packages/canopen_interfaces/msg/_co_data_s.c
[14.091s] -- Installing: /home/ub2004/ros2_ws/src/install/canopen_interfaces/local/lib/python3.10/dist-packages/canopen_interfaces/msg/__init__.py
[14.091s] -- Installing: /home/ub2004/ros2_ws/src/install/canopen_interfaces/local/lib/python3.10/dist-packages/canopen_interfaces/libcanopen_interfaces__rosidl_generator_py.so
[14.091s] -- Installing: /home/ub2004/ros2_ws/src/install/canopen_interfaces/local/lib/python3.10/dist-packages/canopen_interfaces/_canopen_interfaces_s.ep.rosidl_typesupport_c.c
[14.091s] -- Installing: /home/ub2004/ros2_ws/src/install/canopen_interfaces/local/lib/python3.10/dist-packages/canopen_interfaces/canopen_interfaces_s__rosidl_typesupport_c.cpython-310-x86_64-linux-gnu.so
[14.091s] -- Installing: /home/ub2004/ros2_ws/src/install/canopen_interfaces/local/lib/python3.10/dist-packages/canopen_interfaces/srv
[14.092s] -- Installing: /home/ub2004/ros2_ws/src/install/canopen_interfaces/local/lib/python3.10/dist-packages/canopen_interfaces/srv/_co_nmt_id.py
[14.092s] -- Installing: /home/ub2004/ros2_ws/src/install/canopen_interfaces/local/lib/python3.10/dist-packages/canopen_interfaces/srv/_co_read.py
[14.092s] -- Installing: /home/ub2004/ros2_ws/src/install/canopen_interfaces/local/lib/python3.10/dist-packages/canopen_interfaces/srv/_co_write_s.c
[14.092s] -- Installing: /home/ub2004/ros2_ws/src/install/canopen_interfaces/local/lib/python3.10/dist-packages/canopen_interfaces/srv/_co_read_id_s.c
[14.092s] -- Installing: /home/ub2004/ros2_ws/src/install/canopen_interfaces/local/lib/python3.10/dist-packages/canopen_interfaces/srv/_co_write_id_s.c
[14.092s] -- Installing: /home/ub2004/ros2_ws/src/install/canopen_interfaces/local/lib/python3.10/dist-packages/canopen_interfaces/srv/_co_read_s.c
[14.093s] -- Installing: /home/ub2004/ros2_ws/src/install/canopen_interfaces/local/lib/python3.10/dist-packages/canopen_interfaces/srv/_co_heartbeat_id.py
[14.093s] -- Installing: /home/ub2004/ros2_ws/src/install/canopen_interfaces/local/lib/python3.10/dist-packages/canopen_interfaces/srv/_co_target_double.py
[14.093s] -- Installing: /home/ub2004/ros2_ws/src/install/canopen_interfaces/local/lib/python3.10/dist-packages/canopen_interfaces/srv/_co_node_s.c
[14.093s] -- Installing: /home/ub2004/ros2_ws/src/install/canopen_interfaces/local/lib/python3.10/dist-packages/canopen_interfaces/srv/_co_read_id.py
[14.093s] -- Installing: /home/ub2004/ros2_ws/src/install/canopen_interfaces/local/lib/python3.10/dist-packages/canopen_interfaces/srv/_co_write.py
[14.093s] -- Installing: /home/ub2004/ros2_ws/src/install/canopen_interfaces/local/lib/python3.10/dist-packages/canopen_interfaces/srv/_co_write_id.py
[14.093s] -- Installing: /home/ub2004/ros2_ws/src/install/canopen_interfaces/local/lib/python3.10/dist-packages/canopen_interfaces/srv/_co_target_double_s.c
[14.094s] -- Installing: /home/ub2004/ros2_ws/src/install/canopen_interfaces/local/lib/python3.10/dist-packages/canopen_interfaces/srv/_co_node.py
[14.094s] -- Installing: /home/ub2004/ros2_ws/src/install/canopen_interfaces/local/lib/python3.10/dist-packages/canopen_interfaces/srv/_co_nmt_id_s.c
[14.094s] -- Installing: /home/ub2004/ros2_ws/src/install/canopen_interfaces/local/lib/python3.10/dist-packages/canopen_interfaces/srv/_co_heartbeat_id_s.c
[14.094s] -- Installing: /home/ub2004/ros2_ws/src/install/canopen_interfaces/local/lib/python3.10/dist-packages/canopen_interfaces/srv/__init__.py
[14.094s] -- Installing: /home/ub2004/ros2_ws/src/install/canopen_interfaces/local/lib/python3.10/dist-packages/canopen_interfaces/__init__.py
[14.157s] Listing '/home/ub2004/ros2_ws/src/install/canopen_interfaces/local/lib/python3.10/dist-packages/canopen_interfaces'...
[14.158s] Compiling '/home/ub2004/ros2_ws/src/install/canopen_interfaces/local/lib/python3.10/dist-packages/canopen_interfaces/__init__.py'...
[14.158s] Listing '/home/ub2004/ros2_ws/src/install/canopen_interfaces/local/lib/python3.10/dist-packages/canopen_interfaces/msg'...
[14.158s] Compiling '/home/ub2004/ros2_ws/src/install/canopen_interfaces/local/lib/python3.10/dist-packages/canopen_interfaces/msg/__init__.py'...
[14.158s] Compiling '/home/ub2004/ros2_ws/src/install/canopen_interfaces/local/lib/python3.10/dist-packages/canopen_interfaces/msg/_co_data.py'...
[14.158s] Listing '/home/ub2004/ros2_ws/src/install/canopen_interfaces/local/lib/python3.10/dist-packages/canopen_interfaces/srv'...
[14.158s] Compiling '/home/ub2004/ros2_ws/src/install/canopen_interfaces/local/lib/python3.10/dist-packages/canopen_interfaces/srv/__init__.py'...
[14.158s] Compiling '/home/ub2004/ros2_ws/src/install/canopen_interfaces/local/lib/python3.10/dist-packages/canopen_interfaces/srv/_co_heartbeat_id.py'...
[14.158s] Compiling '/home/ub2004/ros2_ws/src/install/canopen_interfaces/local/lib/python3.10/dist-packages/canopen_interfaces/srv/_co_nmt_id.py'...
[14.158s] Compiling '/home/ub2004/ros2_ws/src/install/canopen_interfaces/local/lib/python3.10/dist-packages/canopen_interfaces/srv/_co_node.py'...
[14.159s] Compiling '/home/ub2004/ros2_ws/src/install/canopen_interfaces/local/lib/python3.10/dist-packages/canopen_interfaces/srv/_co_read.py'...
[14.159s] Compiling '/home/ub2004/ros2_ws/src/install/canopen_interfaces/local/lib/python3.10/dist-packages/canopen_interfaces/srv/_co_read_id.py'...
[14.159s] Compiling '/home/ub2004/ros2_ws/src/install/canopen_interfaces/local/lib/python3.10/dist-packages/canopen_interfaces/srv/_co_target_double.py'...
[14.159s] Compiling '/home/ub2004/ros2_ws/src/install/canopen_interfaces/local/lib/python3.10/dist-packages/canopen_interfaces/srv/_co_write.py'...
[14.159s] Compiling '/home/ub2004/ros2_ws/src/install/canopen_interfaces/local/lib/python3.10/dist-packages/canopen_interfaces/srv/_co_write_id.py'...
[14.163s] -- Installing: /home/ub2004/ros2_ws/src/install/canopen_interfaces/local/lib/python3.10/dist-packages/canopen_interfaces/canopen_interfaces_s__rosidl_typesupport_fastrtps_c.cpython-310-x86_64-linux-gnu.so
[14.164s] -- Set runtime path of "/home/ub2004/ros2_ws/src/install/canopen_interfaces/local/lib/python3.10/dist-packages/canopen_interfaces/canopen_interfaces_s__rosidl_typesupport_fastrtps_c.cpython-310-x86_64-linux-gnu.so" to ""
[14.164s] -- Installing: /home/ub2004/ros2_ws/src/install/canopen_interfaces/local/lib/python3.10/dist-packages/canopen_interfaces/canopen_interfaces_s__rosidl_typesupport_introspection_c.cpython-310-x86_64-linux-gnu.so
[14.164s] -- Set runtime path of "/home/ub2004/ros2_ws/src/install/canopen_interfaces/local/lib/python3.10/dist-packages/canopen_interfaces/canopen_interfaces_s__rosidl_typesupport_introspection_c.cpython-310-x86_64-linux-gnu.so" to ""
[14.165s] -- Installing: /home/ub2004/ros2_ws/src/install/canopen_interfaces/local/lib/python3.10/dist-packages/canopen_interfaces/canopen_interfaces_s__rosidl_typesupport_c.cpython-310-x86_64-linux-gnu.so
[14.165s] -- Set runtime path of "/home/ub2004/ros2_ws/src/install/canopen_interfaces/local/lib/python3.10/dist-packages/canopen_interfaces/canopen_interfaces_s__rosidl_typesupport_c.cpython-310-x86_64-linux-gnu.so" to ""
[14.165s] -- Installing: /home/ub2004/ros2_ws/src/install/canopen_interfaces/lib/libcanopen_interfaces__rosidl_generator_py.so
[14.166s] -- Set runtime path of "/home/ub2004/ros2_ws/src/install/canopen_interfaces/lib/libcanopen_interfaces__rosidl_generator_py.so" to ""
[14.166s] -- Installing: /home/ub2004/ros2_ws/src/install/canopen_interfaces/share/canopen_interfaces/srv/COHeartbeatID.idl
[14.166s] -- Installing: /home/ub2004/ros2_ws/src/install/canopen_interfaces/share/canopen_interfaces/srv/CONmtID.idl
[14.166s] -- Installing: /home/ub2004/ros2_ws/src/install/canopen_interfaces/share/canopen_interfaces/srv/CORead.idl
[14.167s] -- Installing: /home/ub2004/ros2_ws/src/install/canopen_interfaces/share/canopen_interfaces/srv/COReadID.idl
[14.167s] -- Installing: /home/ub2004/ros2_ws/src/install/canopen_interfaces/share/canopen_interfaces/srv/COWrite.idl
[14.167s] -- Installing: /home/ub2004/ros2_ws/src/install/canopen_interfaces/share/canopen_interfaces/srv/COWriteID.idl
[14.167s] -- Installing: /home/ub2004/ros2_ws/src/install/canopen_interfaces/share/canopen_interfaces/srv/COTargetDouble.idl
[14.167s] -- Installing: /home/ub2004/ros2_ws/src/install/canopen_interfaces/share/canopen_interfaces/srv/CONode.idl
[14.168s] -- Installing: /home/ub2004/ros2_ws/src/install/canopen_interfaces/share/canopen_interfaces/msg/COData.idl
[14.168s] -- Installing: /home/ub2004/ros2_ws/src/install/canopen_interfaces/share/canopen_interfaces/srv/COHeartbeatID.srv
[14.168s] -- Installing: /home/ub2004/ros2_ws/src/install/canopen_interfaces/share/canopen_interfaces/srv/COHeartbeatID_Request.msg
[14.168s] -- Installing: /home/ub2004/ros2_ws/src/install/canopen_interfaces/share/canopen_interfaces/srv/COHeartbeatID_Response.msg
[14.168s] -- Installing: /home/ub2004/ros2_ws/src/install/canopen_interfaces/share/canopen_interfaces/srv/CONmtID.srv
[14.169s] -- Installing: /home/ub2004/ros2_ws/src/install/canopen_interfaces/share/canopen_interfaces/srv/CONmtID_Request.msg
[14.169s] -- Installing: /home/ub2004/ros2_ws/src/install/canopen_interfaces/share/canopen_interfaces/srv/CONmtID_Response.msg
[14.169s] -- Installing: /home/ub2004/ros2_ws/src/install/canopen_interfaces/share/canopen_interfaces/srv/CORead.srv
[14.169s] -- Installing: /home/ub2004/ros2_ws/src/install/canopen_interfaces/share/canopen_interfaces/srv/CORead_Request.msg
[14.169s] -- Installing: /home/ub2004/ros2_ws/src/install/canopen_interfaces/share/canopen_interfaces/srv/CORead_Response.msg
[14.170s] -- Installing: /home/ub2004/ros2_ws/src/install/canopen_interfaces/share/canopen_interfaces/srv/COReadID.srv
[14.170s] -- Installing: /home/ub2004/ros2_ws/src/install/canopen_interfaces/share/canopen_interfaces/srv/COReadID_Request.msg
[14.170s] -- Installing: /home/ub2004/ros2_ws/src/install/canopen_interfaces/share/canopen_interfaces/srv/COReadID_Response.msg
[14.170s] -- Installing: /home/ub2004/ros2_ws/src/install/canopen_interfaces/share/canopen_interfaces/srv/COWrite.srv
[14.170s] -- Installing: /home/ub2004/ros2_ws/src/install/canopen_interfaces/share/canopen_interfaces/srv/COWrite_Request.msg
[14.170s] -- Installing: /home/ub2004/ros2_ws/src/install/canopen_interfaces/share/canopen_interfaces/srv/COWrite_Response.msg
[14.171s] -- Installing: /home/ub2004/ros2_ws/src/install/canopen_interfaces/share/canopen_interfaces/srv/COWriteID.srv
[14.171s] -- Installing: /home/ub2004/ros2_ws/src/install/canopen_interfaces/share/canopen_interfaces/srv/COWriteID_Request.msg
[14.171s] -- Installing: /home/ub2004/ros2_ws/src/install/canopen_interfaces/share/canopen_interfaces/srv/COWriteID_Response.msg
[14.171s] -- Installing: /home/ub2004/ros2_ws/src/install/canopen_interfaces/share/canopen_interfaces/srv/COTargetDouble.srv
[14.171s] -- Installing: /home/ub2004/ros2_ws/src/install/canopen_interfaces/share/canopen_interfaces/srv/COTargetDouble_Request.msg
[14.172s] -- Installing: /home/ub2004/ros2_ws/src/install/canopen_interfaces/share/canopen_interfaces/srv/COTargetDouble_Response.msg
[14.172s] -- Installing: /home/ub2004/ros2_ws/src/install/canopen_interfaces/share/canopen_interfaces/srv/CONode.srv
[14.172s] -- Installing: /home/ub2004/ros2_ws/src/install/canopen_interfaces/share/canopen_interfaces/srv/CONode_Request.msg
[14.172s] -- Installing: /home/ub2004/ros2_ws/src/install/canopen_interfaces/share/canopen_interfaces/srv/CONode_Response.msg
[14.172s] -- Installing: /home/ub2004/ros2_ws/src/install/canopen_interfaces/share/canopen_interfaces/msg/COData.msg
[14.173s] -- Installing: /home/ub2004/ros2_ws/src/install/canopen_interfaces/share/ament_index/resource_index/package_run_dependencies/canopen_interfaces
[14.173s] -- Installing: /home/ub2004/ros2_ws/src/install/canopen_interfaces/share/ament_index/resource_index/parent_prefix_path/canopen_interfaces
[14.173s] -- Installing: /home/ub2004/ros2_ws/src/install/canopen_interfaces/share/canopen_interfaces/environment/ament_prefix_path.sh
[14.173s] -- Installing: /home/ub2004/ros2_ws/src/install/canopen_interfaces/share/canopen_interfaces/environment/ament_prefix_path.dsv
[14.174s] -- Installing: /home/ub2004/ros2_ws/src/install/canopen_interfaces/share/canopen_interfaces/environment/path.sh
[14.174s] -- Installing: /home/ub2004/ros2_ws/src/install/canopen_interfaces/share/canopen_interfaces/environment/path.dsv
[14.174s] -- Installing: /home/ub2004/ros2_ws/src/install/canopen_interfaces/share/canopen_interfaces/local_setup.bash
[14.174s] -- Installing: /home/ub2004/ros2_ws/src/install/canopen_interfaces/share/canopen_interfaces/local_setup.sh
[14.174s] -- Installing: /home/ub2004/ros2_ws/src/install/canopen_interfaces/share/canopen_interfaces/local_setup.zsh
[14.175s] -- Installing: /home/ub2004/ros2_ws/src/install/canopen_interfaces/share/canopen_interfaces/local_setup.dsv
[14.175s] -- Installing: /home/ub2004/ros2_ws/src/install/canopen_interfaces/share/canopen_interfaces/package.dsv
[14.175s] -- Installing: /home/ub2004/ros2_ws/src/install/canopen_interfaces/share/ament_index/resource_index/packages/canopen_interfaces
[14.175s] -- Installing: /home/ub2004/ros2_ws/src/install/canopen_interfaces/share/canopen_interfaces/cmake/export_canopen_interfaces__rosidl_generator_cExport.cmake
[14.175s] -- Installing: /home/ub2004/ros2_ws/src/install/canopen_interfaces/share/canopen_interfaces/cmake/export_canopen_interfaces__rosidl_generator_cExport-noconfig.cmake
[14.176s] -- Installing: /home/ub2004/ros2_ws/src/install/canopen_interfaces/share/canopen_interfaces/cmake/export_canopen_interfaces__rosidl_typesupport_fastrtps_cExport.cmake
[14.176s] -- Installing: /home/ub2004/ros2_ws/src/install/canopen_interfaces/share/canopen_interfaces/cmake/export_canopen_interfaces__rosidl_typesupport_fastrtps_cExport-noconfig.cmake
[14.176s] -- Installing: /home/ub2004/ros2_ws/src/install/canopen_interfaces/share/canopen_interfaces/cmake/canopen_interfaces__rosidl_typesupport_introspection_cExport.cmake
[14.176s] -- Installing: /home/ub2004/ros2_ws/src/install/canopen_interfaces/share/canopen_interfaces/cmake/canopen_interfaces__rosidl_typesupport_introspection_cExport-noconfig.cmake
[14.177s] -- Installing: /home/ub2004/ros2_ws/src/install/canopen_interfaces/share/canopen_interfaces/cmake/canopen_interfaces__rosidl_typesupport_cExport.cmake
[14.177s] -- Installing: /home/ub2004/ros2_ws/src/install/canopen_interfaces/share/canopen_interfaces/cmake/canopen_interfaces__rosidl_typesupport_cExport-noconfig.cmake
[14.177s] -- Installing: /home/ub2004/ros2_ws/src/install/canopen_interfaces/share/canopen_interfaces/cmake/export_canopen_interfaces__rosidl_generator_cppExport.cmake
[14.177s] -- Installing: /home/ub2004/ros2_ws/src/install/canopen_interfaces/share/canopen_interfaces/cmake/export_canopen_interfaces__rosidl_typesupport_fastrtps_cppExport.cmake
[14.177s] -- Installing: /home/ub2004/ros2_ws/src/install/canopen_interfaces/share/canopen_interfaces/cmake/export_canopen_interfaces__rosidl_typesupport_fastrtps_cppExport-noconfig.cmake
[14.178s] -- Installing: /home/ub2004/ros2_ws/src/install/canopen_interfaces/share/canopen_interfaces/cmake/canopen_interfaces__rosidl_typesupport_introspection_cppExport.cmake
[14.178s] -- Installing: /home/ub2004/ros2_ws/src/install/canopen_interfaces/share/canopen_interfaces/cmake/canopen_interfaces__rosidl_typesupport_introspection_cppExport-noconfig.cmake
[14.178s] -- Installing: /home/ub2004/ros2_ws/src/install/canopen_interfaces/share/canopen_interfaces/cmake/canopen_interfaces__rosidl_typesupport_cppExport.cmake
[14.178s] -- Installing: /home/ub2004/ros2_ws/src/install/canopen_interfaces/share/canopen_interfaces/cmake/canopen_interfaces__rosidl_typesupport_cppExport-noconfig.cmake
[14.178s] -- Installing: /home/ub2004/ros2_ws/src/install/canopen_interfaces/share/canopen_interfaces/cmake/export_canopen_interfaces__rosidl_generator_pyExport.cmake
[14.179s] -- Installing: /home/ub2004/ros2_ws/src/install/canopen_interfaces/share/canopen_interfaces/cmake/export_canopen_interfaces__rosidl_generator_pyExport-noconfig.cmake
[14.179s] -- Installing: /home/ub2004/ros2_ws/src/install/canopen_interfaces/share/canopen_interfaces/cmake/rosidl_cmake-extras.cmake
[14.179s] -- Installing: /home/ub2004/ros2_ws/src/install/canopen_interfaces/share/canopen_interfaces/cmake/ament_cmake_export_include_directories-extras.cmake
[14.179s] -- Installing: /home/ub2004/ros2_ws/src/install/canopen_interfaces/share/canopen_interfaces/cmake/ament_cmake_export_libraries-extras.cmake
[14.179s] -- Installing: /home/ub2004/ros2_ws/src/install/canopen_interfaces/share/canopen_interfaces/cmake/ament_cmake_export_targets-extras.cmake
[14.180s] -- Installing: /home/ub2004/ros2_ws/src/install/canopen_interfaces/share/canopen_interfaces/cmake/rosidl_cmake_export_typesupport_targets-extras.cmake
[14.180s] -- Installing: /home/ub2004/ros2_ws/src/install/canopen_interfaces/share/canopen_interfaces/cmake/ament_cmake_export_dependencies-extras.cmake
[14.180s] -- Installing: /home/ub2004/ros2_ws/src/install/canopen_interfaces/share/canopen_interfaces/cmake/rosidl_cmake_export_typesupport_libraries-extras.cmake
[14.180s] -- Installing: /home/ub2004/ros2_ws/src/install/canopen_interfaces/share/canopen_interfaces/cmake/canopen_interfacesConfig.cmake
[14.180s] -- Installing: /home/ub2004/ros2_ws/src/install/canopen_interfaces/share/canopen_interfaces/cmake/canopen_interfacesConfig-version.cmake
[14.181s] -- Installing: /home/ub2004/ros2_ws/src/install/canopen_interfaces/share/canopen_interfaces/package.xml
[14.183s] Invoked command in '/home/ub2004/ros2_ws/src/build/canopen_interfaces' returned '0': CMAKE_PREFIX_PATH=${CMAKE_PREFIX_PATH}:/home/ub2004/ros2_ws/install/urdf_tutorial:/home/ub2004/ros2_ws/install/test_py:/home/ub2004/ros2_ws/install/canopen_utils:/home/ub2004/ros2_ws/install/can_comm:/home/ub2004/ros2_ws/install/agv_pak:/opt/ros/humble /usr/bin/cmake --install /home/ub2004/ros2_ws/src/build/canopen_interfaces
